[2024-05-08T13:47:50.669+0000] {processor.py:161} INFO - Started process (PID=65) to work on /home/airflow/.local/lib/python3.12/site-packages/airflow/example_dags/example_short_circuit_operator.py
[2024-05-08T13:47:50.671+0000] {processor.py:830} INFO - Processing file /home/airflow/.local/lib/python3.12/site-packages/airflow/example_dags/example_short_circuit_operator.py for tasks to queue
[2024-05-08T13:47:50.676+0000] {logging_mixin.py:188} INFO - [2024-05-08T13:47:50.675+0000] {dagbag.py:545} INFO - Filling up the DagBag from /home/airflow/.local/lib/python3.12/site-packages/airflow/example_dags/example_short_circuit_operator.py
[2024-05-08T13:47:50.703+0000] {processor.py:840} INFO - DAG(s) 'example_short_circuit_operator' retrieved from /home/airflow/.local/lib/python3.12/site-packages/airflow/example_dags/example_short_circuit_operator.py
[2024-05-08T13:47:50.795+0000] {logging_mixin.py:188} INFO - [2024-05-08T13:47:50.794+0000] {dag.py:3096} INFO - Sync 1 DAGs
[2024-05-08T13:47:50.881+0000] {logging_mixin.py:188} INFO - [2024-05-08T13:47:50.881+0000] {dag.py:3954} INFO - Setting next_dagrun for example_short_circuit_operator to 2024-05-07 00:00:00+00:00, run_after=2024-05-08 00:00:00+00:00
[2024-05-08T13:47:50.934+0000] {processor.py:183} INFO - Processing /home/airflow/.local/lib/python3.12/site-packages/airflow/example_dags/example_short_circuit_operator.py took 0.281 seconds
[2024-05-08T13:48:21.448+0000] {processor.py:161} INFO - Started process (PID=125) to work on /home/airflow/.local/lib/python3.12/site-packages/airflow/example_dags/example_short_circuit_operator.py
[2024-05-08T13:48:21.449+0000] {processor.py:830} INFO - Processing file /home/airflow/.local/lib/python3.12/site-packages/airflow/example_dags/example_short_circuit_operator.py for tasks to queue
[2024-05-08T13:48:21.452+0000] {logging_mixin.py:188} INFO - [2024-05-08T13:48:21.452+0000] {dagbag.py:545} INFO - Filling up the DagBag from /home/airflow/.local/lib/python3.12/site-packages/airflow/example_dags/example_short_circuit_operator.py
[2024-05-08T13:48:21.463+0000] {processor.py:840} INFO - DAG(s) 'example_short_circuit_operator' retrieved from /home/airflow/.local/lib/python3.12/site-packages/airflow/example_dags/example_short_circuit_operator.py
[2024-05-08T13:48:21.495+0000] {logging_mixin.py:188} INFO - [2024-05-08T13:48:21.495+0000] {dag.py:3096} INFO - Sync 1 DAGs
[2024-05-08T13:48:21.540+0000] {logging_mixin.py:188} INFO - [2024-05-08T13:48:21.540+0000] {dag.py:3954} INFO - Setting next_dagrun for example_short_circuit_operator to 2024-05-07 00:00:00+00:00, run_after=2024-05-08 00:00:00+00:00
[2024-05-08T13:48:21.580+0000] {processor.py:183} INFO - Processing /home/airflow/.local/lib/python3.12/site-packages/airflow/example_dags/example_short_circuit_operator.py took 0.139 seconds
[2024-05-08T13:48:51.691+0000] {processor.py:161} INFO - Started process (PID=185) to work on /home/airflow/.local/lib/python3.12/site-packages/airflow/example_dags/example_short_circuit_operator.py
[2024-05-08T13:48:51.692+0000] {processor.py:830} INFO - Processing file /home/airflow/.local/lib/python3.12/site-packages/airflow/example_dags/example_short_circuit_operator.py for tasks to queue
[2024-05-08T13:48:51.695+0000] {logging_mixin.py:188} INFO - [2024-05-08T13:48:51.695+0000] {dagbag.py:545} INFO - Filling up the DagBag from /home/airflow/.local/lib/python3.12/site-packages/airflow/example_dags/example_short_circuit_operator.py
[2024-05-08T13:48:51.706+0000] {processor.py:840} INFO - DAG(s) 'example_short_circuit_operator' retrieved from /home/airflow/.local/lib/python3.12/site-packages/airflow/example_dags/example_short_circuit_operator.py
[2024-05-08T13:48:51.738+0000] {logging_mixin.py:188} INFO - [2024-05-08T13:48:51.738+0000] {dag.py:3096} INFO - Sync 1 DAGs
[2024-05-08T13:48:51.767+0000] {logging_mixin.py:188} INFO - [2024-05-08T13:48:51.767+0000] {dag.py:3954} INFO - Setting next_dagrun for example_short_circuit_operator to 2024-05-07 00:00:00+00:00, run_after=2024-05-08 00:00:00+00:00
[2024-05-08T13:48:51.801+0000] {processor.py:183} INFO - Processing /home/airflow/.local/lib/python3.12/site-packages/airflow/example_dags/example_short_circuit_operator.py took 0.118 seconds
[2024-05-08T13:49:22.362+0000] {processor.py:161} INFO - Started process (PID=245) to work on /home/airflow/.local/lib/python3.12/site-packages/airflow/example_dags/example_short_circuit_operator.py
[2024-05-08T13:49:22.364+0000] {processor.py:830} INFO - Processing file /home/airflow/.local/lib/python3.12/site-packages/airflow/example_dags/example_short_circuit_operator.py for tasks to queue
[2024-05-08T13:49:22.368+0000] {logging_mixin.py:188} INFO - [2024-05-08T13:49:22.368+0000] {dagbag.py:545} INFO - Filling up the DagBag from /home/airflow/.local/lib/python3.12/site-packages/airflow/example_dags/example_short_circuit_operator.py
[2024-05-08T13:49:22.377+0000] {processor.py:840} INFO - DAG(s) 'example_short_circuit_operator' retrieved from /home/airflow/.local/lib/python3.12/site-packages/airflow/example_dags/example_short_circuit_operator.py
[2024-05-08T13:49:22.409+0000] {logging_mixin.py:188} INFO - [2024-05-08T13:49:22.409+0000] {dag.py:3096} INFO - Sync 1 DAGs
[2024-05-08T13:49:22.441+0000] {logging_mixin.py:188} INFO - [2024-05-08T13:49:22.440+0000] {dag.py:3954} INFO - Setting next_dagrun for example_short_circuit_operator to 2024-05-07 00:00:00+00:00, run_after=2024-05-08 00:00:00+00:00
[2024-05-08T13:49:22.466+0000] {processor.py:183} INFO - Processing /home/airflow/.local/lib/python3.12/site-packages/airflow/example_dags/example_short_circuit_operator.py took 0.115 seconds
[2024-05-08T13:49:52.945+0000] {processor.py:161} INFO - Started process (PID=305) to work on /home/airflow/.local/lib/python3.12/site-packages/airflow/example_dags/example_short_circuit_operator.py
[2024-05-08T13:49:52.946+0000] {processor.py:830} INFO - Processing file /home/airflow/.local/lib/python3.12/site-packages/airflow/example_dags/example_short_circuit_operator.py for tasks to queue
[2024-05-08T13:49:52.948+0000] {logging_mixin.py:188} INFO - [2024-05-08T13:49:52.948+0000] {dagbag.py:545} INFO - Filling up the DagBag from /home/airflow/.local/lib/python3.12/site-packages/airflow/example_dags/example_short_circuit_operator.py
[2024-05-08T13:49:52.957+0000] {processor.py:840} INFO - DAG(s) 'example_short_circuit_operator' retrieved from /home/airflow/.local/lib/python3.12/site-packages/airflow/example_dags/example_short_circuit_operator.py
[2024-05-08T13:49:52.986+0000] {logging_mixin.py:188} INFO - [2024-05-08T13:49:52.985+0000] {dag.py:3096} INFO - Sync 1 DAGs
[2024-05-08T13:49:53.011+0000] {logging_mixin.py:188} INFO - [2024-05-08T13:49:53.010+0000] {dag.py:3954} INFO - Setting next_dagrun for example_short_circuit_operator to 2024-05-07 00:00:00+00:00, run_after=2024-05-08 00:00:00+00:00
[2024-05-08T13:49:53.033+0000] {processor.py:183} INFO - Processing /home/airflow/.local/lib/python3.12/site-packages/airflow/example_dags/example_short_circuit_operator.py took 0.095 seconds
[2024-05-08T13:50:23.638+0000] {processor.py:161} INFO - Started process (PID=365) to work on /home/airflow/.local/lib/python3.12/site-packages/airflow/example_dags/example_short_circuit_operator.py
[2024-05-08T13:50:23.639+0000] {processor.py:830} INFO - Processing file /home/airflow/.local/lib/python3.12/site-packages/airflow/example_dags/example_short_circuit_operator.py for tasks to queue
[2024-05-08T13:50:23.642+0000] {logging_mixin.py:188} INFO - [2024-05-08T13:50:23.641+0000] {dagbag.py:545} INFO - Filling up the DagBag from /home/airflow/.local/lib/python3.12/site-packages/airflow/example_dags/example_short_circuit_operator.py
[2024-05-08T13:50:23.650+0000] {processor.py:840} INFO - DAG(s) 'example_short_circuit_operator' retrieved from /home/airflow/.local/lib/python3.12/site-packages/airflow/example_dags/example_short_circuit_operator.py
[2024-05-08T13:50:23.678+0000] {logging_mixin.py:188} INFO - [2024-05-08T13:50:23.677+0000] {dag.py:3096} INFO - Sync 1 DAGs
[2024-05-08T13:50:23.703+0000] {logging_mixin.py:188} INFO - [2024-05-08T13:50:23.703+0000] {dag.py:3954} INFO - Setting next_dagrun for example_short_circuit_operator to 2024-05-07 00:00:00+00:00, run_after=2024-05-08 00:00:00+00:00
[2024-05-08T13:50:23.727+0000] {processor.py:183} INFO - Processing /home/airflow/.local/lib/python3.12/site-packages/airflow/example_dags/example_short_circuit_operator.py took 0.095 seconds
[2024-05-08T13:50:54.222+0000] {processor.py:161} INFO - Started process (PID=425) to work on /home/airflow/.local/lib/python3.12/site-packages/airflow/example_dags/example_short_circuit_operator.py
[2024-05-08T13:50:54.224+0000] {processor.py:830} INFO - Processing file /home/airflow/.local/lib/python3.12/site-packages/airflow/example_dags/example_short_circuit_operator.py for tasks to queue
[2024-05-08T13:50:54.227+0000] {logging_mixin.py:188} INFO - [2024-05-08T13:50:54.226+0000] {dagbag.py:545} INFO - Filling up the DagBag from /home/airflow/.local/lib/python3.12/site-packages/airflow/example_dags/example_short_circuit_operator.py
[2024-05-08T13:50:54.238+0000] {processor.py:840} INFO - DAG(s) 'example_short_circuit_operator' retrieved from /home/airflow/.local/lib/python3.12/site-packages/airflow/example_dags/example_short_circuit_operator.py
[2024-05-08T13:50:54.274+0000] {logging_mixin.py:188} INFO - [2024-05-08T13:50:54.273+0000] {dag.py:3096} INFO - Sync 1 DAGs
[2024-05-08T13:50:54.305+0000] {logging_mixin.py:188} INFO - [2024-05-08T13:50:54.305+0000] {dag.py:3954} INFO - Setting next_dagrun for example_short_circuit_operator to 2024-05-07 00:00:00+00:00, run_after=2024-05-08 00:00:00+00:00
[2024-05-08T13:50:54.341+0000] {processor.py:183} INFO - Processing /home/airflow/.local/lib/python3.12/site-packages/airflow/example_dags/example_short_circuit_operator.py took 0.126 seconds
[2024-05-08T13:51:24.746+0000] {processor.py:161} INFO - Started process (PID=485) to work on /home/airflow/.local/lib/python3.12/site-packages/airflow/example_dags/example_short_circuit_operator.py
[2024-05-08T13:51:24.747+0000] {processor.py:830} INFO - Processing file /home/airflow/.local/lib/python3.12/site-packages/airflow/example_dags/example_short_circuit_operator.py for tasks to queue
[2024-05-08T13:51:24.750+0000] {logging_mixin.py:188} INFO - [2024-05-08T13:51:24.749+0000] {dagbag.py:545} INFO - Filling up the DagBag from /home/airflow/.local/lib/python3.12/site-packages/airflow/example_dags/example_short_circuit_operator.py
[2024-05-08T13:51:24.759+0000] {processor.py:840} INFO - DAG(s) 'example_short_circuit_operator' retrieved from /home/airflow/.local/lib/python3.12/site-packages/airflow/example_dags/example_short_circuit_operator.py
[2024-05-08T13:51:24.785+0000] {logging_mixin.py:188} INFO - [2024-05-08T13:51:24.785+0000] {dag.py:3096} INFO - Sync 1 DAGs
[2024-05-08T13:51:24.811+0000] {logging_mixin.py:188} INFO - [2024-05-08T13:51:24.810+0000] {dag.py:3954} INFO - Setting next_dagrun for example_short_circuit_operator to 2024-05-07 00:00:00+00:00, run_after=2024-05-08 00:00:00+00:00
[2024-05-08T13:51:24.833+0000] {processor.py:183} INFO - Processing /home/airflow/.local/lib/python3.12/site-packages/airflow/example_dags/example_short_circuit_operator.py took 0.095 seconds
[2024-05-08T13:51:55.523+0000] {processor.py:161} INFO - Started process (PID=545) to work on /home/airflow/.local/lib/python3.12/site-packages/airflow/example_dags/example_short_circuit_operator.py
[2024-05-08T13:51:55.524+0000] {processor.py:830} INFO - Processing file /home/airflow/.local/lib/python3.12/site-packages/airflow/example_dags/example_short_circuit_operator.py for tasks to queue
[2024-05-08T13:51:55.527+0000] {logging_mixin.py:188} INFO - [2024-05-08T13:51:55.527+0000] {dagbag.py:545} INFO - Filling up the DagBag from /home/airflow/.local/lib/python3.12/site-packages/airflow/example_dags/example_short_circuit_operator.py
[2024-05-08T13:51:55.537+0000] {processor.py:840} INFO - DAG(s) 'example_short_circuit_operator' retrieved from /home/airflow/.local/lib/python3.12/site-packages/airflow/example_dags/example_short_circuit_operator.py
[2024-05-08T13:51:55.570+0000] {logging_mixin.py:188} INFO - [2024-05-08T13:51:55.570+0000] {dag.py:3096} INFO - Sync 1 DAGs
[2024-05-08T13:51:55.601+0000] {logging_mixin.py:188} INFO - [2024-05-08T13:51:55.601+0000] {dag.py:3954} INFO - Setting next_dagrun for example_short_circuit_operator to 2024-05-07 00:00:00+00:00, run_after=2024-05-08 00:00:00+00:00
[2024-05-08T13:51:55.628+0000] {processor.py:183} INFO - Processing /home/airflow/.local/lib/python3.12/site-packages/airflow/example_dags/example_short_circuit_operator.py took 0.113 seconds
[2024-05-08T13:52:26.320+0000] {processor.py:161} INFO - Started process (PID=605) to work on /home/airflow/.local/lib/python3.12/site-packages/airflow/example_dags/example_short_circuit_operator.py
[2024-05-08T13:52:26.321+0000] {processor.py:830} INFO - Processing file /home/airflow/.local/lib/python3.12/site-packages/airflow/example_dags/example_short_circuit_operator.py for tasks to queue
[2024-05-08T13:52:26.324+0000] {logging_mixin.py:188} INFO - [2024-05-08T13:52:26.323+0000] {dagbag.py:545} INFO - Filling up the DagBag from /home/airflow/.local/lib/python3.12/site-packages/airflow/example_dags/example_short_circuit_operator.py
[2024-05-08T13:52:26.333+0000] {processor.py:840} INFO - DAG(s) 'example_short_circuit_operator' retrieved from /home/airflow/.local/lib/python3.12/site-packages/airflow/example_dags/example_short_circuit_operator.py
[2024-05-08T13:52:26.368+0000] {logging_mixin.py:188} INFO - [2024-05-08T13:52:26.367+0000] {dag.py:3096} INFO - Sync 1 DAGs
[2024-05-08T13:52:26.394+0000] {logging_mixin.py:188} INFO - [2024-05-08T13:52:26.394+0000] {dag.py:3954} INFO - Setting next_dagrun for example_short_circuit_operator to 2024-05-07 00:00:00+00:00, run_after=2024-05-08 00:00:00+00:00
[2024-05-08T13:52:26.423+0000] {processor.py:183} INFO - Processing /home/airflow/.local/lib/python3.12/site-packages/airflow/example_dags/example_short_circuit_operator.py took 0.114 seconds
[2024-05-08T13:52:56.829+0000] {processor.py:161} INFO - Started process (PID=665) to work on /home/airflow/.local/lib/python3.12/site-packages/airflow/example_dags/example_short_circuit_operator.py
[2024-05-08T13:52:56.831+0000] {processor.py:830} INFO - Processing file /home/airflow/.local/lib/python3.12/site-packages/airflow/example_dags/example_short_circuit_operator.py for tasks to queue
[2024-05-08T13:52:56.833+0000] {logging_mixin.py:188} INFO - [2024-05-08T13:52:56.833+0000] {dagbag.py:545} INFO - Filling up the DagBag from /home/airflow/.local/lib/python3.12/site-packages/airflow/example_dags/example_short_circuit_operator.py
[2024-05-08T13:52:56.842+0000] {processor.py:840} INFO - DAG(s) 'example_short_circuit_operator' retrieved from /home/airflow/.local/lib/python3.12/site-packages/airflow/example_dags/example_short_circuit_operator.py
[2024-05-08T13:52:56.874+0000] {logging_mixin.py:188} INFO - [2024-05-08T13:52:56.874+0000] {dag.py:3096} INFO - Sync 1 DAGs
[2024-05-08T13:52:56.906+0000] {logging_mixin.py:188} INFO - [2024-05-08T13:52:56.906+0000] {dag.py:3954} INFO - Setting next_dagrun for example_short_circuit_operator to 2024-05-07 00:00:00+00:00, run_after=2024-05-08 00:00:00+00:00
[2024-05-08T13:52:56.937+0000] {processor.py:183} INFO - Processing /home/airflow/.local/lib/python3.12/site-packages/airflow/example_dags/example_short_circuit_operator.py took 0.115 seconds
[2024-05-08T13:53:27.540+0000] {processor.py:161} INFO - Started process (PID=724) to work on /home/airflow/.local/lib/python3.12/site-packages/airflow/example_dags/example_short_circuit_operator.py
[2024-05-08T13:53:27.573+0000] {processor.py:830} INFO - Processing file /home/airflow/.local/lib/python3.12/site-packages/airflow/example_dags/example_short_circuit_operator.py for tasks to queue
[2024-05-08T13:53:27.578+0000] {logging_mixin.py:188} INFO - [2024-05-08T13:53:27.577+0000] {dagbag.py:545} INFO - Filling up the DagBag from /home/airflow/.local/lib/python3.12/site-packages/airflow/example_dags/example_short_circuit_operator.py
[2024-05-08T13:53:27.586+0000] {processor.py:840} INFO - DAG(s) 'example_short_circuit_operator' retrieved from /home/airflow/.local/lib/python3.12/site-packages/airflow/example_dags/example_short_circuit_operator.py
[2024-05-08T13:53:27.620+0000] {logging_mixin.py:188} INFO - [2024-05-08T13:53:27.619+0000] {dag.py:3096} INFO - Sync 1 DAGs
[2024-05-08T13:53:27.649+0000] {logging_mixin.py:188} INFO - [2024-05-08T13:53:27.649+0000] {dag.py:3954} INFO - Setting next_dagrun for example_short_circuit_operator to 2024-05-07 00:00:00+00:00, run_after=2024-05-08 00:00:00+00:00
[2024-05-08T13:53:27.680+0000] {processor.py:183} INFO - Processing /home/airflow/.local/lib/python3.12/site-packages/airflow/example_dags/example_short_circuit_operator.py took 0.192 seconds
[2024-05-08T13:53:58.894+0000] {processor.py:161} INFO - Started process (PID=784) to work on /home/airflow/.local/lib/python3.12/site-packages/airflow/example_dags/example_short_circuit_operator.py
[2024-05-08T13:53:58.896+0000] {processor.py:830} INFO - Processing file /home/airflow/.local/lib/python3.12/site-packages/airflow/example_dags/example_short_circuit_operator.py for tasks to queue
[2024-05-08T13:53:58.900+0000] {logging_mixin.py:188} INFO - [2024-05-08T13:53:58.899+0000] {dagbag.py:545} INFO - Filling up the DagBag from /home/airflow/.local/lib/python3.12/site-packages/airflow/example_dags/example_short_circuit_operator.py
[2024-05-08T13:53:58.912+0000] {processor.py:840} INFO - DAG(s) 'example_short_circuit_operator' retrieved from /home/airflow/.local/lib/python3.12/site-packages/airflow/example_dags/example_short_circuit_operator.py
[2024-05-08T13:53:58.953+0000] {logging_mixin.py:188} INFO - [2024-05-08T13:53:58.953+0000] {dag.py:3096} INFO - Sync 1 DAGs
[2024-05-08T13:53:58.993+0000] {logging_mixin.py:188} INFO - [2024-05-08T13:53:58.992+0000] {dag.py:3954} INFO - Setting next_dagrun for example_short_circuit_operator to 2024-05-07 00:00:00+00:00, run_after=2024-05-08 00:00:00+00:00
[2024-05-08T13:53:59.028+0000] {processor.py:183} INFO - Processing /home/airflow/.local/lib/python3.12/site-packages/airflow/example_dags/example_short_circuit_operator.py took 0.142 seconds
[2024-05-08T13:54:29.587+0000] {processor.py:161} INFO - Started process (PID=844) to work on /home/airflow/.local/lib/python3.12/site-packages/airflow/example_dags/example_short_circuit_operator.py
[2024-05-08T13:54:29.588+0000] {processor.py:830} INFO - Processing file /home/airflow/.local/lib/python3.12/site-packages/airflow/example_dags/example_short_circuit_operator.py for tasks to queue
[2024-05-08T13:54:29.591+0000] {logging_mixin.py:188} INFO - [2024-05-08T13:54:29.590+0000] {dagbag.py:545} INFO - Filling up the DagBag from /home/airflow/.local/lib/python3.12/site-packages/airflow/example_dags/example_short_circuit_operator.py
[2024-05-08T13:54:29.599+0000] {processor.py:840} INFO - DAG(s) 'example_short_circuit_operator' retrieved from /home/airflow/.local/lib/python3.12/site-packages/airflow/example_dags/example_short_circuit_operator.py
[2024-05-08T13:54:29.628+0000] {logging_mixin.py:188} INFO - [2024-05-08T13:54:29.628+0000] {dag.py:3096} INFO - Sync 1 DAGs
[2024-05-08T13:54:29.655+0000] {logging_mixin.py:188} INFO - [2024-05-08T13:54:29.654+0000] {dag.py:3954} INFO - Setting next_dagrun for example_short_circuit_operator to 2024-05-07 00:00:00+00:00, run_after=2024-05-08 00:00:00+00:00
[2024-05-08T13:54:29.685+0000] {processor.py:183} INFO - Processing /home/airflow/.local/lib/python3.12/site-packages/airflow/example_dags/example_short_circuit_operator.py took 0.104 seconds
[2024-05-08T13:55:00.973+0000] {processor.py:161} INFO - Started process (PID=904) to work on /home/airflow/.local/lib/python3.12/site-packages/airflow/example_dags/example_short_circuit_operator.py
[2024-05-08T13:55:00.974+0000] {processor.py:830} INFO - Processing file /home/airflow/.local/lib/python3.12/site-packages/airflow/example_dags/example_short_circuit_operator.py for tasks to queue
[2024-05-08T13:55:00.977+0000] {logging_mixin.py:188} INFO - [2024-05-08T13:55:00.976+0000] {dagbag.py:545} INFO - Filling up the DagBag from /home/airflow/.local/lib/python3.12/site-packages/airflow/example_dags/example_short_circuit_operator.py
[2024-05-08T13:55:00.985+0000] {processor.py:840} INFO - DAG(s) 'example_short_circuit_operator' retrieved from /home/airflow/.local/lib/python3.12/site-packages/airflow/example_dags/example_short_circuit_operator.py
[2024-05-08T13:55:01.055+0000] {logging_mixin.py:188} INFO - [2024-05-08T13:55:01.054+0000] {dag.py:3096} INFO - Sync 1 DAGs
[2024-05-08T13:55:01.081+0000] {logging_mixin.py:188} INFO - [2024-05-08T13:55:01.081+0000] {dag.py:3954} INFO - Setting next_dagrun for example_short_circuit_operator to 2024-05-07 00:00:00+00:00, run_after=2024-05-08 00:00:00+00:00
[2024-05-08T13:55:01.112+0000] {processor.py:183} INFO - Processing /home/airflow/.local/lib/python3.12/site-packages/airflow/example_dags/example_short_circuit_operator.py took 0.146 seconds
[2024-05-08T13:55:32.849+0000] {processor.py:161} INFO - Started process (PID=964) to work on /home/airflow/.local/lib/python3.12/site-packages/airflow/example_dags/example_short_circuit_operator.py
[2024-05-08T13:55:32.852+0000] {processor.py:830} INFO - Processing file /home/airflow/.local/lib/python3.12/site-packages/airflow/example_dags/example_short_circuit_operator.py for tasks to queue
[2024-05-08T13:55:32.857+0000] {logging_mixin.py:188} INFO - [2024-05-08T13:55:32.856+0000] {dagbag.py:545} INFO - Filling up the DagBag from /home/airflow/.local/lib/python3.12/site-packages/airflow/example_dags/example_short_circuit_operator.py
[2024-05-08T13:55:32.879+0000] {processor.py:840} INFO - DAG(s) 'example_short_circuit_operator' retrieved from /home/airflow/.local/lib/python3.12/site-packages/airflow/example_dags/example_short_circuit_operator.py
[2024-05-08T13:55:32.925+0000] {logging_mixin.py:188} INFO - [2024-05-08T13:55:32.924+0000] {dag.py:3096} INFO - Sync 1 DAGs
[2024-05-08T13:55:32.978+0000] {logging_mixin.py:188} INFO - [2024-05-08T13:55:32.978+0000] {dag.py:3954} INFO - Setting next_dagrun for example_short_circuit_operator to 2024-05-07 00:00:00+00:00, run_after=2024-05-08 00:00:00+00:00
[2024-05-08T13:55:33.101+0000] {processor.py:183} INFO - Processing /home/airflow/.local/lib/python3.12/site-packages/airflow/example_dags/example_short_circuit_operator.py took 0.266 seconds
[2024-05-08T13:56:03.911+0000] {processor.py:161} INFO - Started process (PID=1024) to work on /home/airflow/.local/lib/python3.12/site-packages/airflow/example_dags/example_short_circuit_operator.py
[2024-05-08T13:56:03.914+0000] {processor.py:830} INFO - Processing file /home/airflow/.local/lib/python3.12/site-packages/airflow/example_dags/example_short_circuit_operator.py for tasks to queue
[2024-05-08T13:56:03.918+0000] {logging_mixin.py:188} INFO - [2024-05-08T13:56:03.918+0000] {dagbag.py:545} INFO - Filling up the DagBag from /home/airflow/.local/lib/python3.12/site-packages/airflow/example_dags/example_short_circuit_operator.py
[2024-05-08T13:56:03.949+0000] {processor.py:840} INFO - DAG(s) 'example_short_circuit_operator' retrieved from /home/airflow/.local/lib/python3.12/site-packages/airflow/example_dags/example_short_circuit_operator.py
[2024-05-08T13:56:03.977+0000] {logging_mixin.py:188} INFO - [2024-05-08T13:56:03.977+0000] {dag.py:3096} INFO - Sync 1 DAGs
[2024-05-08T13:56:04.004+0000] {logging_mixin.py:188} INFO - [2024-05-08T13:56:04.004+0000] {dag.py:3954} INFO - Setting next_dagrun for example_short_circuit_operator to 2024-05-07 00:00:00+00:00, run_after=2024-05-08 00:00:00+00:00
[2024-05-08T13:56:04.031+0000] {processor.py:183} INFO - Processing /home/airflow/.local/lib/python3.12/site-packages/airflow/example_dags/example_short_circuit_operator.py took 0.127 seconds
[2024-05-08T13:56:34.655+0000] {processor.py:161} INFO - Started process (PID=1085) to work on /home/airflow/.local/lib/python3.12/site-packages/airflow/example_dags/example_short_circuit_operator.py
[2024-05-08T13:56:34.658+0000] {processor.py:830} INFO - Processing file /home/airflow/.local/lib/python3.12/site-packages/airflow/example_dags/example_short_circuit_operator.py for tasks to queue
[2024-05-08T13:56:34.661+0000] {logging_mixin.py:188} INFO - [2024-05-08T13:56:34.661+0000] {dagbag.py:545} INFO - Filling up the DagBag from /home/airflow/.local/lib/python3.12/site-packages/airflow/example_dags/example_short_circuit_operator.py
[2024-05-08T13:56:34.673+0000] {processor.py:840} INFO - DAG(s) 'example_short_circuit_operator' retrieved from /home/airflow/.local/lib/python3.12/site-packages/airflow/example_dags/example_short_circuit_operator.py
[2024-05-08T13:56:34.700+0000] {logging_mixin.py:188} INFO - [2024-05-08T13:56:34.700+0000] {dag.py:3096} INFO - Sync 1 DAGs
[2024-05-08T13:56:34.740+0000] {logging_mixin.py:188} INFO - [2024-05-08T13:56:34.740+0000] {dag.py:3954} INFO - Setting next_dagrun for example_short_circuit_operator to 2024-05-07 00:00:00+00:00, run_after=2024-05-08 00:00:00+00:00
[2024-05-08T13:56:34.777+0000] {processor.py:183} INFO - Processing /home/airflow/.local/lib/python3.12/site-packages/airflow/example_dags/example_short_circuit_operator.py took 0.130 seconds
[2024-05-08T13:57:04.999+0000] {processor.py:161} INFO - Started process (PID=1145) to work on /home/airflow/.local/lib/python3.12/site-packages/airflow/example_dags/example_short_circuit_operator.py
[2024-05-08T13:57:05.000+0000] {processor.py:830} INFO - Processing file /home/airflow/.local/lib/python3.12/site-packages/airflow/example_dags/example_short_circuit_operator.py for tasks to queue
[2024-05-08T13:57:05.004+0000] {logging_mixin.py:188} INFO - [2024-05-08T13:57:05.003+0000] {dagbag.py:545} INFO - Filling up the DagBag from /home/airflow/.local/lib/python3.12/site-packages/airflow/example_dags/example_short_circuit_operator.py
[2024-05-08T13:57:05.015+0000] {processor.py:840} INFO - DAG(s) 'example_short_circuit_operator' retrieved from /home/airflow/.local/lib/python3.12/site-packages/airflow/example_dags/example_short_circuit_operator.py
[2024-05-08T13:57:05.041+0000] {logging_mixin.py:188} INFO - [2024-05-08T13:57:05.041+0000] {dag.py:3096} INFO - Sync 1 DAGs
[2024-05-08T13:57:05.065+0000] {logging_mixin.py:188} INFO - [2024-05-08T13:57:05.065+0000] {dag.py:3954} INFO - Setting next_dagrun for example_short_circuit_operator to 2024-05-07 00:00:00+00:00, run_after=2024-05-08 00:00:00+00:00
[2024-05-08T13:57:05.091+0000] {processor.py:183} INFO - Processing /home/airflow/.local/lib/python3.12/site-packages/airflow/example_dags/example_short_circuit_operator.py took 0.099 seconds
[2024-05-08T13:57:35.436+0000] {processor.py:161} INFO - Started process (PID=1205) to work on /home/airflow/.local/lib/python3.12/site-packages/airflow/example_dags/example_short_circuit_operator.py
[2024-05-08T13:57:35.438+0000] {processor.py:830} INFO - Processing file /home/airflow/.local/lib/python3.12/site-packages/airflow/example_dags/example_short_circuit_operator.py for tasks to queue
[2024-05-08T13:57:35.441+0000] {logging_mixin.py:188} INFO - [2024-05-08T13:57:35.440+0000] {dagbag.py:545} INFO - Filling up the DagBag from /home/airflow/.local/lib/python3.12/site-packages/airflow/example_dags/example_short_circuit_operator.py
[2024-05-08T13:57:35.456+0000] {processor.py:840} INFO - DAG(s) 'example_short_circuit_operator' retrieved from /home/airflow/.local/lib/python3.12/site-packages/airflow/example_dags/example_short_circuit_operator.py
[2024-05-08T13:57:35.495+0000] {logging_mixin.py:188} INFO - [2024-05-08T13:57:35.494+0000] {dag.py:3096} INFO - Sync 1 DAGs
[2024-05-08T13:57:35.532+0000] {logging_mixin.py:188} INFO - [2024-05-08T13:57:35.532+0000] {dag.py:3954} INFO - Setting next_dagrun for example_short_circuit_operator to 2024-05-07 00:00:00+00:00, run_after=2024-05-08 00:00:00+00:00
[2024-05-08T13:57:35.569+0000] {processor.py:183} INFO - Processing /home/airflow/.local/lib/python3.12/site-packages/airflow/example_dags/example_short_circuit_operator.py took 0.143 seconds
[2024-05-08T13:58:06.498+0000] {processor.py:161} INFO - Started process (PID=1265) to work on /home/airflow/.local/lib/python3.12/site-packages/airflow/example_dags/example_short_circuit_operator.py
[2024-05-08T13:58:06.499+0000] {processor.py:830} INFO - Processing file /home/airflow/.local/lib/python3.12/site-packages/airflow/example_dags/example_short_circuit_operator.py for tasks to queue
[2024-05-08T13:58:06.502+0000] {logging_mixin.py:188} INFO - [2024-05-08T13:58:06.502+0000] {dagbag.py:545} INFO - Filling up the DagBag from /home/airflow/.local/lib/python3.12/site-packages/airflow/example_dags/example_short_circuit_operator.py
[2024-05-08T13:58:06.511+0000] {processor.py:840} INFO - DAG(s) 'example_short_circuit_operator' retrieved from /home/airflow/.local/lib/python3.12/site-packages/airflow/example_dags/example_short_circuit_operator.py
[2024-05-08T13:58:06.540+0000] {logging_mixin.py:188} INFO - [2024-05-08T13:58:06.540+0000] {dag.py:3096} INFO - Sync 1 DAGs
[2024-05-08T13:58:06.565+0000] {logging_mixin.py:188} INFO - [2024-05-08T13:58:06.565+0000] {dag.py:3954} INFO - Setting next_dagrun for example_short_circuit_operator to 2024-05-07 00:00:00+00:00, run_after=2024-05-08 00:00:00+00:00
[2024-05-08T13:58:06.589+0000] {processor.py:183} INFO - Processing /home/airflow/.local/lib/python3.12/site-packages/airflow/example_dags/example_short_circuit_operator.py took 0.098 seconds
[2024-05-08T13:58:38.167+0000] {processor.py:161} INFO - Started process (PID=1325) to work on /home/airflow/.local/lib/python3.12/site-packages/airflow/example_dags/example_short_circuit_operator.py
[2024-05-08T13:58:38.169+0000] {processor.py:830} INFO - Processing file /home/airflow/.local/lib/python3.12/site-packages/airflow/example_dags/example_short_circuit_operator.py for tasks to queue
[2024-05-08T13:58:38.174+0000] {logging_mixin.py:188} INFO - [2024-05-08T13:58:38.173+0000] {dagbag.py:545} INFO - Filling up the DagBag from /home/airflow/.local/lib/python3.12/site-packages/airflow/example_dags/example_short_circuit_operator.py
[2024-05-08T13:58:38.185+0000] {processor.py:840} INFO - DAG(s) 'example_short_circuit_operator' retrieved from /home/airflow/.local/lib/python3.12/site-packages/airflow/example_dags/example_short_circuit_operator.py
[2024-05-08T13:58:38.225+0000] {logging_mixin.py:188} INFO - [2024-05-08T13:58:38.225+0000] {dag.py:3096} INFO - Sync 1 DAGs
[2024-05-08T13:58:38.400+0000] {logging_mixin.py:188} INFO - [2024-05-08T13:58:38.400+0000] {dag.py:3954} INFO - Setting next_dagrun for example_short_circuit_operator to 2024-05-07 00:00:00+00:00, run_after=2024-05-08 00:00:00+00:00
[2024-05-08T13:58:38.427+0000] {processor.py:183} INFO - Processing /home/airflow/.local/lib/python3.12/site-packages/airflow/example_dags/example_short_circuit_operator.py took 0.280 seconds
[2024-05-08T13:59:09.004+0000] {processor.py:161} INFO - Started process (PID=1385) to work on /home/airflow/.local/lib/python3.12/site-packages/airflow/example_dags/example_short_circuit_operator.py
[2024-05-08T13:59:09.005+0000] {processor.py:830} INFO - Processing file /home/airflow/.local/lib/python3.12/site-packages/airflow/example_dags/example_short_circuit_operator.py for tasks to queue
[2024-05-08T13:59:09.009+0000] {logging_mixin.py:188} INFO - [2024-05-08T13:59:09.008+0000] {dagbag.py:545} INFO - Filling up the DagBag from /home/airflow/.local/lib/python3.12/site-packages/airflow/example_dags/example_short_circuit_operator.py
[2024-05-08T13:59:09.018+0000] {processor.py:840} INFO - DAG(s) 'example_short_circuit_operator' retrieved from /home/airflow/.local/lib/python3.12/site-packages/airflow/example_dags/example_short_circuit_operator.py
[2024-05-08T13:59:09.049+0000] {logging_mixin.py:188} INFO - [2024-05-08T13:59:09.048+0000] {dag.py:3096} INFO - Sync 1 DAGs
[2024-05-08T13:59:09.077+0000] {logging_mixin.py:188} INFO - [2024-05-08T13:59:09.077+0000] {dag.py:3954} INFO - Setting next_dagrun for example_short_circuit_operator to 2024-05-07 00:00:00+00:00, run_after=2024-05-08 00:00:00+00:00
[2024-05-08T13:59:09.235+0000] {processor.py:183} INFO - Processing /home/airflow/.local/lib/python3.12/site-packages/airflow/example_dags/example_short_circuit_operator.py took 0.239 seconds
[2024-05-08T13:59:39.752+0000] {processor.py:161} INFO - Started process (PID=1445) to work on /home/airflow/.local/lib/python3.12/site-packages/airflow/example_dags/example_short_circuit_operator.py
[2024-05-08T13:59:39.754+0000] {processor.py:830} INFO - Processing file /home/airflow/.local/lib/python3.12/site-packages/airflow/example_dags/example_short_circuit_operator.py for tasks to queue
[2024-05-08T13:59:39.758+0000] {logging_mixin.py:188} INFO - [2024-05-08T13:59:39.758+0000] {dagbag.py:545} INFO - Filling up the DagBag from /home/airflow/.local/lib/python3.12/site-packages/airflow/example_dags/example_short_circuit_operator.py
[2024-05-08T13:59:39.769+0000] {processor.py:840} INFO - DAG(s) 'example_short_circuit_operator' retrieved from /home/airflow/.local/lib/python3.12/site-packages/airflow/example_dags/example_short_circuit_operator.py
[2024-05-08T13:59:39.797+0000] {logging_mixin.py:188} INFO - [2024-05-08T13:59:39.796+0000] {dag.py:3096} INFO - Sync 1 DAGs
[2024-05-08T13:59:39.828+0000] {logging_mixin.py:188} INFO - [2024-05-08T13:59:39.828+0000] {dag.py:3954} INFO - Setting next_dagrun for example_short_circuit_operator to 2024-05-07 00:00:00+00:00, run_after=2024-05-08 00:00:00+00:00
[2024-05-08T13:59:39.852+0000] {processor.py:183} INFO - Processing /home/airflow/.local/lib/python3.12/site-packages/airflow/example_dags/example_short_circuit_operator.py took 0.108 seconds
[2024-05-08T14:00:10.842+0000] {processor.py:161} INFO - Started process (PID=1505) to work on /home/airflow/.local/lib/python3.12/site-packages/airflow/example_dags/example_short_circuit_operator.py
[2024-05-08T14:00:10.844+0000] {processor.py:830} INFO - Processing file /home/airflow/.local/lib/python3.12/site-packages/airflow/example_dags/example_short_circuit_operator.py for tasks to queue
[2024-05-08T14:00:10.847+0000] {logging_mixin.py:188} INFO - [2024-05-08T14:00:10.846+0000] {dagbag.py:545} INFO - Filling up the DagBag from /home/airflow/.local/lib/python3.12/site-packages/airflow/example_dags/example_short_circuit_operator.py
[2024-05-08T14:00:10.858+0000] {processor.py:840} INFO - DAG(s) 'example_short_circuit_operator' retrieved from /home/airflow/.local/lib/python3.12/site-packages/airflow/example_dags/example_short_circuit_operator.py
[2024-05-08T14:00:10.891+0000] {logging_mixin.py:188} INFO - [2024-05-08T14:00:10.891+0000] {dag.py:3096} INFO - Sync 1 DAGs
[2024-05-08T14:00:10.922+0000] {logging_mixin.py:188} INFO - [2024-05-08T14:00:10.922+0000] {dag.py:3954} INFO - Setting next_dagrun for example_short_circuit_operator to 2024-05-07 00:00:00+00:00, run_after=2024-05-08 00:00:00+00:00
[2024-05-08T14:00:10.951+0000] {processor.py:183} INFO - Processing /home/airflow/.local/lib/python3.12/site-packages/airflow/example_dags/example_short_circuit_operator.py took 0.117 seconds
[2024-05-08T14:00:42.512+0000] {processor.py:161} INFO - Started process (PID=1565) to work on /home/airflow/.local/lib/python3.12/site-packages/airflow/example_dags/example_short_circuit_operator.py
[2024-05-08T14:00:42.514+0000] {processor.py:830} INFO - Processing file /home/airflow/.local/lib/python3.12/site-packages/airflow/example_dags/example_short_circuit_operator.py for tasks to queue
[2024-05-08T14:00:42.517+0000] {logging_mixin.py:188} INFO - [2024-05-08T14:00:42.517+0000] {dagbag.py:545} INFO - Filling up the DagBag from /home/airflow/.local/lib/python3.12/site-packages/airflow/example_dags/example_short_circuit_operator.py
[2024-05-08T14:00:42.529+0000] {processor.py:840} INFO - DAG(s) 'example_short_circuit_operator' retrieved from /home/airflow/.local/lib/python3.12/site-packages/airflow/example_dags/example_short_circuit_operator.py
[2024-05-08T14:00:42.564+0000] {logging_mixin.py:188} INFO - [2024-05-08T14:00:42.564+0000] {dag.py:3096} INFO - Sync 1 DAGs
[2024-05-08T14:00:42.597+0000] {logging_mixin.py:188} INFO - [2024-05-08T14:00:42.597+0000] {dag.py:3954} INFO - Setting next_dagrun for example_short_circuit_operator to 2024-05-07 00:00:00+00:00, run_after=2024-05-08 00:00:00+00:00
[2024-05-08T14:00:42.631+0000] {processor.py:183} INFO - Processing /home/airflow/.local/lib/python3.12/site-packages/airflow/example_dags/example_short_circuit_operator.py took 0.128 seconds
[2024-05-08T14:01:13.385+0000] {processor.py:161} INFO - Started process (PID=1624) to work on /home/airflow/.local/lib/python3.12/site-packages/airflow/example_dags/example_short_circuit_operator.py
[2024-05-08T14:01:13.387+0000] {processor.py:830} INFO - Processing file /home/airflow/.local/lib/python3.12/site-packages/airflow/example_dags/example_short_circuit_operator.py for tasks to queue
[2024-05-08T14:01:13.390+0000] {logging_mixin.py:188} INFO - [2024-05-08T14:01:13.389+0000] {dagbag.py:545} INFO - Filling up the DagBag from /home/airflow/.local/lib/python3.12/site-packages/airflow/example_dags/example_short_circuit_operator.py
[2024-05-08T14:01:13.401+0000] {processor.py:840} INFO - DAG(s) 'example_short_circuit_operator' retrieved from /home/airflow/.local/lib/python3.12/site-packages/airflow/example_dags/example_short_circuit_operator.py
[2024-05-08T14:01:13.463+0000] {logging_mixin.py:188} INFO - [2024-05-08T14:01:13.462+0000] {dag.py:3096} INFO - Sync 1 DAGs
[2024-05-08T14:01:13.494+0000] {logging_mixin.py:188} INFO - [2024-05-08T14:01:13.494+0000] {dag.py:3954} INFO - Setting next_dagrun for example_short_circuit_operator to 2024-05-07 00:00:00+00:00, run_after=2024-05-08 00:00:00+00:00
[2024-05-08T14:01:13.526+0000] {processor.py:183} INFO - Processing /home/airflow/.local/lib/python3.12/site-packages/airflow/example_dags/example_short_circuit_operator.py took 0.149 seconds
[2024-05-08T14:01:44.006+0000] {processor.py:161} INFO - Started process (PID=1684) to work on /home/airflow/.local/lib/python3.12/site-packages/airflow/example_dags/example_short_circuit_operator.py
[2024-05-08T14:01:44.007+0000] {processor.py:830} INFO - Processing file /home/airflow/.local/lib/python3.12/site-packages/airflow/example_dags/example_short_circuit_operator.py for tasks to queue
[2024-05-08T14:01:44.011+0000] {logging_mixin.py:188} INFO - [2024-05-08T14:01:44.010+0000] {dagbag.py:545} INFO - Filling up the DagBag from /home/airflow/.local/lib/python3.12/site-packages/airflow/example_dags/example_short_circuit_operator.py
[2024-05-08T14:01:44.021+0000] {processor.py:840} INFO - DAG(s) 'example_short_circuit_operator' retrieved from /home/airflow/.local/lib/python3.12/site-packages/airflow/example_dags/example_short_circuit_operator.py
[2024-05-08T14:01:44.071+0000] {logging_mixin.py:188} INFO - [2024-05-08T14:01:44.071+0000] {dag.py:3096} INFO - Sync 1 DAGs
[2024-05-08T14:01:44.162+0000] {logging_mixin.py:188} INFO - [2024-05-08T14:01:44.161+0000] {dag.py:3954} INFO - Setting next_dagrun for example_short_circuit_operator to 2024-05-07 00:00:00+00:00, run_after=2024-05-08 00:00:00+00:00
[2024-05-08T14:01:44.202+0000] {processor.py:183} INFO - Processing /home/airflow/.local/lib/python3.12/site-packages/airflow/example_dags/example_short_circuit_operator.py took 0.206 seconds
[2024-05-08T14:02:14.649+0000] {processor.py:161} INFO - Started process (PID=1743) to work on /home/airflow/.local/lib/python3.12/site-packages/airflow/example_dags/example_short_circuit_operator.py
[2024-05-08T14:02:14.651+0000] {processor.py:830} INFO - Processing file /home/airflow/.local/lib/python3.12/site-packages/airflow/example_dags/example_short_circuit_operator.py for tasks to queue
[2024-05-08T14:02:14.653+0000] {logging_mixin.py:188} INFO - [2024-05-08T14:02:14.653+0000] {dagbag.py:545} INFO - Filling up the DagBag from /home/airflow/.local/lib/python3.12/site-packages/airflow/example_dags/example_short_circuit_operator.py
[2024-05-08T14:02:14.664+0000] {processor.py:840} INFO - DAG(s) 'example_short_circuit_operator' retrieved from /home/airflow/.local/lib/python3.12/site-packages/airflow/example_dags/example_short_circuit_operator.py
[2024-05-08T14:02:14.694+0000] {logging_mixin.py:188} INFO - [2024-05-08T14:02:14.693+0000] {dag.py:3096} INFO - Sync 1 DAGs
[2024-05-08T14:02:14.722+0000] {logging_mixin.py:188} INFO - [2024-05-08T14:02:14.722+0000] {dag.py:3954} INFO - Setting next_dagrun for example_short_circuit_operator to 2024-05-07 00:00:00+00:00, run_after=2024-05-08 00:00:00+00:00
[2024-05-08T14:02:14.747+0000] {processor.py:183} INFO - Processing /home/airflow/.local/lib/python3.12/site-packages/airflow/example_dags/example_short_circuit_operator.py took 0.103 seconds
[2024-05-08T14:02:45.096+0000] {processor.py:161} INFO - Started process (PID=1803) to work on /home/airflow/.local/lib/python3.12/site-packages/airflow/example_dags/example_short_circuit_operator.py
[2024-05-08T14:02:45.097+0000] {processor.py:830} INFO - Processing file /home/airflow/.local/lib/python3.12/site-packages/airflow/example_dags/example_short_circuit_operator.py for tasks to queue
[2024-05-08T14:02:45.100+0000] {logging_mixin.py:188} INFO - [2024-05-08T14:02:45.100+0000] {dagbag.py:545} INFO - Filling up the DagBag from /home/airflow/.local/lib/python3.12/site-packages/airflow/example_dags/example_short_circuit_operator.py
[2024-05-08T14:02:45.110+0000] {processor.py:840} INFO - DAG(s) 'example_short_circuit_operator' retrieved from /home/airflow/.local/lib/python3.12/site-packages/airflow/example_dags/example_short_circuit_operator.py
[2024-05-08T14:02:45.141+0000] {logging_mixin.py:188} INFO - [2024-05-08T14:02:45.141+0000] {dag.py:3096} INFO - Sync 1 DAGs
[2024-05-08T14:02:45.171+0000] {logging_mixin.py:188} INFO - [2024-05-08T14:02:45.171+0000] {dag.py:3954} INFO - Setting next_dagrun for example_short_circuit_operator to 2024-05-07 00:00:00+00:00, run_after=2024-05-08 00:00:00+00:00
[2024-05-08T14:02:45.198+0000] {processor.py:183} INFO - Processing /home/airflow/.local/lib/python3.12/site-packages/airflow/example_dags/example_short_circuit_operator.py took 0.109 seconds
[2024-05-08T14:03:18.112+0000] {processor.py:161} INFO - Started process (PID=1863) to work on /home/airflow/.local/lib/python3.12/site-packages/airflow/example_dags/example_short_circuit_operator.py
[2024-05-08T14:03:18.114+0000] {processor.py:830} INFO - Processing file /home/airflow/.local/lib/python3.12/site-packages/airflow/example_dags/example_short_circuit_operator.py for tasks to queue
[2024-05-08T14:03:18.118+0000] {logging_mixin.py:188} INFO - [2024-05-08T14:03:18.117+0000] {dagbag.py:545} INFO - Filling up the DagBag from /home/airflow/.local/lib/python3.12/site-packages/airflow/example_dags/example_short_circuit_operator.py
[2024-05-08T14:03:18.130+0000] {processor.py:840} INFO - DAG(s) 'example_short_circuit_operator' retrieved from /home/airflow/.local/lib/python3.12/site-packages/airflow/example_dags/example_short_circuit_operator.py
[2024-05-08T14:03:18.162+0000] {logging_mixin.py:188} INFO - [2024-05-08T14:03:18.162+0000] {dag.py:3096} INFO - Sync 1 DAGs
[2024-05-08T14:03:18.195+0000] {logging_mixin.py:188} INFO - [2024-05-08T14:03:18.194+0000] {dag.py:3954} INFO - Setting next_dagrun for example_short_circuit_operator to 2024-05-07 00:00:00+00:00, run_after=2024-05-08 00:00:00+00:00
[2024-05-08T14:03:18.228+0000] {processor.py:183} INFO - Processing /home/airflow/.local/lib/python3.12/site-packages/airflow/example_dags/example_short_circuit_operator.py took 0.125 seconds
[2024-05-08T14:03:48.654+0000] {processor.py:161} INFO - Started process (PID=1922) to work on /home/airflow/.local/lib/python3.12/site-packages/airflow/example_dags/example_short_circuit_operator.py
[2024-05-08T14:03:48.655+0000] {processor.py:830} INFO - Processing file /home/airflow/.local/lib/python3.12/site-packages/airflow/example_dags/example_short_circuit_operator.py for tasks to queue
[2024-05-08T14:03:48.659+0000] {logging_mixin.py:188} INFO - [2024-05-08T14:03:48.658+0000] {dagbag.py:545} INFO - Filling up the DagBag from /home/airflow/.local/lib/python3.12/site-packages/airflow/example_dags/example_short_circuit_operator.py
[2024-05-08T14:03:48.670+0000] {processor.py:840} INFO - DAG(s) 'example_short_circuit_operator' retrieved from /home/airflow/.local/lib/python3.12/site-packages/airflow/example_dags/example_short_circuit_operator.py
[2024-05-08T14:03:48.698+0000] {logging_mixin.py:188} INFO - [2024-05-08T14:03:48.698+0000] {dag.py:3096} INFO - Sync 1 DAGs
[2024-05-08T14:03:48.725+0000] {logging_mixin.py:188} INFO - [2024-05-08T14:03:48.725+0000] {dag.py:3954} INFO - Setting next_dagrun for example_short_circuit_operator to 2024-05-07 00:00:00+00:00, run_after=2024-05-08 00:00:00+00:00
[2024-05-08T14:03:48.751+0000] {processor.py:183} INFO - Processing /home/airflow/.local/lib/python3.12/site-packages/airflow/example_dags/example_short_circuit_operator.py took 0.105 seconds
[2024-05-08T14:04:19.623+0000] {processor.py:161} INFO - Started process (PID=1982) to work on /home/airflow/.local/lib/python3.12/site-packages/airflow/example_dags/example_short_circuit_operator.py
[2024-05-08T14:04:19.624+0000] {processor.py:830} INFO - Processing file /home/airflow/.local/lib/python3.12/site-packages/airflow/example_dags/example_short_circuit_operator.py for tasks to queue
[2024-05-08T14:04:19.627+0000] {logging_mixin.py:188} INFO - [2024-05-08T14:04:19.627+0000] {dagbag.py:545} INFO - Filling up the DagBag from /home/airflow/.local/lib/python3.12/site-packages/airflow/example_dags/example_short_circuit_operator.py
[2024-05-08T14:04:19.637+0000] {processor.py:840} INFO - DAG(s) 'example_short_circuit_operator' retrieved from /home/airflow/.local/lib/python3.12/site-packages/airflow/example_dags/example_short_circuit_operator.py
[2024-05-08T14:04:19.671+0000] {logging_mixin.py:188} INFO - [2024-05-08T14:04:19.670+0000] {dag.py:3096} INFO - Sync 1 DAGs
[2024-05-08T14:04:19.699+0000] {logging_mixin.py:188} INFO - [2024-05-08T14:04:19.698+0000] {dag.py:3954} INFO - Setting next_dagrun for example_short_circuit_operator to 2024-05-07 00:00:00+00:00, run_after=2024-05-08 00:00:00+00:00
[2024-05-08T14:04:19.724+0000] {processor.py:183} INFO - Processing /home/airflow/.local/lib/python3.12/site-packages/airflow/example_dags/example_short_circuit_operator.py took 0.111 seconds
[2024-05-08T14:04:50.619+0000] {processor.py:161} INFO - Started process (PID=2042) to work on /home/airflow/.local/lib/python3.12/site-packages/airflow/example_dags/example_short_circuit_operator.py
[2024-05-08T14:04:50.620+0000] {processor.py:830} INFO - Processing file /home/airflow/.local/lib/python3.12/site-packages/airflow/example_dags/example_short_circuit_operator.py for tasks to queue
[2024-05-08T14:04:50.624+0000] {logging_mixin.py:188} INFO - [2024-05-08T14:04:50.623+0000] {dagbag.py:545} INFO - Filling up the DagBag from /home/airflow/.local/lib/python3.12/site-packages/airflow/example_dags/example_short_circuit_operator.py
[2024-05-08T14:04:50.633+0000] {processor.py:840} INFO - DAG(s) 'example_short_circuit_operator' retrieved from /home/airflow/.local/lib/python3.12/site-packages/airflow/example_dags/example_short_circuit_operator.py
[2024-05-08T14:04:50.664+0000] {logging_mixin.py:188} INFO - [2024-05-08T14:04:50.663+0000] {dag.py:3096} INFO - Sync 1 DAGs
[2024-05-08T14:04:50.692+0000] {logging_mixin.py:188} INFO - [2024-05-08T14:04:50.691+0000] {dag.py:3954} INFO - Setting next_dagrun for example_short_circuit_operator to 2024-05-07 00:00:00+00:00, run_after=2024-05-08 00:00:00+00:00
[2024-05-08T14:04:50.722+0000] {processor.py:183} INFO - Processing /home/airflow/.local/lib/python3.12/site-packages/airflow/example_dags/example_short_circuit_operator.py took 0.110 seconds
[2024-05-08T14:05:21.921+0000] {processor.py:161} INFO - Started process (PID=2107) to work on /home/airflow/.local/lib/python3.12/site-packages/airflow/example_dags/example_short_circuit_operator.py
[2024-05-08T14:05:21.931+0000] {processor.py:830} INFO - Processing file /home/airflow/.local/lib/python3.12/site-packages/airflow/example_dags/example_short_circuit_operator.py for tasks to queue
[2024-05-08T14:05:21.935+0000] {logging_mixin.py:188} INFO - [2024-05-08T14:05:21.935+0000] {dagbag.py:545} INFO - Filling up the DagBag from /home/airflow/.local/lib/python3.12/site-packages/airflow/example_dags/example_short_circuit_operator.py
[2024-05-08T14:05:21.949+0000] {processor.py:840} INFO - DAG(s) 'example_short_circuit_operator' retrieved from /home/airflow/.local/lib/python3.12/site-packages/airflow/example_dags/example_short_circuit_operator.py
[2024-05-08T14:05:22.003+0000] {logging_mixin.py:188} INFO - [2024-05-08T14:05:22.002+0000] {dag.py:3096} INFO - Sync 1 DAGs
[2024-05-08T14:05:22.052+0000] {logging_mixin.py:188} INFO - [2024-05-08T14:05:22.051+0000] {dag.py:3954} INFO - Setting next_dagrun for example_short_circuit_operator to 2024-05-07 00:00:00+00:00, run_after=2024-05-08 00:00:00+00:00
[2024-05-08T14:05:22.090+0000] {processor.py:183} INFO - Processing /home/airflow/.local/lib/python3.12/site-packages/airflow/example_dags/example_short_circuit_operator.py took 0.190 seconds
[2024-05-08T14:05:52.147+0000] {processor.py:161} INFO - Started process (PID=2167) to work on /home/airflow/.local/lib/python3.12/site-packages/airflow/example_dags/example_short_circuit_operator.py
[2024-05-08T14:05:52.149+0000] {processor.py:830} INFO - Processing file /home/airflow/.local/lib/python3.12/site-packages/airflow/example_dags/example_short_circuit_operator.py for tasks to queue
[2024-05-08T14:05:52.151+0000] {logging_mixin.py:188} INFO - [2024-05-08T14:05:52.151+0000] {dagbag.py:545} INFO - Filling up the DagBag from /home/airflow/.local/lib/python3.12/site-packages/airflow/example_dags/example_short_circuit_operator.py
[2024-05-08T14:05:52.159+0000] {processor.py:840} INFO - DAG(s) 'example_short_circuit_operator' retrieved from /home/airflow/.local/lib/python3.12/site-packages/airflow/example_dags/example_short_circuit_operator.py
[2024-05-08T14:05:52.190+0000] {logging_mixin.py:188} INFO - [2024-05-08T14:05:52.190+0000] {dag.py:3096} INFO - Sync 1 DAGs
[2024-05-08T14:05:52.215+0000] {logging_mixin.py:188} INFO - [2024-05-08T14:05:52.214+0000] {dag.py:3954} INFO - Setting next_dagrun for example_short_circuit_operator to 2024-05-07 00:00:00+00:00, run_after=2024-05-08 00:00:00+00:00
[2024-05-08T14:05:52.241+0000] {processor.py:183} INFO - Processing /home/airflow/.local/lib/python3.12/site-packages/airflow/example_dags/example_short_circuit_operator.py took 0.100 seconds
[2024-05-08T14:06:22.300+0000] {processor.py:161} INFO - Started process (PID=2227) to work on /home/airflow/.local/lib/python3.12/site-packages/airflow/example_dags/example_short_circuit_operator.py
[2024-05-08T14:06:22.301+0000] {processor.py:830} INFO - Processing file /home/airflow/.local/lib/python3.12/site-packages/airflow/example_dags/example_short_circuit_operator.py for tasks to queue
[2024-05-08T14:06:22.304+0000] {logging_mixin.py:188} INFO - [2024-05-08T14:06:22.303+0000] {dagbag.py:545} INFO - Filling up the DagBag from /home/airflow/.local/lib/python3.12/site-packages/airflow/example_dags/example_short_circuit_operator.py
[2024-05-08T14:06:22.315+0000] {processor.py:840} INFO - DAG(s) 'example_short_circuit_operator' retrieved from /home/airflow/.local/lib/python3.12/site-packages/airflow/example_dags/example_short_circuit_operator.py
[2024-05-08T14:06:22.345+0000] {logging_mixin.py:188} INFO - [2024-05-08T14:06:22.345+0000] {dag.py:3096} INFO - Sync 1 DAGs
[2024-05-08T14:06:22.371+0000] {logging_mixin.py:188} INFO - [2024-05-08T14:06:22.371+0000] {dag.py:3954} INFO - Setting next_dagrun for example_short_circuit_operator to 2024-05-07 00:00:00+00:00, run_after=2024-05-08 00:00:00+00:00
[2024-05-08T14:06:22.394+0000] {processor.py:183} INFO - Processing /home/airflow/.local/lib/python3.12/site-packages/airflow/example_dags/example_short_circuit_operator.py took 0.101 seconds
[2024-05-08T14:06:52.676+0000] {processor.py:161} INFO - Started process (PID=2287) to work on /home/airflow/.local/lib/python3.12/site-packages/airflow/example_dags/example_short_circuit_operator.py
[2024-05-08T14:06:52.677+0000] {processor.py:830} INFO - Processing file /home/airflow/.local/lib/python3.12/site-packages/airflow/example_dags/example_short_circuit_operator.py for tasks to queue
[2024-05-08T14:06:52.680+0000] {logging_mixin.py:188} INFO - [2024-05-08T14:06:52.680+0000] {dagbag.py:545} INFO - Filling up the DagBag from /home/airflow/.local/lib/python3.12/site-packages/airflow/example_dags/example_short_circuit_operator.py
[2024-05-08T14:06:52.690+0000] {processor.py:840} INFO - DAG(s) 'example_short_circuit_operator' retrieved from /home/airflow/.local/lib/python3.12/site-packages/airflow/example_dags/example_short_circuit_operator.py
[2024-05-08T14:06:52.721+0000] {logging_mixin.py:188} INFO - [2024-05-08T14:06:52.721+0000] {dag.py:3096} INFO - Sync 1 DAGs
[2024-05-08T14:06:52.749+0000] {logging_mixin.py:188} INFO - [2024-05-08T14:06:52.748+0000] {dag.py:3954} INFO - Setting next_dagrun for example_short_circuit_operator to 2024-05-07 00:00:00+00:00, run_after=2024-05-08 00:00:00+00:00
[2024-05-08T14:06:52.777+0000] {processor.py:183} INFO - Processing /home/airflow/.local/lib/python3.12/site-packages/airflow/example_dags/example_short_circuit_operator.py took 0.113 seconds
[2024-05-08T14:07:23.712+0000] {processor.py:161} INFO - Started process (PID=2347) to work on /home/airflow/.local/lib/python3.12/site-packages/airflow/example_dags/example_short_circuit_operator.py
[2024-05-08T14:07:23.715+0000] {processor.py:830} INFO - Processing file /home/airflow/.local/lib/python3.12/site-packages/airflow/example_dags/example_short_circuit_operator.py for tasks to queue
[2024-05-08T14:07:23.718+0000] {logging_mixin.py:188} INFO - [2024-05-08T14:07:23.717+0000] {dagbag.py:545} INFO - Filling up the DagBag from /home/airflow/.local/lib/python3.12/site-packages/airflow/example_dags/example_short_circuit_operator.py
[2024-05-08T14:07:23.730+0000] {processor.py:840} INFO - DAG(s) 'example_short_circuit_operator' retrieved from /home/airflow/.local/lib/python3.12/site-packages/airflow/example_dags/example_short_circuit_operator.py
[2024-05-08T14:07:23.764+0000] {logging_mixin.py:188} INFO - [2024-05-08T14:07:23.764+0000] {dag.py:3096} INFO - Sync 1 DAGs
[2024-05-08T14:07:23.794+0000] {logging_mixin.py:188} INFO - [2024-05-08T14:07:23.794+0000] {dag.py:3954} INFO - Setting next_dagrun for example_short_circuit_operator to 2024-05-07 00:00:00+00:00, run_after=2024-05-08 00:00:00+00:00
[2024-05-08T14:07:23.820+0000] {processor.py:183} INFO - Processing /home/airflow/.local/lib/python3.12/site-packages/airflow/example_dags/example_short_circuit_operator.py took 0.116 seconds
[2024-05-08T14:07:54.493+0000] {processor.py:161} INFO - Started process (PID=2407) to work on /home/airflow/.local/lib/python3.12/site-packages/airflow/example_dags/example_short_circuit_operator.py
[2024-05-08T14:07:54.496+0000] {processor.py:830} INFO - Processing file /home/airflow/.local/lib/python3.12/site-packages/airflow/example_dags/example_short_circuit_operator.py for tasks to queue
[2024-05-08T14:07:54.499+0000] {logging_mixin.py:188} INFO - [2024-05-08T14:07:54.498+0000] {dagbag.py:545} INFO - Filling up the DagBag from /home/airflow/.local/lib/python3.12/site-packages/airflow/example_dags/example_short_circuit_operator.py
[2024-05-08T14:07:54.509+0000] {processor.py:840} INFO - DAG(s) 'example_short_circuit_operator' retrieved from /home/airflow/.local/lib/python3.12/site-packages/airflow/example_dags/example_short_circuit_operator.py
[2024-05-08T14:07:54.544+0000] {logging_mixin.py:188} INFO - [2024-05-08T14:07:54.544+0000] {dag.py:3096} INFO - Sync 1 DAGs
[2024-05-08T14:07:54.576+0000] {logging_mixin.py:188} INFO - [2024-05-08T14:07:54.576+0000] {dag.py:3954} INFO - Setting next_dagrun for example_short_circuit_operator to 2024-05-07 00:00:00+00:00, run_after=2024-05-08 00:00:00+00:00
[2024-05-08T14:07:54.613+0000] {processor.py:183} INFO - Processing /home/airflow/.local/lib/python3.12/site-packages/airflow/example_dags/example_short_circuit_operator.py took 0.131 seconds
[2024-05-08T14:08:24.759+0000] {processor.py:161} INFO - Started process (PID=2467) to work on /home/airflow/.local/lib/python3.12/site-packages/airflow/example_dags/example_short_circuit_operator.py
[2024-05-08T14:08:24.761+0000] {processor.py:830} INFO - Processing file /home/airflow/.local/lib/python3.12/site-packages/airflow/example_dags/example_short_circuit_operator.py for tasks to queue
[2024-05-08T14:08:24.763+0000] {logging_mixin.py:188} INFO - [2024-05-08T14:08:24.763+0000] {dagbag.py:545} INFO - Filling up the DagBag from /home/airflow/.local/lib/python3.12/site-packages/airflow/example_dags/example_short_circuit_operator.py
[2024-05-08T14:08:24.775+0000] {processor.py:840} INFO - DAG(s) 'example_short_circuit_operator' retrieved from /home/airflow/.local/lib/python3.12/site-packages/airflow/example_dags/example_short_circuit_operator.py
[2024-05-08T14:08:24.804+0000] {logging_mixin.py:188} INFO - [2024-05-08T14:08:24.804+0000] {dag.py:3096} INFO - Sync 1 DAGs
[2024-05-08T14:08:24.835+0000] {logging_mixin.py:188} INFO - [2024-05-08T14:08:24.835+0000] {dag.py:3954} INFO - Setting next_dagrun for example_short_circuit_operator to 2024-05-07 00:00:00+00:00, run_after=2024-05-08 00:00:00+00:00
[2024-05-08T14:08:24.861+0000] {processor.py:183} INFO - Processing /home/airflow/.local/lib/python3.12/site-packages/airflow/example_dags/example_short_circuit_operator.py took 0.111 seconds
[2024-05-08T14:08:55.208+0000] {processor.py:161} INFO - Started process (PID=2527) to work on /home/airflow/.local/lib/python3.12/site-packages/airflow/example_dags/example_short_circuit_operator.py
[2024-05-08T14:08:55.210+0000] {processor.py:830} INFO - Processing file /home/airflow/.local/lib/python3.12/site-packages/airflow/example_dags/example_short_circuit_operator.py for tasks to queue
[2024-05-08T14:08:55.212+0000] {logging_mixin.py:188} INFO - [2024-05-08T14:08:55.212+0000] {dagbag.py:545} INFO - Filling up the DagBag from /home/airflow/.local/lib/python3.12/site-packages/airflow/example_dags/example_short_circuit_operator.py
[2024-05-08T14:08:55.224+0000] {processor.py:840} INFO - DAG(s) 'example_short_circuit_operator' retrieved from /home/airflow/.local/lib/python3.12/site-packages/airflow/example_dags/example_short_circuit_operator.py
[2024-05-08T14:08:55.254+0000] {logging_mixin.py:188} INFO - [2024-05-08T14:08:55.254+0000] {dag.py:3096} INFO - Sync 1 DAGs
[2024-05-08T14:08:55.282+0000] {logging_mixin.py:188} INFO - [2024-05-08T14:08:55.281+0000] {dag.py:3954} INFO - Setting next_dagrun for example_short_circuit_operator to 2024-05-07 00:00:00+00:00, run_after=2024-05-08 00:00:00+00:00
[2024-05-08T14:08:55.306+0000] {processor.py:183} INFO - Processing /home/airflow/.local/lib/python3.12/site-packages/airflow/example_dags/example_short_circuit_operator.py took 0.105 seconds
[2024-05-08T14:09:26.448+0000] {processor.py:161} INFO - Started process (PID=2587) to work on /home/airflow/.local/lib/python3.12/site-packages/airflow/example_dags/example_short_circuit_operator.py
[2024-05-08T14:09:26.450+0000] {processor.py:830} INFO - Processing file /home/airflow/.local/lib/python3.12/site-packages/airflow/example_dags/example_short_circuit_operator.py for tasks to queue
[2024-05-08T14:09:26.453+0000] {logging_mixin.py:188} INFO - [2024-05-08T14:09:26.452+0000] {dagbag.py:545} INFO - Filling up the DagBag from /home/airflow/.local/lib/python3.12/site-packages/airflow/example_dags/example_short_circuit_operator.py
[2024-05-08T14:09:26.464+0000] {processor.py:840} INFO - DAG(s) 'example_short_circuit_operator' retrieved from /home/airflow/.local/lib/python3.12/site-packages/airflow/example_dags/example_short_circuit_operator.py
[2024-05-08T14:09:26.504+0000] {logging_mixin.py:188} INFO - [2024-05-08T14:09:26.504+0000] {dag.py:3096} INFO - Sync 1 DAGs
[2024-05-08T14:09:26.541+0000] {logging_mixin.py:188} INFO - [2024-05-08T14:09:26.541+0000] {dag.py:3954} INFO - Setting next_dagrun for example_short_circuit_operator to 2024-05-07 00:00:00+00:00, run_after=2024-05-08 00:00:00+00:00
[2024-05-08T14:09:26.580+0000] {processor.py:183} INFO - Processing /home/airflow/.local/lib/python3.12/site-packages/airflow/example_dags/example_short_circuit_operator.py took 0.143 seconds
[2024-05-08T14:09:57.128+0000] {processor.py:161} INFO - Started process (PID=2647) to work on /home/airflow/.local/lib/python3.12/site-packages/airflow/example_dags/example_short_circuit_operator.py
[2024-05-08T14:09:57.130+0000] {processor.py:830} INFO - Processing file /home/airflow/.local/lib/python3.12/site-packages/airflow/example_dags/example_short_circuit_operator.py for tasks to queue
[2024-05-08T14:09:57.133+0000] {logging_mixin.py:188} INFO - [2024-05-08T14:09:57.133+0000] {dagbag.py:545} INFO - Filling up the DagBag from /home/airflow/.local/lib/python3.12/site-packages/airflow/example_dags/example_short_circuit_operator.py
[2024-05-08T14:09:57.142+0000] {processor.py:840} INFO - DAG(s) 'example_short_circuit_operator' retrieved from /home/airflow/.local/lib/python3.12/site-packages/airflow/example_dags/example_short_circuit_operator.py
[2024-05-08T14:09:57.176+0000] {logging_mixin.py:188} INFO - [2024-05-08T14:09:57.176+0000] {dag.py:3096} INFO - Sync 1 DAGs
[2024-05-08T14:09:57.203+0000] {logging_mixin.py:188} INFO - [2024-05-08T14:09:57.203+0000] {dag.py:3954} INFO - Setting next_dagrun for example_short_circuit_operator to 2024-05-07 00:00:00+00:00, run_after=2024-05-08 00:00:00+00:00
[2024-05-08T14:09:57.234+0000] {processor.py:183} INFO - Processing /home/airflow/.local/lib/python3.12/site-packages/airflow/example_dags/example_short_circuit_operator.py took 0.115 seconds
[2024-05-08T14:10:28.475+0000] {processor.py:161} INFO - Started process (PID=2707) to work on /home/airflow/.local/lib/python3.12/site-packages/airflow/example_dags/example_short_circuit_operator.py
[2024-05-08T14:10:28.477+0000] {processor.py:830} INFO - Processing file /home/airflow/.local/lib/python3.12/site-packages/airflow/example_dags/example_short_circuit_operator.py for tasks to queue
[2024-05-08T14:10:28.480+0000] {logging_mixin.py:188} INFO - [2024-05-08T14:10:28.480+0000] {dagbag.py:545} INFO - Filling up the DagBag from /home/airflow/.local/lib/python3.12/site-packages/airflow/example_dags/example_short_circuit_operator.py
[2024-05-08T14:10:28.489+0000] {processor.py:840} INFO - DAG(s) 'example_short_circuit_operator' retrieved from /home/airflow/.local/lib/python3.12/site-packages/airflow/example_dags/example_short_circuit_operator.py
[2024-05-08T14:10:28.524+0000] {logging_mixin.py:188} INFO - [2024-05-08T14:10:28.524+0000] {dag.py:3096} INFO - Sync 1 DAGs
[2024-05-08T14:10:28.551+0000] {logging_mixin.py:188} INFO - [2024-05-08T14:10:28.550+0000] {dag.py:3954} INFO - Setting next_dagrun for example_short_circuit_operator to 2024-05-07 00:00:00+00:00, run_after=2024-05-08 00:00:00+00:00
[2024-05-08T14:10:28.583+0000] {processor.py:183} INFO - Processing /home/airflow/.local/lib/python3.12/site-packages/airflow/example_dags/example_short_circuit_operator.py took 0.122 seconds
[2024-05-08T14:10:58.991+0000] {processor.py:161} INFO - Started process (PID=2767) to work on /home/airflow/.local/lib/python3.12/site-packages/airflow/example_dags/example_short_circuit_operator.py
[2024-05-08T14:10:58.993+0000] {processor.py:830} INFO - Processing file /home/airflow/.local/lib/python3.12/site-packages/airflow/example_dags/example_short_circuit_operator.py for tasks to queue
[2024-05-08T14:10:58.997+0000] {logging_mixin.py:188} INFO - [2024-05-08T14:10:58.996+0000] {dagbag.py:545} INFO - Filling up the DagBag from /home/airflow/.local/lib/python3.12/site-packages/airflow/example_dags/example_short_circuit_operator.py
[2024-05-08T14:10:59.006+0000] {processor.py:840} INFO - DAG(s) 'example_short_circuit_operator' retrieved from /home/airflow/.local/lib/python3.12/site-packages/airflow/example_dags/example_short_circuit_operator.py
[2024-05-08T14:10:59.047+0000] {logging_mixin.py:188} INFO - [2024-05-08T14:10:59.047+0000] {dag.py:3096} INFO - Sync 1 DAGs
[2024-05-08T14:10:59.086+0000] {logging_mixin.py:188} INFO - [2024-05-08T14:10:59.086+0000] {dag.py:3954} INFO - Setting next_dagrun for example_short_circuit_operator to 2024-05-07 00:00:00+00:00, run_after=2024-05-08 00:00:00+00:00
[2024-05-08T14:10:59.118+0000] {processor.py:183} INFO - Processing /home/airflow/.local/lib/python3.12/site-packages/airflow/example_dags/example_short_circuit_operator.py took 0.136 seconds
[2024-05-08T14:11:29.965+0000] {processor.py:161} INFO - Started process (PID=2827) to work on /home/airflow/.local/lib/python3.12/site-packages/airflow/example_dags/example_short_circuit_operator.py
[2024-05-08T14:11:29.969+0000] {processor.py:830} INFO - Processing file /home/airflow/.local/lib/python3.12/site-packages/airflow/example_dags/example_short_circuit_operator.py for tasks to queue
[2024-05-08T14:11:29.974+0000] {logging_mixin.py:188} INFO - [2024-05-08T14:11:29.974+0000] {dagbag.py:545} INFO - Filling up the DagBag from /home/airflow/.local/lib/python3.12/site-packages/airflow/example_dags/example_short_circuit_operator.py
[2024-05-08T14:11:29.989+0000] {processor.py:840} INFO - DAG(s) 'example_short_circuit_operator' retrieved from /home/airflow/.local/lib/python3.12/site-packages/airflow/example_dags/example_short_circuit_operator.py
[2024-05-08T14:11:30.044+0000] {logging_mixin.py:188} INFO - [2024-05-08T14:11:30.044+0000] {dag.py:3096} INFO - Sync 1 DAGs
[2024-05-08T14:11:30.110+0000] {logging_mixin.py:188} INFO - [2024-05-08T14:11:30.110+0000] {dag.py:3954} INFO - Setting next_dagrun for example_short_circuit_operator to 2024-05-07 00:00:00+00:00, run_after=2024-05-08 00:00:00+00:00
[2024-05-08T14:11:30.148+0000] {processor.py:183} INFO - Processing /home/airflow/.local/lib/python3.12/site-packages/airflow/example_dags/example_short_circuit_operator.py took 0.194 seconds
[2024-05-08T14:12:00.383+0000] {processor.py:161} INFO - Started process (PID=2887) to work on /home/airflow/.local/lib/python3.12/site-packages/airflow/example_dags/example_short_circuit_operator.py
[2024-05-08T14:12:00.385+0000] {processor.py:830} INFO - Processing file /home/airflow/.local/lib/python3.12/site-packages/airflow/example_dags/example_short_circuit_operator.py for tasks to queue
[2024-05-08T14:12:00.387+0000] {logging_mixin.py:188} INFO - [2024-05-08T14:12:00.387+0000] {dagbag.py:545} INFO - Filling up the DagBag from /home/airflow/.local/lib/python3.12/site-packages/airflow/example_dags/example_short_circuit_operator.py
[2024-05-08T14:12:00.396+0000] {processor.py:840} INFO - DAG(s) 'example_short_circuit_operator' retrieved from /home/airflow/.local/lib/python3.12/site-packages/airflow/example_dags/example_short_circuit_operator.py
[2024-05-08T14:12:00.425+0000] {logging_mixin.py:188} INFO - [2024-05-08T14:12:00.425+0000] {dag.py:3096} INFO - Sync 1 DAGs
[2024-05-08T14:12:00.455+0000] {logging_mixin.py:188} INFO - [2024-05-08T14:12:00.455+0000] {dag.py:3954} INFO - Setting next_dagrun for example_short_circuit_operator to 2024-05-07 00:00:00+00:00, run_after=2024-05-08 00:00:00+00:00
[2024-05-08T14:12:00.486+0000] {processor.py:183} INFO - Processing /home/airflow/.local/lib/python3.12/site-packages/airflow/example_dags/example_short_circuit_operator.py took 0.111 seconds
[2024-05-08T14:12:31.385+0000] {processor.py:161} INFO - Started process (PID=2947) to work on /home/airflow/.local/lib/python3.12/site-packages/airflow/example_dags/example_short_circuit_operator.py
[2024-05-08T14:12:31.387+0000] {processor.py:830} INFO - Processing file /home/airflow/.local/lib/python3.12/site-packages/airflow/example_dags/example_short_circuit_operator.py for tasks to queue
[2024-05-08T14:12:31.390+0000] {logging_mixin.py:188} INFO - [2024-05-08T14:12:31.390+0000] {dagbag.py:545} INFO - Filling up the DagBag from /home/airflow/.local/lib/python3.12/site-packages/airflow/example_dags/example_short_circuit_operator.py
[2024-05-08T14:12:31.401+0000] {processor.py:840} INFO - DAG(s) 'example_short_circuit_operator' retrieved from /home/airflow/.local/lib/python3.12/site-packages/airflow/example_dags/example_short_circuit_operator.py
[2024-05-08T14:12:31.435+0000] {logging_mixin.py:188} INFO - [2024-05-08T14:12:31.435+0000] {dag.py:3096} INFO - Sync 1 DAGs
[2024-05-08T14:12:31.468+0000] {logging_mixin.py:188} INFO - [2024-05-08T14:12:31.468+0000] {dag.py:3954} INFO - Setting next_dagrun for example_short_circuit_operator to 2024-05-07 00:00:00+00:00, run_after=2024-05-08 00:00:00+00:00
[2024-05-08T14:12:31.499+0000] {processor.py:183} INFO - Processing /home/airflow/.local/lib/python3.12/site-packages/airflow/example_dags/example_short_circuit_operator.py took 0.124 seconds
[2024-05-08T14:13:02.392+0000] {processor.py:161} INFO - Started process (PID=3007) to work on /home/airflow/.local/lib/python3.12/site-packages/airflow/example_dags/example_short_circuit_operator.py
[2024-05-08T14:13:02.393+0000] {processor.py:830} INFO - Processing file /home/airflow/.local/lib/python3.12/site-packages/airflow/example_dags/example_short_circuit_operator.py for tasks to queue
[2024-05-08T14:13:02.396+0000] {logging_mixin.py:188} INFO - [2024-05-08T14:13:02.395+0000] {dagbag.py:545} INFO - Filling up the DagBag from /home/airflow/.local/lib/python3.12/site-packages/airflow/example_dags/example_short_circuit_operator.py
[2024-05-08T14:13:02.405+0000] {processor.py:840} INFO - DAG(s) 'example_short_circuit_operator' retrieved from /home/airflow/.local/lib/python3.12/site-packages/airflow/example_dags/example_short_circuit_operator.py
[2024-05-08T14:13:02.439+0000] {logging_mixin.py:188} INFO - [2024-05-08T14:13:02.439+0000] {dag.py:3096} INFO - Sync 1 DAGs
[2024-05-08T14:13:02.467+0000] {logging_mixin.py:188} INFO - [2024-05-08T14:13:02.466+0000] {dag.py:3954} INFO - Setting next_dagrun for example_short_circuit_operator to 2024-05-07 00:00:00+00:00, run_after=2024-05-08 00:00:00+00:00
[2024-05-08T14:13:02.492+0000] {processor.py:183} INFO - Processing /home/airflow/.local/lib/python3.12/site-packages/airflow/example_dags/example_short_circuit_operator.py took 0.107 seconds
[2024-05-08T14:13:32.643+0000] {processor.py:161} INFO - Started process (PID=3067) to work on /home/airflow/.local/lib/python3.12/site-packages/airflow/example_dags/example_short_circuit_operator.py
[2024-05-08T14:13:32.644+0000] {processor.py:830} INFO - Processing file /home/airflow/.local/lib/python3.12/site-packages/airflow/example_dags/example_short_circuit_operator.py for tasks to queue
[2024-05-08T14:13:32.647+0000] {logging_mixin.py:188} INFO - [2024-05-08T14:13:32.647+0000] {dagbag.py:545} INFO - Filling up the DagBag from /home/airflow/.local/lib/python3.12/site-packages/airflow/example_dags/example_short_circuit_operator.py
[2024-05-08T14:13:32.657+0000] {processor.py:840} INFO - DAG(s) 'example_short_circuit_operator' retrieved from /home/airflow/.local/lib/python3.12/site-packages/airflow/example_dags/example_short_circuit_operator.py
[2024-05-08T14:13:32.690+0000] {logging_mixin.py:188} INFO - [2024-05-08T14:13:32.690+0000] {dag.py:3096} INFO - Sync 1 DAGs
[2024-05-08T14:13:32.721+0000] {logging_mixin.py:188} INFO - [2024-05-08T14:13:32.721+0000] {dag.py:3954} INFO - Setting next_dagrun for example_short_circuit_operator to 2024-05-07 00:00:00+00:00, run_after=2024-05-08 00:00:00+00:00
[2024-05-08T14:13:32.762+0000] {processor.py:183} INFO - Processing /home/airflow/.local/lib/python3.12/site-packages/airflow/example_dags/example_short_circuit_operator.py took 0.127 seconds
[2024-05-08T14:14:02.820+0000] {processor.py:161} INFO - Started process (PID=3127) to work on /home/airflow/.local/lib/python3.12/site-packages/airflow/example_dags/example_short_circuit_operator.py
[2024-05-08T14:14:02.821+0000] {processor.py:830} INFO - Processing file /home/airflow/.local/lib/python3.12/site-packages/airflow/example_dags/example_short_circuit_operator.py for tasks to queue
[2024-05-08T14:14:02.824+0000] {logging_mixin.py:188} INFO - [2024-05-08T14:14:02.823+0000] {dagbag.py:545} INFO - Filling up the DagBag from /home/airflow/.local/lib/python3.12/site-packages/airflow/example_dags/example_short_circuit_operator.py
[2024-05-08T14:14:02.833+0000] {processor.py:840} INFO - DAG(s) 'example_short_circuit_operator' retrieved from /home/airflow/.local/lib/python3.12/site-packages/airflow/example_dags/example_short_circuit_operator.py
[2024-05-08T14:14:02.862+0000] {logging_mixin.py:188} INFO - [2024-05-08T14:14:02.862+0000] {dag.py:3096} INFO - Sync 1 DAGs
[2024-05-08T14:14:02.887+0000] {logging_mixin.py:188} INFO - [2024-05-08T14:14:02.887+0000] {dag.py:3954} INFO - Setting next_dagrun for example_short_circuit_operator to 2024-05-07 00:00:00+00:00, run_after=2024-05-08 00:00:00+00:00
[2024-05-08T14:14:02.910+0000] {processor.py:183} INFO - Processing /home/airflow/.local/lib/python3.12/site-packages/airflow/example_dags/example_short_circuit_operator.py took 0.097 seconds
[2024-05-08T14:14:33.902+0000] {processor.py:161} INFO - Started process (PID=3187) to work on /home/airflow/.local/lib/python3.12/site-packages/airflow/example_dags/example_short_circuit_operator.py
[2024-05-08T14:14:33.903+0000] {processor.py:830} INFO - Processing file /home/airflow/.local/lib/python3.12/site-packages/airflow/example_dags/example_short_circuit_operator.py for tasks to queue
[2024-05-08T14:14:33.906+0000] {logging_mixin.py:188} INFO - [2024-05-08T14:14:33.906+0000] {dagbag.py:545} INFO - Filling up the DagBag from /home/airflow/.local/lib/python3.12/site-packages/airflow/example_dags/example_short_circuit_operator.py
[2024-05-08T14:14:33.916+0000] {processor.py:840} INFO - DAG(s) 'example_short_circuit_operator' retrieved from /home/airflow/.local/lib/python3.12/site-packages/airflow/example_dags/example_short_circuit_operator.py
[2024-05-08T14:14:33.947+0000] {logging_mixin.py:188} INFO - [2024-05-08T14:14:33.947+0000] {dag.py:3096} INFO - Sync 1 DAGs
[2024-05-08T14:14:33.975+0000] {logging_mixin.py:188} INFO - [2024-05-08T14:14:33.975+0000] {dag.py:3954} INFO - Setting next_dagrun for example_short_circuit_operator to 2024-05-07 00:00:00+00:00, run_after=2024-05-08 00:00:00+00:00
[2024-05-08T14:14:34.002+0000] {processor.py:183} INFO - Processing /home/airflow/.local/lib/python3.12/site-packages/airflow/example_dags/example_short_circuit_operator.py took 0.107 seconds
[2024-05-08T14:15:05.204+0000] {processor.py:161} INFO - Started process (PID=3247) to work on /home/airflow/.local/lib/python3.12/site-packages/airflow/example_dags/example_short_circuit_operator.py
[2024-05-08T14:15:05.206+0000] {processor.py:830} INFO - Processing file /home/airflow/.local/lib/python3.12/site-packages/airflow/example_dags/example_short_circuit_operator.py for tasks to queue
[2024-05-08T14:15:05.210+0000] {logging_mixin.py:188} INFO - [2024-05-08T14:15:05.209+0000] {dagbag.py:545} INFO - Filling up the DagBag from /home/airflow/.local/lib/python3.12/site-packages/airflow/example_dags/example_short_circuit_operator.py
[2024-05-08T14:15:05.223+0000] {processor.py:840} INFO - DAG(s) 'example_short_circuit_operator' retrieved from /home/airflow/.local/lib/python3.12/site-packages/airflow/example_dags/example_short_circuit_operator.py
[2024-05-08T14:15:05.271+0000] {logging_mixin.py:188} INFO - [2024-05-08T14:15:05.271+0000] {dag.py:3096} INFO - Sync 1 DAGs
[2024-05-08T14:15:05.321+0000] {logging_mixin.py:188} INFO - [2024-05-08T14:15:05.321+0000] {dag.py:3954} INFO - Setting next_dagrun for example_short_circuit_operator to 2024-05-07 00:00:00+00:00, run_after=2024-05-08 00:00:00+00:00
[2024-05-08T14:15:05.359+0000] {processor.py:183} INFO - Processing /home/airflow/.local/lib/python3.12/site-packages/airflow/example_dags/example_short_circuit_operator.py took 0.165 seconds
[2024-05-08T14:15:35.711+0000] {processor.py:161} INFO - Started process (PID=3307) to work on /home/airflow/.local/lib/python3.12/site-packages/airflow/example_dags/example_short_circuit_operator.py
[2024-05-08T14:15:35.712+0000] {processor.py:830} INFO - Processing file /home/airflow/.local/lib/python3.12/site-packages/airflow/example_dags/example_short_circuit_operator.py for tasks to queue
[2024-05-08T14:15:35.715+0000] {logging_mixin.py:188} INFO - [2024-05-08T14:15:35.715+0000] {dagbag.py:545} INFO - Filling up the DagBag from /home/airflow/.local/lib/python3.12/site-packages/airflow/example_dags/example_short_circuit_operator.py
[2024-05-08T14:15:35.724+0000] {processor.py:840} INFO - DAG(s) 'example_short_circuit_operator' retrieved from /home/airflow/.local/lib/python3.12/site-packages/airflow/example_dags/example_short_circuit_operator.py
[2024-05-08T14:15:35.752+0000] {logging_mixin.py:188} INFO - [2024-05-08T14:15:35.751+0000] {dag.py:3096} INFO - Sync 1 DAGs
[2024-05-08T14:15:35.778+0000] {logging_mixin.py:188} INFO - [2024-05-08T14:15:35.778+0000] {dag.py:3954} INFO - Setting next_dagrun for example_short_circuit_operator to 2024-05-07 00:00:00+00:00, run_after=2024-05-08 00:00:00+00:00
[2024-05-08T14:15:35.804+0000] {processor.py:183} INFO - Processing /home/airflow/.local/lib/python3.12/site-packages/airflow/example_dags/example_short_circuit_operator.py took 0.099 seconds
[2024-05-08T14:16:06.634+0000] {processor.py:161} INFO - Started process (PID=3367) to work on /home/airflow/.local/lib/python3.12/site-packages/airflow/example_dags/example_short_circuit_operator.py
[2024-05-08T14:16:06.642+0000] {processor.py:830} INFO - Processing file /home/airflow/.local/lib/python3.12/site-packages/airflow/example_dags/example_short_circuit_operator.py for tasks to queue
[2024-05-08T14:16:06.647+0000] {logging_mixin.py:188} INFO - [2024-05-08T14:16:06.646+0000] {dagbag.py:545} INFO - Filling up the DagBag from /home/airflow/.local/lib/python3.12/site-packages/airflow/example_dags/example_short_circuit_operator.py
[2024-05-08T14:16:06.678+0000] {processor.py:840} INFO - DAG(s) 'example_short_circuit_operator' retrieved from /home/airflow/.local/lib/python3.12/site-packages/airflow/example_dags/example_short_circuit_operator.py
[2024-05-08T14:16:06.746+0000] {logging_mixin.py:188} INFO - [2024-05-08T14:16:06.745+0000] {dag.py:3096} INFO - Sync 1 DAGs
[2024-05-08T14:16:06.823+0000] {logging_mixin.py:188} INFO - [2024-05-08T14:16:06.823+0000] {dag.py:3954} INFO - Setting next_dagrun for example_short_circuit_operator to 2024-05-07 00:00:00+00:00, run_after=2024-05-08 00:00:00+00:00
[2024-05-08T14:16:06.873+0000] {processor.py:183} INFO - Processing /home/airflow/.local/lib/python3.12/site-packages/airflow/example_dags/example_short_circuit_operator.py took 0.247 seconds
[2024-05-08T14:16:37.899+0000] {processor.py:161} INFO - Started process (PID=3427) to work on /home/airflow/.local/lib/python3.12/site-packages/airflow/example_dags/example_short_circuit_operator.py
[2024-05-08T14:16:37.901+0000] {processor.py:830} INFO - Processing file /home/airflow/.local/lib/python3.12/site-packages/airflow/example_dags/example_short_circuit_operator.py for tasks to queue
[2024-05-08T14:16:37.904+0000] {logging_mixin.py:188} INFO - [2024-05-08T14:16:37.904+0000] {dagbag.py:545} INFO - Filling up the DagBag from /home/airflow/.local/lib/python3.12/site-packages/airflow/example_dags/example_short_circuit_operator.py
[2024-05-08T14:16:37.917+0000] {processor.py:840} INFO - DAG(s) 'example_short_circuit_operator' retrieved from /home/airflow/.local/lib/python3.12/site-packages/airflow/example_dags/example_short_circuit_operator.py
[2024-05-08T14:16:37.971+0000] {logging_mixin.py:188} INFO - [2024-05-08T14:16:37.971+0000] {dag.py:3096} INFO - Sync 1 DAGs
[2024-05-08T14:16:38.042+0000] {logging_mixin.py:188} INFO - [2024-05-08T14:16:38.041+0000] {dag.py:3954} INFO - Setting next_dagrun for example_short_circuit_operator to 2024-05-07 00:00:00+00:00, run_after=2024-05-08 00:00:00+00:00
[2024-05-08T14:16:38.079+0000] {processor.py:183} INFO - Processing /home/airflow/.local/lib/python3.12/site-packages/airflow/example_dags/example_short_circuit_operator.py took 0.194 seconds
[2024-05-08T14:17:08.266+0000] {processor.py:161} INFO - Started process (PID=3487) to work on /home/airflow/.local/lib/python3.12/site-packages/airflow/example_dags/example_short_circuit_operator.py
[2024-05-08T14:17:08.268+0000] {processor.py:830} INFO - Processing file /home/airflow/.local/lib/python3.12/site-packages/airflow/example_dags/example_short_circuit_operator.py for tasks to queue
[2024-05-08T14:17:08.270+0000] {logging_mixin.py:188} INFO - [2024-05-08T14:17:08.270+0000] {dagbag.py:545} INFO - Filling up the DagBag from /home/airflow/.local/lib/python3.12/site-packages/airflow/example_dags/example_short_circuit_operator.py
[2024-05-08T14:17:08.279+0000] {processor.py:840} INFO - DAG(s) 'example_short_circuit_operator' retrieved from /home/airflow/.local/lib/python3.12/site-packages/airflow/example_dags/example_short_circuit_operator.py
[2024-05-08T14:17:08.308+0000] {logging_mixin.py:188} INFO - [2024-05-08T14:17:08.308+0000] {dag.py:3096} INFO - Sync 1 DAGs
[2024-05-08T14:17:08.338+0000] {logging_mixin.py:188} INFO - [2024-05-08T14:17:08.337+0000] {dag.py:3954} INFO - Setting next_dagrun for example_short_circuit_operator to 2024-05-07 00:00:00+00:00, run_after=2024-05-08 00:00:00+00:00
[2024-05-08T14:17:08.364+0000] {processor.py:183} INFO - Processing /home/airflow/.local/lib/python3.12/site-packages/airflow/example_dags/example_short_circuit_operator.py took 0.105 seconds
[2024-05-08T14:17:39.349+0000] {processor.py:161} INFO - Started process (PID=3547) to work on /home/airflow/.local/lib/python3.12/site-packages/airflow/example_dags/example_short_circuit_operator.py
[2024-05-08T14:17:39.350+0000] {processor.py:830} INFO - Processing file /home/airflow/.local/lib/python3.12/site-packages/airflow/example_dags/example_short_circuit_operator.py for tasks to queue
[2024-05-08T14:17:39.353+0000] {logging_mixin.py:188} INFO - [2024-05-08T14:17:39.352+0000] {dagbag.py:545} INFO - Filling up the DagBag from /home/airflow/.local/lib/python3.12/site-packages/airflow/example_dags/example_short_circuit_operator.py
[2024-05-08T14:17:39.361+0000] {processor.py:840} INFO - DAG(s) 'example_short_circuit_operator' retrieved from /home/airflow/.local/lib/python3.12/site-packages/airflow/example_dags/example_short_circuit_operator.py
[2024-05-08T14:17:39.392+0000] {logging_mixin.py:188} INFO - [2024-05-08T14:17:39.392+0000] {dag.py:3096} INFO - Sync 1 DAGs
[2024-05-08T14:17:39.421+0000] {logging_mixin.py:188} INFO - [2024-05-08T14:17:39.421+0000] {dag.py:3954} INFO - Setting next_dagrun for example_short_circuit_operator to 2024-05-07 00:00:00+00:00, run_after=2024-05-08 00:00:00+00:00
[2024-05-08T14:17:39.452+0000] {processor.py:183} INFO - Processing /home/airflow/.local/lib/python3.12/site-packages/airflow/example_dags/example_short_circuit_operator.py took 0.110 seconds
[2024-05-08T14:18:10.254+0000] {processor.py:161} INFO - Started process (PID=3607) to work on /home/airflow/.local/lib/python3.12/site-packages/airflow/example_dags/example_short_circuit_operator.py
[2024-05-08T14:18:10.256+0000] {processor.py:830} INFO - Processing file /home/airflow/.local/lib/python3.12/site-packages/airflow/example_dags/example_short_circuit_operator.py for tasks to queue
[2024-05-08T14:18:10.260+0000] {logging_mixin.py:188} INFO - [2024-05-08T14:18:10.259+0000] {dagbag.py:545} INFO - Filling up the DagBag from /home/airflow/.local/lib/python3.12/site-packages/airflow/example_dags/example_short_circuit_operator.py
[2024-05-08T14:18:10.270+0000] {processor.py:840} INFO - DAG(s) 'example_short_circuit_operator' retrieved from /home/airflow/.local/lib/python3.12/site-packages/airflow/example_dags/example_short_circuit_operator.py
[2024-05-08T14:18:10.304+0000] {logging_mixin.py:188} INFO - [2024-05-08T14:18:10.303+0000] {dag.py:3096} INFO - Sync 1 DAGs
[2024-05-08T14:18:10.338+0000] {logging_mixin.py:188} INFO - [2024-05-08T14:18:10.337+0000] {dag.py:3954} INFO - Setting next_dagrun for example_short_circuit_operator to 2024-05-07 00:00:00+00:00, run_after=2024-05-08 00:00:00+00:00
[2024-05-08T14:18:10.364+0000] {processor.py:183} INFO - Processing /home/airflow/.local/lib/python3.12/site-packages/airflow/example_dags/example_short_circuit_operator.py took 0.117 seconds
[2024-05-08T14:18:41.008+0000] {processor.py:161} INFO - Started process (PID=3667) to work on /home/airflow/.local/lib/python3.12/site-packages/airflow/example_dags/example_short_circuit_operator.py
[2024-05-08T14:18:41.010+0000] {processor.py:830} INFO - Processing file /home/airflow/.local/lib/python3.12/site-packages/airflow/example_dags/example_short_circuit_operator.py for tasks to queue
[2024-05-08T14:18:41.012+0000] {logging_mixin.py:188} INFO - [2024-05-08T14:18:41.012+0000] {dagbag.py:545} INFO - Filling up the DagBag from /home/airflow/.local/lib/python3.12/site-packages/airflow/example_dags/example_short_circuit_operator.py
[2024-05-08T14:18:41.021+0000] {processor.py:840} INFO - DAG(s) 'example_short_circuit_operator' retrieved from /home/airflow/.local/lib/python3.12/site-packages/airflow/example_dags/example_short_circuit_operator.py
[2024-05-08T14:18:41.049+0000] {logging_mixin.py:188} INFO - [2024-05-08T14:18:41.049+0000] {dag.py:3096} INFO - Sync 1 DAGs
[2024-05-08T14:18:41.078+0000] {logging_mixin.py:188} INFO - [2024-05-08T14:18:41.077+0000] {dag.py:3954} INFO - Setting next_dagrun for example_short_circuit_operator to 2024-05-07 00:00:00+00:00, run_after=2024-05-08 00:00:00+00:00
[2024-05-08T14:18:41.110+0000] {processor.py:183} INFO - Processing /home/airflow/.local/lib/python3.12/site-packages/airflow/example_dags/example_short_circuit_operator.py took 0.109 seconds
[2024-05-08T14:19:11.164+0000] {processor.py:161} INFO - Started process (PID=3727) to work on /home/airflow/.local/lib/python3.12/site-packages/airflow/example_dags/example_short_circuit_operator.py
[2024-05-08T14:19:11.166+0000] {processor.py:830} INFO - Processing file /home/airflow/.local/lib/python3.12/site-packages/airflow/example_dags/example_short_circuit_operator.py for tasks to queue
[2024-05-08T14:19:11.168+0000] {logging_mixin.py:188} INFO - [2024-05-08T14:19:11.168+0000] {dagbag.py:545} INFO - Filling up the DagBag from /home/airflow/.local/lib/python3.12/site-packages/airflow/example_dags/example_short_circuit_operator.py
[2024-05-08T14:19:11.176+0000] {processor.py:840} INFO - DAG(s) 'example_short_circuit_operator' retrieved from /home/airflow/.local/lib/python3.12/site-packages/airflow/example_dags/example_short_circuit_operator.py
[2024-05-08T14:19:11.204+0000] {logging_mixin.py:188} INFO - [2024-05-08T14:19:11.204+0000] {dag.py:3096} INFO - Sync 1 DAGs
[2024-05-08T14:19:11.230+0000] {logging_mixin.py:188} INFO - [2024-05-08T14:19:11.230+0000] {dag.py:3954} INFO - Setting next_dagrun for example_short_circuit_operator to 2024-05-07 00:00:00+00:00, run_after=2024-05-08 00:00:00+00:00
[2024-05-08T14:19:11.254+0000] {processor.py:183} INFO - Processing /home/airflow/.local/lib/python3.12/site-packages/airflow/example_dags/example_short_circuit_operator.py took 0.096 seconds
[2024-05-08T14:19:41.367+0000] {processor.py:161} INFO - Started process (PID=3785) to work on /home/airflow/.local/lib/python3.12/site-packages/airflow/example_dags/example_short_circuit_operator.py
[2024-05-08T14:19:41.368+0000] {processor.py:830} INFO - Processing file /home/airflow/.local/lib/python3.12/site-packages/airflow/example_dags/example_short_circuit_operator.py for tasks to queue
[2024-05-08T14:19:41.370+0000] {logging_mixin.py:188} INFO - [2024-05-08T14:19:41.370+0000] {dagbag.py:545} INFO - Filling up the DagBag from /home/airflow/.local/lib/python3.12/site-packages/airflow/example_dags/example_short_circuit_operator.py
[2024-05-08T14:19:41.379+0000] {processor.py:840} INFO - DAG(s) 'example_short_circuit_operator' retrieved from /home/airflow/.local/lib/python3.12/site-packages/airflow/example_dags/example_short_circuit_operator.py
[2024-05-08T14:19:41.406+0000] {logging_mixin.py:188} INFO - [2024-05-08T14:19:41.406+0000] {dag.py:3096} INFO - Sync 1 DAGs
[2024-05-08T14:19:41.431+0000] {logging_mixin.py:188} INFO - [2024-05-08T14:19:41.431+0000] {dag.py:3954} INFO - Setting next_dagrun for example_short_circuit_operator to 2024-05-07 00:00:00+00:00, run_after=2024-05-08 00:00:00+00:00
[2024-05-08T14:19:41.456+0000] {processor.py:183} INFO - Processing /home/airflow/.local/lib/python3.12/site-packages/airflow/example_dags/example_short_circuit_operator.py took 0.096 seconds
[2024-05-08T14:20:11.638+0000] {processor.py:161} INFO - Started process (PID=3845) to work on /home/airflow/.local/lib/python3.12/site-packages/airflow/example_dags/example_short_circuit_operator.py
[2024-05-08T14:20:11.640+0000] {processor.py:830} INFO - Processing file /home/airflow/.local/lib/python3.12/site-packages/airflow/example_dags/example_short_circuit_operator.py for tasks to queue
[2024-05-08T14:20:11.643+0000] {logging_mixin.py:188} INFO - [2024-05-08T14:20:11.642+0000] {dagbag.py:545} INFO - Filling up the DagBag from /home/airflow/.local/lib/python3.12/site-packages/airflow/example_dags/example_short_circuit_operator.py
[2024-05-08T14:20:11.653+0000] {processor.py:840} INFO - DAG(s) 'example_short_circuit_operator' retrieved from /home/airflow/.local/lib/python3.12/site-packages/airflow/example_dags/example_short_circuit_operator.py
[2024-05-08T14:20:11.686+0000] {logging_mixin.py:188} INFO - [2024-05-08T14:20:11.685+0000] {dag.py:3096} INFO - Sync 1 DAGs
[2024-05-08T14:20:11.715+0000] {logging_mixin.py:188} INFO - [2024-05-08T14:20:11.714+0000] {dag.py:3954} INFO - Setting next_dagrun for example_short_circuit_operator to 2024-05-07 00:00:00+00:00, run_after=2024-05-08 00:00:00+00:00
[2024-05-08T14:20:11.740+0000] {processor.py:183} INFO - Processing /home/airflow/.local/lib/python3.12/site-packages/airflow/example_dags/example_short_circuit_operator.py took 0.109 seconds
[2024-05-08T14:20:42.610+0000] {processor.py:161} INFO - Started process (PID=3904) to work on /home/airflow/.local/lib/python3.12/site-packages/airflow/example_dags/example_short_circuit_operator.py
[2024-05-08T14:20:42.611+0000] {processor.py:830} INFO - Processing file /home/airflow/.local/lib/python3.12/site-packages/airflow/example_dags/example_short_circuit_operator.py for tasks to queue
[2024-05-08T14:20:42.614+0000] {logging_mixin.py:188} INFO - [2024-05-08T14:20:42.614+0000] {dagbag.py:545} INFO - Filling up the DagBag from /home/airflow/.local/lib/python3.12/site-packages/airflow/example_dags/example_short_circuit_operator.py
[2024-05-08T14:20:42.623+0000] {processor.py:840} INFO - DAG(s) 'example_short_circuit_operator' retrieved from /home/airflow/.local/lib/python3.12/site-packages/airflow/example_dags/example_short_circuit_operator.py
[2024-05-08T14:20:42.653+0000] {logging_mixin.py:188} INFO - [2024-05-08T14:20:42.653+0000] {dag.py:3096} INFO - Sync 1 DAGs
[2024-05-08T14:20:42.678+0000] {logging_mixin.py:188} INFO - [2024-05-08T14:20:42.677+0000] {dag.py:3954} INFO - Setting next_dagrun for example_short_circuit_operator to 2024-05-07 00:00:00+00:00, run_after=2024-05-08 00:00:00+00:00
[2024-05-08T14:20:42.703+0000] {processor.py:183} INFO - Processing /home/airflow/.local/lib/python3.12/site-packages/airflow/example_dags/example_short_circuit_operator.py took 0.100 seconds
[2024-05-08T14:21:13.263+0000] {processor.py:161} INFO - Started process (PID=3964) to work on /home/airflow/.local/lib/python3.12/site-packages/airflow/example_dags/example_short_circuit_operator.py
[2024-05-08T14:21:13.265+0000] {processor.py:830} INFO - Processing file /home/airflow/.local/lib/python3.12/site-packages/airflow/example_dags/example_short_circuit_operator.py for tasks to queue
[2024-05-08T14:21:13.270+0000] {logging_mixin.py:188} INFO - [2024-05-08T14:21:13.269+0000] {dagbag.py:545} INFO - Filling up the DagBag from /home/airflow/.local/lib/python3.12/site-packages/airflow/example_dags/example_short_circuit_operator.py
[2024-05-08T14:21:13.286+0000] {processor.py:840} INFO - DAG(s) 'example_short_circuit_operator' retrieved from /home/airflow/.local/lib/python3.12/site-packages/airflow/example_dags/example_short_circuit_operator.py
[2024-05-08T14:21:13.316+0000] {logging_mixin.py:188} INFO - [2024-05-08T14:21:13.316+0000] {dag.py:3096} INFO - Sync 1 DAGs
[2024-05-08T14:21:13.351+0000] {logging_mixin.py:188} INFO - [2024-05-08T14:21:13.350+0000] {dag.py:3954} INFO - Setting next_dagrun for example_short_circuit_operator to 2024-05-07 00:00:00+00:00, run_after=2024-05-08 00:00:00+00:00
[2024-05-08T14:21:13.387+0000] {processor.py:183} INFO - Processing /home/airflow/.local/lib/python3.12/site-packages/airflow/example_dags/example_short_circuit_operator.py took 0.135 seconds
[2024-05-08T14:21:44.024+0000] {processor.py:161} INFO - Started process (PID=4024) to work on /home/airflow/.local/lib/python3.12/site-packages/airflow/example_dags/example_short_circuit_operator.py
[2024-05-08T14:21:44.026+0000] {processor.py:830} INFO - Processing file /home/airflow/.local/lib/python3.12/site-packages/airflow/example_dags/example_short_circuit_operator.py for tasks to queue
[2024-05-08T14:21:44.028+0000] {logging_mixin.py:188} INFO - [2024-05-08T14:21:44.028+0000] {dagbag.py:545} INFO - Filling up the DagBag from /home/airflow/.local/lib/python3.12/site-packages/airflow/example_dags/example_short_circuit_operator.py
[2024-05-08T14:21:44.038+0000] {processor.py:840} INFO - DAG(s) 'example_short_circuit_operator' retrieved from /home/airflow/.local/lib/python3.12/site-packages/airflow/example_dags/example_short_circuit_operator.py
[2024-05-08T14:21:44.068+0000] {logging_mixin.py:188} INFO - [2024-05-08T14:21:44.068+0000] {dag.py:3096} INFO - Sync 1 DAGs
[2024-05-08T14:21:44.095+0000] {logging_mixin.py:188} INFO - [2024-05-08T14:21:44.094+0000] {dag.py:3954} INFO - Setting next_dagrun for example_short_circuit_operator to 2024-05-07 00:00:00+00:00, run_after=2024-05-08 00:00:00+00:00
[2024-05-08T14:21:44.118+0000] {processor.py:183} INFO - Processing /home/airflow/.local/lib/python3.12/site-packages/airflow/example_dags/example_short_circuit_operator.py took 0.101 seconds
[2024-05-08T14:22:14.289+0000] {processor.py:161} INFO - Started process (PID=4084) to work on /home/airflow/.local/lib/python3.12/site-packages/airflow/example_dags/example_short_circuit_operator.py
[2024-05-08T14:22:14.291+0000] {processor.py:830} INFO - Processing file /home/airflow/.local/lib/python3.12/site-packages/airflow/example_dags/example_short_circuit_operator.py for tasks to queue
[2024-05-08T14:22:14.294+0000] {logging_mixin.py:188} INFO - [2024-05-08T14:22:14.293+0000] {dagbag.py:545} INFO - Filling up the DagBag from /home/airflow/.local/lib/python3.12/site-packages/airflow/example_dags/example_short_circuit_operator.py
[2024-05-08T14:22:14.305+0000] {processor.py:840} INFO - DAG(s) 'example_short_circuit_operator' retrieved from /home/airflow/.local/lib/python3.12/site-packages/airflow/example_dags/example_short_circuit_operator.py
[2024-05-08T14:22:14.331+0000] {logging_mixin.py:188} INFO - [2024-05-08T14:22:14.331+0000] {dag.py:3096} INFO - Sync 1 DAGs
[2024-05-08T14:22:14.355+0000] {logging_mixin.py:188} INFO - [2024-05-08T14:22:14.355+0000] {dag.py:3954} INFO - Setting next_dagrun for example_short_circuit_operator to 2024-05-07 00:00:00+00:00, run_after=2024-05-08 00:00:00+00:00
[2024-05-08T14:22:14.377+0000] {processor.py:183} INFO - Processing /home/airflow/.local/lib/python3.12/site-packages/airflow/example_dags/example_short_circuit_operator.py took 0.098 seconds
[2024-05-08T14:22:45.396+0000] {processor.py:161} INFO - Started process (PID=4144) to work on /home/airflow/.local/lib/python3.12/site-packages/airflow/example_dags/example_short_circuit_operator.py
[2024-05-08T14:22:45.399+0000] {processor.py:830} INFO - Processing file /home/airflow/.local/lib/python3.12/site-packages/airflow/example_dags/example_short_circuit_operator.py for tasks to queue
[2024-05-08T14:22:45.402+0000] {logging_mixin.py:188} INFO - [2024-05-08T14:22:45.402+0000] {dagbag.py:545} INFO - Filling up the DagBag from /home/airflow/.local/lib/python3.12/site-packages/airflow/example_dags/example_short_circuit_operator.py
[2024-05-08T14:22:45.416+0000] {processor.py:840} INFO - DAG(s) 'example_short_circuit_operator' retrieved from /home/airflow/.local/lib/python3.12/site-packages/airflow/example_dags/example_short_circuit_operator.py
[2024-05-08T14:22:45.455+0000] {logging_mixin.py:188} INFO - [2024-05-08T14:22:45.455+0000] {dag.py:3096} INFO - Sync 1 DAGs
[2024-05-08T14:22:45.491+0000] {logging_mixin.py:188} INFO - [2024-05-08T14:22:45.490+0000] {dag.py:3954} INFO - Setting next_dagrun for example_short_circuit_operator to 2024-05-07 00:00:00+00:00, run_after=2024-05-08 00:00:00+00:00
[2024-05-08T14:22:45.527+0000] {processor.py:183} INFO - Processing /home/airflow/.local/lib/python3.12/site-packages/airflow/example_dags/example_short_circuit_operator.py took 0.143 seconds
[2024-05-08T14:23:15.560+0000] {processor.py:161} INFO - Started process (PID=4204) to work on /home/airflow/.local/lib/python3.12/site-packages/airflow/example_dags/example_short_circuit_operator.py
[2024-05-08T14:23:15.562+0000] {processor.py:830} INFO - Processing file /home/airflow/.local/lib/python3.12/site-packages/airflow/example_dags/example_short_circuit_operator.py for tasks to queue
[2024-05-08T14:23:15.565+0000] {logging_mixin.py:188} INFO - [2024-05-08T14:23:15.564+0000] {dagbag.py:545} INFO - Filling up the DagBag from /home/airflow/.local/lib/python3.12/site-packages/airflow/example_dags/example_short_circuit_operator.py
[2024-05-08T14:23:15.573+0000] {processor.py:840} INFO - DAG(s) 'example_short_circuit_operator' retrieved from /home/airflow/.local/lib/python3.12/site-packages/airflow/example_dags/example_short_circuit_operator.py
[2024-05-08T14:23:15.602+0000] {logging_mixin.py:188} INFO - [2024-05-08T14:23:15.602+0000] {dag.py:3096} INFO - Sync 1 DAGs
[2024-05-08T14:23:15.631+0000] {logging_mixin.py:188} INFO - [2024-05-08T14:23:15.631+0000] {dag.py:3954} INFO - Setting next_dagrun for example_short_circuit_operator to 2024-05-07 00:00:00+00:00, run_after=2024-05-08 00:00:00+00:00
[2024-05-08T14:23:15.657+0000] {processor.py:183} INFO - Processing /home/airflow/.local/lib/python3.12/site-packages/airflow/example_dags/example_short_circuit_operator.py took 0.104 seconds
