[2024-05-08T13:47:45.929+0000] {processor.py:161} INFO - Started process (PID=35) to work on /home/airflow/.local/lib/python3.12/site-packages/airflow/example_dags/example_sensors.py
[2024-05-08T13:47:45.931+0000] {processor.py:830} INFO - Processing file /home/airflow/.local/lib/python3.12/site-packages/airflow/example_dags/example_sensors.py for tasks to queue
[2024-05-08T13:47:45.936+0000] {logging_mixin.py:188} INFO - [2024-05-08T13:47:45.935+0000] {dagbag.py:545} INFO - Filling up the DagBag from /home/airflow/.local/lib/python3.12/site-packages/airflow/example_dags/example_sensors.py
[2024-05-08T13:47:45.978+0000] {processor.py:840} INFO - DAG(s) 'example_sensors' retrieved from /home/airflow/.local/lib/python3.12/site-packages/airflow/example_dags/example_sensors.py
[2024-05-08T13:47:46.067+0000] {logging_mixin.py:188} INFO - [2024-05-08T13:47:46.067+0000] {dag.py:3096} INFO - Sync 1 DAGs
[2024-05-08T13:47:46.108+0000] {logging_mixin.py:188} INFO - [2024-05-08T13:47:46.107+0000] {dag.py:3954} INFO - Setting next_dagrun for example_sensors to None, run_after=None
[2024-05-08T13:47:46.195+0000] {processor.py:183} INFO - Processing /home/airflow/.local/lib/python3.12/site-packages/airflow/example_dags/example_sensors.py took 0.290 seconds
[2024-05-08T13:48:16.541+0000] {processor.py:161} INFO - Started process (PID=95) to work on /home/airflow/.local/lib/python3.12/site-packages/airflow/example_dags/example_sensors.py
[2024-05-08T13:48:16.543+0000] {processor.py:830} INFO - Processing file /home/airflow/.local/lib/python3.12/site-packages/airflow/example_dags/example_sensors.py for tasks to queue
[2024-05-08T13:48:16.546+0000] {logging_mixin.py:188} INFO - [2024-05-08T13:48:16.545+0000] {dagbag.py:545} INFO - Filling up the DagBag from /home/airflow/.local/lib/python3.12/site-packages/airflow/example_dags/example_sensors.py
[2024-05-08T13:48:16.557+0000] {processor.py:840} INFO - DAG(s) 'example_sensors' retrieved from /home/airflow/.local/lib/python3.12/site-packages/airflow/example_dags/example_sensors.py
[2024-05-08T13:48:16.588+0000] {logging_mixin.py:188} INFO - [2024-05-08T13:48:16.587+0000] {dag.py:3096} INFO - Sync 1 DAGs
[2024-05-08T13:48:16.602+0000] {logging_mixin.py:188} INFO - [2024-05-08T13:48:16.601+0000] {dag.py:3954} INFO - Setting next_dagrun for example_sensors to None, run_after=None
[2024-05-08T13:48:16.627+0000] {processor.py:183} INFO - Processing /home/airflow/.local/lib/python3.12/site-packages/airflow/example_dags/example_sensors.py took 0.093 seconds
[2024-05-08T13:48:46.854+0000] {processor.py:161} INFO - Started process (PID=153) to work on /home/airflow/.local/lib/python3.12/site-packages/airflow/example_dags/example_sensors.py
[2024-05-08T13:48:46.856+0000] {processor.py:830} INFO - Processing file /home/airflow/.local/lib/python3.12/site-packages/airflow/example_dags/example_sensors.py for tasks to queue
[2024-05-08T13:48:46.858+0000] {logging_mixin.py:188} INFO - [2024-05-08T13:48:46.858+0000] {dagbag.py:545} INFO - Filling up the DagBag from /home/airflow/.local/lib/python3.12/site-packages/airflow/example_dags/example_sensors.py
[2024-05-08T13:48:46.869+0000] {processor.py:840} INFO - DAG(s) 'example_sensors' retrieved from /home/airflow/.local/lib/python3.12/site-packages/airflow/example_dags/example_sensors.py
[2024-05-08T13:48:46.899+0000] {logging_mixin.py:188} INFO - [2024-05-08T13:48:46.899+0000] {dag.py:3096} INFO - Sync 1 DAGs
[2024-05-08T13:48:46.915+0000] {logging_mixin.py:188} INFO - [2024-05-08T13:48:46.915+0000] {dag.py:3954} INFO - Setting next_dagrun for example_sensors to None, run_after=None
[2024-05-08T13:48:46.948+0000] {processor.py:183} INFO - Processing /home/airflow/.local/lib/python3.12/site-packages/airflow/example_dags/example_sensors.py took 0.100 seconds
[2024-05-08T13:49:18.024+0000] {processor.py:161} INFO - Started process (PID=215) to work on /home/airflow/.local/lib/python3.12/site-packages/airflow/example_dags/example_sensors.py
[2024-05-08T13:49:18.027+0000] {processor.py:830} INFO - Processing file /home/airflow/.local/lib/python3.12/site-packages/airflow/example_dags/example_sensors.py for tasks to queue
[2024-05-08T13:49:18.031+0000] {logging_mixin.py:188} INFO - [2024-05-08T13:49:18.031+0000] {dagbag.py:545} INFO - Filling up the DagBag from /home/airflow/.local/lib/python3.12/site-packages/airflow/example_dags/example_sensors.py
[2024-05-08T13:49:18.096+0000] {processor.py:840} INFO - DAG(s) 'example_sensors' retrieved from /home/airflow/.local/lib/python3.12/site-packages/airflow/example_dags/example_sensors.py
[2024-05-08T13:49:18.168+0000] {logging_mixin.py:188} INFO - [2024-05-08T13:49:18.167+0000] {dag.py:3096} INFO - Sync 1 DAGs
[2024-05-08T13:49:18.194+0000] {logging_mixin.py:188} INFO - [2024-05-08T13:49:18.193+0000] {dag.py:3954} INFO - Setting next_dagrun for example_sensors to None, run_after=None
[2024-05-08T13:49:18.242+0000] {processor.py:183} INFO - Processing /home/airflow/.local/lib/python3.12/site-packages/airflow/example_dags/example_sensors.py took 0.232 seconds
[2024-05-08T13:49:49.191+0000] {processor.py:161} INFO - Started process (PID=274) to work on /home/airflow/.local/lib/python3.12/site-packages/airflow/example_dags/example_sensors.py
[2024-05-08T13:49:49.192+0000] {processor.py:830} INFO - Processing file /home/airflow/.local/lib/python3.12/site-packages/airflow/example_dags/example_sensors.py for tasks to queue
[2024-05-08T13:49:49.195+0000] {logging_mixin.py:188} INFO - [2024-05-08T13:49:49.194+0000] {dagbag.py:545} INFO - Filling up the DagBag from /home/airflow/.local/lib/python3.12/site-packages/airflow/example_dags/example_sensors.py
[2024-05-08T13:49:49.212+0000] {processor.py:840} INFO - DAG(s) 'example_sensors' retrieved from /home/airflow/.local/lib/python3.12/site-packages/airflow/example_dags/example_sensors.py
[2024-05-08T13:49:49.258+0000] {logging_mixin.py:188} INFO - [2024-05-08T13:49:49.257+0000] {dag.py:3096} INFO - Sync 1 DAGs
[2024-05-08T13:49:49.278+0000] {logging_mixin.py:188} INFO - [2024-05-08T13:49:49.277+0000] {dag.py:3954} INFO - Setting next_dagrun for example_sensors to None, run_after=None
[2024-05-08T13:49:49.312+0000] {processor.py:183} INFO - Processing /home/airflow/.local/lib/python3.12/site-packages/airflow/example_dags/example_sensors.py took 0.130 seconds
[2024-05-08T13:50:19.742+0000] {processor.py:161} INFO - Started process (PID=339) to work on /home/airflow/.local/lib/python3.12/site-packages/airflow/example_dags/example_sensors.py
[2024-05-08T13:50:19.743+0000] {processor.py:830} INFO - Processing file /home/airflow/.local/lib/python3.12/site-packages/airflow/example_dags/example_sensors.py for tasks to queue
[2024-05-08T13:50:19.746+0000] {logging_mixin.py:188} INFO - [2024-05-08T13:50:19.746+0000] {dagbag.py:545} INFO - Filling up the DagBag from /home/airflow/.local/lib/python3.12/site-packages/airflow/example_dags/example_sensors.py
[2024-05-08T13:50:19.756+0000] {processor.py:840} INFO - DAG(s) 'example_sensors' retrieved from /home/airflow/.local/lib/python3.12/site-packages/airflow/example_dags/example_sensors.py
[2024-05-08T13:50:19.787+0000] {logging_mixin.py:188} INFO - [2024-05-08T13:50:19.786+0000] {dag.py:3096} INFO - Sync 1 DAGs
[2024-05-08T13:50:19.801+0000] {logging_mixin.py:188} INFO - [2024-05-08T13:50:19.801+0000] {dag.py:3954} INFO - Setting next_dagrun for example_sensors to None, run_after=None
[2024-05-08T13:50:19.826+0000] {processor.py:183} INFO - Processing /home/airflow/.local/lib/python3.12/site-packages/airflow/example_dags/example_sensors.py took 0.093 seconds
[2024-05-08T13:50:49.938+0000] {processor.py:161} INFO - Started process (PID=399) to work on /home/airflow/.local/lib/python3.12/site-packages/airflow/example_dags/example_sensors.py
[2024-05-08T13:50:49.940+0000] {processor.py:830} INFO - Processing file /home/airflow/.local/lib/python3.12/site-packages/airflow/example_dags/example_sensors.py for tasks to queue
[2024-05-08T13:50:49.943+0000] {logging_mixin.py:188} INFO - [2024-05-08T13:50:49.943+0000] {dagbag.py:545} INFO - Filling up the DagBag from /home/airflow/.local/lib/python3.12/site-packages/airflow/example_dags/example_sensors.py
[2024-05-08T13:50:49.953+0000] {processor.py:840} INFO - DAG(s) 'example_sensors' retrieved from /home/airflow/.local/lib/python3.12/site-packages/airflow/example_dags/example_sensors.py
[2024-05-08T13:50:49.984+0000] {logging_mixin.py:188} INFO - [2024-05-08T13:50:49.984+0000] {dag.py:3096} INFO - Sync 1 DAGs
[2024-05-08T13:50:49.999+0000] {logging_mixin.py:188} INFO - [2024-05-08T13:50:49.999+0000] {dag.py:3954} INFO - Setting next_dagrun for example_sensors to None, run_after=None
[2024-05-08T13:50:50.023+0000] {processor.py:183} INFO - Processing /home/airflow/.local/lib/python3.12/site-packages/airflow/example_dags/example_sensors.py took 0.094 seconds
[2024-05-08T13:51:20.565+0000] {processor.py:161} INFO - Started process (PID=459) to work on /home/airflow/.local/lib/python3.12/site-packages/airflow/example_dags/example_sensors.py
[2024-05-08T13:51:20.566+0000] {processor.py:830} INFO - Processing file /home/airflow/.local/lib/python3.12/site-packages/airflow/example_dags/example_sensors.py for tasks to queue
[2024-05-08T13:51:20.569+0000] {logging_mixin.py:188} INFO - [2024-05-08T13:51:20.568+0000] {dagbag.py:545} INFO - Filling up the DagBag from /home/airflow/.local/lib/python3.12/site-packages/airflow/example_dags/example_sensors.py
[2024-05-08T13:51:20.583+0000] {processor.py:840} INFO - DAG(s) 'example_sensors' retrieved from /home/airflow/.local/lib/python3.12/site-packages/airflow/example_dags/example_sensors.py
[2024-05-08T13:51:20.630+0000] {logging_mixin.py:188} INFO - [2024-05-08T13:51:20.630+0000] {dag.py:3096} INFO - Sync 1 DAGs
[2024-05-08T13:51:20.653+0000] {logging_mixin.py:188} INFO - [2024-05-08T13:51:20.652+0000] {dag.py:3954} INFO - Setting next_dagrun for example_sensors to None, run_after=None
[2024-05-08T13:51:20.722+0000] {processor.py:183} INFO - Processing /home/airflow/.local/lib/python3.12/site-packages/airflow/example_dags/example_sensors.py took 0.165 seconds
[2024-05-08T13:51:51.157+0000] {processor.py:161} INFO - Started process (PID=519) to work on /home/airflow/.local/lib/python3.12/site-packages/airflow/example_dags/example_sensors.py
[2024-05-08T13:51:51.159+0000] {processor.py:830} INFO - Processing file /home/airflow/.local/lib/python3.12/site-packages/airflow/example_dags/example_sensors.py for tasks to queue
[2024-05-08T13:51:51.161+0000] {logging_mixin.py:188} INFO - [2024-05-08T13:51:51.161+0000] {dagbag.py:545} INFO - Filling up the DagBag from /home/airflow/.local/lib/python3.12/site-packages/airflow/example_dags/example_sensors.py
[2024-05-08T13:51:51.172+0000] {processor.py:840} INFO - DAG(s) 'example_sensors' retrieved from /home/airflow/.local/lib/python3.12/site-packages/airflow/example_dags/example_sensors.py
[2024-05-08T13:51:51.202+0000] {logging_mixin.py:188} INFO - [2024-05-08T13:51:51.202+0000] {dag.py:3096} INFO - Sync 1 DAGs
[2024-05-08T13:51:51.216+0000] {logging_mixin.py:188} INFO - [2024-05-08T13:51:51.216+0000] {dag.py:3954} INFO - Setting next_dagrun for example_sensors to None, run_after=None
[2024-05-08T13:51:51.238+0000] {processor.py:183} INFO - Processing /home/airflow/.local/lib/python3.12/site-packages/airflow/example_dags/example_sensors.py took 0.090 seconds
[2024-05-08T13:52:21.322+0000] {processor.py:161} INFO - Started process (PID=579) to work on /home/airflow/.local/lib/python3.12/site-packages/airflow/example_dags/example_sensors.py
[2024-05-08T13:52:21.323+0000] {processor.py:830} INFO - Processing file /home/airflow/.local/lib/python3.12/site-packages/airflow/example_dags/example_sensors.py for tasks to queue
[2024-05-08T13:52:21.326+0000] {logging_mixin.py:188} INFO - [2024-05-08T13:52:21.326+0000] {dagbag.py:545} INFO - Filling up the DagBag from /home/airflow/.local/lib/python3.12/site-packages/airflow/example_dags/example_sensors.py
[2024-05-08T13:52:21.336+0000] {processor.py:840} INFO - DAG(s) 'example_sensors' retrieved from /home/airflow/.local/lib/python3.12/site-packages/airflow/example_dags/example_sensors.py
[2024-05-08T13:52:21.367+0000] {logging_mixin.py:188} INFO - [2024-05-08T13:52:21.367+0000] {dag.py:3096} INFO - Sync 1 DAGs
[2024-05-08T13:52:21.382+0000] {logging_mixin.py:188} INFO - [2024-05-08T13:52:21.382+0000] {dag.py:3954} INFO - Setting next_dagrun for example_sensors to None, run_after=None
[2024-05-08T13:52:21.407+0000] {processor.py:183} INFO - Processing /home/airflow/.local/lib/python3.12/site-packages/airflow/example_dags/example_sensors.py took 0.092 seconds
[2024-05-08T13:52:51.682+0000] {processor.py:161} INFO - Started process (PID=639) to work on /home/airflow/.local/lib/python3.12/site-packages/airflow/example_dags/example_sensors.py
[2024-05-08T13:52:51.683+0000] {processor.py:830} INFO - Processing file /home/airflow/.local/lib/python3.12/site-packages/airflow/example_dags/example_sensors.py for tasks to queue
[2024-05-08T13:52:51.686+0000] {logging_mixin.py:188} INFO - [2024-05-08T13:52:51.685+0000] {dagbag.py:545} INFO - Filling up the DagBag from /home/airflow/.local/lib/python3.12/site-packages/airflow/example_dags/example_sensors.py
[2024-05-08T13:52:51.698+0000] {processor.py:840} INFO - DAG(s) 'example_sensors' retrieved from /home/airflow/.local/lib/python3.12/site-packages/airflow/example_dags/example_sensors.py
[2024-05-08T13:52:51.745+0000] {logging_mixin.py:188} INFO - [2024-05-08T13:52:51.744+0000] {dag.py:3096} INFO - Sync 1 DAGs
[2024-05-08T13:52:51.764+0000] {logging_mixin.py:188} INFO - [2024-05-08T13:52:51.763+0000] {dag.py:3954} INFO - Setting next_dagrun for example_sensors to None, run_after=None
[2024-05-08T13:52:51.804+0000] {processor.py:183} INFO - Processing /home/airflow/.local/lib/python3.12/site-packages/airflow/example_dags/example_sensors.py took 0.131 seconds
[2024-05-08T13:53:22.407+0000] {processor.py:161} INFO - Started process (PID=698) to work on /home/airflow/.local/lib/python3.12/site-packages/airflow/example_dags/example_sensors.py
[2024-05-08T13:53:22.409+0000] {processor.py:830} INFO - Processing file /home/airflow/.local/lib/python3.12/site-packages/airflow/example_dags/example_sensors.py for tasks to queue
[2024-05-08T13:53:22.412+0000] {logging_mixin.py:188} INFO - [2024-05-08T13:53:22.412+0000] {dagbag.py:545} INFO - Filling up the DagBag from /home/airflow/.local/lib/python3.12/site-packages/airflow/example_dags/example_sensors.py
[2024-05-08T13:53:22.423+0000] {processor.py:840} INFO - DAG(s) 'example_sensors' retrieved from /home/airflow/.local/lib/python3.12/site-packages/airflow/example_dags/example_sensors.py
[2024-05-08T13:53:22.453+0000] {logging_mixin.py:188} INFO - [2024-05-08T13:53:22.453+0000] {dag.py:3096} INFO - Sync 1 DAGs
[2024-05-08T13:53:22.467+0000] {logging_mixin.py:188} INFO - [2024-05-08T13:53:22.467+0000] {dag.py:3954} INFO - Setting next_dagrun for example_sensors to None, run_after=None
[2024-05-08T13:53:22.493+0000] {processor.py:183} INFO - Processing /home/airflow/.local/lib/python3.12/site-packages/airflow/example_dags/example_sensors.py took 0.095 seconds
[2024-05-08T13:53:52.593+0000] {processor.py:161} INFO - Started process (PID=758) to work on /home/airflow/.local/lib/python3.12/site-packages/airflow/example_dags/example_sensors.py
[2024-05-08T13:53:52.595+0000] {processor.py:830} INFO - Processing file /home/airflow/.local/lib/python3.12/site-packages/airflow/example_dags/example_sensors.py for tasks to queue
[2024-05-08T13:53:52.598+0000] {logging_mixin.py:188} INFO - [2024-05-08T13:53:52.597+0000] {dagbag.py:545} INFO - Filling up the DagBag from /home/airflow/.local/lib/python3.12/site-packages/airflow/example_dags/example_sensors.py
[2024-05-08T13:53:52.608+0000] {processor.py:840} INFO - DAG(s) 'example_sensors' retrieved from /home/airflow/.local/lib/python3.12/site-packages/airflow/example_dags/example_sensors.py
[2024-05-08T13:53:52.638+0000] {logging_mixin.py:188} INFO - [2024-05-08T13:53:52.637+0000] {dag.py:3096} INFO - Sync 1 DAGs
[2024-05-08T13:53:52.652+0000] {logging_mixin.py:188} INFO - [2024-05-08T13:53:52.651+0000] {dag.py:3954} INFO - Setting next_dagrun for example_sensors to None, run_after=None
[2024-05-08T13:53:52.675+0000] {processor.py:183} INFO - Processing /home/airflow/.local/lib/python3.12/site-packages/airflow/example_dags/example_sensors.py took 0.091 seconds
[2024-05-08T13:54:22.726+0000] {processor.py:161} INFO - Started process (PID=818) to work on /home/airflow/.local/lib/python3.12/site-packages/airflow/example_dags/example_sensors.py
[2024-05-08T13:54:22.727+0000] {processor.py:830} INFO - Processing file /home/airflow/.local/lib/python3.12/site-packages/airflow/example_dags/example_sensors.py for tasks to queue
[2024-05-08T13:54:22.730+0000] {logging_mixin.py:188} INFO - [2024-05-08T13:54:22.730+0000] {dagbag.py:545} INFO - Filling up the DagBag from /home/airflow/.local/lib/python3.12/site-packages/airflow/example_dags/example_sensors.py
[2024-05-08T13:54:22.740+0000] {processor.py:840} INFO - DAG(s) 'example_sensors' retrieved from /home/airflow/.local/lib/python3.12/site-packages/airflow/example_dags/example_sensors.py
[2024-05-08T13:54:22.769+0000] {logging_mixin.py:188} INFO - [2024-05-08T13:54:22.768+0000] {dag.py:3096} INFO - Sync 1 DAGs
[2024-05-08T13:54:22.783+0000] {logging_mixin.py:188} INFO - [2024-05-08T13:54:22.782+0000] {dag.py:3954} INFO - Setting next_dagrun for example_sensors to None, run_after=None
[2024-05-08T13:54:22.805+0000] {processor.py:183} INFO - Processing /home/airflow/.local/lib/python3.12/site-packages/airflow/example_dags/example_sensors.py took 0.089 seconds
[2024-05-08T13:54:52.896+0000] {processor.py:161} INFO - Started process (PID=878) to work on /home/airflow/.local/lib/python3.12/site-packages/airflow/example_dags/example_sensors.py
[2024-05-08T13:54:52.897+0000] {processor.py:830} INFO - Processing file /home/airflow/.local/lib/python3.12/site-packages/airflow/example_dags/example_sensors.py for tasks to queue
[2024-05-08T13:54:52.900+0000] {logging_mixin.py:188} INFO - [2024-05-08T13:54:52.900+0000] {dagbag.py:545} INFO - Filling up the DagBag from /home/airflow/.local/lib/python3.12/site-packages/airflow/example_dags/example_sensors.py
[2024-05-08T13:54:52.912+0000] {processor.py:840} INFO - DAG(s) 'example_sensors' retrieved from /home/airflow/.local/lib/python3.12/site-packages/airflow/example_dags/example_sensors.py
[2024-05-08T13:54:52.941+0000] {logging_mixin.py:188} INFO - [2024-05-08T13:54:52.941+0000] {dag.py:3096} INFO - Sync 1 DAGs
[2024-05-08T13:54:52.958+0000] {logging_mixin.py:188} INFO - [2024-05-08T13:54:52.958+0000] {dag.py:3954} INFO - Setting next_dagrun for example_sensors to None, run_after=None
[2024-05-08T13:54:52.986+0000] {processor.py:183} INFO - Processing /home/airflow/.local/lib/python3.12/site-packages/airflow/example_dags/example_sensors.py took 0.100 seconds
[2024-05-08T13:55:23.427+0000] {processor.py:161} INFO - Started process (PID=938) to work on /home/airflow/.local/lib/python3.12/site-packages/airflow/example_dags/example_sensors.py
[2024-05-08T13:55:23.429+0000] {processor.py:830} INFO - Processing file /home/airflow/.local/lib/python3.12/site-packages/airflow/example_dags/example_sensors.py for tasks to queue
[2024-05-08T13:55:23.432+0000] {logging_mixin.py:188} INFO - [2024-05-08T13:55:23.432+0000] {dagbag.py:545} INFO - Filling up the DagBag from /home/airflow/.local/lib/python3.12/site-packages/airflow/example_dags/example_sensors.py
[2024-05-08T13:55:23.444+0000] {processor.py:840} INFO - DAG(s) 'example_sensors' retrieved from /home/airflow/.local/lib/python3.12/site-packages/airflow/example_dags/example_sensors.py
[2024-05-08T13:55:23.477+0000] {logging_mixin.py:188} INFO - [2024-05-08T13:55:23.477+0000] {dag.py:3096} INFO - Sync 1 DAGs
[2024-05-08T13:55:23.494+0000] {logging_mixin.py:188} INFO - [2024-05-08T13:55:23.493+0000] {dag.py:3954} INFO - Setting next_dagrun for example_sensors to None, run_after=None
[2024-05-08T13:55:23.523+0000] {processor.py:183} INFO - Processing /home/airflow/.local/lib/python3.12/site-packages/airflow/example_dags/example_sensors.py took 0.105 seconds
[2024-05-08T13:55:53.714+0000] {processor.py:161} INFO - Started process (PID=998) to work on /home/airflow/.local/lib/python3.12/site-packages/airflow/example_dags/example_sensors.py
[2024-05-08T13:55:53.716+0000] {processor.py:830} INFO - Processing file /home/airflow/.local/lib/python3.12/site-packages/airflow/example_dags/example_sensors.py for tasks to queue
[2024-05-08T13:55:53.719+0000] {logging_mixin.py:188} INFO - [2024-05-08T13:55:53.719+0000] {dagbag.py:545} INFO - Filling up the DagBag from /home/airflow/.local/lib/python3.12/site-packages/airflow/example_dags/example_sensors.py
[2024-05-08T13:55:53.730+0000] {processor.py:840} INFO - DAG(s) 'example_sensors' retrieved from /home/airflow/.local/lib/python3.12/site-packages/airflow/example_dags/example_sensors.py
[2024-05-08T13:55:53.760+0000] {logging_mixin.py:188} INFO - [2024-05-08T13:55:53.759+0000] {dag.py:3096} INFO - Sync 1 DAGs
[2024-05-08T13:55:53.774+0000] {logging_mixin.py:188} INFO - [2024-05-08T13:55:53.773+0000] {dag.py:3954} INFO - Setting next_dagrun for example_sensors to None, run_after=None
[2024-05-08T13:55:53.797+0000] {processor.py:183} INFO - Processing /home/airflow/.local/lib/python3.12/site-packages/airflow/example_dags/example_sensors.py took 0.093 seconds
[2024-05-08T13:56:24.301+0000] {processor.py:161} INFO - Started process (PID=1059) to work on /home/airflow/.local/lib/python3.12/site-packages/airflow/example_dags/example_sensors.py
[2024-05-08T13:56:24.304+0000] {processor.py:830} INFO - Processing file /home/airflow/.local/lib/python3.12/site-packages/airflow/example_dags/example_sensors.py for tasks to queue
[2024-05-08T13:56:24.307+0000] {logging_mixin.py:188} INFO - [2024-05-08T13:56:24.307+0000] {dagbag.py:545} INFO - Filling up the DagBag from /home/airflow/.local/lib/python3.12/site-packages/airflow/example_dags/example_sensors.py
[2024-05-08T13:56:24.319+0000] {processor.py:840} INFO - DAG(s) 'example_sensors' retrieved from /home/airflow/.local/lib/python3.12/site-packages/airflow/example_dags/example_sensors.py
[2024-05-08T13:56:24.352+0000] {logging_mixin.py:188} INFO - [2024-05-08T13:56:24.351+0000] {dag.py:3096} INFO - Sync 1 DAGs
[2024-05-08T13:56:24.368+0000] {logging_mixin.py:188} INFO - [2024-05-08T13:56:24.368+0000] {dag.py:3954} INFO - Setting next_dagrun for example_sensors to None, run_after=None
[2024-05-08T13:56:24.393+0000] {processor.py:183} INFO - Processing /home/airflow/.local/lib/python3.12/site-packages/airflow/example_dags/example_sensors.py took 0.103 seconds
[2024-05-08T13:56:54.827+0000] {processor.py:161} INFO - Started process (PID=1119) to work on /home/airflow/.local/lib/python3.12/site-packages/airflow/example_dags/example_sensors.py
[2024-05-08T13:56:54.828+0000] {processor.py:830} INFO - Processing file /home/airflow/.local/lib/python3.12/site-packages/airflow/example_dags/example_sensors.py for tasks to queue
[2024-05-08T13:56:54.831+0000] {logging_mixin.py:188} INFO - [2024-05-08T13:56:54.831+0000] {dagbag.py:545} INFO - Filling up the DagBag from /home/airflow/.local/lib/python3.12/site-packages/airflow/example_dags/example_sensors.py
[2024-05-08T13:56:54.843+0000] {processor.py:840} INFO - DAG(s) 'example_sensors' retrieved from /home/airflow/.local/lib/python3.12/site-packages/airflow/example_dags/example_sensors.py
[2024-05-08T13:56:54.880+0000] {logging_mixin.py:188} INFO - [2024-05-08T13:56:54.880+0000] {dag.py:3096} INFO - Sync 1 DAGs
[2024-05-08T13:56:54.896+0000] {logging_mixin.py:188} INFO - [2024-05-08T13:56:54.896+0000] {dag.py:3954} INFO - Setting next_dagrun for example_sensors to None, run_after=None
[2024-05-08T13:56:54.922+0000] {processor.py:183} INFO - Processing /home/airflow/.local/lib/python3.12/site-packages/airflow/example_dags/example_sensors.py took 0.105 seconds
[2024-05-08T13:57:24.965+0000] {processor.py:161} INFO - Started process (PID=1179) to work on /home/airflow/.local/lib/python3.12/site-packages/airflow/example_dags/example_sensors.py
[2024-05-08T13:57:24.967+0000] {processor.py:830} INFO - Processing file /home/airflow/.local/lib/python3.12/site-packages/airflow/example_dags/example_sensors.py for tasks to queue
[2024-05-08T13:57:24.969+0000] {logging_mixin.py:188} INFO - [2024-05-08T13:57:24.969+0000] {dagbag.py:545} INFO - Filling up the DagBag from /home/airflow/.local/lib/python3.12/site-packages/airflow/example_dags/example_sensors.py
[2024-05-08T13:57:24.978+0000] {processor.py:840} INFO - DAG(s) 'example_sensors' retrieved from /home/airflow/.local/lib/python3.12/site-packages/airflow/example_dags/example_sensors.py
[2024-05-08T13:57:25.007+0000] {logging_mixin.py:188} INFO - [2024-05-08T13:57:25.007+0000] {dag.py:3096} INFO - Sync 1 DAGs
[2024-05-08T13:57:25.021+0000] {logging_mixin.py:188} INFO - [2024-05-08T13:57:25.020+0000] {dag.py:3954} INFO - Setting next_dagrun for example_sensors to None, run_after=None
[2024-05-08T13:57:25.045+0000] {processor.py:183} INFO - Processing /home/airflow/.local/lib/python3.12/site-packages/airflow/example_dags/example_sensors.py took 0.087 seconds
[2024-05-08T13:57:55.386+0000] {processor.py:161} INFO - Started process (PID=1239) to work on /home/airflow/.local/lib/python3.12/site-packages/airflow/example_dags/example_sensors.py
[2024-05-08T13:57:55.387+0000] {processor.py:830} INFO - Processing file /home/airflow/.local/lib/python3.12/site-packages/airflow/example_dags/example_sensors.py for tasks to queue
[2024-05-08T13:57:55.390+0000] {logging_mixin.py:188} INFO - [2024-05-08T13:57:55.390+0000] {dagbag.py:545} INFO - Filling up the DagBag from /home/airflow/.local/lib/python3.12/site-packages/airflow/example_dags/example_sensors.py
[2024-05-08T13:57:55.402+0000] {processor.py:840} INFO - DAG(s) 'example_sensors' retrieved from /home/airflow/.local/lib/python3.12/site-packages/airflow/example_dags/example_sensors.py
[2024-05-08T13:57:55.503+0000] {logging_mixin.py:188} INFO - [2024-05-08T13:57:55.503+0000] {dag.py:3096} INFO - Sync 1 DAGs
[2024-05-08T13:57:55.523+0000] {logging_mixin.py:188} INFO - [2024-05-08T13:57:55.523+0000] {dag.py:3954} INFO - Setting next_dagrun for example_sensors to None, run_after=None
[2024-05-08T13:57:55.554+0000] {processor.py:183} INFO - Processing /home/airflow/.local/lib/python3.12/site-packages/airflow/example_dags/example_sensors.py took 0.177 seconds
[2024-05-08T13:58:25.990+0000] {processor.py:161} INFO - Started process (PID=1299) to work on /home/airflow/.local/lib/python3.12/site-packages/airflow/example_dags/example_sensors.py
[2024-05-08T13:58:25.991+0000] {processor.py:830} INFO - Processing file /home/airflow/.local/lib/python3.12/site-packages/airflow/example_dags/example_sensors.py for tasks to queue
[2024-05-08T13:58:25.994+0000] {logging_mixin.py:188} INFO - [2024-05-08T13:58:25.994+0000] {dagbag.py:545} INFO - Filling up the DagBag from /home/airflow/.local/lib/python3.12/site-packages/airflow/example_dags/example_sensors.py
[2024-05-08T13:58:26.005+0000] {processor.py:840} INFO - DAG(s) 'example_sensors' retrieved from /home/airflow/.local/lib/python3.12/site-packages/airflow/example_dags/example_sensors.py
[2024-05-08T13:58:26.042+0000] {logging_mixin.py:188} INFO - [2024-05-08T13:58:26.042+0000] {dag.py:3096} INFO - Sync 1 DAGs
[2024-05-08T13:58:26.060+0000] {logging_mixin.py:188} INFO - [2024-05-08T13:58:26.059+0000] {dag.py:3954} INFO - Setting next_dagrun for example_sensors to None, run_after=None
[2024-05-08T13:58:26.088+0000] {processor.py:183} INFO - Processing /home/airflow/.local/lib/python3.12/site-packages/airflow/example_dags/example_sensors.py took 0.105 seconds
[2024-05-08T13:58:56.201+0000] {processor.py:161} INFO - Started process (PID=1359) to work on /home/airflow/.local/lib/python3.12/site-packages/airflow/example_dags/example_sensors.py
[2024-05-08T13:58:56.202+0000] {processor.py:830} INFO - Processing file /home/airflow/.local/lib/python3.12/site-packages/airflow/example_dags/example_sensors.py for tasks to queue
[2024-05-08T13:58:56.205+0000] {logging_mixin.py:188} INFO - [2024-05-08T13:58:56.205+0000] {dagbag.py:545} INFO - Filling up the DagBag from /home/airflow/.local/lib/python3.12/site-packages/airflow/example_dags/example_sensors.py
[2024-05-08T13:58:56.215+0000] {processor.py:840} INFO - DAG(s) 'example_sensors' retrieved from /home/airflow/.local/lib/python3.12/site-packages/airflow/example_dags/example_sensors.py
[2024-05-08T13:58:56.247+0000] {logging_mixin.py:188} INFO - [2024-05-08T13:58:56.247+0000] {dag.py:3096} INFO - Sync 1 DAGs
[2024-05-08T13:58:56.262+0000] {logging_mixin.py:188} INFO - [2024-05-08T13:58:56.262+0000] {dag.py:3954} INFO - Setting next_dagrun for example_sensors to None, run_after=None
[2024-05-08T13:58:56.288+0000] {processor.py:183} INFO - Processing /home/airflow/.local/lib/python3.12/site-packages/airflow/example_dags/example_sensors.py took 0.093 seconds
[2024-05-08T13:59:26.740+0000] {processor.py:161} INFO - Started process (PID=1419) to work on /home/airflow/.local/lib/python3.12/site-packages/airflow/example_dags/example_sensors.py
[2024-05-08T13:59:26.741+0000] {processor.py:830} INFO - Processing file /home/airflow/.local/lib/python3.12/site-packages/airflow/example_dags/example_sensors.py for tasks to queue
[2024-05-08T13:59:26.744+0000] {logging_mixin.py:188} INFO - [2024-05-08T13:59:26.744+0000] {dagbag.py:545} INFO - Filling up the DagBag from /home/airflow/.local/lib/python3.12/site-packages/airflow/example_dags/example_sensors.py
[2024-05-08T13:59:26.757+0000] {processor.py:840} INFO - DAG(s) 'example_sensors' retrieved from /home/airflow/.local/lib/python3.12/site-packages/airflow/example_dags/example_sensors.py
[2024-05-08T13:59:26.789+0000] {logging_mixin.py:188} INFO - [2024-05-08T13:59:26.788+0000] {dag.py:3096} INFO - Sync 1 DAGs
[2024-05-08T13:59:26.804+0000] {logging_mixin.py:188} INFO - [2024-05-08T13:59:26.803+0000] {dag.py:3954} INFO - Setting next_dagrun for example_sensors to None, run_after=None
[2024-05-08T13:59:26.830+0000] {processor.py:183} INFO - Processing /home/airflow/.local/lib/python3.12/site-packages/airflow/example_dags/example_sensors.py took 0.096 seconds
[2024-05-08T13:59:57.222+0000] {processor.py:161} INFO - Started process (PID=1479) to work on /home/airflow/.local/lib/python3.12/site-packages/airflow/example_dags/example_sensors.py
[2024-05-08T13:59:57.224+0000] {processor.py:830} INFO - Processing file /home/airflow/.local/lib/python3.12/site-packages/airflow/example_dags/example_sensors.py for tasks to queue
[2024-05-08T13:59:57.227+0000] {logging_mixin.py:188} INFO - [2024-05-08T13:59:57.226+0000] {dagbag.py:545} INFO - Filling up the DagBag from /home/airflow/.local/lib/python3.12/site-packages/airflow/example_dags/example_sensors.py
[2024-05-08T13:59:57.237+0000] {processor.py:840} INFO - DAG(s) 'example_sensors' retrieved from /home/airflow/.local/lib/python3.12/site-packages/airflow/example_dags/example_sensors.py
[2024-05-08T13:59:57.395+0000] {logging_mixin.py:188} INFO - [2024-05-08T13:59:57.395+0000] {dag.py:3096} INFO - Sync 1 DAGs
[2024-05-08T13:59:57.409+0000] {logging_mixin.py:188} INFO - [2024-05-08T13:59:57.409+0000] {dag.py:3954} INFO - Setting next_dagrun for example_sensors to None, run_after=None
[2024-05-08T13:59:57.432+0000] {processor.py:183} INFO - Processing /home/airflow/.local/lib/python3.12/site-packages/airflow/example_dags/example_sensors.py took 0.219 seconds
[2024-05-08T14:00:27.615+0000] {processor.py:161} INFO - Started process (PID=1539) to work on /home/airflow/.local/lib/python3.12/site-packages/airflow/example_dags/example_sensors.py
[2024-05-08T14:00:27.617+0000] {processor.py:830} INFO - Processing file /home/airflow/.local/lib/python3.12/site-packages/airflow/example_dags/example_sensors.py for tasks to queue
[2024-05-08T14:00:27.621+0000] {logging_mixin.py:188} INFO - [2024-05-08T14:00:27.620+0000] {dagbag.py:545} INFO - Filling up the DagBag from /home/airflow/.local/lib/python3.12/site-packages/airflow/example_dags/example_sensors.py
[2024-05-08T14:00:27.632+0000] {processor.py:840} INFO - DAG(s) 'example_sensors' retrieved from /home/airflow/.local/lib/python3.12/site-packages/airflow/example_dags/example_sensors.py
[2024-05-08T14:00:27.678+0000] {logging_mixin.py:188} INFO - [2024-05-08T14:00:27.678+0000] {dag.py:3096} INFO - Sync 1 DAGs
[2024-05-08T14:00:27.841+0000] {logging_mixin.py:188} INFO - [2024-05-08T14:00:27.841+0000] {dag.py:3954} INFO - Setting next_dagrun for example_sensors to None, run_after=None
[2024-05-08T14:00:27.872+0000] {processor.py:183} INFO - Processing /home/airflow/.local/lib/python3.12/site-packages/airflow/example_dags/example_sensors.py took 0.268 seconds
[2024-05-08T14:00:58.794+0000] {processor.py:161} INFO - Started process (PID=1598) to work on /home/airflow/.local/lib/python3.12/site-packages/airflow/example_dags/example_sensors.py
[2024-05-08T14:00:58.795+0000] {processor.py:830} INFO - Processing file /home/airflow/.local/lib/python3.12/site-packages/airflow/example_dags/example_sensors.py for tasks to queue
[2024-05-08T14:00:58.798+0000] {logging_mixin.py:188} INFO - [2024-05-08T14:00:58.798+0000] {dagbag.py:545} INFO - Filling up the DagBag from /home/airflow/.local/lib/python3.12/site-packages/airflow/example_dags/example_sensors.py
[2024-05-08T14:00:58.809+0000] {processor.py:840} INFO - DAG(s) 'example_sensors' retrieved from /home/airflow/.local/lib/python3.12/site-packages/airflow/example_dags/example_sensors.py
[2024-05-08T14:00:58.844+0000] {logging_mixin.py:188} INFO - [2024-05-08T14:00:58.843+0000] {dag.py:3096} INFO - Sync 1 DAGs
[2024-05-08T14:00:58.859+0000] {logging_mixin.py:188} INFO - [2024-05-08T14:00:58.859+0000] {dag.py:3954} INFO - Setting next_dagrun for example_sensors to None, run_after=None
[2024-05-08T14:00:58.886+0000] {processor.py:183} INFO - Processing /home/airflow/.local/lib/python3.12/site-packages/airflow/example_dags/example_sensors.py took 0.100 seconds
[2024-05-08T14:01:29.379+0000] {processor.py:161} INFO - Started process (PID=1658) to work on /home/airflow/.local/lib/python3.12/site-packages/airflow/example_dags/example_sensors.py
[2024-05-08T14:01:29.408+0000] {processor.py:830} INFO - Processing file /home/airflow/.local/lib/python3.12/site-packages/airflow/example_dags/example_sensors.py for tasks to queue
[2024-05-08T14:01:29.414+0000] {logging_mixin.py:188} INFO - [2024-05-08T14:01:29.412+0000] {dagbag.py:545} INFO - Filling up the DagBag from /home/airflow/.local/lib/python3.12/site-packages/airflow/example_dags/example_sensors.py
[2024-05-08T14:01:29.438+0000] {processor.py:840} INFO - DAG(s) 'example_sensors' retrieved from /home/airflow/.local/lib/python3.12/site-packages/airflow/example_dags/example_sensors.py
[2024-05-08T14:01:29.518+0000] {logging_mixin.py:188} INFO - [2024-05-08T14:01:29.517+0000] {dag.py:3096} INFO - Sync 1 DAGs
[2024-05-08T14:01:29.543+0000] {logging_mixin.py:188} INFO - [2024-05-08T14:01:29.542+0000] {dag.py:3954} INFO - Setting next_dagrun for example_sensors to None, run_after=None
[2024-05-08T14:01:29.582+0000] {processor.py:183} INFO - Processing /home/airflow/.local/lib/python3.12/site-packages/airflow/example_dags/example_sensors.py took 0.233 seconds
[2024-05-08T14:01:59.628+0000] {processor.py:161} INFO - Started process (PID=1717) to work on /home/airflow/.local/lib/python3.12/site-packages/airflow/example_dags/example_sensors.py
[2024-05-08T14:01:59.633+0000] {processor.py:830} INFO - Processing file /home/airflow/.local/lib/python3.12/site-packages/airflow/example_dags/example_sensors.py for tasks to queue
[2024-05-08T14:01:59.641+0000] {logging_mixin.py:188} INFO - [2024-05-08T14:01:59.641+0000] {dagbag.py:545} INFO - Filling up the DagBag from /home/airflow/.local/lib/python3.12/site-packages/airflow/example_dags/example_sensors.py
[2024-05-08T14:01:59.656+0000] {processor.py:840} INFO - DAG(s) 'example_sensors' retrieved from /home/airflow/.local/lib/python3.12/site-packages/airflow/example_dags/example_sensors.py
[2024-05-08T14:01:59.693+0000] {logging_mixin.py:188} INFO - [2024-05-08T14:01:59.693+0000] {dag.py:3096} INFO - Sync 1 DAGs
[2024-05-08T14:01:59.711+0000] {logging_mixin.py:188} INFO - [2024-05-08T14:01:59.711+0000] {dag.py:3954} INFO - Setting next_dagrun for example_sensors to None, run_after=None
[2024-05-08T14:01:59.754+0000] {processor.py:183} INFO - Processing /home/airflow/.local/lib/python3.12/site-packages/airflow/example_dags/example_sensors.py took 0.134 seconds
[2024-05-08T14:02:29.876+0000] {processor.py:161} INFO - Started process (PID=1777) to work on /home/airflow/.local/lib/python3.12/site-packages/airflow/example_dags/example_sensors.py
[2024-05-08T14:02:29.878+0000] {processor.py:830} INFO - Processing file /home/airflow/.local/lib/python3.12/site-packages/airflow/example_dags/example_sensors.py for tasks to queue
[2024-05-08T14:02:29.881+0000] {logging_mixin.py:188} INFO - [2024-05-08T14:02:29.881+0000] {dagbag.py:545} INFO - Filling up the DagBag from /home/airflow/.local/lib/python3.12/site-packages/airflow/example_dags/example_sensors.py
[2024-05-08T14:02:29.892+0000] {processor.py:840} INFO - DAG(s) 'example_sensors' retrieved from /home/airflow/.local/lib/python3.12/site-packages/airflow/example_dags/example_sensors.py
[2024-05-08T14:02:29.922+0000] {logging_mixin.py:188} INFO - [2024-05-08T14:02:29.922+0000] {dag.py:3096} INFO - Sync 1 DAGs
[2024-05-08T14:02:29.936+0000] {logging_mixin.py:188} INFO - [2024-05-08T14:02:29.936+0000] {dag.py:3954} INFO - Setting next_dagrun for example_sensors to None, run_after=None
[2024-05-08T14:02:29.960+0000] {processor.py:183} INFO - Processing /home/airflow/.local/lib/python3.12/site-packages/airflow/example_dags/example_sensors.py took 0.093 seconds
[2024-05-08T14:03:00.183+0000] {processor.py:161} INFO - Started process (PID=1837) to work on /home/airflow/.local/lib/python3.12/site-packages/airflow/example_dags/example_sensors.py
[2024-05-08T14:03:00.185+0000] {processor.py:830} INFO - Processing file /home/airflow/.local/lib/python3.12/site-packages/airflow/example_dags/example_sensors.py for tasks to queue
[2024-05-08T14:03:00.188+0000] {logging_mixin.py:188} INFO - [2024-05-08T14:03:00.187+0000] {dagbag.py:545} INFO - Filling up the DagBag from /home/airflow/.local/lib/python3.12/site-packages/airflow/example_dags/example_sensors.py
[2024-05-08T14:03:00.198+0000] {processor.py:840} INFO - DAG(s) 'example_sensors' retrieved from /home/airflow/.local/lib/python3.12/site-packages/airflow/example_dags/example_sensors.py
[2024-05-08T14:03:00.228+0000] {logging_mixin.py:188} INFO - [2024-05-08T14:03:00.228+0000] {dag.py:3096} INFO - Sync 1 DAGs
[2024-05-08T14:03:00.243+0000] {logging_mixin.py:188} INFO - [2024-05-08T14:03:00.242+0000] {dag.py:3954} INFO - Setting next_dagrun for example_sensors to None, run_after=None
[2024-05-08T14:03:00.267+0000] {processor.py:183} INFO - Processing /home/airflow/.local/lib/python3.12/site-packages/airflow/example_dags/example_sensors.py took 0.093 seconds
[2024-05-08T14:03:30.322+0000] {processor.py:161} INFO - Started process (PID=1896) to work on /home/airflow/.local/lib/python3.12/site-packages/airflow/example_dags/example_sensors.py
[2024-05-08T14:03:30.324+0000] {processor.py:830} INFO - Processing file /home/airflow/.local/lib/python3.12/site-packages/airflow/example_dags/example_sensors.py for tasks to queue
[2024-05-08T14:03:30.326+0000] {logging_mixin.py:188} INFO - [2024-05-08T14:03:30.326+0000] {dagbag.py:545} INFO - Filling up the DagBag from /home/airflow/.local/lib/python3.12/site-packages/airflow/example_dags/example_sensors.py
[2024-05-08T14:03:30.337+0000] {processor.py:840} INFO - DAG(s) 'example_sensors' retrieved from /home/airflow/.local/lib/python3.12/site-packages/airflow/example_dags/example_sensors.py
[2024-05-08T14:03:30.367+0000] {logging_mixin.py:188} INFO - [2024-05-08T14:03:30.367+0000] {dag.py:3096} INFO - Sync 1 DAGs
[2024-05-08T14:03:30.382+0000] {logging_mixin.py:188} INFO - [2024-05-08T14:03:30.382+0000] {dag.py:3954} INFO - Setting next_dagrun for example_sensors to None, run_after=None
[2024-05-08T14:03:30.406+0000] {processor.py:183} INFO - Processing /home/airflow/.local/lib/python3.12/site-packages/airflow/example_dags/example_sensors.py took 0.093 seconds
[2024-05-08T14:04:00.523+0000] {processor.py:161} INFO - Started process (PID=1956) to work on /home/airflow/.local/lib/python3.12/site-packages/airflow/example_dags/example_sensors.py
[2024-05-08T14:04:00.525+0000] {processor.py:830} INFO - Processing file /home/airflow/.local/lib/python3.12/site-packages/airflow/example_dags/example_sensors.py for tasks to queue
[2024-05-08T14:04:00.527+0000] {logging_mixin.py:188} INFO - [2024-05-08T14:04:00.527+0000] {dagbag.py:545} INFO - Filling up the DagBag from /home/airflow/.local/lib/python3.12/site-packages/airflow/example_dags/example_sensors.py
[2024-05-08T14:04:00.539+0000] {processor.py:840} INFO - DAG(s) 'example_sensors' retrieved from /home/airflow/.local/lib/python3.12/site-packages/airflow/example_dags/example_sensors.py
[2024-05-08T14:04:00.572+0000] {logging_mixin.py:188} INFO - [2024-05-08T14:04:00.572+0000] {dag.py:3096} INFO - Sync 1 DAGs
[2024-05-08T14:04:00.589+0000] {logging_mixin.py:188} INFO - [2024-05-08T14:04:00.589+0000] {dag.py:3954} INFO - Setting next_dagrun for example_sensors to None, run_after=None
[2024-05-08T14:04:00.616+0000] {processor.py:183} INFO - Processing /home/airflow/.local/lib/python3.12/site-packages/airflow/example_dags/example_sensors.py took 0.101 seconds
[2024-05-08T14:04:30.702+0000] {processor.py:161} INFO - Started process (PID=2016) to work on /home/airflow/.local/lib/python3.12/site-packages/airflow/example_dags/example_sensors.py
[2024-05-08T14:04:30.704+0000] {processor.py:830} INFO - Processing file /home/airflow/.local/lib/python3.12/site-packages/airflow/example_dags/example_sensors.py for tasks to queue
[2024-05-08T14:04:30.707+0000] {logging_mixin.py:188} INFO - [2024-05-08T14:04:30.706+0000] {dagbag.py:545} INFO - Filling up the DagBag from /home/airflow/.local/lib/python3.12/site-packages/airflow/example_dags/example_sensors.py
[2024-05-08T14:04:30.717+0000] {processor.py:840} INFO - DAG(s) 'example_sensors' retrieved from /home/airflow/.local/lib/python3.12/site-packages/airflow/example_dags/example_sensors.py
[2024-05-08T14:04:30.747+0000] {logging_mixin.py:188} INFO - [2024-05-08T14:04:30.746+0000] {dag.py:3096} INFO - Sync 1 DAGs
[2024-05-08T14:04:30.761+0000] {logging_mixin.py:188} INFO - [2024-05-08T14:04:30.761+0000] {dag.py:3954} INFO - Setting next_dagrun for example_sensors to None, run_after=None
[2024-05-08T14:04:30.784+0000] {processor.py:183} INFO - Processing /home/airflow/.local/lib/python3.12/site-packages/airflow/example_dags/example_sensors.py took 0.092 seconds
[2024-05-08T14:05:01.012+0000] {processor.py:161} INFO - Started process (PID=2076) to work on /home/airflow/.local/lib/python3.12/site-packages/airflow/example_dags/example_sensors.py
[2024-05-08T14:05:01.014+0000] {processor.py:830} INFO - Processing file /home/airflow/.local/lib/python3.12/site-packages/airflow/example_dags/example_sensors.py for tasks to queue
[2024-05-08T14:05:01.017+0000] {logging_mixin.py:188} INFO - [2024-05-08T14:05:01.016+0000] {dagbag.py:545} INFO - Filling up the DagBag from /home/airflow/.local/lib/python3.12/site-packages/airflow/example_dags/example_sensors.py
[2024-05-08T14:05:01.029+0000] {processor.py:840} INFO - DAG(s) 'example_sensors' retrieved from /home/airflow/.local/lib/python3.12/site-packages/airflow/example_dags/example_sensors.py
[2024-05-08T14:05:01.068+0000] {logging_mixin.py:188} INFO - [2024-05-08T14:05:01.068+0000] {dag.py:3096} INFO - Sync 1 DAGs
[2024-05-08T14:05:01.085+0000] {logging_mixin.py:188} INFO - [2024-05-08T14:05:01.085+0000] {dag.py:3954} INFO - Setting next_dagrun for example_sensors to None, run_after=None
[2024-05-08T14:05:01.113+0000] {processor.py:183} INFO - Processing /home/airflow/.local/lib/python3.12/site-packages/airflow/example_dags/example_sensors.py took 0.111 seconds
[2024-05-08T14:05:31.644+0000] {processor.py:161} INFO - Started process (PID=2135) to work on /home/airflow/.local/lib/python3.12/site-packages/airflow/example_dags/example_sensors.py
[2024-05-08T14:05:31.646+0000] {processor.py:830} INFO - Processing file /home/airflow/.local/lib/python3.12/site-packages/airflow/example_dags/example_sensors.py for tasks to queue
[2024-05-08T14:05:31.649+0000] {logging_mixin.py:188} INFO - [2024-05-08T14:05:31.649+0000] {dagbag.py:545} INFO - Filling up the DagBag from /home/airflow/.local/lib/python3.12/site-packages/airflow/example_dags/example_sensors.py
[2024-05-08T14:05:31.660+0000] {processor.py:840} INFO - DAG(s) 'example_sensors' retrieved from /home/airflow/.local/lib/python3.12/site-packages/airflow/example_dags/example_sensors.py
[2024-05-08T14:05:31.695+0000] {logging_mixin.py:188} INFO - [2024-05-08T14:05:31.695+0000] {dag.py:3096} INFO - Sync 1 DAGs
[2024-05-08T14:05:31.713+0000] {logging_mixin.py:188} INFO - [2024-05-08T14:05:31.712+0000] {dag.py:3954} INFO - Setting next_dagrun for example_sensors to None, run_after=None
[2024-05-08T14:05:31.743+0000] {processor.py:183} INFO - Processing /home/airflow/.local/lib/python3.12/site-packages/airflow/example_dags/example_sensors.py took 0.105 seconds
[2024-05-08T14:06:01.968+0000] {processor.py:161} INFO - Started process (PID=2195) to work on /home/airflow/.local/lib/python3.12/site-packages/airflow/example_dags/example_sensors.py
[2024-05-08T14:06:01.970+0000] {processor.py:830} INFO - Processing file /home/airflow/.local/lib/python3.12/site-packages/airflow/example_dags/example_sensors.py for tasks to queue
[2024-05-08T14:06:01.974+0000] {logging_mixin.py:188} INFO - [2024-05-08T14:06:01.973+0000] {dagbag.py:545} INFO - Filling up the DagBag from /home/airflow/.local/lib/python3.12/site-packages/airflow/example_dags/example_sensors.py
[2024-05-08T14:06:01.984+0000] {processor.py:840} INFO - DAG(s) 'example_sensors' retrieved from /home/airflow/.local/lib/python3.12/site-packages/airflow/example_dags/example_sensors.py
[2024-05-08T14:06:02.016+0000] {logging_mixin.py:188} INFO - [2024-05-08T14:06:02.016+0000] {dag.py:3096} INFO - Sync 1 DAGs
[2024-05-08T14:06:02.031+0000] {logging_mixin.py:188} INFO - [2024-05-08T14:06:02.031+0000] {dag.py:3954} INFO - Setting next_dagrun for example_sensors to None, run_after=None
[2024-05-08T14:06:02.057+0000] {processor.py:183} INFO - Processing /home/airflow/.local/lib/python3.12/site-packages/airflow/example_dags/example_sensors.py took 0.098 seconds
[2024-05-08T14:06:32.374+0000] {processor.py:161} INFO - Started process (PID=2255) to work on /home/airflow/.local/lib/python3.12/site-packages/airflow/example_dags/example_sensors.py
[2024-05-08T14:06:32.376+0000] {processor.py:830} INFO - Processing file /home/airflow/.local/lib/python3.12/site-packages/airflow/example_dags/example_sensors.py for tasks to queue
[2024-05-08T14:06:32.379+0000] {logging_mixin.py:188} INFO - [2024-05-08T14:06:32.378+0000] {dagbag.py:545} INFO - Filling up the DagBag from /home/airflow/.local/lib/python3.12/site-packages/airflow/example_dags/example_sensors.py
[2024-05-08T14:06:32.389+0000] {processor.py:840} INFO - DAG(s) 'example_sensors' retrieved from /home/airflow/.local/lib/python3.12/site-packages/airflow/example_dags/example_sensors.py
[2024-05-08T14:06:32.421+0000] {logging_mixin.py:188} INFO - [2024-05-08T14:06:32.421+0000] {dag.py:3096} INFO - Sync 1 DAGs
[2024-05-08T14:06:32.437+0000] {logging_mixin.py:188} INFO - [2024-05-08T14:06:32.437+0000] {dag.py:3954} INFO - Setting next_dagrun for example_sensors to None, run_after=None
[2024-05-08T14:06:32.462+0000] {processor.py:183} INFO - Processing /home/airflow/.local/lib/python3.12/site-packages/airflow/example_dags/example_sensors.py took 0.096 seconds
[2024-05-08T14:07:03.296+0000] {processor.py:161} INFO - Started process (PID=2315) to work on /home/airflow/.local/lib/python3.12/site-packages/airflow/example_dags/example_sensors.py
[2024-05-08T14:07:03.297+0000] {processor.py:830} INFO - Processing file /home/airflow/.local/lib/python3.12/site-packages/airflow/example_dags/example_sensors.py for tasks to queue
[2024-05-08T14:07:03.300+0000] {logging_mixin.py:188} INFO - [2024-05-08T14:07:03.300+0000] {dagbag.py:545} INFO - Filling up the DagBag from /home/airflow/.local/lib/python3.12/site-packages/airflow/example_dags/example_sensors.py
[2024-05-08T14:07:03.310+0000] {processor.py:840} INFO - DAG(s) 'example_sensors' retrieved from /home/airflow/.local/lib/python3.12/site-packages/airflow/example_dags/example_sensors.py
[2024-05-08T14:07:03.345+0000] {logging_mixin.py:188} INFO - [2024-05-08T14:07:03.345+0000] {dag.py:3096} INFO - Sync 1 DAGs
[2024-05-08T14:07:03.369+0000] {logging_mixin.py:188} INFO - [2024-05-08T14:07:03.369+0000] {dag.py:3954} INFO - Setting next_dagrun for example_sensors to None, run_after=None
[2024-05-08T14:07:03.420+0000] {processor.py:183} INFO - Processing /home/airflow/.local/lib/python3.12/site-packages/airflow/example_dags/example_sensors.py took 0.134 seconds
[2024-05-08T14:07:33.883+0000] {processor.py:161} INFO - Started process (PID=2375) to work on /home/airflow/.local/lib/python3.12/site-packages/airflow/example_dags/example_sensors.py
[2024-05-08T14:07:33.884+0000] {processor.py:830} INFO - Processing file /home/airflow/.local/lib/python3.12/site-packages/airflow/example_dags/example_sensors.py for tasks to queue
[2024-05-08T14:07:33.887+0000] {logging_mixin.py:188} INFO - [2024-05-08T14:07:33.886+0000] {dagbag.py:545} INFO - Filling up the DagBag from /home/airflow/.local/lib/python3.12/site-packages/airflow/example_dags/example_sensors.py
[2024-05-08T14:07:33.897+0000] {processor.py:840} INFO - DAG(s) 'example_sensors' retrieved from /home/airflow/.local/lib/python3.12/site-packages/airflow/example_dags/example_sensors.py
[2024-05-08T14:07:33.935+0000] {logging_mixin.py:188} INFO - [2024-05-08T14:07:33.934+0000] {dag.py:3096} INFO - Sync 1 DAGs
[2024-05-08T14:07:33.954+0000] {logging_mixin.py:188} INFO - [2024-05-08T14:07:33.954+0000] {dag.py:3954} INFO - Setting next_dagrun for example_sensors to None, run_after=None
[2024-05-08T14:07:33.987+0000] {processor.py:183} INFO - Processing /home/airflow/.local/lib/python3.12/site-packages/airflow/example_dags/example_sensors.py took 0.115 seconds
[2024-05-08T14:08:04.561+0000] {processor.py:161} INFO - Started process (PID=2435) to work on /home/airflow/.local/lib/python3.12/site-packages/airflow/example_dags/example_sensors.py
[2024-05-08T14:08:04.563+0000] {processor.py:830} INFO - Processing file /home/airflow/.local/lib/python3.12/site-packages/airflow/example_dags/example_sensors.py for tasks to queue
[2024-05-08T14:08:04.566+0000] {logging_mixin.py:188} INFO - [2024-05-08T14:08:04.566+0000] {dagbag.py:545} INFO - Filling up the DagBag from /home/airflow/.local/lib/python3.12/site-packages/airflow/example_dags/example_sensors.py
[2024-05-08T14:08:04.578+0000] {processor.py:840} INFO - DAG(s) 'example_sensors' retrieved from /home/airflow/.local/lib/python3.12/site-packages/airflow/example_dags/example_sensors.py
[2024-05-08T14:08:04.674+0000] {logging_mixin.py:188} INFO - [2024-05-08T14:08:04.674+0000] {dag.py:3096} INFO - Sync 1 DAGs
[2024-05-08T14:08:04.693+0000] {logging_mixin.py:188} INFO - [2024-05-08T14:08:04.692+0000] {dag.py:3954} INFO - Setting next_dagrun for example_sensors to None, run_after=None
[2024-05-08T14:08:04.723+0000] {processor.py:183} INFO - Processing /home/airflow/.local/lib/python3.12/site-packages/airflow/example_dags/example_sensors.py took 0.171 seconds
[2024-05-08T14:08:34.814+0000] {processor.py:161} INFO - Started process (PID=2495) to work on /home/airflow/.local/lib/python3.12/site-packages/airflow/example_dags/example_sensors.py
[2024-05-08T14:08:34.817+0000] {processor.py:830} INFO - Processing file /home/airflow/.local/lib/python3.12/site-packages/airflow/example_dags/example_sensors.py for tasks to queue
[2024-05-08T14:08:34.820+0000] {logging_mixin.py:188} INFO - [2024-05-08T14:08:34.819+0000] {dagbag.py:545} INFO - Filling up the DagBag from /home/airflow/.local/lib/python3.12/site-packages/airflow/example_dags/example_sensors.py
[2024-05-08T14:08:34.832+0000] {processor.py:840} INFO - DAG(s) 'example_sensors' retrieved from /home/airflow/.local/lib/python3.12/site-packages/airflow/example_dags/example_sensors.py
[2024-05-08T14:08:34.866+0000] {logging_mixin.py:188} INFO - [2024-05-08T14:08:34.866+0000] {dag.py:3096} INFO - Sync 1 DAGs
[2024-05-08T14:08:34.883+0000] {logging_mixin.py:188} INFO - [2024-05-08T14:08:34.883+0000] {dag.py:3954} INFO - Setting next_dagrun for example_sensors to None, run_after=None
[2024-05-08T14:08:34.911+0000] {processor.py:183} INFO - Processing /home/airflow/.local/lib/python3.12/site-packages/airflow/example_dags/example_sensors.py took 0.106 seconds
[2024-05-08T14:09:05.139+0000] {processor.py:161} INFO - Started process (PID=2555) to work on /home/airflow/.local/lib/python3.12/site-packages/airflow/example_dags/example_sensors.py
[2024-05-08T14:09:05.141+0000] {processor.py:830} INFO - Processing file /home/airflow/.local/lib/python3.12/site-packages/airflow/example_dags/example_sensors.py for tasks to queue
[2024-05-08T14:09:05.144+0000] {logging_mixin.py:188} INFO - [2024-05-08T14:09:05.143+0000] {dagbag.py:545} INFO - Filling up the DagBag from /home/airflow/.local/lib/python3.12/site-packages/airflow/example_dags/example_sensors.py
[2024-05-08T14:09:05.155+0000] {processor.py:840} INFO - DAG(s) 'example_sensors' retrieved from /home/airflow/.local/lib/python3.12/site-packages/airflow/example_dags/example_sensors.py
[2024-05-08T14:09:05.196+0000] {logging_mixin.py:188} INFO - [2024-05-08T14:09:05.195+0000] {dag.py:3096} INFO - Sync 1 DAGs
[2024-05-08T14:09:05.212+0000] {logging_mixin.py:188} INFO - [2024-05-08T14:09:05.211+0000] {dag.py:3954} INFO - Setting next_dagrun for example_sensors to None, run_after=None
[2024-05-08T14:09:05.245+0000] {processor.py:183} INFO - Processing /home/airflow/.local/lib/python3.12/site-packages/airflow/example_dags/example_sensors.py took 0.114 seconds
[2024-05-08T14:09:35.767+0000] {processor.py:161} INFO - Started process (PID=2615) to work on /home/airflow/.local/lib/python3.12/site-packages/airflow/example_dags/example_sensors.py
[2024-05-08T14:09:35.768+0000] {processor.py:830} INFO - Processing file /home/airflow/.local/lib/python3.12/site-packages/airflow/example_dags/example_sensors.py for tasks to queue
[2024-05-08T14:09:35.772+0000] {logging_mixin.py:188} INFO - [2024-05-08T14:09:35.771+0000] {dagbag.py:545} INFO - Filling up the DagBag from /home/airflow/.local/lib/python3.12/site-packages/airflow/example_dags/example_sensors.py
[2024-05-08T14:09:35.787+0000] {processor.py:840} INFO - DAG(s) 'example_sensors' retrieved from /home/airflow/.local/lib/python3.12/site-packages/airflow/example_dags/example_sensors.py
[2024-05-08T14:09:35.832+0000] {logging_mixin.py:188} INFO - [2024-05-08T14:09:35.832+0000] {dag.py:3096} INFO - Sync 1 DAGs
[2024-05-08T14:09:35.855+0000] {logging_mixin.py:188} INFO - [2024-05-08T14:09:35.855+0000] {dag.py:3954} INFO - Setting next_dagrun for example_sensors to None, run_after=None
[2024-05-08T14:09:35.890+0000] {processor.py:183} INFO - Processing /home/airflow/.local/lib/python3.12/site-packages/airflow/example_dags/example_sensors.py took 0.134 seconds
[2024-05-08T14:10:06.038+0000] {processor.py:161} INFO - Started process (PID=2675) to work on /home/airflow/.local/lib/python3.12/site-packages/airflow/example_dags/example_sensors.py
[2024-05-08T14:10:06.039+0000] {processor.py:830} INFO - Processing file /home/airflow/.local/lib/python3.12/site-packages/airflow/example_dags/example_sensors.py for tasks to queue
[2024-05-08T14:10:06.042+0000] {logging_mixin.py:188} INFO - [2024-05-08T14:10:06.042+0000] {dagbag.py:545} INFO - Filling up the DagBag from /home/airflow/.local/lib/python3.12/site-packages/airflow/example_dags/example_sensors.py
[2024-05-08T14:10:06.053+0000] {processor.py:840} INFO - DAG(s) 'example_sensors' retrieved from /home/airflow/.local/lib/python3.12/site-packages/airflow/example_dags/example_sensors.py
[2024-05-08T14:10:06.092+0000] {logging_mixin.py:188} INFO - [2024-05-08T14:10:06.091+0000] {dag.py:3096} INFO - Sync 1 DAGs
[2024-05-08T14:10:06.112+0000] {logging_mixin.py:188} INFO - [2024-05-08T14:10:06.112+0000] {dag.py:3954} INFO - Setting next_dagrun for example_sensors to None, run_after=None
[2024-05-08T14:10:06.145+0000] {processor.py:183} INFO - Processing /home/airflow/.local/lib/python3.12/site-packages/airflow/example_dags/example_sensors.py took 0.115 seconds
[2024-05-08T14:10:36.581+0000] {processor.py:161} INFO - Started process (PID=2735) to work on /home/airflow/.local/lib/python3.12/site-packages/airflow/example_dags/example_sensors.py
[2024-05-08T14:10:36.583+0000] {processor.py:830} INFO - Processing file /home/airflow/.local/lib/python3.12/site-packages/airflow/example_dags/example_sensors.py for tasks to queue
[2024-05-08T14:10:36.587+0000] {logging_mixin.py:188} INFO - [2024-05-08T14:10:36.586+0000] {dagbag.py:545} INFO - Filling up the DagBag from /home/airflow/.local/lib/python3.12/site-packages/airflow/example_dags/example_sensors.py
[2024-05-08T14:10:36.599+0000] {processor.py:840} INFO - DAG(s) 'example_sensors' retrieved from /home/airflow/.local/lib/python3.12/site-packages/airflow/example_dags/example_sensors.py
[2024-05-08T14:10:36.635+0000] {logging_mixin.py:188} INFO - [2024-05-08T14:10:36.634+0000] {dag.py:3096} INFO - Sync 1 DAGs
[2024-05-08T14:10:36.650+0000] {logging_mixin.py:188} INFO - [2024-05-08T14:10:36.649+0000] {dag.py:3954} INFO - Setting next_dagrun for example_sensors to None, run_after=None
[2024-05-08T14:10:36.679+0000] {processor.py:183} INFO - Processing /home/airflow/.local/lib/python3.12/site-packages/airflow/example_dags/example_sensors.py took 0.111 seconds
[2024-05-08T14:11:06.917+0000] {processor.py:161} INFO - Started process (PID=2795) to work on /home/airflow/.local/lib/python3.12/site-packages/airflow/example_dags/example_sensors.py
[2024-05-08T14:11:06.918+0000] {processor.py:830} INFO - Processing file /home/airflow/.local/lib/python3.12/site-packages/airflow/example_dags/example_sensors.py for tasks to queue
[2024-05-08T14:11:06.921+0000] {logging_mixin.py:188} INFO - [2024-05-08T14:11:06.920+0000] {dagbag.py:545} INFO - Filling up the DagBag from /home/airflow/.local/lib/python3.12/site-packages/airflow/example_dags/example_sensors.py
[2024-05-08T14:11:06.932+0000] {processor.py:840} INFO - DAG(s) 'example_sensors' retrieved from /home/airflow/.local/lib/python3.12/site-packages/airflow/example_dags/example_sensors.py
[2024-05-08T14:11:06.964+0000] {logging_mixin.py:188} INFO - [2024-05-08T14:11:06.964+0000] {dag.py:3096} INFO - Sync 1 DAGs
[2024-05-08T14:11:06.978+0000] {logging_mixin.py:188} INFO - [2024-05-08T14:11:06.978+0000] {dag.py:3954} INFO - Setting next_dagrun for example_sensors to None, run_after=None
[2024-05-08T14:11:07.003+0000] {processor.py:183} INFO - Processing /home/airflow/.local/lib/python3.12/site-packages/airflow/example_dags/example_sensors.py took 0.093 seconds
[2024-05-08T14:11:37.172+0000] {processor.py:161} INFO - Started process (PID=2855) to work on /home/airflow/.local/lib/python3.12/site-packages/airflow/example_dags/example_sensors.py
[2024-05-08T14:11:37.174+0000] {processor.py:830} INFO - Processing file /home/airflow/.local/lib/python3.12/site-packages/airflow/example_dags/example_sensors.py for tasks to queue
[2024-05-08T14:11:37.177+0000] {logging_mixin.py:188} INFO - [2024-05-08T14:11:37.177+0000] {dagbag.py:545} INFO - Filling up the DagBag from /home/airflow/.local/lib/python3.12/site-packages/airflow/example_dags/example_sensors.py
[2024-05-08T14:11:37.188+0000] {processor.py:840} INFO - DAG(s) 'example_sensors' retrieved from /home/airflow/.local/lib/python3.12/site-packages/airflow/example_dags/example_sensors.py
[2024-05-08T14:11:37.219+0000] {logging_mixin.py:188} INFO - [2024-05-08T14:11:37.219+0000] {dag.py:3096} INFO - Sync 1 DAGs
[2024-05-08T14:11:37.234+0000] {logging_mixin.py:188} INFO - [2024-05-08T14:11:37.234+0000] {dag.py:3954} INFO - Setting next_dagrun for example_sensors to None, run_after=None
[2024-05-08T14:11:37.262+0000] {processor.py:183} INFO - Processing /home/airflow/.local/lib/python3.12/site-packages/airflow/example_dags/example_sensors.py took 0.099 seconds
[2024-05-08T14:12:07.804+0000] {processor.py:161} INFO - Started process (PID=2915) to work on /home/airflow/.local/lib/python3.12/site-packages/airflow/example_dags/example_sensors.py
[2024-05-08T14:12:07.806+0000] {processor.py:830} INFO - Processing file /home/airflow/.local/lib/python3.12/site-packages/airflow/example_dags/example_sensors.py for tasks to queue
[2024-05-08T14:12:07.809+0000] {logging_mixin.py:188} INFO - [2024-05-08T14:12:07.808+0000] {dagbag.py:545} INFO - Filling up the DagBag from /home/airflow/.local/lib/python3.12/site-packages/airflow/example_dags/example_sensors.py
[2024-05-08T14:12:07.820+0000] {processor.py:840} INFO - DAG(s) 'example_sensors' retrieved from /home/airflow/.local/lib/python3.12/site-packages/airflow/example_dags/example_sensors.py
[2024-05-08T14:12:07.854+0000] {logging_mixin.py:188} INFO - [2024-05-08T14:12:07.853+0000] {dag.py:3096} INFO - Sync 1 DAGs
[2024-05-08T14:12:07.876+0000] {logging_mixin.py:188} INFO - [2024-05-08T14:12:07.876+0000] {dag.py:3954} INFO - Setting next_dagrun for example_sensors to None, run_after=None
[2024-05-08T14:12:07.904+0000] {processor.py:183} INFO - Processing /home/airflow/.local/lib/python3.12/site-packages/airflow/example_dags/example_sensors.py took 0.107 seconds
[2024-05-08T14:12:38.100+0000] {processor.py:161} INFO - Started process (PID=2973) to work on /home/airflow/.local/lib/python3.12/site-packages/airflow/example_dags/example_sensors.py
[2024-05-08T14:12:38.102+0000] {processor.py:830} INFO - Processing file /home/airflow/.local/lib/python3.12/site-packages/airflow/example_dags/example_sensors.py for tasks to queue
[2024-05-08T14:12:38.105+0000] {logging_mixin.py:188} INFO - [2024-05-08T14:12:38.104+0000] {dagbag.py:545} INFO - Filling up the DagBag from /home/airflow/.local/lib/python3.12/site-packages/airflow/example_dags/example_sensors.py
[2024-05-08T14:12:38.115+0000] {processor.py:840} INFO - DAG(s) 'example_sensors' retrieved from /home/airflow/.local/lib/python3.12/site-packages/airflow/example_dags/example_sensors.py
[2024-05-08T14:12:38.146+0000] {logging_mixin.py:188} INFO - [2024-05-08T14:12:38.146+0000] {dag.py:3096} INFO - Sync 1 DAGs
[2024-05-08T14:12:38.160+0000] {logging_mixin.py:188} INFO - [2024-05-08T14:12:38.160+0000] {dag.py:3954} INFO - Setting next_dagrun for example_sensors to None, run_after=None
[2024-05-08T14:12:38.184+0000] {processor.py:183} INFO - Processing /home/airflow/.local/lib/python3.12/site-packages/airflow/example_dags/example_sensors.py took 0.092 seconds
[2024-05-08T14:13:08.290+0000] {processor.py:161} INFO - Started process (PID=3033) to work on /home/airflow/.local/lib/python3.12/site-packages/airflow/example_dags/example_sensors.py
[2024-05-08T14:13:08.292+0000] {processor.py:830} INFO - Processing file /home/airflow/.local/lib/python3.12/site-packages/airflow/example_dags/example_sensors.py for tasks to queue
[2024-05-08T14:13:08.295+0000] {logging_mixin.py:188} INFO - [2024-05-08T14:13:08.295+0000] {dagbag.py:545} INFO - Filling up the DagBag from /home/airflow/.local/lib/python3.12/site-packages/airflow/example_dags/example_sensors.py
[2024-05-08T14:13:08.306+0000] {processor.py:840} INFO - DAG(s) 'example_sensors' retrieved from /home/airflow/.local/lib/python3.12/site-packages/airflow/example_dags/example_sensors.py
[2024-05-08T14:13:08.339+0000] {logging_mixin.py:188} INFO - [2024-05-08T14:13:08.339+0000] {dag.py:3096} INFO - Sync 1 DAGs
[2024-05-08T14:13:08.353+0000] {logging_mixin.py:188} INFO - [2024-05-08T14:13:08.353+0000] {dag.py:3954} INFO - Setting next_dagrun for example_sensors to None, run_after=None
[2024-05-08T14:13:08.377+0000] {processor.py:183} INFO - Processing /home/airflow/.local/lib/python3.12/site-packages/airflow/example_dags/example_sensors.py took 0.097 seconds
[2024-05-08T14:13:38.461+0000] {processor.py:161} INFO - Started process (PID=3093) to work on /home/airflow/.local/lib/python3.12/site-packages/airflow/example_dags/example_sensors.py
[2024-05-08T14:13:38.463+0000] {processor.py:830} INFO - Processing file /home/airflow/.local/lib/python3.12/site-packages/airflow/example_dags/example_sensors.py for tasks to queue
[2024-05-08T14:13:38.466+0000] {logging_mixin.py:188} INFO - [2024-05-08T14:13:38.466+0000] {dagbag.py:545} INFO - Filling up the DagBag from /home/airflow/.local/lib/python3.12/site-packages/airflow/example_dags/example_sensors.py
[2024-05-08T14:13:38.483+0000] {processor.py:840} INFO - DAG(s) 'example_sensors' retrieved from /home/airflow/.local/lib/python3.12/site-packages/airflow/example_dags/example_sensors.py
[2024-05-08T14:13:38.527+0000] {logging_mixin.py:188} INFO - [2024-05-08T14:13:38.526+0000] {dag.py:3096} INFO - Sync 1 DAGs
[2024-05-08T14:13:38.545+0000] {logging_mixin.py:188} INFO - [2024-05-08T14:13:38.544+0000] {dag.py:3954} INFO - Setting next_dagrun for example_sensors to None, run_after=None
[2024-05-08T14:13:38.574+0000] {processor.py:183} INFO - Processing /home/airflow/.local/lib/python3.12/site-packages/airflow/example_dags/example_sensors.py took 0.125 seconds
[2024-05-08T14:14:08.621+0000] {processor.py:161} INFO - Started process (PID=3153) to work on /home/airflow/.local/lib/python3.12/site-packages/airflow/example_dags/example_sensors.py
[2024-05-08T14:14:08.623+0000] {processor.py:830} INFO - Processing file /home/airflow/.local/lib/python3.12/site-packages/airflow/example_dags/example_sensors.py for tasks to queue
[2024-05-08T14:14:08.625+0000] {logging_mixin.py:188} INFO - [2024-05-08T14:14:08.625+0000] {dagbag.py:545} INFO - Filling up the DagBag from /home/airflow/.local/lib/python3.12/site-packages/airflow/example_dags/example_sensors.py
[2024-05-08T14:14:08.635+0000] {processor.py:840} INFO - DAG(s) 'example_sensors' retrieved from /home/airflow/.local/lib/python3.12/site-packages/airflow/example_dags/example_sensors.py
[2024-05-08T14:14:08.664+0000] {logging_mixin.py:188} INFO - [2024-05-08T14:14:08.663+0000] {dag.py:3096} INFO - Sync 1 DAGs
[2024-05-08T14:14:08.677+0000] {logging_mixin.py:188} INFO - [2024-05-08T14:14:08.677+0000] {dag.py:3954} INFO - Setting next_dagrun for example_sensors to None, run_after=None
[2024-05-08T14:14:08.700+0000] {processor.py:183} INFO - Processing /home/airflow/.local/lib/python3.12/site-packages/airflow/example_dags/example_sensors.py took 0.088 seconds
[2024-05-08T14:14:39.610+0000] {processor.py:161} INFO - Started process (PID=3213) to work on /home/airflow/.local/lib/python3.12/site-packages/airflow/example_dags/example_sensors.py
[2024-05-08T14:14:39.613+0000] {processor.py:830} INFO - Processing file /home/airflow/.local/lib/python3.12/site-packages/airflow/example_dags/example_sensors.py for tasks to queue
[2024-05-08T14:14:39.615+0000] {logging_mixin.py:188} INFO - [2024-05-08T14:14:39.614+0000] {dagbag.py:545} INFO - Filling up the DagBag from /home/airflow/.local/lib/python3.12/site-packages/airflow/example_dags/example_sensors.py
[2024-05-08T14:14:39.625+0000] {processor.py:840} INFO - DAG(s) 'example_sensors' retrieved from /home/airflow/.local/lib/python3.12/site-packages/airflow/example_dags/example_sensors.py
[2024-05-08T14:14:39.658+0000] {logging_mixin.py:188} INFO - [2024-05-08T14:14:39.657+0000] {dag.py:3096} INFO - Sync 1 DAGs
[2024-05-08T14:14:39.672+0000] {logging_mixin.py:188} INFO - [2024-05-08T14:14:39.672+0000] {dag.py:3954} INFO - Setting next_dagrun for example_sensors to None, run_after=None
[2024-05-08T14:14:39.697+0000] {processor.py:183} INFO - Processing /home/airflow/.local/lib/python3.12/site-packages/airflow/example_dags/example_sensors.py took 0.093 seconds
[2024-05-08T14:15:10.431+0000] {processor.py:161} INFO - Started process (PID=3273) to work on /home/airflow/.local/lib/python3.12/site-packages/airflow/example_dags/example_sensors.py
[2024-05-08T14:15:10.433+0000] {processor.py:830} INFO - Processing file /home/airflow/.local/lib/python3.12/site-packages/airflow/example_dags/example_sensors.py for tasks to queue
[2024-05-08T14:15:10.436+0000] {logging_mixin.py:188} INFO - [2024-05-08T14:15:10.436+0000] {dagbag.py:545} INFO - Filling up the DagBag from /home/airflow/.local/lib/python3.12/site-packages/airflow/example_dags/example_sensors.py
[2024-05-08T14:15:10.446+0000] {processor.py:840} INFO - DAG(s) 'example_sensors' retrieved from /home/airflow/.local/lib/python3.12/site-packages/airflow/example_dags/example_sensors.py
[2024-05-08T14:15:10.476+0000] {logging_mixin.py:188} INFO - [2024-05-08T14:15:10.476+0000] {dag.py:3096} INFO - Sync 1 DAGs
[2024-05-08T14:15:10.491+0000] {logging_mixin.py:188} INFO - [2024-05-08T14:15:10.491+0000] {dag.py:3954} INFO - Setting next_dagrun for example_sensors to None, run_after=None
[2024-05-08T14:15:10.515+0000] {processor.py:183} INFO - Processing /home/airflow/.local/lib/python3.12/site-packages/airflow/example_dags/example_sensors.py took 0.093 seconds
[2024-05-08T14:15:40.555+0000] {processor.py:161} INFO - Started process (PID=3333) to work on /home/airflow/.local/lib/python3.12/site-packages/airflow/example_dags/example_sensors.py
[2024-05-08T14:15:40.557+0000] {processor.py:830} INFO - Processing file /home/airflow/.local/lib/python3.12/site-packages/airflow/example_dags/example_sensors.py for tasks to queue
[2024-05-08T14:15:40.559+0000] {logging_mixin.py:188} INFO - [2024-05-08T14:15:40.559+0000] {dagbag.py:545} INFO - Filling up the DagBag from /home/airflow/.local/lib/python3.12/site-packages/airflow/example_dags/example_sensors.py
[2024-05-08T14:15:40.569+0000] {processor.py:840} INFO - DAG(s) 'example_sensors' retrieved from /home/airflow/.local/lib/python3.12/site-packages/airflow/example_dags/example_sensors.py
[2024-05-08T14:15:40.606+0000] {logging_mixin.py:188} INFO - [2024-05-08T14:15:40.606+0000] {dag.py:3096} INFO - Sync 1 DAGs
[2024-05-08T14:15:40.622+0000] {logging_mixin.py:188} INFO - [2024-05-08T14:15:40.622+0000] {dag.py:3954} INFO - Setting next_dagrun for example_sensors to None, run_after=None
[2024-05-08T14:15:40.649+0000] {processor.py:183} INFO - Processing /home/airflow/.local/lib/python3.12/site-packages/airflow/example_dags/example_sensors.py took 0.101 seconds
[2024-05-08T14:16:10.692+0000] {processor.py:161} INFO - Started process (PID=3393) to work on /home/airflow/.local/lib/python3.12/site-packages/airflow/example_dags/example_sensors.py
[2024-05-08T14:16:10.694+0000] {processor.py:830} INFO - Processing file /home/airflow/.local/lib/python3.12/site-packages/airflow/example_dags/example_sensors.py for tasks to queue
[2024-05-08T14:16:10.696+0000] {logging_mixin.py:188} INFO - [2024-05-08T14:16:10.696+0000] {dagbag.py:545} INFO - Filling up the DagBag from /home/airflow/.local/lib/python3.12/site-packages/airflow/example_dags/example_sensors.py
[2024-05-08T14:16:10.707+0000] {processor.py:840} INFO - DAG(s) 'example_sensors' retrieved from /home/airflow/.local/lib/python3.12/site-packages/airflow/example_dags/example_sensors.py
[2024-05-08T14:16:10.739+0000] {logging_mixin.py:188} INFO - [2024-05-08T14:16:10.739+0000] {dag.py:3096} INFO - Sync 1 DAGs
[2024-05-08T14:16:10.756+0000] {logging_mixin.py:188} INFO - [2024-05-08T14:16:10.755+0000] {dag.py:3954} INFO - Setting next_dagrun for example_sensors to None, run_after=None
[2024-05-08T14:16:10.783+0000] {processor.py:183} INFO - Processing /home/airflow/.local/lib/python3.12/site-packages/airflow/example_dags/example_sensors.py took 0.098 seconds
[2024-05-08T14:16:41.940+0000] {processor.py:161} INFO - Started process (PID=3453) to work on /home/airflow/.local/lib/python3.12/site-packages/airflow/example_dags/example_sensors.py
[2024-05-08T14:16:41.941+0000] {processor.py:830} INFO - Processing file /home/airflow/.local/lib/python3.12/site-packages/airflow/example_dags/example_sensors.py for tasks to queue
[2024-05-08T14:16:41.946+0000] {logging_mixin.py:188} INFO - [2024-05-08T14:16:41.945+0000] {dagbag.py:545} INFO - Filling up the DagBag from /home/airflow/.local/lib/python3.12/site-packages/airflow/example_dags/example_sensors.py
[2024-05-08T14:16:41.958+0000] {processor.py:840} INFO - DAG(s) 'example_sensors' retrieved from /home/airflow/.local/lib/python3.12/site-packages/airflow/example_dags/example_sensors.py
[2024-05-08T14:16:41.993+0000] {logging_mixin.py:188} INFO - [2024-05-08T14:16:41.993+0000] {dag.py:3096} INFO - Sync 1 DAGs
[2024-05-08T14:16:42.009+0000] {logging_mixin.py:188} INFO - [2024-05-08T14:16:42.009+0000] {dag.py:3954} INFO - Setting next_dagrun for example_sensors to None, run_after=None
[2024-05-08T14:16:42.040+0000] {processor.py:183} INFO - Processing /home/airflow/.local/lib/python3.12/site-packages/airflow/example_dags/example_sensors.py took 0.111 seconds
[2024-05-08T14:17:12.126+0000] {processor.py:161} INFO - Started process (PID=3513) to work on /home/airflow/.local/lib/python3.12/site-packages/airflow/example_dags/example_sensors.py
[2024-05-08T14:17:12.127+0000] {processor.py:830} INFO - Processing file /home/airflow/.local/lib/python3.12/site-packages/airflow/example_dags/example_sensors.py for tasks to queue
[2024-05-08T14:17:12.130+0000] {logging_mixin.py:188} INFO - [2024-05-08T14:17:12.129+0000] {dagbag.py:545} INFO - Filling up the DagBag from /home/airflow/.local/lib/python3.12/site-packages/airflow/example_dags/example_sensors.py
[2024-05-08T14:17:12.144+0000] {processor.py:840} INFO - DAG(s) 'example_sensors' retrieved from /home/airflow/.local/lib/python3.12/site-packages/airflow/example_dags/example_sensors.py
[2024-05-08T14:17:12.176+0000] {logging_mixin.py:188} INFO - [2024-05-08T14:17:12.176+0000] {dag.py:3096} INFO - Sync 1 DAGs
[2024-05-08T14:17:12.195+0000] {logging_mixin.py:188} INFO - [2024-05-08T14:17:12.195+0000] {dag.py:3954} INFO - Setting next_dagrun for example_sensors to None, run_after=None
[2024-05-08T14:17:12.224+0000] {processor.py:183} INFO - Processing /home/airflow/.local/lib/python3.12/site-packages/airflow/example_dags/example_sensors.py took 0.106 seconds
[2024-05-08T14:17:42.865+0000] {processor.py:161} INFO - Started process (PID=3567) to work on /home/airflow/.local/lib/python3.12/site-packages/airflow/example_dags/example_sensors.py
[2024-05-08T14:17:42.867+0000] {processor.py:830} INFO - Processing file /home/airflow/.local/lib/python3.12/site-packages/airflow/example_dags/example_sensors.py for tasks to queue
[2024-05-08T14:17:42.869+0000] {logging_mixin.py:188} INFO - [2024-05-08T14:17:42.869+0000] {dagbag.py:545} INFO - Filling up the DagBag from /home/airflow/.local/lib/python3.12/site-packages/airflow/example_dags/example_sensors.py
[2024-05-08T14:17:42.880+0000] {processor.py:840} INFO - DAG(s) 'example_sensors' retrieved from /home/airflow/.local/lib/python3.12/site-packages/airflow/example_dags/example_sensors.py
[2024-05-08T14:17:42.911+0000] {logging_mixin.py:188} INFO - [2024-05-08T14:17:42.910+0000] {dag.py:3096} INFO - Sync 1 DAGs
[2024-05-08T14:17:42.925+0000] {logging_mixin.py:188} INFO - [2024-05-08T14:17:42.925+0000] {dag.py:3954} INFO - Setting next_dagrun for example_sensors to None, run_after=None
[2024-05-08T14:17:42.949+0000] {processor.py:183} INFO - Processing /home/airflow/.local/lib/python3.12/site-packages/airflow/example_dags/example_sensors.py took 0.090 seconds
[2024-05-08T14:18:13.272+0000] {processor.py:161} INFO - Started process (PID=3627) to work on /home/airflow/.local/lib/python3.12/site-packages/airflow/example_dags/example_sensors.py
[2024-05-08T14:18:13.274+0000] {processor.py:830} INFO - Processing file /home/airflow/.local/lib/python3.12/site-packages/airflow/example_dags/example_sensors.py for tasks to queue
[2024-05-08T14:18:13.277+0000] {logging_mixin.py:188} INFO - [2024-05-08T14:18:13.276+0000] {dagbag.py:545} INFO - Filling up the DagBag from /home/airflow/.local/lib/python3.12/site-packages/airflow/example_dags/example_sensors.py
[2024-05-08T14:18:13.292+0000] {processor.py:840} INFO - DAG(s) 'example_sensors' retrieved from /home/airflow/.local/lib/python3.12/site-packages/airflow/example_dags/example_sensors.py
[2024-05-08T14:18:13.326+0000] {logging_mixin.py:188} INFO - [2024-05-08T14:18:13.326+0000] {dag.py:3096} INFO - Sync 1 DAGs
[2024-05-08T14:18:13.345+0000] {logging_mixin.py:188} INFO - [2024-05-08T14:18:13.345+0000] {dag.py:3954} INFO - Setting next_dagrun for example_sensors to None, run_after=None
[2024-05-08T14:18:13.386+0000] {processor.py:183} INFO - Processing /home/airflow/.local/lib/python3.12/site-packages/airflow/example_dags/example_sensors.py took 0.121 seconds
[2024-05-08T14:18:43.553+0000] {processor.py:161} INFO - Started process (PID=3686) to work on /home/airflow/.local/lib/python3.12/site-packages/airflow/example_dags/example_sensors.py
[2024-05-08T14:18:43.555+0000] {processor.py:830} INFO - Processing file /home/airflow/.local/lib/python3.12/site-packages/airflow/example_dags/example_sensors.py for tasks to queue
[2024-05-08T14:18:43.557+0000] {logging_mixin.py:188} INFO - [2024-05-08T14:18:43.557+0000] {dagbag.py:545} INFO - Filling up the DagBag from /home/airflow/.local/lib/python3.12/site-packages/airflow/example_dags/example_sensors.py
[2024-05-08T14:18:43.569+0000] {processor.py:840} INFO - DAG(s) 'example_sensors' retrieved from /home/airflow/.local/lib/python3.12/site-packages/airflow/example_dags/example_sensors.py
[2024-05-08T14:18:43.605+0000] {logging_mixin.py:188} INFO - [2024-05-08T14:18:43.605+0000] {dag.py:3096} INFO - Sync 1 DAGs
[2024-05-08T14:18:43.621+0000] {logging_mixin.py:188} INFO - [2024-05-08T14:18:43.621+0000] {dag.py:3954} INFO - Setting next_dagrun for example_sensors to None, run_after=None
[2024-05-08T14:18:43.655+0000] {processor.py:183} INFO - Processing /home/airflow/.local/lib/python3.12/site-packages/airflow/example_dags/example_sensors.py took 0.112 seconds
[2024-05-08T14:19:13.767+0000] {processor.py:161} INFO - Started process (PID=3746) to work on /home/airflow/.local/lib/python3.12/site-packages/airflow/example_dags/example_sensors.py
[2024-05-08T14:19:13.769+0000] {processor.py:830} INFO - Processing file /home/airflow/.local/lib/python3.12/site-packages/airflow/example_dags/example_sensors.py for tasks to queue
[2024-05-08T14:19:13.771+0000] {logging_mixin.py:188} INFO - [2024-05-08T14:19:13.771+0000] {dagbag.py:545} INFO - Filling up the DagBag from /home/airflow/.local/lib/python3.12/site-packages/airflow/example_dags/example_sensors.py
[2024-05-08T14:19:13.785+0000] {processor.py:840} INFO - DAG(s) 'example_sensors' retrieved from /home/airflow/.local/lib/python3.12/site-packages/airflow/example_dags/example_sensors.py
[2024-05-08T14:19:13.825+0000] {logging_mixin.py:188} INFO - [2024-05-08T14:19:13.824+0000] {dag.py:3096} INFO - Sync 1 DAGs
[2024-05-08T14:19:13.841+0000] {logging_mixin.py:188} INFO - [2024-05-08T14:19:13.841+0000] {dag.py:3954} INFO - Setting next_dagrun for example_sensors to None, run_after=None
[2024-05-08T14:19:13.868+0000] {processor.py:183} INFO - Processing /home/airflow/.local/lib/python3.12/site-packages/airflow/example_dags/example_sensors.py took 0.110 seconds
[2024-05-08T14:19:44.114+0000] {processor.py:161} INFO - Started process (PID=3806) to work on /home/airflow/.local/lib/python3.12/site-packages/airflow/example_dags/example_sensors.py
[2024-05-08T14:19:44.116+0000] {processor.py:830} INFO - Processing file /home/airflow/.local/lib/python3.12/site-packages/airflow/example_dags/example_sensors.py for tasks to queue
[2024-05-08T14:19:44.118+0000] {logging_mixin.py:188} INFO - [2024-05-08T14:19:44.118+0000] {dagbag.py:545} INFO - Filling up the DagBag from /home/airflow/.local/lib/python3.12/site-packages/airflow/example_dags/example_sensors.py
[2024-05-08T14:19:44.129+0000] {processor.py:840} INFO - DAG(s) 'example_sensors' retrieved from /home/airflow/.local/lib/python3.12/site-packages/airflow/example_dags/example_sensors.py
[2024-05-08T14:19:44.160+0000] {logging_mixin.py:188} INFO - [2024-05-08T14:19:44.160+0000] {dag.py:3096} INFO - Sync 1 DAGs
[2024-05-08T14:19:44.175+0000] {logging_mixin.py:188} INFO - [2024-05-08T14:19:44.175+0000] {dag.py:3954} INFO - Setting next_dagrun for example_sensors to None, run_after=None
[2024-05-08T14:19:44.205+0000] {processor.py:183} INFO - Processing /home/airflow/.local/lib/python3.12/site-packages/airflow/example_dags/example_sensors.py took 0.098 seconds
[2024-05-08T14:20:14.301+0000] {processor.py:161} INFO - Started process (PID=3866) to work on /home/airflow/.local/lib/python3.12/site-packages/airflow/example_dags/example_sensors.py
[2024-05-08T14:20:14.302+0000] {processor.py:830} INFO - Processing file /home/airflow/.local/lib/python3.12/site-packages/airflow/example_dags/example_sensors.py for tasks to queue
[2024-05-08T14:20:14.305+0000] {logging_mixin.py:188} INFO - [2024-05-08T14:20:14.304+0000] {dagbag.py:545} INFO - Filling up the DagBag from /home/airflow/.local/lib/python3.12/site-packages/airflow/example_dags/example_sensors.py
[2024-05-08T14:20:14.317+0000] {processor.py:840} INFO - DAG(s) 'example_sensors' retrieved from /home/airflow/.local/lib/python3.12/site-packages/airflow/example_dags/example_sensors.py
[2024-05-08T14:20:14.352+0000] {logging_mixin.py:188} INFO - [2024-05-08T14:20:14.351+0000] {dag.py:3096} INFO - Sync 1 DAGs
[2024-05-08T14:20:14.369+0000] {logging_mixin.py:188} INFO - [2024-05-08T14:20:14.368+0000] {dag.py:3954} INFO - Setting next_dagrun for example_sensors to None, run_after=None
[2024-05-08T14:20:14.401+0000] {processor.py:183} INFO - Processing /home/airflow/.local/lib/python3.12/site-packages/airflow/example_dags/example_sensors.py took 0.110 seconds
[2024-05-08T14:20:44.640+0000] {processor.py:161} INFO - Started process (PID=3918) to work on /home/airflow/.local/lib/python3.12/site-packages/airflow/example_dags/example_sensors.py
[2024-05-08T14:20:44.642+0000] {processor.py:830} INFO - Processing file /home/airflow/.local/lib/python3.12/site-packages/airflow/example_dags/example_sensors.py for tasks to queue
[2024-05-08T14:20:44.645+0000] {logging_mixin.py:188} INFO - [2024-05-08T14:20:44.645+0000] {dagbag.py:545} INFO - Filling up the DagBag from /home/airflow/.local/lib/python3.12/site-packages/airflow/example_dags/example_sensors.py
[2024-05-08T14:20:44.655+0000] {processor.py:840} INFO - DAG(s) 'example_sensors' retrieved from /home/airflow/.local/lib/python3.12/site-packages/airflow/example_dags/example_sensors.py
[2024-05-08T14:20:44.687+0000] {logging_mixin.py:188} INFO - [2024-05-08T14:20:44.687+0000] {dag.py:3096} INFO - Sync 1 DAGs
[2024-05-08T14:20:44.702+0000] {logging_mixin.py:188} INFO - [2024-05-08T14:20:44.702+0000] {dag.py:3954} INFO - Setting next_dagrun for example_sensors to None, run_after=None
[2024-05-08T14:20:44.727+0000] {processor.py:183} INFO - Processing /home/airflow/.local/lib/python3.12/site-packages/airflow/example_dags/example_sensors.py took 0.094 seconds
[2024-05-08T14:21:15.262+0000] {processor.py:161} INFO - Started process (PID=3978) to work on /home/airflow/.local/lib/python3.12/site-packages/airflow/example_dags/example_sensors.py
[2024-05-08T14:21:15.263+0000] {processor.py:830} INFO - Processing file /home/airflow/.local/lib/python3.12/site-packages/airflow/example_dags/example_sensors.py for tasks to queue
[2024-05-08T14:21:15.266+0000] {logging_mixin.py:188} INFO - [2024-05-08T14:21:15.266+0000] {dagbag.py:545} INFO - Filling up the DagBag from /home/airflow/.local/lib/python3.12/site-packages/airflow/example_dags/example_sensors.py
[2024-05-08T14:21:15.278+0000] {processor.py:840} INFO - DAG(s) 'example_sensors' retrieved from /home/airflow/.local/lib/python3.12/site-packages/airflow/example_dags/example_sensors.py
[2024-05-08T14:21:15.311+0000] {logging_mixin.py:188} INFO - [2024-05-08T14:21:15.311+0000] {dag.py:3096} INFO - Sync 1 DAGs
[2024-05-08T14:21:15.326+0000] {logging_mixin.py:188} INFO - [2024-05-08T14:21:15.326+0000] {dag.py:3954} INFO - Setting next_dagrun for example_sensors to None, run_after=None
[2024-05-08T14:21:15.354+0000] {processor.py:183} INFO - Processing /home/airflow/.local/lib/python3.12/site-packages/airflow/example_dags/example_sensors.py took 0.100 seconds
[2024-05-08T14:21:46.312+0000] {processor.py:161} INFO - Started process (PID=4034) to work on /home/airflow/.local/lib/python3.12/site-packages/airflow/example_dags/example_sensors.py
[2024-05-08T14:21:46.318+0000] {processor.py:830} INFO - Processing file /home/airflow/.local/lib/python3.12/site-packages/airflow/example_dags/example_sensors.py for tasks to queue
[2024-05-08T14:21:46.352+0000] {logging_mixin.py:188} INFO - [2024-05-08T14:21:46.352+0000] {dagbag.py:545} INFO - Filling up the DagBag from /home/airflow/.local/lib/python3.12/site-packages/airflow/example_dags/example_sensors.py
[2024-05-08T14:21:46.378+0000] {processor.py:840} INFO - DAG(s) 'example_sensors' retrieved from /home/airflow/.local/lib/python3.12/site-packages/airflow/example_dags/example_sensors.py
[2024-05-08T14:21:46.421+0000] {logging_mixin.py:188} INFO - [2024-05-08T14:21:46.421+0000] {dag.py:3096} INFO - Sync 1 DAGs
[2024-05-08T14:21:46.444+0000] {logging_mixin.py:188} INFO - [2024-05-08T14:21:46.443+0000] {dag.py:3954} INFO - Setting next_dagrun for example_sensors to None, run_after=None
[2024-05-08T14:21:46.481+0000] {processor.py:183} INFO - Processing /home/airflow/.local/lib/python3.12/site-packages/airflow/example_dags/example_sensors.py took 0.186 seconds
[2024-05-08T14:22:16.551+0000] {processor.py:161} INFO - Started process (PID=4089) to work on /home/airflow/.local/lib/python3.12/site-packages/airflow/example_dags/example_sensors.py
[2024-05-08T14:22:16.553+0000] {processor.py:830} INFO - Processing file /home/airflow/.local/lib/python3.12/site-packages/airflow/example_dags/example_sensors.py for tasks to queue
[2024-05-08T14:22:16.555+0000] {logging_mixin.py:188} INFO - [2024-05-08T14:22:16.555+0000] {dagbag.py:545} INFO - Filling up the DagBag from /home/airflow/.local/lib/python3.12/site-packages/airflow/example_dags/example_sensors.py
[2024-05-08T14:22:16.566+0000] {processor.py:840} INFO - DAG(s) 'example_sensors' retrieved from /home/airflow/.local/lib/python3.12/site-packages/airflow/example_dags/example_sensors.py
[2024-05-08T14:22:16.636+0000] {logging_mixin.py:188} INFO - [2024-05-08T14:22:16.635+0000] {dag.py:3096} INFO - Sync 1 DAGs
[2024-05-08T14:22:16.655+0000] {logging_mixin.py:188} INFO - [2024-05-08T14:22:16.655+0000] {dag.py:3954} INFO - Setting next_dagrun for example_sensors to None, run_after=None
[2024-05-08T14:22:16.684+0000] {processor.py:183} INFO - Processing /home/airflow/.local/lib/python3.12/site-packages/airflow/example_dags/example_sensors.py took 0.140 seconds
[2024-05-08T14:22:46.757+0000] {processor.py:161} INFO - Started process (PID=4148) to work on /home/airflow/.local/lib/python3.12/site-packages/airflow/example_dags/example_sensors.py
[2024-05-08T14:22:46.759+0000] {processor.py:830} INFO - Processing file /home/airflow/.local/lib/python3.12/site-packages/airflow/example_dags/example_sensors.py for tasks to queue
[2024-05-08T14:22:46.762+0000] {logging_mixin.py:188} INFO - [2024-05-08T14:22:46.761+0000] {dagbag.py:545} INFO - Filling up the DagBag from /home/airflow/.local/lib/python3.12/site-packages/airflow/example_dags/example_sensors.py
[2024-05-08T14:22:46.776+0000] {processor.py:840} INFO - DAG(s) 'example_sensors' retrieved from /home/airflow/.local/lib/python3.12/site-packages/airflow/example_dags/example_sensors.py
[2024-05-08T14:22:46.824+0000] {logging_mixin.py:188} INFO - [2024-05-08T14:22:46.823+0000] {dag.py:3096} INFO - Sync 1 DAGs
[2024-05-08T14:22:46.865+0000] {logging_mixin.py:188} INFO - [2024-05-08T14:22:46.864+0000] {dag.py:3954} INFO - Setting next_dagrun for example_sensors to None, run_after=None
[2024-05-08T14:22:46.903+0000] {processor.py:183} INFO - Processing /home/airflow/.local/lib/python3.12/site-packages/airflow/example_dags/example_sensors.py took 0.161 seconds
[2024-05-08T14:23:17.049+0000] {processor.py:161} INFO - Started process (PID=4208) to work on /home/airflow/.local/lib/python3.12/site-packages/airflow/example_dags/example_sensors.py
[2024-05-08T14:23:17.051+0000] {processor.py:830} INFO - Processing file /home/airflow/.local/lib/python3.12/site-packages/airflow/example_dags/example_sensors.py for tasks to queue
[2024-05-08T14:23:17.054+0000] {logging_mixin.py:188} INFO - [2024-05-08T14:23:17.053+0000] {dagbag.py:545} INFO - Filling up the DagBag from /home/airflow/.local/lib/python3.12/site-packages/airflow/example_dags/example_sensors.py
[2024-05-08T14:23:17.067+0000] {processor.py:840} INFO - DAG(s) 'example_sensors' retrieved from /home/airflow/.local/lib/python3.12/site-packages/airflow/example_dags/example_sensors.py
[2024-05-08T14:23:17.102+0000] {logging_mixin.py:188} INFO - [2024-05-08T14:23:17.102+0000] {dag.py:3096} INFO - Sync 1 DAGs
[2024-05-08T14:23:17.118+0000] {logging_mixin.py:188} INFO - [2024-05-08T14:23:17.118+0000] {dag.py:3954} INFO - Setting next_dagrun for example_sensors to None, run_after=None
[2024-05-08T14:23:17.147+0000] {processor.py:183} INFO - Processing /home/airflow/.local/lib/python3.12/site-packages/airflow/example_dags/example_sensors.py took 0.105 seconds
