[2024-05-08T13:47:46.945+0000] {processor.py:161} INFO - Started process (PID=40) to work on /home/airflow/.local/lib/python3.12/site-packages/airflow/example_dags/example_sla_dag.py
[2024-05-08T13:47:46.950+0000] {processor.py:830} INFO - Processing file /home/airflow/.local/lib/python3.12/site-packages/airflow/example_dags/example_sla_dag.py for tasks to queue
[2024-05-08T13:47:46.960+0000] {logging_mixin.py:188} INFO - [2024-05-08T13:47:46.958+0000] {dagbag.py:545} INFO - Filling up the DagBag from /home/airflow/.local/lib/python3.12/site-packages/airflow/example_dags/example_sla_dag.py
[2024-05-08T13:47:46.999+0000] {processor.py:840} INFO - DAG(s) 'example_sla_dag' retrieved from /home/airflow/.local/lib/python3.12/site-packages/airflow/example_dags/example_sla_dag.py
[2024-05-08T13:47:47.074+0000] {logging_mixin.py:188} INFO - [2024-05-08T13:47:47.074+0000] {dag.py:3096} INFO - Sync 1 DAGs
[2024-05-08T13:47:47.168+0000] {logging_mixin.py:188} INFO - [2024-05-08T13:47:47.167+0000] {dag.py:3954} INFO - Setting next_dagrun for example_sla_dag to 2024-05-08 13:44:00+00:00, run_after=2024-05-08 13:46:00+00:00
[2024-05-08T13:47:47.228+0000] {processor.py:183} INFO - Processing /home/airflow/.local/lib/python3.12/site-packages/airflow/example_dags/example_sla_dag.py took 0.309 seconds
[2024-05-08T13:48:18.022+0000] {processor.py:161} INFO - Started process (PID=100) to work on /home/airflow/.local/lib/python3.12/site-packages/airflow/example_dags/example_sla_dag.py
[2024-05-08T13:48:18.024+0000] {processor.py:830} INFO - Processing file /home/airflow/.local/lib/python3.12/site-packages/airflow/example_dags/example_sla_dag.py for tasks to queue
[2024-05-08T13:48:18.027+0000] {logging_mixin.py:188} INFO - [2024-05-08T13:48:18.026+0000] {dagbag.py:545} INFO - Filling up the DagBag from /home/airflow/.local/lib/python3.12/site-packages/airflow/example_dags/example_sla_dag.py
[2024-05-08T13:48:18.038+0000] {processor.py:840} INFO - DAG(s) 'example_sla_dag' retrieved from /home/airflow/.local/lib/python3.12/site-packages/airflow/example_dags/example_sla_dag.py
[2024-05-08T13:48:18.067+0000] {logging_mixin.py:188} INFO - [2024-05-08T13:48:18.066+0000] {dag.py:3096} INFO - Sync 1 DAGs
[2024-05-08T13:48:18.100+0000] {logging_mixin.py:188} INFO - [2024-05-08T13:48:18.099+0000] {dag.py:3954} INFO - Setting next_dagrun for example_sla_dag to 2024-05-08 13:46:00+00:00, run_after=2024-05-08 13:48:00+00:00
[2024-05-08T13:48:18.130+0000] {processor.py:183} INFO - Processing /home/airflow/.local/lib/python3.12/site-packages/airflow/example_dags/example_sla_dag.py took 0.117 seconds
[2024-05-08T13:48:48.273+0000] {processor.py:161} INFO - Started process (PID=159) to work on /home/airflow/.local/lib/python3.12/site-packages/airflow/example_dags/example_sla_dag.py
[2024-05-08T13:48:48.275+0000] {processor.py:830} INFO - Processing file /home/airflow/.local/lib/python3.12/site-packages/airflow/example_dags/example_sla_dag.py for tasks to queue
[2024-05-08T13:48:48.278+0000] {logging_mixin.py:188} INFO - [2024-05-08T13:48:48.278+0000] {dagbag.py:545} INFO - Filling up the DagBag from /home/airflow/.local/lib/python3.12/site-packages/airflow/example_dags/example_sla_dag.py
[2024-05-08T13:48:48.288+0000] {processor.py:840} INFO - DAG(s) 'example_sla_dag' retrieved from /home/airflow/.local/lib/python3.12/site-packages/airflow/example_dags/example_sla_dag.py
[2024-05-08T13:48:48.311+0000] {logging_mixin.py:188} INFO - [2024-05-08T13:48:48.311+0000] {dag.py:3096} INFO - Sync 1 DAGs
[2024-05-08T13:48:48.338+0000] {logging_mixin.py:188} INFO - [2024-05-08T13:48:48.338+0000] {dag.py:3954} INFO - Setting next_dagrun for example_sla_dag to 2024-05-08 13:46:00+00:00, run_after=2024-05-08 13:48:00+00:00
[2024-05-08T13:48:48.362+0000] {processor.py:183} INFO - Processing /home/airflow/.local/lib/python3.12/site-packages/airflow/example_dags/example_sla_dag.py took 0.098 seconds
[2024-05-08T13:49:19.236+0000] {processor.py:161} INFO - Started process (PID=220) to work on /home/airflow/.local/lib/python3.12/site-packages/airflow/example_dags/example_sla_dag.py
[2024-05-08T13:49:19.239+0000] {processor.py:830} INFO - Processing file /home/airflow/.local/lib/python3.12/site-packages/airflow/example_dags/example_sla_dag.py for tasks to queue
[2024-05-08T13:49:19.242+0000] {logging_mixin.py:188} INFO - [2024-05-08T13:49:19.242+0000] {dagbag.py:545} INFO - Filling up the DagBag from /home/airflow/.local/lib/python3.12/site-packages/airflow/example_dags/example_sla_dag.py
[2024-05-08T13:49:19.261+0000] {processor.py:840} INFO - DAG(s) 'example_sla_dag' retrieved from /home/airflow/.local/lib/python3.12/site-packages/airflow/example_dags/example_sla_dag.py
[2024-05-08T13:49:19.293+0000] {logging_mixin.py:188} INFO - [2024-05-08T13:49:19.293+0000] {dag.py:3096} INFO - Sync 1 DAGs
[2024-05-08T13:49:19.330+0000] {logging_mixin.py:188} INFO - [2024-05-08T13:49:19.329+0000] {dag.py:3954} INFO - Setting next_dagrun for example_sla_dag to 2024-05-08 13:46:00+00:00, run_after=2024-05-08 13:48:00+00:00
[2024-05-08T13:49:19.355+0000] {processor.py:183} INFO - Processing /home/airflow/.local/lib/python3.12/site-packages/airflow/example_dags/example_sla_dag.py took 0.127 seconds
[2024-05-08T13:49:49.812+0000] {processor.py:161} INFO - Started process (PID=286) to work on /home/airflow/.local/lib/python3.12/site-packages/airflow/example_dags/example_sla_dag.py
[2024-05-08T13:49:49.814+0000] {processor.py:830} INFO - Processing file /home/airflow/.local/lib/python3.12/site-packages/airflow/example_dags/example_sla_dag.py for tasks to queue
[2024-05-08T13:49:49.816+0000] {logging_mixin.py:188} INFO - [2024-05-08T13:49:49.816+0000] {dagbag.py:545} INFO - Filling up the DagBag from /home/airflow/.local/lib/python3.12/site-packages/airflow/example_dags/example_sla_dag.py
[2024-05-08T13:49:49.826+0000] {processor.py:840} INFO - DAG(s) 'example_sla_dag' retrieved from /home/airflow/.local/lib/python3.12/site-packages/airflow/example_dags/example_sla_dag.py
[2024-05-08T13:49:49.849+0000] {logging_mixin.py:188} INFO - [2024-05-08T13:49:49.849+0000] {dag.py:3096} INFO - Sync 1 DAGs
[2024-05-08T13:49:49.882+0000] {logging_mixin.py:188} INFO - [2024-05-08T13:49:49.882+0000] {dag.py:3954} INFO - Setting next_dagrun for example_sla_dag to 2024-05-08 13:46:00+00:00, run_after=2024-05-08 13:48:00+00:00
[2024-05-08T13:49:49.919+0000] {processor.py:183} INFO - Processing /home/airflow/.local/lib/python3.12/site-packages/airflow/example_dags/example_sla_dag.py took 0.113 seconds
[2024-05-08T13:50:20.437+0000] {processor.py:161} INFO - Started process (PID=346) to work on /home/airflow/.local/lib/python3.12/site-packages/airflow/example_dags/example_sla_dag.py
[2024-05-08T13:50:20.439+0000] {processor.py:830} INFO - Processing file /home/airflow/.local/lib/python3.12/site-packages/airflow/example_dags/example_sla_dag.py for tasks to queue
[2024-05-08T13:50:20.442+0000] {logging_mixin.py:188} INFO - [2024-05-08T13:50:20.442+0000] {dagbag.py:545} INFO - Filling up the DagBag from /home/airflow/.local/lib/python3.12/site-packages/airflow/example_dags/example_sla_dag.py
[2024-05-08T13:50:20.455+0000] {processor.py:840} INFO - DAG(s) 'example_sla_dag' retrieved from /home/airflow/.local/lib/python3.12/site-packages/airflow/example_dags/example_sla_dag.py
[2024-05-08T13:50:20.494+0000] {logging_mixin.py:188} INFO - [2024-05-08T13:50:20.494+0000] {dag.py:3096} INFO - Sync 1 DAGs
[2024-05-08T13:50:20.524+0000] {logging_mixin.py:188} INFO - [2024-05-08T13:50:20.523+0000] {dag.py:3954} INFO - Setting next_dagrun for example_sla_dag to 2024-05-08 13:48:00+00:00, run_after=2024-05-08 13:50:00+00:00
[2024-05-08T13:50:20.547+0000] {processor.py:183} INFO - Processing /home/airflow/.local/lib/python3.12/site-packages/airflow/example_dags/example_sla_dag.py took 0.118 seconds
[2024-05-08T13:50:51.602+0000] {processor.py:161} INFO - Started process (PID=406) to work on /home/airflow/.local/lib/python3.12/site-packages/airflow/example_dags/example_sla_dag.py
[2024-05-08T13:50:51.604+0000] {processor.py:830} INFO - Processing file /home/airflow/.local/lib/python3.12/site-packages/airflow/example_dags/example_sla_dag.py for tasks to queue
[2024-05-08T13:50:51.608+0000] {logging_mixin.py:188} INFO - [2024-05-08T13:50:51.608+0000] {dagbag.py:545} INFO - Filling up the DagBag from /home/airflow/.local/lib/python3.12/site-packages/airflow/example_dags/example_sla_dag.py
[2024-05-08T13:50:51.622+0000] {processor.py:840} INFO - DAG(s) 'example_sla_dag' retrieved from /home/airflow/.local/lib/python3.12/site-packages/airflow/example_dags/example_sla_dag.py
[2024-05-08T13:50:51.658+0000] {logging_mixin.py:188} INFO - [2024-05-08T13:50:51.658+0000] {dag.py:3096} INFO - Sync 1 DAGs
[2024-05-08T13:50:51.692+0000] {logging_mixin.py:188} INFO - [2024-05-08T13:50:51.691+0000] {dag.py:3954} INFO - Setting next_dagrun for example_sla_dag to 2024-05-08 13:48:00+00:00, run_after=2024-05-08 13:50:00+00:00
[2024-05-08T13:50:51.721+0000] {processor.py:183} INFO - Processing /home/airflow/.local/lib/python3.12/site-packages/airflow/example_dags/example_sla_dag.py took 0.129 seconds
[2024-05-08T13:51:22.241+0000] {processor.py:161} INFO - Started process (PID=466) to work on /home/airflow/.local/lib/python3.12/site-packages/airflow/example_dags/example_sla_dag.py
[2024-05-08T13:51:22.242+0000] {processor.py:830} INFO - Processing file /home/airflow/.local/lib/python3.12/site-packages/airflow/example_dags/example_sla_dag.py for tasks to queue
[2024-05-08T13:51:22.245+0000] {logging_mixin.py:188} INFO - [2024-05-08T13:51:22.244+0000] {dagbag.py:545} INFO - Filling up the DagBag from /home/airflow/.local/lib/python3.12/site-packages/airflow/example_dags/example_sla_dag.py
[2024-05-08T13:51:22.255+0000] {processor.py:840} INFO - DAG(s) 'example_sla_dag' retrieved from /home/airflow/.local/lib/python3.12/site-packages/airflow/example_dags/example_sla_dag.py
[2024-05-08T13:51:22.281+0000] {logging_mixin.py:188} INFO - [2024-05-08T13:51:22.280+0000] {dag.py:3096} INFO - Sync 1 DAGs
[2024-05-08T13:51:22.310+0000] {logging_mixin.py:188} INFO - [2024-05-08T13:51:22.310+0000] {dag.py:3954} INFO - Setting next_dagrun for example_sla_dag to 2024-05-08 13:48:00+00:00, run_after=2024-05-08 13:50:00+00:00
[2024-05-08T13:51:22.334+0000] {processor.py:183} INFO - Processing /home/airflow/.local/lib/python3.12/site-packages/airflow/example_dags/example_sla_dag.py took 0.101 seconds
[2024-05-08T13:51:52.399+0000] {processor.py:161} INFO - Started process (PID=524) to work on /home/airflow/.local/lib/python3.12/site-packages/airflow/example_dags/example_sla_dag.py
[2024-05-08T13:51:52.401+0000] {processor.py:830} INFO - Processing file /home/airflow/.local/lib/python3.12/site-packages/airflow/example_dags/example_sla_dag.py for tasks to queue
[2024-05-08T13:51:52.403+0000] {logging_mixin.py:188} INFO - [2024-05-08T13:51:52.403+0000] {dagbag.py:545} INFO - Filling up the DagBag from /home/airflow/.local/lib/python3.12/site-packages/airflow/example_dags/example_sla_dag.py
[2024-05-08T13:51:52.414+0000] {processor.py:840} INFO - DAG(s) 'example_sla_dag' retrieved from /home/airflow/.local/lib/python3.12/site-packages/airflow/example_dags/example_sla_dag.py
[2024-05-08T13:51:52.438+0000] {logging_mixin.py:188} INFO - [2024-05-08T13:51:52.438+0000] {dag.py:3096} INFO - Sync 1 DAGs
[2024-05-08T13:51:52.466+0000] {logging_mixin.py:188} INFO - [2024-05-08T13:51:52.466+0000] {dag.py:3954} INFO - Setting next_dagrun for example_sla_dag to 2024-05-08 13:48:00+00:00, run_after=2024-05-08 13:50:00+00:00
[2024-05-08T13:51:52.556+0000] {processor.py:183} INFO - Processing /home/airflow/.local/lib/python3.12/site-packages/airflow/example_dags/example_sla_dag.py took 0.163 seconds
[2024-05-08T13:52:24.055+0000] {processor.py:161} INFO - Started process (PID=586) to work on /home/airflow/.local/lib/python3.12/site-packages/airflow/example_dags/example_sla_dag.py
[2024-05-08T13:52:24.056+0000] {processor.py:830} INFO - Processing file /home/airflow/.local/lib/python3.12/site-packages/airflow/example_dags/example_sla_dag.py for tasks to queue
[2024-05-08T13:52:24.058+0000] {logging_mixin.py:188} INFO - [2024-05-08T13:52:24.058+0000] {dagbag.py:545} INFO - Filling up the DagBag from /home/airflow/.local/lib/python3.12/site-packages/airflow/example_dags/example_sla_dag.py
[2024-05-08T13:52:24.068+0000] {processor.py:840} INFO - DAG(s) 'example_sla_dag' retrieved from /home/airflow/.local/lib/python3.12/site-packages/airflow/example_dags/example_sla_dag.py
[2024-05-08T13:52:24.092+0000] {logging_mixin.py:188} INFO - [2024-05-08T13:52:24.092+0000] {dag.py:3096} INFO - Sync 1 DAGs
[2024-05-08T13:52:24.120+0000] {logging_mixin.py:188} INFO - [2024-05-08T13:52:24.120+0000] {dag.py:3954} INFO - Setting next_dagrun for example_sla_dag to 2024-05-08 13:50:00+00:00, run_after=2024-05-08 13:52:00+00:00
[2024-05-08T13:52:24.144+0000] {processor.py:183} INFO - Processing /home/airflow/.local/lib/python3.12/site-packages/airflow/example_dags/example_sla_dag.py took 0.097 seconds
[2024-05-08T13:52:55.433+0000] {processor.py:161} INFO - Started process (PID=646) to work on /home/airflow/.local/lib/python3.12/site-packages/airflow/example_dags/example_sla_dag.py
[2024-05-08T13:52:55.435+0000] {processor.py:830} INFO - Processing file /home/airflow/.local/lib/python3.12/site-packages/airflow/example_dags/example_sla_dag.py for tasks to queue
[2024-05-08T13:52:55.439+0000] {logging_mixin.py:188} INFO - [2024-05-08T13:52:55.439+0000] {dagbag.py:545} INFO - Filling up the DagBag from /home/airflow/.local/lib/python3.12/site-packages/airflow/example_dags/example_sla_dag.py
[2024-05-08T13:52:55.450+0000] {processor.py:840} INFO - DAG(s) 'example_sla_dag' retrieved from /home/airflow/.local/lib/python3.12/site-packages/airflow/example_dags/example_sla_dag.py
[2024-05-08T13:52:55.482+0000] {logging_mixin.py:188} INFO - [2024-05-08T13:52:55.482+0000] {dag.py:3096} INFO - Sync 1 DAGs
[2024-05-08T13:52:55.529+0000] {logging_mixin.py:188} INFO - [2024-05-08T13:52:55.529+0000] {dag.py:3954} INFO - Setting next_dagrun for example_sla_dag to 2024-05-08 13:50:00+00:00, run_after=2024-05-08 13:52:00+00:00
[2024-05-08T13:52:55.569+0000] {processor.py:183} INFO - Processing /home/airflow/.local/lib/python3.12/site-packages/airflow/example_dags/example_sla_dag.py took 0.144 seconds
[2024-05-08T13:53:26.140+0000] {processor.py:161} INFO - Started process (PID=705) to work on /home/airflow/.local/lib/python3.12/site-packages/airflow/example_dags/example_sla_dag.py
[2024-05-08T13:53:26.141+0000] {processor.py:830} INFO - Processing file /home/airflow/.local/lib/python3.12/site-packages/airflow/example_dags/example_sla_dag.py for tasks to queue
[2024-05-08T13:53:26.144+0000] {logging_mixin.py:188} INFO - [2024-05-08T13:53:26.144+0000] {dagbag.py:545} INFO - Filling up the DagBag from /home/airflow/.local/lib/python3.12/site-packages/airflow/example_dags/example_sla_dag.py
[2024-05-08T13:53:26.155+0000] {processor.py:840} INFO - DAG(s) 'example_sla_dag' retrieved from /home/airflow/.local/lib/python3.12/site-packages/airflow/example_dags/example_sla_dag.py
[2024-05-08T13:53:26.180+0000] {logging_mixin.py:188} INFO - [2024-05-08T13:53:26.179+0000] {dag.py:3096} INFO - Sync 1 DAGs
[2024-05-08T13:53:26.208+0000] {logging_mixin.py:188} INFO - [2024-05-08T13:53:26.208+0000] {dag.py:3954} INFO - Setting next_dagrun for example_sla_dag to 2024-05-08 13:50:00+00:00, run_after=2024-05-08 13:52:00+00:00
[2024-05-08T13:53:26.235+0000] {processor.py:183} INFO - Processing /home/airflow/.local/lib/python3.12/site-packages/airflow/example_dags/example_sla_dag.py took 0.102 seconds
[2024-05-08T13:53:57.343+0000] {processor.py:161} INFO - Started process (PID=765) to work on /home/airflow/.local/lib/python3.12/site-packages/airflow/example_dags/example_sla_dag.py
[2024-05-08T13:53:57.345+0000] {processor.py:830} INFO - Processing file /home/airflow/.local/lib/python3.12/site-packages/airflow/example_dags/example_sla_dag.py for tasks to queue
[2024-05-08T13:53:57.347+0000] {logging_mixin.py:188} INFO - [2024-05-08T13:53:57.347+0000] {dagbag.py:545} INFO - Filling up the DagBag from /home/airflow/.local/lib/python3.12/site-packages/airflow/example_dags/example_sla_dag.py
[2024-05-08T13:53:57.357+0000] {processor.py:840} INFO - DAG(s) 'example_sla_dag' retrieved from /home/airflow/.local/lib/python3.12/site-packages/airflow/example_dags/example_sla_dag.py
[2024-05-08T13:53:57.382+0000] {logging_mixin.py:188} INFO - [2024-05-08T13:53:57.382+0000] {dag.py:3096} INFO - Sync 1 DAGs
[2024-05-08T13:53:57.411+0000] {logging_mixin.py:188} INFO - [2024-05-08T13:53:57.410+0000] {dag.py:3954} INFO - Setting next_dagrun for example_sla_dag to 2024-05-08 13:50:00+00:00, run_after=2024-05-08 13:52:00+00:00
[2024-05-08T13:53:57.436+0000] {processor.py:183} INFO - Processing /home/airflow/.local/lib/python3.12/site-packages/airflow/example_dags/example_sla_dag.py took 0.101 seconds
[2024-05-08T13:54:28.387+0000] {processor.py:161} INFO - Started process (PID=825) to work on /home/airflow/.local/lib/python3.12/site-packages/airflow/example_dags/example_sla_dag.py
[2024-05-08T13:54:28.389+0000] {processor.py:830} INFO - Processing file /home/airflow/.local/lib/python3.12/site-packages/airflow/example_dags/example_sla_dag.py for tasks to queue
[2024-05-08T13:54:28.391+0000] {logging_mixin.py:188} INFO - [2024-05-08T13:54:28.391+0000] {dagbag.py:545} INFO - Filling up the DagBag from /home/airflow/.local/lib/python3.12/site-packages/airflow/example_dags/example_sla_dag.py
[2024-05-08T13:54:28.400+0000] {processor.py:840} INFO - DAG(s) 'example_sla_dag' retrieved from /home/airflow/.local/lib/python3.12/site-packages/airflow/example_dags/example_sla_dag.py
[2024-05-08T13:54:28.424+0000] {logging_mixin.py:188} INFO - [2024-05-08T13:54:28.424+0000] {dag.py:3096} INFO - Sync 1 DAGs
[2024-05-08T13:54:28.462+0000] {logging_mixin.py:188} INFO - [2024-05-08T13:54:28.462+0000] {dag.py:3954} INFO - Setting next_dagrun for example_sla_dag to 2024-05-08 13:52:00+00:00, run_after=2024-05-08 13:54:00+00:00
[2024-05-08T13:54:28.489+0000] {processor.py:183} INFO - Processing /home/airflow/.local/lib/python3.12/site-packages/airflow/example_dags/example_sla_dag.py took 0.109 seconds
[2024-05-08T13:54:59.754+0000] {processor.py:161} INFO - Started process (PID=885) to work on /home/airflow/.local/lib/python3.12/site-packages/airflow/example_dags/example_sla_dag.py
[2024-05-08T13:54:59.755+0000] {processor.py:830} INFO - Processing file /home/airflow/.local/lib/python3.12/site-packages/airflow/example_dags/example_sla_dag.py for tasks to queue
[2024-05-08T13:54:59.758+0000] {logging_mixin.py:188} INFO - [2024-05-08T13:54:59.758+0000] {dagbag.py:545} INFO - Filling up the DagBag from /home/airflow/.local/lib/python3.12/site-packages/airflow/example_dags/example_sla_dag.py
[2024-05-08T13:54:59.767+0000] {processor.py:840} INFO - DAG(s) 'example_sla_dag' retrieved from /home/airflow/.local/lib/python3.12/site-packages/airflow/example_dags/example_sla_dag.py
[2024-05-08T13:54:59.792+0000] {logging_mixin.py:188} INFO - [2024-05-08T13:54:59.792+0000] {dag.py:3096} INFO - Sync 1 DAGs
[2024-05-08T13:54:59.818+0000] {logging_mixin.py:188} INFO - [2024-05-08T13:54:59.818+0000] {dag.py:3954} INFO - Setting next_dagrun for example_sla_dag to 2024-05-08 13:52:00+00:00, run_after=2024-05-08 13:54:00+00:00
[2024-05-08T13:54:59.841+0000] {processor.py:183} INFO - Processing /home/airflow/.local/lib/python3.12/site-packages/airflow/example_dags/example_sla_dag.py took 0.094 seconds
[2024-05-08T13:55:30.188+0000] {processor.py:161} INFO - Started process (PID=944) to work on /home/airflow/.local/lib/python3.12/site-packages/airflow/example_dags/example_sla_dag.py
[2024-05-08T13:55:30.189+0000] {processor.py:830} INFO - Processing file /home/airflow/.local/lib/python3.12/site-packages/airflow/example_dags/example_sla_dag.py for tasks to queue
[2024-05-08T13:55:30.192+0000] {logging_mixin.py:188} INFO - [2024-05-08T13:55:30.191+0000] {dagbag.py:545} INFO - Filling up the DagBag from /home/airflow/.local/lib/python3.12/site-packages/airflow/example_dags/example_sla_dag.py
[2024-05-08T13:55:30.200+0000] {processor.py:840} INFO - DAG(s) 'example_sla_dag' retrieved from /home/airflow/.local/lib/python3.12/site-packages/airflow/example_dags/example_sla_dag.py
[2024-05-08T13:55:30.224+0000] {logging_mixin.py:188} INFO - [2024-05-08T13:55:30.224+0000] {dag.py:3096} INFO - Sync 1 DAGs
[2024-05-08T13:55:30.251+0000] {logging_mixin.py:188} INFO - [2024-05-08T13:55:30.251+0000] {dag.py:3954} INFO - Setting next_dagrun for example_sla_dag to 2024-05-08 13:52:00+00:00, run_after=2024-05-08 13:54:00+00:00
[2024-05-08T13:55:30.274+0000] {processor.py:183} INFO - Processing /home/airflow/.local/lib/python3.12/site-packages/airflow/example_dags/example_sla_dag.py took 0.093 seconds
[2024-05-08T13:56:01.488+0000] {processor.py:161} INFO - Started process (PID=1005) to work on /home/airflow/.local/lib/python3.12/site-packages/airflow/example_dags/example_sla_dag.py
[2024-05-08T13:56:01.490+0000] {processor.py:830} INFO - Processing file /home/airflow/.local/lib/python3.12/site-packages/airflow/example_dags/example_sla_dag.py for tasks to queue
[2024-05-08T13:56:01.492+0000] {logging_mixin.py:188} INFO - [2024-05-08T13:56:01.492+0000] {dagbag.py:545} INFO - Filling up the DagBag from /home/airflow/.local/lib/python3.12/site-packages/airflow/example_dags/example_sla_dag.py
[2024-05-08T13:56:01.507+0000] {processor.py:840} INFO - DAG(s) 'example_sla_dag' retrieved from /home/airflow/.local/lib/python3.12/site-packages/airflow/example_dags/example_sla_dag.py
[2024-05-08T13:56:01.540+0000] {logging_mixin.py:188} INFO - [2024-05-08T13:56:01.540+0000] {dag.py:3096} INFO - Sync 1 DAGs
[2024-05-08T13:56:01.574+0000] {logging_mixin.py:188} INFO - [2024-05-08T13:56:01.574+0000] {dag.py:3954} INFO - Setting next_dagrun for example_sla_dag to 2024-05-08 13:54:00+00:00, run_after=2024-05-08 13:56:00+00:00
[2024-05-08T13:56:01.603+0000] {processor.py:183} INFO - Processing /home/airflow/.local/lib/python3.12/site-packages/airflow/example_dags/example_sla_dag.py took 0.122 seconds
[2024-05-08T13:56:32.057+0000] {processor.py:161} INFO - Started process (PID=1065) to work on /home/airflow/.local/lib/python3.12/site-packages/airflow/example_dags/example_sla_dag.py
[2024-05-08T13:56:32.058+0000] {processor.py:830} INFO - Processing file /home/airflow/.local/lib/python3.12/site-packages/airflow/example_dags/example_sla_dag.py for tasks to queue
[2024-05-08T13:56:32.061+0000] {logging_mixin.py:188} INFO - [2024-05-08T13:56:32.061+0000] {dagbag.py:545} INFO - Filling up the DagBag from /home/airflow/.local/lib/python3.12/site-packages/airflow/example_dags/example_sla_dag.py
[2024-05-08T13:56:32.072+0000] {processor.py:840} INFO - DAG(s) 'example_sla_dag' retrieved from /home/airflow/.local/lib/python3.12/site-packages/airflow/example_dags/example_sla_dag.py
[2024-05-08T13:56:32.098+0000] {logging_mixin.py:188} INFO - [2024-05-08T13:56:32.097+0000] {dag.py:3096} INFO - Sync 1 DAGs
[2024-05-08T13:56:32.130+0000] {logging_mixin.py:188} INFO - [2024-05-08T13:56:32.129+0000] {dag.py:3954} INFO - Setting next_dagrun for example_sla_dag to 2024-05-08 13:54:00+00:00, run_after=2024-05-08 13:56:00+00:00
[2024-05-08T13:56:32.163+0000] {processor.py:183} INFO - Processing /home/airflow/.local/lib/python3.12/site-packages/airflow/example_dags/example_sla_dag.py took 0.112 seconds
[2024-05-08T13:57:02.547+0000] {processor.py:161} INFO - Started process (PID=1124) to work on /home/airflow/.local/lib/python3.12/site-packages/airflow/example_dags/example_sla_dag.py
[2024-05-08T13:57:02.549+0000] {processor.py:830} INFO - Processing file /home/airflow/.local/lib/python3.12/site-packages/airflow/example_dags/example_sla_dag.py for tasks to queue
[2024-05-08T13:57:02.552+0000] {logging_mixin.py:188} INFO - [2024-05-08T13:57:02.551+0000] {dagbag.py:545} INFO - Filling up the DagBag from /home/airflow/.local/lib/python3.12/site-packages/airflow/example_dags/example_sla_dag.py
[2024-05-08T13:57:02.563+0000] {processor.py:840} INFO - DAG(s) 'example_sla_dag' retrieved from /home/airflow/.local/lib/python3.12/site-packages/airflow/example_dags/example_sla_dag.py
[2024-05-08T13:57:02.590+0000] {logging_mixin.py:188} INFO - [2024-05-08T13:57:02.590+0000] {dag.py:3096} INFO - Sync 1 DAGs
[2024-05-08T13:57:02.621+0000] {logging_mixin.py:188} INFO - [2024-05-08T13:57:02.621+0000] {dag.py:3954} INFO - Setting next_dagrun for example_sla_dag to 2024-05-08 13:54:00+00:00, run_after=2024-05-08 13:56:00+00:00
[2024-05-08T13:57:02.644+0000] {processor.py:183} INFO - Processing /home/airflow/.local/lib/python3.12/site-packages/airflow/example_dags/example_sla_dag.py took 0.104 seconds
[2024-05-08T13:57:33.843+0000] {processor.py:161} INFO - Started process (PID=1186) to work on /home/airflow/.local/lib/python3.12/site-packages/airflow/example_dags/example_sla_dag.py
[2024-05-08T13:57:33.844+0000] {processor.py:830} INFO - Processing file /home/airflow/.local/lib/python3.12/site-packages/airflow/example_dags/example_sla_dag.py for tasks to queue
[2024-05-08T13:57:33.847+0000] {logging_mixin.py:188} INFO - [2024-05-08T13:57:33.847+0000] {dagbag.py:545} INFO - Filling up the DagBag from /home/airflow/.local/lib/python3.12/site-packages/airflow/example_dags/example_sla_dag.py
[2024-05-08T13:57:33.857+0000] {processor.py:840} INFO - DAG(s) 'example_sla_dag' retrieved from /home/airflow/.local/lib/python3.12/site-packages/airflow/example_dags/example_sla_dag.py
[2024-05-08T13:57:33.888+0000] {logging_mixin.py:188} INFO - [2024-05-08T13:57:33.887+0000] {dag.py:3096} INFO - Sync 1 DAGs
[2024-05-08T13:57:33.935+0000] {logging_mixin.py:188} INFO - [2024-05-08T13:57:33.934+0000] {dag.py:3954} INFO - Setting next_dagrun for example_sla_dag to 2024-05-08 13:54:00+00:00, run_after=2024-05-08 13:56:00+00:00
[2024-05-08T13:57:33.974+0000] {processor.py:183} INFO - Processing /home/airflow/.local/lib/python3.12/site-packages/airflow/example_dags/example_sla_dag.py took 0.139 seconds
[2024-05-08T13:58:04.552+0000] {processor.py:161} INFO - Started process (PID=1246) to work on /home/airflow/.local/lib/python3.12/site-packages/airflow/example_dags/example_sla_dag.py
[2024-05-08T13:58:04.553+0000] {processor.py:830} INFO - Processing file /home/airflow/.local/lib/python3.12/site-packages/airflow/example_dags/example_sla_dag.py for tasks to queue
[2024-05-08T13:58:04.556+0000] {logging_mixin.py:188} INFO - [2024-05-08T13:58:04.555+0000] {dagbag.py:545} INFO - Filling up the DagBag from /home/airflow/.local/lib/python3.12/site-packages/airflow/example_dags/example_sla_dag.py
[2024-05-08T13:58:04.565+0000] {processor.py:840} INFO - DAG(s) 'example_sla_dag' retrieved from /home/airflow/.local/lib/python3.12/site-packages/airflow/example_dags/example_sla_dag.py
[2024-05-08T13:58:04.588+0000] {logging_mixin.py:188} INFO - [2024-05-08T13:58:04.587+0000] {dag.py:3096} INFO - Sync 1 DAGs
[2024-05-08T13:58:04.615+0000] {logging_mixin.py:188} INFO - [2024-05-08T13:58:04.615+0000] {dag.py:3954} INFO - Setting next_dagrun for example_sla_dag to 2024-05-08 13:56:00+00:00, run_after=2024-05-08 13:58:00+00:00
[2024-05-08T13:58:04.770+0000] {processor.py:183} INFO - Processing /home/airflow/.local/lib/python3.12/site-packages/airflow/example_dags/example_sla_dag.py took 0.225 seconds
[2024-05-08T13:58:35.810+0000] {processor.py:161} INFO - Started process (PID=1306) to work on /home/airflow/.local/lib/python3.12/site-packages/airflow/example_dags/example_sla_dag.py
[2024-05-08T13:58:35.812+0000] {processor.py:830} INFO - Processing file /home/airflow/.local/lib/python3.12/site-packages/airflow/example_dags/example_sla_dag.py for tasks to queue
[2024-05-08T13:58:35.815+0000] {logging_mixin.py:188} INFO - [2024-05-08T13:58:35.814+0000] {dagbag.py:545} INFO - Filling up the DagBag from /home/airflow/.local/lib/python3.12/site-packages/airflow/example_dags/example_sla_dag.py
[2024-05-08T13:58:35.825+0000] {processor.py:840} INFO - DAG(s) 'example_sla_dag' retrieved from /home/airflow/.local/lib/python3.12/site-packages/airflow/example_dags/example_sla_dag.py
[2024-05-08T13:58:35.848+0000] {logging_mixin.py:188} INFO - [2024-05-08T13:58:35.847+0000] {dag.py:3096} INFO - Sync 1 DAGs
[2024-05-08T13:58:35.874+0000] {logging_mixin.py:188} INFO - [2024-05-08T13:58:35.874+0000] {dag.py:3954} INFO - Setting next_dagrun for example_sla_dag to 2024-05-08 13:56:00+00:00, run_after=2024-05-08 13:58:00+00:00
[2024-05-08T13:58:35.897+0000] {processor.py:183} INFO - Processing /home/airflow/.local/lib/python3.12/site-packages/airflow/example_dags/example_sla_dag.py took 0.095 seconds
[2024-05-08T13:59:07.136+0000] {processor.py:161} INFO - Started process (PID=1366) to work on /home/airflow/.local/lib/python3.12/site-packages/airflow/example_dags/example_sla_dag.py
[2024-05-08T13:59:07.137+0000] {processor.py:830} INFO - Processing file /home/airflow/.local/lib/python3.12/site-packages/airflow/example_dags/example_sla_dag.py for tasks to queue
[2024-05-08T13:59:07.141+0000] {logging_mixin.py:188} INFO - [2024-05-08T13:59:07.140+0000] {dagbag.py:545} INFO - Filling up the DagBag from /home/airflow/.local/lib/python3.12/site-packages/airflow/example_dags/example_sla_dag.py
[2024-05-08T13:59:07.151+0000] {processor.py:840} INFO - DAG(s) 'example_sla_dag' retrieved from /home/airflow/.local/lib/python3.12/site-packages/airflow/example_dags/example_sla_dag.py
[2024-05-08T13:59:07.175+0000] {logging_mixin.py:188} INFO - [2024-05-08T13:59:07.175+0000] {dag.py:3096} INFO - Sync 1 DAGs
[2024-05-08T13:59:07.202+0000] {logging_mixin.py:188} INFO - [2024-05-08T13:59:07.202+0000] {dag.py:3954} INFO - Setting next_dagrun for example_sla_dag to 2024-05-08 13:56:00+00:00, run_after=2024-05-08 13:58:00+00:00
[2024-05-08T13:59:07.226+0000] {processor.py:183} INFO - Processing /home/airflow/.local/lib/python3.12/site-packages/airflow/example_dags/example_sla_dag.py took 0.097 seconds
[2024-05-08T13:59:38.489+0000] {processor.py:161} INFO - Started process (PID=1426) to work on /home/airflow/.local/lib/python3.12/site-packages/airflow/example_dags/example_sla_dag.py
[2024-05-08T13:59:38.491+0000] {processor.py:830} INFO - Processing file /home/airflow/.local/lib/python3.12/site-packages/airflow/example_dags/example_sla_dag.py for tasks to queue
[2024-05-08T13:59:38.493+0000] {logging_mixin.py:188} INFO - [2024-05-08T13:59:38.493+0000] {dagbag.py:545} INFO - Filling up the DagBag from /home/airflow/.local/lib/python3.12/site-packages/airflow/example_dags/example_sla_dag.py
[2024-05-08T13:59:38.503+0000] {processor.py:840} INFO - DAG(s) 'example_sla_dag' retrieved from /home/airflow/.local/lib/python3.12/site-packages/airflow/example_dags/example_sla_dag.py
[2024-05-08T13:59:38.527+0000] {logging_mixin.py:188} INFO - [2024-05-08T13:59:38.526+0000] {dag.py:3096} INFO - Sync 1 DAGs
[2024-05-08T13:59:38.554+0000] {logging_mixin.py:188} INFO - [2024-05-08T13:59:38.554+0000] {dag.py:3954} INFO - Setting next_dagrun for example_sla_dag to 2024-05-08 13:56:00+00:00, run_after=2024-05-08 13:58:00+00:00
[2024-05-08T13:59:38.576+0000] {processor.py:183} INFO - Processing /home/airflow/.local/lib/python3.12/site-packages/airflow/example_dags/example_sla_dag.py took 0.095 seconds
[2024-05-08T14:00:09.254+0000] {processor.py:161} INFO - Started process (PID=1486) to work on /home/airflow/.local/lib/python3.12/site-packages/airflow/example_dags/example_sla_dag.py
[2024-05-08T14:00:09.256+0000] {processor.py:830} INFO - Processing file /home/airflow/.local/lib/python3.12/site-packages/airflow/example_dags/example_sla_dag.py for tasks to queue
[2024-05-08T14:00:09.260+0000] {logging_mixin.py:188} INFO - [2024-05-08T14:00:09.259+0000] {dagbag.py:545} INFO - Filling up the DagBag from /home/airflow/.local/lib/python3.12/site-packages/airflow/example_dags/example_sla_dag.py
[2024-05-08T14:00:09.271+0000] {processor.py:840} INFO - DAG(s) 'example_sla_dag' retrieved from /home/airflow/.local/lib/python3.12/site-packages/airflow/example_dags/example_sla_dag.py
[2024-05-08T14:00:09.299+0000] {logging_mixin.py:188} INFO - [2024-05-08T14:00:09.298+0000] {dag.py:3096} INFO - Sync 1 DAGs
[2024-05-08T14:00:09.330+0000] {logging_mixin.py:188} INFO - [2024-05-08T14:00:09.329+0000] {dag.py:3954} INFO - Setting next_dagrun for example_sla_dag to 2024-05-08 13:58:00+00:00, run_after=2024-05-08 14:00:00+00:00
[2024-05-08T14:00:09.358+0000] {processor.py:183} INFO - Processing /home/airflow/.local/lib/python3.12/site-packages/airflow/example_dags/example_sla_dag.py took 0.113 seconds
[2024-05-08T14:00:39.714+0000] {processor.py:161} INFO - Started process (PID=1545) to work on /home/airflow/.local/lib/python3.12/site-packages/airflow/example_dags/example_sla_dag.py
[2024-05-08T14:00:39.715+0000] {processor.py:830} INFO - Processing file /home/airflow/.local/lib/python3.12/site-packages/airflow/example_dags/example_sla_dag.py for tasks to queue
[2024-05-08T14:00:39.718+0000] {logging_mixin.py:188} INFO - [2024-05-08T14:00:39.717+0000] {dagbag.py:545} INFO - Filling up the DagBag from /home/airflow/.local/lib/python3.12/site-packages/airflow/example_dags/example_sla_dag.py
[2024-05-08T14:00:39.728+0000] {processor.py:840} INFO - DAG(s) 'example_sla_dag' retrieved from /home/airflow/.local/lib/python3.12/site-packages/airflow/example_dags/example_sla_dag.py
[2024-05-08T14:00:39.924+0000] {logging_mixin.py:188} INFO - [2024-05-08T14:00:39.923+0000] {dag.py:3096} INFO - Sync 1 DAGs
[2024-05-08T14:00:39.957+0000] {logging_mixin.py:188} INFO - [2024-05-08T14:00:39.956+0000] {dag.py:3954} INFO - Setting next_dagrun for example_sla_dag to 2024-05-08 13:58:00+00:00, run_after=2024-05-08 14:00:00+00:00
[2024-05-08T14:00:39.985+0000] {processor.py:183} INFO - Processing /home/airflow/.local/lib/python3.12/site-packages/airflow/example_dags/example_sla_dag.py took 0.279 seconds
[2024-05-08T14:01:10.138+0000] {processor.py:161} INFO - Started process (PID=1603) to work on /home/airflow/.local/lib/python3.12/site-packages/airflow/example_dags/example_sla_dag.py
[2024-05-08T14:01:10.139+0000] {processor.py:830} INFO - Processing file /home/airflow/.local/lib/python3.12/site-packages/airflow/example_dags/example_sla_dag.py for tasks to queue
[2024-05-08T14:01:10.142+0000] {logging_mixin.py:188} INFO - [2024-05-08T14:01:10.141+0000] {dagbag.py:545} INFO - Filling up the DagBag from /home/airflow/.local/lib/python3.12/site-packages/airflow/example_dags/example_sla_dag.py
[2024-05-08T14:01:10.153+0000] {processor.py:840} INFO - DAG(s) 'example_sla_dag' retrieved from /home/airflow/.local/lib/python3.12/site-packages/airflow/example_dags/example_sla_dag.py
[2024-05-08T14:01:10.190+0000] {logging_mixin.py:188} INFO - [2024-05-08T14:01:10.189+0000] {dag.py:3096} INFO - Sync 1 DAGs
[2024-05-08T14:01:10.226+0000] {logging_mixin.py:188} INFO - [2024-05-08T14:01:10.226+0000] {dag.py:3954} INFO - Setting next_dagrun for example_sla_dag to 2024-05-08 13:58:00+00:00, run_after=2024-05-08 14:00:00+00:00
[2024-05-08T14:01:10.254+0000] {processor.py:183} INFO - Processing /home/airflow/.local/lib/python3.12/site-packages/airflow/example_dags/example_sla_dag.py took 0.125 seconds
[2024-05-08T14:01:41.571+0000] {processor.py:161} INFO - Started process (PID=1665) to work on /home/airflow/.local/lib/python3.12/site-packages/airflow/example_dags/example_sla_dag.py
[2024-05-08T14:01:41.573+0000] {processor.py:830} INFO - Processing file /home/airflow/.local/lib/python3.12/site-packages/airflow/example_dags/example_sla_dag.py for tasks to queue
[2024-05-08T14:01:41.579+0000] {logging_mixin.py:188} INFO - [2024-05-08T14:01:41.578+0000] {dagbag.py:545} INFO - Filling up the DagBag from /home/airflow/.local/lib/python3.12/site-packages/airflow/example_dags/example_sla_dag.py
[2024-05-08T14:01:41.595+0000] {processor.py:840} INFO - DAG(s) 'example_sla_dag' retrieved from /home/airflow/.local/lib/python3.12/site-packages/airflow/example_dags/example_sla_dag.py
[2024-05-08T14:01:41.639+0000] {logging_mixin.py:188} INFO - [2024-05-08T14:01:41.638+0000] {dag.py:3096} INFO - Sync 1 DAGs
[2024-05-08T14:01:41.694+0000] {logging_mixin.py:188} INFO - [2024-05-08T14:01:41.694+0000] {dag.py:3954} INFO - Setting next_dagrun for example_sla_dag to 2024-05-08 13:58:00+00:00, run_after=2024-05-08 14:00:00+00:00
[2024-05-08T14:01:41.724+0000] {processor.py:183} INFO - Processing /home/airflow/.local/lib/python3.12/site-packages/airflow/example_dags/example_sla_dag.py took 0.162 seconds
[2024-05-08T14:02:12.334+0000] {processor.py:161} INFO - Started process (PID=1724) to work on /home/airflow/.local/lib/python3.12/site-packages/airflow/example_dags/example_sla_dag.py
[2024-05-08T14:02:12.335+0000] {processor.py:830} INFO - Processing file /home/airflow/.local/lib/python3.12/site-packages/airflow/example_dags/example_sla_dag.py for tasks to queue
[2024-05-08T14:02:12.338+0000] {logging_mixin.py:188} INFO - [2024-05-08T14:02:12.338+0000] {dagbag.py:545} INFO - Filling up the DagBag from /home/airflow/.local/lib/python3.12/site-packages/airflow/example_dags/example_sla_dag.py
[2024-05-08T14:02:12.349+0000] {processor.py:840} INFO - DAG(s) 'example_sla_dag' retrieved from /home/airflow/.local/lib/python3.12/site-packages/airflow/example_dags/example_sla_dag.py
[2024-05-08T14:02:12.373+0000] {logging_mixin.py:188} INFO - [2024-05-08T14:02:12.373+0000] {dag.py:3096} INFO - Sync 1 DAGs
[2024-05-08T14:02:12.403+0000] {logging_mixin.py:188} INFO - [2024-05-08T14:02:12.403+0000] {dag.py:3954} INFO - Setting next_dagrun for example_sla_dag to 2024-05-08 14:00:00+00:00, run_after=2024-05-08 14:02:00+00:00
[2024-05-08T14:02:12.429+0000] {processor.py:183} INFO - Processing /home/airflow/.local/lib/python3.12/site-packages/airflow/example_dags/example_sla_dag.py took 0.103 seconds
[2024-05-08T14:02:43.601+0000] {processor.py:161} INFO - Started process (PID=1784) to work on /home/airflow/.local/lib/python3.12/site-packages/airflow/example_dags/example_sla_dag.py
[2024-05-08T14:02:43.603+0000] {processor.py:830} INFO - Processing file /home/airflow/.local/lib/python3.12/site-packages/airflow/example_dags/example_sla_dag.py for tasks to queue
[2024-05-08T14:02:43.606+0000] {logging_mixin.py:188} INFO - [2024-05-08T14:02:43.605+0000] {dagbag.py:545} INFO - Filling up the DagBag from /home/airflow/.local/lib/python3.12/site-packages/airflow/example_dags/example_sla_dag.py
[2024-05-08T14:02:43.617+0000] {processor.py:840} INFO - DAG(s) 'example_sla_dag' retrieved from /home/airflow/.local/lib/python3.12/site-packages/airflow/example_dags/example_sla_dag.py
[2024-05-08T14:02:43.641+0000] {logging_mixin.py:188} INFO - [2024-05-08T14:02:43.641+0000] {dag.py:3096} INFO - Sync 1 DAGs
[2024-05-08T14:02:43.671+0000] {logging_mixin.py:188} INFO - [2024-05-08T14:02:43.670+0000] {dag.py:3954} INFO - Setting next_dagrun for example_sla_dag to 2024-05-08 14:00:00+00:00, run_after=2024-05-08 14:02:00+00:00
[2024-05-08T14:02:43.695+0000] {processor.py:183} INFO - Processing /home/airflow/.local/lib/python3.12/site-packages/airflow/example_dags/example_sla_dag.py took 0.102 seconds
[2024-05-08T14:03:15.374+0000] {processor.py:161} INFO - Started process (PID=1844) to work on /home/airflow/.local/lib/python3.12/site-packages/airflow/example_dags/example_sla_dag.py
[2024-05-08T14:03:15.375+0000] {processor.py:830} INFO - Processing file /home/airflow/.local/lib/python3.12/site-packages/airflow/example_dags/example_sla_dag.py for tasks to queue
[2024-05-08T14:03:15.378+0000] {logging_mixin.py:188} INFO - [2024-05-08T14:03:15.378+0000] {dagbag.py:545} INFO - Filling up the DagBag from /home/airflow/.local/lib/python3.12/site-packages/airflow/example_dags/example_sla_dag.py
[2024-05-08T14:03:15.395+0000] {processor.py:840} INFO - DAG(s) 'example_sla_dag' retrieved from /home/airflow/.local/lib/python3.12/site-packages/airflow/example_dags/example_sla_dag.py
[2024-05-08T14:03:15.428+0000] {logging_mixin.py:188} INFO - [2024-05-08T14:03:15.427+0000] {dag.py:3096} INFO - Sync 1 DAGs
[2024-05-08T14:03:15.474+0000] {logging_mixin.py:188} INFO - [2024-05-08T14:03:15.474+0000] {dag.py:3954} INFO - Setting next_dagrun for example_sla_dag to 2024-05-08 14:00:00+00:00, run_after=2024-05-08 14:02:00+00:00
[2024-05-08T14:03:15.517+0000] {processor.py:183} INFO - Processing /home/airflow/.local/lib/python3.12/site-packages/airflow/example_dags/example_sla_dag.py took 0.153 seconds
[2024-05-08T14:03:46.172+0000] {processor.py:161} INFO - Started process (PID=1903) to work on /home/airflow/.local/lib/python3.12/site-packages/airflow/example_dags/example_sla_dag.py
[2024-05-08T14:03:46.173+0000] {processor.py:830} INFO - Processing file /home/airflow/.local/lib/python3.12/site-packages/airflow/example_dags/example_sla_dag.py for tasks to queue
[2024-05-08T14:03:46.176+0000] {logging_mixin.py:188} INFO - [2024-05-08T14:03:46.175+0000] {dagbag.py:545} INFO - Filling up the DagBag from /home/airflow/.local/lib/python3.12/site-packages/airflow/example_dags/example_sla_dag.py
[2024-05-08T14:03:46.186+0000] {processor.py:840} INFO - DAG(s) 'example_sla_dag' retrieved from /home/airflow/.local/lib/python3.12/site-packages/airflow/example_dags/example_sla_dag.py
[2024-05-08T14:03:46.209+0000] {logging_mixin.py:188} INFO - [2024-05-08T14:03:46.209+0000] {dag.py:3096} INFO - Sync 1 DAGs
[2024-05-08T14:03:46.237+0000] {logging_mixin.py:188} INFO - [2024-05-08T14:03:46.236+0000] {dag.py:3954} INFO - Setting next_dagrun for example_sla_dag to 2024-05-08 14:00:00+00:00, run_after=2024-05-08 14:02:00+00:00
[2024-05-08T14:03:46.260+0000] {processor.py:183} INFO - Processing /home/airflow/.local/lib/python3.12/site-packages/airflow/example_dags/example_sla_dag.py took 0.094 seconds
[2024-05-08T14:04:17.294+0000] {processor.py:161} INFO - Started process (PID=1963) to work on /home/airflow/.local/lib/python3.12/site-packages/airflow/example_dags/example_sla_dag.py
[2024-05-08T14:04:17.295+0000] {processor.py:830} INFO - Processing file /home/airflow/.local/lib/python3.12/site-packages/airflow/example_dags/example_sla_dag.py for tasks to queue
[2024-05-08T14:04:17.298+0000] {logging_mixin.py:188} INFO - [2024-05-08T14:04:17.297+0000] {dagbag.py:545} INFO - Filling up the DagBag from /home/airflow/.local/lib/python3.12/site-packages/airflow/example_dags/example_sla_dag.py
[2024-05-08T14:04:17.309+0000] {processor.py:840} INFO - DAG(s) 'example_sla_dag' retrieved from /home/airflow/.local/lib/python3.12/site-packages/airflow/example_dags/example_sla_dag.py
[2024-05-08T14:04:17.333+0000] {logging_mixin.py:188} INFO - [2024-05-08T14:04:17.333+0000] {dag.py:3096} INFO - Sync 1 DAGs
[2024-05-08T14:04:17.362+0000] {logging_mixin.py:188} INFO - [2024-05-08T14:04:17.361+0000] {dag.py:3954} INFO - Setting next_dagrun for example_sla_dag to 2024-05-08 14:02:00+00:00, run_after=2024-05-08 14:04:00+00:00
[2024-05-08T14:04:17.386+0000] {processor.py:183} INFO - Processing /home/airflow/.local/lib/python3.12/site-packages/airflow/example_dags/example_sla_dag.py took 0.099 seconds
[2024-05-08T14:04:48.393+0000] {processor.py:161} INFO - Started process (PID=2023) to work on /home/airflow/.local/lib/python3.12/site-packages/airflow/example_dags/example_sla_dag.py
[2024-05-08T14:04:48.395+0000] {processor.py:830} INFO - Processing file /home/airflow/.local/lib/python3.12/site-packages/airflow/example_dags/example_sla_dag.py for tasks to queue
[2024-05-08T14:04:48.397+0000] {logging_mixin.py:188} INFO - [2024-05-08T14:04:48.397+0000] {dagbag.py:545} INFO - Filling up the DagBag from /home/airflow/.local/lib/python3.12/site-packages/airflow/example_dags/example_sla_dag.py
[2024-05-08T14:04:48.407+0000] {processor.py:840} INFO - DAG(s) 'example_sla_dag' retrieved from /home/airflow/.local/lib/python3.12/site-packages/airflow/example_dags/example_sla_dag.py
[2024-05-08T14:04:48.431+0000] {logging_mixin.py:188} INFO - [2024-05-08T14:04:48.431+0000] {dag.py:3096} INFO - Sync 1 DAGs
[2024-05-08T14:04:48.459+0000] {logging_mixin.py:188} INFO - [2024-05-08T14:04:48.458+0000] {dag.py:3954} INFO - Setting next_dagrun for example_sla_dag to 2024-05-08 14:02:00+00:00, run_after=2024-05-08 14:04:00+00:00
[2024-05-08T14:04:48.484+0000] {processor.py:183} INFO - Processing /home/airflow/.local/lib/python3.12/site-packages/airflow/example_dags/example_sla_dag.py took 0.098 seconds
[2024-05-08T14:05:19.009+0000] {processor.py:161} INFO - Started process (PID=2083) to work on /home/airflow/.local/lib/python3.12/site-packages/airflow/example_dags/example_sla_dag.py
[2024-05-08T14:05:19.011+0000] {processor.py:830} INFO - Processing file /home/airflow/.local/lib/python3.12/site-packages/airflow/example_dags/example_sla_dag.py for tasks to queue
[2024-05-08T14:05:19.015+0000] {logging_mixin.py:188} INFO - [2024-05-08T14:05:19.014+0000] {dagbag.py:545} INFO - Filling up the DagBag from /home/airflow/.local/lib/python3.12/site-packages/airflow/example_dags/example_sla_dag.py
[2024-05-08T14:05:19.030+0000] {processor.py:840} INFO - DAG(s) 'example_sla_dag' retrieved from /home/airflow/.local/lib/python3.12/site-packages/airflow/example_dags/example_sla_dag.py
[2024-05-08T14:05:19.069+0000] {logging_mixin.py:188} INFO - [2024-05-08T14:05:19.069+0000] {dag.py:3096} INFO - Sync 1 DAGs
[2024-05-08T14:05:19.234+0000] {logging_mixin.py:188} INFO - [2024-05-08T14:05:19.234+0000] {dag.py:3954} INFO - Setting next_dagrun for example_sla_dag to 2024-05-08 14:02:00+00:00, run_after=2024-05-08 14:04:00+00:00
[2024-05-08T14:05:19.264+0000] {processor.py:183} INFO - Processing /home/airflow/.local/lib/python3.12/site-packages/airflow/example_dags/example_sla_dag.py took 0.269 seconds
[2024-05-08T14:05:49.412+0000] {processor.py:161} INFO - Started process (PID=2141) to work on /home/airflow/.local/lib/python3.12/site-packages/airflow/example_dags/example_sla_dag.py
[2024-05-08T14:05:49.414+0000] {processor.py:830} INFO - Processing file /home/airflow/.local/lib/python3.12/site-packages/airflow/example_dags/example_sla_dag.py for tasks to queue
[2024-05-08T14:05:49.417+0000] {logging_mixin.py:188} INFO - [2024-05-08T14:05:49.416+0000] {dagbag.py:545} INFO - Filling up the DagBag from /home/airflow/.local/lib/python3.12/site-packages/airflow/example_dags/example_sla_dag.py
[2024-05-08T14:05:49.427+0000] {processor.py:840} INFO - DAG(s) 'example_sla_dag' retrieved from /home/airflow/.local/lib/python3.12/site-packages/airflow/example_dags/example_sla_dag.py
[2024-05-08T14:05:49.455+0000] {logging_mixin.py:188} INFO - [2024-05-08T14:05:49.454+0000] {dag.py:3096} INFO - Sync 1 DAGs
[2024-05-08T14:05:49.494+0000] {logging_mixin.py:188} INFO - [2024-05-08T14:05:49.494+0000] {dag.py:3954} INFO - Setting next_dagrun for example_sla_dag to 2024-05-08 14:02:00+00:00, run_after=2024-05-08 14:04:00+00:00
[2024-05-08T14:05:49.523+0000] {processor.py:183} INFO - Processing /home/airflow/.local/lib/python3.12/site-packages/airflow/example_dags/example_sla_dag.py took 0.119 seconds
[2024-05-08T14:06:19.794+0000] {processor.py:161} INFO - Started process (PID=2200) to work on /home/airflow/.local/lib/python3.12/site-packages/airflow/example_dags/example_sla_dag.py
[2024-05-08T14:06:19.796+0000] {processor.py:830} INFO - Processing file /home/airflow/.local/lib/python3.12/site-packages/airflow/example_dags/example_sla_dag.py for tasks to queue
[2024-05-08T14:06:19.799+0000] {logging_mixin.py:188} INFO - [2024-05-08T14:06:19.798+0000] {dagbag.py:545} INFO - Filling up the DagBag from /home/airflow/.local/lib/python3.12/site-packages/airflow/example_dags/example_sla_dag.py
[2024-05-08T14:06:19.810+0000] {processor.py:840} INFO - DAG(s) 'example_sla_dag' retrieved from /home/airflow/.local/lib/python3.12/site-packages/airflow/example_dags/example_sla_dag.py
[2024-05-08T14:06:19.838+0000] {logging_mixin.py:188} INFO - [2024-05-08T14:06:19.838+0000] {dag.py:3096} INFO - Sync 1 DAGs
[2024-05-08T14:06:19.878+0000] {logging_mixin.py:188} INFO - [2024-05-08T14:06:19.877+0000] {dag.py:3954} INFO - Setting next_dagrun for example_sla_dag to 2024-05-08 14:04:00+00:00, run_after=2024-05-08 14:06:00+00:00
[2024-05-08T14:06:19.901+0000] {processor.py:183} INFO - Processing /home/airflow/.local/lib/python3.12/site-packages/airflow/example_dags/example_sla_dag.py took 0.116 seconds
[2024-05-08T14:06:50.973+0000] {processor.py:161} INFO - Started process (PID=2262) to work on /home/airflow/.local/lib/python3.12/site-packages/airflow/example_dags/example_sla_dag.py
[2024-05-08T14:06:50.975+0000] {processor.py:830} INFO - Processing file /home/airflow/.local/lib/python3.12/site-packages/airflow/example_dags/example_sla_dag.py for tasks to queue
[2024-05-08T14:06:50.978+0000] {logging_mixin.py:188} INFO - [2024-05-08T14:06:50.977+0000] {dagbag.py:545} INFO - Filling up the DagBag from /home/airflow/.local/lib/python3.12/site-packages/airflow/example_dags/example_sla_dag.py
[2024-05-08T14:06:50.992+0000] {processor.py:840} INFO - DAG(s) 'example_sla_dag' retrieved from /home/airflow/.local/lib/python3.12/site-packages/airflow/example_dags/example_sla_dag.py
[2024-05-08T14:06:51.052+0000] {logging_mixin.py:188} INFO - [2024-05-08T14:06:51.052+0000] {dag.py:3096} INFO - Sync 1 DAGs
[2024-05-08T14:06:51.146+0000] {logging_mixin.py:188} INFO - [2024-05-08T14:06:51.146+0000] {dag.py:3954} INFO - Setting next_dagrun for example_sla_dag to 2024-05-08 14:04:00+00:00, run_after=2024-05-08 14:06:00+00:00
[2024-05-08T14:06:51.190+0000] {processor.py:183} INFO - Processing /home/airflow/.local/lib/python3.12/site-packages/airflow/example_dags/example_sla_dag.py took 0.229 seconds
[2024-05-08T14:07:22.104+0000] {processor.py:161} INFO - Started process (PID=2328) to work on /home/airflow/.local/lib/python3.12/site-packages/airflow/example_dags/example_sla_dag.py
[2024-05-08T14:07:22.106+0000] {processor.py:830} INFO - Processing file /home/airflow/.local/lib/python3.12/site-packages/airflow/example_dags/example_sla_dag.py for tasks to queue
[2024-05-08T14:07:22.109+0000] {logging_mixin.py:188} INFO - [2024-05-08T14:07:22.109+0000] {dagbag.py:545} INFO - Filling up the DagBag from /home/airflow/.local/lib/python3.12/site-packages/airflow/example_dags/example_sla_dag.py
[2024-05-08T14:07:22.121+0000] {processor.py:840} INFO - DAG(s) 'example_sla_dag' retrieved from /home/airflow/.local/lib/python3.12/site-packages/airflow/example_dags/example_sla_dag.py
[2024-05-08T14:07:22.149+0000] {logging_mixin.py:188} INFO - [2024-05-08T14:07:22.149+0000] {dag.py:3096} INFO - Sync 1 DAGs
[2024-05-08T14:07:22.178+0000] {logging_mixin.py:188} INFO - [2024-05-08T14:07:22.178+0000] {dag.py:3954} INFO - Setting next_dagrun for example_sla_dag to 2024-05-08 14:04:00+00:00, run_after=2024-05-08 14:06:00+00:00
[2024-05-08T14:07:22.203+0000] {processor.py:183} INFO - Processing /home/airflow/.local/lib/python3.12/site-packages/airflow/example_dags/example_sla_dag.py took 0.105 seconds
[2024-05-08T14:07:52.792+0000] {processor.py:161} INFO - Started process (PID=2388) to work on /home/airflow/.local/lib/python3.12/site-packages/airflow/example_dags/example_sla_dag.py
[2024-05-08T14:07:52.793+0000] {processor.py:830} INFO - Processing file /home/airflow/.local/lib/python3.12/site-packages/airflow/example_dags/example_sla_dag.py for tasks to queue
[2024-05-08T14:07:52.796+0000] {logging_mixin.py:188} INFO - [2024-05-08T14:07:52.796+0000] {dagbag.py:545} INFO - Filling up the DagBag from /home/airflow/.local/lib/python3.12/site-packages/airflow/example_dags/example_sla_dag.py
[2024-05-08T14:07:52.807+0000] {processor.py:840} INFO - DAG(s) 'example_sla_dag' retrieved from /home/airflow/.local/lib/python3.12/site-packages/airflow/example_dags/example_sla_dag.py
[2024-05-08T14:07:52.848+0000] {logging_mixin.py:188} INFO - [2024-05-08T14:07:52.847+0000] {dag.py:3096} INFO - Sync 1 DAGs
[2024-05-08T14:07:52.895+0000] {logging_mixin.py:188} INFO - [2024-05-08T14:07:52.895+0000] {dag.py:3954} INFO - Setting next_dagrun for example_sla_dag to 2024-05-08 14:04:00+00:00, run_after=2024-05-08 14:06:00+00:00
[2024-05-08T14:07:52.924+0000] {processor.py:183} INFO - Processing /home/airflow/.local/lib/python3.12/site-packages/airflow/example_dags/example_sla_dag.py took 0.142 seconds
[2024-05-08T14:08:23.182+0000] {processor.py:161} INFO - Started process (PID=2447) to work on /home/airflow/.local/lib/python3.12/site-packages/airflow/example_dags/example_sla_dag.py
[2024-05-08T14:08:23.183+0000] {processor.py:830} INFO - Processing file /home/airflow/.local/lib/python3.12/site-packages/airflow/example_dags/example_sla_dag.py for tasks to queue
[2024-05-08T14:08:23.186+0000] {logging_mixin.py:188} INFO - [2024-05-08T14:08:23.185+0000] {dagbag.py:545} INFO - Filling up the DagBag from /home/airflow/.local/lib/python3.12/site-packages/airflow/example_dags/example_sla_dag.py
[2024-05-08T14:08:23.196+0000] {processor.py:840} INFO - DAG(s) 'example_sla_dag' retrieved from /home/airflow/.local/lib/python3.12/site-packages/airflow/example_dags/example_sla_dag.py
[2024-05-08T14:08:23.222+0000] {logging_mixin.py:188} INFO - [2024-05-08T14:08:23.222+0000] {dag.py:3096} INFO - Sync 1 DAGs
[2024-05-08T14:08:23.255+0000] {logging_mixin.py:188} INFO - [2024-05-08T14:08:23.255+0000] {dag.py:3954} INFO - Setting next_dagrun for example_sla_dag to 2024-05-08 14:06:00+00:00, run_after=2024-05-08 14:08:00+00:00
[2024-05-08T14:08:23.284+0000] {processor.py:183} INFO - Processing /home/airflow/.local/lib/python3.12/site-packages/airflow/example_dags/example_sla_dag.py took 0.111 seconds
[2024-05-08T14:08:53.570+0000] {processor.py:161} INFO - Started process (PID=2506) to work on /home/airflow/.local/lib/python3.12/site-packages/airflow/example_dags/example_sla_dag.py
[2024-05-08T14:08:53.572+0000] {processor.py:830} INFO - Processing file /home/airflow/.local/lib/python3.12/site-packages/airflow/example_dags/example_sla_dag.py for tasks to queue
[2024-05-08T14:08:53.575+0000] {logging_mixin.py:188} INFO - [2024-05-08T14:08:53.574+0000] {dagbag.py:545} INFO - Filling up the DagBag from /home/airflow/.local/lib/python3.12/site-packages/airflow/example_dags/example_sla_dag.py
[2024-05-08T14:08:53.587+0000] {processor.py:840} INFO - DAG(s) 'example_sla_dag' retrieved from /home/airflow/.local/lib/python3.12/site-packages/airflow/example_dags/example_sla_dag.py
[2024-05-08T14:08:53.612+0000] {logging_mixin.py:188} INFO - [2024-05-08T14:08:53.611+0000] {dag.py:3096} INFO - Sync 1 DAGs
[2024-05-08T14:08:53.642+0000] {logging_mixin.py:188} INFO - [2024-05-08T14:08:53.642+0000] {dag.py:3954} INFO - Setting next_dagrun for example_sla_dag to 2024-05-08 14:06:00+00:00, run_after=2024-05-08 14:08:00+00:00
[2024-05-08T14:08:53.672+0000] {processor.py:183} INFO - Processing /home/airflow/.local/lib/python3.12/site-packages/airflow/example_dags/example_sla_dag.py took 0.109 seconds
[2024-05-08T14:09:24.869+0000] {processor.py:161} INFO - Started process (PID=2568) to work on /home/airflow/.local/lib/python3.12/site-packages/airflow/example_dags/example_sla_dag.py
[2024-05-08T14:09:24.871+0000] {processor.py:830} INFO - Processing file /home/airflow/.local/lib/python3.12/site-packages/airflow/example_dags/example_sla_dag.py for tasks to queue
[2024-05-08T14:09:24.874+0000] {logging_mixin.py:188} INFO - [2024-05-08T14:09:24.873+0000] {dagbag.py:545} INFO - Filling up the DagBag from /home/airflow/.local/lib/python3.12/site-packages/airflow/example_dags/example_sla_dag.py
[2024-05-08T14:09:24.885+0000] {processor.py:840} INFO - DAG(s) 'example_sla_dag' retrieved from /home/airflow/.local/lib/python3.12/site-packages/airflow/example_dags/example_sla_dag.py
[2024-05-08T14:09:24.908+0000] {logging_mixin.py:188} INFO - [2024-05-08T14:09:24.907+0000] {dag.py:3096} INFO - Sync 1 DAGs
[2024-05-08T14:09:24.937+0000] {logging_mixin.py:188} INFO - [2024-05-08T14:09:24.937+0000] {dag.py:3954} INFO - Setting next_dagrun for example_sla_dag to 2024-05-08 14:06:00+00:00, run_after=2024-05-08 14:08:00+00:00
[2024-05-08T14:09:24.962+0000] {processor.py:183} INFO - Processing /home/airflow/.local/lib/python3.12/site-packages/airflow/example_dags/example_sla_dag.py took 0.100 seconds
[2024-05-08T14:09:55.722+0000] {processor.py:161} INFO - Started process (PID=2628) to work on /home/airflow/.local/lib/python3.12/site-packages/airflow/example_dags/example_sla_dag.py
[2024-05-08T14:09:55.724+0000] {processor.py:830} INFO - Processing file /home/airflow/.local/lib/python3.12/site-packages/airflow/example_dags/example_sla_dag.py for tasks to queue
[2024-05-08T14:09:55.728+0000] {logging_mixin.py:188} INFO - [2024-05-08T14:09:55.727+0000] {dagbag.py:545} INFO - Filling up the DagBag from /home/airflow/.local/lib/python3.12/site-packages/airflow/example_dags/example_sla_dag.py
[2024-05-08T14:09:55.738+0000] {processor.py:840} INFO - DAG(s) 'example_sla_dag' retrieved from /home/airflow/.local/lib/python3.12/site-packages/airflow/example_dags/example_sla_dag.py
[2024-05-08T14:09:55.767+0000] {logging_mixin.py:188} INFO - [2024-05-08T14:09:55.767+0000] {dag.py:3096} INFO - Sync 1 DAGs
[2024-05-08T14:09:55.798+0000] {logging_mixin.py:188} INFO - [2024-05-08T14:09:55.798+0000] {dag.py:3954} INFO - Setting next_dagrun for example_sla_dag to 2024-05-08 14:06:00+00:00, run_after=2024-05-08 14:08:00+00:00
[2024-05-08T14:09:55.823+0000] {processor.py:183} INFO - Processing /home/airflow/.local/lib/python3.12/site-packages/airflow/example_dags/example_sla_dag.py took 0.108 seconds
[2024-05-08T14:10:26.994+0000] {processor.py:161} INFO - Started process (PID=2688) to work on /home/airflow/.local/lib/python3.12/site-packages/airflow/example_dags/example_sla_dag.py
[2024-05-08T14:10:26.995+0000] {processor.py:830} INFO - Processing file /home/airflow/.local/lib/python3.12/site-packages/airflow/example_dags/example_sla_dag.py for tasks to queue
[2024-05-08T14:10:26.998+0000] {logging_mixin.py:188} INFO - [2024-05-08T14:10:26.998+0000] {dagbag.py:545} INFO - Filling up the DagBag from /home/airflow/.local/lib/python3.12/site-packages/airflow/example_dags/example_sla_dag.py
[2024-05-08T14:10:27.010+0000] {processor.py:840} INFO - DAG(s) 'example_sla_dag' retrieved from /home/airflow/.local/lib/python3.12/site-packages/airflow/example_dags/example_sla_dag.py
[2024-05-08T14:10:27.038+0000] {logging_mixin.py:188} INFO - [2024-05-08T14:10:27.037+0000] {dag.py:3096} INFO - Sync 1 DAGs
[2024-05-08T14:10:27.068+0000] {logging_mixin.py:188} INFO - [2024-05-08T14:10:27.068+0000] {dag.py:3954} INFO - Setting next_dagrun for example_sla_dag to 2024-05-08 14:08:00+00:00, run_after=2024-05-08 14:10:00+00:00
[2024-05-08T14:10:27.095+0000] {processor.py:183} INFO - Processing /home/airflow/.local/lib/python3.12/site-packages/airflow/example_dags/example_sla_dag.py took 0.108 seconds
[2024-05-08T14:10:57.336+0000] {processor.py:161} INFO - Started process (PID=2747) to work on /home/airflow/.local/lib/python3.12/site-packages/airflow/example_dags/example_sla_dag.py
[2024-05-08T14:10:57.342+0000] {processor.py:830} INFO - Processing file /home/airflow/.local/lib/python3.12/site-packages/airflow/example_dags/example_sla_dag.py for tasks to queue
[2024-05-08T14:10:57.344+0000] {logging_mixin.py:188} INFO - [2024-05-08T14:10:57.344+0000] {dagbag.py:545} INFO - Filling up the DagBag from /home/airflow/.local/lib/python3.12/site-packages/airflow/example_dags/example_sla_dag.py
[2024-05-08T14:10:57.355+0000] {processor.py:840} INFO - DAG(s) 'example_sla_dag' retrieved from /home/airflow/.local/lib/python3.12/site-packages/airflow/example_dags/example_sla_dag.py
[2024-05-08T14:10:57.382+0000] {logging_mixin.py:188} INFO - [2024-05-08T14:10:57.381+0000] {dag.py:3096} INFO - Sync 1 DAGs
[2024-05-08T14:10:57.414+0000] {logging_mixin.py:188} INFO - [2024-05-08T14:10:57.413+0000] {dag.py:3954} INFO - Setting next_dagrun for example_sla_dag to 2024-05-08 14:08:00+00:00, run_after=2024-05-08 14:10:00+00:00
[2024-05-08T14:10:57.442+0000] {processor.py:183} INFO - Processing /home/airflow/.local/lib/python3.12/site-packages/airflow/example_dags/example_sla_dag.py took 0.113 seconds
[2024-05-08T14:11:27.685+0000] {processor.py:161} INFO - Started process (PID=2806) to work on /home/airflow/.local/lib/python3.12/site-packages/airflow/example_dags/example_sla_dag.py
[2024-05-08T14:11:27.687+0000] {processor.py:830} INFO - Processing file /home/airflow/.local/lib/python3.12/site-packages/airflow/example_dags/example_sla_dag.py for tasks to queue
[2024-05-08T14:11:27.689+0000] {logging_mixin.py:188} INFO - [2024-05-08T14:11:27.689+0000] {dagbag.py:545} INFO - Filling up the DagBag from /home/airflow/.local/lib/python3.12/site-packages/airflow/example_dags/example_sla_dag.py
[2024-05-08T14:11:27.699+0000] {processor.py:840} INFO - DAG(s) 'example_sla_dag' retrieved from /home/airflow/.local/lib/python3.12/site-packages/airflow/example_dags/example_sla_dag.py
[2024-05-08T14:11:27.726+0000] {logging_mixin.py:188} INFO - [2024-05-08T14:11:27.726+0000] {dag.py:3096} INFO - Sync 1 DAGs
[2024-05-08T14:11:27.762+0000] {logging_mixin.py:188} INFO - [2024-05-08T14:11:27.762+0000] {dag.py:3954} INFO - Setting next_dagrun for example_sla_dag to 2024-05-08 14:08:00+00:00, run_after=2024-05-08 14:10:00+00:00
[2024-05-08T14:11:27.864+0000] {processor.py:183} INFO - Processing /home/airflow/.local/lib/python3.12/site-packages/airflow/example_dags/example_sla_dag.py took 0.187 seconds
[2024-05-08T14:11:57.960+0000] {processor.py:161} INFO - Started process (PID=2866) to work on /home/airflow/.local/lib/python3.12/site-packages/airflow/example_dags/example_sla_dag.py
[2024-05-08T14:11:57.961+0000] {processor.py:830} INFO - Processing file /home/airflow/.local/lib/python3.12/site-packages/airflow/example_dags/example_sla_dag.py for tasks to queue
[2024-05-08T14:11:57.964+0000] {logging_mixin.py:188} INFO - [2024-05-08T14:11:57.964+0000] {dagbag.py:545} INFO - Filling up the DagBag from /home/airflow/.local/lib/python3.12/site-packages/airflow/example_dags/example_sla_dag.py
[2024-05-08T14:11:57.974+0000] {processor.py:840} INFO - DAG(s) 'example_sla_dag' retrieved from /home/airflow/.local/lib/python3.12/site-packages/airflow/example_dags/example_sla_dag.py
[2024-05-08T14:11:57.997+0000] {logging_mixin.py:188} INFO - [2024-05-08T14:11:57.997+0000] {dag.py:3096} INFO - Sync 1 DAGs
[2024-05-08T14:11:58.024+0000] {logging_mixin.py:188} INFO - [2024-05-08T14:11:58.023+0000] {dag.py:3954} INFO - Setting next_dagrun for example_sla_dag to 2024-05-08 14:08:00+00:00, run_after=2024-05-08 14:10:00+00:00
[2024-05-08T14:11:58.046+0000] {processor.py:183} INFO - Processing /home/airflow/.local/lib/python3.12/site-packages/airflow/example_dags/example_sla_dag.py took 0.093 seconds
[2024-05-08T14:12:28.295+0000] {processor.py:161} INFO - Started process (PID=2926) to work on /home/airflow/.local/lib/python3.12/site-packages/airflow/example_dags/example_sla_dag.py
[2024-05-08T14:12:28.298+0000] {processor.py:830} INFO - Processing file /home/airflow/.local/lib/python3.12/site-packages/airflow/example_dags/example_sla_dag.py for tasks to queue
[2024-05-08T14:12:28.301+0000] {logging_mixin.py:188} INFO - [2024-05-08T14:12:28.300+0000] {dagbag.py:545} INFO - Filling up the DagBag from /home/airflow/.local/lib/python3.12/site-packages/airflow/example_dags/example_sla_dag.py
[2024-05-08T14:12:28.312+0000] {processor.py:840} INFO - DAG(s) 'example_sla_dag' retrieved from /home/airflow/.local/lib/python3.12/site-packages/airflow/example_dags/example_sla_dag.py
[2024-05-08T14:12:28.339+0000] {logging_mixin.py:188} INFO - [2024-05-08T14:12:28.339+0000] {dag.py:3096} INFO - Sync 1 DAGs
[2024-05-08T14:12:28.370+0000] {logging_mixin.py:188} INFO - [2024-05-08T14:12:28.370+0000] {dag.py:3954} INFO - Setting next_dagrun for example_sla_dag to 2024-05-08 14:10:00+00:00, run_after=2024-05-08 14:12:00+00:00
[2024-05-08T14:12:28.427+0000] {processor.py:183} INFO - Processing /home/airflow/.local/lib/python3.12/site-packages/airflow/example_dags/example_sla_dag.py took 0.141 seconds
[2024-05-08T14:12:58.623+0000] {processor.py:161} INFO - Started process (PID=2985) to work on /home/airflow/.local/lib/python3.12/site-packages/airflow/example_dags/example_sla_dag.py
[2024-05-08T14:12:58.637+0000] {processor.py:830} INFO - Processing file /home/airflow/.local/lib/python3.12/site-packages/airflow/example_dags/example_sla_dag.py for tasks to queue
[2024-05-08T14:12:58.658+0000] {logging_mixin.py:188} INFO - [2024-05-08T14:12:58.657+0000] {dagbag.py:545} INFO - Filling up the DagBag from /home/airflow/.local/lib/python3.12/site-packages/airflow/example_dags/example_sla_dag.py
[2024-05-08T14:12:58.689+0000] {processor.py:840} INFO - DAG(s) 'example_sla_dag' retrieved from /home/airflow/.local/lib/python3.12/site-packages/airflow/example_dags/example_sla_dag.py
[2024-05-08T14:12:58.717+0000] {logging_mixin.py:188} INFO - [2024-05-08T14:12:58.717+0000] {dag.py:3096} INFO - Sync 1 DAGs
[2024-05-08T14:12:58.751+0000] {logging_mixin.py:188} INFO - [2024-05-08T14:12:58.751+0000] {dag.py:3954} INFO - Setting next_dagrun for example_sla_dag to 2024-05-08 14:10:00+00:00, run_after=2024-05-08 14:12:00+00:00
[2024-05-08T14:12:58.783+0000] {processor.py:183} INFO - Processing /home/airflow/.local/lib/python3.12/site-packages/airflow/example_dags/example_sla_dag.py took 0.168 seconds
[2024-05-08T14:13:28.825+0000] {processor.py:161} INFO - Started process (PID=3045) to work on /home/airflow/.local/lib/python3.12/site-packages/airflow/example_dags/example_sla_dag.py
[2024-05-08T14:13:28.826+0000] {processor.py:830} INFO - Processing file /home/airflow/.local/lib/python3.12/site-packages/airflow/example_dags/example_sla_dag.py for tasks to queue
[2024-05-08T14:13:28.830+0000] {logging_mixin.py:188} INFO - [2024-05-08T14:13:28.829+0000] {dagbag.py:545} INFO - Filling up the DagBag from /home/airflow/.local/lib/python3.12/site-packages/airflow/example_dags/example_sla_dag.py
[2024-05-08T14:13:28.840+0000] {processor.py:840} INFO - DAG(s) 'example_sla_dag' retrieved from /home/airflow/.local/lib/python3.12/site-packages/airflow/example_dags/example_sla_dag.py
[2024-05-08T14:13:28.861+0000] {logging_mixin.py:188} INFO - [2024-05-08T14:13:28.861+0000] {dag.py:3096} INFO - Sync 1 DAGs
[2024-05-08T14:13:28.887+0000] {logging_mixin.py:188} INFO - [2024-05-08T14:13:28.887+0000] {dag.py:3954} INFO - Setting next_dagrun for example_sla_dag to 2024-05-08 14:10:00+00:00, run_after=2024-05-08 14:12:00+00:00
[2024-05-08T14:13:28.909+0000] {processor.py:183} INFO - Processing /home/airflow/.local/lib/python3.12/site-packages/airflow/example_dags/example_sla_dag.py took 0.092 seconds
[2024-05-08T14:13:59.085+0000] {processor.py:161} INFO - Started process (PID=3105) to work on /home/airflow/.local/lib/python3.12/site-packages/airflow/example_dags/example_sla_dag.py
[2024-05-08T14:13:59.086+0000] {processor.py:830} INFO - Processing file /home/airflow/.local/lib/python3.12/site-packages/airflow/example_dags/example_sla_dag.py for tasks to queue
[2024-05-08T14:13:59.089+0000] {logging_mixin.py:188} INFO - [2024-05-08T14:13:59.088+0000] {dagbag.py:545} INFO - Filling up the DagBag from /home/airflow/.local/lib/python3.12/site-packages/airflow/example_dags/example_sla_dag.py
[2024-05-08T14:13:59.098+0000] {processor.py:840} INFO - DAG(s) 'example_sla_dag' retrieved from /home/airflow/.local/lib/python3.12/site-packages/airflow/example_dags/example_sla_dag.py
[2024-05-08T14:13:59.123+0000] {logging_mixin.py:188} INFO - [2024-05-08T14:13:59.123+0000] {dag.py:3096} INFO - Sync 1 DAGs
[2024-05-08T14:13:59.154+0000] {logging_mixin.py:188} INFO - [2024-05-08T14:13:59.154+0000] {dag.py:3954} INFO - Setting next_dagrun for example_sla_dag to 2024-05-08 14:10:00+00:00, run_after=2024-05-08 14:12:00+00:00
[2024-05-08T14:13:59.183+0000] {processor.py:183} INFO - Processing /home/airflow/.local/lib/python3.12/site-packages/airflow/example_dags/example_sla_dag.py took 0.106 seconds
[2024-05-08T14:14:29.299+0000] {processor.py:161} INFO - Started process (PID=3165) to work on /home/airflow/.local/lib/python3.12/site-packages/airflow/example_dags/example_sla_dag.py
[2024-05-08T14:14:29.300+0000] {processor.py:830} INFO - Processing file /home/airflow/.local/lib/python3.12/site-packages/airflow/example_dags/example_sla_dag.py for tasks to queue
[2024-05-08T14:14:29.303+0000] {logging_mixin.py:188} INFO - [2024-05-08T14:14:29.302+0000] {dagbag.py:545} INFO - Filling up the DagBag from /home/airflow/.local/lib/python3.12/site-packages/airflow/example_dags/example_sla_dag.py
[2024-05-08T14:14:29.312+0000] {processor.py:840} INFO - DAG(s) 'example_sla_dag' retrieved from /home/airflow/.local/lib/python3.12/site-packages/airflow/example_dags/example_sla_dag.py
[2024-05-08T14:14:29.335+0000] {logging_mixin.py:188} INFO - [2024-05-08T14:14:29.335+0000] {dag.py:3096} INFO - Sync 1 DAGs
[2024-05-08T14:14:29.362+0000] {logging_mixin.py:188} INFO - [2024-05-08T14:14:29.362+0000] {dag.py:3954} INFO - Setting next_dagrun for example_sla_dag to 2024-05-08 14:12:00+00:00, run_after=2024-05-08 14:14:00+00:00
[2024-05-08T14:14:29.385+0000] {processor.py:183} INFO - Processing /home/airflow/.local/lib/python3.12/site-packages/airflow/example_dags/example_sla_dag.py took 0.093 seconds
[2024-05-08T14:15:00.055+0000] {processor.py:161} INFO - Started process (PID=3225) to work on /home/airflow/.local/lib/python3.12/site-packages/airflow/example_dags/example_sla_dag.py
[2024-05-08T14:15:00.058+0000] {processor.py:830} INFO - Processing file /home/airflow/.local/lib/python3.12/site-packages/airflow/example_dags/example_sla_dag.py for tasks to queue
[2024-05-08T14:15:00.061+0000] {logging_mixin.py:188} INFO - [2024-05-08T14:15:00.060+0000] {dagbag.py:545} INFO - Filling up the DagBag from /home/airflow/.local/lib/python3.12/site-packages/airflow/example_dags/example_sla_dag.py
[2024-05-08T14:15:00.076+0000] {processor.py:840} INFO - DAG(s) 'example_sla_dag' retrieved from /home/airflow/.local/lib/python3.12/site-packages/airflow/example_dags/example_sla_dag.py
[2024-05-08T14:15:00.104+0000] {logging_mixin.py:188} INFO - [2024-05-08T14:15:00.104+0000] {dag.py:3096} INFO - Sync 1 DAGs
[2024-05-08T14:15:00.148+0000] {logging_mixin.py:188} INFO - [2024-05-08T14:15:00.148+0000] {dag.py:3954} INFO - Setting next_dagrun for example_sla_dag to 2024-05-08 14:12:00+00:00, run_after=2024-05-08 14:14:00+00:00
[2024-05-08T14:15:00.179+0000] {processor.py:183} INFO - Processing /home/airflow/.local/lib/python3.12/site-packages/airflow/example_dags/example_sla_dag.py took 0.131 seconds
[2024-05-08T14:15:30.217+0000] {processor.py:161} INFO - Started process (PID=3285) to work on /home/airflow/.local/lib/python3.12/site-packages/airflow/example_dags/example_sla_dag.py
[2024-05-08T14:15:30.218+0000] {processor.py:830} INFO - Processing file /home/airflow/.local/lib/python3.12/site-packages/airflow/example_dags/example_sla_dag.py for tasks to queue
[2024-05-08T14:15:30.221+0000] {logging_mixin.py:188} INFO - [2024-05-08T14:15:30.221+0000] {dagbag.py:545} INFO - Filling up the DagBag from /home/airflow/.local/lib/python3.12/site-packages/airflow/example_dags/example_sla_dag.py
[2024-05-08T14:15:30.232+0000] {processor.py:840} INFO - DAG(s) 'example_sla_dag' retrieved from /home/airflow/.local/lib/python3.12/site-packages/airflow/example_dags/example_sla_dag.py
[2024-05-08T14:15:30.256+0000] {logging_mixin.py:188} INFO - [2024-05-08T14:15:30.256+0000] {dag.py:3096} INFO - Sync 1 DAGs
[2024-05-08T14:15:30.288+0000] {logging_mixin.py:188} INFO - [2024-05-08T14:15:30.288+0000] {dag.py:3954} INFO - Setting next_dagrun for example_sla_dag to 2024-05-08 14:12:00+00:00, run_after=2024-05-08 14:14:00+00:00
[2024-05-08T14:15:30.311+0000] {processor.py:183} INFO - Processing /home/airflow/.local/lib/python3.12/site-packages/airflow/example_dags/example_sla_dag.py took 0.102 seconds
[2024-05-08T14:16:00.465+0000] {processor.py:161} INFO - Started process (PID=3345) to work on /home/airflow/.local/lib/python3.12/site-packages/airflow/example_dags/example_sla_dag.py
[2024-05-08T14:16:00.466+0000] {processor.py:830} INFO - Processing file /home/airflow/.local/lib/python3.12/site-packages/airflow/example_dags/example_sla_dag.py for tasks to queue
[2024-05-08T14:16:00.469+0000] {logging_mixin.py:188} INFO - [2024-05-08T14:16:00.468+0000] {dagbag.py:545} INFO - Filling up the DagBag from /home/airflow/.local/lib/python3.12/site-packages/airflow/example_dags/example_sla_dag.py
[2024-05-08T14:16:00.481+0000] {processor.py:840} INFO - DAG(s) 'example_sla_dag' retrieved from /home/airflow/.local/lib/python3.12/site-packages/airflow/example_dags/example_sla_dag.py
[2024-05-08T14:16:00.535+0000] {logging_mixin.py:188} INFO - [2024-05-08T14:16:00.535+0000] {dag.py:3096} INFO - Sync 1 DAGs
[2024-05-08T14:16:00.687+0000] {logging_mixin.py:188} INFO - [2024-05-08T14:16:00.686+0000] {dag.py:3954} INFO - Setting next_dagrun for example_sla_dag to 2024-05-08 14:14:00+00:00, run_after=2024-05-08 14:16:00+00:00
[2024-05-08T14:16:00.763+0000] {processor.py:183} INFO - Processing /home/airflow/.local/lib/python3.12/site-packages/airflow/example_dags/example_sla_dag.py took 0.306 seconds
[2024-05-08T14:16:30.839+0000] {processor.py:161} INFO - Started process (PID=3405) to work on /home/airflow/.local/lib/python3.12/site-packages/airflow/example_dags/example_sla_dag.py
[2024-05-08T14:16:30.841+0000] {processor.py:830} INFO - Processing file /home/airflow/.local/lib/python3.12/site-packages/airflow/example_dags/example_sla_dag.py for tasks to queue
[2024-05-08T14:16:30.844+0000] {logging_mixin.py:188} INFO - [2024-05-08T14:16:30.844+0000] {dagbag.py:545} INFO - Filling up the DagBag from /home/airflow/.local/lib/python3.12/site-packages/airflow/example_dags/example_sla_dag.py
[2024-05-08T14:16:30.854+0000] {processor.py:840} INFO - DAG(s) 'example_sla_dag' retrieved from /home/airflow/.local/lib/python3.12/site-packages/airflow/example_dags/example_sla_dag.py
[2024-05-08T14:16:30.877+0000] {logging_mixin.py:188} INFO - [2024-05-08T14:16:30.877+0000] {dag.py:3096} INFO - Sync 1 DAGs
[2024-05-08T14:16:30.903+0000] {logging_mixin.py:188} INFO - [2024-05-08T14:16:30.903+0000] {dag.py:3954} INFO - Setting next_dagrun for example_sla_dag to 2024-05-08 14:14:00+00:00, run_after=2024-05-08 14:16:00+00:00
[2024-05-08T14:16:30.924+0000] {processor.py:183} INFO - Processing /home/airflow/.local/lib/python3.12/site-packages/airflow/example_dags/example_sla_dag.py took 0.093 seconds
[2024-05-08T14:17:01.400+0000] {processor.py:161} INFO - Started process (PID=3465) to work on /home/airflow/.local/lib/python3.12/site-packages/airflow/example_dags/example_sla_dag.py
[2024-05-08T14:17:01.402+0000] {processor.py:830} INFO - Processing file /home/airflow/.local/lib/python3.12/site-packages/airflow/example_dags/example_sla_dag.py for tasks to queue
[2024-05-08T14:17:01.405+0000] {logging_mixin.py:188} INFO - [2024-05-08T14:17:01.404+0000] {dagbag.py:545} INFO - Filling up the DagBag from /home/airflow/.local/lib/python3.12/site-packages/airflow/example_dags/example_sla_dag.py
[2024-05-08T14:17:01.416+0000] {processor.py:840} INFO - DAG(s) 'example_sla_dag' retrieved from /home/airflow/.local/lib/python3.12/site-packages/airflow/example_dags/example_sla_dag.py
[2024-05-08T14:17:01.442+0000] {logging_mixin.py:188} INFO - [2024-05-08T14:17:01.441+0000] {dag.py:3096} INFO - Sync 1 DAGs
[2024-05-08T14:17:01.470+0000] {logging_mixin.py:188} INFO - [2024-05-08T14:17:01.470+0000] {dag.py:3954} INFO - Setting next_dagrun for example_sla_dag to 2024-05-08 14:14:00+00:00, run_after=2024-05-08 14:16:00+00:00
[2024-05-08T14:17:01.493+0000] {processor.py:183} INFO - Processing /home/airflow/.local/lib/python3.12/site-packages/airflow/example_dags/example_sla_dag.py took 0.103 seconds
[2024-05-08T14:17:31.614+0000] {processor.py:161} INFO - Started process (PID=3525) to work on /home/airflow/.local/lib/python3.12/site-packages/airflow/example_dags/example_sla_dag.py
[2024-05-08T14:17:31.616+0000] {processor.py:830} INFO - Processing file /home/airflow/.local/lib/python3.12/site-packages/airflow/example_dags/example_sla_dag.py for tasks to queue
[2024-05-08T14:17:31.619+0000] {logging_mixin.py:188} INFO - [2024-05-08T14:17:31.618+0000] {dagbag.py:545} INFO - Filling up the DagBag from /home/airflow/.local/lib/python3.12/site-packages/airflow/example_dags/example_sla_dag.py
[2024-05-08T14:17:31.628+0000] {processor.py:840} INFO - DAG(s) 'example_sla_dag' retrieved from /home/airflow/.local/lib/python3.12/site-packages/airflow/example_dags/example_sla_dag.py
[2024-05-08T14:17:31.653+0000] {logging_mixin.py:188} INFO - [2024-05-08T14:17:31.653+0000] {dag.py:3096} INFO - Sync 1 DAGs
[2024-05-08T14:17:31.682+0000] {logging_mixin.py:188} INFO - [2024-05-08T14:17:31.682+0000] {dag.py:3954} INFO - Setting next_dagrun for example_sla_dag to 2024-05-08 14:14:00+00:00, run_after=2024-05-08 14:16:00+00:00
[2024-05-08T14:17:31.706+0000] {processor.py:183} INFO - Processing /home/airflow/.local/lib/python3.12/site-packages/airflow/example_dags/example_sla_dag.py took 0.100 seconds
[2024-05-08T14:18:01.909+0000] {processor.py:161} INFO - Started process (PID=3585) to work on /home/airflow/.local/lib/python3.12/site-packages/airflow/example_dags/example_sla_dag.py
[2024-05-08T14:18:01.911+0000] {processor.py:830} INFO - Processing file /home/airflow/.local/lib/python3.12/site-packages/airflow/example_dags/example_sla_dag.py for tasks to queue
[2024-05-08T14:18:01.913+0000] {logging_mixin.py:188} INFO - [2024-05-08T14:18:01.913+0000] {dagbag.py:545} INFO - Filling up the DagBag from /home/airflow/.local/lib/python3.12/site-packages/airflow/example_dags/example_sla_dag.py
[2024-05-08T14:18:01.923+0000] {processor.py:840} INFO - DAG(s) 'example_sla_dag' retrieved from /home/airflow/.local/lib/python3.12/site-packages/airflow/example_dags/example_sla_dag.py
[2024-05-08T14:18:01.946+0000] {logging_mixin.py:188} INFO - [2024-05-08T14:18:01.946+0000] {dag.py:3096} INFO - Sync 1 DAGs
[2024-05-08T14:18:01.972+0000] {logging_mixin.py:188} INFO - [2024-05-08T14:18:01.972+0000] {dag.py:3954} INFO - Setting next_dagrun for example_sla_dag to 2024-05-08 14:16:00+00:00, run_after=2024-05-08 14:18:00+00:00
[2024-05-08T14:18:01.994+0000] {processor.py:183} INFO - Processing /home/airflow/.local/lib/python3.12/site-packages/airflow/example_dags/example_sla_dag.py took 0.095 seconds
[2024-05-08T14:18:32.321+0000] {processor.py:161} INFO - Started process (PID=3645) to work on /home/airflow/.local/lib/python3.12/site-packages/airflow/example_dags/example_sla_dag.py
[2024-05-08T14:18:32.324+0000] {processor.py:830} INFO - Processing file /home/airflow/.local/lib/python3.12/site-packages/airflow/example_dags/example_sla_dag.py for tasks to queue
[2024-05-08T14:18:32.329+0000] {logging_mixin.py:188} INFO - [2024-05-08T14:18:32.328+0000] {dagbag.py:545} INFO - Filling up the DagBag from /home/airflow/.local/lib/python3.12/site-packages/airflow/example_dags/example_sla_dag.py
[2024-05-08T14:18:32.341+0000] {processor.py:840} INFO - DAG(s) 'example_sla_dag' retrieved from /home/airflow/.local/lib/python3.12/site-packages/airflow/example_dags/example_sla_dag.py
[2024-05-08T14:18:32.373+0000] {logging_mixin.py:188} INFO - [2024-05-08T14:18:32.373+0000] {dag.py:3096} INFO - Sync 1 DAGs
[2024-05-08T14:18:32.412+0000] {logging_mixin.py:188} INFO - [2024-05-08T14:18:32.411+0000] {dag.py:3954} INFO - Setting next_dagrun for example_sla_dag to 2024-05-08 14:16:00+00:00, run_after=2024-05-08 14:18:00+00:00
[2024-05-08T14:18:32.441+0000] {processor.py:183} INFO - Processing /home/airflow/.local/lib/python3.12/site-packages/airflow/example_dags/example_sla_dag.py took 0.127 seconds
[2024-05-08T14:19:02.731+0000] {processor.py:161} INFO - Started process (PID=3705) to work on /home/airflow/.local/lib/python3.12/site-packages/airflow/example_dags/example_sla_dag.py
[2024-05-08T14:19:02.733+0000] {processor.py:830} INFO - Processing file /home/airflow/.local/lib/python3.12/site-packages/airflow/example_dags/example_sla_dag.py for tasks to queue
[2024-05-08T14:19:02.736+0000] {logging_mixin.py:188} INFO - [2024-05-08T14:19:02.735+0000] {dagbag.py:545} INFO - Filling up the DagBag from /home/airflow/.local/lib/python3.12/site-packages/airflow/example_dags/example_sla_dag.py
[2024-05-08T14:19:02.745+0000] {processor.py:840} INFO - DAG(s) 'example_sla_dag' retrieved from /home/airflow/.local/lib/python3.12/site-packages/airflow/example_dags/example_sla_dag.py
[2024-05-08T14:19:02.770+0000] {logging_mixin.py:188} INFO - [2024-05-08T14:19:02.770+0000] {dag.py:3096} INFO - Sync 1 DAGs
[2024-05-08T14:19:02.801+0000] {logging_mixin.py:188} INFO - [2024-05-08T14:19:02.801+0000] {dag.py:3954} INFO - Setting next_dagrun for example_sla_dag to 2024-05-08 14:16:00+00:00, run_after=2024-05-08 14:18:00+00:00
[2024-05-08T14:19:02.826+0000] {processor.py:183} INFO - Processing /home/airflow/.local/lib/python3.12/site-packages/airflow/example_dags/example_sla_dag.py took 0.105 seconds
[2024-05-08T14:19:33.008+0000] {processor.py:161} INFO - Started process (PID=3765) to work on /home/airflow/.local/lib/python3.12/site-packages/airflow/example_dags/example_sla_dag.py
[2024-05-08T14:19:33.010+0000] {processor.py:830} INFO - Processing file /home/airflow/.local/lib/python3.12/site-packages/airflow/example_dags/example_sla_dag.py for tasks to queue
[2024-05-08T14:19:33.012+0000] {logging_mixin.py:188} INFO - [2024-05-08T14:19:33.012+0000] {dagbag.py:545} INFO - Filling up the DagBag from /home/airflow/.local/lib/python3.12/site-packages/airflow/example_dags/example_sla_dag.py
[2024-05-08T14:19:33.022+0000] {processor.py:840} INFO - DAG(s) 'example_sla_dag' retrieved from /home/airflow/.local/lib/python3.12/site-packages/airflow/example_dags/example_sla_dag.py
[2024-05-08T14:19:33.049+0000] {logging_mixin.py:188} INFO - [2024-05-08T14:19:33.048+0000] {dag.py:3096} INFO - Sync 1 DAGs
[2024-05-08T14:19:33.078+0000] {logging_mixin.py:188} INFO - [2024-05-08T14:19:33.077+0000] {dag.py:3954} INFO - Setting next_dagrun for example_sla_dag to 2024-05-08 14:16:00+00:00, run_after=2024-05-08 14:18:00+00:00
[2024-05-08T14:19:33.104+0000] {processor.py:183} INFO - Processing /home/airflow/.local/lib/python3.12/site-packages/airflow/example_dags/example_sla_dag.py took 0.104 seconds
[2024-05-08T14:20:03.348+0000] {processor.py:161} INFO - Started process (PID=3825) to work on /home/airflow/.local/lib/python3.12/site-packages/airflow/example_dags/example_sla_dag.py
[2024-05-08T14:20:03.350+0000] {processor.py:830} INFO - Processing file /home/airflow/.local/lib/python3.12/site-packages/airflow/example_dags/example_sla_dag.py for tasks to queue
[2024-05-08T14:20:03.353+0000] {logging_mixin.py:188} INFO - [2024-05-08T14:20:03.352+0000] {dagbag.py:545} INFO - Filling up the DagBag from /home/airflow/.local/lib/python3.12/site-packages/airflow/example_dags/example_sla_dag.py
[2024-05-08T14:20:03.362+0000] {processor.py:840} INFO - DAG(s) 'example_sla_dag' retrieved from /home/airflow/.local/lib/python3.12/site-packages/airflow/example_dags/example_sla_dag.py
[2024-05-08T14:20:03.390+0000] {logging_mixin.py:188} INFO - [2024-05-08T14:20:03.390+0000] {dag.py:3096} INFO - Sync 1 DAGs
[2024-05-08T14:20:03.424+0000] {logging_mixin.py:188} INFO - [2024-05-08T14:20:03.423+0000] {dag.py:3954} INFO - Setting next_dagrun for example_sla_dag to 2024-05-08 14:18:00+00:00, run_after=2024-05-08 14:20:00+00:00
[2024-05-08T14:20:03.450+0000] {processor.py:183} INFO - Processing /home/airflow/.local/lib/python3.12/site-packages/airflow/example_dags/example_sla_dag.py took 0.108 seconds
[2024-05-08T14:20:34.238+0000] {processor.py:161} INFO - Started process (PID=3884) to work on /home/airflow/.local/lib/python3.12/site-packages/airflow/example_dags/example_sla_dag.py
[2024-05-08T14:20:34.239+0000] {processor.py:830} INFO - Processing file /home/airflow/.local/lib/python3.12/site-packages/airflow/example_dags/example_sla_dag.py for tasks to queue
[2024-05-08T14:20:34.243+0000] {logging_mixin.py:188} INFO - [2024-05-08T14:20:34.243+0000] {dagbag.py:545} INFO - Filling up the DagBag from /home/airflow/.local/lib/python3.12/site-packages/airflow/example_dags/example_sla_dag.py
[2024-05-08T14:20:34.254+0000] {processor.py:840} INFO - DAG(s) 'example_sla_dag' retrieved from /home/airflow/.local/lib/python3.12/site-packages/airflow/example_dags/example_sla_dag.py
[2024-05-08T14:20:34.280+0000] {logging_mixin.py:188} INFO - [2024-05-08T14:20:34.280+0000] {dag.py:3096} INFO - Sync 1 DAGs
[2024-05-08T14:20:34.311+0000] {logging_mixin.py:188} INFO - [2024-05-08T14:20:34.311+0000] {dag.py:3954} INFO - Setting next_dagrun for example_sla_dag to 2024-05-08 14:18:00+00:00, run_after=2024-05-08 14:20:00+00:00
[2024-05-08T14:20:34.339+0000] {processor.py:183} INFO - Processing /home/airflow/.local/lib/python3.12/site-packages/airflow/example_dags/example_sla_dag.py took 0.112 seconds
[2024-05-08T14:21:04.962+0000] {processor.py:161} INFO - Started process (PID=3944) to work on /home/airflow/.local/lib/python3.12/site-packages/airflow/example_dags/example_sla_dag.py
[2024-05-08T14:21:04.964+0000] {processor.py:830} INFO - Processing file /home/airflow/.local/lib/python3.12/site-packages/airflow/example_dags/example_sla_dag.py for tasks to queue
[2024-05-08T14:21:04.966+0000] {logging_mixin.py:188} INFO - [2024-05-08T14:21:04.966+0000] {dagbag.py:545} INFO - Filling up the DagBag from /home/airflow/.local/lib/python3.12/site-packages/airflow/example_dags/example_sla_dag.py
[2024-05-08T14:21:04.975+0000] {processor.py:840} INFO - DAG(s) 'example_sla_dag' retrieved from /home/airflow/.local/lib/python3.12/site-packages/airflow/example_dags/example_sla_dag.py
[2024-05-08T14:21:04.999+0000] {logging_mixin.py:188} INFO - [2024-05-08T14:21:04.998+0000] {dag.py:3096} INFO - Sync 1 DAGs
[2024-05-08T14:21:05.025+0000] {logging_mixin.py:188} INFO - [2024-05-08T14:21:05.025+0000] {dag.py:3954} INFO - Setting next_dagrun for example_sla_dag to 2024-05-08 14:18:00+00:00, run_after=2024-05-08 14:20:00+00:00
[2024-05-08T14:21:05.048+0000] {processor.py:183} INFO - Processing /home/airflow/.local/lib/python3.12/site-packages/airflow/example_dags/example_sla_dag.py took 0.092 seconds
[2024-05-08T14:21:35.647+0000] {processor.py:161} INFO - Started process (PID=4004) to work on /home/airflow/.local/lib/python3.12/site-packages/airflow/example_dags/example_sla_dag.py
[2024-05-08T14:21:35.649+0000] {processor.py:830} INFO - Processing file /home/airflow/.local/lib/python3.12/site-packages/airflow/example_dags/example_sla_dag.py for tasks to queue
[2024-05-08T14:21:35.652+0000] {logging_mixin.py:188} INFO - [2024-05-08T14:21:35.652+0000] {dagbag.py:545} INFO - Filling up the DagBag from /home/airflow/.local/lib/python3.12/site-packages/airflow/example_dags/example_sla_dag.py
[2024-05-08T14:21:35.662+0000] {processor.py:840} INFO - DAG(s) 'example_sla_dag' retrieved from /home/airflow/.local/lib/python3.12/site-packages/airflow/example_dags/example_sla_dag.py
[2024-05-08T14:21:35.688+0000] {logging_mixin.py:188} INFO - [2024-05-08T14:21:35.687+0000] {dag.py:3096} INFO - Sync 1 DAGs
[2024-05-08T14:21:35.716+0000] {logging_mixin.py:188} INFO - [2024-05-08T14:21:35.716+0000] {dag.py:3954} INFO - Setting next_dagrun for example_sla_dag to 2024-05-08 14:18:00+00:00, run_after=2024-05-08 14:20:00+00:00
[2024-05-08T14:21:35.741+0000] {processor.py:183} INFO - Processing /home/airflow/.local/lib/python3.12/site-packages/airflow/example_dags/example_sla_dag.py took 0.101 seconds
[2024-05-08T14:22:05.845+0000] {processor.py:161} INFO - Started process (PID=4064) to work on /home/airflow/.local/lib/python3.12/site-packages/airflow/example_dags/example_sla_dag.py
[2024-05-08T14:22:05.847+0000] {processor.py:830} INFO - Processing file /home/airflow/.local/lib/python3.12/site-packages/airflow/example_dags/example_sla_dag.py for tasks to queue
[2024-05-08T14:22:05.850+0000] {logging_mixin.py:188} INFO - [2024-05-08T14:22:05.850+0000] {dagbag.py:545} INFO - Filling up the DagBag from /home/airflow/.local/lib/python3.12/site-packages/airflow/example_dags/example_sla_dag.py
[2024-05-08T14:22:05.860+0000] {processor.py:840} INFO - DAG(s) 'example_sla_dag' retrieved from /home/airflow/.local/lib/python3.12/site-packages/airflow/example_dags/example_sla_dag.py
[2024-05-08T14:22:05.882+0000] {logging_mixin.py:188} INFO - [2024-05-08T14:22:05.882+0000] {dag.py:3096} INFO - Sync 1 DAGs
[2024-05-08T14:22:05.909+0000] {logging_mixin.py:188} INFO - [2024-05-08T14:22:05.909+0000] {dag.py:3954} INFO - Setting next_dagrun for example_sla_dag to 2024-05-08 14:20:00+00:00, run_after=2024-05-08 14:22:00+00:00
[2024-05-08T14:22:05.932+0000] {processor.py:183} INFO - Processing /home/airflow/.local/lib/python3.12/site-packages/airflow/example_dags/example_sla_dag.py took 0.096 seconds
[2024-05-08T14:22:36.156+0000] {processor.py:161} INFO - Started process (PID=4124) to work on /home/airflow/.local/lib/python3.12/site-packages/airflow/example_dags/example_sla_dag.py
[2024-05-08T14:22:36.157+0000] {processor.py:830} INFO - Processing file /home/airflow/.local/lib/python3.12/site-packages/airflow/example_dags/example_sla_dag.py for tasks to queue
[2024-05-08T14:22:36.161+0000] {logging_mixin.py:188} INFO - [2024-05-08T14:22:36.160+0000] {dagbag.py:545} INFO - Filling up the DagBag from /home/airflow/.local/lib/python3.12/site-packages/airflow/example_dags/example_sla_dag.py
[2024-05-08T14:22:36.171+0000] {processor.py:840} INFO - DAG(s) 'example_sla_dag' retrieved from /home/airflow/.local/lib/python3.12/site-packages/airflow/example_dags/example_sla_dag.py
[2024-05-08T14:22:36.194+0000] {logging_mixin.py:188} INFO - [2024-05-08T14:22:36.194+0000] {dag.py:3096} INFO - Sync 1 DAGs
[2024-05-08T14:22:36.220+0000] {logging_mixin.py:188} INFO - [2024-05-08T14:22:36.220+0000] {dag.py:3954} INFO - Setting next_dagrun for example_sla_dag to 2024-05-08 14:20:00+00:00, run_after=2024-05-08 14:22:00+00:00
[2024-05-08T14:22:36.241+0000] {processor.py:183} INFO - Processing /home/airflow/.local/lib/python3.12/site-packages/airflow/example_dags/example_sla_dag.py took 0.095 seconds
[2024-05-08T14:23:06.324+0000] {processor.py:161} INFO - Started process (PID=4184) to work on /home/airflow/.local/lib/python3.12/site-packages/airflow/example_dags/example_sla_dag.py
[2024-05-08T14:23:06.325+0000] {processor.py:830} INFO - Processing file /home/airflow/.local/lib/python3.12/site-packages/airflow/example_dags/example_sla_dag.py for tasks to queue
[2024-05-08T14:23:06.327+0000] {logging_mixin.py:188} INFO - [2024-05-08T14:23:06.327+0000] {dagbag.py:545} INFO - Filling up the DagBag from /home/airflow/.local/lib/python3.12/site-packages/airflow/example_dags/example_sla_dag.py
[2024-05-08T14:23:06.339+0000] {processor.py:840} INFO - DAG(s) 'example_sla_dag' retrieved from /home/airflow/.local/lib/python3.12/site-packages/airflow/example_dags/example_sla_dag.py
[2024-05-08T14:23:06.363+0000] {logging_mixin.py:188} INFO - [2024-05-08T14:23:06.362+0000] {dag.py:3096} INFO - Sync 1 DAGs
[2024-05-08T14:23:06.394+0000] {logging_mixin.py:188} INFO - [2024-05-08T14:23:06.393+0000] {dag.py:3954} INFO - Setting next_dagrun for example_sla_dag to 2024-05-08 14:20:00+00:00, run_after=2024-05-08 14:22:00+00:00
[2024-05-08T14:23:06.419+0000] {processor.py:183} INFO - Processing /home/airflow/.local/lib/python3.12/site-packages/airflow/example_dags/example_sla_dag.py took 0.104 seconds
