[2024-05-08T13:47:52.991+0000] {processor.py:161} INFO - Started process (PID=78) to work on /home/airflow/.local/lib/python3.12/site-packages/airflow/example_dags/example_nested_branch_dag.py
[2024-05-08T13:47:52.994+0000] {processor.py:830} INFO - Processing file /home/airflow/.local/lib/python3.12/site-packages/airflow/example_dags/example_nested_branch_dag.py for tasks to queue
[2024-05-08T13:47:52.998+0000] {logging_mixin.py:188} INFO - [2024-05-08T13:47:52.997+0000] {dagbag.py:545} INFO - Filling up the DagBag from /home/airflow/.local/lib/python3.12/site-packages/airflow/example_dags/example_nested_branch_dag.py
[2024-05-08T13:47:53.025+0000] {processor.py:840} INFO - DAG(s) 'example_nested_branch_dag' retrieved from /home/airflow/.local/lib/python3.12/site-packages/airflow/example_dags/example_nested_branch_dag.py
[2024-05-08T13:47:53.083+0000] {logging_mixin.py:188} INFO - [2024-05-08T13:47:53.083+0000] {dag.py:3096} INFO - Sync 1 DAGs
[2024-05-08T13:47:53.144+0000] {logging_mixin.py:188} INFO - [2024-05-08T13:47:53.143+0000] {dag.py:3954} INFO - Setting next_dagrun for example_nested_branch_dag to 2024-05-07 00:00:00+00:00, run_after=2024-05-08 00:00:00+00:00
[2024-05-08T13:47:53.200+0000] {processor.py:183} INFO - Processing /home/airflow/.local/lib/python3.12/site-packages/airflow/example_dags/example_nested_branch_dag.py took 0.222 seconds
[2024-05-08T13:48:23.435+0000] {processor.py:161} INFO - Started process (PID=138) to work on /home/airflow/.local/lib/python3.12/site-packages/airflow/example_dags/example_nested_branch_dag.py
[2024-05-08T13:48:23.437+0000] {processor.py:830} INFO - Processing file /home/airflow/.local/lib/python3.12/site-packages/airflow/example_dags/example_nested_branch_dag.py for tasks to queue
[2024-05-08T13:48:23.439+0000] {logging_mixin.py:188} INFO - [2024-05-08T13:48:23.439+0000] {dagbag.py:545} INFO - Filling up the DagBag from /home/airflow/.local/lib/python3.12/site-packages/airflow/example_dags/example_nested_branch_dag.py
[2024-05-08T13:48:23.451+0000] {processor.py:840} INFO - DAG(s) 'example_nested_branch_dag' retrieved from /home/airflow/.local/lib/python3.12/site-packages/airflow/example_dags/example_nested_branch_dag.py
[2024-05-08T13:48:23.482+0000] {logging_mixin.py:188} INFO - [2024-05-08T13:48:23.482+0000] {dag.py:3096} INFO - Sync 1 DAGs
[2024-05-08T13:48:23.509+0000] {logging_mixin.py:188} INFO - [2024-05-08T13:48:23.508+0000] {dag.py:3954} INFO - Setting next_dagrun for example_nested_branch_dag to 2024-05-07 00:00:00+00:00, run_after=2024-05-08 00:00:00+00:00
[2024-05-08T13:48:23.533+0000] {processor.py:183} INFO - Processing /home/airflow/.local/lib/python3.12/site-packages/airflow/example_dags/example_nested_branch_dag.py took 0.105 seconds
[2024-05-08T13:48:53.734+0000] {processor.py:161} INFO - Started process (PID=198) to work on /home/airflow/.local/lib/python3.12/site-packages/airflow/example_dags/example_nested_branch_dag.py
[2024-05-08T13:48:53.735+0000] {processor.py:830} INFO - Processing file /home/airflow/.local/lib/python3.12/site-packages/airflow/example_dags/example_nested_branch_dag.py for tasks to queue
[2024-05-08T13:48:53.738+0000] {logging_mixin.py:188} INFO - [2024-05-08T13:48:53.737+0000] {dagbag.py:545} INFO - Filling up the DagBag from /home/airflow/.local/lib/python3.12/site-packages/airflow/example_dags/example_nested_branch_dag.py
[2024-05-08T13:48:53.750+0000] {processor.py:840} INFO - DAG(s) 'example_nested_branch_dag' retrieved from /home/airflow/.local/lib/python3.12/site-packages/airflow/example_dags/example_nested_branch_dag.py
[2024-05-08T13:48:53.782+0000] {logging_mixin.py:188} INFO - [2024-05-08T13:48:53.782+0000] {dag.py:3096} INFO - Sync 1 DAGs
[2024-05-08T13:48:53.816+0000] {logging_mixin.py:188} INFO - [2024-05-08T13:48:53.816+0000] {dag.py:3954} INFO - Setting next_dagrun for example_nested_branch_dag to 2024-05-07 00:00:00+00:00, run_after=2024-05-08 00:00:00+00:00
[2024-05-08T13:48:53.848+0000] {processor.py:183} INFO - Processing /home/airflow/.local/lib/python3.12/site-packages/airflow/example_dags/example_nested_branch_dag.py took 0.121 seconds
[2024-05-08T13:49:24.278+0000] {processor.py:161} INFO - Started process (PID=258) to work on /home/airflow/.local/lib/python3.12/site-packages/airflow/example_dags/example_nested_branch_dag.py
[2024-05-08T13:49:24.279+0000] {processor.py:830} INFO - Processing file /home/airflow/.local/lib/python3.12/site-packages/airflow/example_dags/example_nested_branch_dag.py for tasks to queue
[2024-05-08T13:49:24.282+0000] {logging_mixin.py:188} INFO - [2024-05-08T13:49:24.281+0000] {dagbag.py:545} INFO - Filling up the DagBag from /home/airflow/.local/lib/python3.12/site-packages/airflow/example_dags/example_nested_branch_dag.py
[2024-05-08T13:49:24.294+0000] {processor.py:840} INFO - DAG(s) 'example_nested_branch_dag' retrieved from /home/airflow/.local/lib/python3.12/site-packages/airflow/example_dags/example_nested_branch_dag.py
[2024-05-08T13:49:24.318+0000] {logging_mixin.py:188} INFO - [2024-05-08T13:49:24.318+0000] {dag.py:3096} INFO - Sync 1 DAGs
[2024-05-08T13:49:24.343+0000] {logging_mixin.py:188} INFO - [2024-05-08T13:49:24.343+0000] {dag.py:3954} INFO - Setting next_dagrun for example_nested_branch_dag to 2024-05-07 00:00:00+00:00, run_after=2024-05-08 00:00:00+00:00
[2024-05-08T13:49:24.368+0000] {processor.py:183} INFO - Processing /home/airflow/.local/lib/python3.12/site-packages/airflow/example_dags/example_nested_branch_dag.py took 0.097 seconds
[2024-05-08T13:49:54.833+0000] {processor.py:161} INFO - Started process (PID=318) to work on /home/airflow/.local/lib/python3.12/site-packages/airflow/example_dags/example_nested_branch_dag.py
[2024-05-08T13:49:54.835+0000] {processor.py:830} INFO - Processing file /home/airflow/.local/lib/python3.12/site-packages/airflow/example_dags/example_nested_branch_dag.py for tasks to queue
[2024-05-08T13:49:54.837+0000] {logging_mixin.py:188} INFO - [2024-05-08T13:49:54.837+0000] {dagbag.py:545} INFO - Filling up the DagBag from /home/airflow/.local/lib/python3.12/site-packages/airflow/example_dags/example_nested_branch_dag.py
[2024-05-08T13:49:54.854+0000] {processor.py:840} INFO - DAG(s) 'example_nested_branch_dag' retrieved from /home/airflow/.local/lib/python3.12/site-packages/airflow/example_dags/example_nested_branch_dag.py
[2024-05-08T13:49:54.897+0000] {logging_mixin.py:188} INFO - [2024-05-08T13:49:54.896+0000] {dag.py:3096} INFO - Sync 1 DAGs
[2024-05-08T13:49:54.925+0000] {logging_mixin.py:188} INFO - [2024-05-08T13:49:54.925+0000] {dag.py:3954} INFO - Setting next_dagrun for example_nested_branch_dag to 2024-05-07 00:00:00+00:00, run_after=2024-05-08 00:00:00+00:00
[2024-05-08T13:49:54.949+0000] {processor.py:183} INFO - Processing /home/airflow/.local/lib/python3.12/site-packages/airflow/example_dags/example_nested_branch_dag.py took 0.122 seconds
[2024-05-08T13:50:25.734+0000] {processor.py:161} INFO - Started process (PID=378) to work on /home/airflow/.local/lib/python3.12/site-packages/airflow/example_dags/example_nested_branch_dag.py
[2024-05-08T13:50:25.736+0000] {processor.py:830} INFO - Processing file /home/airflow/.local/lib/python3.12/site-packages/airflow/example_dags/example_nested_branch_dag.py for tasks to queue
[2024-05-08T13:50:25.738+0000] {logging_mixin.py:188} INFO - [2024-05-08T13:50:25.738+0000] {dagbag.py:545} INFO - Filling up the DagBag from /home/airflow/.local/lib/python3.12/site-packages/airflow/example_dags/example_nested_branch_dag.py
[2024-05-08T13:50:25.750+0000] {processor.py:840} INFO - DAG(s) 'example_nested_branch_dag' retrieved from /home/airflow/.local/lib/python3.12/site-packages/airflow/example_dags/example_nested_branch_dag.py
[2024-05-08T13:50:25.778+0000] {logging_mixin.py:188} INFO - [2024-05-08T13:50:25.778+0000] {dag.py:3096} INFO - Sync 1 DAGs
[2024-05-08T13:50:25.805+0000] {logging_mixin.py:188} INFO - [2024-05-08T13:50:25.805+0000] {dag.py:3954} INFO - Setting next_dagrun for example_nested_branch_dag to 2024-05-07 00:00:00+00:00, run_after=2024-05-08 00:00:00+00:00
[2024-05-08T13:50:25.828+0000] {processor.py:183} INFO - Processing /home/airflow/.local/lib/python3.12/site-packages/airflow/example_dags/example_nested_branch_dag.py took 0.102 seconds
[2024-05-08T13:50:56.139+0000] {processor.py:161} INFO - Started process (PID=438) to work on /home/airflow/.local/lib/python3.12/site-packages/airflow/example_dags/example_nested_branch_dag.py
[2024-05-08T13:50:56.141+0000] {processor.py:830} INFO - Processing file /home/airflow/.local/lib/python3.12/site-packages/airflow/example_dags/example_nested_branch_dag.py for tasks to queue
[2024-05-08T13:50:56.145+0000] {logging_mixin.py:188} INFO - [2024-05-08T13:50:56.144+0000] {dagbag.py:545} INFO - Filling up the DagBag from /home/airflow/.local/lib/python3.12/site-packages/airflow/example_dags/example_nested_branch_dag.py
[2024-05-08T13:50:56.157+0000] {processor.py:840} INFO - DAG(s) 'example_nested_branch_dag' retrieved from /home/airflow/.local/lib/python3.12/site-packages/airflow/example_dags/example_nested_branch_dag.py
[2024-05-08T13:50:56.185+0000] {logging_mixin.py:188} INFO - [2024-05-08T13:50:56.184+0000] {dag.py:3096} INFO - Sync 1 DAGs
[2024-05-08T13:50:56.213+0000] {logging_mixin.py:188} INFO - [2024-05-08T13:50:56.213+0000] {dag.py:3954} INFO - Setting next_dagrun for example_nested_branch_dag to 2024-05-07 00:00:00+00:00, run_after=2024-05-08 00:00:00+00:00
[2024-05-08T13:50:56.238+0000] {processor.py:183} INFO - Processing /home/airflow/.local/lib/python3.12/site-packages/airflow/example_dags/example_nested_branch_dag.py took 0.105 seconds
[2024-05-08T13:51:26.746+0000] {processor.py:161} INFO - Started process (PID=498) to work on /home/airflow/.local/lib/python3.12/site-packages/airflow/example_dags/example_nested_branch_dag.py
[2024-05-08T13:51:26.748+0000] {processor.py:830} INFO - Processing file /home/airflow/.local/lib/python3.12/site-packages/airflow/example_dags/example_nested_branch_dag.py for tasks to queue
[2024-05-08T13:51:26.750+0000] {logging_mixin.py:188} INFO - [2024-05-08T13:51:26.750+0000] {dagbag.py:545} INFO - Filling up the DagBag from /home/airflow/.local/lib/python3.12/site-packages/airflow/example_dags/example_nested_branch_dag.py
[2024-05-08T13:51:26.761+0000] {processor.py:840} INFO - DAG(s) 'example_nested_branch_dag' retrieved from /home/airflow/.local/lib/python3.12/site-packages/airflow/example_dags/example_nested_branch_dag.py
[2024-05-08T13:51:26.788+0000] {logging_mixin.py:188} INFO - [2024-05-08T13:51:26.788+0000] {dag.py:3096} INFO - Sync 1 DAGs
[2024-05-08T13:51:26.817+0000] {logging_mixin.py:188} INFO - [2024-05-08T13:51:26.816+0000] {dag.py:3954} INFO - Setting next_dagrun for example_nested_branch_dag to 2024-05-07 00:00:00+00:00, run_after=2024-05-08 00:00:00+00:00
[2024-05-08T13:51:26.842+0000] {processor.py:183} INFO - Processing /home/airflow/.local/lib/python3.12/site-packages/airflow/example_dags/example_nested_branch_dag.py took 0.102 seconds
[2024-05-08T13:51:57.465+0000] {processor.py:161} INFO - Started process (PID=558) to work on /home/airflow/.local/lib/python3.12/site-packages/airflow/example_dags/example_nested_branch_dag.py
[2024-05-08T13:51:57.467+0000] {processor.py:830} INFO - Processing file /home/airflow/.local/lib/python3.12/site-packages/airflow/example_dags/example_nested_branch_dag.py for tasks to queue
[2024-05-08T13:51:57.471+0000] {logging_mixin.py:188} INFO - [2024-05-08T13:51:57.470+0000] {dagbag.py:545} INFO - Filling up the DagBag from /home/airflow/.local/lib/python3.12/site-packages/airflow/example_dags/example_nested_branch_dag.py
[2024-05-08T13:51:57.484+0000] {processor.py:840} INFO - DAG(s) 'example_nested_branch_dag' retrieved from /home/airflow/.local/lib/python3.12/site-packages/airflow/example_dags/example_nested_branch_dag.py
[2024-05-08T13:51:57.520+0000] {logging_mixin.py:188} INFO - [2024-05-08T13:51:57.520+0000] {dag.py:3096} INFO - Sync 1 DAGs
[2024-05-08T13:51:57.557+0000] {logging_mixin.py:188} INFO - [2024-05-08T13:51:57.557+0000] {dag.py:3954} INFO - Setting next_dagrun for example_nested_branch_dag to 2024-05-07 00:00:00+00:00, run_after=2024-05-08 00:00:00+00:00
[2024-05-08T13:51:57.590+0000] {processor.py:183} INFO - Processing /home/airflow/.local/lib/python3.12/site-packages/airflow/example_dags/example_nested_branch_dag.py took 0.136 seconds
[2024-05-08T13:52:28.289+0000] {processor.py:161} INFO - Started process (PID=618) to work on /home/airflow/.local/lib/python3.12/site-packages/airflow/example_dags/example_nested_branch_dag.py
[2024-05-08T13:52:28.291+0000] {processor.py:830} INFO - Processing file /home/airflow/.local/lib/python3.12/site-packages/airflow/example_dags/example_nested_branch_dag.py for tasks to queue
[2024-05-08T13:52:28.294+0000] {logging_mixin.py:188} INFO - [2024-05-08T13:52:28.293+0000] {dagbag.py:545} INFO - Filling up the DagBag from /home/airflow/.local/lib/python3.12/site-packages/airflow/example_dags/example_nested_branch_dag.py
[2024-05-08T13:52:28.310+0000] {processor.py:840} INFO - DAG(s) 'example_nested_branch_dag' retrieved from /home/airflow/.local/lib/python3.12/site-packages/airflow/example_dags/example_nested_branch_dag.py
[2024-05-08T13:52:28.344+0000] {logging_mixin.py:188} INFO - [2024-05-08T13:52:28.343+0000] {dag.py:3096} INFO - Sync 1 DAGs
[2024-05-08T13:52:28.378+0000] {logging_mixin.py:188} INFO - [2024-05-08T13:52:28.378+0000] {dag.py:3954} INFO - Setting next_dagrun for example_nested_branch_dag to 2024-05-07 00:00:00+00:00, run_after=2024-05-08 00:00:00+00:00
[2024-05-08T13:52:28.412+0000] {processor.py:183} INFO - Processing /home/airflow/.local/lib/python3.12/site-packages/airflow/example_dags/example_nested_branch_dag.py took 0.133 seconds
[2024-05-08T13:52:58.960+0000] {processor.py:161} INFO - Started process (PID=678) to work on /home/airflow/.local/lib/python3.12/site-packages/airflow/example_dags/example_nested_branch_dag.py
[2024-05-08T13:52:58.962+0000] {processor.py:830} INFO - Processing file /home/airflow/.local/lib/python3.12/site-packages/airflow/example_dags/example_nested_branch_dag.py for tasks to queue
[2024-05-08T13:52:58.966+0000] {logging_mixin.py:188} INFO - [2024-05-08T13:52:58.965+0000] {dagbag.py:545} INFO - Filling up the DagBag from /home/airflow/.local/lib/python3.12/site-packages/airflow/example_dags/example_nested_branch_dag.py
[2024-05-08T13:52:58.980+0000] {processor.py:840} INFO - DAG(s) 'example_nested_branch_dag' retrieved from /home/airflow/.local/lib/python3.12/site-packages/airflow/example_dags/example_nested_branch_dag.py
[2024-05-08T13:52:59.020+0000] {logging_mixin.py:188} INFO - [2024-05-08T13:52:59.019+0000] {dag.py:3096} INFO - Sync 1 DAGs
[2024-05-08T13:52:59.076+0000] {logging_mixin.py:188} INFO - [2024-05-08T13:52:59.076+0000] {dag.py:3954} INFO - Setting next_dagrun for example_nested_branch_dag to 2024-05-07 00:00:00+00:00, run_after=2024-05-08 00:00:00+00:00
[2024-05-08T13:52:59.142+0000] {processor.py:183} INFO - Processing /home/airflow/.local/lib/python3.12/site-packages/airflow/example_dags/example_nested_branch_dag.py took 0.194 seconds
[2024-05-08T13:53:29.465+0000] {processor.py:161} INFO - Started process (PID=737) to work on /home/airflow/.local/lib/python3.12/site-packages/airflow/example_dags/example_nested_branch_dag.py
[2024-05-08T13:53:29.467+0000] {processor.py:830} INFO - Processing file /home/airflow/.local/lib/python3.12/site-packages/airflow/example_dags/example_nested_branch_dag.py for tasks to queue
[2024-05-08T13:53:29.470+0000] {logging_mixin.py:188} INFO - [2024-05-08T13:53:29.470+0000] {dagbag.py:545} INFO - Filling up the DagBag from /home/airflow/.local/lib/python3.12/site-packages/airflow/example_dags/example_nested_branch_dag.py
[2024-05-08T13:53:29.483+0000] {processor.py:840} INFO - DAG(s) 'example_nested_branch_dag' retrieved from /home/airflow/.local/lib/python3.12/site-packages/airflow/example_dags/example_nested_branch_dag.py
[2024-05-08T13:53:29.511+0000] {logging_mixin.py:188} INFO - [2024-05-08T13:53:29.511+0000] {dag.py:3096} INFO - Sync 1 DAGs
[2024-05-08T13:53:29.543+0000] {logging_mixin.py:188} INFO - [2024-05-08T13:53:29.543+0000] {dag.py:3954} INFO - Setting next_dagrun for example_nested_branch_dag to 2024-05-07 00:00:00+00:00, run_after=2024-05-08 00:00:00+00:00
[2024-05-08T13:53:29.575+0000] {processor.py:183} INFO - Processing /home/airflow/.local/lib/python3.12/site-packages/airflow/example_dags/example_nested_branch_dag.py took 0.118 seconds
[2024-05-08T13:54:01.884+0000] {processor.py:161} INFO - Started process (PID=797) to work on /home/airflow/.local/lib/python3.12/site-packages/airflow/example_dags/example_nested_branch_dag.py
[2024-05-08T13:54:01.886+0000] {processor.py:830} INFO - Processing file /home/airflow/.local/lib/python3.12/site-packages/airflow/example_dags/example_nested_branch_dag.py for tasks to queue
[2024-05-08T13:54:01.890+0000] {logging_mixin.py:188} INFO - [2024-05-08T13:54:01.889+0000] {dagbag.py:545} INFO - Filling up the DagBag from /home/airflow/.local/lib/python3.12/site-packages/airflow/example_dags/example_nested_branch_dag.py
[2024-05-08T13:54:01.911+0000] {processor.py:840} INFO - DAG(s) 'example_nested_branch_dag' retrieved from /home/airflow/.local/lib/python3.12/site-packages/airflow/example_dags/example_nested_branch_dag.py
[2024-05-08T13:54:01.957+0000] {logging_mixin.py:188} INFO - [2024-05-08T13:54:01.956+0000] {dag.py:3096} INFO - Sync 1 DAGs
[2024-05-08T13:54:02.003+0000] {logging_mixin.py:188} INFO - [2024-05-08T13:54:02.002+0000] {dag.py:3954} INFO - Setting next_dagrun for example_nested_branch_dag to 2024-05-07 00:00:00+00:00, run_after=2024-05-08 00:00:00+00:00
[2024-05-08T13:54:02.041+0000] {processor.py:183} INFO - Processing /home/airflow/.local/lib/python3.12/site-packages/airflow/example_dags/example_nested_branch_dag.py took 0.169 seconds
[2024-05-08T13:54:32.467+0000] {processor.py:161} INFO - Started process (PID=857) to work on /home/airflow/.local/lib/python3.12/site-packages/airflow/example_dags/example_nested_branch_dag.py
[2024-05-08T13:54:32.468+0000] {processor.py:830} INFO - Processing file /home/airflow/.local/lib/python3.12/site-packages/airflow/example_dags/example_nested_branch_dag.py for tasks to queue
[2024-05-08T13:54:32.472+0000] {logging_mixin.py:188} INFO - [2024-05-08T13:54:32.471+0000] {dagbag.py:545} INFO - Filling up the DagBag from /home/airflow/.local/lib/python3.12/site-packages/airflow/example_dags/example_nested_branch_dag.py
[2024-05-08T13:54:32.484+0000] {processor.py:840} INFO - DAG(s) 'example_nested_branch_dag' retrieved from /home/airflow/.local/lib/python3.12/site-packages/airflow/example_dags/example_nested_branch_dag.py
[2024-05-08T13:54:32.512+0000] {logging_mixin.py:188} INFO - [2024-05-08T13:54:32.512+0000] {dag.py:3096} INFO - Sync 1 DAGs
[2024-05-08T13:54:32.537+0000] {logging_mixin.py:188} INFO - [2024-05-08T13:54:32.536+0000] {dag.py:3954} INFO - Setting next_dagrun for example_nested_branch_dag to 2024-05-07 00:00:00+00:00, run_after=2024-05-08 00:00:00+00:00
[2024-05-08T13:54:32.558+0000] {processor.py:183} INFO - Processing /home/airflow/.local/lib/python3.12/site-packages/airflow/example_dags/example_nested_branch_dag.py took 0.099 seconds
[2024-05-08T13:55:03.022+0000] {processor.py:161} INFO - Started process (PID=917) to work on /home/airflow/.local/lib/python3.12/site-packages/airflow/example_dags/example_nested_branch_dag.py
[2024-05-08T13:55:03.023+0000] {processor.py:830} INFO - Processing file /home/airflow/.local/lib/python3.12/site-packages/airflow/example_dags/example_nested_branch_dag.py for tasks to queue
[2024-05-08T13:55:03.026+0000] {logging_mixin.py:188} INFO - [2024-05-08T13:55:03.025+0000] {dagbag.py:545} INFO - Filling up the DagBag from /home/airflow/.local/lib/python3.12/site-packages/airflow/example_dags/example_nested_branch_dag.py
[2024-05-08T13:55:03.037+0000] {processor.py:840} INFO - DAG(s) 'example_nested_branch_dag' retrieved from /home/airflow/.local/lib/python3.12/site-packages/airflow/example_dags/example_nested_branch_dag.py
[2024-05-08T13:55:03.066+0000] {logging_mixin.py:188} INFO - [2024-05-08T13:55:03.066+0000] {dag.py:3096} INFO - Sync 1 DAGs
[2024-05-08T13:55:03.094+0000] {logging_mixin.py:188} INFO - [2024-05-08T13:55:03.094+0000] {dag.py:3954} INFO - Setting next_dagrun for example_nested_branch_dag to 2024-05-07 00:00:00+00:00, run_after=2024-05-08 00:00:00+00:00
[2024-05-08T13:55:03.119+0000] {processor.py:183} INFO - Processing /home/airflow/.local/lib/python3.12/site-packages/airflow/example_dags/example_nested_branch_dag.py took 0.105 seconds
[2024-05-08T13:55:34.480+0000] {processor.py:161} INFO - Started process (PID=977) to work on /home/airflow/.local/lib/python3.12/site-packages/airflow/example_dags/example_nested_branch_dag.py
[2024-05-08T13:55:34.482+0000] {processor.py:830} INFO - Processing file /home/airflow/.local/lib/python3.12/site-packages/airflow/example_dags/example_nested_branch_dag.py for tasks to queue
[2024-05-08T13:55:34.485+0000] {logging_mixin.py:188} INFO - [2024-05-08T13:55:34.484+0000] {dagbag.py:545} INFO - Filling up the DagBag from /home/airflow/.local/lib/python3.12/site-packages/airflow/example_dags/example_nested_branch_dag.py
[2024-05-08T13:55:34.496+0000] {processor.py:840} INFO - DAG(s) 'example_nested_branch_dag' retrieved from /home/airflow/.local/lib/python3.12/site-packages/airflow/example_dags/example_nested_branch_dag.py
[2024-05-08T13:55:34.524+0000] {logging_mixin.py:188} INFO - [2024-05-08T13:55:34.524+0000] {dag.py:3096} INFO - Sync 1 DAGs
[2024-05-08T13:55:34.552+0000] {logging_mixin.py:188} INFO - [2024-05-08T13:55:34.551+0000] {dag.py:3954} INFO - Setting next_dagrun for example_nested_branch_dag to 2024-05-07 00:00:00+00:00, run_after=2024-05-08 00:00:00+00:00
[2024-05-08T13:55:34.574+0000] {processor.py:183} INFO - Processing /home/airflow/.local/lib/python3.12/site-packages/airflow/example_dags/example_nested_branch_dag.py took 0.108 seconds
[2024-05-08T13:56:05.004+0000] {processor.py:161} INFO - Started process (PID=1037) to work on /home/airflow/.local/lib/python3.12/site-packages/airflow/example_dags/example_nested_branch_dag.py
[2024-05-08T13:56:05.006+0000] {processor.py:830} INFO - Processing file /home/airflow/.local/lib/python3.12/site-packages/airflow/example_dags/example_nested_branch_dag.py for tasks to queue
[2024-05-08T13:56:05.009+0000] {logging_mixin.py:188} INFO - [2024-05-08T13:56:05.009+0000] {dagbag.py:545} INFO - Filling up the DagBag from /home/airflow/.local/lib/python3.12/site-packages/airflow/example_dags/example_nested_branch_dag.py
[2024-05-08T13:56:05.023+0000] {processor.py:840} INFO - DAG(s) 'example_nested_branch_dag' retrieved from /home/airflow/.local/lib/python3.12/site-packages/airflow/example_dags/example_nested_branch_dag.py
[2024-05-08T13:56:05.048+0000] {logging_mixin.py:188} INFO - [2024-05-08T13:56:05.048+0000] {dag.py:3096} INFO - Sync 1 DAGs
[2024-05-08T13:56:05.079+0000] {logging_mixin.py:188} INFO - [2024-05-08T13:56:05.079+0000] {dag.py:3954} INFO - Setting next_dagrun for example_nested_branch_dag to 2024-05-07 00:00:00+00:00, run_after=2024-05-08 00:00:00+00:00
[2024-05-08T13:56:05.102+0000] {processor.py:183} INFO - Processing /home/airflow/.local/lib/python3.12/site-packages/airflow/example_dags/example_nested_branch_dag.py took 0.105 seconds
[2024-05-08T13:56:35.923+0000] {processor.py:161} INFO - Started process (PID=1098) to work on /home/airflow/.local/lib/python3.12/site-packages/airflow/example_dags/example_nested_branch_dag.py
[2024-05-08T13:56:35.927+0000] {processor.py:830} INFO - Processing file /home/airflow/.local/lib/python3.12/site-packages/airflow/example_dags/example_nested_branch_dag.py for tasks to queue
[2024-05-08T13:56:35.930+0000] {logging_mixin.py:188} INFO - [2024-05-08T13:56:35.930+0000] {dagbag.py:545} INFO - Filling up the DagBag from /home/airflow/.local/lib/python3.12/site-packages/airflow/example_dags/example_nested_branch_dag.py
[2024-05-08T13:56:35.944+0000] {processor.py:840} INFO - DAG(s) 'example_nested_branch_dag' retrieved from /home/airflow/.local/lib/python3.12/site-packages/airflow/example_dags/example_nested_branch_dag.py
[2024-05-08T13:56:35.979+0000] {logging_mixin.py:188} INFO - [2024-05-08T13:56:35.978+0000] {dag.py:3096} INFO - Sync 1 DAGs
[2024-05-08T13:56:36.016+0000] {logging_mixin.py:188} INFO - [2024-05-08T13:56:36.016+0000] {dag.py:3954} INFO - Setting next_dagrun for example_nested_branch_dag to 2024-05-07 00:00:00+00:00, run_after=2024-05-08 00:00:00+00:00
[2024-05-08T13:56:36.043+0000] {processor.py:183} INFO - Processing /home/airflow/.local/lib/python3.12/site-packages/airflow/example_dags/example_nested_branch_dag.py took 0.129 seconds
[2024-05-08T13:57:07.134+0000] {processor.py:161} INFO - Started process (PID=1158) to work on /home/airflow/.local/lib/python3.12/site-packages/airflow/example_dags/example_nested_branch_dag.py
[2024-05-08T13:57:07.135+0000] {processor.py:830} INFO - Processing file /home/airflow/.local/lib/python3.12/site-packages/airflow/example_dags/example_nested_branch_dag.py for tasks to queue
[2024-05-08T13:57:07.138+0000] {logging_mixin.py:188} INFO - [2024-05-08T13:57:07.137+0000] {dagbag.py:545} INFO - Filling up the DagBag from /home/airflow/.local/lib/python3.12/site-packages/airflow/example_dags/example_nested_branch_dag.py
[2024-05-08T13:57:07.151+0000] {processor.py:840} INFO - DAG(s) 'example_nested_branch_dag' retrieved from /home/airflow/.local/lib/python3.12/site-packages/airflow/example_dags/example_nested_branch_dag.py
[2024-05-08T13:57:07.182+0000] {logging_mixin.py:188} INFO - [2024-05-08T13:57:07.181+0000] {dag.py:3096} INFO - Sync 1 DAGs
[2024-05-08T13:57:07.216+0000] {logging_mixin.py:188} INFO - [2024-05-08T13:57:07.216+0000] {dag.py:3954} INFO - Setting next_dagrun for example_nested_branch_dag to 2024-05-07 00:00:00+00:00, run_after=2024-05-08 00:00:00+00:00
[2024-05-08T13:57:07.243+0000] {processor.py:183} INFO - Processing /home/airflow/.local/lib/python3.12/site-packages/airflow/example_dags/example_nested_branch_dag.py took 0.122 seconds
[2024-05-08T13:57:37.717+0000] {processor.py:161} INFO - Started process (PID=1218) to work on /home/airflow/.local/lib/python3.12/site-packages/airflow/example_dags/example_nested_branch_dag.py
[2024-05-08T13:57:37.719+0000] {processor.py:830} INFO - Processing file /home/airflow/.local/lib/python3.12/site-packages/airflow/example_dags/example_nested_branch_dag.py for tasks to queue
[2024-05-08T13:57:37.722+0000] {logging_mixin.py:188} INFO - [2024-05-08T13:57:37.722+0000] {dagbag.py:545} INFO - Filling up the DagBag from /home/airflow/.local/lib/python3.12/site-packages/airflow/example_dags/example_nested_branch_dag.py
[2024-05-08T13:57:37.740+0000] {processor.py:840} INFO - DAG(s) 'example_nested_branch_dag' retrieved from /home/airflow/.local/lib/python3.12/site-packages/airflow/example_dags/example_nested_branch_dag.py
[2024-05-08T13:57:37.783+0000] {logging_mixin.py:188} INFO - [2024-05-08T13:57:37.782+0000] {dag.py:3096} INFO - Sync 1 DAGs
[2024-05-08T13:57:37.850+0000] {logging_mixin.py:188} INFO - [2024-05-08T13:57:37.850+0000] {dag.py:3954} INFO - Setting next_dagrun for example_nested_branch_dag to 2024-05-07 00:00:00+00:00, run_after=2024-05-08 00:00:00+00:00
[2024-05-08T13:57:37.969+0000] {processor.py:183} INFO - Processing /home/airflow/.local/lib/python3.12/site-packages/airflow/example_dags/example_nested_branch_dag.py took 0.263 seconds
[2024-05-08T13:58:08.478+0000] {processor.py:161} INFO - Started process (PID=1278) to work on /home/airflow/.local/lib/python3.12/site-packages/airflow/example_dags/example_nested_branch_dag.py
[2024-05-08T13:58:08.479+0000] {processor.py:830} INFO - Processing file /home/airflow/.local/lib/python3.12/site-packages/airflow/example_dags/example_nested_branch_dag.py for tasks to queue
[2024-05-08T13:58:08.482+0000] {logging_mixin.py:188} INFO - [2024-05-08T13:58:08.481+0000] {dagbag.py:545} INFO - Filling up the DagBag from /home/airflow/.local/lib/python3.12/site-packages/airflow/example_dags/example_nested_branch_dag.py
[2024-05-08T13:58:08.496+0000] {processor.py:840} INFO - DAG(s) 'example_nested_branch_dag' retrieved from /home/airflow/.local/lib/python3.12/site-packages/airflow/example_dags/example_nested_branch_dag.py
[2024-05-08T13:58:08.526+0000] {logging_mixin.py:188} INFO - [2024-05-08T13:58:08.526+0000] {dag.py:3096} INFO - Sync 1 DAGs
[2024-05-08T13:58:08.555+0000] {logging_mixin.py:188} INFO - [2024-05-08T13:58:08.555+0000] {dag.py:3954} INFO - Setting next_dagrun for example_nested_branch_dag to 2024-05-07 00:00:00+00:00, run_after=2024-05-08 00:00:00+00:00
[2024-05-08T13:58:08.582+0000] {processor.py:183} INFO - Processing /home/airflow/.local/lib/python3.12/site-packages/airflow/example_dags/example_nested_branch_dag.py took 0.112 seconds
[2024-05-08T13:58:39.276+0000] {processor.py:161} INFO - Started process (PID=1338) to work on /home/airflow/.local/lib/python3.12/site-packages/airflow/example_dags/example_nested_branch_dag.py
[2024-05-08T13:58:39.278+0000] {processor.py:830} INFO - Processing file /home/airflow/.local/lib/python3.12/site-packages/airflow/example_dags/example_nested_branch_dag.py for tasks to queue
[2024-05-08T13:58:39.281+0000] {logging_mixin.py:188} INFO - [2024-05-08T13:58:39.280+0000] {dagbag.py:545} INFO - Filling up the DagBag from /home/airflow/.local/lib/python3.12/site-packages/airflow/example_dags/example_nested_branch_dag.py
[2024-05-08T13:58:39.293+0000] {processor.py:840} INFO - DAG(s) 'example_nested_branch_dag' retrieved from /home/airflow/.local/lib/python3.12/site-packages/airflow/example_dags/example_nested_branch_dag.py
[2024-05-08T13:58:39.328+0000] {logging_mixin.py:188} INFO - [2024-05-08T13:58:39.328+0000] {dag.py:3096} INFO - Sync 1 DAGs
[2024-05-08T13:58:39.359+0000] {logging_mixin.py:188} INFO - [2024-05-08T13:58:39.358+0000] {dag.py:3954} INFO - Setting next_dagrun for example_nested_branch_dag to 2024-05-07 00:00:00+00:00, run_after=2024-05-08 00:00:00+00:00
[2024-05-08T13:58:39.394+0000] {processor.py:183} INFO - Processing /home/airflow/.local/lib/python3.12/site-packages/airflow/example_dags/example_nested_branch_dag.py took 0.125 seconds
[2024-05-08T13:59:10.952+0000] {processor.py:161} INFO - Started process (PID=1398) to work on /home/airflow/.local/lib/python3.12/site-packages/airflow/example_dags/example_nested_branch_dag.py
[2024-05-08T13:59:10.954+0000] {processor.py:830} INFO - Processing file /home/airflow/.local/lib/python3.12/site-packages/airflow/example_dags/example_nested_branch_dag.py for tasks to queue
[2024-05-08T13:59:10.958+0000] {logging_mixin.py:188} INFO - [2024-05-08T13:59:10.957+0000] {dagbag.py:545} INFO - Filling up the DagBag from /home/airflow/.local/lib/python3.12/site-packages/airflow/example_dags/example_nested_branch_dag.py
[2024-05-08T13:59:10.972+0000] {processor.py:840} INFO - DAG(s) 'example_nested_branch_dag' retrieved from /home/airflow/.local/lib/python3.12/site-packages/airflow/example_dags/example_nested_branch_dag.py
[2024-05-08T13:59:11.003+0000] {logging_mixin.py:188} INFO - [2024-05-08T13:59:11.002+0000] {dag.py:3096} INFO - Sync 1 DAGs
[2024-05-08T13:59:11.198+0000] {logging_mixin.py:188} INFO - [2024-05-08T13:59:11.198+0000] {dag.py:3954} INFO - Setting next_dagrun for example_nested_branch_dag to 2024-05-07 00:00:00+00:00, run_after=2024-05-08 00:00:00+00:00
[2024-05-08T13:59:11.224+0000] {processor.py:183} INFO - Processing /home/airflow/.local/lib/python3.12/site-packages/airflow/example_dags/example_nested_branch_dag.py took 0.278 seconds
[2024-05-08T13:59:41.326+0000] {processor.py:161} INFO - Started process (PID=1458) to work on /home/airflow/.local/lib/python3.12/site-packages/airflow/example_dags/example_nested_branch_dag.py
[2024-05-08T13:59:41.327+0000] {processor.py:830} INFO - Processing file /home/airflow/.local/lib/python3.12/site-packages/airflow/example_dags/example_nested_branch_dag.py for tasks to queue
[2024-05-08T13:59:41.330+0000] {logging_mixin.py:188} INFO - [2024-05-08T13:59:41.330+0000] {dagbag.py:545} INFO - Filling up the DagBag from /home/airflow/.local/lib/python3.12/site-packages/airflow/example_dags/example_nested_branch_dag.py
[2024-05-08T13:59:41.341+0000] {processor.py:840} INFO - DAG(s) 'example_nested_branch_dag' retrieved from /home/airflow/.local/lib/python3.12/site-packages/airflow/example_dags/example_nested_branch_dag.py
[2024-05-08T13:59:41.369+0000] {logging_mixin.py:188} INFO - [2024-05-08T13:59:41.368+0000] {dag.py:3096} INFO - Sync 1 DAGs
[2024-05-08T13:59:41.394+0000] {logging_mixin.py:188} INFO - [2024-05-08T13:59:41.394+0000] {dag.py:3954} INFO - Setting next_dagrun for example_nested_branch_dag to 2024-05-07 00:00:00+00:00, run_after=2024-05-08 00:00:00+00:00
[2024-05-08T13:59:41.545+0000] {processor.py:183} INFO - Processing /home/airflow/.local/lib/python3.12/site-packages/airflow/example_dags/example_nested_branch_dag.py took 0.225 seconds
[2024-05-08T14:00:11.923+0000] {processor.py:161} INFO - Started process (PID=1518) to work on /home/airflow/.local/lib/python3.12/site-packages/airflow/example_dags/example_nested_branch_dag.py
[2024-05-08T14:00:11.925+0000] {processor.py:830} INFO - Processing file /home/airflow/.local/lib/python3.12/site-packages/airflow/example_dags/example_nested_branch_dag.py for tasks to queue
[2024-05-08T14:00:11.927+0000] {logging_mixin.py:188} INFO - [2024-05-08T14:00:11.927+0000] {dagbag.py:545} INFO - Filling up the DagBag from /home/airflow/.local/lib/python3.12/site-packages/airflow/example_dags/example_nested_branch_dag.py
[2024-05-08T14:00:11.939+0000] {processor.py:840} INFO - DAG(s) 'example_nested_branch_dag' retrieved from /home/airflow/.local/lib/python3.12/site-packages/airflow/example_dags/example_nested_branch_dag.py
[2024-05-08T14:00:11.970+0000] {logging_mixin.py:188} INFO - [2024-05-08T14:00:11.970+0000] {dag.py:3096} INFO - Sync 1 DAGs
[2024-05-08T14:00:11.996+0000] {logging_mixin.py:188} INFO - [2024-05-08T14:00:11.996+0000] {dag.py:3954} INFO - Setting next_dagrun for example_nested_branch_dag to 2024-05-07 00:00:00+00:00, run_after=2024-05-08 00:00:00+00:00
[2024-05-08T14:00:12.024+0000] {processor.py:183} INFO - Processing /home/airflow/.local/lib/python3.12/site-packages/airflow/example_dags/example_nested_branch_dag.py took 0.108 seconds
[2024-05-08T14:00:43.666+0000] {processor.py:161} INFO - Started process (PID=1578) to work on /home/airflow/.local/lib/python3.12/site-packages/airflow/example_dags/example_nested_branch_dag.py
[2024-05-08T14:00:43.668+0000] {processor.py:830} INFO - Processing file /home/airflow/.local/lib/python3.12/site-packages/airflow/example_dags/example_nested_branch_dag.py for tasks to queue
[2024-05-08T14:00:43.672+0000] {logging_mixin.py:188} INFO - [2024-05-08T14:00:43.672+0000] {dagbag.py:545} INFO - Filling up the DagBag from /home/airflow/.local/lib/python3.12/site-packages/airflow/example_dags/example_nested_branch_dag.py
[2024-05-08T14:00:43.694+0000] {processor.py:840} INFO - DAG(s) 'example_nested_branch_dag' retrieved from /home/airflow/.local/lib/python3.12/site-packages/airflow/example_dags/example_nested_branch_dag.py
[2024-05-08T14:00:43.750+0000] {logging_mixin.py:188} INFO - [2024-05-08T14:00:43.749+0000] {dag.py:3096} INFO - Sync 1 DAGs
[2024-05-08T14:00:43.855+0000] {logging_mixin.py:188} INFO - [2024-05-08T14:00:43.855+0000] {dag.py:3954} INFO - Setting next_dagrun for example_nested_branch_dag to 2024-05-07 00:00:00+00:00, run_after=2024-05-08 00:00:00+00:00
[2024-05-08T14:00:43.896+0000] {processor.py:183} INFO - Processing /home/airflow/.local/lib/python3.12/site-packages/airflow/example_dags/example_nested_branch_dag.py took 0.243 seconds
[2024-05-08T14:01:14.429+0000] {processor.py:161} INFO - Started process (PID=1637) to work on /home/airflow/.local/lib/python3.12/site-packages/airflow/example_dags/example_nested_branch_dag.py
[2024-05-08T14:01:14.431+0000] {processor.py:830} INFO - Processing file /home/airflow/.local/lib/python3.12/site-packages/airflow/example_dags/example_nested_branch_dag.py for tasks to queue
[2024-05-08T14:01:14.433+0000] {logging_mixin.py:188} INFO - [2024-05-08T14:01:14.433+0000] {dagbag.py:545} INFO - Filling up the DagBag from /home/airflow/.local/lib/python3.12/site-packages/airflow/example_dags/example_nested_branch_dag.py
[2024-05-08T14:01:14.446+0000] {processor.py:840} INFO - DAG(s) 'example_nested_branch_dag' retrieved from /home/airflow/.local/lib/python3.12/site-packages/airflow/example_dags/example_nested_branch_dag.py
[2024-05-08T14:01:14.475+0000] {logging_mixin.py:188} INFO - [2024-05-08T14:01:14.475+0000] {dag.py:3096} INFO - Sync 1 DAGs
[2024-05-08T14:01:14.501+0000] {logging_mixin.py:188} INFO - [2024-05-08T14:01:14.501+0000] {dag.py:3954} INFO - Setting next_dagrun for example_nested_branch_dag to 2024-05-07 00:00:00+00:00, run_after=2024-05-08 00:00:00+00:00
[2024-05-08T14:01:14.527+0000] {processor.py:183} INFO - Processing /home/airflow/.local/lib/python3.12/site-packages/airflow/example_dags/example_nested_branch_dag.py took 0.104 seconds
[2024-05-08T14:01:46.007+0000] {processor.py:161} INFO - Started process (PID=1697) to work on /home/airflow/.local/lib/python3.12/site-packages/airflow/example_dags/example_nested_branch_dag.py
[2024-05-08T14:01:46.009+0000] {processor.py:830} INFO - Processing file /home/airflow/.local/lib/python3.12/site-packages/airflow/example_dags/example_nested_branch_dag.py for tasks to queue
[2024-05-08T14:01:46.015+0000] {logging_mixin.py:188} INFO - [2024-05-08T14:01:46.014+0000] {dagbag.py:545} INFO - Filling up the DagBag from /home/airflow/.local/lib/python3.12/site-packages/airflow/example_dags/example_nested_branch_dag.py
[2024-05-08T14:01:46.049+0000] {processor.py:840} INFO - DAG(s) 'example_nested_branch_dag' retrieved from /home/airflow/.local/lib/python3.12/site-packages/airflow/example_dags/example_nested_branch_dag.py
[2024-05-08T14:01:46.080+0000] {logging_mixin.py:188} INFO - [2024-05-08T14:01:46.080+0000] {dag.py:3096} INFO - Sync 1 DAGs
[2024-05-08T14:01:46.138+0000] {logging_mixin.py:188} INFO - [2024-05-08T14:01:46.137+0000] {dag.py:3954} INFO - Setting next_dagrun for example_nested_branch_dag to 2024-05-07 00:00:00+00:00, run_after=2024-05-08 00:00:00+00:00
[2024-05-08T14:01:46.181+0000] {processor.py:183} INFO - Processing /home/airflow/.local/lib/python3.12/site-packages/airflow/example_dags/example_nested_branch_dag.py took 0.185 seconds
[2024-05-08T14:02:16.522+0000] {processor.py:161} INFO - Started process (PID=1756) to work on /home/airflow/.local/lib/python3.12/site-packages/airflow/example_dags/example_nested_branch_dag.py
[2024-05-08T14:02:16.523+0000] {processor.py:830} INFO - Processing file /home/airflow/.local/lib/python3.12/site-packages/airflow/example_dags/example_nested_branch_dag.py for tasks to queue
[2024-05-08T14:02:16.525+0000] {logging_mixin.py:188} INFO - [2024-05-08T14:02:16.525+0000] {dagbag.py:545} INFO - Filling up the DagBag from /home/airflow/.local/lib/python3.12/site-packages/airflow/example_dags/example_nested_branch_dag.py
[2024-05-08T14:02:16.536+0000] {processor.py:840} INFO - DAG(s) 'example_nested_branch_dag' retrieved from /home/airflow/.local/lib/python3.12/site-packages/airflow/example_dags/example_nested_branch_dag.py
[2024-05-08T14:02:16.561+0000] {logging_mixin.py:188} INFO - [2024-05-08T14:02:16.560+0000] {dag.py:3096} INFO - Sync 1 DAGs
[2024-05-08T14:02:16.588+0000] {logging_mixin.py:188} INFO - [2024-05-08T14:02:16.588+0000] {dag.py:3954} INFO - Setting next_dagrun for example_nested_branch_dag to 2024-05-07 00:00:00+00:00, run_after=2024-05-08 00:00:00+00:00
[2024-05-08T14:02:16.610+0000] {processor.py:183} INFO - Processing /home/airflow/.local/lib/python3.12/site-packages/airflow/example_dags/example_nested_branch_dag.py took 0.095 seconds
[2024-05-08T14:02:47.033+0000] {processor.py:161} INFO - Started process (PID=1816) to work on /home/airflow/.local/lib/python3.12/site-packages/airflow/example_dags/example_nested_branch_dag.py
[2024-05-08T14:02:47.034+0000] {processor.py:830} INFO - Processing file /home/airflow/.local/lib/python3.12/site-packages/airflow/example_dags/example_nested_branch_dag.py for tasks to queue
[2024-05-08T14:02:47.036+0000] {logging_mixin.py:188} INFO - [2024-05-08T14:02:47.036+0000] {dagbag.py:545} INFO - Filling up the DagBag from /home/airflow/.local/lib/python3.12/site-packages/airflow/example_dags/example_nested_branch_dag.py
[2024-05-08T14:02:47.048+0000] {processor.py:840} INFO - DAG(s) 'example_nested_branch_dag' retrieved from /home/airflow/.local/lib/python3.12/site-packages/airflow/example_dags/example_nested_branch_dag.py
[2024-05-08T14:02:47.072+0000] {logging_mixin.py:188} INFO - [2024-05-08T14:02:47.072+0000] {dag.py:3096} INFO - Sync 1 DAGs
[2024-05-08T14:02:47.098+0000] {logging_mixin.py:188} INFO - [2024-05-08T14:02:47.098+0000] {dag.py:3954} INFO - Setting next_dagrun for example_nested_branch_dag to 2024-05-07 00:00:00+00:00, run_after=2024-05-08 00:00:00+00:00
[2024-05-08T14:02:47.124+0000] {processor.py:183} INFO - Processing /home/airflow/.local/lib/python3.12/site-packages/airflow/example_dags/example_nested_branch_dag.py took 0.098 seconds
[2024-05-08T14:03:19.905+0000] {processor.py:161} INFO - Started process (PID=1876) to work on /home/airflow/.local/lib/python3.12/site-packages/airflow/example_dags/example_nested_branch_dag.py
[2024-05-08T14:03:19.907+0000] {processor.py:830} INFO - Processing file /home/airflow/.local/lib/python3.12/site-packages/airflow/example_dags/example_nested_branch_dag.py for tasks to queue
[2024-05-08T14:03:19.912+0000] {logging_mixin.py:188} INFO - [2024-05-08T14:03:19.911+0000] {dagbag.py:545} INFO - Filling up the DagBag from /home/airflow/.local/lib/python3.12/site-packages/airflow/example_dags/example_nested_branch_dag.py
[2024-05-08T14:03:19.937+0000] {processor.py:840} INFO - DAG(s) 'example_nested_branch_dag' retrieved from /home/airflow/.local/lib/python3.12/site-packages/airflow/example_dags/example_nested_branch_dag.py
[2024-05-08T14:03:19.983+0000] {logging_mixin.py:188} INFO - [2024-05-08T14:03:19.982+0000] {dag.py:3096} INFO - Sync 1 DAGs
[2024-05-08T14:03:20.038+0000] {logging_mixin.py:188} INFO - [2024-05-08T14:03:20.037+0000] {dag.py:3954} INFO - Setting next_dagrun for example_nested_branch_dag to 2024-05-07 00:00:00+00:00, run_after=2024-05-08 00:00:00+00:00
[2024-05-08T14:03:20.136+0000] {processor.py:183} INFO - Processing /home/airflow/.local/lib/python3.12/site-packages/airflow/example_dags/example_nested_branch_dag.py took 0.240 seconds
[2024-05-08T14:03:50.679+0000] {processor.py:161} INFO - Started process (PID=1935) to work on /home/airflow/.local/lib/python3.12/site-packages/airflow/example_dags/example_nested_branch_dag.py
[2024-05-08T14:03:50.680+0000] {processor.py:830} INFO - Processing file /home/airflow/.local/lib/python3.12/site-packages/airflow/example_dags/example_nested_branch_dag.py for tasks to queue
[2024-05-08T14:03:50.683+0000] {logging_mixin.py:188} INFO - [2024-05-08T14:03:50.683+0000] {dagbag.py:545} INFO - Filling up the DagBag from /home/airflow/.local/lib/python3.12/site-packages/airflow/example_dags/example_nested_branch_dag.py
[2024-05-08T14:03:50.695+0000] {processor.py:840} INFO - DAG(s) 'example_nested_branch_dag' retrieved from /home/airflow/.local/lib/python3.12/site-packages/airflow/example_dags/example_nested_branch_dag.py
[2024-05-08T14:03:50.725+0000] {logging_mixin.py:188} INFO - [2024-05-08T14:03:50.725+0000] {dag.py:3096} INFO - Sync 1 DAGs
[2024-05-08T14:03:50.752+0000] {logging_mixin.py:188} INFO - [2024-05-08T14:03:50.752+0000] {dag.py:3954} INFO - Setting next_dagrun for example_nested_branch_dag to 2024-05-07 00:00:00+00:00, run_after=2024-05-08 00:00:00+00:00
[2024-05-08T14:03:50.779+0000] {processor.py:183} INFO - Processing /home/airflow/.local/lib/python3.12/site-packages/airflow/example_dags/example_nested_branch_dag.py took 0.110 seconds
[2024-05-08T14:04:21.522+0000] {processor.py:161} INFO - Started process (PID=1995) to work on /home/airflow/.local/lib/python3.12/site-packages/airflow/example_dags/example_nested_branch_dag.py
[2024-05-08T14:04:21.524+0000] {processor.py:830} INFO - Processing file /home/airflow/.local/lib/python3.12/site-packages/airflow/example_dags/example_nested_branch_dag.py for tasks to queue
[2024-05-08T14:04:21.527+0000] {logging_mixin.py:188} INFO - [2024-05-08T14:04:21.527+0000] {dagbag.py:545} INFO - Filling up the DagBag from /home/airflow/.local/lib/python3.12/site-packages/airflow/example_dags/example_nested_branch_dag.py
[2024-05-08T14:04:21.546+0000] {processor.py:840} INFO - DAG(s) 'example_nested_branch_dag' retrieved from /home/airflow/.local/lib/python3.12/site-packages/airflow/example_dags/example_nested_branch_dag.py
[2024-05-08T14:04:21.586+0000] {logging_mixin.py:188} INFO - [2024-05-08T14:04:21.585+0000] {dag.py:3096} INFO - Sync 1 DAGs
[2024-05-08T14:04:21.615+0000] {logging_mixin.py:188} INFO - [2024-05-08T14:04:21.615+0000] {dag.py:3954} INFO - Setting next_dagrun for example_nested_branch_dag to 2024-05-07 00:00:00+00:00, run_after=2024-05-08 00:00:00+00:00
[2024-05-08T14:04:21.641+0000] {processor.py:183} INFO - Processing /home/airflow/.local/lib/python3.12/site-packages/airflow/example_dags/example_nested_branch_dag.py took 0.130 seconds
[2024-05-08T14:04:51.817+0000] {processor.py:161} INFO - Started process (PID=2062) to work on /home/airflow/.local/lib/python3.12/site-packages/airflow/example_dags/example_nested_branch_dag.py
[2024-05-08T14:04:51.819+0000] {processor.py:830} INFO - Processing file /home/airflow/.local/lib/python3.12/site-packages/airflow/example_dags/example_nested_branch_dag.py for tasks to queue
[2024-05-08T14:04:51.823+0000] {logging_mixin.py:188} INFO - [2024-05-08T14:04:51.822+0000] {dagbag.py:545} INFO - Filling up the DagBag from /home/airflow/.local/lib/python3.12/site-packages/airflow/example_dags/example_nested_branch_dag.py
[2024-05-08T14:04:51.837+0000] {processor.py:840} INFO - DAG(s) 'example_nested_branch_dag' retrieved from /home/airflow/.local/lib/python3.12/site-packages/airflow/example_dags/example_nested_branch_dag.py
[2024-05-08T14:04:51.867+0000] {logging_mixin.py:188} INFO - [2024-05-08T14:04:51.867+0000] {dag.py:3096} INFO - Sync 1 DAGs
[2024-05-08T14:04:51.900+0000] {logging_mixin.py:188} INFO - [2024-05-08T14:04:51.900+0000] {dag.py:3954} INFO - Setting next_dagrun for example_nested_branch_dag to 2024-05-07 00:00:00+00:00, run_after=2024-05-08 00:00:00+00:00
[2024-05-08T14:04:51.930+0000] {processor.py:183} INFO - Processing /home/airflow/.local/lib/python3.12/site-packages/airflow/example_dags/example_nested_branch_dag.py took 0.120 seconds
[2024-05-08T14:05:23.705+0000] {processor.py:161} INFO - Started process (PID=2120) to work on /home/airflow/.local/lib/python3.12/site-packages/airflow/example_dags/example_nested_branch_dag.py
[2024-05-08T14:05:23.707+0000] {processor.py:830} INFO - Processing file /home/airflow/.local/lib/python3.12/site-packages/airflow/example_dags/example_nested_branch_dag.py for tasks to queue
[2024-05-08T14:05:23.709+0000] {logging_mixin.py:188} INFO - [2024-05-08T14:05:23.709+0000] {dagbag.py:545} INFO - Filling up the DagBag from /home/airflow/.local/lib/python3.12/site-packages/airflow/example_dags/example_nested_branch_dag.py
[2024-05-08T14:05:23.726+0000] {processor.py:840} INFO - DAG(s) 'example_nested_branch_dag' retrieved from /home/airflow/.local/lib/python3.12/site-packages/airflow/example_dags/example_nested_branch_dag.py
[2024-05-08T14:05:23.751+0000] {logging_mixin.py:188} INFO - [2024-05-08T14:05:23.751+0000] {dag.py:3096} INFO - Sync 1 DAGs
[2024-05-08T14:05:23.787+0000] {logging_mixin.py:188} INFO - [2024-05-08T14:05:23.787+0000] {dag.py:3954} INFO - Setting next_dagrun for example_nested_branch_dag to 2024-05-07 00:00:00+00:00, run_after=2024-05-08 00:00:00+00:00
[2024-05-08T14:05:23.814+0000] {processor.py:183} INFO - Processing /home/airflow/.local/lib/python3.12/site-packages/airflow/example_dags/example_nested_branch_dag.py took 0.115 seconds
[2024-05-08T14:05:54.069+0000] {processor.py:161} INFO - Started process (PID=2180) to work on /home/airflow/.local/lib/python3.12/site-packages/airflow/example_dags/example_nested_branch_dag.py
[2024-05-08T14:05:54.071+0000] {processor.py:830} INFO - Processing file /home/airflow/.local/lib/python3.12/site-packages/airflow/example_dags/example_nested_branch_dag.py for tasks to queue
[2024-05-08T14:05:54.074+0000] {logging_mixin.py:188} INFO - [2024-05-08T14:05:54.074+0000] {dagbag.py:545} INFO - Filling up the DagBag from /home/airflow/.local/lib/python3.12/site-packages/airflow/example_dags/example_nested_branch_dag.py
[2024-05-08T14:05:54.087+0000] {processor.py:840} INFO - DAG(s) 'example_nested_branch_dag' retrieved from /home/airflow/.local/lib/python3.12/site-packages/airflow/example_dags/example_nested_branch_dag.py
[2024-05-08T14:05:54.113+0000] {logging_mixin.py:188} INFO - [2024-05-08T14:05:54.112+0000] {dag.py:3096} INFO - Sync 1 DAGs
[2024-05-08T14:05:54.145+0000] {logging_mixin.py:188} INFO - [2024-05-08T14:05:54.145+0000] {dag.py:3954} INFO - Setting next_dagrun for example_nested_branch_dag to 2024-05-07 00:00:00+00:00, run_after=2024-05-08 00:00:00+00:00
[2024-05-08T14:05:54.179+0000] {processor.py:183} INFO - Processing /home/airflow/.local/lib/python3.12/site-packages/airflow/example_dags/example_nested_branch_dag.py took 0.121 seconds
[2024-05-08T14:06:24.477+0000] {processor.py:161} INFO - Started process (PID=2240) to work on /home/airflow/.local/lib/python3.12/site-packages/airflow/example_dags/example_nested_branch_dag.py
[2024-05-08T14:06:24.479+0000] {processor.py:830} INFO - Processing file /home/airflow/.local/lib/python3.12/site-packages/airflow/example_dags/example_nested_branch_dag.py for tasks to queue
[2024-05-08T14:06:24.482+0000] {logging_mixin.py:188} INFO - [2024-05-08T14:06:24.481+0000] {dagbag.py:545} INFO - Filling up the DagBag from /home/airflow/.local/lib/python3.12/site-packages/airflow/example_dags/example_nested_branch_dag.py
[2024-05-08T14:06:24.496+0000] {processor.py:840} INFO - DAG(s) 'example_nested_branch_dag' retrieved from /home/airflow/.local/lib/python3.12/site-packages/airflow/example_dags/example_nested_branch_dag.py
[2024-05-08T14:06:24.530+0000] {logging_mixin.py:188} INFO - [2024-05-08T14:06:24.530+0000] {dag.py:3096} INFO - Sync 1 DAGs
[2024-05-08T14:06:24.565+0000] {logging_mixin.py:188} INFO - [2024-05-08T14:06:24.564+0000] {dag.py:3954} INFO - Setting next_dagrun for example_nested_branch_dag to 2024-05-07 00:00:00+00:00, run_after=2024-05-08 00:00:00+00:00
[2024-05-08T14:06:24.602+0000] {processor.py:183} INFO - Processing /home/airflow/.local/lib/python3.12/site-packages/airflow/example_dags/example_nested_branch_dag.py took 0.135 seconds
[2024-05-08T14:06:54.708+0000] {processor.py:161} INFO - Started process (PID=2300) to work on /home/airflow/.local/lib/python3.12/site-packages/airflow/example_dags/example_nested_branch_dag.py
[2024-05-08T14:06:54.710+0000] {processor.py:830} INFO - Processing file /home/airflow/.local/lib/python3.12/site-packages/airflow/example_dags/example_nested_branch_dag.py for tasks to queue
[2024-05-08T14:06:54.713+0000] {logging_mixin.py:188} INFO - [2024-05-08T14:06:54.712+0000] {dagbag.py:545} INFO - Filling up the DagBag from /home/airflow/.local/lib/python3.12/site-packages/airflow/example_dags/example_nested_branch_dag.py
[2024-05-08T14:06:54.732+0000] {processor.py:840} INFO - DAG(s) 'example_nested_branch_dag' retrieved from /home/airflow/.local/lib/python3.12/site-packages/airflow/example_dags/example_nested_branch_dag.py
[2024-05-08T14:06:54.758+0000] {logging_mixin.py:188} INFO - [2024-05-08T14:06:54.758+0000] {dag.py:3096} INFO - Sync 1 DAGs
[2024-05-08T14:06:54.795+0000] {logging_mixin.py:188} INFO - [2024-05-08T14:06:54.795+0000] {dag.py:3954} INFO - Setting next_dagrun for example_nested_branch_dag to 2024-05-07 00:00:00+00:00, run_after=2024-05-08 00:00:00+00:00
[2024-05-08T14:06:54.836+0000] {processor.py:183} INFO - Processing /home/airflow/.local/lib/python3.12/site-packages/airflow/example_dags/example_nested_branch_dag.py took 0.135 seconds
[2024-05-08T14:07:25.719+0000] {processor.py:161} INFO - Started process (PID=2360) to work on /home/airflow/.local/lib/python3.12/site-packages/airflow/example_dags/example_nested_branch_dag.py
[2024-05-08T14:07:25.721+0000] {processor.py:830} INFO - Processing file /home/airflow/.local/lib/python3.12/site-packages/airflow/example_dags/example_nested_branch_dag.py for tasks to queue
[2024-05-08T14:07:25.725+0000] {logging_mixin.py:188} INFO - [2024-05-08T14:07:25.725+0000] {dagbag.py:545} INFO - Filling up the DagBag from /home/airflow/.local/lib/python3.12/site-packages/airflow/example_dags/example_nested_branch_dag.py
[2024-05-08T14:07:25.743+0000] {processor.py:840} INFO - DAG(s) 'example_nested_branch_dag' retrieved from /home/airflow/.local/lib/python3.12/site-packages/airflow/example_dags/example_nested_branch_dag.py
[2024-05-08T14:07:25.774+0000] {logging_mixin.py:188} INFO - [2024-05-08T14:07:25.774+0000] {dag.py:3096} INFO - Sync 1 DAGs
[2024-05-08T14:07:25.807+0000] {logging_mixin.py:188} INFO - [2024-05-08T14:07:25.806+0000] {dag.py:3954} INFO - Setting next_dagrun for example_nested_branch_dag to 2024-05-07 00:00:00+00:00, run_after=2024-05-08 00:00:00+00:00
[2024-05-08T14:07:25.838+0000] {processor.py:183} INFO - Processing /home/airflow/.local/lib/python3.12/site-packages/airflow/example_dags/example_nested_branch_dag.py took 0.128 seconds
[2024-05-08T14:07:56.609+0000] {processor.py:161} INFO - Started process (PID=2420) to work on /home/airflow/.local/lib/python3.12/site-packages/airflow/example_dags/example_nested_branch_dag.py
[2024-05-08T14:07:56.613+0000] {processor.py:830} INFO - Processing file /home/airflow/.local/lib/python3.12/site-packages/airflow/example_dags/example_nested_branch_dag.py for tasks to queue
[2024-05-08T14:07:56.617+0000] {logging_mixin.py:188} INFO - [2024-05-08T14:07:56.616+0000] {dagbag.py:545} INFO - Filling up the DagBag from /home/airflow/.local/lib/python3.12/site-packages/airflow/example_dags/example_nested_branch_dag.py
[2024-05-08T14:07:56.637+0000] {processor.py:840} INFO - DAG(s) 'example_nested_branch_dag' retrieved from /home/airflow/.local/lib/python3.12/site-packages/airflow/example_dags/example_nested_branch_dag.py
[2024-05-08T14:07:56.670+0000] {logging_mixin.py:188} INFO - [2024-05-08T14:07:56.670+0000] {dag.py:3096} INFO - Sync 1 DAGs
[2024-05-08T14:07:56.699+0000] {logging_mixin.py:188} INFO - [2024-05-08T14:07:56.699+0000] {dag.py:3954} INFO - Setting next_dagrun for example_nested_branch_dag to 2024-05-07 00:00:00+00:00, run_after=2024-05-08 00:00:00+00:00
[2024-05-08T14:07:56.728+0000] {processor.py:183} INFO - Processing /home/airflow/.local/lib/python3.12/site-packages/airflow/example_dags/example_nested_branch_dag.py took 0.130 seconds
[2024-05-08T14:08:26.954+0000] {processor.py:161} INFO - Started process (PID=2480) to work on /home/airflow/.local/lib/python3.12/site-packages/airflow/example_dags/example_nested_branch_dag.py
[2024-05-08T14:08:26.956+0000] {processor.py:830} INFO - Processing file /home/airflow/.local/lib/python3.12/site-packages/airflow/example_dags/example_nested_branch_dag.py for tasks to queue
[2024-05-08T14:08:26.958+0000] {logging_mixin.py:188} INFO - [2024-05-08T14:08:26.958+0000] {dagbag.py:545} INFO - Filling up the DagBag from /home/airflow/.local/lib/python3.12/site-packages/airflow/example_dags/example_nested_branch_dag.py
[2024-05-08T14:08:26.975+0000] {processor.py:840} INFO - DAG(s) 'example_nested_branch_dag' retrieved from /home/airflow/.local/lib/python3.12/site-packages/airflow/example_dags/example_nested_branch_dag.py
[2024-05-08T14:08:27.003+0000] {logging_mixin.py:188} INFO - [2024-05-08T14:08:27.002+0000] {dag.py:3096} INFO - Sync 1 DAGs
[2024-05-08T14:08:27.034+0000] {logging_mixin.py:188} INFO - [2024-05-08T14:08:27.034+0000] {dag.py:3954} INFO - Setting next_dagrun for example_nested_branch_dag to 2024-05-07 00:00:00+00:00, run_after=2024-05-08 00:00:00+00:00
[2024-05-08T14:08:27.058+0000] {processor.py:183} INFO - Processing /home/airflow/.local/lib/python3.12/site-packages/airflow/example_dags/example_nested_branch_dag.py took 0.112 seconds
[2024-05-08T14:08:57.242+0000] {processor.py:161} INFO - Started process (PID=2540) to work on /home/airflow/.local/lib/python3.12/site-packages/airflow/example_dags/example_nested_branch_dag.py
[2024-05-08T14:08:57.243+0000] {processor.py:830} INFO - Processing file /home/airflow/.local/lib/python3.12/site-packages/airflow/example_dags/example_nested_branch_dag.py for tasks to queue
[2024-05-08T14:08:57.246+0000] {logging_mixin.py:188} INFO - [2024-05-08T14:08:57.245+0000] {dagbag.py:545} INFO - Filling up the DagBag from /home/airflow/.local/lib/python3.12/site-packages/airflow/example_dags/example_nested_branch_dag.py
[2024-05-08T14:08:57.257+0000] {processor.py:840} INFO - DAG(s) 'example_nested_branch_dag' retrieved from /home/airflow/.local/lib/python3.12/site-packages/airflow/example_dags/example_nested_branch_dag.py
[2024-05-08T14:08:57.288+0000] {logging_mixin.py:188} INFO - [2024-05-08T14:08:57.288+0000] {dag.py:3096} INFO - Sync 1 DAGs
[2024-05-08T14:08:57.316+0000] {logging_mixin.py:188} INFO - [2024-05-08T14:08:57.315+0000] {dag.py:3954} INFO - Setting next_dagrun for example_nested_branch_dag to 2024-05-07 00:00:00+00:00, run_after=2024-05-08 00:00:00+00:00
[2024-05-08T14:08:57.346+0000] {processor.py:183} INFO - Processing /home/airflow/.local/lib/python3.12/site-packages/airflow/example_dags/example_nested_branch_dag.py took 0.111 seconds
[2024-05-08T14:09:27.743+0000] {processor.py:161} INFO - Started process (PID=2600) to work on /home/airflow/.local/lib/python3.12/site-packages/airflow/example_dags/example_nested_branch_dag.py
[2024-05-08T14:09:27.744+0000] {processor.py:830} INFO - Processing file /home/airflow/.local/lib/python3.12/site-packages/airflow/example_dags/example_nested_branch_dag.py for tasks to queue
[2024-05-08T14:09:27.748+0000] {logging_mixin.py:188} INFO - [2024-05-08T14:09:27.747+0000] {dagbag.py:545} INFO - Filling up the DagBag from /home/airflow/.local/lib/python3.12/site-packages/airflow/example_dags/example_nested_branch_dag.py
[2024-05-08T14:09:27.761+0000] {processor.py:840} INFO - DAG(s) 'example_nested_branch_dag' retrieved from /home/airflow/.local/lib/python3.12/site-packages/airflow/example_dags/example_nested_branch_dag.py
[2024-05-08T14:09:27.798+0000] {logging_mixin.py:188} INFO - [2024-05-08T14:09:27.798+0000] {dag.py:3096} INFO - Sync 1 DAGs
[2024-05-08T14:09:27.838+0000] {logging_mixin.py:188} INFO - [2024-05-08T14:09:27.838+0000] {dag.py:3954} INFO - Setting next_dagrun for example_nested_branch_dag to 2024-05-07 00:00:00+00:00, run_after=2024-05-08 00:00:00+00:00
[2024-05-08T14:09:27.947+0000] {processor.py:183} INFO - Processing /home/airflow/.local/lib/python3.12/site-packages/airflow/example_dags/example_nested_branch_dag.py took 0.214 seconds
[2024-05-08T14:09:58.163+0000] {processor.py:161} INFO - Started process (PID=2660) to work on /home/airflow/.local/lib/python3.12/site-packages/airflow/example_dags/example_nested_branch_dag.py
[2024-05-08T14:09:58.165+0000] {processor.py:830} INFO - Processing file /home/airflow/.local/lib/python3.12/site-packages/airflow/example_dags/example_nested_branch_dag.py for tasks to queue
[2024-05-08T14:09:58.168+0000] {logging_mixin.py:188} INFO - [2024-05-08T14:09:58.167+0000] {dagbag.py:545} INFO - Filling up the DagBag from /home/airflow/.local/lib/python3.12/site-packages/airflow/example_dags/example_nested_branch_dag.py
[2024-05-08T14:09:58.182+0000] {processor.py:840} INFO - DAG(s) 'example_nested_branch_dag' retrieved from /home/airflow/.local/lib/python3.12/site-packages/airflow/example_dags/example_nested_branch_dag.py
[2024-05-08T14:09:58.211+0000] {logging_mixin.py:188} INFO - [2024-05-08T14:09:58.210+0000] {dag.py:3096} INFO - Sync 1 DAGs
[2024-05-08T14:09:58.246+0000] {logging_mixin.py:188} INFO - [2024-05-08T14:09:58.245+0000] {dag.py:3954} INFO - Setting next_dagrun for example_nested_branch_dag to 2024-05-07 00:00:00+00:00, run_after=2024-05-08 00:00:00+00:00
[2024-05-08T14:09:58.276+0000] {processor.py:183} INFO - Processing /home/airflow/.local/lib/python3.12/site-packages/airflow/example_dags/example_nested_branch_dag.py took 0.122 seconds
[2024-05-08T14:10:29.706+0000] {processor.py:161} INFO - Started process (PID=2720) to work on /home/airflow/.local/lib/python3.12/site-packages/airflow/example_dags/example_nested_branch_dag.py
[2024-05-08T14:10:29.707+0000] {processor.py:830} INFO - Processing file /home/airflow/.local/lib/python3.12/site-packages/airflow/example_dags/example_nested_branch_dag.py for tasks to queue
[2024-05-08T14:10:29.710+0000] {logging_mixin.py:188} INFO - [2024-05-08T14:10:29.710+0000] {dagbag.py:545} INFO - Filling up the DagBag from /home/airflow/.local/lib/python3.12/site-packages/airflow/example_dags/example_nested_branch_dag.py
[2024-05-08T14:10:29.731+0000] {processor.py:840} INFO - DAG(s) 'example_nested_branch_dag' retrieved from /home/airflow/.local/lib/python3.12/site-packages/airflow/example_dags/example_nested_branch_dag.py
[2024-05-08T14:10:29.760+0000] {logging_mixin.py:188} INFO - [2024-05-08T14:10:29.759+0000] {dag.py:3096} INFO - Sync 1 DAGs
[2024-05-08T14:10:29.799+0000] {logging_mixin.py:188} INFO - [2024-05-08T14:10:29.799+0000] {dag.py:3954} INFO - Setting next_dagrun for example_nested_branch_dag to 2024-05-07 00:00:00+00:00, run_after=2024-05-08 00:00:00+00:00
[2024-05-08T14:10:29.831+0000] {processor.py:183} INFO - Processing /home/airflow/.local/lib/python3.12/site-packages/airflow/example_dags/example_nested_branch_dag.py took 0.133 seconds
[2024-05-08T14:11:00.125+0000] {processor.py:161} INFO - Started process (PID=2780) to work on /home/airflow/.local/lib/python3.12/site-packages/airflow/example_dags/example_nested_branch_dag.py
[2024-05-08T14:11:00.127+0000] {processor.py:830} INFO - Processing file /home/airflow/.local/lib/python3.12/site-packages/airflow/example_dags/example_nested_branch_dag.py for tasks to queue
[2024-05-08T14:11:00.130+0000] {logging_mixin.py:188} INFO - [2024-05-08T14:11:00.130+0000] {dagbag.py:545} INFO - Filling up the DagBag from /home/airflow/.local/lib/python3.12/site-packages/airflow/example_dags/example_nested_branch_dag.py
[2024-05-08T14:11:00.148+0000] {processor.py:840} INFO - DAG(s) 'example_nested_branch_dag' retrieved from /home/airflow/.local/lib/python3.12/site-packages/airflow/example_dags/example_nested_branch_dag.py
[2024-05-08T14:11:00.191+0000] {logging_mixin.py:188} INFO - [2024-05-08T14:11:00.190+0000] {dag.py:3096} INFO - Sync 1 DAGs
[2024-05-08T14:11:00.229+0000] {logging_mixin.py:188} INFO - [2024-05-08T14:11:00.229+0000] {dag.py:3954} INFO - Setting next_dagrun for example_nested_branch_dag to 2024-05-07 00:00:00+00:00, run_after=2024-05-08 00:00:00+00:00
[2024-05-08T14:11:00.260+0000] {processor.py:183} INFO - Processing /home/airflow/.local/lib/python3.12/site-packages/airflow/example_dags/example_nested_branch_dag.py took 0.147 seconds
[2024-05-08T14:11:32.049+0000] {processor.py:161} INFO - Started process (PID=2840) to work on /home/airflow/.local/lib/python3.12/site-packages/airflow/example_dags/example_nested_branch_dag.py
[2024-05-08T14:11:32.050+0000] {processor.py:830} INFO - Processing file /home/airflow/.local/lib/python3.12/site-packages/airflow/example_dags/example_nested_branch_dag.py for tasks to queue
[2024-05-08T14:11:32.053+0000] {logging_mixin.py:188} INFO - [2024-05-08T14:11:32.052+0000] {dagbag.py:545} INFO - Filling up the DagBag from /home/airflow/.local/lib/python3.12/site-packages/airflow/example_dags/example_nested_branch_dag.py
[2024-05-08T14:11:32.064+0000] {processor.py:840} INFO - DAG(s) 'example_nested_branch_dag' retrieved from /home/airflow/.local/lib/python3.12/site-packages/airflow/example_dags/example_nested_branch_dag.py
[2024-05-08T14:11:32.089+0000] {logging_mixin.py:188} INFO - [2024-05-08T14:11:32.089+0000] {dag.py:3096} INFO - Sync 1 DAGs
[2024-05-08T14:11:32.115+0000] {logging_mixin.py:188} INFO - [2024-05-08T14:11:32.115+0000] {dag.py:3954} INFO - Setting next_dagrun for example_nested_branch_dag to 2024-05-07 00:00:00+00:00, run_after=2024-05-08 00:00:00+00:00
[2024-05-08T14:11:32.139+0000] {processor.py:183} INFO - Processing /home/airflow/.local/lib/python3.12/site-packages/airflow/example_dags/example_nested_branch_dag.py took 0.097 seconds
[2024-05-08T14:12:02.658+0000] {processor.py:161} INFO - Started process (PID=2900) to work on /home/airflow/.local/lib/python3.12/site-packages/airflow/example_dags/example_nested_branch_dag.py
[2024-05-08T14:12:02.659+0000] {processor.py:830} INFO - Processing file /home/airflow/.local/lib/python3.12/site-packages/airflow/example_dags/example_nested_branch_dag.py for tasks to queue
[2024-05-08T14:12:02.662+0000] {logging_mixin.py:188} INFO - [2024-05-08T14:12:02.661+0000] {dagbag.py:545} INFO - Filling up the DagBag from /home/airflow/.local/lib/python3.12/site-packages/airflow/example_dags/example_nested_branch_dag.py
[2024-05-08T14:12:02.676+0000] {processor.py:840} INFO - DAG(s) 'example_nested_branch_dag' retrieved from /home/airflow/.local/lib/python3.12/site-packages/airflow/example_dags/example_nested_branch_dag.py
[2024-05-08T14:12:02.704+0000] {logging_mixin.py:188} INFO - [2024-05-08T14:12:02.704+0000] {dag.py:3096} INFO - Sync 1 DAGs
[2024-05-08T14:12:02.732+0000] {logging_mixin.py:188} INFO - [2024-05-08T14:12:02.732+0000] {dag.py:3954} INFO - Setting next_dagrun for example_nested_branch_dag to 2024-05-07 00:00:00+00:00, run_after=2024-05-08 00:00:00+00:00
[2024-05-08T14:12:02.755+0000] {processor.py:183} INFO - Processing /home/airflow/.local/lib/python3.12/site-packages/airflow/example_dags/example_nested_branch_dag.py took 0.104 seconds
[2024-05-08T14:12:33.289+0000] {processor.py:161} INFO - Started process (PID=2960) to work on /home/airflow/.local/lib/python3.12/site-packages/airflow/example_dags/example_nested_branch_dag.py
[2024-05-08T14:12:33.290+0000] {processor.py:830} INFO - Processing file /home/airflow/.local/lib/python3.12/site-packages/airflow/example_dags/example_nested_branch_dag.py for tasks to queue
[2024-05-08T14:12:33.293+0000] {logging_mixin.py:188} INFO - [2024-05-08T14:12:33.293+0000] {dagbag.py:545} INFO - Filling up the DagBag from /home/airflow/.local/lib/python3.12/site-packages/airflow/example_dags/example_nested_branch_dag.py
[2024-05-08T14:12:33.308+0000] {processor.py:840} INFO - DAG(s) 'example_nested_branch_dag' retrieved from /home/airflow/.local/lib/python3.12/site-packages/airflow/example_dags/example_nested_branch_dag.py
[2024-05-08T14:12:33.356+0000] {logging_mixin.py:188} INFO - [2024-05-08T14:12:33.356+0000] {dag.py:3096} INFO - Sync 1 DAGs
[2024-05-08T14:12:33.390+0000] {logging_mixin.py:188} INFO - [2024-05-08T14:12:33.389+0000] {dag.py:3954} INFO - Setting next_dagrun for example_nested_branch_dag to 2024-05-07 00:00:00+00:00, run_after=2024-05-08 00:00:00+00:00
[2024-05-08T14:12:33.417+0000] {processor.py:183} INFO - Processing /home/airflow/.local/lib/python3.12/site-packages/airflow/example_dags/example_nested_branch_dag.py took 0.138 seconds
[2024-05-08T14:13:04.358+0000] {processor.py:161} INFO - Started process (PID=3020) to work on /home/airflow/.local/lib/python3.12/site-packages/airflow/example_dags/example_nested_branch_dag.py
[2024-05-08T14:13:04.361+0000] {processor.py:830} INFO - Processing file /home/airflow/.local/lib/python3.12/site-packages/airflow/example_dags/example_nested_branch_dag.py for tasks to queue
[2024-05-08T14:13:04.364+0000] {logging_mixin.py:188} INFO - [2024-05-08T14:13:04.364+0000] {dagbag.py:545} INFO - Filling up the DagBag from /home/airflow/.local/lib/python3.12/site-packages/airflow/example_dags/example_nested_branch_dag.py
[2024-05-08T14:13:04.385+0000] {processor.py:840} INFO - DAG(s) 'example_nested_branch_dag' retrieved from /home/airflow/.local/lib/python3.12/site-packages/airflow/example_dags/example_nested_branch_dag.py
[2024-05-08T14:13:04.419+0000] {logging_mixin.py:188} INFO - [2024-05-08T14:13:04.419+0000] {dag.py:3096} INFO - Sync 1 DAGs
[2024-05-08T14:13:04.453+0000] {logging_mixin.py:188} INFO - [2024-05-08T14:13:04.453+0000] {dag.py:3954} INFO - Setting next_dagrun for example_nested_branch_dag to 2024-05-07 00:00:00+00:00, run_after=2024-05-08 00:00:00+00:00
[2024-05-08T14:13:04.485+0000] {processor.py:183} INFO - Processing /home/airflow/.local/lib/python3.12/site-packages/airflow/example_dags/example_nested_branch_dag.py took 0.135 seconds
[2024-05-08T14:13:34.677+0000] {processor.py:161} INFO - Started process (PID=3080) to work on /home/airflow/.local/lib/python3.12/site-packages/airflow/example_dags/example_nested_branch_dag.py
[2024-05-08T14:13:34.679+0000] {processor.py:830} INFO - Processing file /home/airflow/.local/lib/python3.12/site-packages/airflow/example_dags/example_nested_branch_dag.py for tasks to queue
[2024-05-08T14:13:34.682+0000] {logging_mixin.py:188} INFO - [2024-05-08T14:13:34.681+0000] {dagbag.py:545} INFO - Filling up the DagBag from /home/airflow/.local/lib/python3.12/site-packages/airflow/example_dags/example_nested_branch_dag.py
[2024-05-08T14:13:34.696+0000] {processor.py:840} INFO - DAG(s) 'example_nested_branch_dag' retrieved from /home/airflow/.local/lib/python3.12/site-packages/airflow/example_dags/example_nested_branch_dag.py
[2024-05-08T14:13:34.725+0000] {logging_mixin.py:188} INFO - [2024-05-08T14:13:34.724+0000] {dag.py:3096} INFO - Sync 1 DAGs
[2024-05-08T14:13:34.752+0000] {logging_mixin.py:188} INFO - [2024-05-08T14:13:34.752+0000] {dag.py:3954} INFO - Setting next_dagrun for example_nested_branch_dag to 2024-05-07 00:00:00+00:00, run_after=2024-05-08 00:00:00+00:00
[2024-05-08T14:13:34.776+0000] {processor.py:183} INFO - Processing /home/airflow/.local/lib/python3.12/site-packages/airflow/example_dags/example_nested_branch_dag.py took 0.107 seconds
[2024-05-08T14:14:04.905+0000] {processor.py:161} INFO - Started process (PID=3140) to work on /home/airflow/.local/lib/python3.12/site-packages/airflow/example_dags/example_nested_branch_dag.py
[2024-05-08T14:14:04.907+0000] {processor.py:830} INFO - Processing file /home/airflow/.local/lib/python3.12/site-packages/airflow/example_dags/example_nested_branch_dag.py for tasks to queue
[2024-05-08T14:14:04.910+0000] {logging_mixin.py:188} INFO - [2024-05-08T14:14:04.909+0000] {dagbag.py:545} INFO - Filling up the DagBag from /home/airflow/.local/lib/python3.12/site-packages/airflow/example_dags/example_nested_branch_dag.py
[2024-05-08T14:14:04.924+0000] {processor.py:840} INFO - DAG(s) 'example_nested_branch_dag' retrieved from /home/airflow/.local/lib/python3.12/site-packages/airflow/example_dags/example_nested_branch_dag.py
[2024-05-08T14:14:04.949+0000] {logging_mixin.py:188} INFO - [2024-05-08T14:14:04.949+0000] {dag.py:3096} INFO - Sync 1 DAGs
[2024-05-08T14:14:04.976+0000] {logging_mixin.py:188} INFO - [2024-05-08T14:14:04.976+0000] {dag.py:3954} INFO - Setting next_dagrun for example_nested_branch_dag to 2024-05-07 00:00:00+00:00, run_after=2024-05-08 00:00:00+00:00
[2024-05-08T14:14:04.999+0000] {processor.py:183} INFO - Processing /home/airflow/.local/lib/python3.12/site-packages/airflow/example_dags/example_nested_branch_dag.py took 0.101 seconds
[2024-05-08T14:14:35.846+0000] {processor.py:161} INFO - Started process (PID=3200) to work on /home/airflow/.local/lib/python3.12/site-packages/airflow/example_dags/example_nested_branch_dag.py
[2024-05-08T14:14:35.847+0000] {processor.py:830} INFO - Processing file /home/airflow/.local/lib/python3.12/site-packages/airflow/example_dags/example_nested_branch_dag.py for tasks to queue
[2024-05-08T14:14:35.850+0000] {logging_mixin.py:188} INFO - [2024-05-08T14:14:35.850+0000] {dagbag.py:545} INFO - Filling up the DagBag from /home/airflow/.local/lib/python3.12/site-packages/airflow/example_dags/example_nested_branch_dag.py
[2024-05-08T14:14:35.869+0000] {processor.py:840} INFO - DAG(s) 'example_nested_branch_dag' retrieved from /home/airflow/.local/lib/python3.12/site-packages/airflow/example_dags/example_nested_branch_dag.py
[2024-05-08T14:14:35.898+0000] {logging_mixin.py:188} INFO - [2024-05-08T14:14:35.898+0000] {dag.py:3096} INFO - Sync 1 DAGs
[2024-05-08T14:14:35.927+0000] {logging_mixin.py:188} INFO - [2024-05-08T14:14:35.926+0000] {dag.py:3954} INFO - Setting next_dagrun for example_nested_branch_dag to 2024-05-07 00:00:00+00:00, run_after=2024-05-08 00:00:00+00:00
[2024-05-08T14:14:35.950+0000] {processor.py:183} INFO - Processing /home/airflow/.local/lib/python3.12/site-packages/airflow/example_dags/example_nested_branch_dag.py took 0.112 seconds
[2024-05-08T14:15:06.405+0000] {processor.py:161} INFO - Started process (PID=3260) to work on /home/airflow/.local/lib/python3.12/site-packages/airflow/example_dags/example_nested_branch_dag.py
[2024-05-08T14:15:06.407+0000] {processor.py:830} INFO - Processing file /home/airflow/.local/lib/python3.12/site-packages/airflow/example_dags/example_nested_branch_dag.py for tasks to queue
[2024-05-08T14:15:06.414+0000] {logging_mixin.py:188} INFO - [2024-05-08T14:15:06.412+0000] {dagbag.py:545} INFO - Filling up the DagBag from /home/airflow/.local/lib/python3.12/site-packages/airflow/example_dags/example_nested_branch_dag.py
[2024-05-08T14:15:06.438+0000] {processor.py:840} INFO - DAG(s) 'example_nested_branch_dag' retrieved from /home/airflow/.local/lib/python3.12/site-packages/airflow/example_dags/example_nested_branch_dag.py
[2024-05-08T14:15:06.561+0000] {logging_mixin.py:188} INFO - [2024-05-08T14:15:06.560+0000] {dag.py:3096} INFO - Sync 1 DAGs
[2024-05-08T14:15:06.657+0000] {logging_mixin.py:188} INFO - [2024-05-08T14:15:06.656+0000] {dag.py:3954} INFO - Setting next_dagrun for example_nested_branch_dag to 2024-05-07 00:00:00+00:00, run_after=2024-05-08 00:00:00+00:00
[2024-05-08T14:15:06.698+0000] {processor.py:183} INFO - Processing /home/airflow/.local/lib/python3.12/site-packages/airflow/example_dags/example_nested_branch_dag.py took 0.305 seconds
[2024-05-08T14:15:37.723+0000] {processor.py:161} INFO - Started process (PID=3320) to work on /home/airflow/.local/lib/python3.12/site-packages/airflow/example_dags/example_nested_branch_dag.py
[2024-05-08T14:15:37.726+0000] {processor.py:830} INFO - Processing file /home/airflow/.local/lib/python3.12/site-packages/airflow/example_dags/example_nested_branch_dag.py for tasks to queue
[2024-05-08T14:15:37.747+0000] {logging_mixin.py:188} INFO - [2024-05-08T14:15:37.746+0000] {dagbag.py:545} INFO - Filling up the DagBag from /home/airflow/.local/lib/python3.12/site-packages/airflow/example_dags/example_nested_branch_dag.py
[2024-05-08T14:15:37.784+0000] {processor.py:840} INFO - DAG(s) 'example_nested_branch_dag' retrieved from /home/airflow/.local/lib/python3.12/site-packages/airflow/example_dags/example_nested_branch_dag.py
[2024-05-08T14:15:37.814+0000] {logging_mixin.py:188} INFO - [2024-05-08T14:15:37.814+0000] {dag.py:3096} INFO - Sync 1 DAGs
[2024-05-08T14:15:37.852+0000] {logging_mixin.py:188} INFO - [2024-05-08T14:15:37.851+0000] {dag.py:3954} INFO - Setting next_dagrun for example_nested_branch_dag to 2024-05-07 00:00:00+00:00, run_after=2024-05-08 00:00:00+00:00
[2024-05-08T14:15:37.884+0000] {processor.py:183} INFO - Processing /home/airflow/.local/lib/python3.12/site-packages/airflow/example_dags/example_nested_branch_dag.py took 0.171 seconds
[2024-05-08T14:16:07.961+0000] {processor.py:161} INFO - Started process (PID=3380) to work on /home/airflow/.local/lib/python3.12/site-packages/airflow/example_dags/example_nested_branch_dag.py
[2024-05-08T14:16:07.962+0000] {processor.py:830} INFO - Processing file /home/airflow/.local/lib/python3.12/site-packages/airflow/example_dags/example_nested_branch_dag.py for tasks to queue
[2024-05-08T14:16:07.965+0000] {logging_mixin.py:188} INFO - [2024-05-08T14:16:07.964+0000] {dagbag.py:545} INFO - Filling up the DagBag from /home/airflow/.local/lib/python3.12/site-packages/airflow/example_dags/example_nested_branch_dag.py
[2024-05-08T14:16:07.980+0000] {processor.py:840} INFO - DAG(s) 'example_nested_branch_dag' retrieved from /home/airflow/.local/lib/python3.12/site-packages/airflow/example_dags/example_nested_branch_dag.py
[2024-05-08T14:16:08.020+0000] {logging_mixin.py:188} INFO - [2024-05-08T14:16:08.019+0000] {dag.py:3096} INFO - Sync 1 DAGs
[2024-05-08T14:16:08.055+0000] {logging_mixin.py:188} INFO - [2024-05-08T14:16:08.055+0000] {dag.py:3954} INFO - Setting next_dagrun for example_nested_branch_dag to 2024-05-07 00:00:00+00:00, run_after=2024-05-08 00:00:00+00:00
[2024-05-08T14:16:08.093+0000] {processor.py:183} INFO - Processing /home/airflow/.local/lib/python3.12/site-packages/airflow/example_dags/example_nested_branch_dag.py took 0.141 seconds
[2024-05-08T14:16:40.933+0000] {processor.py:161} INFO - Started process (PID=3440) to work on /home/airflow/.local/lib/python3.12/site-packages/airflow/example_dags/example_nested_branch_dag.py
[2024-05-08T14:16:40.935+0000] {processor.py:830} INFO - Processing file /home/airflow/.local/lib/python3.12/site-packages/airflow/example_dags/example_nested_branch_dag.py for tasks to queue
[2024-05-08T14:16:40.941+0000] {logging_mixin.py:188} INFO - [2024-05-08T14:16:40.940+0000] {dagbag.py:545} INFO - Filling up the DagBag from /home/airflow/.local/lib/python3.12/site-packages/airflow/example_dags/example_nested_branch_dag.py
[2024-05-08T14:16:40.957+0000] {processor.py:840} INFO - DAG(s) 'example_nested_branch_dag' retrieved from /home/airflow/.local/lib/python3.12/site-packages/airflow/example_dags/example_nested_branch_dag.py
[2024-05-08T14:16:40.990+0000] {logging_mixin.py:188} INFO - [2024-05-08T14:16:40.990+0000] {dag.py:3096} INFO - Sync 1 DAGs
[2024-05-08T14:16:41.029+0000] {logging_mixin.py:188} INFO - [2024-05-08T14:16:41.029+0000] {dag.py:3954} INFO - Setting next_dagrun for example_nested_branch_dag to 2024-05-07 00:00:00+00:00, run_after=2024-05-08 00:00:00+00:00
[2024-05-08T14:16:41.069+0000] {processor.py:183} INFO - Processing /home/airflow/.local/lib/python3.12/site-packages/airflow/example_dags/example_nested_branch_dag.py took 0.149 seconds
[2024-05-08T14:17:11.328+0000] {processor.py:161} INFO - Started process (PID=3500) to work on /home/airflow/.local/lib/python3.12/site-packages/airflow/example_dags/example_nested_branch_dag.py
[2024-05-08T14:17:11.329+0000] {processor.py:830} INFO - Processing file /home/airflow/.local/lib/python3.12/site-packages/airflow/example_dags/example_nested_branch_dag.py for tasks to queue
[2024-05-08T14:17:11.332+0000] {logging_mixin.py:188} INFO - [2024-05-08T14:17:11.332+0000] {dagbag.py:545} INFO - Filling up the DagBag from /home/airflow/.local/lib/python3.12/site-packages/airflow/example_dags/example_nested_branch_dag.py
[2024-05-08T14:17:11.345+0000] {processor.py:840} INFO - DAG(s) 'example_nested_branch_dag' retrieved from /home/airflow/.local/lib/python3.12/site-packages/airflow/example_dags/example_nested_branch_dag.py
[2024-05-08T14:17:11.372+0000] {logging_mixin.py:188} INFO - [2024-05-08T14:17:11.372+0000] {dag.py:3096} INFO - Sync 1 DAGs
[2024-05-08T14:17:11.405+0000] {logging_mixin.py:188} INFO - [2024-05-08T14:17:11.405+0000] {dag.py:3954} INFO - Setting next_dagrun for example_nested_branch_dag to 2024-05-07 00:00:00+00:00, run_after=2024-05-08 00:00:00+00:00
[2024-05-08T14:17:11.435+0000] {processor.py:183} INFO - Processing /home/airflow/.local/lib/python3.12/site-packages/airflow/example_dags/example_nested_branch_dag.py took 0.114 seconds
[2024-05-08T14:17:42.402+0000] {processor.py:161} INFO - Started process (PID=3560) to work on /home/airflow/.local/lib/python3.12/site-packages/airflow/example_dags/example_nested_branch_dag.py
[2024-05-08T14:17:42.403+0000] {processor.py:830} INFO - Processing file /home/airflow/.local/lib/python3.12/site-packages/airflow/example_dags/example_nested_branch_dag.py for tasks to queue
[2024-05-08T14:17:42.406+0000] {logging_mixin.py:188} INFO - [2024-05-08T14:17:42.405+0000] {dagbag.py:545} INFO - Filling up the DagBag from /home/airflow/.local/lib/python3.12/site-packages/airflow/example_dags/example_nested_branch_dag.py
[2024-05-08T14:17:42.417+0000] {processor.py:840} INFO - DAG(s) 'example_nested_branch_dag' retrieved from /home/airflow/.local/lib/python3.12/site-packages/airflow/example_dags/example_nested_branch_dag.py
[2024-05-08T14:17:42.446+0000] {logging_mixin.py:188} INFO - [2024-05-08T14:17:42.446+0000] {dag.py:3096} INFO - Sync 1 DAGs
[2024-05-08T14:17:42.471+0000] {logging_mixin.py:188} INFO - [2024-05-08T14:17:42.471+0000] {dag.py:3954} INFO - Setting next_dagrun for example_nested_branch_dag to 2024-05-07 00:00:00+00:00, run_after=2024-05-08 00:00:00+00:00
[2024-05-08T14:17:42.497+0000] {processor.py:183} INFO - Processing /home/airflow/.local/lib/python3.12/site-packages/airflow/example_dags/example_nested_branch_dag.py took 0.103 seconds
[2024-05-08T14:18:12.672+0000] {processor.py:161} INFO - Started process (PID=3620) to work on /home/airflow/.local/lib/python3.12/site-packages/airflow/example_dags/example_nested_branch_dag.py
[2024-05-08T14:18:12.674+0000] {processor.py:830} INFO - Processing file /home/airflow/.local/lib/python3.12/site-packages/airflow/example_dags/example_nested_branch_dag.py for tasks to queue
[2024-05-08T14:18:12.677+0000] {logging_mixin.py:188} INFO - [2024-05-08T14:18:12.677+0000] {dagbag.py:545} INFO - Filling up the DagBag from /home/airflow/.local/lib/python3.12/site-packages/airflow/example_dags/example_nested_branch_dag.py
[2024-05-08T14:18:12.693+0000] {processor.py:840} INFO - DAG(s) 'example_nested_branch_dag' retrieved from /home/airflow/.local/lib/python3.12/site-packages/airflow/example_dags/example_nested_branch_dag.py
[2024-05-08T14:18:12.734+0000] {logging_mixin.py:188} INFO - [2024-05-08T14:18:12.733+0000] {dag.py:3096} INFO - Sync 1 DAGs
[2024-05-08T14:18:12.765+0000] {logging_mixin.py:188} INFO - [2024-05-08T14:18:12.764+0000] {dag.py:3954} INFO - Setting next_dagrun for example_nested_branch_dag to 2024-05-07 00:00:00+00:00, run_after=2024-05-08 00:00:00+00:00
[2024-05-08T14:18:12.793+0000] {processor.py:183} INFO - Processing /home/airflow/.local/lib/python3.12/site-packages/airflow/example_dags/example_nested_branch_dag.py took 0.128 seconds
[2024-05-08T14:18:43.077+0000] {processor.py:161} INFO - Started process (PID=3680) to work on /home/airflow/.local/lib/python3.12/site-packages/airflow/example_dags/example_nested_branch_dag.py
[2024-05-08T14:18:43.081+0000] {processor.py:830} INFO - Processing file /home/airflow/.local/lib/python3.12/site-packages/airflow/example_dags/example_nested_branch_dag.py for tasks to queue
[2024-05-08T14:18:43.087+0000] {logging_mixin.py:188} INFO - [2024-05-08T14:18:43.086+0000] {dagbag.py:545} INFO - Filling up the DagBag from /home/airflow/.local/lib/python3.12/site-packages/airflow/example_dags/example_nested_branch_dag.py
[2024-05-08T14:18:43.106+0000] {processor.py:840} INFO - DAG(s) 'example_nested_branch_dag' retrieved from /home/airflow/.local/lib/python3.12/site-packages/airflow/example_dags/example_nested_branch_dag.py
[2024-05-08T14:18:43.137+0000] {logging_mixin.py:188} INFO - [2024-05-08T14:18:43.137+0000] {dag.py:3096} INFO - Sync 1 DAGs
[2024-05-08T14:18:43.167+0000] {logging_mixin.py:188} INFO - [2024-05-08T14:18:43.167+0000] {dag.py:3954} INFO - Setting next_dagrun for example_nested_branch_dag to 2024-05-07 00:00:00+00:00, run_after=2024-05-08 00:00:00+00:00
[2024-05-08T14:18:43.200+0000] {processor.py:183} INFO - Processing /home/airflow/.local/lib/python3.12/site-packages/airflow/example_dags/example_nested_branch_dag.py took 0.139 seconds
[2024-05-08T14:19:13.295+0000] {processor.py:161} INFO - Started process (PID=3740) to work on /home/airflow/.local/lib/python3.12/site-packages/airflow/example_dags/example_nested_branch_dag.py
[2024-05-08T14:19:13.297+0000] {processor.py:830} INFO - Processing file /home/airflow/.local/lib/python3.12/site-packages/airflow/example_dags/example_nested_branch_dag.py for tasks to queue
[2024-05-08T14:19:13.299+0000] {logging_mixin.py:188} INFO - [2024-05-08T14:19:13.299+0000] {dagbag.py:545} INFO - Filling up the DagBag from /home/airflow/.local/lib/python3.12/site-packages/airflow/example_dags/example_nested_branch_dag.py
[2024-05-08T14:19:13.311+0000] {processor.py:840} INFO - DAG(s) 'example_nested_branch_dag' retrieved from /home/airflow/.local/lib/python3.12/site-packages/airflow/example_dags/example_nested_branch_dag.py
[2024-05-08T14:19:13.348+0000] {logging_mixin.py:188} INFO - [2024-05-08T14:19:13.348+0000] {dag.py:3096} INFO - Sync 1 DAGs
[2024-05-08T14:19:13.405+0000] {logging_mixin.py:188} INFO - [2024-05-08T14:19:13.405+0000] {dag.py:3954} INFO - Setting next_dagrun for example_nested_branch_dag to 2024-05-07 00:00:00+00:00, run_after=2024-05-08 00:00:00+00:00
[2024-05-08T14:19:13.435+0000] {processor.py:183} INFO - Processing /home/airflow/.local/lib/python3.12/site-packages/airflow/example_dags/example_nested_branch_dag.py took 0.147 seconds
[2024-05-08T14:19:43.756+0000] {processor.py:161} INFO - Started process (PID=3801) to work on /home/airflow/.local/lib/python3.12/site-packages/airflow/example_dags/example_nested_branch_dag.py
[2024-05-08T14:19:43.757+0000] {processor.py:830} INFO - Processing file /home/airflow/.local/lib/python3.12/site-packages/airflow/example_dags/example_nested_branch_dag.py for tasks to queue
[2024-05-08T14:19:43.760+0000] {logging_mixin.py:188} INFO - [2024-05-08T14:19:43.760+0000] {dagbag.py:545} INFO - Filling up the DagBag from /home/airflow/.local/lib/python3.12/site-packages/airflow/example_dags/example_nested_branch_dag.py
[2024-05-08T14:19:43.772+0000] {processor.py:840} INFO - DAG(s) 'example_nested_branch_dag' retrieved from /home/airflow/.local/lib/python3.12/site-packages/airflow/example_dags/example_nested_branch_dag.py
[2024-05-08T14:19:43.807+0000] {logging_mixin.py:188} INFO - [2024-05-08T14:19:43.807+0000] {dag.py:3096} INFO - Sync 1 DAGs
[2024-05-08T14:19:43.867+0000] {logging_mixin.py:188} INFO - [2024-05-08T14:19:43.867+0000] {dag.py:3954} INFO - Setting next_dagrun for example_nested_branch_dag to 2024-05-07 00:00:00+00:00, run_after=2024-05-08 00:00:00+00:00
[2024-05-08T14:19:43.952+0000] {processor.py:183} INFO - Processing /home/airflow/.local/lib/python3.12/site-packages/airflow/example_dags/example_nested_branch_dag.py took 0.203 seconds
[2024-05-08T14:20:14.028+0000] {processor.py:161} INFO - Started process (PID=3861) to work on /home/airflow/.local/lib/python3.12/site-packages/airflow/example_dags/example_nested_branch_dag.py
[2024-05-08T14:20:14.029+0000] {processor.py:830} INFO - Processing file /home/airflow/.local/lib/python3.12/site-packages/airflow/example_dags/example_nested_branch_dag.py for tasks to queue
[2024-05-08T14:20:14.032+0000] {logging_mixin.py:188} INFO - [2024-05-08T14:20:14.032+0000] {dagbag.py:545} INFO - Filling up the DagBag from /home/airflow/.local/lib/python3.12/site-packages/airflow/example_dags/example_nested_branch_dag.py
[2024-05-08T14:20:14.045+0000] {processor.py:840} INFO - DAG(s) 'example_nested_branch_dag' retrieved from /home/airflow/.local/lib/python3.12/site-packages/airflow/example_dags/example_nested_branch_dag.py
[2024-05-08T14:20:14.073+0000] {logging_mixin.py:188} INFO - [2024-05-08T14:20:14.072+0000] {dag.py:3096} INFO - Sync 1 DAGs
[2024-05-08T14:20:14.101+0000] {logging_mixin.py:188} INFO - [2024-05-08T14:20:14.100+0000] {dag.py:3954} INFO - Setting next_dagrun for example_nested_branch_dag to 2024-05-07 00:00:00+00:00, run_after=2024-05-08 00:00:00+00:00
[2024-05-08T14:20:14.128+0000] {processor.py:183} INFO - Processing /home/airflow/.local/lib/python3.12/site-packages/airflow/example_dags/example_nested_branch_dag.py took 0.107 seconds
[2024-05-08T14:20:45.018+0000] {processor.py:161} INFO - Started process (PID=3923) to work on /home/airflow/.local/lib/python3.12/site-packages/airflow/example_dags/example_nested_branch_dag.py
[2024-05-08T14:20:45.020+0000] {processor.py:830} INFO - Processing file /home/airflow/.local/lib/python3.12/site-packages/airflow/example_dags/example_nested_branch_dag.py for tasks to queue
[2024-05-08T14:20:45.023+0000] {logging_mixin.py:188} INFO - [2024-05-08T14:20:45.022+0000] {dagbag.py:545} INFO - Filling up the DagBag from /home/airflow/.local/lib/python3.12/site-packages/airflow/example_dags/example_nested_branch_dag.py
[2024-05-08T14:20:45.038+0000] {processor.py:840} INFO - DAG(s) 'example_nested_branch_dag' retrieved from /home/airflow/.local/lib/python3.12/site-packages/airflow/example_dags/example_nested_branch_dag.py
[2024-05-08T14:20:45.069+0000] {logging_mixin.py:188} INFO - [2024-05-08T14:20:45.069+0000] {dag.py:3096} INFO - Sync 1 DAGs
[2024-05-08T14:20:45.099+0000] {logging_mixin.py:188} INFO - [2024-05-08T14:20:45.098+0000] {dag.py:3954} INFO - Setting next_dagrun for example_nested_branch_dag to 2024-05-07 00:00:00+00:00, run_after=2024-05-08 00:00:00+00:00
[2024-05-08T14:20:45.123+0000] {processor.py:183} INFO - Processing /home/airflow/.local/lib/python3.12/site-packages/airflow/example_dags/example_nested_branch_dag.py took 0.112 seconds
[2024-05-08T14:21:15.622+0000] {processor.py:161} INFO - Started process (PID=3983) to work on /home/airflow/.local/lib/python3.12/site-packages/airflow/example_dags/example_nested_branch_dag.py
[2024-05-08T14:21:15.624+0000] {processor.py:830} INFO - Processing file /home/airflow/.local/lib/python3.12/site-packages/airflow/example_dags/example_nested_branch_dag.py for tasks to queue
[2024-05-08T14:21:15.627+0000] {logging_mixin.py:188} INFO - [2024-05-08T14:21:15.626+0000] {dagbag.py:545} INFO - Filling up the DagBag from /home/airflow/.local/lib/python3.12/site-packages/airflow/example_dags/example_nested_branch_dag.py
[2024-05-08T14:21:15.639+0000] {processor.py:840} INFO - DAG(s) 'example_nested_branch_dag' retrieved from /home/airflow/.local/lib/python3.12/site-packages/airflow/example_dags/example_nested_branch_dag.py
[2024-05-08T14:21:15.666+0000] {logging_mixin.py:188} INFO - [2024-05-08T14:21:15.665+0000] {dag.py:3096} INFO - Sync 1 DAGs
[2024-05-08T14:21:15.697+0000] {logging_mixin.py:188} INFO - [2024-05-08T14:21:15.697+0000] {dag.py:3954} INFO - Setting next_dagrun for example_nested_branch_dag to 2024-05-07 00:00:00+00:00, run_after=2024-05-08 00:00:00+00:00
[2024-05-08T14:21:15.725+0000] {processor.py:183} INFO - Processing /home/airflow/.local/lib/python3.12/site-packages/airflow/example_dags/example_nested_branch_dag.py took 0.110 seconds
[2024-05-08T14:21:48.226+0000] {processor.py:161} INFO - Started process (PID=4044) to work on /home/airflow/.local/lib/python3.12/site-packages/airflow/example_dags/example_nested_branch_dag.py
[2024-05-08T14:21:48.228+0000] {processor.py:830} INFO - Processing file /home/airflow/.local/lib/python3.12/site-packages/airflow/example_dags/example_nested_branch_dag.py for tasks to queue
[2024-05-08T14:21:48.231+0000] {logging_mixin.py:188} INFO - [2024-05-08T14:21:48.231+0000] {dagbag.py:545} INFO - Filling up the DagBag from /home/airflow/.local/lib/python3.12/site-packages/airflow/example_dags/example_nested_branch_dag.py
[2024-05-08T14:21:48.248+0000] {processor.py:840} INFO - DAG(s) 'example_nested_branch_dag' retrieved from /home/airflow/.local/lib/python3.12/site-packages/airflow/example_dags/example_nested_branch_dag.py
[2024-05-08T14:21:48.294+0000] {logging_mixin.py:188} INFO - [2024-05-08T14:21:48.293+0000] {dag.py:3096} INFO - Sync 1 DAGs
[2024-05-08T14:21:48.337+0000] {logging_mixin.py:188} INFO - [2024-05-08T14:21:48.336+0000] {dag.py:3954} INFO - Setting next_dagrun for example_nested_branch_dag to 2024-05-07 00:00:00+00:00, run_after=2024-05-08 00:00:00+00:00
[2024-05-08T14:21:48.386+0000] {processor.py:183} INFO - Processing /home/airflow/.local/lib/python3.12/site-packages/airflow/example_dags/example_nested_branch_dag.py took 0.170 seconds
[2024-05-08T14:22:18.471+0000] {processor.py:161} INFO - Started process (PID=4104) to work on /home/airflow/.local/lib/python3.12/site-packages/airflow/example_dags/example_nested_branch_dag.py
[2024-05-08T14:22:18.473+0000] {processor.py:830} INFO - Processing file /home/airflow/.local/lib/python3.12/site-packages/airflow/example_dags/example_nested_branch_dag.py for tasks to queue
[2024-05-08T14:22:18.477+0000] {logging_mixin.py:188} INFO - [2024-05-08T14:22:18.477+0000] {dagbag.py:545} INFO - Filling up the DagBag from /home/airflow/.local/lib/python3.12/site-packages/airflow/example_dags/example_nested_branch_dag.py
[2024-05-08T14:22:18.491+0000] {processor.py:840} INFO - DAG(s) 'example_nested_branch_dag' retrieved from /home/airflow/.local/lib/python3.12/site-packages/airflow/example_dags/example_nested_branch_dag.py
[2024-05-08T14:22:18.521+0000] {logging_mixin.py:188} INFO - [2024-05-08T14:22:18.521+0000] {dag.py:3096} INFO - Sync 1 DAGs
[2024-05-08T14:22:18.553+0000] {logging_mixin.py:188} INFO - [2024-05-08T14:22:18.552+0000] {dag.py:3954} INFO - Setting next_dagrun for example_nested_branch_dag to 2024-05-07 00:00:00+00:00, run_after=2024-05-08 00:00:00+00:00
[2024-05-08T14:22:18.581+0000] {processor.py:183} INFO - Processing /home/airflow/.local/lib/python3.12/site-packages/airflow/example_dags/example_nested_branch_dag.py took 0.118 seconds
[2024-05-08T14:22:48.638+0000] {processor.py:161} INFO - Started process (PID=4164) to work on /home/airflow/.local/lib/python3.12/site-packages/airflow/example_dags/example_nested_branch_dag.py
[2024-05-08T14:22:48.641+0000] {processor.py:830} INFO - Processing file /home/airflow/.local/lib/python3.12/site-packages/airflow/example_dags/example_nested_branch_dag.py for tasks to queue
[2024-05-08T14:22:48.646+0000] {logging_mixin.py:188} INFO - [2024-05-08T14:22:48.645+0000] {dagbag.py:545} INFO - Filling up the DagBag from /home/airflow/.local/lib/python3.12/site-packages/airflow/example_dags/example_nested_branch_dag.py
[2024-05-08T14:22:48.660+0000] {processor.py:840} INFO - DAG(s) 'example_nested_branch_dag' retrieved from /home/airflow/.local/lib/python3.12/site-packages/airflow/example_dags/example_nested_branch_dag.py
[2024-05-08T14:22:48.695+0000] {logging_mixin.py:188} INFO - [2024-05-08T14:22:48.695+0000] {dag.py:3096} INFO - Sync 1 DAGs
[2024-05-08T14:22:48.731+0000] {logging_mixin.py:188} INFO - [2024-05-08T14:22:48.730+0000] {dag.py:3954} INFO - Setting next_dagrun for example_nested_branch_dag to 2024-05-07 00:00:00+00:00, run_after=2024-05-08 00:00:00+00:00
[2024-05-08T14:22:48.757+0000] {processor.py:183} INFO - Processing /home/airflow/.local/lib/python3.12/site-packages/airflow/example_dags/example_nested_branch_dag.py took 0.129 seconds
[2024-05-08T14:23:19.582+0000] {processor.py:161} INFO - Started process (PID=4224) to work on /home/airflow/.local/lib/python3.12/site-packages/airflow/example_dags/example_nested_branch_dag.py
[2024-05-08T14:23:19.584+0000] {processor.py:830} INFO - Processing file /home/airflow/.local/lib/python3.12/site-packages/airflow/example_dags/example_nested_branch_dag.py for tasks to queue
[2024-05-08T14:23:19.586+0000] {logging_mixin.py:188} INFO - [2024-05-08T14:23:19.586+0000] {dagbag.py:545} INFO - Filling up the DagBag from /home/airflow/.local/lib/python3.12/site-packages/airflow/example_dags/example_nested_branch_dag.py
[2024-05-08T14:23:19.599+0000] {processor.py:840} INFO - DAG(s) 'example_nested_branch_dag' retrieved from /home/airflow/.local/lib/python3.12/site-packages/airflow/example_dags/example_nested_branch_dag.py
[2024-05-08T14:23:19.653+0000] {logging_mixin.py:188} INFO - [2024-05-08T14:23:19.653+0000] {dag.py:3096} INFO - Sync 1 DAGs
[2024-05-08T14:23:19.683+0000] {logging_mixin.py:188} INFO - [2024-05-08T14:23:19.683+0000] {dag.py:3954} INFO - Setting next_dagrun for example_nested_branch_dag to 2024-05-07 00:00:00+00:00, run_after=2024-05-08 00:00:00+00:00
[2024-05-08T14:23:19.706+0000] {processor.py:183} INFO - Processing /home/airflow/.local/lib/python3.12/site-packages/airflow/example_dags/example_nested_branch_dag.py took 0.132 seconds
