[2024-05-08T13:47:49.259+0000] {processor.py:161} INFO - Started process (PID=58) to work on /home/airflow/.local/lib/python3.12/site-packages/airflow/example_dags/example_task_group.py
[2024-05-08T13:47:49.266+0000] {processor.py:830} INFO - Processing file /home/airflow/.local/lib/python3.12/site-packages/airflow/example_dags/example_task_group.py for tasks to queue
[2024-05-08T13:47:49.273+0000] {logging_mixin.py:188} INFO - [2024-05-08T13:47:49.272+0000] {dagbag.py:545} INFO - Filling up the DagBag from /home/airflow/.local/lib/python3.12/site-packages/airflow/example_dags/example_task_group.py
[2024-05-08T13:47:49.396+0000] {processor.py:840} INFO - DAG(s) 'example_task_group' retrieved from /home/airflow/.local/lib/python3.12/site-packages/airflow/example_dags/example_task_group.py
[2024-05-08T13:47:49.528+0000] {logging_mixin.py:188} INFO - [2024-05-08T13:47:49.527+0000] {dag.py:3096} INFO - Sync 1 DAGs
[2024-05-08T13:47:49.684+0000] {logging_mixin.py:188} INFO - [2024-05-08T13:47:49.684+0000] {dag.py:3954} INFO - Setting next_dagrun for example_task_group to 2024-05-07 00:00:00+00:00, run_after=2024-05-08 00:00:00+00:00
[2024-05-08T13:47:49.739+0000] {processor.py:183} INFO - Processing /home/airflow/.local/lib/python3.12/site-packages/airflow/example_dags/example_task_group.py took 0.498 seconds
[2024-05-08T13:48:19.999+0000] {processor.py:161} INFO - Started process (PID=118) to work on /home/airflow/.local/lib/python3.12/site-packages/airflow/example_dags/example_task_group.py
[2024-05-08T13:48:20.000+0000] {processor.py:830} INFO - Processing file /home/airflow/.local/lib/python3.12/site-packages/airflow/example_dags/example_task_group.py for tasks to queue
[2024-05-08T13:48:20.003+0000] {logging_mixin.py:188} INFO - [2024-05-08T13:48:20.003+0000] {dagbag.py:545} INFO - Filling up the DagBag from /home/airflow/.local/lib/python3.12/site-packages/airflow/example_dags/example_task_group.py
[2024-05-08T13:48:20.016+0000] {processor.py:840} INFO - DAG(s) 'example_task_group' retrieved from /home/airflow/.local/lib/python3.12/site-packages/airflow/example_dags/example_task_group.py
[2024-05-08T13:48:20.044+0000] {logging_mixin.py:188} INFO - [2024-05-08T13:48:20.044+0000] {dag.py:3096} INFO - Sync 1 DAGs
[2024-05-08T13:48:20.075+0000] {logging_mixin.py:188} INFO - [2024-05-08T13:48:20.075+0000] {dag.py:3954} INFO - Setting next_dagrun for example_task_group to 2024-05-07 00:00:00+00:00, run_after=2024-05-08 00:00:00+00:00
[2024-05-08T13:48:20.099+0000] {processor.py:183} INFO - Processing /home/airflow/.local/lib/python3.12/site-packages/airflow/example_dags/example_task_group.py took 0.108 seconds
[2024-05-08T13:48:50.239+0000] {processor.py:161} INFO - Started process (PID=178) to work on /home/airflow/.local/lib/python3.12/site-packages/airflow/example_dags/example_task_group.py
[2024-05-08T13:48:50.241+0000] {processor.py:830} INFO - Processing file /home/airflow/.local/lib/python3.12/site-packages/airflow/example_dags/example_task_group.py for tasks to queue
[2024-05-08T13:48:50.243+0000] {logging_mixin.py:188} INFO - [2024-05-08T13:48:50.243+0000] {dagbag.py:545} INFO - Filling up the DagBag from /home/airflow/.local/lib/python3.12/site-packages/airflow/example_dags/example_task_group.py
[2024-05-08T13:48:50.254+0000] {processor.py:840} INFO - DAG(s) 'example_task_group' retrieved from /home/airflow/.local/lib/python3.12/site-packages/airflow/example_dags/example_task_group.py
[2024-05-08T13:48:50.283+0000] {logging_mixin.py:188} INFO - [2024-05-08T13:48:50.283+0000] {dag.py:3096} INFO - Sync 1 DAGs
[2024-05-08T13:48:50.308+0000] {logging_mixin.py:188} INFO - [2024-05-08T13:48:50.307+0000] {dag.py:3954} INFO - Setting next_dagrun for example_task_group to 2024-05-07 00:00:00+00:00, run_after=2024-05-08 00:00:00+00:00
[2024-05-08T13:48:50.336+0000] {processor.py:183} INFO - Processing /home/airflow/.local/lib/python3.12/site-packages/airflow/example_dags/example_task_group.py took 0.105 seconds
[2024-05-08T13:49:20.993+0000] {processor.py:161} INFO - Started process (PID=238) to work on /home/airflow/.local/lib/python3.12/site-packages/airflow/example_dags/example_task_group.py
[2024-05-08T13:49:20.994+0000] {processor.py:830} INFO - Processing file /home/airflow/.local/lib/python3.12/site-packages/airflow/example_dags/example_task_group.py for tasks to queue
[2024-05-08T13:49:20.997+0000] {logging_mixin.py:188} INFO - [2024-05-08T13:49:20.996+0000] {dagbag.py:545} INFO - Filling up the DagBag from /home/airflow/.local/lib/python3.12/site-packages/airflow/example_dags/example_task_group.py
[2024-05-08T13:49:21.006+0000] {processor.py:840} INFO - DAG(s) 'example_task_group' retrieved from /home/airflow/.local/lib/python3.12/site-packages/airflow/example_dags/example_task_group.py
[2024-05-08T13:49:21.033+0000] {logging_mixin.py:188} INFO - [2024-05-08T13:49:21.032+0000] {dag.py:3096} INFO - Sync 1 DAGs
[2024-05-08T13:49:21.059+0000] {logging_mixin.py:188} INFO - [2024-05-08T13:49:21.059+0000] {dag.py:3954} INFO - Setting next_dagrun for example_task_group to 2024-05-07 00:00:00+00:00, run_after=2024-05-08 00:00:00+00:00
[2024-05-08T13:49:21.087+0000] {processor.py:183} INFO - Processing /home/airflow/.local/lib/python3.12/site-packages/airflow/example_dags/example_task_group.py took 0.102 seconds
[2024-05-08T13:49:51.594+0000] {processor.py:161} INFO - Started process (PID=298) to work on /home/airflow/.local/lib/python3.12/site-packages/airflow/example_dags/example_task_group.py
[2024-05-08T13:49:51.595+0000] {processor.py:830} INFO - Processing file /home/airflow/.local/lib/python3.12/site-packages/airflow/example_dags/example_task_group.py for tasks to queue
[2024-05-08T13:49:51.598+0000] {logging_mixin.py:188} INFO - [2024-05-08T13:49:51.597+0000] {dagbag.py:545} INFO - Filling up the DagBag from /home/airflow/.local/lib/python3.12/site-packages/airflow/example_dags/example_task_group.py
[2024-05-08T13:49:51.606+0000] {processor.py:840} INFO - DAG(s) 'example_task_group' retrieved from /home/airflow/.local/lib/python3.12/site-packages/airflow/example_dags/example_task_group.py
[2024-05-08T13:49:51.631+0000] {logging_mixin.py:188} INFO - [2024-05-08T13:49:51.631+0000] {dag.py:3096} INFO - Sync 1 DAGs
[2024-05-08T13:49:51.662+0000] {logging_mixin.py:188} INFO - [2024-05-08T13:49:51.662+0000] {dag.py:3954} INFO - Setting next_dagrun for example_task_group to 2024-05-07 00:00:00+00:00, run_after=2024-05-08 00:00:00+00:00
[2024-05-08T13:49:51.686+0000] {processor.py:183} INFO - Processing /home/airflow/.local/lib/python3.12/site-packages/airflow/example_dags/example_task_group.py took 0.098 seconds
[2024-05-08T13:50:22.241+0000] {processor.py:161} INFO - Started process (PID=358) to work on /home/airflow/.local/lib/python3.12/site-packages/airflow/example_dags/example_task_group.py
[2024-05-08T13:50:22.243+0000] {processor.py:830} INFO - Processing file /home/airflow/.local/lib/python3.12/site-packages/airflow/example_dags/example_task_group.py for tasks to queue
[2024-05-08T13:50:22.247+0000] {logging_mixin.py:188} INFO - [2024-05-08T13:50:22.246+0000] {dagbag.py:545} INFO - Filling up the DagBag from /home/airflow/.local/lib/python3.12/site-packages/airflow/example_dags/example_task_group.py
[2024-05-08T13:50:22.259+0000] {processor.py:840} INFO - DAG(s) 'example_task_group' retrieved from /home/airflow/.local/lib/python3.12/site-packages/airflow/example_dags/example_task_group.py
[2024-05-08T13:50:22.288+0000] {logging_mixin.py:188} INFO - [2024-05-08T13:50:22.288+0000] {dag.py:3096} INFO - Sync 1 DAGs
[2024-05-08T13:50:22.321+0000] {logging_mixin.py:188} INFO - [2024-05-08T13:50:22.321+0000] {dag.py:3954} INFO - Setting next_dagrun for example_task_group to 2024-05-07 00:00:00+00:00, run_after=2024-05-08 00:00:00+00:00
[2024-05-08T13:50:22.350+0000] {processor.py:183} INFO - Processing /home/airflow/.local/lib/python3.12/site-packages/airflow/example_dags/example_task_group.py took 0.116 seconds
[2024-05-08T13:50:52.754+0000] {processor.py:161} INFO - Started process (PID=418) to work on /home/airflow/.local/lib/python3.12/site-packages/airflow/example_dags/example_task_group.py
[2024-05-08T13:50:52.756+0000] {processor.py:830} INFO - Processing file /home/airflow/.local/lib/python3.12/site-packages/airflow/example_dags/example_task_group.py for tasks to queue
[2024-05-08T13:50:52.761+0000] {logging_mixin.py:188} INFO - [2024-05-08T13:50:52.760+0000] {dagbag.py:545} INFO - Filling up the DagBag from /home/airflow/.local/lib/python3.12/site-packages/airflow/example_dags/example_task_group.py
[2024-05-08T13:50:52.772+0000] {processor.py:840} INFO - DAG(s) 'example_task_group' retrieved from /home/airflow/.local/lib/python3.12/site-packages/airflow/example_dags/example_task_group.py
[2024-05-08T13:50:52.807+0000] {logging_mixin.py:188} INFO - [2024-05-08T13:50:52.806+0000] {dag.py:3096} INFO - Sync 1 DAGs
[2024-05-08T13:50:52.836+0000] {logging_mixin.py:188} INFO - [2024-05-08T13:50:52.835+0000] {dag.py:3954} INFO - Setting next_dagrun for example_task_group to 2024-05-07 00:00:00+00:00, run_after=2024-05-08 00:00:00+00:00
[2024-05-08T13:50:52.860+0000] {processor.py:183} INFO - Processing /home/airflow/.local/lib/python3.12/site-packages/airflow/example_dags/example_task_group.py took 0.117 seconds
[2024-05-08T13:51:23.208+0000] {processor.py:161} INFO - Started process (PID=478) to work on /home/airflow/.local/lib/python3.12/site-packages/airflow/example_dags/example_task_group.py
[2024-05-08T13:51:23.209+0000] {processor.py:830} INFO - Processing file /home/airflow/.local/lib/python3.12/site-packages/airflow/example_dags/example_task_group.py for tasks to queue
[2024-05-08T13:51:23.212+0000] {logging_mixin.py:188} INFO - [2024-05-08T13:51:23.212+0000] {dagbag.py:545} INFO - Filling up the DagBag from /home/airflow/.local/lib/python3.12/site-packages/airflow/example_dags/example_task_group.py
[2024-05-08T13:51:23.223+0000] {processor.py:840} INFO - DAG(s) 'example_task_group' retrieved from /home/airflow/.local/lib/python3.12/site-packages/airflow/example_dags/example_task_group.py
[2024-05-08T13:51:23.251+0000] {logging_mixin.py:188} INFO - [2024-05-08T13:51:23.251+0000] {dag.py:3096} INFO - Sync 1 DAGs
[2024-05-08T13:51:23.280+0000] {logging_mixin.py:188} INFO - [2024-05-08T13:51:23.280+0000] {dag.py:3954} INFO - Setting next_dagrun for example_task_group to 2024-05-07 00:00:00+00:00, run_after=2024-05-08 00:00:00+00:00
[2024-05-08T13:51:23.310+0000] {processor.py:183} INFO - Processing /home/airflow/.local/lib/python3.12/site-packages/airflow/example_dags/example_task_group.py took 0.110 seconds
[2024-05-08T13:51:54.049+0000] {processor.py:161} INFO - Started process (PID=538) to work on /home/airflow/.local/lib/python3.12/site-packages/airflow/example_dags/example_task_group.py
[2024-05-08T13:51:54.051+0000] {processor.py:830} INFO - Processing file /home/airflow/.local/lib/python3.12/site-packages/airflow/example_dags/example_task_group.py for tasks to queue
[2024-05-08T13:51:54.054+0000] {logging_mixin.py:188} INFO - [2024-05-08T13:51:54.054+0000] {dagbag.py:545} INFO - Filling up the DagBag from /home/airflow/.local/lib/python3.12/site-packages/airflow/example_dags/example_task_group.py
[2024-05-08T13:51:54.066+0000] {processor.py:840} INFO - DAG(s) 'example_task_group' retrieved from /home/airflow/.local/lib/python3.12/site-packages/airflow/example_dags/example_task_group.py
[2024-05-08T13:51:54.097+0000] {logging_mixin.py:188} INFO - [2024-05-08T13:51:54.096+0000] {dag.py:3096} INFO - Sync 1 DAGs
[2024-05-08T13:51:54.130+0000] {logging_mixin.py:188} INFO - [2024-05-08T13:51:54.130+0000] {dag.py:3954} INFO - Setting next_dagrun for example_task_group to 2024-05-07 00:00:00+00:00, run_after=2024-05-08 00:00:00+00:00
[2024-05-08T13:51:54.161+0000] {processor.py:183} INFO - Processing /home/airflow/.local/lib/python3.12/site-packages/airflow/example_dags/example_task_group.py took 0.120 seconds
[2024-05-08T13:52:24.858+0000] {processor.py:161} INFO - Started process (PID=598) to work on /home/airflow/.local/lib/python3.12/site-packages/airflow/example_dags/example_task_group.py
[2024-05-08T13:52:24.860+0000] {processor.py:830} INFO - Processing file /home/airflow/.local/lib/python3.12/site-packages/airflow/example_dags/example_task_group.py for tasks to queue
[2024-05-08T13:52:24.864+0000] {logging_mixin.py:188} INFO - [2024-05-08T13:52:24.863+0000] {dagbag.py:545} INFO - Filling up the DagBag from /home/airflow/.local/lib/python3.12/site-packages/airflow/example_dags/example_task_group.py
[2024-05-08T13:52:24.873+0000] {processor.py:840} INFO - DAG(s) 'example_task_group' retrieved from /home/airflow/.local/lib/python3.12/site-packages/airflow/example_dags/example_task_group.py
[2024-05-08T13:52:24.898+0000] {logging_mixin.py:188} INFO - [2024-05-08T13:52:24.897+0000] {dag.py:3096} INFO - Sync 1 DAGs
[2024-05-08T13:52:24.924+0000] {logging_mixin.py:188} INFO - [2024-05-08T13:52:24.924+0000] {dag.py:3954} INFO - Setting next_dagrun for example_task_group to 2024-05-07 00:00:00+00:00, run_after=2024-05-08 00:00:00+00:00
[2024-05-08T13:52:24.947+0000] {processor.py:183} INFO - Processing /home/airflow/.local/lib/python3.12/site-packages/airflow/example_dags/example_task_group.py took 0.096 seconds
[2024-05-08T13:52:56.356+0000] {processor.py:161} INFO - Started process (PID=658) to work on /home/airflow/.local/lib/python3.12/site-packages/airflow/example_dags/example_task_group.py
[2024-05-08T13:52:56.358+0000] {processor.py:830} INFO - Processing file /home/airflow/.local/lib/python3.12/site-packages/airflow/example_dags/example_task_group.py for tasks to queue
[2024-05-08T13:52:56.361+0000] {logging_mixin.py:188} INFO - [2024-05-08T13:52:56.361+0000] {dagbag.py:545} INFO - Filling up the DagBag from /home/airflow/.local/lib/python3.12/site-packages/airflow/example_dags/example_task_group.py
[2024-05-08T13:52:56.371+0000] {processor.py:840} INFO - DAG(s) 'example_task_group' retrieved from /home/airflow/.local/lib/python3.12/site-packages/airflow/example_dags/example_task_group.py
[2024-05-08T13:52:56.402+0000] {logging_mixin.py:188} INFO - [2024-05-08T13:52:56.401+0000] {dag.py:3096} INFO - Sync 1 DAGs
[2024-05-08T13:52:56.435+0000] {logging_mixin.py:188} INFO - [2024-05-08T13:52:56.433+0000] {dag.py:3954} INFO - Setting next_dagrun for example_task_group to 2024-05-07 00:00:00+00:00, run_after=2024-05-08 00:00:00+00:00
[2024-05-08T13:52:56.466+0000] {processor.py:183} INFO - Processing /home/airflow/.local/lib/python3.12/site-packages/airflow/example_dags/example_task_group.py took 0.118 seconds
[2024-05-08T13:53:27.036+0000] {processor.py:161} INFO - Started process (PID=717) to work on /home/airflow/.local/lib/python3.12/site-packages/airflow/example_dags/example_task_group.py
[2024-05-08T13:53:27.039+0000] {processor.py:830} INFO - Processing file /home/airflow/.local/lib/python3.12/site-packages/airflow/example_dags/example_task_group.py for tasks to queue
[2024-05-08T13:53:27.043+0000] {logging_mixin.py:188} INFO - [2024-05-08T13:53:27.042+0000] {dagbag.py:545} INFO - Filling up the DagBag from /home/airflow/.local/lib/python3.12/site-packages/airflow/example_dags/example_task_group.py
[2024-05-08T13:53:27.053+0000] {processor.py:840} INFO - DAG(s) 'example_task_group' retrieved from /home/airflow/.local/lib/python3.12/site-packages/airflow/example_dags/example_task_group.py
[2024-05-08T13:53:27.082+0000] {logging_mixin.py:188} INFO - [2024-05-08T13:53:27.082+0000] {dag.py:3096} INFO - Sync 1 DAGs
[2024-05-08T13:53:27.110+0000] {logging_mixin.py:188} INFO - [2024-05-08T13:53:27.109+0000] {dag.py:3954} INFO - Setting next_dagrun for example_task_group to 2024-05-07 00:00:00+00:00, run_after=2024-05-08 00:00:00+00:00
[2024-05-08T13:53:27.134+0000] {processor.py:183} INFO - Processing /home/airflow/.local/lib/python3.12/site-packages/airflow/example_dags/example_task_group.py took 0.105 seconds
[2024-05-08T13:53:58.231+0000] {processor.py:161} INFO - Started process (PID=777) to work on /home/airflow/.local/lib/python3.12/site-packages/airflow/example_dags/example_task_group.py
[2024-05-08T13:53:58.235+0000] {processor.py:830} INFO - Processing file /home/airflow/.local/lib/python3.12/site-packages/airflow/example_dags/example_task_group.py for tasks to queue
[2024-05-08T13:53:58.251+0000] {logging_mixin.py:188} INFO - [2024-05-08T13:53:58.250+0000] {dagbag.py:545} INFO - Filling up the DagBag from /home/airflow/.local/lib/python3.12/site-packages/airflow/example_dags/example_task_group.py
[2024-05-08T13:53:58.267+0000] {processor.py:840} INFO - DAG(s) 'example_task_group' retrieved from /home/airflow/.local/lib/python3.12/site-packages/airflow/example_dags/example_task_group.py
[2024-05-08T13:53:58.372+0000] {logging_mixin.py:188} INFO - [2024-05-08T13:53:58.371+0000] {dag.py:3096} INFO - Sync 1 DAGs
[2024-05-08T13:53:58.427+0000] {logging_mixin.py:188} INFO - [2024-05-08T13:53:58.427+0000] {dag.py:3954} INFO - Setting next_dagrun for example_task_group to 2024-05-07 00:00:00+00:00, run_after=2024-05-08 00:00:00+00:00
[2024-05-08T13:53:58.472+0000] {processor.py:183} INFO - Processing /home/airflow/.local/lib/python3.12/site-packages/airflow/example_dags/example_task_group.py took 0.248 seconds
[2024-05-08T13:54:29.193+0000] {processor.py:161} INFO - Started process (PID=837) to work on /home/airflow/.local/lib/python3.12/site-packages/airflow/example_dags/example_task_group.py
[2024-05-08T13:54:29.195+0000] {processor.py:830} INFO - Processing file /home/airflow/.local/lib/python3.12/site-packages/airflow/example_dags/example_task_group.py for tasks to queue
[2024-05-08T13:54:29.199+0000] {logging_mixin.py:188} INFO - [2024-05-08T13:54:29.198+0000] {dagbag.py:545} INFO - Filling up the DagBag from /home/airflow/.local/lib/python3.12/site-packages/airflow/example_dags/example_task_group.py
[2024-05-08T13:54:29.207+0000] {processor.py:840} INFO - DAG(s) 'example_task_group' retrieved from /home/airflow/.local/lib/python3.12/site-packages/airflow/example_dags/example_task_group.py
[2024-05-08T13:54:29.233+0000] {logging_mixin.py:188} INFO - [2024-05-08T13:54:29.233+0000] {dag.py:3096} INFO - Sync 1 DAGs
[2024-05-08T13:54:29.259+0000] {logging_mixin.py:188} INFO - [2024-05-08T13:54:29.259+0000] {dag.py:3954} INFO - Setting next_dagrun for example_task_group to 2024-05-07 00:00:00+00:00, run_after=2024-05-08 00:00:00+00:00
[2024-05-08T13:54:29.282+0000] {processor.py:183} INFO - Processing /home/airflow/.local/lib/python3.12/site-packages/airflow/example_dags/example_task_group.py took 0.095 seconds
[2024-05-08T13:55:00.584+0000] {processor.py:161} INFO - Started process (PID=897) to work on /home/airflow/.local/lib/python3.12/site-packages/airflow/example_dags/example_task_group.py
[2024-05-08T13:55:00.586+0000] {processor.py:830} INFO - Processing file /home/airflow/.local/lib/python3.12/site-packages/airflow/example_dags/example_task_group.py for tasks to queue
[2024-05-08T13:55:00.589+0000] {logging_mixin.py:188} INFO - [2024-05-08T13:55:00.588+0000] {dagbag.py:545} INFO - Filling up the DagBag from /home/airflow/.local/lib/python3.12/site-packages/airflow/example_dags/example_task_group.py
[2024-05-08T13:55:00.599+0000] {processor.py:840} INFO - DAG(s) 'example_task_group' retrieved from /home/airflow/.local/lib/python3.12/site-packages/airflow/example_dags/example_task_group.py
[2024-05-08T13:55:00.627+0000] {logging_mixin.py:188} INFO - [2024-05-08T13:55:00.626+0000] {dag.py:3096} INFO - Sync 1 DAGs
[2024-05-08T13:55:00.652+0000] {logging_mixin.py:188} INFO - [2024-05-08T13:55:00.652+0000] {dag.py:3954} INFO - Setting next_dagrun for example_task_group to 2024-05-07 00:00:00+00:00, run_after=2024-05-08 00:00:00+00:00
[2024-05-08T13:55:00.676+0000] {processor.py:183} INFO - Processing /home/airflow/.local/lib/python3.12/site-packages/airflow/example_dags/example_task_group.py took 0.099 seconds
[2024-05-08T13:55:31.781+0000] {processor.py:161} INFO - Started process (PID=957) to work on /home/airflow/.local/lib/python3.12/site-packages/airflow/example_dags/example_task_group.py
[2024-05-08T13:55:31.783+0000] {processor.py:830} INFO - Processing file /home/airflow/.local/lib/python3.12/site-packages/airflow/example_dags/example_task_group.py for tasks to queue
[2024-05-08T13:55:31.789+0000] {logging_mixin.py:188} INFO - [2024-05-08T13:55:31.788+0000] {dagbag.py:545} INFO - Filling up the DagBag from /home/airflow/.local/lib/python3.12/site-packages/airflow/example_dags/example_task_group.py
[2024-05-08T13:55:31.807+0000] {processor.py:840} INFO - DAG(s) 'example_task_group' retrieved from /home/airflow/.local/lib/python3.12/site-packages/airflow/example_dags/example_task_group.py
[2024-05-08T13:55:31.854+0000] {logging_mixin.py:188} INFO - [2024-05-08T13:55:31.854+0000] {dag.py:3096} INFO - Sync 1 DAGs
[2024-05-08T13:55:31.883+0000] {logging_mixin.py:188} INFO - [2024-05-08T13:55:31.883+0000] {dag.py:3954} INFO - Setting next_dagrun for example_task_group to 2024-05-07 00:00:00+00:00, run_after=2024-05-08 00:00:00+00:00
[2024-05-08T13:55:31.919+0000] {processor.py:183} INFO - Processing /home/airflow/.local/lib/python3.12/site-packages/airflow/example_dags/example_task_group.py took 0.148 seconds
[2024-05-08T13:56:02.506+0000] {processor.py:161} INFO - Started process (PID=1017) to work on /home/airflow/.local/lib/python3.12/site-packages/airflow/example_dags/example_task_group.py
[2024-05-08T13:56:02.507+0000] {processor.py:830} INFO - Processing file /home/airflow/.local/lib/python3.12/site-packages/airflow/example_dags/example_task_group.py for tasks to queue
[2024-05-08T13:56:02.510+0000] {logging_mixin.py:188} INFO - [2024-05-08T13:56:02.510+0000] {dagbag.py:545} INFO - Filling up the DagBag from /home/airflow/.local/lib/python3.12/site-packages/airflow/example_dags/example_task_group.py
[2024-05-08T13:56:02.522+0000] {processor.py:840} INFO - DAG(s) 'example_task_group' retrieved from /home/airflow/.local/lib/python3.12/site-packages/airflow/example_dags/example_task_group.py
[2024-05-08T13:56:02.550+0000] {logging_mixin.py:188} INFO - [2024-05-08T13:56:02.550+0000] {dag.py:3096} INFO - Sync 1 DAGs
[2024-05-08T13:56:02.583+0000] {logging_mixin.py:188} INFO - [2024-05-08T13:56:02.583+0000] {dag.py:3954} INFO - Setting next_dagrun for example_task_group to 2024-05-07 00:00:00+00:00, run_after=2024-05-08 00:00:00+00:00
[2024-05-08T13:56:02.617+0000] {processor.py:183} INFO - Processing /home/airflow/.local/lib/python3.12/site-packages/airflow/example_dags/example_task_group.py took 0.120 seconds
[2024-05-08T13:56:33.087+0000] {processor.py:161} INFO - Started process (PID=1078) to work on /home/airflow/.local/lib/python3.12/site-packages/airflow/example_dags/example_task_group.py
[2024-05-08T13:56:33.088+0000] {processor.py:830} INFO - Processing file /home/airflow/.local/lib/python3.12/site-packages/airflow/example_dags/example_task_group.py for tasks to queue
[2024-05-08T13:56:33.091+0000] {logging_mixin.py:188} INFO - [2024-05-08T13:56:33.090+0000] {dagbag.py:545} INFO - Filling up the DagBag from /home/airflow/.local/lib/python3.12/site-packages/airflow/example_dags/example_task_group.py
[2024-05-08T13:56:33.099+0000] {processor.py:840} INFO - DAG(s) 'example_task_group' retrieved from /home/airflow/.local/lib/python3.12/site-packages/airflow/example_dags/example_task_group.py
[2024-05-08T13:56:33.128+0000] {logging_mixin.py:188} INFO - [2024-05-08T13:56:33.128+0000] {dag.py:3096} INFO - Sync 1 DAGs
[2024-05-08T13:56:33.155+0000] {logging_mixin.py:188} INFO - [2024-05-08T13:56:33.154+0000] {dag.py:3954} INFO - Setting next_dagrun for example_task_group to 2024-05-07 00:00:00+00:00, run_after=2024-05-08 00:00:00+00:00
[2024-05-08T13:56:33.187+0000] {processor.py:183} INFO - Processing /home/airflow/.local/lib/python3.12/site-packages/airflow/example_dags/example_task_group.py took 0.107 seconds
[2024-05-08T13:57:03.558+0000] {processor.py:161} INFO - Started process (PID=1138) to work on /home/airflow/.local/lib/python3.12/site-packages/airflow/example_dags/example_task_group.py
[2024-05-08T13:57:03.560+0000] {processor.py:830} INFO - Processing file /home/airflow/.local/lib/python3.12/site-packages/airflow/example_dags/example_task_group.py for tasks to queue
[2024-05-08T13:57:03.563+0000] {logging_mixin.py:188} INFO - [2024-05-08T13:57:03.563+0000] {dagbag.py:545} INFO - Filling up the DagBag from /home/airflow/.local/lib/python3.12/site-packages/airflow/example_dags/example_task_group.py
[2024-05-08T13:57:03.575+0000] {processor.py:840} INFO - DAG(s) 'example_task_group' retrieved from /home/airflow/.local/lib/python3.12/site-packages/airflow/example_dags/example_task_group.py
[2024-05-08T13:57:03.611+0000] {logging_mixin.py:188} INFO - [2024-05-08T13:57:03.610+0000] {dag.py:3096} INFO - Sync 1 DAGs
[2024-05-08T13:57:03.651+0000] {logging_mixin.py:188} INFO - [2024-05-08T13:57:03.651+0000] {dag.py:3954} INFO - Setting next_dagrun for example_task_group to 2024-05-07 00:00:00+00:00, run_after=2024-05-08 00:00:00+00:00
[2024-05-08T13:57:03.684+0000] {processor.py:183} INFO - Processing /home/airflow/.local/lib/python3.12/site-packages/airflow/example_dags/example_task_group.py took 0.134 seconds
[2024-05-08T13:57:34.907+0000] {processor.py:161} INFO - Started process (PID=1198) to work on /home/airflow/.local/lib/python3.12/site-packages/airflow/example_dags/example_task_group.py
[2024-05-08T13:57:34.909+0000] {processor.py:830} INFO - Processing file /home/airflow/.local/lib/python3.12/site-packages/airflow/example_dags/example_task_group.py for tasks to queue
[2024-05-08T13:57:34.912+0000] {logging_mixin.py:188} INFO - [2024-05-08T13:57:34.911+0000] {dagbag.py:545} INFO - Filling up the DagBag from /home/airflow/.local/lib/python3.12/site-packages/airflow/example_dags/example_task_group.py
[2024-05-08T13:57:34.924+0000] {processor.py:840} INFO - DAG(s) 'example_task_group' retrieved from /home/airflow/.local/lib/python3.12/site-packages/airflow/example_dags/example_task_group.py
[2024-05-08T13:57:34.955+0000] {logging_mixin.py:188} INFO - [2024-05-08T13:57:34.954+0000] {dag.py:3096} INFO - Sync 1 DAGs
[2024-05-08T13:57:34.990+0000] {logging_mixin.py:188} INFO - [2024-05-08T13:57:34.990+0000] {dag.py:3954} INFO - Setting next_dagrun for example_task_group to 2024-05-07 00:00:00+00:00, run_after=2024-05-08 00:00:00+00:00
[2024-05-08T13:57:35.019+0000] {processor.py:183} INFO - Processing /home/airflow/.local/lib/python3.12/site-packages/airflow/example_dags/example_task_group.py took 0.122 seconds
[2024-05-08T13:58:05.900+0000] {processor.py:161} INFO - Started process (PID=1258) to work on /home/airflow/.local/lib/python3.12/site-packages/airflow/example_dags/example_task_group.py
[2024-05-08T13:58:05.902+0000] {processor.py:830} INFO - Processing file /home/airflow/.local/lib/python3.12/site-packages/airflow/example_dags/example_task_group.py for tasks to queue
[2024-05-08T13:58:05.907+0000] {logging_mixin.py:188} INFO - [2024-05-08T13:58:05.906+0000] {dagbag.py:545} INFO - Filling up the DagBag from /home/airflow/.local/lib/python3.12/site-packages/airflow/example_dags/example_task_group.py
[2024-05-08T13:58:05.919+0000] {processor.py:840} INFO - DAG(s) 'example_task_group' retrieved from /home/airflow/.local/lib/python3.12/site-packages/airflow/example_dags/example_task_group.py
[2024-05-08T13:58:05.951+0000] {logging_mixin.py:188} INFO - [2024-05-08T13:58:05.951+0000] {dag.py:3096} INFO - Sync 1 DAGs
[2024-05-08T13:58:05.988+0000] {logging_mixin.py:188} INFO - [2024-05-08T13:58:05.987+0000] {dag.py:3954} INFO - Setting next_dagrun for example_task_group to 2024-05-07 00:00:00+00:00, run_after=2024-05-08 00:00:00+00:00
[2024-05-08T13:58:06.022+0000] {processor.py:183} INFO - Processing /home/airflow/.local/lib/python3.12/site-packages/airflow/example_dags/example_task_group.py took 0.129 seconds
[2024-05-08T13:58:37.129+0000] {processor.py:161} INFO - Started process (PID=1318) to work on /home/airflow/.local/lib/python3.12/site-packages/airflow/example_dags/example_task_group.py
[2024-05-08T13:58:37.131+0000] {processor.py:830} INFO - Processing file /home/airflow/.local/lib/python3.12/site-packages/airflow/example_dags/example_task_group.py for tasks to queue
[2024-05-08T13:58:37.133+0000] {logging_mixin.py:188} INFO - [2024-05-08T13:58:37.133+0000] {dagbag.py:545} INFO - Filling up the DagBag from /home/airflow/.local/lib/python3.12/site-packages/airflow/example_dags/example_task_group.py
[2024-05-08T13:58:37.142+0000] {processor.py:840} INFO - DAG(s) 'example_task_group' retrieved from /home/airflow/.local/lib/python3.12/site-packages/airflow/example_dags/example_task_group.py
[2024-05-08T13:58:37.175+0000] {logging_mixin.py:188} INFO - [2024-05-08T13:58:37.175+0000] {dag.py:3096} INFO - Sync 1 DAGs
[2024-05-08T13:58:37.347+0000] {logging_mixin.py:188} INFO - [2024-05-08T13:58:37.347+0000] {dag.py:3954} INFO - Setting next_dagrun for example_task_group to 2024-05-07 00:00:00+00:00, run_after=2024-05-08 00:00:00+00:00
[2024-05-08T13:58:37.371+0000] {processor.py:183} INFO - Processing /home/airflow/.local/lib/python3.12/site-packages/airflow/example_dags/example_task_group.py took 0.248 seconds
[2024-05-08T13:59:07.962+0000] {processor.py:161} INFO - Started process (PID=1378) to work on /home/airflow/.local/lib/python3.12/site-packages/airflow/example_dags/example_task_group.py
[2024-05-08T13:59:07.963+0000] {processor.py:830} INFO - Processing file /home/airflow/.local/lib/python3.12/site-packages/airflow/example_dags/example_task_group.py for tasks to queue
[2024-05-08T13:59:07.967+0000] {logging_mixin.py:188} INFO - [2024-05-08T13:59:07.966+0000] {dagbag.py:545} INFO - Filling up the DagBag from /home/airflow/.local/lib/python3.12/site-packages/airflow/example_dags/example_task_group.py
[2024-05-08T13:59:07.977+0000] {processor.py:840} INFO - DAG(s) 'example_task_group' retrieved from /home/airflow/.local/lib/python3.12/site-packages/airflow/example_dags/example_task_group.py
[2024-05-08T13:59:08.003+0000] {logging_mixin.py:188} INFO - [2024-05-08T13:59:08.003+0000] {dag.py:3096} INFO - Sync 1 DAGs
[2024-05-08T13:59:08.031+0000] {logging_mixin.py:188} INFO - [2024-05-08T13:59:08.031+0000] {dag.py:3954} INFO - Setting next_dagrun for example_task_group to 2024-05-07 00:00:00+00:00, run_after=2024-05-08 00:00:00+00:00
[2024-05-08T13:59:08.056+0000] {processor.py:183} INFO - Processing /home/airflow/.local/lib/python3.12/site-packages/airflow/example_dags/example_task_group.py took 0.104 seconds
[2024-05-08T13:59:39.249+0000] {processor.py:161} INFO - Started process (PID=1438) to work on /home/airflow/.local/lib/python3.12/site-packages/airflow/example_dags/example_task_group.py
[2024-05-08T13:59:39.251+0000] {processor.py:830} INFO - Processing file /home/airflow/.local/lib/python3.12/site-packages/airflow/example_dags/example_task_group.py for tasks to queue
[2024-05-08T13:59:39.254+0000] {logging_mixin.py:188} INFO - [2024-05-08T13:59:39.254+0000] {dagbag.py:545} INFO - Filling up the DagBag from /home/airflow/.local/lib/python3.12/site-packages/airflow/example_dags/example_task_group.py
[2024-05-08T13:59:39.265+0000] {processor.py:840} INFO - DAG(s) 'example_task_group' retrieved from /home/airflow/.local/lib/python3.12/site-packages/airflow/example_dags/example_task_group.py
[2024-05-08T13:59:39.291+0000] {logging_mixin.py:188} INFO - [2024-05-08T13:59:39.290+0000] {dag.py:3096} INFO - Sync 1 DAGs
[2024-05-08T13:59:39.320+0000] {logging_mixin.py:188} INFO - [2024-05-08T13:59:39.319+0000] {dag.py:3954} INFO - Setting next_dagrun for example_task_group to 2024-05-07 00:00:00+00:00, run_after=2024-05-08 00:00:00+00:00
[2024-05-08T13:59:39.342+0000] {processor.py:183} INFO - Processing /home/airflow/.local/lib/python3.12/site-packages/airflow/example_dags/example_task_group.py took 0.100 seconds
[2024-05-08T14:00:10.173+0000] {processor.py:161} INFO - Started process (PID=1498) to work on /home/airflow/.local/lib/python3.12/site-packages/airflow/example_dags/example_task_group.py
[2024-05-08T14:00:10.174+0000] {processor.py:830} INFO - Processing file /home/airflow/.local/lib/python3.12/site-packages/airflow/example_dags/example_task_group.py for tasks to queue
[2024-05-08T14:00:10.177+0000] {logging_mixin.py:188} INFO - [2024-05-08T14:00:10.176+0000] {dagbag.py:545} INFO - Filling up the DagBag from /home/airflow/.local/lib/python3.12/site-packages/airflow/example_dags/example_task_group.py
[2024-05-08T14:00:10.185+0000] {processor.py:840} INFO - DAG(s) 'example_task_group' retrieved from /home/airflow/.local/lib/python3.12/site-packages/airflow/example_dags/example_task_group.py
[2024-05-08T14:00:10.216+0000] {logging_mixin.py:188} INFO - [2024-05-08T14:00:10.216+0000] {dag.py:3096} INFO - Sync 1 DAGs
[2024-05-08T14:00:10.243+0000] {logging_mixin.py:188} INFO - [2024-05-08T14:00:10.243+0000] {dag.py:3954} INFO - Setting next_dagrun for example_task_group to 2024-05-07 00:00:00+00:00, run_after=2024-05-08 00:00:00+00:00
[2024-05-08T14:00:10.273+0000] {processor.py:183} INFO - Processing /home/airflow/.local/lib/python3.12/site-packages/airflow/example_dags/example_task_group.py took 0.108 seconds
[2024-05-08T14:00:41.843+0000] {processor.py:161} INFO - Started process (PID=1558) to work on /home/airflow/.local/lib/python3.12/site-packages/airflow/example_dags/example_task_group.py
[2024-05-08T14:00:41.844+0000] {processor.py:830} INFO - Processing file /home/airflow/.local/lib/python3.12/site-packages/airflow/example_dags/example_task_group.py for tasks to queue
[2024-05-08T14:00:41.847+0000] {logging_mixin.py:188} INFO - [2024-05-08T14:00:41.847+0000] {dagbag.py:545} INFO - Filling up the DagBag from /home/airflow/.local/lib/python3.12/site-packages/airflow/example_dags/example_task_group.py
[2024-05-08T14:00:42.006+0000] {processor.py:840} INFO - DAG(s) 'example_task_group' retrieved from /home/airflow/.local/lib/python3.12/site-packages/airflow/example_dags/example_task_group.py
[2024-05-08T14:00:42.027+0000] {logging_mixin.py:188} INFO - [2024-05-08T14:00:42.027+0000] {dag.py:3096} INFO - Sync 1 DAGs
[2024-05-08T14:00:42.048+0000] {logging_mixin.py:188} INFO - [2024-05-08T14:00:42.048+0000] {dag.py:3954} INFO - Setting next_dagrun for example_task_group to 2024-05-07 00:00:00+00:00, run_after=2024-05-08 00:00:00+00:00
[2024-05-08T14:00:42.069+0000] {processor.py:183} INFO - Processing /home/airflow/.local/lib/python3.12/site-packages/airflow/example_dags/example_task_group.py took 0.234 seconds
[2024-05-08T14:01:12.797+0000] {processor.py:161} INFO - Started process (PID=1617) to work on /home/airflow/.local/lib/python3.12/site-packages/airflow/example_dags/example_task_group.py
[2024-05-08T14:01:12.798+0000] {processor.py:830} INFO - Processing file /home/airflow/.local/lib/python3.12/site-packages/airflow/example_dags/example_task_group.py for tasks to queue
[2024-05-08T14:01:12.801+0000] {logging_mixin.py:188} INFO - [2024-05-08T14:01:12.800+0000] {dagbag.py:545} INFO - Filling up the DagBag from /home/airflow/.local/lib/python3.12/site-packages/airflow/example_dags/example_task_group.py
[2024-05-08T14:01:12.812+0000] {processor.py:840} INFO - DAG(s) 'example_task_group' retrieved from /home/airflow/.local/lib/python3.12/site-packages/airflow/example_dags/example_task_group.py
[2024-05-08T14:01:12.842+0000] {logging_mixin.py:188} INFO - [2024-05-08T14:01:12.842+0000] {dag.py:3096} INFO - Sync 1 DAGs
[2024-05-08T14:01:12.877+0000] {logging_mixin.py:188} INFO - [2024-05-08T14:01:12.877+0000] {dag.py:3954} INFO - Setting next_dagrun for example_task_group to 2024-05-07 00:00:00+00:00, run_after=2024-05-08 00:00:00+00:00
[2024-05-08T14:01:12.904+0000] {processor.py:183} INFO - Processing /home/airflow/.local/lib/python3.12/site-packages/airflow/example_dags/example_task_group.py took 0.116 seconds
[2024-05-08T14:01:43.144+0000] {processor.py:161} INFO - Started process (PID=1677) to work on /home/airflow/.local/lib/python3.12/site-packages/airflow/example_dags/example_task_group.py
[2024-05-08T14:01:43.145+0000] {processor.py:830} INFO - Processing file /home/airflow/.local/lib/python3.12/site-packages/airflow/example_dags/example_task_group.py for tasks to queue
[2024-05-08T14:01:43.148+0000] {logging_mixin.py:188} INFO - [2024-05-08T14:01:43.148+0000] {dagbag.py:545} INFO - Filling up the DagBag from /home/airflow/.local/lib/python3.12/site-packages/airflow/example_dags/example_task_group.py
[2024-05-08T14:01:43.160+0000] {processor.py:840} INFO - DAG(s) 'example_task_group' retrieved from /home/airflow/.local/lib/python3.12/site-packages/airflow/example_dags/example_task_group.py
[2024-05-08T14:01:43.272+0000] {logging_mixin.py:188} INFO - [2024-05-08T14:01:43.271+0000] {dag.py:3096} INFO - Sync 1 DAGs
[2024-05-08T14:01:43.328+0000] {logging_mixin.py:188} INFO - [2024-05-08T14:01:43.327+0000] {dag.py:3954} INFO - Setting next_dagrun for example_task_group to 2024-05-07 00:00:00+00:00, run_after=2024-05-08 00:00:00+00:00
[2024-05-08T14:01:43.400+0000] {processor.py:183} INFO - Processing /home/airflow/.local/lib/python3.12/site-packages/airflow/example_dags/example_task_group.py took 0.263 seconds
[2024-05-08T14:02:14.189+0000] {processor.py:161} INFO - Started process (PID=1736) to work on /home/airflow/.local/lib/python3.12/site-packages/airflow/example_dags/example_task_group.py
[2024-05-08T14:02:14.190+0000] {processor.py:830} INFO - Processing file /home/airflow/.local/lib/python3.12/site-packages/airflow/example_dags/example_task_group.py for tasks to queue
[2024-05-08T14:02:14.193+0000] {logging_mixin.py:188} INFO - [2024-05-08T14:02:14.192+0000] {dagbag.py:545} INFO - Filling up the DagBag from /home/airflow/.local/lib/python3.12/site-packages/airflow/example_dags/example_task_group.py
[2024-05-08T14:02:14.201+0000] {processor.py:840} INFO - DAG(s) 'example_task_group' retrieved from /home/airflow/.local/lib/python3.12/site-packages/airflow/example_dags/example_task_group.py
[2024-05-08T14:02:14.227+0000] {logging_mixin.py:188} INFO - [2024-05-08T14:02:14.227+0000] {dag.py:3096} INFO - Sync 1 DAGs
[2024-05-08T14:02:14.252+0000] {logging_mixin.py:188} INFO - [2024-05-08T14:02:14.252+0000] {dag.py:3954} INFO - Setting next_dagrun for example_task_group to 2024-05-07 00:00:00+00:00, run_after=2024-05-08 00:00:00+00:00
[2024-05-08T14:02:14.276+0000] {processor.py:183} INFO - Processing /home/airflow/.local/lib/python3.12/site-packages/airflow/example_dags/example_task_group.py took 0.094 seconds
[2024-05-08T14:02:44.597+0000] {processor.py:161} INFO - Started process (PID=1796) to work on /home/airflow/.local/lib/python3.12/site-packages/airflow/example_dags/example_task_group.py
[2024-05-08T14:02:44.599+0000] {processor.py:830} INFO - Processing file /home/airflow/.local/lib/python3.12/site-packages/airflow/example_dags/example_task_group.py for tasks to queue
[2024-05-08T14:02:44.601+0000] {logging_mixin.py:188} INFO - [2024-05-08T14:02:44.601+0000] {dagbag.py:545} INFO - Filling up the DagBag from /home/airflow/.local/lib/python3.12/site-packages/airflow/example_dags/example_task_group.py
[2024-05-08T14:02:44.612+0000] {processor.py:840} INFO - DAG(s) 'example_task_group' retrieved from /home/airflow/.local/lib/python3.12/site-packages/airflow/example_dags/example_task_group.py
[2024-05-08T14:02:44.640+0000] {logging_mixin.py:188} INFO - [2024-05-08T14:02:44.640+0000] {dag.py:3096} INFO - Sync 1 DAGs
[2024-05-08T14:02:44.669+0000] {logging_mixin.py:188} INFO - [2024-05-08T14:02:44.669+0000] {dag.py:3954} INFO - Setting next_dagrun for example_task_group to 2024-05-07 00:00:00+00:00, run_after=2024-05-08 00:00:00+00:00
[2024-05-08T14:02:44.694+0000] {processor.py:183} INFO - Processing /home/airflow/.local/lib/python3.12/site-packages/airflow/example_dags/example_task_group.py took 0.104 seconds
[2024-05-08T14:03:17.495+0000] {processor.py:161} INFO - Started process (PID=1856) to work on /home/airflow/.local/lib/python3.12/site-packages/airflow/example_dags/example_task_group.py
[2024-05-08T14:03:17.497+0000] {processor.py:830} INFO - Processing file /home/airflow/.local/lib/python3.12/site-packages/airflow/example_dags/example_task_group.py for tasks to queue
[2024-05-08T14:03:17.500+0000] {logging_mixin.py:188} INFO - [2024-05-08T14:03:17.500+0000] {dagbag.py:545} INFO - Filling up the DagBag from /home/airflow/.local/lib/python3.12/site-packages/airflow/example_dags/example_task_group.py
[2024-05-08T14:03:17.511+0000] {processor.py:840} INFO - DAG(s) 'example_task_group' retrieved from /home/airflow/.local/lib/python3.12/site-packages/airflow/example_dags/example_task_group.py
[2024-05-08T14:03:17.550+0000] {logging_mixin.py:188} INFO - [2024-05-08T14:03:17.549+0000] {dag.py:3096} INFO - Sync 1 DAGs
[2024-05-08T14:03:17.601+0000] {logging_mixin.py:188} INFO - [2024-05-08T14:03:17.600+0000] {dag.py:3954} INFO - Setting next_dagrun for example_task_group to 2024-05-07 00:00:00+00:00, run_after=2024-05-08 00:00:00+00:00
[2024-05-08T14:03:17.682+0000] {processor.py:183} INFO - Processing /home/airflow/.local/lib/python3.12/site-packages/airflow/example_dags/example_task_group.py took 0.196 seconds
[2024-05-08T14:03:48.142+0000] {processor.py:161} INFO - Started process (PID=1915) to work on /home/airflow/.local/lib/python3.12/site-packages/airflow/example_dags/example_task_group.py
[2024-05-08T14:03:48.144+0000] {processor.py:830} INFO - Processing file /home/airflow/.local/lib/python3.12/site-packages/airflow/example_dags/example_task_group.py for tasks to queue
[2024-05-08T14:03:48.147+0000] {logging_mixin.py:188} INFO - [2024-05-08T14:03:48.146+0000] {dagbag.py:545} INFO - Filling up the DagBag from /home/airflow/.local/lib/python3.12/site-packages/airflow/example_dags/example_task_group.py
[2024-05-08T14:03:48.155+0000] {processor.py:840} INFO - DAG(s) 'example_task_group' retrieved from /home/airflow/.local/lib/python3.12/site-packages/airflow/example_dags/example_task_group.py
[2024-05-08T14:03:48.182+0000] {logging_mixin.py:188} INFO - [2024-05-08T14:03:48.182+0000] {dag.py:3096} INFO - Sync 1 DAGs
[2024-05-08T14:03:48.209+0000] {logging_mixin.py:188} INFO - [2024-05-08T14:03:48.209+0000] {dag.py:3954} INFO - Setting next_dagrun for example_task_group to 2024-05-07 00:00:00+00:00, run_after=2024-05-08 00:00:00+00:00
[2024-05-08T14:03:48.234+0000] {processor.py:183} INFO - Processing /home/airflow/.local/lib/python3.12/site-packages/airflow/example_dags/example_task_group.py took 0.100 seconds
[2024-05-08T14:04:19.106+0000] {processor.py:161} INFO - Started process (PID=1975) to work on /home/airflow/.local/lib/python3.12/site-packages/airflow/example_dags/example_task_group.py
[2024-05-08T14:04:19.108+0000] {processor.py:830} INFO - Processing file /home/airflow/.local/lib/python3.12/site-packages/airflow/example_dags/example_task_group.py for tasks to queue
[2024-05-08T14:04:19.111+0000] {logging_mixin.py:188} INFO - [2024-05-08T14:04:19.111+0000] {dagbag.py:545} INFO - Filling up the DagBag from /home/airflow/.local/lib/python3.12/site-packages/airflow/example_dags/example_task_group.py
[2024-05-08T14:04:19.123+0000] {processor.py:840} INFO - DAG(s) 'example_task_group' retrieved from /home/airflow/.local/lib/python3.12/site-packages/airflow/example_dags/example_task_group.py
[2024-05-08T14:04:19.163+0000] {logging_mixin.py:188} INFO - [2024-05-08T14:04:19.163+0000] {dag.py:3096} INFO - Sync 1 DAGs
[2024-05-08T14:04:19.198+0000] {logging_mixin.py:188} INFO - [2024-05-08T14:04:19.198+0000] {dag.py:3954} INFO - Setting next_dagrun for example_task_group to 2024-05-07 00:00:00+00:00, run_after=2024-05-08 00:00:00+00:00
[2024-05-08T14:04:19.226+0000] {processor.py:183} INFO - Processing /home/airflow/.local/lib/python3.12/site-packages/airflow/example_dags/example_task_group.py took 0.131 seconds
[2024-05-08T14:04:50.124+0000] {processor.py:161} INFO - Started process (PID=2035) to work on /home/airflow/.local/lib/python3.12/site-packages/airflow/example_dags/example_task_group.py
[2024-05-08T14:04:50.126+0000] {processor.py:830} INFO - Processing file /home/airflow/.local/lib/python3.12/site-packages/airflow/example_dags/example_task_group.py for tasks to queue
[2024-05-08T14:04:50.129+0000] {logging_mixin.py:188} INFO - [2024-05-08T14:04:50.128+0000] {dagbag.py:545} INFO - Filling up the DagBag from /home/airflow/.local/lib/python3.12/site-packages/airflow/example_dags/example_task_group.py
[2024-05-08T14:04:50.138+0000] {processor.py:840} INFO - DAG(s) 'example_task_group' retrieved from /home/airflow/.local/lib/python3.12/site-packages/airflow/example_dags/example_task_group.py
[2024-05-08T14:04:50.175+0000] {logging_mixin.py:188} INFO - [2024-05-08T14:04:50.175+0000] {dag.py:3096} INFO - Sync 1 DAGs
[2024-05-08T14:04:50.202+0000] {logging_mixin.py:188} INFO - [2024-05-08T14:04:50.201+0000] {dag.py:3954} INFO - Setting next_dagrun for example_task_group to 2024-05-07 00:00:00+00:00, run_after=2024-05-08 00:00:00+00:00
[2024-05-08T14:04:50.229+0000] {processor.py:183} INFO - Processing /home/airflow/.local/lib/python3.12/site-packages/airflow/example_dags/example_task_group.py took 0.115 seconds
[2024-05-08T14:05:20.922+0000] {processor.py:161} INFO - Started process (PID=2095) to work on /home/airflow/.local/lib/python3.12/site-packages/airflow/example_dags/example_task_group.py
[2024-05-08T14:05:20.926+0000] {processor.py:830} INFO - Processing file /home/airflow/.local/lib/python3.12/site-packages/airflow/example_dags/example_task_group.py for tasks to queue
[2024-05-08T14:05:20.932+0000] {logging_mixin.py:188} INFO - [2024-05-08T14:05:20.931+0000] {dagbag.py:545} INFO - Filling up the DagBag from /home/airflow/.local/lib/python3.12/site-packages/airflow/example_dags/example_task_group.py
[2024-05-08T14:05:20.974+0000] {processor.py:840} INFO - DAG(s) 'example_task_group' retrieved from /home/airflow/.local/lib/python3.12/site-packages/airflow/example_dags/example_task_group.py
[2024-05-08T14:05:21.052+0000] {logging_mixin.py:188} INFO - [2024-05-08T14:05:21.051+0000] {dag.py:3096} INFO - Sync 1 DAGs
[2024-05-08T14:05:21.110+0000] {logging_mixin.py:188} INFO - [2024-05-08T14:05:21.110+0000] {dag.py:3954} INFO - Setting next_dagrun for example_task_group to 2024-05-07 00:00:00+00:00, run_after=2024-05-08 00:00:00+00:00
[2024-05-08T14:05:21.153+0000] {processor.py:183} INFO - Processing /home/airflow/.local/lib/python3.12/site-packages/airflow/example_dags/example_task_group.py took 0.264 seconds
[2024-05-08T14:05:51.566+0000] {processor.py:161} INFO - Started process (PID=2154) to work on /home/airflow/.local/lib/python3.12/site-packages/airflow/example_dags/example_task_group.py
[2024-05-08T14:05:51.569+0000] {processor.py:830} INFO - Processing file /home/airflow/.local/lib/python3.12/site-packages/airflow/example_dags/example_task_group.py for tasks to queue
[2024-05-08T14:05:51.573+0000] {logging_mixin.py:188} INFO - [2024-05-08T14:05:51.572+0000] {dagbag.py:545} INFO - Filling up the DagBag from /home/airflow/.local/lib/python3.12/site-packages/airflow/example_dags/example_task_group.py
[2024-05-08T14:05:51.587+0000] {processor.py:840} INFO - DAG(s) 'example_task_group' retrieved from /home/airflow/.local/lib/python3.12/site-packages/airflow/example_dags/example_task_group.py
[2024-05-08T14:05:51.614+0000] {logging_mixin.py:188} INFO - [2024-05-08T14:05:51.613+0000] {dag.py:3096} INFO - Sync 1 DAGs
[2024-05-08T14:05:51.649+0000] {logging_mixin.py:188} INFO - [2024-05-08T14:05:51.649+0000] {dag.py:3954} INFO - Setting next_dagrun for example_task_group to 2024-05-07 00:00:00+00:00, run_after=2024-05-08 00:00:00+00:00
[2024-05-08T14:05:51.680+0000] {processor.py:183} INFO - Processing /home/airflow/.local/lib/python3.12/site-packages/airflow/example_dags/example_task_group.py took 0.123 seconds
[2024-05-08T14:06:21.788+0000] {processor.py:161} INFO - Started process (PID=2214) to work on /home/airflow/.local/lib/python3.12/site-packages/airflow/example_dags/example_task_group.py
[2024-05-08T14:06:21.790+0000] {processor.py:830} INFO - Processing file /home/airflow/.local/lib/python3.12/site-packages/airflow/example_dags/example_task_group.py for tasks to queue
[2024-05-08T14:06:21.793+0000] {logging_mixin.py:188} INFO - [2024-05-08T14:06:21.792+0000] {dagbag.py:545} INFO - Filling up the DagBag from /home/airflow/.local/lib/python3.12/site-packages/airflow/example_dags/example_task_group.py
[2024-05-08T14:06:21.803+0000] {processor.py:840} INFO - DAG(s) 'example_task_group' retrieved from /home/airflow/.local/lib/python3.12/site-packages/airflow/example_dags/example_task_group.py
[2024-05-08T14:06:21.831+0000] {logging_mixin.py:188} INFO - [2024-05-08T14:06:21.831+0000] {dag.py:3096} INFO - Sync 1 DAGs
[2024-05-08T14:06:21.864+0000] {logging_mixin.py:188} INFO - [2024-05-08T14:06:21.863+0000] {dag.py:3954} INFO - Setting next_dagrun for example_task_group to 2024-05-07 00:00:00+00:00, run_after=2024-05-08 00:00:00+00:00
[2024-05-08T14:06:21.895+0000] {processor.py:183} INFO - Processing /home/airflow/.local/lib/python3.12/site-packages/airflow/example_dags/example_task_group.py took 0.113 seconds
[2024-05-08T14:06:52.176+0000] {processor.py:161} INFO - Started process (PID=2280) to work on /home/airflow/.local/lib/python3.12/site-packages/airflow/example_dags/example_task_group.py
[2024-05-08T14:06:52.178+0000] {processor.py:830} INFO - Processing file /home/airflow/.local/lib/python3.12/site-packages/airflow/example_dags/example_task_group.py for tasks to queue
[2024-05-08T14:06:52.182+0000] {logging_mixin.py:188} INFO - [2024-05-08T14:06:52.181+0000] {dagbag.py:545} INFO - Filling up the DagBag from /home/airflow/.local/lib/python3.12/site-packages/airflow/example_dags/example_task_group.py
[2024-05-08T14:06:52.193+0000] {processor.py:840} INFO - DAG(s) 'example_task_group' retrieved from /home/airflow/.local/lib/python3.12/site-packages/airflow/example_dags/example_task_group.py
[2024-05-08T14:06:52.228+0000] {logging_mixin.py:188} INFO - [2024-05-08T14:06:52.228+0000] {dag.py:3096} INFO - Sync 1 DAGs
[2024-05-08T14:06:52.259+0000] {logging_mixin.py:188} INFO - [2024-05-08T14:06:52.259+0000] {dag.py:3954} INFO - Setting next_dagrun for example_task_group to 2024-05-07 00:00:00+00:00, run_after=2024-05-08 00:00:00+00:00
[2024-05-08T14:06:52.291+0000] {processor.py:183} INFO - Processing /home/airflow/.local/lib/python3.12/site-packages/airflow/example_dags/example_task_group.py took 0.128 seconds
[2024-05-08T14:07:23.194+0000] {processor.py:161} INFO - Started process (PID=2340) to work on /home/airflow/.local/lib/python3.12/site-packages/airflow/example_dags/example_task_group.py
[2024-05-08T14:07:23.195+0000] {processor.py:830} INFO - Processing file /home/airflow/.local/lib/python3.12/site-packages/airflow/example_dags/example_task_group.py for tasks to queue
[2024-05-08T14:07:23.198+0000] {logging_mixin.py:188} INFO - [2024-05-08T14:07:23.198+0000] {dagbag.py:545} INFO - Filling up the DagBag from /home/airflow/.local/lib/python3.12/site-packages/airflow/example_dags/example_task_group.py
[2024-05-08T14:07:23.207+0000] {processor.py:840} INFO - DAG(s) 'example_task_group' retrieved from /home/airflow/.local/lib/python3.12/site-packages/airflow/example_dags/example_task_group.py
[2024-05-08T14:07:23.239+0000] {logging_mixin.py:188} INFO - [2024-05-08T14:07:23.239+0000] {dag.py:3096} INFO - Sync 1 DAGs
[2024-05-08T14:07:23.263+0000] {logging_mixin.py:188} INFO - [2024-05-08T14:07:23.263+0000] {dag.py:3954} INFO - Setting next_dagrun for example_task_group to 2024-05-07 00:00:00+00:00, run_after=2024-05-08 00:00:00+00:00
[2024-05-08T14:07:23.289+0000] {processor.py:183} INFO - Processing /home/airflow/.local/lib/python3.12/site-packages/airflow/example_dags/example_task_group.py took 0.103 seconds
[2024-05-08T14:07:53.903+0000] {processor.py:161} INFO - Started process (PID=2400) to work on /home/airflow/.local/lib/python3.12/site-packages/airflow/example_dags/example_task_group.py
[2024-05-08T14:07:53.905+0000] {processor.py:830} INFO - Processing file /home/airflow/.local/lib/python3.12/site-packages/airflow/example_dags/example_task_group.py for tasks to queue
[2024-05-08T14:07:53.908+0000] {logging_mixin.py:188} INFO - [2024-05-08T14:07:53.907+0000] {dagbag.py:545} INFO - Filling up the DagBag from /home/airflow/.local/lib/python3.12/site-packages/airflow/example_dags/example_task_group.py
[2024-05-08T14:07:53.917+0000] {processor.py:840} INFO - DAG(s) 'example_task_group' retrieved from /home/airflow/.local/lib/python3.12/site-packages/airflow/example_dags/example_task_group.py
[2024-05-08T14:07:53.946+0000] {logging_mixin.py:188} INFO - [2024-05-08T14:07:53.945+0000] {dag.py:3096} INFO - Sync 1 DAGs
[2024-05-08T14:07:53.974+0000] {logging_mixin.py:188} INFO - [2024-05-08T14:07:53.973+0000] {dag.py:3954} INFO - Setting next_dagrun for example_task_group to 2024-05-07 00:00:00+00:00, run_after=2024-05-08 00:00:00+00:00
[2024-05-08T14:07:54.003+0000] {processor.py:183} INFO - Processing /home/airflow/.local/lib/python3.12/site-packages/airflow/example_dags/example_task_group.py took 0.109 seconds
[2024-05-08T14:08:24.273+0000] {processor.py:161} INFO - Started process (PID=2460) to work on /home/airflow/.local/lib/python3.12/site-packages/airflow/example_dags/example_task_group.py
[2024-05-08T14:08:24.275+0000] {processor.py:830} INFO - Processing file /home/airflow/.local/lib/python3.12/site-packages/airflow/example_dags/example_task_group.py for tasks to queue
[2024-05-08T14:08:24.279+0000] {logging_mixin.py:188} INFO - [2024-05-08T14:08:24.278+0000] {dagbag.py:545} INFO - Filling up the DagBag from /home/airflow/.local/lib/python3.12/site-packages/airflow/example_dags/example_task_group.py
[2024-05-08T14:08:24.289+0000] {processor.py:840} INFO - DAG(s) 'example_task_group' retrieved from /home/airflow/.local/lib/python3.12/site-packages/airflow/example_dags/example_task_group.py
[2024-05-08T14:08:24.321+0000] {logging_mixin.py:188} INFO - [2024-05-08T14:08:24.321+0000] {dag.py:3096} INFO - Sync 1 DAGs
[2024-05-08T14:08:24.348+0000] {logging_mixin.py:188} INFO - [2024-05-08T14:08:24.348+0000] {dag.py:3954} INFO - Setting next_dagrun for example_task_group to 2024-05-07 00:00:00+00:00, run_after=2024-05-08 00:00:00+00:00
[2024-05-08T14:08:24.375+0000] {processor.py:183} INFO - Processing /home/airflow/.local/lib/python3.12/site-packages/airflow/example_dags/example_task_group.py took 0.110 seconds
[2024-05-08T14:08:54.645+0000] {processor.py:161} INFO - Started process (PID=2520) to work on /home/airflow/.local/lib/python3.12/site-packages/airflow/example_dags/example_task_group.py
[2024-05-08T14:08:54.647+0000] {processor.py:830} INFO - Processing file /home/airflow/.local/lib/python3.12/site-packages/airflow/example_dags/example_task_group.py for tasks to queue
[2024-05-08T14:08:54.650+0000] {logging_mixin.py:188} INFO - [2024-05-08T14:08:54.649+0000] {dagbag.py:545} INFO - Filling up the DagBag from /home/airflow/.local/lib/python3.12/site-packages/airflow/example_dags/example_task_group.py
[2024-05-08T14:08:54.658+0000] {processor.py:840} INFO - DAG(s) 'example_task_group' retrieved from /home/airflow/.local/lib/python3.12/site-packages/airflow/example_dags/example_task_group.py
[2024-05-08T14:08:54.691+0000] {logging_mixin.py:188} INFO - [2024-05-08T14:08:54.691+0000] {dag.py:3096} INFO - Sync 1 DAGs
[2024-05-08T14:08:54.726+0000] {logging_mixin.py:188} INFO - [2024-05-08T14:08:54.726+0000] {dag.py:3954} INFO - Setting next_dagrun for example_task_group to 2024-05-07 00:00:00+00:00, run_after=2024-05-08 00:00:00+00:00
[2024-05-08T14:08:54.756+0000] {processor.py:183} INFO - Processing /home/airflow/.local/lib/python3.12/site-packages/airflow/example_dags/example_task_group.py took 0.117 seconds
[2024-05-08T14:09:25.912+0000] {processor.py:161} INFO - Started process (PID=2580) to work on /home/airflow/.local/lib/python3.12/site-packages/airflow/example_dags/example_task_group.py
[2024-05-08T14:09:25.913+0000] {processor.py:830} INFO - Processing file /home/airflow/.local/lib/python3.12/site-packages/airflow/example_dags/example_task_group.py for tasks to queue
[2024-05-08T14:09:25.917+0000] {logging_mixin.py:188} INFO - [2024-05-08T14:09:25.917+0000] {dagbag.py:545} INFO - Filling up the DagBag from /home/airflow/.local/lib/python3.12/site-packages/airflow/example_dags/example_task_group.py
[2024-05-08T14:09:25.931+0000] {processor.py:840} INFO - DAG(s) 'example_task_group' retrieved from /home/airflow/.local/lib/python3.12/site-packages/airflow/example_dags/example_task_group.py
[2024-05-08T14:09:25.959+0000] {logging_mixin.py:188} INFO - [2024-05-08T14:09:25.958+0000] {dag.py:3096} INFO - Sync 1 DAGs
[2024-05-08T14:09:25.998+0000] {logging_mixin.py:188} INFO - [2024-05-08T14:09:25.998+0000] {dag.py:3954} INFO - Setting next_dagrun for example_task_group to 2024-05-07 00:00:00+00:00, run_after=2024-05-08 00:00:00+00:00
[2024-05-08T14:09:26.037+0000] {processor.py:183} INFO - Processing /home/airflow/.local/lib/python3.12/site-packages/airflow/example_dags/example_task_group.py took 0.133 seconds
[2024-05-08T14:09:56.699+0000] {processor.py:161} INFO - Started process (PID=2640) to work on /home/airflow/.local/lib/python3.12/site-packages/airflow/example_dags/example_task_group.py
[2024-05-08T14:09:56.701+0000] {processor.py:830} INFO - Processing file /home/airflow/.local/lib/python3.12/site-packages/airflow/example_dags/example_task_group.py for tasks to queue
[2024-05-08T14:09:56.704+0000] {logging_mixin.py:188} INFO - [2024-05-08T14:09:56.703+0000] {dagbag.py:545} INFO - Filling up the DagBag from /home/airflow/.local/lib/python3.12/site-packages/airflow/example_dags/example_task_group.py
[2024-05-08T14:09:56.715+0000] {processor.py:840} INFO - DAG(s) 'example_task_group' retrieved from /home/airflow/.local/lib/python3.12/site-packages/airflow/example_dags/example_task_group.py
[2024-05-08T14:09:56.742+0000] {logging_mixin.py:188} INFO - [2024-05-08T14:09:56.742+0000] {dag.py:3096} INFO - Sync 1 DAGs
[2024-05-08T14:09:56.770+0000] {logging_mixin.py:188} INFO - [2024-05-08T14:09:56.769+0000] {dag.py:3954} INFO - Setting next_dagrun for example_task_group to 2024-05-07 00:00:00+00:00, run_after=2024-05-08 00:00:00+00:00
[2024-05-08T14:09:56.794+0000] {processor.py:183} INFO - Processing /home/airflow/.local/lib/python3.12/site-packages/airflow/example_dags/example_task_group.py took 0.102 seconds
[2024-05-08T14:10:27.961+0000] {processor.py:161} INFO - Started process (PID=2700) to work on /home/airflow/.local/lib/python3.12/site-packages/airflow/example_dags/example_task_group.py
[2024-05-08T14:10:27.963+0000] {processor.py:830} INFO - Processing file /home/airflow/.local/lib/python3.12/site-packages/airflow/example_dags/example_task_group.py for tasks to queue
[2024-05-08T14:10:27.966+0000] {logging_mixin.py:188} INFO - [2024-05-08T14:10:27.966+0000] {dagbag.py:545} INFO - Filling up the DagBag from /home/airflow/.local/lib/python3.12/site-packages/airflow/example_dags/example_task_group.py
[2024-05-08T14:10:27.979+0000] {processor.py:840} INFO - DAG(s) 'example_task_group' retrieved from /home/airflow/.local/lib/python3.12/site-packages/airflow/example_dags/example_task_group.py
[2024-05-08T14:10:28.007+0000] {logging_mixin.py:188} INFO - [2024-05-08T14:10:28.006+0000] {dag.py:3096} INFO - Sync 1 DAGs
[2024-05-08T14:10:28.037+0000] {logging_mixin.py:188} INFO - [2024-05-08T14:10:28.037+0000] {dag.py:3954} INFO - Setting next_dagrun for example_task_group to 2024-05-07 00:00:00+00:00, run_after=2024-05-08 00:00:00+00:00
[2024-05-08T14:10:28.061+0000] {processor.py:183} INFO - Processing /home/airflow/.local/lib/python3.12/site-packages/airflow/example_dags/example_task_group.py took 0.109 seconds
[2024-05-08T14:10:58.439+0000] {processor.py:161} INFO - Started process (PID=2760) to work on /home/airflow/.local/lib/python3.12/site-packages/airflow/example_dags/example_task_group.py
[2024-05-08T14:10:58.440+0000] {processor.py:830} INFO - Processing file /home/airflow/.local/lib/python3.12/site-packages/airflow/example_dags/example_task_group.py for tasks to queue
[2024-05-08T14:10:58.443+0000] {logging_mixin.py:188} INFO - [2024-05-08T14:10:58.442+0000] {dagbag.py:545} INFO - Filling up the DagBag from /home/airflow/.local/lib/python3.12/site-packages/airflow/example_dags/example_task_group.py
[2024-05-08T14:10:58.451+0000] {processor.py:840} INFO - DAG(s) 'example_task_group' retrieved from /home/airflow/.local/lib/python3.12/site-packages/airflow/example_dags/example_task_group.py
[2024-05-08T14:10:58.486+0000] {logging_mixin.py:188} INFO - [2024-05-08T14:10:58.486+0000] {dag.py:3096} INFO - Sync 1 DAGs
[2024-05-08T14:10:58.520+0000] {logging_mixin.py:188} INFO - [2024-05-08T14:10:58.520+0000] {dag.py:3954} INFO - Setting next_dagrun for example_task_group to 2024-05-07 00:00:00+00:00, run_after=2024-05-08 00:00:00+00:00
[2024-05-08T14:10:58.551+0000] {processor.py:183} INFO - Processing /home/airflow/.local/lib/python3.12/site-packages/airflow/example_dags/example_task_group.py took 0.119 seconds
[2024-05-08T14:11:29.004+0000] {processor.py:161} INFO - Started process (PID=2820) to work on /home/airflow/.local/lib/python3.12/site-packages/airflow/example_dags/example_task_group.py
[2024-05-08T14:11:29.005+0000] {processor.py:830} INFO - Processing file /home/airflow/.local/lib/python3.12/site-packages/airflow/example_dags/example_task_group.py for tasks to queue
[2024-05-08T14:11:29.008+0000] {logging_mixin.py:188} INFO - [2024-05-08T14:11:29.008+0000] {dagbag.py:545} INFO - Filling up the DagBag from /home/airflow/.local/lib/python3.12/site-packages/airflow/example_dags/example_task_group.py
[2024-05-08T14:11:29.020+0000] {processor.py:840} INFO - DAG(s) 'example_task_group' retrieved from /home/airflow/.local/lib/python3.12/site-packages/airflow/example_dags/example_task_group.py
[2024-05-08T14:11:29.047+0000] {logging_mixin.py:188} INFO - [2024-05-08T14:11:29.047+0000] {dag.py:3096} INFO - Sync 1 DAGs
[2024-05-08T14:11:29.082+0000] {logging_mixin.py:188} INFO - [2024-05-08T14:11:29.081+0000] {dag.py:3954} INFO - Setting next_dagrun for example_task_group to 2024-05-07 00:00:00+00:00, run_after=2024-05-08 00:00:00+00:00
[2024-05-08T14:11:29.127+0000] {processor.py:183} INFO - Processing /home/airflow/.local/lib/python3.12/site-packages/airflow/example_dags/example_task_group.py took 0.131 seconds
[2024-05-08T14:11:59.960+0000] {processor.py:161} INFO - Started process (PID=2880) to work on /home/airflow/.local/lib/python3.12/site-packages/airflow/example_dags/example_task_group.py
[2024-05-08T14:11:59.961+0000] {processor.py:830} INFO - Processing file /home/airflow/.local/lib/python3.12/site-packages/airflow/example_dags/example_task_group.py for tasks to queue
[2024-05-08T14:11:59.963+0000] {logging_mixin.py:188} INFO - [2024-05-08T14:11:59.963+0000] {dagbag.py:545} INFO - Filling up the DagBag from /home/airflow/.local/lib/python3.12/site-packages/airflow/example_dags/example_task_group.py
[2024-05-08T14:11:59.973+0000] {processor.py:840} INFO - DAG(s) 'example_task_group' retrieved from /home/airflow/.local/lib/python3.12/site-packages/airflow/example_dags/example_task_group.py
[2024-05-08T14:12:00.025+0000] {logging_mixin.py:188} INFO - [2024-05-08T14:12:00.025+0000] {dag.py:3096} INFO - Sync 1 DAGs
[2024-05-08T14:12:00.051+0000] {logging_mixin.py:188} INFO - [2024-05-08T14:12:00.051+0000] {dag.py:3954} INFO - Setting next_dagrun for example_task_group to 2024-05-07 00:00:00+00:00, run_after=2024-05-08 00:00:00+00:00
[2024-05-08T14:12:00.076+0000] {processor.py:183} INFO - Processing /home/airflow/.local/lib/python3.12/site-packages/airflow/example_dags/example_task_group.py took 0.125 seconds
[2024-05-08T14:12:30.597+0000] {processor.py:161} INFO - Started process (PID=2940) to work on /home/airflow/.local/lib/python3.12/site-packages/airflow/example_dags/example_task_group.py
[2024-05-08T14:12:30.598+0000] {processor.py:830} INFO - Processing file /home/airflow/.local/lib/python3.12/site-packages/airflow/example_dags/example_task_group.py for tasks to queue
[2024-05-08T14:12:30.601+0000] {logging_mixin.py:188} INFO - [2024-05-08T14:12:30.600+0000] {dagbag.py:545} INFO - Filling up the DagBag from /home/airflow/.local/lib/python3.12/site-packages/airflow/example_dags/example_task_group.py
[2024-05-08T14:12:30.609+0000] {processor.py:840} INFO - DAG(s) 'example_task_group' retrieved from /home/airflow/.local/lib/python3.12/site-packages/airflow/example_dags/example_task_group.py
[2024-05-08T14:12:30.909+0000] {logging_mixin.py:188} INFO - [2024-05-08T14:12:30.909+0000] {dag.py:3096} INFO - Sync 1 DAGs
[2024-05-08T14:12:30.968+0000] {logging_mixin.py:188} INFO - [2024-05-08T14:12:30.968+0000] {dag.py:3954} INFO - Setting next_dagrun for example_task_group to 2024-05-07 00:00:00+00:00, run_after=2024-05-08 00:00:00+00:00
[2024-05-08T14:12:31.006+0000] {processor.py:183} INFO - Processing /home/airflow/.local/lib/python3.12/site-packages/airflow/example_dags/example_task_group.py took 0.417 seconds
[2024-05-08T14:13:01.883+0000] {processor.py:161} INFO - Started process (PID=3000) to work on /home/airflow/.local/lib/python3.12/site-packages/airflow/example_dags/example_task_group.py
[2024-05-08T14:13:01.885+0000] {processor.py:830} INFO - Processing file /home/airflow/.local/lib/python3.12/site-packages/airflow/example_dags/example_task_group.py for tasks to queue
[2024-05-08T14:13:01.888+0000] {logging_mixin.py:188} INFO - [2024-05-08T14:13:01.888+0000] {dagbag.py:545} INFO - Filling up the DagBag from /home/airflow/.local/lib/python3.12/site-packages/airflow/example_dags/example_task_group.py
[2024-05-08T14:13:01.898+0000] {processor.py:840} INFO - DAG(s) 'example_task_group' retrieved from /home/airflow/.local/lib/python3.12/site-packages/airflow/example_dags/example_task_group.py
[2024-05-08T14:13:01.926+0000] {logging_mixin.py:188} INFO - [2024-05-08T14:13:01.926+0000] {dag.py:3096} INFO - Sync 1 DAGs
[2024-05-08T14:13:01.953+0000] {logging_mixin.py:188} INFO - [2024-05-08T14:13:01.953+0000] {dag.py:3954} INFO - Setting next_dagrun for example_task_group to 2024-05-07 00:00:00+00:00, run_after=2024-05-08 00:00:00+00:00
[2024-05-08T14:13:01.979+0000] {processor.py:183} INFO - Processing /home/airflow/.local/lib/python3.12/site-packages/airflow/example_dags/example_task_group.py took 0.105 seconds
[2024-05-08T14:13:32.126+0000] {processor.py:161} INFO - Started process (PID=3060) to work on /home/airflow/.local/lib/python3.12/site-packages/airflow/example_dags/example_task_group.py
[2024-05-08T14:13:32.129+0000] {processor.py:830} INFO - Processing file /home/airflow/.local/lib/python3.12/site-packages/airflow/example_dags/example_task_group.py for tasks to queue
[2024-05-08T14:13:32.131+0000] {logging_mixin.py:188} INFO - [2024-05-08T14:13:32.131+0000] {dagbag.py:545} INFO - Filling up the DagBag from /home/airflow/.local/lib/python3.12/site-packages/airflow/example_dags/example_task_group.py
[2024-05-08T14:13:32.140+0000] {processor.py:840} INFO - DAG(s) 'example_task_group' retrieved from /home/airflow/.local/lib/python3.12/site-packages/airflow/example_dags/example_task_group.py
[2024-05-08T14:13:32.167+0000] {logging_mixin.py:188} INFO - [2024-05-08T14:13:32.167+0000] {dag.py:3096} INFO - Sync 1 DAGs
[2024-05-08T14:13:32.196+0000] {logging_mixin.py:188} INFO - [2024-05-08T14:13:32.195+0000] {dag.py:3954} INFO - Setting next_dagrun for example_task_group to 2024-05-07 00:00:00+00:00, run_after=2024-05-08 00:00:00+00:00
[2024-05-08T14:13:32.244+0000] {processor.py:183} INFO - Processing /home/airflow/.local/lib/python3.12/site-packages/airflow/example_dags/example_task_group.py took 0.126 seconds
[2024-05-08T14:14:02.350+0000] {processor.py:161} INFO - Started process (PID=3120) to work on /home/airflow/.local/lib/python3.12/site-packages/airflow/example_dags/example_task_group.py
[2024-05-08T14:14:02.352+0000] {processor.py:830} INFO - Processing file /home/airflow/.local/lib/python3.12/site-packages/airflow/example_dags/example_task_group.py for tasks to queue
[2024-05-08T14:14:02.354+0000] {logging_mixin.py:188} INFO - [2024-05-08T14:14:02.354+0000] {dagbag.py:545} INFO - Filling up the DagBag from /home/airflow/.local/lib/python3.12/site-packages/airflow/example_dags/example_task_group.py
[2024-05-08T14:14:02.363+0000] {processor.py:840} INFO - DAG(s) 'example_task_group' retrieved from /home/airflow/.local/lib/python3.12/site-packages/airflow/example_dags/example_task_group.py
[2024-05-08T14:14:02.389+0000] {logging_mixin.py:188} INFO - [2024-05-08T14:14:02.389+0000] {dag.py:3096} INFO - Sync 1 DAGs
[2024-05-08T14:14:02.415+0000] {logging_mixin.py:188} INFO - [2024-05-08T14:14:02.415+0000] {dag.py:3954} INFO - Setting next_dagrun for example_task_group to 2024-05-07 00:00:00+00:00, run_after=2024-05-08 00:00:00+00:00
[2024-05-08T14:14:02.440+0000] {processor.py:183} INFO - Processing /home/airflow/.local/lib/python3.12/site-packages/airflow/example_dags/example_task_group.py took 0.097 seconds
[2024-05-08T14:14:33.393+0000] {processor.py:161} INFO - Started process (PID=3180) to work on /home/airflow/.local/lib/python3.12/site-packages/airflow/example_dags/example_task_group.py
[2024-05-08T14:14:33.394+0000] {processor.py:830} INFO - Processing file /home/airflow/.local/lib/python3.12/site-packages/airflow/example_dags/example_task_group.py for tasks to queue
[2024-05-08T14:14:33.396+0000] {logging_mixin.py:188} INFO - [2024-05-08T14:14:33.396+0000] {dagbag.py:545} INFO - Filling up the DagBag from /home/airflow/.local/lib/python3.12/site-packages/airflow/example_dags/example_task_group.py
[2024-05-08T14:14:33.405+0000] {processor.py:840} INFO - DAG(s) 'example_task_group' retrieved from /home/airflow/.local/lib/python3.12/site-packages/airflow/example_dags/example_task_group.py
[2024-05-08T14:14:33.432+0000] {logging_mixin.py:188} INFO - [2024-05-08T14:14:33.432+0000] {dag.py:3096} INFO - Sync 1 DAGs
[2024-05-08T14:14:33.458+0000] {logging_mixin.py:188} INFO - [2024-05-08T14:14:33.458+0000] {dag.py:3954} INFO - Setting next_dagrun for example_task_group to 2024-05-07 00:00:00+00:00, run_after=2024-05-08 00:00:00+00:00
[2024-05-08T14:14:33.486+0000] {processor.py:183} INFO - Processing /home/airflow/.local/lib/python3.12/site-packages/airflow/example_dags/example_task_group.py took 0.102 seconds
[2024-05-08T14:15:04.298+0000] {processor.py:161} INFO - Started process (PID=3240) to work on /home/airflow/.local/lib/python3.12/site-packages/airflow/example_dags/example_task_group.py
[2024-05-08T14:15:04.299+0000] {processor.py:830} INFO - Processing file /home/airflow/.local/lib/python3.12/site-packages/airflow/example_dags/example_task_group.py for tasks to queue
[2024-05-08T14:15:04.302+0000] {logging_mixin.py:188} INFO - [2024-05-08T14:15:04.301+0000] {dagbag.py:545} INFO - Filling up the DagBag from /home/airflow/.local/lib/python3.12/site-packages/airflow/example_dags/example_task_group.py
[2024-05-08T14:15:04.311+0000] {processor.py:840} INFO - DAG(s) 'example_task_group' retrieved from /home/airflow/.local/lib/python3.12/site-packages/airflow/example_dags/example_task_group.py
[2024-05-08T14:15:04.339+0000] {logging_mixin.py:188} INFO - [2024-05-08T14:15:04.339+0000] {dag.py:3096} INFO - Sync 1 DAGs
[2024-05-08T14:15:04.368+0000] {logging_mixin.py:188} INFO - [2024-05-08T14:15:04.367+0000] {dag.py:3954} INFO - Setting next_dagrun for example_task_group to 2024-05-07 00:00:00+00:00, run_after=2024-05-08 00:00:00+00:00
[2024-05-08T14:15:04.396+0000] {processor.py:183} INFO - Processing /home/airflow/.local/lib/python3.12/site-packages/airflow/example_dags/example_task_group.py took 0.105 seconds
[2024-05-08T14:15:35.147+0000] {processor.py:161} INFO - Started process (PID=3300) to work on /home/airflow/.local/lib/python3.12/site-packages/airflow/example_dags/example_task_group.py
[2024-05-08T14:15:35.148+0000] {processor.py:830} INFO - Processing file /home/airflow/.local/lib/python3.12/site-packages/airflow/example_dags/example_task_group.py for tasks to queue
[2024-05-08T14:15:35.151+0000] {logging_mixin.py:188} INFO - [2024-05-08T14:15:35.150+0000] {dagbag.py:545} INFO - Filling up the DagBag from /home/airflow/.local/lib/python3.12/site-packages/airflow/example_dags/example_task_group.py
[2024-05-08T14:15:35.159+0000] {processor.py:840} INFO - DAG(s) 'example_task_group' retrieved from /home/airflow/.local/lib/python3.12/site-packages/airflow/example_dags/example_task_group.py
[2024-05-08T14:15:35.187+0000] {logging_mixin.py:188} INFO - [2024-05-08T14:15:35.187+0000] {dag.py:3096} INFO - Sync 1 DAGs
[2024-05-08T14:15:35.212+0000] {logging_mixin.py:188} INFO - [2024-05-08T14:15:35.212+0000] {dag.py:3954} INFO - Setting next_dagrun for example_task_group to 2024-05-07 00:00:00+00:00, run_after=2024-05-08 00:00:00+00:00
[2024-05-08T14:15:35.238+0000] {processor.py:183} INFO - Processing /home/airflow/.local/lib/python3.12/site-packages/airflow/example_dags/example_task_group.py took 0.099 seconds
[2024-05-08T14:16:05.958+0000] {processor.py:161} INFO - Started process (PID=3360) to work on /home/airflow/.local/lib/python3.12/site-packages/airflow/example_dags/example_task_group.py
[2024-05-08T14:16:05.960+0000] {processor.py:830} INFO - Processing file /home/airflow/.local/lib/python3.12/site-packages/airflow/example_dags/example_task_group.py for tasks to queue
[2024-05-08T14:16:05.963+0000] {logging_mixin.py:188} INFO - [2024-05-08T14:16:05.962+0000] {dagbag.py:545} INFO - Filling up the DagBag from /home/airflow/.local/lib/python3.12/site-packages/airflow/example_dags/example_task_group.py
[2024-05-08T14:16:05.974+0000] {processor.py:840} INFO - DAG(s) 'example_task_group' retrieved from /home/airflow/.local/lib/python3.12/site-packages/airflow/example_dags/example_task_group.py
[2024-05-08T14:16:06.005+0000] {logging_mixin.py:188} INFO - [2024-05-08T14:16:06.004+0000] {dag.py:3096} INFO - Sync 1 DAGs
[2024-05-08T14:16:06.035+0000] {logging_mixin.py:188} INFO - [2024-05-08T14:16:06.034+0000] {dag.py:3954} INFO - Setting next_dagrun for example_task_group to 2024-05-07 00:00:00+00:00, run_after=2024-05-08 00:00:00+00:00
[2024-05-08T14:16:06.060+0000] {processor.py:183} INFO - Processing /home/airflow/.local/lib/python3.12/site-packages/airflow/example_dags/example_task_group.py took 0.110 seconds
[2024-05-08T14:16:36.620+0000] {processor.py:161} INFO - Started process (PID=3420) to work on /home/airflow/.local/lib/python3.12/site-packages/airflow/example_dags/example_task_group.py
[2024-05-08T14:16:36.622+0000] {processor.py:830} INFO - Processing file /home/airflow/.local/lib/python3.12/site-packages/airflow/example_dags/example_task_group.py for tasks to queue
[2024-05-08T14:16:36.628+0000] {logging_mixin.py:188} INFO - [2024-05-08T14:16:36.627+0000] {dagbag.py:545} INFO - Filling up the DagBag from /home/airflow/.local/lib/python3.12/site-packages/airflow/example_dags/example_task_group.py
[2024-05-08T14:16:36.648+0000] {processor.py:840} INFO - DAG(s) 'example_task_group' retrieved from /home/airflow/.local/lib/python3.12/site-packages/airflow/example_dags/example_task_group.py
[2024-05-08T14:16:36.692+0000] {logging_mixin.py:188} INFO - [2024-05-08T14:16:36.692+0000] {dag.py:3096} INFO - Sync 1 DAGs
[2024-05-08T14:16:36.729+0000] {logging_mixin.py:188} INFO - [2024-05-08T14:16:36.729+0000] {dag.py:3954} INFO - Setting next_dagrun for example_task_group to 2024-05-07 00:00:00+00:00, run_after=2024-05-08 00:00:00+00:00
[2024-05-08T14:16:36.762+0000] {processor.py:183} INFO - Processing /home/airflow/.local/lib/python3.12/site-packages/airflow/example_dags/example_task_group.py took 0.151 seconds
[2024-05-08T14:17:07.373+0000] {processor.py:161} INFO - Started process (PID=3478) to work on /home/airflow/.local/lib/python3.12/site-packages/airflow/example_dags/example_task_group.py
[2024-05-08T14:17:07.387+0000] {processor.py:830} INFO - Processing file /home/airflow/.local/lib/python3.12/site-packages/airflow/example_dags/example_task_group.py for tasks to queue
[2024-05-08T14:17:07.391+0000] {logging_mixin.py:188} INFO - [2024-05-08T14:17:07.390+0000] {dagbag.py:545} INFO - Filling up the DagBag from /home/airflow/.local/lib/python3.12/site-packages/airflow/example_dags/example_task_group.py
[2024-05-08T14:17:07.406+0000] {processor.py:840} INFO - DAG(s) 'example_task_group' retrieved from /home/airflow/.local/lib/python3.12/site-packages/airflow/example_dags/example_task_group.py
[2024-05-08T14:17:07.455+0000] {logging_mixin.py:188} INFO - [2024-05-08T14:17:07.455+0000] {dag.py:3096} INFO - Sync 1 DAGs
[2024-05-08T14:17:07.489+0000] {logging_mixin.py:188} INFO - [2024-05-08T14:17:07.489+0000] {dag.py:3954} INFO - Setting next_dagrun for example_task_group to 2024-05-07 00:00:00+00:00, run_after=2024-05-08 00:00:00+00:00
[2024-05-08T14:17:07.529+0000] {processor.py:183} INFO - Processing /home/airflow/.local/lib/python3.12/site-packages/airflow/example_dags/example_task_group.py took 0.168 seconds
[2024-05-08T14:17:37.595+0000] {processor.py:161} INFO - Started process (PID=3538) to work on /home/airflow/.local/lib/python3.12/site-packages/airflow/example_dags/example_task_group.py
[2024-05-08T14:17:37.596+0000] {processor.py:830} INFO - Processing file /home/airflow/.local/lib/python3.12/site-packages/airflow/example_dags/example_task_group.py for tasks to queue
[2024-05-08T14:17:37.599+0000] {logging_mixin.py:188} INFO - [2024-05-08T14:17:37.599+0000] {dagbag.py:545} INFO - Filling up the DagBag from /home/airflow/.local/lib/python3.12/site-packages/airflow/example_dags/example_task_group.py
[2024-05-08T14:17:37.607+0000] {processor.py:840} INFO - DAG(s) 'example_task_group' retrieved from /home/airflow/.local/lib/python3.12/site-packages/airflow/example_dags/example_task_group.py
[2024-05-08T14:17:37.637+0000] {logging_mixin.py:188} INFO - [2024-05-08T14:17:37.636+0000] {dag.py:3096} INFO - Sync 1 DAGs
[2024-05-08T14:17:37.664+0000] {logging_mixin.py:188} INFO - [2024-05-08T14:17:37.664+0000] {dag.py:3954} INFO - Setting next_dagrun for example_task_group to 2024-05-07 00:00:00+00:00, run_after=2024-05-08 00:00:00+00:00
[2024-05-08T14:17:37.693+0000] {processor.py:183} INFO - Processing /home/airflow/.local/lib/python3.12/site-packages/airflow/example_dags/example_task_group.py took 0.107 seconds
[2024-05-08T14:18:08.094+0000] {processor.py:161} INFO - Started process (PID=3598) to work on /home/airflow/.local/lib/python3.12/site-packages/airflow/example_dags/example_task_group.py
[2024-05-08T14:18:08.097+0000] {processor.py:830} INFO - Processing file /home/airflow/.local/lib/python3.12/site-packages/airflow/example_dags/example_task_group.py for tasks to queue
[2024-05-08T14:18:08.101+0000] {logging_mixin.py:188} INFO - [2024-05-08T14:18:08.100+0000] {dagbag.py:545} INFO - Filling up the DagBag from /home/airflow/.local/lib/python3.12/site-packages/airflow/example_dags/example_task_group.py
[2024-05-08T14:18:08.118+0000] {processor.py:840} INFO - DAG(s) 'example_task_group' retrieved from /home/airflow/.local/lib/python3.12/site-packages/airflow/example_dags/example_task_group.py
[2024-05-08T14:18:08.166+0000] {logging_mixin.py:188} INFO - [2024-05-08T14:18:08.165+0000] {dag.py:3096} INFO - Sync 1 DAGs
[2024-05-08T14:18:08.222+0000] {logging_mixin.py:188} INFO - [2024-05-08T14:18:08.221+0000] {dag.py:3954} INFO - Setting next_dagrun for example_task_group to 2024-05-07 00:00:00+00:00, run_after=2024-05-08 00:00:00+00:00
[2024-05-08T14:18:08.268+0000] {processor.py:183} INFO - Processing /home/airflow/.local/lib/python3.12/site-packages/airflow/example_dags/example_task_group.py took 0.186 seconds
[2024-05-08T14:18:38.307+0000] {processor.py:161} INFO - Started process (PID=3658) to work on /home/airflow/.local/lib/python3.12/site-packages/airflow/example_dags/example_task_group.py
[2024-05-08T14:18:38.309+0000] {processor.py:830} INFO - Processing file /home/airflow/.local/lib/python3.12/site-packages/airflow/example_dags/example_task_group.py for tasks to queue
[2024-05-08T14:18:38.311+0000] {logging_mixin.py:188} INFO - [2024-05-08T14:18:38.311+0000] {dagbag.py:545} INFO - Filling up the DagBag from /home/airflow/.local/lib/python3.12/site-packages/airflow/example_dags/example_task_group.py
[2024-05-08T14:18:38.320+0000] {processor.py:840} INFO - DAG(s) 'example_task_group' retrieved from /home/airflow/.local/lib/python3.12/site-packages/airflow/example_dags/example_task_group.py
[2024-05-08T14:18:38.345+0000] {logging_mixin.py:188} INFO - [2024-05-08T14:18:38.345+0000] {dag.py:3096} INFO - Sync 1 DAGs
[2024-05-08T14:18:38.369+0000] {logging_mixin.py:188} INFO - [2024-05-08T14:18:38.369+0000] {dag.py:3954} INFO - Setting next_dagrun for example_task_group to 2024-05-07 00:00:00+00:00, run_after=2024-05-08 00:00:00+00:00
[2024-05-08T14:18:38.392+0000] {processor.py:183} INFO - Processing /home/airflow/.local/lib/python3.12/site-packages/airflow/example_dags/example_task_group.py took 0.091 seconds
[2024-05-08T14:19:08.603+0000] {processor.py:161} INFO - Started process (PID=3718) to work on /home/airflow/.local/lib/python3.12/site-packages/airflow/example_dags/example_task_group.py
[2024-05-08T14:19:08.605+0000] {processor.py:830} INFO - Processing file /home/airflow/.local/lib/python3.12/site-packages/airflow/example_dags/example_task_group.py for tasks to queue
[2024-05-08T14:19:08.608+0000] {logging_mixin.py:188} INFO - [2024-05-08T14:19:08.608+0000] {dagbag.py:545} INFO - Filling up the DagBag from /home/airflow/.local/lib/python3.12/site-packages/airflow/example_dags/example_task_group.py
[2024-05-08T14:19:08.620+0000] {processor.py:840} INFO - DAG(s) 'example_task_group' retrieved from /home/airflow/.local/lib/python3.12/site-packages/airflow/example_dags/example_task_group.py
[2024-05-08T14:19:08.654+0000] {logging_mixin.py:188} INFO - [2024-05-08T14:19:08.654+0000] {dag.py:3096} INFO - Sync 1 DAGs
[2024-05-08T14:19:08.688+0000] {logging_mixin.py:188} INFO - [2024-05-08T14:19:08.687+0000] {dag.py:3954} INFO - Setting next_dagrun for example_task_group to 2024-05-07 00:00:00+00:00, run_after=2024-05-08 00:00:00+00:00
[2024-05-08T14:19:08.715+0000] {processor.py:183} INFO - Processing /home/airflow/.local/lib/python3.12/site-packages/airflow/example_dags/example_task_group.py took 0.121 seconds
[2024-05-08T14:19:38.892+0000] {processor.py:161} INFO - Started process (PID=3778) to work on /home/airflow/.local/lib/python3.12/site-packages/airflow/example_dags/example_task_group.py
[2024-05-08T14:19:38.894+0000] {processor.py:830} INFO - Processing file /home/airflow/.local/lib/python3.12/site-packages/airflow/example_dags/example_task_group.py for tasks to queue
[2024-05-08T14:19:38.897+0000] {logging_mixin.py:188} INFO - [2024-05-08T14:19:38.896+0000] {dagbag.py:545} INFO - Filling up the DagBag from /home/airflow/.local/lib/python3.12/site-packages/airflow/example_dags/example_task_group.py
[2024-05-08T14:19:38.905+0000] {processor.py:840} INFO - DAG(s) 'example_task_group' retrieved from /home/airflow/.local/lib/python3.12/site-packages/airflow/example_dags/example_task_group.py
[2024-05-08T14:19:38.932+0000] {logging_mixin.py:188} INFO - [2024-05-08T14:19:38.932+0000] {dag.py:3096} INFO - Sync 1 DAGs
[2024-05-08T14:19:38.959+0000] {logging_mixin.py:188} INFO - [2024-05-08T14:19:38.959+0000] {dag.py:3954} INFO - Setting next_dagrun for example_task_group to 2024-05-07 00:00:00+00:00, run_after=2024-05-08 00:00:00+00:00
[2024-05-08T14:19:38.982+0000] {processor.py:183} INFO - Processing /home/airflow/.local/lib/python3.12/site-packages/airflow/example_dags/example_task_group.py took 0.098 seconds
[2024-05-08T14:20:09.201+0000] {processor.py:161} INFO - Started process (PID=3838) to work on /home/airflow/.local/lib/python3.12/site-packages/airflow/example_dags/example_task_group.py
[2024-05-08T14:20:09.202+0000] {processor.py:830} INFO - Processing file /home/airflow/.local/lib/python3.12/site-packages/airflow/example_dags/example_task_group.py for tasks to queue
[2024-05-08T14:20:09.205+0000] {logging_mixin.py:188} INFO - [2024-05-08T14:20:09.204+0000] {dagbag.py:545} INFO - Filling up the DagBag from /home/airflow/.local/lib/python3.12/site-packages/airflow/example_dags/example_task_group.py
[2024-05-08T14:20:09.214+0000] {processor.py:840} INFO - DAG(s) 'example_task_group' retrieved from /home/airflow/.local/lib/python3.12/site-packages/airflow/example_dags/example_task_group.py
[2024-05-08T14:20:09.241+0000] {logging_mixin.py:188} INFO - [2024-05-08T14:20:09.241+0000] {dag.py:3096} INFO - Sync 1 DAGs
[2024-05-08T14:20:09.265+0000] {logging_mixin.py:188} INFO - [2024-05-08T14:20:09.265+0000] {dag.py:3954} INFO - Setting next_dagrun for example_task_group to 2024-05-07 00:00:00+00:00, run_after=2024-05-08 00:00:00+00:00
[2024-05-08T14:20:09.287+0000] {processor.py:183} INFO - Processing /home/airflow/.local/lib/python3.12/site-packages/airflow/example_dags/example_task_group.py took 0.094 seconds
[2024-05-08T14:20:40.160+0000] {processor.py:161} INFO - Started process (PID=3897) to work on /home/airflow/.local/lib/python3.12/site-packages/airflow/example_dags/example_task_group.py
[2024-05-08T14:20:40.161+0000] {processor.py:830} INFO - Processing file /home/airflow/.local/lib/python3.12/site-packages/airflow/example_dags/example_task_group.py for tasks to queue
[2024-05-08T14:20:40.164+0000] {logging_mixin.py:188} INFO - [2024-05-08T14:20:40.164+0000] {dagbag.py:545} INFO - Filling up the DagBag from /home/airflow/.local/lib/python3.12/site-packages/airflow/example_dags/example_task_group.py
[2024-05-08T14:20:40.174+0000] {processor.py:840} INFO - DAG(s) 'example_task_group' retrieved from /home/airflow/.local/lib/python3.12/site-packages/airflow/example_dags/example_task_group.py
[2024-05-08T14:20:40.200+0000] {logging_mixin.py:188} INFO - [2024-05-08T14:20:40.199+0000] {dag.py:3096} INFO - Sync 1 DAGs
[2024-05-08T14:20:40.228+0000] {logging_mixin.py:188} INFO - [2024-05-08T14:20:40.228+0000] {dag.py:3954} INFO - Setting next_dagrun for example_task_group to 2024-05-07 00:00:00+00:00, run_after=2024-05-08 00:00:00+00:00
[2024-05-08T14:20:40.253+0000] {processor.py:183} INFO - Processing /home/airflow/.local/lib/python3.12/site-packages/airflow/example_dags/example_task_group.py took 0.102 seconds
[2024-05-08T14:21:10.847+0000] {processor.py:161} INFO - Started process (PID=3957) to work on /home/airflow/.local/lib/python3.12/site-packages/airflow/example_dags/example_task_group.py
[2024-05-08T14:21:10.849+0000] {processor.py:830} INFO - Processing file /home/airflow/.local/lib/python3.12/site-packages/airflow/example_dags/example_task_group.py for tasks to queue
[2024-05-08T14:21:10.852+0000] {logging_mixin.py:188} INFO - [2024-05-08T14:21:10.852+0000] {dagbag.py:545} INFO - Filling up the DagBag from /home/airflow/.local/lib/python3.12/site-packages/airflow/example_dags/example_task_group.py
[2024-05-08T14:21:10.862+0000] {processor.py:840} INFO - DAG(s) 'example_task_group' retrieved from /home/airflow/.local/lib/python3.12/site-packages/airflow/example_dags/example_task_group.py
[2024-05-08T14:21:10.888+0000] {logging_mixin.py:188} INFO - [2024-05-08T14:21:10.888+0000] {dag.py:3096} INFO - Sync 1 DAGs
[2024-05-08T14:21:10.916+0000] {logging_mixin.py:188} INFO - [2024-05-08T14:21:10.916+0000] {dag.py:3954} INFO - Setting next_dagrun for example_task_group to 2024-05-07 00:00:00+00:00, run_after=2024-05-08 00:00:00+00:00
[2024-05-08T14:21:10.943+0000] {processor.py:183} INFO - Processing /home/airflow/.local/lib/python3.12/site-packages/airflow/example_dags/example_task_group.py took 0.103 seconds
[2024-05-08T14:21:41.462+0000] {processor.py:161} INFO - Started process (PID=4017) to work on /home/airflow/.local/lib/python3.12/site-packages/airflow/example_dags/example_task_group.py
[2024-05-08T14:21:41.463+0000] {processor.py:830} INFO - Processing file /home/airflow/.local/lib/python3.12/site-packages/airflow/example_dags/example_task_group.py for tasks to queue
[2024-05-08T14:21:41.466+0000] {logging_mixin.py:188} INFO - [2024-05-08T14:21:41.466+0000] {dagbag.py:545} INFO - Filling up the DagBag from /home/airflow/.local/lib/python3.12/site-packages/airflow/example_dags/example_task_group.py
[2024-05-08T14:21:41.477+0000] {processor.py:840} INFO - DAG(s) 'example_task_group' retrieved from /home/airflow/.local/lib/python3.12/site-packages/airflow/example_dags/example_task_group.py
[2024-05-08T14:21:41.506+0000] {logging_mixin.py:188} INFO - [2024-05-08T14:21:41.505+0000] {dag.py:3096} INFO - Sync 1 DAGs
[2024-05-08T14:21:41.552+0000] {logging_mixin.py:188} INFO - [2024-05-08T14:21:41.552+0000] {dag.py:3954} INFO - Setting next_dagrun for example_task_group to 2024-05-07 00:00:00+00:00, run_after=2024-05-08 00:00:00+00:00
[2024-05-08T14:21:41.624+0000] {processor.py:183} INFO - Processing /home/airflow/.local/lib/python3.12/site-packages/airflow/example_dags/example_task_group.py took 0.169 seconds
[2024-05-08T14:22:11.781+0000] {processor.py:161} INFO - Started process (PID=4077) to work on /home/airflow/.local/lib/python3.12/site-packages/airflow/example_dags/example_task_group.py
[2024-05-08T14:22:11.782+0000] {processor.py:830} INFO - Processing file /home/airflow/.local/lib/python3.12/site-packages/airflow/example_dags/example_task_group.py for tasks to queue
[2024-05-08T14:22:11.784+0000] {logging_mixin.py:188} INFO - [2024-05-08T14:22:11.784+0000] {dagbag.py:545} INFO - Filling up the DagBag from /home/airflow/.local/lib/python3.12/site-packages/airflow/example_dags/example_task_group.py
[2024-05-08T14:22:11.795+0000] {processor.py:840} INFO - DAG(s) 'example_task_group' retrieved from /home/airflow/.local/lib/python3.12/site-packages/airflow/example_dags/example_task_group.py
[2024-05-08T14:22:11.825+0000] {logging_mixin.py:188} INFO - [2024-05-08T14:22:11.824+0000] {dag.py:3096} INFO - Sync 1 DAGs
[2024-05-08T14:22:11.858+0000] {logging_mixin.py:188} INFO - [2024-05-08T14:22:11.858+0000] {dag.py:3954} INFO - Setting next_dagrun for example_task_group to 2024-05-07 00:00:00+00:00, run_after=2024-05-08 00:00:00+00:00
[2024-05-08T14:22:11.886+0000] {processor.py:183} INFO - Processing /home/airflow/.local/lib/python3.12/site-packages/airflow/example_dags/example_task_group.py took 0.113 seconds
[2024-05-08T14:22:42.883+0000] {processor.py:161} INFO - Started process (PID=4137) to work on /home/airflow/.local/lib/python3.12/site-packages/airflow/example_dags/example_task_group.py
[2024-05-08T14:22:42.885+0000] {processor.py:830} INFO - Processing file /home/airflow/.local/lib/python3.12/site-packages/airflow/example_dags/example_task_group.py for tasks to queue
[2024-05-08T14:22:42.890+0000] {logging_mixin.py:188} INFO - [2024-05-08T14:22:42.889+0000] {dagbag.py:545} INFO - Filling up the DagBag from /home/airflow/.local/lib/python3.12/site-packages/airflow/example_dags/example_task_group.py
[2024-05-08T14:22:42.900+0000] {processor.py:840} INFO - DAG(s) 'example_task_group' retrieved from /home/airflow/.local/lib/python3.12/site-packages/airflow/example_dags/example_task_group.py
[2024-05-08T14:22:42.927+0000] {logging_mixin.py:188} INFO - [2024-05-08T14:22:42.927+0000] {dag.py:3096} INFO - Sync 1 DAGs
[2024-05-08T14:22:42.954+0000] {logging_mixin.py:188} INFO - [2024-05-08T14:22:42.953+0000] {dag.py:3954} INFO - Setting next_dagrun for example_task_group to 2024-05-07 00:00:00+00:00, run_after=2024-05-08 00:00:00+00:00
[2024-05-08T14:22:42.977+0000] {processor.py:183} INFO - Processing /home/airflow/.local/lib/python3.12/site-packages/airflow/example_dags/example_task_group.py took 0.101 seconds
[2024-05-08T14:23:13.027+0000] {processor.py:161} INFO - Started process (PID=4197) to work on /home/airflow/.local/lib/python3.12/site-packages/airflow/example_dags/example_task_group.py
[2024-05-08T14:23:13.029+0000] {processor.py:830} INFO - Processing file /home/airflow/.local/lib/python3.12/site-packages/airflow/example_dags/example_task_group.py for tasks to queue
[2024-05-08T14:23:13.031+0000] {logging_mixin.py:188} INFO - [2024-05-08T14:23:13.031+0000] {dagbag.py:545} INFO - Filling up the DagBag from /home/airflow/.local/lib/python3.12/site-packages/airflow/example_dags/example_task_group.py
[2024-05-08T14:23:13.040+0000] {processor.py:840} INFO - DAG(s) 'example_task_group' retrieved from /home/airflow/.local/lib/python3.12/site-packages/airflow/example_dags/example_task_group.py
[2024-05-08T14:23:13.066+0000] {logging_mixin.py:188} INFO - [2024-05-08T14:23:13.066+0000] {dag.py:3096} INFO - Sync 1 DAGs
[2024-05-08T14:23:13.091+0000] {logging_mixin.py:188} INFO - [2024-05-08T14:23:13.091+0000] {dag.py:3954} INFO - Setting next_dagrun for example_task_group to 2024-05-07 00:00:00+00:00, run_after=2024-05-08 00:00:00+00:00
[2024-05-08T14:23:13.114+0000] {processor.py:183} INFO - Processing /home/airflow/.local/lib/python3.12/site-packages/airflow/example_dags/example_task_group.py took 0.094 seconds
