[2024-05-08T13:47:53.281+0000] {processor.py:161} INFO - Started process (PID=80) to work on /home/airflow/.local/lib/python3.12/site-packages/airflow/example_dags/example_complex.py
[2024-05-08T13:47:53.283+0000] {processor.py:830} INFO - Processing file /home/airflow/.local/lib/python3.12/site-packages/airflow/example_dags/example_complex.py for tasks to queue
[2024-05-08T13:47:53.287+0000] {logging_mixin.py:188} INFO - [2024-05-08T13:47:53.286+0000] {dagbag.py:545} INFO - Filling up the DagBag from /home/airflow/.local/lib/python3.12/site-packages/airflow/example_dags/example_complex.py
[2024-05-08T13:47:53.315+0000] {processor.py:840} INFO - DAG(s) 'example_complex' retrieved from /home/airflow/.local/lib/python3.12/site-packages/airflow/example_dags/example_complex.py
[2024-05-08T13:47:53.396+0000] {logging_mixin.py:188} INFO - [2024-05-08T13:47:53.395+0000] {dag.py:3096} INFO - Sync 1 DAGs
[2024-05-08T13:47:53.437+0000] {logging_mixin.py:188} INFO - [2024-05-08T13:47:53.436+0000] {dag.py:3954} INFO - Setting next_dagrun for example_complex to None, run_after=None
[2024-05-08T13:47:53.497+0000] {processor.py:183} INFO - Processing /home/airflow/.local/lib/python3.12/site-packages/airflow/example_dags/example_complex.py took 0.228 seconds
[2024-05-08T13:48:23.553+0000] {processor.py:161} INFO - Started process (PID=140) to work on /home/airflow/.local/lib/python3.12/site-packages/airflow/example_dags/example_complex.py
[2024-05-08T13:48:23.555+0000] {processor.py:830} INFO - Processing file /home/airflow/.local/lib/python3.12/site-packages/airflow/example_dags/example_complex.py for tasks to queue
[2024-05-08T13:48:23.558+0000] {logging_mixin.py:188} INFO - [2024-05-08T13:48:23.557+0000] {dagbag.py:545} INFO - Filling up the DagBag from /home/airflow/.local/lib/python3.12/site-packages/airflow/example_dags/example_complex.py
[2024-05-08T13:48:23.571+0000] {processor.py:840} INFO - DAG(s) 'example_complex' retrieved from /home/airflow/.local/lib/python3.12/site-packages/airflow/example_dags/example_complex.py
[2024-05-08T13:48:23.607+0000] {logging_mixin.py:188} INFO - [2024-05-08T13:48:23.606+0000] {dag.py:3096} INFO - Sync 1 DAGs
[2024-05-08T13:48:23.623+0000] {logging_mixin.py:188} INFO - [2024-05-08T13:48:23.623+0000] {dag.py:3954} INFO - Setting next_dagrun for example_complex to None, run_after=None
[2024-05-08T13:48:23.646+0000] {processor.py:183} INFO - Processing /home/airflow/.local/lib/python3.12/site-packages/airflow/example_dags/example_complex.py took 0.099 seconds
[2024-05-08T13:48:53.862+0000] {processor.py:161} INFO - Started process (PID=200) to work on /home/airflow/.local/lib/python3.12/site-packages/airflow/example_dags/example_complex.py
[2024-05-08T13:48:53.864+0000] {processor.py:830} INFO - Processing file /home/airflow/.local/lib/python3.12/site-packages/airflow/example_dags/example_complex.py for tasks to queue
[2024-05-08T13:48:53.867+0000] {logging_mixin.py:188} INFO - [2024-05-08T13:48:53.867+0000] {dagbag.py:545} INFO - Filling up the DagBag from /home/airflow/.local/lib/python3.12/site-packages/airflow/example_dags/example_complex.py
[2024-05-08T13:48:53.880+0000] {processor.py:840} INFO - DAG(s) 'example_complex' retrieved from /home/airflow/.local/lib/python3.12/site-packages/airflow/example_dags/example_complex.py
[2024-05-08T13:48:53.924+0000] {logging_mixin.py:188} INFO - [2024-05-08T13:48:53.923+0000] {dag.py:3096} INFO - Sync 1 DAGs
[2024-05-08T13:48:53.939+0000] {logging_mixin.py:188} INFO - [2024-05-08T13:48:53.939+0000] {dag.py:3954} INFO - Setting next_dagrun for example_complex to None, run_after=None
[2024-05-08T13:48:53.969+0000] {processor.py:183} INFO - Processing /home/airflow/.local/lib/python3.12/site-packages/airflow/example_dags/example_complex.py took 0.115 seconds
[2024-05-08T13:49:24.396+0000] {processor.py:161} INFO - Started process (PID=260) to work on /home/airflow/.local/lib/python3.12/site-packages/airflow/example_dags/example_complex.py
[2024-05-08T13:49:24.397+0000] {processor.py:830} INFO - Processing file /home/airflow/.local/lib/python3.12/site-packages/airflow/example_dags/example_complex.py for tasks to queue
[2024-05-08T13:49:24.400+0000] {logging_mixin.py:188} INFO - [2024-05-08T13:49:24.400+0000] {dagbag.py:545} INFO - Filling up the DagBag from /home/airflow/.local/lib/python3.12/site-packages/airflow/example_dags/example_complex.py
[2024-05-08T13:49:24.414+0000] {processor.py:840} INFO - DAG(s) 'example_complex' retrieved from /home/airflow/.local/lib/python3.12/site-packages/airflow/example_dags/example_complex.py
[2024-05-08T13:49:24.452+0000] {logging_mixin.py:188} INFO - [2024-05-08T13:49:24.452+0000] {dag.py:3096} INFO - Sync 1 DAGs
[2024-05-08T13:49:24.474+0000] {logging_mixin.py:188} INFO - [2024-05-08T13:49:24.473+0000] {dag.py:3954} INFO - Setting next_dagrun for example_complex to None, run_after=None
[2024-05-08T13:49:24.500+0000] {processor.py:183} INFO - Processing /home/airflow/.local/lib/python3.12/site-packages/airflow/example_dags/example_complex.py took 0.111 seconds
[2024-05-08T13:49:54.967+0000] {processor.py:161} INFO - Started process (PID=320) to work on /home/airflow/.local/lib/python3.12/site-packages/airflow/example_dags/example_complex.py
[2024-05-08T13:49:54.969+0000] {processor.py:830} INFO - Processing file /home/airflow/.local/lib/python3.12/site-packages/airflow/example_dags/example_complex.py for tasks to queue
[2024-05-08T13:49:54.971+0000] {logging_mixin.py:188} INFO - [2024-05-08T13:49:54.971+0000] {dagbag.py:545} INFO - Filling up the DagBag from /home/airflow/.local/lib/python3.12/site-packages/airflow/example_dags/example_complex.py
[2024-05-08T13:49:54.984+0000] {processor.py:840} INFO - DAG(s) 'example_complex' retrieved from /home/airflow/.local/lib/python3.12/site-packages/airflow/example_dags/example_complex.py
[2024-05-08T13:49:55.018+0000] {logging_mixin.py:188} INFO - [2024-05-08T13:49:55.018+0000] {dag.py:3096} INFO - Sync 1 DAGs
[2024-05-08T13:49:55.032+0000] {logging_mixin.py:188} INFO - [2024-05-08T13:49:55.031+0000] {dag.py:3954} INFO - Setting next_dagrun for example_complex to None, run_after=None
[2024-05-08T13:49:55.053+0000] {processor.py:183} INFO - Processing /home/airflow/.local/lib/python3.12/site-packages/airflow/example_dags/example_complex.py took 0.092 seconds
[2024-05-08T13:50:25.949+0000] {processor.py:161} INFO - Started process (PID=380) to work on /home/airflow/.local/lib/python3.12/site-packages/airflow/example_dags/example_complex.py
[2024-05-08T13:50:25.951+0000] {processor.py:830} INFO - Processing file /home/airflow/.local/lib/python3.12/site-packages/airflow/example_dags/example_complex.py for tasks to queue
[2024-05-08T13:50:25.954+0000] {logging_mixin.py:188} INFO - [2024-05-08T13:50:25.954+0000] {dagbag.py:545} INFO - Filling up the DagBag from /home/airflow/.local/lib/python3.12/site-packages/airflow/example_dags/example_complex.py
[2024-05-08T13:50:25.967+0000] {processor.py:840} INFO - DAG(s) 'example_complex' retrieved from /home/airflow/.local/lib/python3.12/site-packages/airflow/example_dags/example_complex.py
[2024-05-08T13:50:26.011+0000] {logging_mixin.py:188} INFO - [2024-05-08T13:50:26.011+0000] {dag.py:3096} INFO - Sync 1 DAGs
[2024-05-08T13:50:26.028+0000] {logging_mixin.py:188} INFO - [2024-05-08T13:50:26.028+0000] {dag.py:3954} INFO - Setting next_dagrun for example_complex to None, run_after=None
[2024-05-08T13:50:26.053+0000] {processor.py:183} INFO - Processing /home/airflow/.local/lib/python3.12/site-packages/airflow/example_dags/example_complex.py took 0.111 seconds
[2024-05-08T13:50:56.266+0000] {processor.py:161} INFO - Started process (PID=440) to work on /home/airflow/.local/lib/python3.12/site-packages/airflow/example_dags/example_complex.py
[2024-05-08T13:50:56.267+0000] {processor.py:830} INFO - Processing file /home/airflow/.local/lib/python3.12/site-packages/airflow/example_dags/example_complex.py for tasks to queue
[2024-05-08T13:50:56.270+0000] {logging_mixin.py:188} INFO - [2024-05-08T13:50:56.269+0000] {dagbag.py:545} INFO - Filling up the DagBag from /home/airflow/.local/lib/python3.12/site-packages/airflow/example_dags/example_complex.py
[2024-05-08T13:50:56.282+0000] {processor.py:840} INFO - DAG(s) 'example_complex' retrieved from /home/airflow/.local/lib/python3.12/site-packages/airflow/example_dags/example_complex.py
[2024-05-08T13:50:56.323+0000] {logging_mixin.py:188} INFO - [2024-05-08T13:50:56.322+0000] {dag.py:3096} INFO - Sync 1 DAGs
[2024-05-08T13:50:56.341+0000] {logging_mixin.py:188} INFO - [2024-05-08T13:50:56.340+0000] {dag.py:3954} INFO - Setting next_dagrun for example_complex to None, run_after=None
[2024-05-08T13:50:56.383+0000] {processor.py:183} INFO - Processing /home/airflow/.local/lib/python3.12/site-packages/airflow/example_dags/example_complex.py took 0.125 seconds
[2024-05-08T13:51:26.864+0000] {processor.py:161} INFO - Started process (PID=500) to work on /home/airflow/.local/lib/python3.12/site-packages/airflow/example_dags/example_complex.py
[2024-05-08T13:51:26.865+0000] {processor.py:830} INFO - Processing file /home/airflow/.local/lib/python3.12/site-packages/airflow/example_dags/example_complex.py for tasks to queue
[2024-05-08T13:51:26.868+0000] {logging_mixin.py:188} INFO - [2024-05-08T13:51:26.868+0000] {dagbag.py:545} INFO - Filling up the DagBag from /home/airflow/.local/lib/python3.12/site-packages/airflow/example_dags/example_complex.py
[2024-05-08T13:51:26.880+0000] {processor.py:840} INFO - DAG(s) 'example_complex' retrieved from /home/airflow/.local/lib/python3.12/site-packages/airflow/example_dags/example_complex.py
[2024-05-08T13:51:26.916+0000] {logging_mixin.py:188} INFO - [2024-05-08T13:51:26.916+0000] {dag.py:3096} INFO - Sync 1 DAGs
[2024-05-08T13:51:26.932+0000] {logging_mixin.py:188} INFO - [2024-05-08T13:51:26.932+0000] {dag.py:3954} INFO - Setting next_dagrun for example_complex to None, run_after=None
[2024-05-08T13:51:26.959+0000] {processor.py:183} INFO - Processing /home/airflow/.local/lib/python3.12/site-packages/airflow/example_dags/example_complex.py took 0.102 seconds
[2024-05-08T13:51:57.627+0000] {processor.py:161} INFO - Started process (PID=560) to work on /home/airflow/.local/lib/python3.12/site-packages/airflow/example_dags/example_complex.py
[2024-05-08T13:51:57.629+0000] {processor.py:830} INFO - Processing file /home/airflow/.local/lib/python3.12/site-packages/airflow/example_dags/example_complex.py for tasks to queue
[2024-05-08T13:51:57.631+0000] {logging_mixin.py:188} INFO - [2024-05-08T13:51:57.631+0000] {dagbag.py:545} INFO - Filling up the DagBag from /home/airflow/.local/lib/python3.12/site-packages/airflow/example_dags/example_complex.py
[2024-05-08T13:51:57.643+0000] {processor.py:840} INFO - DAG(s) 'example_complex' retrieved from /home/airflow/.local/lib/python3.12/site-packages/airflow/example_dags/example_complex.py
[2024-05-08T13:51:57.686+0000] {logging_mixin.py:188} INFO - [2024-05-08T13:51:57.685+0000] {dag.py:3096} INFO - Sync 1 DAGs
[2024-05-08T13:51:57.701+0000] {logging_mixin.py:188} INFO - [2024-05-08T13:51:57.701+0000] {dag.py:3954} INFO - Setting next_dagrun for example_complex to None, run_after=None
[2024-05-08T13:51:57.726+0000] {processor.py:183} INFO - Processing /home/airflow/.local/lib/python3.12/site-packages/airflow/example_dags/example_complex.py took 0.107 seconds
[2024-05-08T13:52:28.431+0000] {processor.py:161} INFO - Started process (PID=620) to work on /home/airflow/.local/lib/python3.12/site-packages/airflow/example_dags/example_complex.py
[2024-05-08T13:52:28.432+0000] {processor.py:830} INFO - Processing file /home/airflow/.local/lib/python3.12/site-packages/airflow/example_dags/example_complex.py for tasks to queue
[2024-05-08T13:52:28.435+0000] {logging_mixin.py:188} INFO - [2024-05-08T13:52:28.434+0000] {dagbag.py:545} INFO - Filling up the DagBag from /home/airflow/.local/lib/python3.12/site-packages/airflow/example_dags/example_complex.py
[2024-05-08T13:52:28.446+0000] {processor.py:840} INFO - DAG(s) 'example_complex' retrieved from /home/airflow/.local/lib/python3.12/site-packages/airflow/example_dags/example_complex.py
[2024-05-08T13:52:28.486+0000] {logging_mixin.py:188} INFO - [2024-05-08T13:52:28.485+0000] {dag.py:3096} INFO - Sync 1 DAGs
[2024-05-08T13:52:28.500+0000] {logging_mixin.py:188} INFO - [2024-05-08T13:52:28.500+0000] {dag.py:3954} INFO - Setting next_dagrun for example_complex to None, run_after=None
[2024-05-08T13:52:28.525+0000] {processor.py:183} INFO - Processing /home/airflow/.local/lib/python3.12/site-packages/airflow/example_dags/example_complex.py took 0.101 seconds
[2024-05-08T13:52:59.175+0000] {processor.py:161} INFO - Started process (PID=680) to work on /home/airflow/.local/lib/python3.12/site-packages/airflow/example_dags/example_complex.py
[2024-05-08T13:52:59.176+0000] {processor.py:830} INFO - Processing file /home/airflow/.local/lib/python3.12/site-packages/airflow/example_dags/example_complex.py for tasks to queue
[2024-05-08T13:52:59.179+0000] {logging_mixin.py:188} INFO - [2024-05-08T13:52:59.179+0000] {dagbag.py:545} INFO - Filling up the DagBag from /home/airflow/.local/lib/python3.12/site-packages/airflow/example_dags/example_complex.py
[2024-05-08T13:52:59.191+0000] {processor.py:840} INFO - DAG(s) 'example_complex' retrieved from /home/airflow/.local/lib/python3.12/site-packages/airflow/example_dags/example_complex.py
[2024-05-08T13:52:59.385+0000] {logging_mixin.py:188} INFO - [2024-05-08T13:52:59.380+0000] {dag.py:3096} INFO - Sync 1 DAGs
[2024-05-08T13:52:59.496+0000] {logging_mixin.py:188} INFO - [2024-05-08T13:52:59.496+0000] {dag.py:3954} INFO - Setting next_dagrun for example_complex to None, run_after=None
[2024-05-08T13:52:59.556+0000] {processor.py:183} INFO - Processing /home/airflow/.local/lib/python3.12/site-packages/airflow/example_dags/example_complex.py took 0.389 seconds
[2024-05-08T13:53:29.648+0000] {processor.py:161} INFO - Started process (PID=739) to work on /home/airflow/.local/lib/python3.12/site-packages/airflow/example_dags/example_complex.py
[2024-05-08T13:53:29.649+0000] {processor.py:830} INFO - Processing file /home/airflow/.local/lib/python3.12/site-packages/airflow/example_dags/example_complex.py for tasks to queue
[2024-05-08T13:53:29.652+0000] {logging_mixin.py:188} INFO - [2024-05-08T13:53:29.652+0000] {dagbag.py:545} INFO - Filling up the DagBag from /home/airflow/.local/lib/python3.12/site-packages/airflow/example_dags/example_complex.py
[2024-05-08T13:53:29.668+0000] {processor.py:840} INFO - DAG(s) 'example_complex' retrieved from /home/airflow/.local/lib/python3.12/site-packages/airflow/example_dags/example_complex.py
[2024-05-08T13:53:29.708+0000] {logging_mixin.py:188} INFO - [2024-05-08T13:53:29.708+0000] {dag.py:3096} INFO - Sync 1 DAGs
[2024-05-08T13:53:29.724+0000] {logging_mixin.py:188} INFO - [2024-05-08T13:53:29.723+0000] {dag.py:3954} INFO - Setting next_dagrun for example_complex to None, run_after=None
[2024-05-08T13:53:29.749+0000] {processor.py:183} INFO - Processing /home/airflow/.local/lib/python3.12/site-packages/airflow/example_dags/example_complex.py took 0.110 seconds
[2024-05-08T13:54:02.077+0000] {processor.py:161} INFO - Started process (PID=799) to work on /home/airflow/.local/lib/python3.12/site-packages/airflow/example_dags/example_complex.py
[2024-05-08T13:54:02.078+0000] {processor.py:830} INFO - Processing file /home/airflow/.local/lib/python3.12/site-packages/airflow/example_dags/example_complex.py for tasks to queue
[2024-05-08T13:54:02.081+0000] {logging_mixin.py:188} INFO - [2024-05-08T13:54:02.080+0000] {dagbag.py:545} INFO - Filling up the DagBag from /home/airflow/.local/lib/python3.12/site-packages/airflow/example_dags/example_complex.py
[2024-05-08T13:54:02.099+0000] {processor.py:840} INFO - DAG(s) 'example_complex' retrieved from /home/airflow/.local/lib/python3.12/site-packages/airflow/example_dags/example_complex.py
[2024-05-08T13:54:02.148+0000] {logging_mixin.py:188} INFO - [2024-05-08T13:54:02.147+0000] {dag.py:3096} INFO - Sync 1 DAGs
[2024-05-08T13:54:02.179+0000] {logging_mixin.py:188} INFO - [2024-05-08T13:54:02.179+0000] {dag.py:3954} INFO - Setting next_dagrun for example_complex to None, run_after=None
[2024-05-08T13:54:02.264+0000] {processor.py:183} INFO - Processing /home/airflow/.local/lib/python3.12/site-packages/airflow/example_dags/example_complex.py took 0.195 seconds
[2024-05-08T13:54:32.679+0000] {processor.py:161} INFO - Started process (PID=859) to work on /home/airflow/.local/lib/python3.12/site-packages/airflow/example_dags/example_complex.py
[2024-05-08T13:54:32.681+0000] {processor.py:830} INFO - Processing file /home/airflow/.local/lib/python3.12/site-packages/airflow/example_dags/example_complex.py for tasks to queue
[2024-05-08T13:54:32.683+0000] {logging_mixin.py:188} INFO - [2024-05-08T13:54:32.683+0000] {dagbag.py:545} INFO - Filling up the DagBag from /home/airflow/.local/lib/python3.12/site-packages/airflow/example_dags/example_complex.py
[2024-05-08T13:54:32.694+0000] {processor.py:840} INFO - DAG(s) 'example_complex' retrieved from /home/airflow/.local/lib/python3.12/site-packages/airflow/example_dags/example_complex.py
[2024-05-08T13:54:32.737+0000] {logging_mixin.py:188} INFO - [2024-05-08T13:54:32.736+0000] {dag.py:3096} INFO - Sync 1 DAGs
[2024-05-08T13:54:32.754+0000] {logging_mixin.py:188} INFO - [2024-05-08T13:54:32.753+0000] {dag.py:3954} INFO - Setting next_dagrun for example_complex to None, run_after=None
[2024-05-08T13:54:32.781+0000] {processor.py:183} INFO - Processing /home/airflow/.local/lib/python3.12/site-packages/airflow/example_dags/example_complex.py took 0.108 seconds
[2024-05-08T13:55:03.133+0000] {processor.py:161} INFO - Started process (PID=919) to work on /home/airflow/.local/lib/python3.12/site-packages/airflow/example_dags/example_complex.py
[2024-05-08T13:55:03.135+0000] {processor.py:830} INFO - Processing file /home/airflow/.local/lib/python3.12/site-packages/airflow/example_dags/example_complex.py for tasks to queue
[2024-05-08T13:55:03.138+0000] {logging_mixin.py:188} INFO - [2024-05-08T13:55:03.137+0000] {dagbag.py:545} INFO - Filling up the DagBag from /home/airflow/.local/lib/python3.12/site-packages/airflow/example_dags/example_complex.py
[2024-05-08T13:55:03.151+0000] {processor.py:840} INFO - DAG(s) 'example_complex' retrieved from /home/airflow/.local/lib/python3.12/site-packages/airflow/example_dags/example_complex.py
[2024-05-08T13:55:03.189+0000] {logging_mixin.py:188} INFO - [2024-05-08T13:55:03.189+0000] {dag.py:3096} INFO - Sync 1 DAGs
[2024-05-08T13:55:03.205+0000] {logging_mixin.py:188} INFO - [2024-05-08T13:55:03.205+0000] {dag.py:3954} INFO - Setting next_dagrun for example_complex to None, run_after=None
[2024-05-08T13:55:03.230+0000] {processor.py:183} INFO - Processing /home/airflow/.local/lib/python3.12/site-packages/airflow/example_dags/example_complex.py took 0.104 seconds
[2024-05-08T13:55:34.603+0000] {processor.py:161} INFO - Started process (PID=979) to work on /home/airflow/.local/lib/python3.12/site-packages/airflow/example_dags/example_complex.py
[2024-05-08T13:55:34.605+0000] {processor.py:830} INFO - Processing file /home/airflow/.local/lib/python3.12/site-packages/airflow/example_dags/example_complex.py for tasks to queue
[2024-05-08T13:55:34.608+0000] {logging_mixin.py:188} INFO - [2024-05-08T13:55:34.608+0000] {dagbag.py:545} INFO - Filling up the DagBag from /home/airflow/.local/lib/python3.12/site-packages/airflow/example_dags/example_complex.py
[2024-05-08T13:55:34.621+0000] {processor.py:840} INFO - DAG(s) 'example_complex' retrieved from /home/airflow/.local/lib/python3.12/site-packages/airflow/example_dags/example_complex.py
[2024-05-08T13:55:34.662+0000] {logging_mixin.py:188} INFO - [2024-05-08T13:55:34.662+0000] {dag.py:3096} INFO - Sync 1 DAGs
[2024-05-08T13:55:34.677+0000] {logging_mixin.py:188} INFO - [2024-05-08T13:55:34.677+0000] {dag.py:3954} INFO - Setting next_dagrun for example_complex to None, run_after=None
[2024-05-08T13:55:34.701+0000] {processor.py:183} INFO - Processing /home/airflow/.local/lib/python3.12/site-packages/airflow/example_dags/example_complex.py took 0.108 seconds
[2024-05-08T13:56:05.130+0000] {processor.py:161} INFO - Started process (PID=1039) to work on /home/airflow/.local/lib/python3.12/site-packages/airflow/example_dags/example_complex.py
[2024-05-08T13:56:05.131+0000] {processor.py:830} INFO - Processing file /home/airflow/.local/lib/python3.12/site-packages/airflow/example_dags/example_complex.py for tasks to queue
[2024-05-08T13:56:05.134+0000] {logging_mixin.py:188} INFO - [2024-05-08T13:56:05.134+0000] {dagbag.py:545} INFO - Filling up the DagBag from /home/airflow/.local/lib/python3.12/site-packages/airflow/example_dags/example_complex.py
[2024-05-08T13:56:05.146+0000] {processor.py:840} INFO - DAG(s) 'example_complex' retrieved from /home/airflow/.local/lib/python3.12/site-packages/airflow/example_dags/example_complex.py
[2024-05-08T13:56:05.183+0000] {logging_mixin.py:188} INFO - [2024-05-08T13:56:05.183+0000] {dag.py:3096} INFO - Sync 1 DAGs
[2024-05-08T13:56:05.197+0000] {logging_mixin.py:188} INFO - [2024-05-08T13:56:05.197+0000] {dag.py:3954} INFO - Setting next_dagrun for example_complex to None, run_after=None
[2024-05-08T13:56:05.222+0000] {processor.py:183} INFO - Processing /home/airflow/.local/lib/python3.12/site-packages/airflow/example_dags/example_complex.py took 0.099 seconds
[2024-05-08T13:56:36.080+0000] {processor.py:161} INFO - Started process (PID=1100) to work on /home/airflow/.local/lib/python3.12/site-packages/airflow/example_dags/example_complex.py
[2024-05-08T13:56:36.081+0000] {processor.py:830} INFO - Processing file /home/airflow/.local/lib/python3.12/site-packages/airflow/example_dags/example_complex.py for tasks to queue
[2024-05-08T13:56:36.084+0000] {logging_mixin.py:188} INFO - [2024-05-08T13:56:36.083+0000] {dagbag.py:545} INFO - Filling up the DagBag from /home/airflow/.local/lib/python3.12/site-packages/airflow/example_dags/example_complex.py
[2024-05-08T13:56:36.097+0000] {processor.py:840} INFO - DAG(s) 'example_complex' retrieved from /home/airflow/.local/lib/python3.12/site-packages/airflow/example_dags/example_complex.py
[2024-05-08T13:56:36.156+0000] {logging_mixin.py:188} INFO - [2024-05-08T13:56:36.156+0000] {dag.py:3096} INFO - Sync 1 DAGs
[2024-05-08T13:56:36.178+0000] {logging_mixin.py:188} INFO - [2024-05-08T13:56:36.177+0000] {dag.py:3954} INFO - Setting next_dagrun for example_complex to None, run_after=None
[2024-05-08T13:56:36.202+0000] {processor.py:183} INFO - Processing /home/airflow/.local/lib/python3.12/site-packages/airflow/example_dags/example_complex.py took 0.130 seconds
[2024-05-08T13:57:07.275+0000] {processor.py:161} INFO - Started process (PID=1160) to work on /home/airflow/.local/lib/python3.12/site-packages/airflow/example_dags/example_complex.py
[2024-05-08T13:57:07.276+0000] {processor.py:830} INFO - Processing file /home/airflow/.local/lib/python3.12/site-packages/airflow/example_dags/example_complex.py for tasks to queue
[2024-05-08T13:57:07.280+0000] {logging_mixin.py:188} INFO - [2024-05-08T13:57:07.279+0000] {dagbag.py:545} INFO - Filling up the DagBag from /home/airflow/.local/lib/python3.12/site-packages/airflow/example_dags/example_complex.py
[2024-05-08T13:57:07.293+0000] {processor.py:840} INFO - DAG(s) 'example_complex' retrieved from /home/airflow/.local/lib/python3.12/site-packages/airflow/example_dags/example_complex.py
[2024-05-08T13:57:07.334+0000] {logging_mixin.py:188} INFO - [2024-05-08T13:57:07.333+0000] {dag.py:3096} INFO - Sync 1 DAGs
[2024-05-08T13:57:07.348+0000] {logging_mixin.py:188} INFO - [2024-05-08T13:57:07.348+0000] {dag.py:3954} INFO - Setting next_dagrun for example_complex to None, run_after=None
[2024-05-08T13:57:07.373+0000] {processor.py:183} INFO - Processing /home/airflow/.local/lib/python3.12/site-packages/airflow/example_dags/example_complex.py took 0.105 seconds
[2024-05-08T13:57:38.015+0000] {processor.py:161} INFO - Started process (PID=1220) to work on /home/airflow/.local/lib/python3.12/site-packages/airflow/example_dags/example_complex.py
[2024-05-08T13:57:38.016+0000] {processor.py:830} INFO - Processing file /home/airflow/.local/lib/python3.12/site-packages/airflow/example_dags/example_complex.py for tasks to queue
[2024-05-08T13:57:38.020+0000] {logging_mixin.py:188} INFO - [2024-05-08T13:57:38.020+0000] {dagbag.py:545} INFO - Filling up the DagBag from /home/airflow/.local/lib/python3.12/site-packages/airflow/example_dags/example_complex.py
[2024-05-08T13:57:38.035+0000] {processor.py:840} INFO - DAG(s) 'example_complex' retrieved from /home/airflow/.local/lib/python3.12/site-packages/airflow/example_dags/example_complex.py
[2024-05-08T13:57:38.237+0000] {logging_mixin.py:188} INFO - [2024-05-08T13:57:38.236+0000] {dag.py:3096} INFO - Sync 1 DAGs
[2024-05-08T13:57:38.253+0000] {logging_mixin.py:188} INFO - [2024-05-08T13:57:38.253+0000] {dag.py:3954} INFO - Setting next_dagrun for example_complex to None, run_after=None
[2024-05-08T13:57:38.278+0000] {processor.py:183} INFO - Processing /home/airflow/.local/lib/python3.12/site-packages/airflow/example_dags/example_complex.py took 0.274 seconds
[2024-05-08T13:58:08.613+0000] {processor.py:161} INFO - Started process (PID=1280) to work on /home/airflow/.local/lib/python3.12/site-packages/airflow/example_dags/example_complex.py
[2024-05-08T13:58:08.614+0000] {processor.py:830} INFO - Processing file /home/airflow/.local/lib/python3.12/site-packages/airflow/example_dags/example_complex.py for tasks to queue
[2024-05-08T13:58:08.617+0000] {logging_mixin.py:188} INFO - [2024-05-08T13:58:08.616+0000] {dagbag.py:545} INFO - Filling up the DagBag from /home/airflow/.local/lib/python3.12/site-packages/airflow/example_dags/example_complex.py
[2024-05-08T13:58:08.629+0000] {processor.py:840} INFO - DAG(s) 'example_complex' retrieved from /home/airflow/.local/lib/python3.12/site-packages/airflow/example_dags/example_complex.py
[2024-05-08T13:58:08.668+0000] {logging_mixin.py:188} INFO - [2024-05-08T13:58:08.668+0000] {dag.py:3096} INFO - Sync 1 DAGs
[2024-05-08T13:58:08.686+0000] {logging_mixin.py:188} INFO - [2024-05-08T13:58:08.685+0000] {dag.py:3954} INFO - Setting next_dagrun for example_complex to None, run_after=None
[2024-05-08T13:58:08.714+0000] {processor.py:183} INFO - Processing /home/airflow/.local/lib/python3.12/site-packages/airflow/example_dags/example_complex.py took 0.109 seconds
[2024-05-08T13:58:39.431+0000] {processor.py:161} INFO - Started process (PID=1340) to work on /home/airflow/.local/lib/python3.12/site-packages/airflow/example_dags/example_complex.py
[2024-05-08T13:58:39.450+0000] {processor.py:830} INFO - Processing file /home/airflow/.local/lib/python3.12/site-packages/airflow/example_dags/example_complex.py for tasks to queue
[2024-05-08T13:58:39.470+0000] {logging_mixin.py:188} INFO - [2024-05-08T13:58:39.470+0000] {dagbag.py:545} INFO - Filling up the DagBag from /home/airflow/.local/lib/python3.12/site-packages/airflow/example_dags/example_complex.py
[2024-05-08T13:58:39.502+0000] {processor.py:840} INFO - DAG(s) 'example_complex' retrieved from /home/airflow/.local/lib/python3.12/site-packages/airflow/example_dags/example_complex.py
[2024-05-08T13:58:39.566+0000] {logging_mixin.py:188} INFO - [2024-05-08T13:58:39.566+0000] {dag.py:3096} INFO - Sync 1 DAGs
[2024-05-08T13:58:39.582+0000] {logging_mixin.py:188} INFO - [2024-05-08T13:58:39.582+0000] {dag.py:3954} INFO - Setting next_dagrun for example_complex to None, run_after=None
[2024-05-08T13:58:39.607+0000] {processor.py:183} INFO - Processing /home/airflow/.local/lib/python3.12/site-packages/airflow/example_dags/example_complex.py took 0.184 seconds
[2024-05-08T13:59:11.257+0000] {processor.py:161} INFO - Started process (PID=1400) to work on /home/airflow/.local/lib/python3.12/site-packages/airflow/example_dags/example_complex.py
[2024-05-08T13:59:11.259+0000] {processor.py:830} INFO - Processing file /home/airflow/.local/lib/python3.12/site-packages/airflow/example_dags/example_complex.py for tasks to queue
[2024-05-08T13:59:11.262+0000] {logging_mixin.py:188} INFO - [2024-05-08T13:59:11.262+0000] {dagbag.py:545} INFO - Filling up the DagBag from /home/airflow/.local/lib/python3.12/site-packages/airflow/example_dags/example_complex.py
[2024-05-08T13:59:11.276+0000] {processor.py:840} INFO - DAG(s) 'example_complex' retrieved from /home/airflow/.local/lib/python3.12/site-packages/airflow/example_dags/example_complex.py
[2024-05-08T13:59:11.322+0000] {logging_mixin.py:188} INFO - [2024-05-08T13:59:11.322+0000] {dag.py:3096} INFO - Sync 1 DAGs
[2024-05-08T13:59:11.492+0000] {logging_mixin.py:188} INFO - [2024-05-08T13:59:11.492+0000] {dag.py:3954} INFO - Setting next_dagrun for example_complex to None, run_after=None
[2024-05-08T13:59:11.519+0000] {processor.py:183} INFO - Processing /home/airflow/.local/lib/python3.12/site-packages/airflow/example_dags/example_complex.py took 0.270 seconds
[2024-05-08T13:59:41.578+0000] {processor.py:161} INFO - Started process (PID=1460) to work on /home/airflow/.local/lib/python3.12/site-packages/airflow/example_dags/example_complex.py
[2024-05-08T13:59:41.579+0000] {processor.py:830} INFO - Processing file /home/airflow/.local/lib/python3.12/site-packages/airflow/example_dags/example_complex.py for tasks to queue
[2024-05-08T13:59:41.582+0000] {logging_mixin.py:188} INFO - [2024-05-08T13:59:41.581+0000] {dagbag.py:545} INFO - Filling up the DagBag from /home/airflow/.local/lib/python3.12/site-packages/airflow/example_dags/example_complex.py
[2024-05-08T13:59:41.599+0000] {processor.py:840} INFO - DAG(s) 'example_complex' retrieved from /home/airflow/.local/lib/python3.12/site-packages/airflow/example_dags/example_complex.py
[2024-05-08T13:59:41.636+0000] {logging_mixin.py:188} INFO - [2024-05-08T13:59:41.635+0000] {dag.py:3096} INFO - Sync 1 DAGs
[2024-05-08T13:59:41.651+0000] {logging_mixin.py:188} INFO - [2024-05-08T13:59:41.650+0000] {dag.py:3954} INFO - Setting next_dagrun for example_complex to None, run_after=None
[2024-05-08T13:59:41.797+0000] {processor.py:183} INFO - Processing /home/airflow/.local/lib/python3.12/site-packages/airflow/example_dags/example_complex.py took 0.225 seconds
[2024-05-08T14:00:12.053+0000] {processor.py:161} INFO - Started process (PID=1520) to work on /home/airflow/.local/lib/python3.12/site-packages/airflow/example_dags/example_complex.py
[2024-05-08T14:00:12.054+0000] {processor.py:830} INFO - Processing file /home/airflow/.local/lib/python3.12/site-packages/airflow/example_dags/example_complex.py for tasks to queue
[2024-05-08T14:00:12.058+0000] {logging_mixin.py:188} INFO - [2024-05-08T14:00:12.057+0000] {dagbag.py:545} INFO - Filling up the DagBag from /home/airflow/.local/lib/python3.12/site-packages/airflow/example_dags/example_complex.py
[2024-05-08T14:00:12.070+0000] {processor.py:840} INFO - DAG(s) 'example_complex' retrieved from /home/airflow/.local/lib/python3.12/site-packages/airflow/example_dags/example_complex.py
[2024-05-08T14:00:12.108+0000] {logging_mixin.py:188} INFO - [2024-05-08T14:00:12.107+0000] {dag.py:3096} INFO - Sync 1 DAGs
[2024-05-08T14:00:12.128+0000] {logging_mixin.py:188} INFO - [2024-05-08T14:00:12.127+0000] {dag.py:3954} INFO - Setting next_dagrun for example_complex to None, run_after=None
[2024-05-08T14:00:12.155+0000] {processor.py:183} INFO - Processing /home/airflow/.local/lib/python3.12/site-packages/airflow/example_dags/example_complex.py took 0.110 seconds
[2024-05-08T14:00:43.940+0000] {processor.py:161} INFO - Started process (PID=1580) to work on /home/airflow/.local/lib/python3.12/site-packages/airflow/example_dags/example_complex.py
[2024-05-08T14:00:43.942+0000] {processor.py:830} INFO - Processing file /home/airflow/.local/lib/python3.12/site-packages/airflow/example_dags/example_complex.py for tasks to queue
[2024-05-08T14:00:43.946+0000] {logging_mixin.py:188} INFO - [2024-05-08T14:00:43.945+0000] {dagbag.py:545} INFO - Filling up the DagBag from /home/airflow/.local/lib/python3.12/site-packages/airflow/example_dags/example_complex.py
[2024-05-08T14:00:43.964+0000] {processor.py:840} INFO - DAG(s) 'example_complex' retrieved from /home/airflow/.local/lib/python3.12/site-packages/airflow/example_dags/example_complex.py
[2024-05-08T14:00:44.013+0000] {logging_mixin.py:188} INFO - [2024-05-08T14:00:44.013+0000] {dag.py:3096} INFO - Sync 1 DAGs
[2024-05-08T14:00:44.029+0000] {logging_mixin.py:188} INFO - [2024-05-08T14:00:44.029+0000] {dag.py:3954} INFO - Setting next_dagrun for example_complex to None, run_after=None
[2024-05-08T14:00:44.055+0000] {processor.py:183} INFO - Processing /home/airflow/.local/lib/python3.12/site-packages/airflow/example_dags/example_complex.py took 0.127 seconds
[2024-05-08T14:01:14.555+0000] {processor.py:161} INFO - Started process (PID=1639) to work on /home/airflow/.local/lib/python3.12/site-packages/airflow/example_dags/example_complex.py
[2024-05-08T14:01:14.557+0000] {processor.py:830} INFO - Processing file /home/airflow/.local/lib/python3.12/site-packages/airflow/example_dags/example_complex.py for tasks to queue
[2024-05-08T14:01:14.560+0000] {logging_mixin.py:188} INFO - [2024-05-08T14:01:14.560+0000] {dagbag.py:545} INFO - Filling up the DagBag from /home/airflow/.local/lib/python3.12/site-packages/airflow/example_dags/example_complex.py
[2024-05-08T14:01:14.581+0000] {processor.py:840} INFO - DAG(s) 'example_complex' retrieved from /home/airflow/.local/lib/python3.12/site-packages/airflow/example_dags/example_complex.py
[2024-05-08T14:01:14.632+0000] {logging_mixin.py:188} INFO - [2024-05-08T14:01:14.632+0000] {dag.py:3096} INFO - Sync 1 DAGs
[2024-05-08T14:01:14.647+0000] {logging_mixin.py:188} INFO - [2024-05-08T14:01:14.647+0000] {dag.py:3954} INFO - Setting next_dagrun for example_complex to None, run_after=None
[2024-05-08T14:01:14.672+0000] {processor.py:183} INFO - Processing /home/airflow/.local/lib/python3.12/site-packages/airflow/example_dags/example_complex.py took 0.124 seconds
[2024-05-08T14:01:46.220+0000] {processor.py:161} INFO - Started process (PID=1699) to work on /home/airflow/.local/lib/python3.12/site-packages/airflow/example_dags/example_complex.py
[2024-05-08T14:01:46.222+0000] {processor.py:830} INFO - Processing file /home/airflow/.local/lib/python3.12/site-packages/airflow/example_dags/example_complex.py for tasks to queue
[2024-05-08T14:01:46.258+0000] {logging_mixin.py:188} INFO - [2024-05-08T14:01:46.257+0000] {dagbag.py:545} INFO - Filling up the DagBag from /home/airflow/.local/lib/python3.12/site-packages/airflow/example_dags/example_complex.py
[2024-05-08T14:01:46.277+0000] {processor.py:840} INFO - DAG(s) 'example_complex' retrieved from /home/airflow/.local/lib/python3.12/site-packages/airflow/example_dags/example_complex.py
[2024-05-08T14:01:46.378+0000] {logging_mixin.py:188} INFO - [2024-05-08T14:01:46.378+0000] {dag.py:3096} INFO - Sync 1 DAGs
[2024-05-08T14:01:46.422+0000] {logging_mixin.py:188} INFO - [2024-05-08T14:01:46.421+0000] {dag.py:3954} INFO - Setting next_dagrun for example_complex to None, run_after=None
[2024-05-08T14:01:46.479+0000] {processor.py:183} INFO - Processing /home/airflow/.local/lib/python3.12/site-packages/airflow/example_dags/example_complex.py took 0.272 seconds
[2024-05-08T14:02:16.644+0000] {processor.py:161} INFO - Started process (PID=1758) to work on /home/airflow/.local/lib/python3.12/site-packages/airflow/example_dags/example_complex.py
[2024-05-08T14:02:16.645+0000] {processor.py:830} INFO - Processing file /home/airflow/.local/lib/python3.12/site-packages/airflow/example_dags/example_complex.py for tasks to queue
[2024-05-08T14:02:16.648+0000] {logging_mixin.py:188} INFO - [2024-05-08T14:02:16.647+0000] {dagbag.py:545} INFO - Filling up the DagBag from /home/airflow/.local/lib/python3.12/site-packages/airflow/example_dags/example_complex.py
[2024-05-08T14:02:16.659+0000] {processor.py:840} INFO - DAG(s) 'example_complex' retrieved from /home/airflow/.local/lib/python3.12/site-packages/airflow/example_dags/example_complex.py
[2024-05-08T14:02:16.695+0000] {logging_mixin.py:188} INFO - [2024-05-08T14:02:16.695+0000] {dag.py:3096} INFO - Sync 1 DAGs
[2024-05-08T14:02:16.710+0000] {logging_mixin.py:188} INFO - [2024-05-08T14:02:16.710+0000] {dag.py:3954} INFO - Setting next_dagrun for example_complex to None, run_after=None
[2024-05-08T14:02:16.735+0000] {processor.py:183} INFO - Processing /home/airflow/.local/lib/python3.12/site-packages/airflow/example_dags/example_complex.py took 0.099 seconds
[2024-05-08T14:02:47.156+0000] {processor.py:161} INFO - Started process (PID=1818) to work on /home/airflow/.local/lib/python3.12/site-packages/airflow/example_dags/example_complex.py
[2024-05-08T14:02:47.157+0000] {processor.py:830} INFO - Processing file /home/airflow/.local/lib/python3.12/site-packages/airflow/example_dags/example_complex.py for tasks to queue
[2024-05-08T14:02:47.161+0000] {logging_mixin.py:188} INFO - [2024-05-08T14:02:47.160+0000] {dagbag.py:545} INFO - Filling up the DagBag from /home/airflow/.local/lib/python3.12/site-packages/airflow/example_dags/example_complex.py
[2024-05-08T14:02:47.175+0000] {processor.py:840} INFO - DAG(s) 'example_complex' retrieved from /home/airflow/.local/lib/python3.12/site-packages/airflow/example_dags/example_complex.py
[2024-05-08T14:02:47.211+0000] {logging_mixin.py:188} INFO - [2024-05-08T14:02:47.210+0000] {dag.py:3096} INFO - Sync 1 DAGs
[2024-05-08T14:02:47.226+0000] {logging_mixin.py:188} INFO - [2024-05-08T14:02:47.226+0000] {dag.py:3954} INFO - Setting next_dagrun for example_complex to None, run_after=None
[2024-05-08T14:02:47.252+0000] {processor.py:183} INFO - Processing /home/airflow/.local/lib/python3.12/site-packages/airflow/example_dags/example_complex.py took 0.103 seconds
[2024-05-08T14:03:20.160+0000] {processor.py:161} INFO - Started process (PID=1878) to work on /home/airflow/.local/lib/python3.12/site-packages/airflow/example_dags/example_complex.py
[2024-05-08T14:03:20.161+0000] {processor.py:830} INFO - Processing file /home/airflow/.local/lib/python3.12/site-packages/airflow/example_dags/example_complex.py for tasks to queue
[2024-05-08T14:03:20.164+0000] {logging_mixin.py:188} INFO - [2024-05-08T14:03:20.163+0000] {dagbag.py:545} INFO - Filling up the DagBag from /home/airflow/.local/lib/python3.12/site-packages/airflow/example_dags/example_complex.py
[2024-05-08T14:03:20.178+0000] {processor.py:840} INFO - DAG(s) 'example_complex' retrieved from /home/airflow/.local/lib/python3.12/site-packages/airflow/example_dags/example_complex.py
[2024-05-08T14:03:20.229+0000] {logging_mixin.py:188} INFO - [2024-05-08T14:03:20.228+0000] {dag.py:3096} INFO - Sync 1 DAGs
[2024-05-08T14:03:20.247+0000] {logging_mixin.py:188} INFO - [2024-05-08T14:03:20.247+0000] {dag.py:3954} INFO - Setting next_dagrun for example_complex to None, run_after=None
[2024-05-08T14:03:20.281+0000] {processor.py:183} INFO - Processing /home/airflow/.local/lib/python3.12/site-packages/airflow/example_dags/example_complex.py took 0.132 seconds
[2024-05-08T14:03:50.799+0000] {processor.py:161} INFO - Started process (PID=1937) to work on /home/airflow/.local/lib/python3.12/site-packages/airflow/example_dags/example_complex.py
[2024-05-08T14:03:50.801+0000] {processor.py:830} INFO - Processing file /home/airflow/.local/lib/python3.12/site-packages/airflow/example_dags/example_complex.py for tasks to queue
[2024-05-08T14:03:50.803+0000] {logging_mixin.py:188} INFO - [2024-05-08T14:03:50.803+0000] {dagbag.py:545} INFO - Filling up the DagBag from /home/airflow/.local/lib/python3.12/site-packages/airflow/example_dags/example_complex.py
[2024-05-08T14:03:50.814+0000] {processor.py:840} INFO - DAG(s) 'example_complex' retrieved from /home/airflow/.local/lib/python3.12/site-packages/airflow/example_dags/example_complex.py
[2024-05-08T14:03:50.850+0000] {logging_mixin.py:188} INFO - [2024-05-08T14:03:50.850+0000] {dag.py:3096} INFO - Sync 1 DAGs
[2024-05-08T14:03:50.865+0000] {logging_mixin.py:188} INFO - [2024-05-08T14:03:50.864+0000] {dag.py:3954} INFO - Setting next_dagrun for example_complex to None, run_after=None
[2024-05-08T14:03:50.889+0000] {processor.py:183} INFO - Processing /home/airflow/.local/lib/python3.12/site-packages/airflow/example_dags/example_complex.py took 0.096 seconds
[2024-05-08T14:04:21.660+0000] {processor.py:161} INFO - Started process (PID=2003) to work on /home/airflow/.local/lib/python3.12/site-packages/airflow/example_dags/example_complex.py
[2024-05-08T14:04:21.661+0000] {processor.py:830} INFO - Processing file /home/airflow/.local/lib/python3.12/site-packages/airflow/example_dags/example_complex.py for tasks to queue
[2024-05-08T14:04:21.663+0000] {logging_mixin.py:188} INFO - [2024-05-08T14:04:21.663+0000] {dagbag.py:545} INFO - Filling up the DagBag from /home/airflow/.local/lib/python3.12/site-packages/airflow/example_dags/example_complex.py
[2024-05-08T14:04:21.676+0000] {processor.py:840} INFO - DAG(s) 'example_complex' retrieved from /home/airflow/.local/lib/python3.12/site-packages/airflow/example_dags/example_complex.py
[2024-05-08T14:04:21.714+0000] {logging_mixin.py:188} INFO - [2024-05-08T14:04:21.714+0000] {dag.py:3096} INFO - Sync 1 DAGs
[2024-05-08T14:04:21.730+0000] {logging_mixin.py:188} INFO - [2024-05-08T14:04:21.729+0000] {dag.py:3954} INFO - Setting next_dagrun for example_complex to None, run_after=None
[2024-05-08T14:04:21.754+0000] {processor.py:183} INFO - Processing /home/airflow/.local/lib/python3.12/site-packages/airflow/example_dags/example_complex.py took 0.101 seconds
[2024-05-08T14:04:51.921+0000] {processor.py:161} INFO - Started process (PID=2063) to work on /home/airflow/.local/lib/python3.12/site-packages/airflow/example_dags/example_complex.py
[2024-05-08T14:04:51.923+0000] {processor.py:830} INFO - Processing file /home/airflow/.local/lib/python3.12/site-packages/airflow/example_dags/example_complex.py for tasks to queue
[2024-05-08T14:04:51.927+0000] {logging_mixin.py:188} INFO - [2024-05-08T14:04:51.926+0000] {dagbag.py:545} INFO - Filling up the DagBag from /home/airflow/.local/lib/python3.12/site-packages/airflow/example_dags/example_complex.py
[2024-05-08T14:04:51.942+0000] {processor.py:840} INFO - DAG(s) 'example_complex' retrieved from /home/airflow/.local/lib/python3.12/site-packages/airflow/example_dags/example_complex.py
[2024-05-08T14:04:51.987+0000] {logging_mixin.py:188} INFO - [2024-05-08T14:04:51.987+0000] {dag.py:3096} INFO - Sync 1 DAGs
[2024-05-08T14:04:52.004+0000] {logging_mixin.py:188} INFO - [2024-05-08T14:04:52.004+0000] {dag.py:3954} INFO - Setting next_dagrun for example_complex to None, run_after=None
[2024-05-08T14:04:52.034+0000] {processor.py:183} INFO - Processing /home/airflow/.local/lib/python3.12/site-packages/airflow/example_dags/example_complex.py took 0.121 seconds
[2024-05-08T14:05:23.856+0000] {processor.py:161} INFO - Started process (PID=2122) to work on /home/airflow/.local/lib/python3.12/site-packages/airflow/example_dags/example_complex.py
[2024-05-08T14:05:23.858+0000] {processor.py:830} INFO - Processing file /home/airflow/.local/lib/python3.12/site-packages/airflow/example_dags/example_complex.py for tasks to queue
[2024-05-08T14:05:23.861+0000] {logging_mixin.py:188} INFO - [2024-05-08T14:05:23.861+0000] {dagbag.py:545} INFO - Filling up the DagBag from /home/airflow/.local/lib/python3.12/site-packages/airflow/example_dags/example_complex.py
[2024-05-08T14:05:23.880+0000] {processor.py:840} INFO - DAG(s) 'example_complex' retrieved from /home/airflow/.local/lib/python3.12/site-packages/airflow/example_dags/example_complex.py
[2024-05-08T14:05:23.930+0000] {logging_mixin.py:188} INFO - [2024-05-08T14:05:23.929+0000] {dag.py:3096} INFO - Sync 1 DAGs
[2024-05-08T14:05:23.948+0000] {logging_mixin.py:188} INFO - [2024-05-08T14:05:23.948+0000] {dag.py:3954} INFO - Setting next_dagrun for example_complex to None, run_after=None
[2024-05-08T14:05:23.982+0000] {processor.py:183} INFO - Processing /home/airflow/.local/lib/python3.12/site-packages/airflow/example_dags/example_complex.py took 0.134 seconds
[2024-05-08T14:05:54.203+0000] {processor.py:161} INFO - Started process (PID=2182) to work on /home/airflow/.local/lib/python3.12/site-packages/airflow/example_dags/example_complex.py
[2024-05-08T14:05:54.204+0000] {processor.py:830} INFO - Processing file /home/airflow/.local/lib/python3.12/site-packages/airflow/example_dags/example_complex.py for tasks to queue
[2024-05-08T14:05:54.207+0000] {logging_mixin.py:188} INFO - [2024-05-08T14:05:54.206+0000] {dagbag.py:545} INFO - Filling up the DagBag from /home/airflow/.local/lib/python3.12/site-packages/airflow/example_dags/example_complex.py
[2024-05-08T14:05:54.224+0000] {processor.py:840} INFO - DAG(s) 'example_complex' retrieved from /home/airflow/.local/lib/python3.12/site-packages/airflow/example_dags/example_complex.py
[2024-05-08T14:05:54.260+0000] {logging_mixin.py:188} INFO - [2024-05-08T14:05:54.259+0000] {dag.py:3096} INFO - Sync 1 DAGs
[2024-05-08T14:05:54.281+0000] {logging_mixin.py:188} INFO - [2024-05-08T14:05:54.281+0000] {dag.py:3954} INFO - Setting next_dagrun for example_complex to None, run_after=None
[2024-05-08T14:05:54.304+0000] {processor.py:183} INFO - Processing /home/airflow/.local/lib/python3.12/site-packages/airflow/example_dags/example_complex.py took 0.108 seconds
[2024-05-08T14:06:24.642+0000] {processor.py:161} INFO - Started process (PID=2242) to work on /home/airflow/.local/lib/python3.12/site-packages/airflow/example_dags/example_complex.py
[2024-05-08T14:06:24.648+0000] {processor.py:830} INFO - Processing file /home/airflow/.local/lib/python3.12/site-packages/airflow/example_dags/example_complex.py for tasks to queue
[2024-05-08T14:06:24.650+0000] {logging_mixin.py:188} INFO - [2024-05-08T14:06:24.650+0000] {dagbag.py:545} INFO - Filling up the DagBag from /home/airflow/.local/lib/python3.12/site-packages/airflow/example_dags/example_complex.py
[2024-05-08T14:06:24.668+0000] {processor.py:840} INFO - DAG(s) 'example_complex' retrieved from /home/airflow/.local/lib/python3.12/site-packages/airflow/example_dags/example_complex.py
[2024-05-08T14:06:24.722+0000] {logging_mixin.py:188} INFO - [2024-05-08T14:06:24.722+0000] {dag.py:3096} INFO - Sync 1 DAGs
[2024-05-08T14:06:24.740+0000] {logging_mixin.py:188} INFO - [2024-05-08T14:06:24.740+0000] {dag.py:3954} INFO - Setting next_dagrun for example_complex to None, run_after=None
[2024-05-08T14:06:24.775+0000] {processor.py:183} INFO - Processing /home/airflow/.local/lib/python3.12/site-packages/airflow/example_dags/example_complex.py took 0.141 seconds
[2024-05-08T14:06:54.873+0000] {processor.py:161} INFO - Started process (PID=2302) to work on /home/airflow/.local/lib/python3.12/site-packages/airflow/example_dags/example_complex.py
[2024-05-08T14:06:54.875+0000] {processor.py:830} INFO - Processing file /home/airflow/.local/lib/python3.12/site-packages/airflow/example_dags/example_complex.py for tasks to queue
[2024-05-08T14:06:54.879+0000] {logging_mixin.py:188} INFO - [2024-05-08T14:06:54.878+0000] {dagbag.py:545} INFO - Filling up the DagBag from /home/airflow/.local/lib/python3.12/site-packages/airflow/example_dags/example_complex.py
[2024-05-08T14:06:54.893+0000] {processor.py:840} INFO - DAG(s) 'example_complex' retrieved from /home/airflow/.local/lib/python3.12/site-packages/airflow/example_dags/example_complex.py
[2024-05-08T14:06:54.942+0000] {logging_mixin.py:188} INFO - [2024-05-08T14:06:54.942+0000] {dag.py:3096} INFO - Sync 1 DAGs
[2024-05-08T14:06:54.961+0000] {logging_mixin.py:188} INFO - [2024-05-08T14:06:54.960+0000] {dag.py:3954} INFO - Setting next_dagrun for example_complex to None, run_after=None
[2024-05-08T14:06:54.999+0000] {processor.py:183} INFO - Processing /home/airflow/.local/lib/python3.12/site-packages/airflow/example_dags/example_complex.py took 0.136 seconds
[2024-05-08T14:07:25.870+0000] {processor.py:161} INFO - Started process (PID=2362) to work on /home/airflow/.local/lib/python3.12/site-packages/airflow/example_dags/example_complex.py
[2024-05-08T14:07:25.872+0000] {processor.py:830} INFO - Processing file /home/airflow/.local/lib/python3.12/site-packages/airflow/example_dags/example_complex.py for tasks to queue
[2024-05-08T14:07:25.876+0000] {logging_mixin.py:188} INFO - [2024-05-08T14:07:25.875+0000] {dagbag.py:545} INFO - Filling up the DagBag from /home/airflow/.local/lib/python3.12/site-packages/airflow/example_dags/example_complex.py
[2024-05-08T14:07:25.890+0000] {processor.py:840} INFO - DAG(s) 'example_complex' retrieved from /home/airflow/.local/lib/python3.12/site-packages/airflow/example_dags/example_complex.py
[2024-05-08T14:07:25.933+0000] {logging_mixin.py:188} INFO - [2024-05-08T14:07:25.932+0000] {dag.py:3096} INFO - Sync 1 DAGs
[2024-05-08T14:07:25.950+0000] {logging_mixin.py:188} INFO - [2024-05-08T14:07:25.950+0000] {dag.py:3954} INFO - Setting next_dagrun for example_complex to None, run_after=None
[2024-05-08T14:07:25.980+0000] {processor.py:183} INFO - Processing /home/airflow/.local/lib/python3.12/site-packages/airflow/example_dags/example_complex.py took 0.121 seconds
[2024-05-08T14:07:56.755+0000] {processor.py:161} INFO - Started process (PID=2422) to work on /home/airflow/.local/lib/python3.12/site-packages/airflow/example_dags/example_complex.py
[2024-05-08T14:07:56.757+0000] {processor.py:830} INFO - Processing file /home/airflow/.local/lib/python3.12/site-packages/airflow/example_dags/example_complex.py for tasks to queue
[2024-05-08T14:07:56.760+0000] {logging_mixin.py:188} INFO - [2024-05-08T14:07:56.760+0000] {dagbag.py:545} INFO - Filling up the DagBag from /home/airflow/.local/lib/python3.12/site-packages/airflow/example_dags/example_complex.py
[2024-05-08T14:07:56.778+0000] {processor.py:840} INFO - DAG(s) 'example_complex' retrieved from /home/airflow/.local/lib/python3.12/site-packages/airflow/example_dags/example_complex.py
[2024-05-08T14:07:56.817+0000] {logging_mixin.py:188} INFO - [2024-05-08T14:07:56.817+0000] {dag.py:3096} INFO - Sync 1 DAGs
[2024-05-08T14:07:56.833+0000] {logging_mixin.py:188} INFO - [2024-05-08T14:07:56.833+0000] {dag.py:3954} INFO - Setting next_dagrun for example_complex to None, run_after=None
[2024-05-08T14:07:56.858+0000] {processor.py:183} INFO - Processing /home/airflow/.local/lib/python3.12/site-packages/airflow/example_dags/example_complex.py took 0.110 seconds
[2024-05-08T14:08:27.088+0000] {processor.py:161} INFO - Started process (PID=2482) to work on /home/airflow/.local/lib/python3.12/site-packages/airflow/example_dags/example_complex.py
[2024-05-08T14:08:27.089+0000] {processor.py:830} INFO - Processing file /home/airflow/.local/lib/python3.12/site-packages/airflow/example_dags/example_complex.py for tasks to queue
[2024-05-08T14:08:27.092+0000] {logging_mixin.py:188} INFO - [2024-05-08T14:08:27.092+0000] {dagbag.py:545} INFO - Filling up the DagBag from /home/airflow/.local/lib/python3.12/site-packages/airflow/example_dags/example_complex.py
[2024-05-08T14:08:27.108+0000] {processor.py:840} INFO - DAG(s) 'example_complex' retrieved from /home/airflow/.local/lib/python3.12/site-packages/airflow/example_dags/example_complex.py
[2024-05-08T14:08:27.168+0000] {logging_mixin.py:188} INFO - [2024-05-08T14:08:27.167+0000] {dag.py:3096} INFO - Sync 1 DAGs
[2024-05-08T14:08:27.193+0000] {logging_mixin.py:188} INFO - [2024-05-08T14:08:27.193+0000] {dag.py:3954} INFO - Setting next_dagrun for example_complex to None, run_after=None
[2024-05-08T14:08:27.226+0000] {processor.py:183} INFO - Processing /home/airflow/.local/lib/python3.12/site-packages/airflow/example_dags/example_complex.py took 0.145 seconds
[2024-05-08T14:08:57.384+0000] {processor.py:161} INFO - Started process (PID=2542) to work on /home/airflow/.local/lib/python3.12/site-packages/airflow/example_dags/example_complex.py
[2024-05-08T14:08:57.385+0000] {processor.py:830} INFO - Processing file /home/airflow/.local/lib/python3.12/site-packages/airflow/example_dags/example_complex.py for tasks to queue
[2024-05-08T14:08:57.388+0000] {logging_mixin.py:188} INFO - [2024-05-08T14:08:57.387+0000] {dagbag.py:545} INFO - Filling up the DagBag from /home/airflow/.local/lib/python3.12/site-packages/airflow/example_dags/example_complex.py
[2024-05-08T14:08:57.402+0000] {processor.py:840} INFO - DAG(s) 'example_complex' retrieved from /home/airflow/.local/lib/python3.12/site-packages/airflow/example_dags/example_complex.py
[2024-05-08T14:08:57.455+0000] {logging_mixin.py:188} INFO - [2024-05-08T14:08:57.454+0000] {dag.py:3096} INFO - Sync 1 DAGs
[2024-05-08T14:08:57.478+0000] {logging_mixin.py:188} INFO - [2024-05-08T14:08:57.477+0000] {dag.py:3954} INFO - Setting next_dagrun for example_complex to None, run_after=None
[2024-05-08T14:08:57.512+0000] {processor.py:183} INFO - Processing /home/airflow/.local/lib/python3.12/site-packages/airflow/example_dags/example_complex.py took 0.140 seconds
[2024-05-08T14:09:27.958+0000] {processor.py:161} INFO - Started process (PID=2602) to work on /home/airflow/.local/lib/python3.12/site-packages/airflow/example_dags/example_complex.py
[2024-05-08T14:09:27.960+0000] {processor.py:830} INFO - Processing file /home/airflow/.local/lib/python3.12/site-packages/airflow/example_dags/example_complex.py for tasks to queue
[2024-05-08T14:09:27.963+0000] {logging_mixin.py:188} INFO - [2024-05-08T14:09:27.962+0000] {dagbag.py:545} INFO - Filling up the DagBag from /home/airflow/.local/lib/python3.12/site-packages/airflow/example_dags/example_complex.py
[2024-05-08T14:09:27.986+0000] {processor.py:840} INFO - DAG(s) 'example_complex' retrieved from /home/airflow/.local/lib/python3.12/site-packages/airflow/example_dags/example_complex.py
[2024-05-08T14:09:28.045+0000] {logging_mixin.py:188} INFO - [2024-05-08T14:09:28.045+0000] {dag.py:3096} INFO - Sync 1 DAGs
[2024-05-08T14:09:28.065+0000] {logging_mixin.py:188} INFO - [2024-05-08T14:09:28.065+0000] {dag.py:3954} INFO - Setting next_dagrun for example_complex to None, run_after=None
[2024-05-08T14:09:28.095+0000] {processor.py:183} INFO - Processing /home/airflow/.local/lib/python3.12/site-packages/airflow/example_dags/example_complex.py took 0.147 seconds
[2024-05-08T14:09:58.308+0000] {processor.py:161} INFO - Started process (PID=2662) to work on /home/airflow/.local/lib/python3.12/site-packages/airflow/example_dags/example_complex.py
[2024-05-08T14:09:58.310+0000] {processor.py:830} INFO - Processing file /home/airflow/.local/lib/python3.12/site-packages/airflow/example_dags/example_complex.py for tasks to queue
[2024-05-08T14:09:58.313+0000] {logging_mixin.py:188} INFO - [2024-05-08T14:09:58.312+0000] {dagbag.py:545} INFO - Filling up the DagBag from /home/airflow/.local/lib/python3.12/site-packages/airflow/example_dags/example_complex.py
[2024-05-08T14:09:58.328+0000] {processor.py:840} INFO - DAG(s) 'example_complex' retrieved from /home/airflow/.local/lib/python3.12/site-packages/airflow/example_dags/example_complex.py
[2024-05-08T14:09:58.372+0000] {logging_mixin.py:188} INFO - [2024-05-08T14:09:58.372+0000] {dag.py:3096} INFO - Sync 1 DAGs
[2024-05-08T14:09:58.388+0000] {logging_mixin.py:188} INFO - [2024-05-08T14:09:58.388+0000] {dag.py:3954} INFO - Setting next_dagrun for example_complex to None, run_after=None
[2024-05-08T14:09:58.413+0000] {processor.py:183} INFO - Processing /home/airflow/.local/lib/python3.12/site-packages/airflow/example_dags/example_complex.py took 0.112 seconds
[2024-05-08T14:10:29.864+0000] {processor.py:161} INFO - Started process (PID=2722) to work on /home/airflow/.local/lib/python3.12/site-packages/airflow/example_dags/example_complex.py
[2024-05-08T14:10:29.880+0000] {processor.py:830} INFO - Processing file /home/airflow/.local/lib/python3.12/site-packages/airflow/example_dags/example_complex.py for tasks to queue
[2024-05-08T14:10:29.892+0000] {logging_mixin.py:188} INFO - [2024-05-08T14:10:29.891+0000] {dagbag.py:545} INFO - Filling up the DagBag from /home/airflow/.local/lib/python3.12/site-packages/airflow/example_dags/example_complex.py
[2024-05-08T14:10:29.921+0000] {processor.py:840} INFO - DAG(s) 'example_complex' retrieved from /home/airflow/.local/lib/python3.12/site-packages/airflow/example_dags/example_complex.py
[2024-05-08T14:10:29.972+0000] {logging_mixin.py:188} INFO - [2024-05-08T14:10:29.972+0000] {dag.py:3096} INFO - Sync 1 DAGs
[2024-05-08T14:10:29.995+0000] {logging_mixin.py:188} INFO - [2024-05-08T14:10:29.994+0000] {dag.py:3954} INFO - Setting next_dagrun for example_complex to None, run_after=None
[2024-05-08T14:10:30.025+0000] {processor.py:183} INFO - Processing /home/airflow/.local/lib/python3.12/site-packages/airflow/example_dags/example_complex.py took 0.172 seconds
[2024-05-08T14:11:00.298+0000] {processor.py:161} INFO - Started process (PID=2782) to work on /home/airflow/.local/lib/python3.12/site-packages/airflow/example_dags/example_complex.py
[2024-05-08T14:11:00.299+0000] {processor.py:830} INFO - Processing file /home/airflow/.local/lib/python3.12/site-packages/airflow/example_dags/example_complex.py for tasks to queue
[2024-05-08T14:11:00.302+0000] {logging_mixin.py:188} INFO - [2024-05-08T14:11:00.302+0000] {dagbag.py:545} INFO - Filling up the DagBag from /home/airflow/.local/lib/python3.12/site-packages/airflow/example_dags/example_complex.py
[2024-05-08T14:11:00.321+0000] {processor.py:840} INFO - DAG(s) 'example_complex' retrieved from /home/airflow/.local/lib/python3.12/site-packages/airflow/example_dags/example_complex.py
[2024-05-08T14:11:00.367+0000] {logging_mixin.py:188} INFO - [2024-05-08T14:11:00.367+0000] {dag.py:3096} INFO - Sync 1 DAGs
[2024-05-08T14:11:00.387+0000] {logging_mixin.py:188} INFO - [2024-05-08T14:11:00.387+0000] {dag.py:3954} INFO - Setting next_dagrun for example_complex to None, run_after=None
[2024-05-08T14:11:00.418+0000] {processor.py:183} INFO - Processing /home/airflow/.local/lib/python3.12/site-packages/airflow/example_dags/example_complex.py took 0.129 seconds
[2024-05-08T14:11:32.178+0000] {processor.py:161} INFO - Started process (PID=2842) to work on /home/airflow/.local/lib/python3.12/site-packages/airflow/example_dags/example_complex.py
[2024-05-08T14:11:32.179+0000] {processor.py:830} INFO - Processing file /home/airflow/.local/lib/python3.12/site-packages/airflow/example_dags/example_complex.py for tasks to queue
[2024-05-08T14:11:32.182+0000] {logging_mixin.py:188} INFO - [2024-05-08T14:11:32.182+0000] {dagbag.py:545} INFO - Filling up the DagBag from /home/airflow/.local/lib/python3.12/site-packages/airflow/example_dags/example_complex.py
[2024-05-08T14:11:32.196+0000] {processor.py:840} INFO - DAG(s) 'example_complex' retrieved from /home/airflow/.local/lib/python3.12/site-packages/airflow/example_dags/example_complex.py
[2024-05-08T14:11:32.236+0000] {logging_mixin.py:188} INFO - [2024-05-08T14:11:32.236+0000] {dag.py:3096} INFO - Sync 1 DAGs
[2024-05-08T14:11:32.252+0000] {logging_mixin.py:188} INFO - [2024-05-08T14:11:32.252+0000] {dag.py:3954} INFO - Setting next_dagrun for example_complex to None, run_after=None
[2024-05-08T14:11:32.283+0000] {processor.py:183} INFO - Processing /home/airflow/.local/lib/python3.12/site-packages/airflow/example_dags/example_complex.py took 0.115 seconds
[2024-05-08T14:12:02.788+0000] {processor.py:161} INFO - Started process (PID=2902) to work on /home/airflow/.local/lib/python3.12/site-packages/airflow/example_dags/example_complex.py
[2024-05-08T14:12:02.790+0000] {processor.py:830} INFO - Processing file /home/airflow/.local/lib/python3.12/site-packages/airflow/example_dags/example_complex.py for tasks to queue
[2024-05-08T14:12:02.793+0000] {logging_mixin.py:188} INFO - [2024-05-08T14:12:02.793+0000] {dagbag.py:545} INFO - Filling up the DagBag from /home/airflow/.local/lib/python3.12/site-packages/airflow/example_dags/example_complex.py
[2024-05-08T14:12:02.804+0000] {processor.py:840} INFO - DAG(s) 'example_complex' retrieved from /home/airflow/.local/lib/python3.12/site-packages/airflow/example_dags/example_complex.py
[2024-05-08T14:12:02.990+0000] {logging_mixin.py:188} INFO - [2024-05-08T14:12:02.989+0000] {dag.py:3096} INFO - Sync 1 DAGs
[2024-05-08T14:12:03.026+0000] {logging_mixin.py:188} INFO - [2024-05-08T14:12:03.026+0000] {dag.py:3954} INFO - Setting next_dagrun for example_complex to None, run_after=None
[2024-05-08T14:12:03.058+0000] {processor.py:183} INFO - Processing /home/airflow/.local/lib/python3.12/site-packages/airflow/example_dags/example_complex.py took 0.278 seconds
[2024-05-08T14:12:33.445+0000] {processor.py:161} INFO - Started process (PID=2962) to work on /home/airflow/.local/lib/python3.12/site-packages/airflow/example_dags/example_complex.py
[2024-05-08T14:12:33.447+0000] {processor.py:830} INFO - Processing file /home/airflow/.local/lib/python3.12/site-packages/airflow/example_dags/example_complex.py for tasks to queue
[2024-05-08T14:12:33.449+0000] {logging_mixin.py:188} INFO - [2024-05-08T14:12:33.449+0000] {dagbag.py:545} INFO - Filling up the DagBag from /home/airflow/.local/lib/python3.12/site-packages/airflow/example_dags/example_complex.py
[2024-05-08T14:12:33.460+0000] {processor.py:840} INFO - DAG(s) 'example_complex' retrieved from /home/airflow/.local/lib/python3.12/site-packages/airflow/example_dags/example_complex.py
[2024-05-08T14:12:33.497+0000] {logging_mixin.py:188} INFO - [2024-05-08T14:12:33.496+0000] {dag.py:3096} INFO - Sync 1 DAGs
[2024-05-08T14:12:33.512+0000] {logging_mixin.py:188} INFO - [2024-05-08T14:12:33.512+0000] {dag.py:3954} INFO - Setting next_dagrun for example_complex to None, run_after=None
[2024-05-08T14:12:33.538+0000] {processor.py:183} INFO - Processing /home/airflow/.local/lib/python3.12/site-packages/airflow/example_dags/example_complex.py took 0.099 seconds
[2024-05-08T14:13:04.511+0000] {processor.py:161} INFO - Started process (PID=3022) to work on /home/airflow/.local/lib/python3.12/site-packages/airflow/example_dags/example_complex.py
[2024-05-08T14:13:04.512+0000] {processor.py:830} INFO - Processing file /home/airflow/.local/lib/python3.12/site-packages/airflow/example_dags/example_complex.py for tasks to queue
[2024-05-08T14:13:04.514+0000] {logging_mixin.py:188} INFO - [2024-05-08T14:13:04.514+0000] {dagbag.py:545} INFO - Filling up the DagBag from /home/airflow/.local/lib/python3.12/site-packages/airflow/example_dags/example_complex.py
[2024-05-08T14:13:04.528+0000] {processor.py:840} INFO - DAG(s) 'example_complex' retrieved from /home/airflow/.local/lib/python3.12/site-packages/airflow/example_dags/example_complex.py
[2024-05-08T14:13:04.566+0000] {logging_mixin.py:188} INFO - [2024-05-08T14:13:04.566+0000] {dag.py:3096} INFO - Sync 1 DAGs
[2024-05-08T14:13:04.582+0000] {logging_mixin.py:188} INFO - [2024-05-08T14:13:04.581+0000] {dag.py:3954} INFO - Setting next_dagrun for example_complex to None, run_after=None
[2024-05-08T14:13:04.610+0000] {processor.py:183} INFO - Processing /home/airflow/.local/lib/python3.12/site-packages/airflow/example_dags/example_complex.py took 0.107 seconds
[2024-05-08T14:13:34.805+0000] {processor.py:161} INFO - Started process (PID=3082) to work on /home/airflow/.local/lib/python3.12/site-packages/airflow/example_dags/example_complex.py
[2024-05-08T14:13:34.806+0000] {processor.py:830} INFO - Processing file /home/airflow/.local/lib/python3.12/site-packages/airflow/example_dags/example_complex.py for tasks to queue
[2024-05-08T14:13:34.809+0000] {logging_mixin.py:188} INFO - [2024-05-08T14:13:34.809+0000] {dagbag.py:545} INFO - Filling up the DagBag from /home/airflow/.local/lib/python3.12/site-packages/airflow/example_dags/example_complex.py
[2024-05-08T14:13:34.823+0000] {processor.py:840} INFO - DAG(s) 'example_complex' retrieved from /home/airflow/.local/lib/python3.12/site-packages/airflow/example_dags/example_complex.py
[2024-05-08T14:13:34.859+0000] {logging_mixin.py:188} INFO - [2024-05-08T14:13:34.859+0000] {dag.py:3096} INFO - Sync 1 DAGs
[2024-05-08T14:13:34.874+0000] {logging_mixin.py:188} INFO - [2024-05-08T14:13:34.874+0000] {dag.py:3954} INFO - Setting next_dagrun for example_complex to None, run_after=None
[2024-05-08T14:13:34.898+0000] {processor.py:183} INFO - Processing /home/airflow/.local/lib/python3.12/site-packages/airflow/example_dags/example_complex.py took 0.101 seconds
[2024-05-08T14:14:05.025+0000] {processor.py:161} INFO - Started process (PID=3142) to work on /home/airflow/.local/lib/python3.12/site-packages/airflow/example_dags/example_complex.py
[2024-05-08T14:14:05.026+0000] {processor.py:830} INFO - Processing file /home/airflow/.local/lib/python3.12/site-packages/airflow/example_dags/example_complex.py for tasks to queue
[2024-05-08T14:14:05.029+0000] {logging_mixin.py:188} INFO - [2024-05-08T14:14:05.028+0000] {dagbag.py:545} INFO - Filling up the DagBag from /home/airflow/.local/lib/python3.12/site-packages/airflow/example_dags/example_complex.py
[2024-05-08T14:14:05.040+0000] {processor.py:840} INFO - DAG(s) 'example_complex' retrieved from /home/airflow/.local/lib/python3.12/site-packages/airflow/example_dags/example_complex.py
[2024-05-08T14:14:05.075+0000] {logging_mixin.py:188} INFO - [2024-05-08T14:14:05.075+0000] {dag.py:3096} INFO - Sync 1 DAGs
[2024-05-08T14:14:05.090+0000] {logging_mixin.py:188} INFO - [2024-05-08T14:14:05.090+0000] {dag.py:3954} INFO - Setting next_dagrun for example_complex to None, run_after=None
[2024-05-08T14:14:05.117+0000] {processor.py:183} INFO - Processing /home/airflow/.local/lib/python3.12/site-packages/airflow/example_dags/example_complex.py took 0.099 seconds
[2024-05-08T14:14:35.979+0000] {processor.py:161} INFO - Started process (PID=3202) to work on /home/airflow/.local/lib/python3.12/site-packages/airflow/example_dags/example_complex.py
[2024-05-08T14:14:35.980+0000] {processor.py:830} INFO - Processing file /home/airflow/.local/lib/python3.12/site-packages/airflow/example_dags/example_complex.py for tasks to queue
[2024-05-08T14:14:35.983+0000] {logging_mixin.py:188} INFO - [2024-05-08T14:14:35.983+0000] {dagbag.py:545} INFO - Filling up the DagBag from /home/airflow/.local/lib/python3.12/site-packages/airflow/example_dags/example_complex.py
[2024-05-08T14:14:35.994+0000] {processor.py:840} INFO - DAG(s) 'example_complex' retrieved from /home/airflow/.local/lib/python3.12/site-packages/airflow/example_dags/example_complex.py
[2024-05-08T14:14:36.032+0000] {logging_mixin.py:188} INFO - [2024-05-08T14:14:36.032+0000] {dag.py:3096} INFO - Sync 1 DAGs
[2024-05-08T14:14:36.046+0000] {logging_mixin.py:188} INFO - [2024-05-08T14:14:36.045+0000] {dag.py:3954} INFO - Setting next_dagrun for example_complex to None, run_after=None
[2024-05-08T14:14:36.070+0000] {processor.py:183} INFO - Processing /home/airflow/.local/lib/python3.12/site-packages/airflow/example_dags/example_complex.py took 0.098 seconds
[2024-05-08T14:15:06.744+0000] {processor.py:161} INFO - Started process (PID=3262) to work on /home/airflow/.local/lib/python3.12/site-packages/airflow/example_dags/example_complex.py
[2024-05-08T14:15:06.746+0000] {processor.py:830} INFO - Processing file /home/airflow/.local/lib/python3.12/site-packages/airflow/example_dags/example_complex.py for tasks to queue
[2024-05-08T14:15:06.750+0000] {logging_mixin.py:188} INFO - [2024-05-08T14:15:06.750+0000] {dagbag.py:545} INFO - Filling up the DagBag from /home/airflow/.local/lib/python3.12/site-packages/airflow/example_dags/example_complex.py
[2024-05-08T14:15:06.777+0000] {processor.py:840} INFO - DAG(s) 'example_complex' retrieved from /home/airflow/.local/lib/python3.12/site-packages/airflow/example_dags/example_complex.py
[2024-05-08T14:15:06.847+0000] {logging_mixin.py:188} INFO - [2024-05-08T14:15:06.847+0000] {dag.py:3096} INFO - Sync 1 DAGs
[2024-05-08T14:15:06.872+0000] {logging_mixin.py:188} INFO - [2024-05-08T14:15:06.871+0000] {dag.py:3954} INFO - Setting next_dagrun for example_complex to None, run_after=None
[2024-05-08T14:15:06.910+0000] {processor.py:183} INFO - Processing /home/airflow/.local/lib/python3.12/site-packages/airflow/example_dags/example_complex.py took 0.177 seconds
[2024-05-08T14:15:37.923+0000] {processor.py:161} INFO - Started process (PID=3322) to work on /home/airflow/.local/lib/python3.12/site-packages/airflow/example_dags/example_complex.py
[2024-05-08T14:15:37.926+0000] {processor.py:830} INFO - Processing file /home/airflow/.local/lib/python3.12/site-packages/airflow/example_dags/example_complex.py for tasks to queue
[2024-05-08T14:15:37.929+0000] {logging_mixin.py:188} INFO - [2024-05-08T14:15:37.929+0000] {dagbag.py:545} INFO - Filling up the DagBag from /home/airflow/.local/lib/python3.12/site-packages/airflow/example_dags/example_complex.py
[2024-05-08T14:15:37.943+0000] {processor.py:840} INFO - DAG(s) 'example_complex' retrieved from /home/airflow/.local/lib/python3.12/site-packages/airflow/example_dags/example_complex.py
[2024-05-08T14:15:37.998+0000] {logging_mixin.py:188} INFO - [2024-05-08T14:15:37.998+0000] {dag.py:3096} INFO - Sync 1 DAGs
[2024-05-08T14:15:38.017+0000] {logging_mixin.py:188} INFO - [2024-05-08T14:15:38.017+0000] {dag.py:3954} INFO - Setting next_dagrun for example_complex to None, run_after=None
[2024-05-08T14:15:38.046+0000] {processor.py:183} INFO - Processing /home/airflow/.local/lib/python3.12/site-packages/airflow/example_dags/example_complex.py took 0.130 seconds
[2024-05-08T14:16:08.124+0000] {processor.py:161} INFO - Started process (PID=3382) to work on /home/airflow/.local/lib/python3.12/site-packages/airflow/example_dags/example_complex.py
[2024-05-08T14:16:08.125+0000] {processor.py:830} INFO - Processing file /home/airflow/.local/lib/python3.12/site-packages/airflow/example_dags/example_complex.py for tasks to queue
[2024-05-08T14:16:08.128+0000] {logging_mixin.py:188} INFO - [2024-05-08T14:16:08.128+0000] {dagbag.py:545} INFO - Filling up the DagBag from /home/airflow/.local/lib/python3.12/site-packages/airflow/example_dags/example_complex.py
[2024-05-08T14:16:08.140+0000] {processor.py:840} INFO - DAG(s) 'example_complex' retrieved from /home/airflow/.local/lib/python3.12/site-packages/airflow/example_dags/example_complex.py
[2024-05-08T14:16:08.176+0000] {logging_mixin.py:188} INFO - [2024-05-08T14:16:08.175+0000] {dag.py:3096} INFO - Sync 1 DAGs
[2024-05-08T14:16:08.192+0000] {logging_mixin.py:188} INFO - [2024-05-08T14:16:08.192+0000] {dag.py:3954} INFO - Setting next_dagrun for example_complex to None, run_after=None
[2024-05-08T14:16:08.219+0000] {processor.py:183} INFO - Processing /home/airflow/.local/lib/python3.12/site-packages/airflow/example_dags/example_complex.py took 0.102 seconds
[2024-05-08T14:16:41.104+0000] {processor.py:161} INFO - Started process (PID=3442) to work on /home/airflow/.local/lib/python3.12/site-packages/airflow/example_dags/example_complex.py
[2024-05-08T14:16:41.105+0000] {processor.py:830} INFO - Processing file /home/airflow/.local/lib/python3.12/site-packages/airflow/example_dags/example_complex.py for tasks to queue
[2024-05-08T14:16:41.108+0000] {logging_mixin.py:188} INFO - [2024-05-08T14:16:41.108+0000] {dagbag.py:545} INFO - Filling up the DagBag from /home/airflow/.local/lib/python3.12/site-packages/airflow/example_dags/example_complex.py
[2024-05-08T14:16:41.123+0000] {processor.py:840} INFO - DAG(s) 'example_complex' retrieved from /home/airflow/.local/lib/python3.12/site-packages/airflow/example_dags/example_complex.py
[2024-05-08T14:16:41.167+0000] {logging_mixin.py:188} INFO - [2024-05-08T14:16:41.167+0000] {dag.py:3096} INFO - Sync 1 DAGs
[2024-05-08T14:16:41.183+0000] {logging_mixin.py:188} INFO - [2024-05-08T14:16:41.183+0000] {dag.py:3954} INFO - Setting next_dagrun for example_complex to None, run_after=None
[2024-05-08T14:16:41.213+0000] {processor.py:183} INFO - Processing /home/airflow/.local/lib/python3.12/site-packages/airflow/example_dags/example_complex.py took 0.119 seconds
[2024-05-08T14:17:11.468+0000] {processor.py:161} INFO - Started process (PID=3502) to work on /home/airflow/.local/lib/python3.12/site-packages/airflow/example_dags/example_complex.py
[2024-05-08T14:17:11.470+0000] {processor.py:830} INFO - Processing file /home/airflow/.local/lib/python3.12/site-packages/airflow/example_dags/example_complex.py for tasks to queue
[2024-05-08T14:17:11.473+0000] {logging_mixin.py:188} INFO - [2024-05-08T14:17:11.472+0000] {dagbag.py:545} INFO - Filling up the DagBag from /home/airflow/.local/lib/python3.12/site-packages/airflow/example_dags/example_complex.py
[2024-05-08T14:17:11.488+0000] {processor.py:840} INFO - DAG(s) 'example_complex' retrieved from /home/airflow/.local/lib/python3.12/site-packages/airflow/example_dags/example_complex.py
[2024-05-08T14:17:11.537+0000] {logging_mixin.py:188} INFO - [2024-05-08T14:17:11.537+0000] {dag.py:3096} INFO - Sync 1 DAGs
[2024-05-08T14:17:11.560+0000] {logging_mixin.py:188} INFO - [2024-05-08T14:17:11.559+0000] {dag.py:3954} INFO - Setting next_dagrun for example_complex to None, run_after=None
[2024-05-08T14:17:11.594+0000] {processor.py:183} INFO - Processing /home/airflow/.local/lib/python3.12/site-packages/airflow/example_dags/example_complex.py took 0.134 seconds
[2024-05-08T14:17:42.528+0000] {processor.py:161} INFO - Started process (PID=3562) to work on /home/airflow/.local/lib/python3.12/site-packages/airflow/example_dags/example_complex.py
[2024-05-08T14:17:42.530+0000] {processor.py:830} INFO - Processing file /home/airflow/.local/lib/python3.12/site-packages/airflow/example_dags/example_complex.py for tasks to queue
[2024-05-08T14:17:42.533+0000] {logging_mixin.py:188} INFO - [2024-05-08T14:17:42.533+0000] {dagbag.py:545} INFO - Filling up the DagBag from /home/airflow/.local/lib/python3.12/site-packages/airflow/example_dags/example_complex.py
[2024-05-08T14:17:42.547+0000] {processor.py:840} INFO - DAG(s) 'example_complex' retrieved from /home/airflow/.local/lib/python3.12/site-packages/airflow/example_dags/example_complex.py
[2024-05-08T14:17:42.584+0000] {logging_mixin.py:188} INFO - [2024-05-08T14:17:42.584+0000] {dag.py:3096} INFO - Sync 1 DAGs
[2024-05-08T14:17:42.599+0000] {logging_mixin.py:188} INFO - [2024-05-08T14:17:42.599+0000] {dag.py:3954} INFO - Setting next_dagrun for example_complex to None, run_after=None
[2024-05-08T14:17:42.624+0000] {processor.py:183} INFO - Processing /home/airflow/.local/lib/python3.12/site-packages/airflow/example_dags/example_complex.py took 0.103 seconds
[2024-05-08T14:18:12.833+0000] {processor.py:161} INFO - Started process (PID=3622) to work on /home/airflow/.local/lib/python3.12/site-packages/airflow/example_dags/example_complex.py
[2024-05-08T14:18:12.835+0000] {processor.py:830} INFO - Processing file /home/airflow/.local/lib/python3.12/site-packages/airflow/example_dags/example_complex.py for tasks to queue
[2024-05-08T14:18:12.838+0000] {logging_mixin.py:188} INFO - [2024-05-08T14:18:12.838+0000] {dagbag.py:545} INFO - Filling up the DagBag from /home/airflow/.local/lib/python3.12/site-packages/airflow/example_dags/example_complex.py
[2024-05-08T14:18:12.852+0000] {processor.py:840} INFO - DAG(s) 'example_complex' retrieved from /home/airflow/.local/lib/python3.12/site-packages/airflow/example_dags/example_complex.py
[2024-05-08T14:18:12.892+0000] {logging_mixin.py:188} INFO - [2024-05-08T14:18:12.891+0000] {dag.py:3096} INFO - Sync 1 DAGs
[2024-05-08T14:18:12.910+0000] {logging_mixin.py:188} INFO - [2024-05-08T14:18:12.909+0000] {dag.py:3954} INFO - Setting next_dagrun for example_complex to None, run_after=None
[2024-05-08T14:18:12.961+0000] {processor.py:183} INFO - Processing /home/airflow/.local/lib/python3.12/site-packages/airflow/example_dags/example_complex.py took 0.138 seconds
[2024-05-08T14:18:43.231+0000] {processor.py:161} INFO - Started process (PID=3682) to work on /home/airflow/.local/lib/python3.12/site-packages/airflow/example_dags/example_complex.py
[2024-05-08T14:18:43.234+0000] {processor.py:830} INFO - Processing file /home/airflow/.local/lib/python3.12/site-packages/airflow/example_dags/example_complex.py for tasks to queue
[2024-05-08T14:18:43.238+0000] {logging_mixin.py:188} INFO - [2024-05-08T14:18:43.237+0000] {dagbag.py:545} INFO - Filling up the DagBag from /home/airflow/.local/lib/python3.12/site-packages/airflow/example_dags/example_complex.py
[2024-05-08T14:18:43.250+0000] {processor.py:840} INFO - DAG(s) 'example_complex' retrieved from /home/airflow/.local/lib/python3.12/site-packages/airflow/example_dags/example_complex.py
[2024-05-08T14:18:43.300+0000] {logging_mixin.py:188} INFO - [2024-05-08T14:18:43.300+0000] {dag.py:3096} INFO - Sync 1 DAGs
[2024-05-08T14:18:43.320+0000] {logging_mixin.py:188} INFO - [2024-05-08T14:18:43.319+0000] {dag.py:3954} INFO - Setting next_dagrun for example_complex to None, run_after=None
[2024-05-08T14:18:43.359+0000] {processor.py:183} INFO - Processing /home/airflow/.local/lib/python3.12/site-packages/airflow/example_dags/example_complex.py took 0.137 seconds
[2024-05-08T14:19:13.497+0000] {processor.py:161} INFO - Started process (PID=3743) to work on /home/airflow/.local/lib/python3.12/site-packages/airflow/example_dags/example_complex.py
[2024-05-08T14:19:13.499+0000] {processor.py:830} INFO - Processing file /home/airflow/.local/lib/python3.12/site-packages/airflow/example_dags/example_complex.py for tasks to queue
[2024-05-08T14:19:13.504+0000] {logging_mixin.py:188} INFO - [2024-05-08T14:19:13.503+0000] {dagbag.py:545} INFO - Filling up the DagBag from /home/airflow/.local/lib/python3.12/site-packages/airflow/example_dags/example_complex.py
[2024-05-08T14:19:13.518+0000] {processor.py:840} INFO - DAG(s) 'example_complex' retrieved from /home/airflow/.local/lib/python3.12/site-packages/airflow/example_dags/example_complex.py
[2024-05-08T14:19:13.556+0000] {logging_mixin.py:188} INFO - [2024-05-08T14:19:13.556+0000] {dag.py:3096} INFO - Sync 1 DAGs
[2024-05-08T14:19:13.576+0000] {logging_mixin.py:188} INFO - [2024-05-08T14:19:13.575+0000] {dag.py:3954} INFO - Setting next_dagrun for example_complex to None, run_after=None
[2024-05-08T14:19:13.607+0000] {processor.py:183} INFO - Processing /home/airflow/.local/lib/python3.12/site-packages/airflow/example_dags/example_complex.py took 0.117 seconds
[2024-05-08T14:19:43.966+0000] {processor.py:161} INFO - Started process (PID=3803) to work on /home/airflow/.local/lib/python3.12/site-packages/airflow/example_dags/example_complex.py
[2024-05-08T14:19:43.967+0000] {processor.py:830} INFO - Processing file /home/airflow/.local/lib/python3.12/site-packages/airflow/example_dags/example_complex.py for tasks to queue
[2024-05-08T14:19:43.969+0000] {logging_mixin.py:188} INFO - [2024-05-08T14:19:43.969+0000] {dagbag.py:545} INFO - Filling up the DagBag from /home/airflow/.local/lib/python3.12/site-packages/airflow/example_dags/example_complex.py
[2024-05-08T14:19:43.985+0000] {processor.py:840} INFO - DAG(s) 'example_complex' retrieved from /home/airflow/.local/lib/python3.12/site-packages/airflow/example_dags/example_complex.py
[2024-05-08T14:19:44.023+0000] {logging_mixin.py:188} INFO - [2024-05-08T14:19:44.022+0000] {dag.py:3096} INFO - Sync 1 DAGs
[2024-05-08T14:19:44.043+0000] {logging_mixin.py:188} INFO - [2024-05-08T14:19:44.043+0000] {dag.py:3954} INFO - Setting next_dagrun for example_complex to None, run_after=None
[2024-05-08T14:19:44.071+0000] {processor.py:183} INFO - Processing /home/airflow/.local/lib/python3.12/site-packages/airflow/example_dags/example_complex.py took 0.112 seconds
[2024-05-08T14:20:14.162+0000] {processor.py:161} INFO - Started process (PID=3864) to work on /home/airflow/.local/lib/python3.12/site-packages/airflow/example_dags/example_complex.py
[2024-05-08T14:20:14.164+0000] {processor.py:830} INFO - Processing file /home/airflow/.local/lib/python3.12/site-packages/airflow/example_dags/example_complex.py for tasks to queue
[2024-05-08T14:20:14.167+0000] {logging_mixin.py:188} INFO - [2024-05-08T14:20:14.166+0000] {dagbag.py:545} INFO - Filling up the DagBag from /home/airflow/.local/lib/python3.12/site-packages/airflow/example_dags/example_complex.py
[2024-05-08T14:20:14.179+0000] {processor.py:840} INFO - DAG(s) 'example_complex' retrieved from /home/airflow/.local/lib/python3.12/site-packages/airflow/example_dags/example_complex.py
[2024-05-08T14:20:14.217+0000] {logging_mixin.py:188} INFO - [2024-05-08T14:20:14.217+0000] {dag.py:3096} INFO - Sync 1 DAGs
[2024-05-08T14:20:14.235+0000] {logging_mixin.py:188} INFO - [2024-05-08T14:20:14.235+0000] {dag.py:3954} INFO - Setting next_dagrun for example_complex to None, run_after=None
[2024-05-08T14:20:14.261+0000] {processor.py:183} INFO - Processing /home/airflow/.local/lib/python3.12/site-packages/airflow/example_dags/example_complex.py took 0.106 seconds
[2024-05-08T14:20:45.152+0000] {processor.py:161} INFO - Started process (PID=3925) to work on /home/airflow/.local/lib/python3.12/site-packages/airflow/example_dags/example_complex.py
[2024-05-08T14:20:45.154+0000] {processor.py:830} INFO - Processing file /home/airflow/.local/lib/python3.12/site-packages/airflow/example_dags/example_complex.py for tasks to queue
[2024-05-08T14:20:45.156+0000] {logging_mixin.py:188} INFO - [2024-05-08T14:20:45.156+0000] {dagbag.py:545} INFO - Filling up the DagBag from /home/airflow/.local/lib/python3.12/site-packages/airflow/example_dags/example_complex.py
[2024-05-08T14:20:45.168+0000] {processor.py:840} INFO - DAG(s) 'example_complex' retrieved from /home/airflow/.local/lib/python3.12/site-packages/airflow/example_dags/example_complex.py
[2024-05-08T14:20:45.208+0000] {logging_mixin.py:188} INFO - [2024-05-08T14:20:45.208+0000] {dag.py:3096} INFO - Sync 1 DAGs
[2024-05-08T14:20:45.222+0000] {logging_mixin.py:188} INFO - [2024-05-08T14:20:45.222+0000] {dag.py:3954} INFO - Setting next_dagrun for example_complex to None, run_after=None
[2024-05-08T14:20:45.246+0000] {processor.py:183} INFO - Processing /home/airflow/.local/lib/python3.12/site-packages/airflow/example_dags/example_complex.py took 0.101 seconds
[2024-05-08T14:21:15.854+0000] {processor.py:161} INFO - Started process (PID=3986) to work on /home/airflow/.local/lib/python3.12/site-packages/airflow/example_dags/example_complex.py
[2024-05-08T14:21:15.855+0000] {processor.py:830} INFO - Processing file /home/airflow/.local/lib/python3.12/site-packages/airflow/example_dags/example_complex.py for tasks to queue
[2024-05-08T14:21:15.858+0000] {logging_mixin.py:188} INFO - [2024-05-08T14:21:15.858+0000] {dagbag.py:545} INFO - Filling up the DagBag from /home/airflow/.local/lib/python3.12/site-packages/airflow/example_dags/example_complex.py
[2024-05-08T14:21:15.870+0000] {processor.py:840} INFO - DAG(s) 'example_complex' retrieved from /home/airflow/.local/lib/python3.12/site-packages/airflow/example_dags/example_complex.py
[2024-05-08T14:21:15.914+0000] {logging_mixin.py:188} INFO - [2024-05-08T14:21:15.913+0000] {dag.py:3096} INFO - Sync 1 DAGs
[2024-05-08T14:21:15.930+0000] {logging_mixin.py:188} INFO - [2024-05-08T14:21:15.930+0000] {dag.py:3954} INFO - Setting next_dagrun for example_complex to None, run_after=None
[2024-05-08T14:21:15.957+0000] {processor.py:183} INFO - Processing /home/airflow/.local/lib/python3.12/site-packages/airflow/example_dags/example_complex.py took 0.110 seconds
[2024-05-08T14:21:48.491+0000] {processor.py:161} INFO - Started process (PID=4046) to work on /home/airflow/.local/lib/python3.12/site-packages/airflow/example_dags/example_complex.py
[2024-05-08T14:21:48.493+0000] {processor.py:830} INFO - Processing file /home/airflow/.local/lib/python3.12/site-packages/airflow/example_dags/example_complex.py for tasks to queue
[2024-05-08T14:21:48.497+0000] {logging_mixin.py:188} INFO - [2024-05-08T14:21:48.497+0000] {dagbag.py:545} INFO - Filling up the DagBag from /home/airflow/.local/lib/python3.12/site-packages/airflow/example_dags/example_complex.py
[2024-05-08T14:21:48.513+0000] {processor.py:840} INFO - DAG(s) 'example_complex' retrieved from /home/airflow/.local/lib/python3.12/site-packages/airflow/example_dags/example_complex.py
[2024-05-08T14:21:48.572+0000] {logging_mixin.py:188} INFO - [2024-05-08T14:21:48.572+0000] {dag.py:3096} INFO - Sync 1 DAGs
[2024-05-08T14:21:48.600+0000] {logging_mixin.py:188} INFO - [2024-05-08T14:21:48.599+0000] {dag.py:3954} INFO - Setting next_dagrun for example_complex to None, run_after=None
[2024-05-08T14:21:48.631+0000] {processor.py:183} INFO - Processing /home/airflow/.local/lib/python3.12/site-packages/airflow/example_dags/example_complex.py took 0.166 seconds
[2024-05-08T14:22:19.604+0000] {processor.py:161} INFO - Started process (PID=4106) to work on /home/airflow/.local/lib/python3.12/site-packages/airflow/example_dags/example_complex.py
[2024-05-08T14:22:19.605+0000] {processor.py:830} INFO - Processing file /home/airflow/.local/lib/python3.12/site-packages/airflow/example_dags/example_complex.py for tasks to queue
[2024-05-08T14:22:19.608+0000] {logging_mixin.py:188} INFO - [2024-05-08T14:22:19.608+0000] {dagbag.py:545} INFO - Filling up the DagBag from /home/airflow/.local/lib/python3.12/site-packages/airflow/example_dags/example_complex.py
[2024-05-08T14:22:19.620+0000] {processor.py:840} INFO - DAG(s) 'example_complex' retrieved from /home/airflow/.local/lib/python3.12/site-packages/airflow/example_dags/example_complex.py
[2024-05-08T14:22:19.660+0000] {logging_mixin.py:188} INFO - [2024-05-08T14:22:19.659+0000] {dag.py:3096} INFO - Sync 1 DAGs
[2024-05-08T14:22:19.675+0000] {logging_mixin.py:188} INFO - [2024-05-08T14:22:19.674+0000] {dag.py:3954} INFO - Setting next_dagrun for example_complex to None, run_after=None
[2024-05-08T14:22:19.705+0000] {processor.py:183} INFO - Processing /home/airflow/.local/lib/python3.12/site-packages/airflow/example_dags/example_complex.py took 0.109 seconds
[2024-05-08T14:22:49.817+0000] {processor.py:161} INFO - Started process (PID=4166) to work on /home/airflow/.local/lib/python3.12/site-packages/airflow/example_dags/example_complex.py
[2024-05-08T14:22:49.822+0000] {processor.py:830} INFO - Processing file /home/airflow/.local/lib/python3.12/site-packages/airflow/example_dags/example_complex.py for tasks to queue
[2024-05-08T14:22:49.828+0000] {logging_mixin.py:188} INFO - [2024-05-08T14:22:49.827+0000] {dagbag.py:545} INFO - Filling up the DagBag from /home/airflow/.local/lib/python3.12/site-packages/airflow/example_dags/example_complex.py
[2024-05-08T14:22:49.858+0000] {processor.py:840} INFO - DAG(s) 'example_complex' retrieved from /home/airflow/.local/lib/python3.12/site-packages/airflow/example_dags/example_complex.py
[2024-05-08T14:22:49.938+0000] {logging_mixin.py:188} INFO - [2024-05-08T14:22:49.937+0000] {dag.py:3096} INFO - Sync 1 DAGs
[2024-05-08T14:22:49.961+0000] {logging_mixin.py:188} INFO - [2024-05-08T14:22:49.960+0000] {dag.py:3954} INFO - Setting next_dagrun for example_complex to None, run_after=None
[2024-05-08T14:22:50.022+0000] {processor.py:183} INFO - Processing /home/airflow/.local/lib/python3.12/site-packages/airflow/example_dags/example_complex.py took 0.220 seconds
[2024-05-08T14:23:20.617+0000] {processor.py:161} INFO - Started process (PID=4226) to work on /home/airflow/.local/lib/python3.12/site-packages/airflow/example_dags/example_complex.py
[2024-05-08T14:23:20.618+0000] {processor.py:830} INFO - Processing file /home/airflow/.local/lib/python3.12/site-packages/airflow/example_dags/example_complex.py for tasks to queue
[2024-05-08T14:23:20.621+0000] {logging_mixin.py:188} INFO - [2024-05-08T14:23:20.620+0000] {dagbag.py:545} INFO - Filling up the DagBag from /home/airflow/.local/lib/python3.12/site-packages/airflow/example_dags/example_complex.py
[2024-05-08T14:23:20.631+0000] {processor.py:840} INFO - DAG(s) 'example_complex' retrieved from /home/airflow/.local/lib/python3.12/site-packages/airflow/example_dags/example_complex.py
[2024-05-08T14:23:20.671+0000] {logging_mixin.py:188} INFO - [2024-05-08T14:23:20.671+0000] {dag.py:3096} INFO - Sync 1 DAGs
[2024-05-08T14:23:20.686+0000] {logging_mixin.py:188} INFO - [2024-05-08T14:23:20.685+0000] {dag.py:3954} INFO - Setting next_dagrun for example_complex to None, run_after=None
[2024-05-08T14:23:20.709+0000] {processor.py:183} INFO - Processing /home/airflow/.local/lib/python3.12/site-packages/airflow/example_dags/example_complex.py took 0.099 seconds
