[2024-05-08T13:47:53.341+0000] {processor.py:161} INFO - Started process (PID=81) to work on /home/airflow/.local/lib/python3.12/site-packages/airflow/example_dags/example_latest_only.py
[2024-05-08T13:47:53.344+0000] {processor.py:830} INFO - Processing file /home/airflow/.local/lib/python3.12/site-packages/airflow/example_dags/example_latest_only.py for tasks to queue
[2024-05-08T13:47:53.349+0000] {logging_mixin.py:188} INFO - [2024-05-08T13:47:53.348+0000] {dagbag.py:545} INFO - Filling up the DagBag from /home/airflow/.local/lib/python3.12/site-packages/airflow/example_dags/example_latest_only.py
[2024-05-08T13:47:53.372+0000] {processor.py:840} INFO - DAG(s) 'latest_only' retrieved from /home/airflow/.local/lib/python3.12/site-packages/airflow/example_dags/example_latest_only.py
[2024-05-08T13:47:53.446+0000] {logging_mixin.py:188} INFO - [2024-05-08T13:47:53.446+0000] {dag.py:3096} INFO - Sync 1 DAGs
[2024-05-08T13:47:53.520+0000] {logging_mixin.py:188} INFO - [2024-05-08T13:47:53.520+0000] {dag.py:3954} INFO - Setting next_dagrun for latest_only to 2024-05-08 08:00:00+00:00, run_after=2024-05-08 12:00:00+00:00
[2024-05-08T13:47:53.557+0000] {processor.py:183} INFO - Processing /home/airflow/.local/lib/python3.12/site-packages/airflow/example_dags/example_latest_only.py took 0.228 seconds
[2024-05-08T13:48:23.672+0000] {processor.py:161} INFO - Started process (PID=141) to work on /home/airflow/.local/lib/python3.12/site-packages/airflow/example_dags/example_latest_only.py
[2024-05-08T13:48:23.673+0000] {processor.py:830} INFO - Processing file /home/airflow/.local/lib/python3.12/site-packages/airflow/example_dags/example_latest_only.py for tasks to queue
[2024-05-08T13:48:23.677+0000] {logging_mixin.py:188} INFO - [2024-05-08T13:48:23.676+0000] {dagbag.py:545} INFO - Filling up the DagBag from /home/airflow/.local/lib/python3.12/site-packages/airflow/example_dags/example_latest_only.py
[2024-05-08T13:48:23.682+0000] {processor.py:840} INFO - DAG(s) 'latest_only' retrieved from /home/airflow/.local/lib/python3.12/site-packages/airflow/example_dags/example_latest_only.py
[2024-05-08T13:48:23.707+0000] {logging_mixin.py:188} INFO - [2024-05-08T13:48:23.707+0000] {dag.py:3096} INFO - Sync 1 DAGs
[2024-05-08T13:48:23.737+0000] {logging_mixin.py:188} INFO - [2024-05-08T13:48:23.737+0000] {dag.py:3954} INFO - Setting next_dagrun for latest_only to 2024-05-08 08:00:00+00:00, run_after=2024-05-08 12:00:00+00:00
[2024-05-08T13:48:23.763+0000] {processor.py:183} INFO - Processing /home/airflow/.local/lib/python3.12/site-packages/airflow/example_dags/example_latest_only.py took 0.099 seconds
[2024-05-08T13:48:53.879+0000] {processor.py:161} INFO - Started process (PID=201) to work on /home/airflow/.local/lib/python3.12/site-packages/airflow/example_dags/example_latest_only.py
[2024-05-08T13:48:53.881+0000] {processor.py:830} INFO - Processing file /home/airflow/.local/lib/python3.12/site-packages/airflow/example_dags/example_latest_only.py for tasks to queue
[2024-05-08T13:48:53.883+0000] {logging_mixin.py:188} INFO - [2024-05-08T13:48:53.883+0000] {dagbag.py:545} INFO - Filling up the DagBag from /home/airflow/.local/lib/python3.12/site-packages/airflow/example_dags/example_latest_only.py
[2024-05-08T13:48:53.890+0000] {processor.py:840} INFO - DAG(s) 'latest_only' retrieved from /home/airflow/.local/lib/python3.12/site-packages/airflow/example_dags/example_latest_only.py
[2024-05-08T13:48:53.916+0000] {logging_mixin.py:188} INFO - [2024-05-08T13:48:53.915+0000] {dag.py:3096} INFO - Sync 1 DAGs
[2024-05-08T13:48:53.943+0000] {logging_mixin.py:188} INFO - [2024-05-08T13:48:53.942+0000] {dag.py:3954} INFO - Setting next_dagrun for latest_only to 2024-05-08 08:00:00+00:00, run_after=2024-05-08 12:00:00+00:00
[2024-05-08T13:48:53.969+0000] {processor.py:183} INFO - Processing /home/airflow/.local/lib/python3.12/site-packages/airflow/example_dags/example_latest_only.py took 0.097 seconds
[2024-05-08T13:49:24.478+0000] {processor.py:161} INFO - Started process (PID=261) to work on /home/airflow/.local/lib/python3.12/site-packages/airflow/example_dags/example_latest_only.py
[2024-05-08T13:49:24.479+0000] {processor.py:830} INFO - Processing file /home/airflow/.local/lib/python3.12/site-packages/airflow/example_dags/example_latest_only.py for tasks to queue
[2024-05-08T13:49:24.482+0000] {logging_mixin.py:188} INFO - [2024-05-08T13:49:24.482+0000] {dagbag.py:545} INFO - Filling up the DagBag from /home/airflow/.local/lib/python3.12/site-packages/airflow/example_dags/example_latest_only.py
[2024-05-08T13:49:24.488+0000] {processor.py:840} INFO - DAG(s) 'latest_only' retrieved from /home/airflow/.local/lib/python3.12/site-packages/airflow/example_dags/example_latest_only.py
[2024-05-08T13:49:24.517+0000] {logging_mixin.py:188} INFO - [2024-05-08T13:49:24.516+0000] {dag.py:3096} INFO - Sync 1 DAGs
[2024-05-08T13:49:24.542+0000] {logging_mixin.py:188} INFO - [2024-05-08T13:49:24.541+0000] {dag.py:3954} INFO - Setting next_dagrun for latest_only to 2024-05-08 08:00:00+00:00, run_after=2024-05-08 12:00:00+00:00
[2024-05-08T13:49:24.564+0000] {processor.py:183} INFO - Processing /home/airflow/.local/lib/python3.12/site-packages/airflow/example_dags/example_latest_only.py took 0.094 seconds
[2024-05-08T13:49:55.076+0000] {processor.py:161} INFO - Started process (PID=321) to work on /home/airflow/.local/lib/python3.12/site-packages/airflow/example_dags/example_latest_only.py
[2024-05-08T13:49:55.078+0000] {processor.py:830} INFO - Processing file /home/airflow/.local/lib/python3.12/site-packages/airflow/example_dags/example_latest_only.py for tasks to queue
[2024-05-08T13:49:55.080+0000] {logging_mixin.py:188} INFO - [2024-05-08T13:49:55.080+0000] {dagbag.py:545} INFO - Filling up the DagBag from /home/airflow/.local/lib/python3.12/site-packages/airflow/example_dags/example_latest_only.py
[2024-05-08T13:49:55.085+0000] {processor.py:840} INFO - DAG(s) 'latest_only' retrieved from /home/airflow/.local/lib/python3.12/site-packages/airflow/example_dags/example_latest_only.py
[2024-05-08T13:49:55.108+0000] {logging_mixin.py:188} INFO - [2024-05-08T13:49:55.108+0000] {dag.py:3096} INFO - Sync 1 DAGs
[2024-05-08T13:49:55.132+0000] {logging_mixin.py:188} INFO - [2024-05-08T13:49:55.131+0000] {dag.py:3954} INFO - Setting next_dagrun for latest_only to 2024-05-08 08:00:00+00:00, run_after=2024-05-08 12:00:00+00:00
[2024-05-08T13:49:55.153+0000] {processor.py:183} INFO - Processing /home/airflow/.local/lib/python3.12/site-packages/airflow/example_dags/example_latest_only.py took 0.083 seconds
[2024-05-08T13:50:25.954+0000] {processor.py:161} INFO - Started process (PID=381) to work on /home/airflow/.local/lib/python3.12/site-packages/airflow/example_dags/example_latest_only.py
[2024-05-08T13:50:25.956+0000] {processor.py:830} INFO - Processing file /home/airflow/.local/lib/python3.12/site-packages/airflow/example_dags/example_latest_only.py for tasks to queue
[2024-05-08T13:50:25.958+0000] {logging_mixin.py:188} INFO - [2024-05-08T13:50:25.958+0000] {dagbag.py:545} INFO - Filling up the DagBag from /home/airflow/.local/lib/python3.12/site-packages/airflow/example_dags/example_latest_only.py
[2024-05-08T13:50:25.965+0000] {processor.py:840} INFO - DAG(s) 'latest_only' retrieved from /home/airflow/.local/lib/python3.12/site-packages/airflow/example_dags/example_latest_only.py
[2024-05-08T13:50:25.995+0000] {logging_mixin.py:188} INFO - [2024-05-08T13:50:25.995+0000] {dag.py:3096} INFO - Sync 1 DAGs
[2024-05-08T13:50:26.024+0000] {logging_mixin.py:188} INFO - [2024-05-08T13:50:26.024+0000] {dag.py:3954} INFO - Setting next_dagrun for latest_only to 2024-05-08 08:00:00+00:00, run_after=2024-05-08 12:00:00+00:00
[2024-05-08T13:50:26.050+0000] {processor.py:183} INFO - Processing /home/airflow/.local/lib/python3.12/site-packages/airflow/example_dags/example_latest_only.py took 0.103 seconds
[2024-05-08T13:50:56.319+0000] {processor.py:161} INFO - Started process (PID=441) to work on /home/airflow/.local/lib/python3.12/site-packages/airflow/example_dags/example_latest_only.py
[2024-05-08T13:50:56.321+0000] {processor.py:830} INFO - Processing file /home/airflow/.local/lib/python3.12/site-packages/airflow/example_dags/example_latest_only.py for tasks to queue
[2024-05-08T13:50:56.324+0000] {logging_mixin.py:188} INFO - [2024-05-08T13:50:56.323+0000] {dagbag.py:545} INFO - Filling up the DagBag from /home/airflow/.local/lib/python3.12/site-packages/airflow/example_dags/example_latest_only.py
[2024-05-08T13:50:56.330+0000] {processor.py:840} INFO - DAG(s) 'latest_only' retrieved from /home/airflow/.local/lib/python3.12/site-packages/airflow/example_dags/example_latest_only.py
[2024-05-08T13:50:56.379+0000] {logging_mixin.py:188} INFO - [2024-05-08T13:50:56.379+0000] {dag.py:3096} INFO - Sync 1 DAGs
[2024-05-08T13:50:56.415+0000] {logging_mixin.py:188} INFO - [2024-05-08T13:50:56.414+0000] {dag.py:3954} INFO - Setting next_dagrun for latest_only to 2024-05-08 08:00:00+00:00, run_after=2024-05-08 12:00:00+00:00
[2024-05-08T13:50:56.460+0000] {processor.py:183} INFO - Processing /home/airflow/.local/lib/python3.12/site-packages/airflow/example_dags/example_latest_only.py took 0.148 seconds
[2024-05-08T13:51:26.984+0000] {processor.py:161} INFO - Started process (PID=501) to work on /home/airflow/.local/lib/python3.12/site-packages/airflow/example_dags/example_latest_only.py
[2024-05-08T13:51:26.985+0000] {processor.py:830} INFO - Processing file /home/airflow/.local/lib/python3.12/site-packages/airflow/example_dags/example_latest_only.py for tasks to queue
[2024-05-08T13:51:26.988+0000] {logging_mixin.py:188} INFO - [2024-05-08T13:51:26.988+0000] {dagbag.py:545} INFO - Filling up the DagBag from /home/airflow/.local/lib/python3.12/site-packages/airflow/example_dags/example_latest_only.py
[2024-05-08T13:51:26.994+0000] {processor.py:840} INFO - DAG(s) 'latest_only' retrieved from /home/airflow/.local/lib/python3.12/site-packages/airflow/example_dags/example_latest_only.py
[2024-05-08T13:51:27.019+0000] {logging_mixin.py:188} INFO - [2024-05-08T13:51:27.019+0000] {dag.py:3096} INFO - Sync 1 DAGs
[2024-05-08T13:51:27.044+0000] {logging_mixin.py:188} INFO - [2024-05-08T13:51:27.044+0000] {dag.py:3954} INFO - Setting next_dagrun for latest_only to 2024-05-08 08:00:00+00:00, run_after=2024-05-08 12:00:00+00:00
[2024-05-08T13:51:27.067+0000] {processor.py:183} INFO - Processing /home/airflow/.local/lib/python3.12/site-packages/airflow/example_dags/example_latest_only.py took 0.090 seconds
[2024-05-08T13:51:57.690+0000] {processor.py:161} INFO - Started process (PID=561) to work on /home/airflow/.local/lib/python3.12/site-packages/airflow/example_dags/example_latest_only.py
[2024-05-08T13:51:57.692+0000] {processor.py:830} INFO - Processing file /home/airflow/.local/lib/python3.12/site-packages/airflow/example_dags/example_latest_only.py for tasks to queue
[2024-05-08T13:51:57.695+0000] {logging_mixin.py:188} INFO - [2024-05-08T13:51:57.694+0000] {dagbag.py:545} INFO - Filling up the DagBag from /home/airflow/.local/lib/python3.12/site-packages/airflow/example_dags/example_latest_only.py
[2024-05-08T13:51:57.701+0000] {processor.py:840} INFO - DAG(s) 'latest_only' retrieved from /home/airflow/.local/lib/python3.12/site-packages/airflow/example_dags/example_latest_only.py
[2024-05-08T13:51:57.727+0000] {logging_mixin.py:188} INFO - [2024-05-08T13:51:57.727+0000] {dag.py:3096} INFO - Sync 1 DAGs
[2024-05-08T13:51:57.774+0000] {logging_mixin.py:188} INFO - [2024-05-08T13:51:57.774+0000] {dag.py:3954} INFO - Setting next_dagrun for latest_only to 2024-05-08 08:00:00+00:00, run_after=2024-05-08 12:00:00+00:00
[2024-05-08T13:51:57.835+0000] {processor.py:183} INFO - Processing /home/airflow/.local/lib/python3.12/site-packages/airflow/example_dags/example_latest_only.py took 0.152 seconds
[2024-05-08T13:52:28.549+0000] {processor.py:161} INFO - Started process (PID=621) to work on /home/airflow/.local/lib/python3.12/site-packages/airflow/example_dags/example_latest_only.py
[2024-05-08T13:52:28.551+0000] {processor.py:830} INFO - Processing file /home/airflow/.local/lib/python3.12/site-packages/airflow/example_dags/example_latest_only.py for tasks to queue
[2024-05-08T13:52:28.553+0000] {logging_mixin.py:188} INFO - [2024-05-08T13:52:28.553+0000] {dagbag.py:545} INFO - Filling up the DagBag from /home/airflow/.local/lib/python3.12/site-packages/airflow/example_dags/example_latest_only.py
[2024-05-08T13:52:28.561+0000] {processor.py:840} INFO - DAG(s) 'latest_only' retrieved from /home/airflow/.local/lib/python3.12/site-packages/airflow/example_dags/example_latest_only.py
[2024-05-08T13:52:28.586+0000] {logging_mixin.py:188} INFO - [2024-05-08T13:52:28.586+0000] {dag.py:3096} INFO - Sync 1 DAGs
[2024-05-08T13:52:28.611+0000] {logging_mixin.py:188} INFO - [2024-05-08T13:52:28.611+0000] {dag.py:3954} INFO - Setting next_dagrun for latest_only to 2024-05-08 08:00:00+00:00, run_after=2024-05-08 12:00:00+00:00
[2024-05-08T13:52:28.635+0000] {processor.py:183} INFO - Processing /home/airflow/.local/lib/python3.12/site-packages/airflow/example_dags/example_latest_only.py took 0.093 seconds
[2024-05-08T13:52:59.616+0000] {processor.py:161} INFO - Started process (PID=681) to work on /home/airflow/.local/lib/python3.12/site-packages/airflow/example_dags/example_latest_only.py
[2024-05-08T13:52:59.619+0000] {processor.py:830} INFO - Processing file /home/airflow/.local/lib/python3.12/site-packages/airflow/example_dags/example_latest_only.py for tasks to queue
[2024-05-08T13:52:59.623+0000] {logging_mixin.py:188} INFO - [2024-05-08T13:52:59.622+0000] {dagbag.py:545} INFO - Filling up the DagBag from /home/airflow/.local/lib/python3.12/site-packages/airflow/example_dags/example_latest_only.py
[2024-05-08T13:52:59.635+0000] {processor.py:840} INFO - DAG(s) 'latest_only' retrieved from /home/airflow/.local/lib/python3.12/site-packages/airflow/example_dags/example_latest_only.py
[2024-05-08T13:52:59.674+0000] {logging_mixin.py:188} INFO - [2024-05-08T13:52:59.673+0000] {dag.py:3096} INFO - Sync 1 DAGs
[2024-05-08T13:52:59.704+0000] {logging_mixin.py:188} INFO - [2024-05-08T13:52:59.704+0000] {dag.py:3954} INFO - Setting next_dagrun for latest_only to 2024-05-08 08:00:00+00:00, run_after=2024-05-08 12:00:00+00:00
[2024-05-08T13:52:59.734+0000] {processor.py:183} INFO - Processing /home/airflow/.local/lib/python3.12/site-packages/airflow/example_dags/example_latest_only.py took 0.142 seconds
[2024-05-08T13:53:29.774+0000] {processor.py:161} INFO - Started process (PID=740) to work on /home/airflow/.local/lib/python3.12/site-packages/airflow/example_dags/example_latest_only.py
[2024-05-08T13:53:29.776+0000] {processor.py:830} INFO - Processing file /home/airflow/.local/lib/python3.12/site-packages/airflow/example_dags/example_latest_only.py for tasks to queue
[2024-05-08T13:53:29.778+0000] {logging_mixin.py:188} INFO - [2024-05-08T13:53:29.777+0000] {dagbag.py:545} INFO - Filling up the DagBag from /home/airflow/.local/lib/python3.12/site-packages/airflow/example_dags/example_latest_only.py
[2024-05-08T13:53:29.783+0000] {processor.py:840} INFO - DAG(s) 'latest_only' retrieved from /home/airflow/.local/lib/python3.12/site-packages/airflow/example_dags/example_latest_only.py
[2024-05-08T13:53:29.811+0000] {logging_mixin.py:188} INFO - [2024-05-08T13:53:29.811+0000] {dag.py:3096} INFO - Sync 1 DAGs
[2024-05-08T13:53:29.838+0000] {logging_mixin.py:188} INFO - [2024-05-08T13:53:29.838+0000] {dag.py:3954} INFO - Setting next_dagrun for latest_only to 2024-05-08 08:00:00+00:00, run_after=2024-05-08 12:00:00+00:00
[2024-05-08T13:53:29.869+0000] {processor.py:183} INFO - Processing /home/airflow/.local/lib/python3.12/site-packages/airflow/example_dags/example_latest_only.py took 0.103 seconds
[2024-05-08T13:54:02.102+0000] {processor.py:161} INFO - Started process (PID=800) to work on /home/airflow/.local/lib/python3.12/site-packages/airflow/example_dags/example_latest_only.py
[2024-05-08T13:54:02.104+0000] {processor.py:830} INFO - Processing file /home/airflow/.local/lib/python3.12/site-packages/airflow/example_dags/example_latest_only.py for tasks to queue
[2024-05-08T13:54:02.109+0000] {logging_mixin.py:188} INFO - [2024-05-08T13:54:02.108+0000] {dagbag.py:545} INFO - Filling up the DagBag from /home/airflow/.local/lib/python3.12/site-packages/airflow/example_dags/example_latest_only.py
[2024-05-08T13:54:02.119+0000] {processor.py:840} INFO - DAG(s) 'latest_only' retrieved from /home/airflow/.local/lib/python3.12/site-packages/airflow/example_dags/example_latest_only.py
[2024-05-08T13:54:02.150+0000] {logging_mixin.py:188} INFO - [2024-05-08T13:54:02.149+0000] {dag.py:3096} INFO - Sync 1 DAGs
[2024-05-08T13:54:02.214+0000] {logging_mixin.py:188} INFO - [2024-05-08T13:54:02.213+0000] {dag.py:3954} INFO - Setting next_dagrun for latest_only to 2024-05-08 08:00:00+00:00, run_after=2024-05-08 12:00:00+00:00
[2024-05-08T13:54:02.290+0000] {processor.py:183} INFO - Processing /home/airflow/.local/lib/python3.12/site-packages/airflow/example_dags/example_latest_only.py took 0.198 seconds
[2024-05-08T13:54:32.680+0000] {processor.py:161} INFO - Started process (PID=860) to work on /home/airflow/.local/lib/python3.12/site-packages/airflow/example_dags/example_latest_only.py
[2024-05-08T13:54:32.681+0000] {processor.py:830} INFO - Processing file /home/airflow/.local/lib/python3.12/site-packages/airflow/example_dags/example_latest_only.py for tasks to queue
[2024-05-08T13:54:32.683+0000] {logging_mixin.py:188} INFO - [2024-05-08T13:54:32.683+0000] {dagbag.py:545} INFO - Filling up the DagBag from /home/airflow/.local/lib/python3.12/site-packages/airflow/example_dags/example_latest_only.py
[2024-05-08T13:54:32.688+0000] {processor.py:840} INFO - DAG(s) 'latest_only' retrieved from /home/airflow/.local/lib/python3.12/site-packages/airflow/example_dags/example_latest_only.py
[2024-05-08T13:54:32.719+0000] {logging_mixin.py:188} INFO - [2024-05-08T13:54:32.719+0000] {dag.py:3096} INFO - Sync 1 DAGs
[2024-05-08T13:54:32.746+0000] {logging_mixin.py:188} INFO - [2024-05-08T13:54:32.746+0000] {dag.py:3954} INFO - Setting next_dagrun for latest_only to 2024-05-08 08:00:00+00:00, run_after=2024-05-08 12:00:00+00:00
[2024-05-08T13:54:32.776+0000] {processor.py:183} INFO - Processing /home/airflow/.local/lib/python3.12/site-packages/airflow/example_dags/example_latest_only.py took 0.103 seconds
[2024-05-08T13:55:03.148+0000] {processor.py:161} INFO - Started process (PID=920) to work on /home/airflow/.local/lib/python3.12/site-packages/airflow/example_dags/example_latest_only.py
[2024-05-08T13:55:03.150+0000] {processor.py:830} INFO - Processing file /home/airflow/.local/lib/python3.12/site-packages/airflow/example_dags/example_latest_only.py for tasks to queue
[2024-05-08T13:55:03.153+0000] {logging_mixin.py:188} INFO - [2024-05-08T13:55:03.152+0000] {dagbag.py:545} INFO - Filling up the DagBag from /home/airflow/.local/lib/python3.12/site-packages/airflow/example_dags/example_latest_only.py
[2024-05-08T13:55:03.159+0000] {processor.py:840} INFO - DAG(s) 'latest_only' retrieved from /home/airflow/.local/lib/python3.12/site-packages/airflow/example_dags/example_latest_only.py
[2024-05-08T13:55:03.184+0000] {logging_mixin.py:188} INFO - [2024-05-08T13:55:03.184+0000] {dag.py:3096} INFO - Sync 1 DAGs
[2024-05-08T13:55:03.213+0000] {logging_mixin.py:188} INFO - [2024-05-08T13:55:03.212+0000] {dag.py:3954} INFO - Setting next_dagrun for latest_only to 2024-05-08 08:00:00+00:00, run_after=2024-05-08 12:00:00+00:00
[2024-05-08T13:55:03.237+0000] {processor.py:183} INFO - Processing /home/airflow/.local/lib/python3.12/site-packages/airflow/example_dags/example_latest_only.py took 0.097 seconds
[2024-05-08T13:55:34.642+0000] {processor.py:161} INFO - Started process (PID=980) to work on /home/airflow/.local/lib/python3.12/site-packages/airflow/example_dags/example_latest_only.py
[2024-05-08T13:55:34.643+0000] {processor.py:830} INFO - Processing file /home/airflow/.local/lib/python3.12/site-packages/airflow/example_dags/example_latest_only.py for tasks to queue
[2024-05-08T13:55:34.646+0000] {logging_mixin.py:188} INFO - [2024-05-08T13:55:34.646+0000] {dagbag.py:545} INFO - Filling up the DagBag from /home/airflow/.local/lib/python3.12/site-packages/airflow/example_dags/example_latest_only.py
[2024-05-08T13:55:34.653+0000] {processor.py:840} INFO - DAG(s) 'latest_only' retrieved from /home/airflow/.local/lib/python3.12/site-packages/airflow/example_dags/example_latest_only.py
[2024-05-08T13:55:34.678+0000] {logging_mixin.py:188} INFO - [2024-05-08T13:55:34.678+0000] {dag.py:3096} INFO - Sync 1 DAGs
[2024-05-08T13:55:34.704+0000] {logging_mixin.py:188} INFO - [2024-05-08T13:55:34.704+0000] {dag.py:3954} INFO - Setting next_dagrun for latest_only to 2024-05-08 08:00:00+00:00, run_after=2024-05-08 12:00:00+00:00
[2024-05-08T13:55:34.729+0000] {processor.py:183} INFO - Processing /home/airflow/.local/lib/python3.12/site-packages/airflow/example_dags/example_latest_only.py took 0.095 seconds
[2024-05-08T13:56:05.146+0000] {processor.py:161} INFO - Started process (PID=1040) to work on /home/airflow/.local/lib/python3.12/site-packages/airflow/example_dags/example_latest_only.py
[2024-05-08T13:56:05.147+0000] {processor.py:830} INFO - Processing file /home/airflow/.local/lib/python3.12/site-packages/airflow/example_dags/example_latest_only.py for tasks to queue
[2024-05-08T13:56:05.149+0000] {logging_mixin.py:188} INFO - [2024-05-08T13:56:05.149+0000] {dagbag.py:545} INFO - Filling up the DagBag from /home/airflow/.local/lib/python3.12/site-packages/airflow/example_dags/example_latest_only.py
[2024-05-08T13:56:05.155+0000] {processor.py:840} INFO - DAG(s) 'latest_only' retrieved from /home/airflow/.local/lib/python3.12/site-packages/airflow/example_dags/example_latest_only.py
[2024-05-08T13:56:05.182+0000] {logging_mixin.py:188} INFO - [2024-05-08T13:56:05.181+0000] {dag.py:3096} INFO - Sync 1 DAGs
[2024-05-08T13:56:05.206+0000] {logging_mixin.py:188} INFO - [2024-05-08T13:56:05.206+0000] {dag.py:3954} INFO - Setting next_dagrun for latest_only to 2024-05-08 08:00:00+00:00, run_after=2024-05-08 12:00:00+00:00
[2024-05-08T13:56:05.231+0000] {processor.py:183} INFO - Processing /home/airflow/.local/lib/python3.12/site-packages/airflow/example_dags/example_latest_only.py took 0.092 seconds
[2024-05-08T13:56:36.142+0000] {processor.py:161} INFO - Started process (PID=1101) to work on /home/airflow/.local/lib/python3.12/site-packages/airflow/example_dags/example_latest_only.py
[2024-05-08T13:56:36.144+0000] {processor.py:830} INFO - Processing file /home/airflow/.local/lib/python3.12/site-packages/airflow/example_dags/example_latest_only.py for tasks to queue
[2024-05-08T13:56:36.146+0000] {logging_mixin.py:188} INFO - [2024-05-08T13:56:36.146+0000] {dagbag.py:545} INFO - Filling up the DagBag from /home/airflow/.local/lib/python3.12/site-packages/airflow/example_dags/example_latest_only.py
[2024-05-08T13:56:36.152+0000] {processor.py:840} INFO - DAG(s) 'latest_only' retrieved from /home/airflow/.local/lib/python3.12/site-packages/airflow/example_dags/example_latest_only.py
[2024-05-08T13:56:36.181+0000] {logging_mixin.py:188} INFO - [2024-05-08T13:56:36.181+0000] {dag.py:3096} INFO - Sync 1 DAGs
[2024-05-08T13:56:36.209+0000] {logging_mixin.py:188} INFO - [2024-05-08T13:56:36.208+0000] {dag.py:3954} INFO - Setting next_dagrun for latest_only to 2024-05-08 08:00:00+00:00, run_after=2024-05-08 12:00:00+00:00
[2024-05-08T13:56:36.234+0000] {processor.py:183} INFO - Processing /home/airflow/.local/lib/python3.12/site-packages/airflow/example_dags/example_latest_only.py took 0.099 seconds
[2024-05-08T13:57:07.333+0000] {processor.py:161} INFO - Started process (PID=1161) to work on /home/airflow/.local/lib/python3.12/site-packages/airflow/example_dags/example_latest_only.py
[2024-05-08T13:57:07.335+0000] {processor.py:830} INFO - Processing file /home/airflow/.local/lib/python3.12/site-packages/airflow/example_dags/example_latest_only.py for tasks to queue
[2024-05-08T13:57:07.337+0000] {logging_mixin.py:188} INFO - [2024-05-08T13:57:07.337+0000] {dagbag.py:545} INFO - Filling up the DagBag from /home/airflow/.local/lib/python3.12/site-packages/airflow/example_dags/example_latest_only.py
[2024-05-08T13:57:07.343+0000] {processor.py:840} INFO - DAG(s) 'latest_only' retrieved from /home/airflow/.local/lib/python3.12/site-packages/airflow/example_dags/example_latest_only.py
[2024-05-08T13:57:07.367+0000] {logging_mixin.py:188} INFO - [2024-05-08T13:57:07.367+0000] {dag.py:3096} INFO - Sync 1 DAGs
[2024-05-08T13:57:07.398+0000] {logging_mixin.py:188} INFO - [2024-05-08T13:57:07.398+0000] {dag.py:3954} INFO - Setting next_dagrun for latest_only to 2024-05-08 08:00:00+00:00, run_after=2024-05-08 12:00:00+00:00
[2024-05-08T13:57:07.422+0000] {processor.py:183} INFO - Processing /home/airflow/.local/lib/python3.12/site-packages/airflow/example_dags/example_latest_only.py took 0.096 seconds
[2024-05-08T13:57:38.232+0000] {processor.py:161} INFO - Started process (PID=1221) to work on /home/airflow/.local/lib/python3.12/site-packages/airflow/example_dags/example_latest_only.py
[2024-05-08T13:57:38.233+0000] {processor.py:830} INFO - Processing file /home/airflow/.local/lib/python3.12/site-packages/airflow/example_dags/example_latest_only.py for tasks to queue
[2024-05-08T13:57:38.236+0000] {logging_mixin.py:188} INFO - [2024-05-08T13:57:38.236+0000] {dagbag.py:545} INFO - Filling up the DagBag from /home/airflow/.local/lib/python3.12/site-packages/airflow/example_dags/example_latest_only.py
[2024-05-08T13:57:38.242+0000] {processor.py:840} INFO - DAG(s) 'latest_only' retrieved from /home/airflow/.local/lib/python3.12/site-packages/airflow/example_dags/example_latest_only.py
[2024-05-08T13:57:38.268+0000] {logging_mixin.py:188} INFO - [2024-05-08T13:57:38.268+0000] {dag.py:3096} INFO - Sync 1 DAGs
[2024-05-08T13:57:38.297+0000] {logging_mixin.py:188} INFO - [2024-05-08T13:57:38.297+0000] {dag.py:3954} INFO - Setting next_dagrun for latest_only to 2024-05-08 08:00:00+00:00, run_after=2024-05-08 12:00:00+00:00
[2024-05-08T13:57:38.324+0000] {processor.py:183} INFO - Processing /home/airflow/.local/lib/python3.12/site-packages/airflow/example_dags/example_latest_only.py took 0.099 seconds
[2024-05-08T13:58:08.692+0000] {processor.py:161} INFO - Started process (PID=1281) to work on /home/airflow/.local/lib/python3.12/site-packages/airflow/example_dags/example_latest_only.py
[2024-05-08T13:58:08.694+0000] {processor.py:830} INFO - Processing file /home/airflow/.local/lib/python3.12/site-packages/airflow/example_dags/example_latest_only.py for tasks to queue
[2024-05-08T13:58:08.697+0000] {logging_mixin.py:188} INFO - [2024-05-08T13:58:08.696+0000] {dagbag.py:545} INFO - Filling up the DagBag from /home/airflow/.local/lib/python3.12/site-packages/airflow/example_dags/example_latest_only.py
[2024-05-08T13:58:08.703+0000] {processor.py:840} INFO - DAG(s) 'latest_only' retrieved from /home/airflow/.local/lib/python3.12/site-packages/airflow/example_dags/example_latest_only.py
[2024-05-08T13:58:08.732+0000] {logging_mixin.py:188} INFO - [2024-05-08T13:58:08.732+0000] {dag.py:3096} INFO - Sync 1 DAGs
[2024-05-08T13:58:08.760+0000] {logging_mixin.py:188} INFO - [2024-05-08T13:58:08.760+0000] {dag.py:3954} INFO - Setting next_dagrun for latest_only to 2024-05-08 08:00:00+00:00, run_after=2024-05-08 12:00:00+00:00
[2024-05-08T13:58:08.785+0000] {processor.py:183} INFO - Processing /home/airflow/.local/lib/python3.12/site-packages/airflow/example_dags/example_latest_only.py took 0.101 seconds
[2024-05-08T13:58:39.566+0000] {processor.py:161} INFO - Started process (PID=1341) to work on /home/airflow/.local/lib/python3.12/site-packages/airflow/example_dags/example_latest_only.py
[2024-05-08T13:58:39.568+0000] {processor.py:830} INFO - Processing file /home/airflow/.local/lib/python3.12/site-packages/airflow/example_dags/example_latest_only.py for tasks to queue
[2024-05-08T13:58:39.570+0000] {logging_mixin.py:188} INFO - [2024-05-08T13:58:39.570+0000] {dagbag.py:545} INFO - Filling up the DagBag from /home/airflow/.local/lib/python3.12/site-packages/airflow/example_dags/example_latest_only.py
[2024-05-08T13:58:39.576+0000] {processor.py:840} INFO - DAG(s) 'latest_only' retrieved from /home/airflow/.local/lib/python3.12/site-packages/airflow/example_dags/example_latest_only.py
[2024-05-08T13:58:39.601+0000] {logging_mixin.py:188} INFO - [2024-05-08T13:58:39.601+0000] {dag.py:3096} INFO - Sync 1 DAGs
[2024-05-08T13:58:39.630+0000] {logging_mixin.py:188} INFO - [2024-05-08T13:58:39.630+0000] {dag.py:3954} INFO - Setting next_dagrun for latest_only to 2024-05-08 08:00:00+00:00, run_after=2024-05-08 12:00:00+00:00
[2024-05-08T13:58:39.657+0000] {processor.py:183} INFO - Processing /home/airflow/.local/lib/python3.12/site-packages/airflow/example_dags/example_latest_only.py took 0.099 seconds
[2024-05-08T13:59:11.476+0000] {processor.py:161} INFO - Started process (PID=1401) to work on /home/airflow/.local/lib/python3.12/site-packages/airflow/example_dags/example_latest_only.py
[2024-05-08T13:59:11.480+0000] {processor.py:830} INFO - Processing file /home/airflow/.local/lib/python3.12/site-packages/airflow/example_dags/example_latest_only.py for tasks to queue
[2024-05-08T13:59:11.483+0000] {logging_mixin.py:188} INFO - [2024-05-08T13:59:11.483+0000] {dagbag.py:545} INFO - Filling up the DagBag from /home/airflow/.local/lib/python3.12/site-packages/airflow/example_dags/example_latest_only.py
[2024-05-08T13:59:11.489+0000] {processor.py:840} INFO - DAG(s) 'latest_only' retrieved from /home/airflow/.local/lib/python3.12/site-packages/airflow/example_dags/example_latest_only.py
[2024-05-08T13:59:11.520+0000] {logging_mixin.py:188} INFO - [2024-05-08T13:59:11.519+0000] {dag.py:3096} INFO - Sync 1 DAGs
[2024-05-08T13:59:11.692+0000] {logging_mixin.py:188} INFO - [2024-05-08T13:59:11.692+0000] {dag.py:3954} INFO - Setting next_dagrun for latest_only to 2024-05-08 08:00:00+00:00, run_after=2024-05-08 12:00:00+00:00
[2024-05-08T13:59:11.716+0000] {processor.py:183} INFO - Processing /home/airflow/.local/lib/python3.12/site-packages/airflow/example_dags/example_latest_only.py took 0.250 seconds
[2024-05-08T13:59:41.821+0000] {processor.py:161} INFO - Started process (PID=1461) to work on /home/airflow/.local/lib/python3.12/site-packages/airflow/example_dags/example_latest_only.py
[2024-05-08T13:59:41.822+0000] {processor.py:830} INFO - Processing file /home/airflow/.local/lib/python3.12/site-packages/airflow/example_dags/example_latest_only.py for tasks to queue
[2024-05-08T13:59:41.825+0000] {logging_mixin.py:188} INFO - [2024-05-08T13:59:41.824+0000] {dagbag.py:545} INFO - Filling up the DagBag from /home/airflow/.local/lib/python3.12/site-packages/airflow/example_dags/example_latest_only.py
[2024-05-08T13:59:41.830+0000] {processor.py:840} INFO - DAG(s) 'latest_only' retrieved from /home/airflow/.local/lib/python3.12/site-packages/airflow/example_dags/example_latest_only.py
[2024-05-08T13:59:41.853+0000] {logging_mixin.py:188} INFO - [2024-05-08T13:59:41.853+0000] {dag.py:3096} INFO - Sync 1 DAGs
[2024-05-08T13:59:42.005+0000] {logging_mixin.py:188} INFO - [2024-05-08T13:59:42.005+0000] {dag.py:3954} INFO - Setting next_dagrun for latest_only to 2024-05-08 08:00:00+00:00, run_after=2024-05-08 12:00:00+00:00
[2024-05-08T13:59:42.026+0000] {processor.py:183} INFO - Processing /home/airflow/.local/lib/python3.12/site-packages/airflow/example_dags/example_latest_only.py took 0.213 seconds
[2024-05-08T14:00:12.124+0000] {processor.py:161} INFO - Started process (PID=1521) to work on /home/airflow/.local/lib/python3.12/site-packages/airflow/example_dags/example_latest_only.py
[2024-05-08T14:00:12.125+0000] {processor.py:830} INFO - Processing file /home/airflow/.local/lib/python3.12/site-packages/airflow/example_dags/example_latest_only.py for tasks to queue
[2024-05-08T14:00:12.128+0000] {logging_mixin.py:188} INFO - [2024-05-08T14:00:12.128+0000] {dagbag.py:545} INFO - Filling up the DagBag from /home/airflow/.local/lib/python3.12/site-packages/airflow/example_dags/example_latest_only.py
[2024-05-08T14:00:12.134+0000] {processor.py:840} INFO - DAG(s) 'latest_only' retrieved from /home/airflow/.local/lib/python3.12/site-packages/airflow/example_dags/example_latest_only.py
[2024-05-08T14:00:12.163+0000] {logging_mixin.py:188} INFO - [2024-05-08T14:00:12.163+0000] {dag.py:3096} INFO - Sync 1 DAGs
[2024-05-08T14:00:12.195+0000] {logging_mixin.py:188} INFO - [2024-05-08T14:00:12.195+0000] {dag.py:3954} INFO - Setting next_dagrun for latest_only to 2024-05-08 08:00:00+00:00, run_after=2024-05-08 12:00:00+00:00
[2024-05-08T14:00:12.226+0000] {processor.py:183} INFO - Processing /home/airflow/.local/lib/python3.12/site-packages/airflow/example_dags/example_latest_only.py took 0.110 seconds
[2024-05-08T14:00:43.999+0000] {processor.py:161} INFO - Started process (PID=1581) to work on /home/airflow/.local/lib/python3.12/site-packages/airflow/example_dags/example_latest_only.py
[2024-05-08T14:00:44.000+0000] {processor.py:830} INFO - Processing file /home/airflow/.local/lib/python3.12/site-packages/airflow/example_dags/example_latest_only.py for tasks to queue
[2024-05-08T14:00:44.004+0000] {logging_mixin.py:188} INFO - [2024-05-08T14:00:44.003+0000] {dagbag.py:545} INFO - Filling up the DagBag from /home/airflow/.local/lib/python3.12/site-packages/airflow/example_dags/example_latest_only.py
[2024-05-08T14:00:44.011+0000] {processor.py:840} INFO - DAG(s) 'latest_only' retrieved from /home/airflow/.local/lib/python3.12/site-packages/airflow/example_dags/example_latest_only.py
[2024-05-08T14:00:44.037+0000] {logging_mixin.py:188} INFO - [2024-05-08T14:00:44.037+0000] {dag.py:3096} INFO - Sync 1 DAGs
[2024-05-08T14:00:44.066+0000] {logging_mixin.py:188} INFO - [2024-05-08T14:00:44.066+0000] {dag.py:3954} INFO - Setting next_dagrun for latest_only to 2024-05-08 08:00:00+00:00, run_after=2024-05-08 12:00:00+00:00
[2024-05-08T14:00:44.090+0000] {processor.py:183} INFO - Processing /home/airflow/.local/lib/python3.12/site-packages/airflow/example_dags/example_latest_only.py took 0.099 seconds
[2024-05-08T14:01:14.582+0000] {processor.py:161} INFO - Started process (PID=1640) to work on /home/airflow/.local/lib/python3.12/site-packages/airflow/example_dags/example_latest_only.py
[2024-05-08T14:01:14.585+0000] {processor.py:830} INFO - Processing file /home/airflow/.local/lib/python3.12/site-packages/airflow/example_dags/example_latest_only.py for tasks to queue
[2024-05-08T14:01:14.589+0000] {logging_mixin.py:188} INFO - [2024-05-08T14:01:14.588+0000] {dagbag.py:545} INFO - Filling up the DagBag from /home/airflow/.local/lib/python3.12/site-packages/airflow/example_dags/example_latest_only.py
[2024-05-08T14:01:14.598+0000] {processor.py:840} INFO - DAG(s) 'latest_only' retrieved from /home/airflow/.local/lib/python3.12/site-packages/airflow/example_dags/example_latest_only.py
[2024-05-08T14:01:14.629+0000] {logging_mixin.py:188} INFO - [2024-05-08T14:01:14.629+0000] {dag.py:3096} INFO - Sync 1 DAGs
[2024-05-08T14:01:14.655+0000] {logging_mixin.py:188} INFO - [2024-05-08T14:01:14.654+0000] {dag.py:3954} INFO - Setting next_dagrun for latest_only to 2024-05-08 08:00:00+00:00, run_after=2024-05-08 12:00:00+00:00
[2024-05-08T14:01:14.680+0000] {processor.py:183} INFO - Processing /home/airflow/.local/lib/python3.12/site-packages/airflow/example_dags/example_latest_only.py took 0.109 seconds
[2024-05-08T14:01:46.526+0000] {processor.py:161} INFO - Started process (PID=1700) to work on /home/airflow/.local/lib/python3.12/site-packages/airflow/example_dags/example_latest_only.py
[2024-05-08T14:01:46.527+0000] {processor.py:830} INFO - Processing file /home/airflow/.local/lib/python3.12/site-packages/airflow/example_dags/example_latest_only.py for tasks to queue
[2024-05-08T14:01:46.616+0000] {logging_mixin.py:188} INFO - [2024-05-08T14:01:46.611+0000] {dagbag.py:545} INFO - Filling up the DagBag from /home/airflow/.local/lib/python3.12/site-packages/airflow/example_dags/example_latest_only.py
[2024-05-08T14:01:46.629+0000] {processor.py:840} INFO - DAG(s) 'latest_only' retrieved from /home/airflow/.local/lib/python3.12/site-packages/airflow/example_dags/example_latest_only.py
[2024-05-08T14:01:46.673+0000] {logging_mixin.py:188} INFO - [2024-05-08T14:01:46.673+0000] {dag.py:3096} INFO - Sync 1 DAGs
[2024-05-08T14:01:46.734+0000] {logging_mixin.py:188} INFO - [2024-05-08T14:01:46.734+0000] {dag.py:3954} INFO - Setting next_dagrun for latest_only to 2024-05-08 08:00:00+00:00, run_after=2024-05-08 12:00:00+00:00
[2024-05-08T14:01:46.786+0000] {processor.py:183} INFO - Processing /home/airflow/.local/lib/python3.12/site-packages/airflow/example_dags/example_latest_only.py took 0.276 seconds
[2024-05-08T14:02:17.758+0000] {processor.py:161} INFO - Started process (PID=1759) to work on /home/airflow/.local/lib/python3.12/site-packages/airflow/example_dags/example_latest_only.py
[2024-05-08T14:02:17.776+0000] {processor.py:830} INFO - Processing file /home/airflow/.local/lib/python3.12/site-packages/airflow/example_dags/example_latest_only.py for tasks to queue
[2024-05-08T14:02:17.779+0000] {logging_mixin.py:188} INFO - [2024-05-08T14:02:17.778+0000] {dagbag.py:545} INFO - Filling up the DagBag from /home/airflow/.local/lib/python3.12/site-packages/airflow/example_dags/example_latest_only.py
[2024-05-08T14:02:17.786+0000] {processor.py:840} INFO - DAG(s) 'latest_only' retrieved from /home/airflow/.local/lib/python3.12/site-packages/airflow/example_dags/example_latest_only.py
[2024-05-08T14:02:17.811+0000] {logging_mixin.py:188} INFO - [2024-05-08T14:02:17.811+0000] {dag.py:3096} INFO - Sync 1 DAGs
[2024-05-08T14:02:17.840+0000] {logging_mixin.py:188} INFO - [2024-05-08T14:02:17.840+0000] {dag.py:3954} INFO - Setting next_dagrun for latest_only to 2024-05-08 08:00:00+00:00, run_after=2024-05-08 12:00:00+00:00
[2024-05-08T14:02:17.866+0000] {processor.py:183} INFO - Processing /home/airflow/.local/lib/python3.12/site-packages/airflow/example_dags/example_latest_only.py took 0.117 seconds
[2024-05-08T14:02:48.262+0000] {processor.py:161} INFO - Started process (PID=1819) to work on /home/airflow/.local/lib/python3.12/site-packages/airflow/example_dags/example_latest_only.py
[2024-05-08T14:02:48.264+0000] {processor.py:830} INFO - Processing file /home/airflow/.local/lib/python3.12/site-packages/airflow/example_dags/example_latest_only.py for tasks to queue
[2024-05-08T14:02:48.267+0000] {logging_mixin.py:188} INFO - [2024-05-08T14:02:48.267+0000] {dagbag.py:545} INFO - Filling up the DagBag from /home/airflow/.local/lib/python3.12/site-packages/airflow/example_dags/example_latest_only.py
[2024-05-08T14:02:48.275+0000] {processor.py:840} INFO - DAG(s) 'latest_only' retrieved from /home/airflow/.local/lib/python3.12/site-packages/airflow/example_dags/example_latest_only.py
[2024-05-08T14:02:48.300+0000] {logging_mixin.py:188} INFO - [2024-05-08T14:02:48.299+0000] {dag.py:3096} INFO - Sync 1 DAGs
[2024-05-08T14:02:48.330+0000] {logging_mixin.py:188} INFO - [2024-05-08T14:02:48.329+0000] {dag.py:3954} INFO - Setting next_dagrun for latest_only to 2024-05-08 08:00:00+00:00, run_after=2024-05-08 12:00:00+00:00
[2024-05-08T14:02:48.352+0000] {processor.py:183} INFO - Processing /home/airflow/.local/lib/python3.12/site-packages/airflow/example_dags/example_latest_only.py took 0.099 seconds
[2024-05-08T14:03:20.309+0000] {processor.py:161} INFO - Started process (PID=1879) to work on /home/airflow/.local/lib/python3.12/site-packages/airflow/example_dags/example_latest_only.py
[2024-05-08T14:03:20.311+0000] {processor.py:830} INFO - Processing file /home/airflow/.local/lib/python3.12/site-packages/airflow/example_dags/example_latest_only.py for tasks to queue
[2024-05-08T14:03:20.315+0000] {logging_mixin.py:188} INFO - [2024-05-08T14:03:20.314+0000] {dagbag.py:545} INFO - Filling up the DagBag from /home/airflow/.local/lib/python3.12/site-packages/airflow/example_dags/example_latest_only.py
[2024-05-08T14:03:20.323+0000] {processor.py:840} INFO - DAG(s) 'latest_only' retrieved from /home/airflow/.local/lib/python3.12/site-packages/airflow/example_dags/example_latest_only.py
[2024-05-08T14:03:20.355+0000] {logging_mixin.py:188} INFO - [2024-05-08T14:03:20.355+0000] {dag.py:3096} INFO - Sync 1 DAGs
[2024-05-08T14:03:20.406+0000] {logging_mixin.py:188} INFO - [2024-05-08T14:03:20.404+0000] {dag.py:3954} INFO - Setting next_dagrun for latest_only to 2024-05-08 08:00:00+00:00, run_after=2024-05-08 12:00:00+00:00
[2024-05-08T14:03:20.455+0000] {processor.py:183} INFO - Processing /home/airflow/.local/lib/python3.12/site-packages/airflow/example_dags/example_latest_only.py took 0.154 seconds
[2024-05-08T14:03:50.912+0000] {processor.py:161} INFO - Started process (PID=1938) to work on /home/airflow/.local/lib/python3.12/site-packages/airflow/example_dags/example_latest_only.py
[2024-05-08T14:03:50.914+0000] {processor.py:830} INFO - Processing file /home/airflow/.local/lib/python3.12/site-packages/airflow/example_dags/example_latest_only.py for tasks to queue
[2024-05-08T14:03:50.916+0000] {logging_mixin.py:188} INFO - [2024-05-08T14:03:50.916+0000] {dagbag.py:545} INFO - Filling up the DagBag from /home/airflow/.local/lib/python3.12/site-packages/airflow/example_dags/example_latest_only.py
[2024-05-08T14:03:50.922+0000] {processor.py:840} INFO - DAG(s) 'latest_only' retrieved from /home/airflow/.local/lib/python3.12/site-packages/airflow/example_dags/example_latest_only.py
[2024-05-08T14:03:50.946+0000] {logging_mixin.py:188} INFO - [2024-05-08T14:03:50.946+0000] {dag.py:3096} INFO - Sync 1 DAGs
[2024-05-08T14:03:50.970+0000] {logging_mixin.py:188} INFO - [2024-05-08T14:03:50.970+0000] {dag.py:3954} INFO - Setting next_dagrun for latest_only to 2024-05-08 08:00:00+00:00, run_after=2024-05-08 12:00:00+00:00
[2024-05-08T14:03:50.992+0000] {processor.py:183} INFO - Processing /home/airflow/.local/lib/python3.12/site-packages/airflow/example_dags/example_latest_only.py took 0.087 seconds
[2024-05-08T14:04:21.779+0000] {processor.py:161} INFO - Started process (PID=2004) to work on /home/airflow/.local/lib/python3.12/site-packages/airflow/example_dags/example_latest_only.py
[2024-05-08T14:04:21.780+0000] {processor.py:830} INFO - Processing file /home/airflow/.local/lib/python3.12/site-packages/airflow/example_dags/example_latest_only.py for tasks to queue
[2024-05-08T14:04:21.783+0000] {logging_mixin.py:188} INFO - [2024-05-08T14:04:21.783+0000] {dagbag.py:545} INFO - Filling up the DagBag from /home/airflow/.local/lib/python3.12/site-packages/airflow/example_dags/example_latest_only.py
[2024-05-08T14:04:21.789+0000] {processor.py:840} INFO - DAG(s) 'latest_only' retrieved from /home/airflow/.local/lib/python3.12/site-packages/airflow/example_dags/example_latest_only.py
[2024-05-08T14:04:21.816+0000] {logging_mixin.py:188} INFO - [2024-05-08T14:04:21.816+0000] {dag.py:3096} INFO - Sync 1 DAGs
[2024-05-08T14:04:21.840+0000] {logging_mixin.py:188} INFO - [2024-05-08T14:04:21.840+0000] {dag.py:3954} INFO - Setting next_dagrun for latest_only to 2024-05-08 08:00:00+00:00, run_after=2024-05-08 12:00:00+00:00
[2024-05-08T14:04:21.863+0000] {processor.py:183} INFO - Processing /home/airflow/.local/lib/python3.12/site-packages/airflow/example_dags/example_latest_only.py took 0.091 seconds
[2024-05-08T14:04:51.963+0000] {processor.py:161} INFO - Started process (PID=2064) to work on /home/airflow/.local/lib/python3.12/site-packages/airflow/example_dags/example_latest_only.py
[2024-05-08T14:04:51.965+0000] {processor.py:830} INFO - Processing file /home/airflow/.local/lib/python3.12/site-packages/airflow/example_dags/example_latest_only.py for tasks to queue
[2024-05-08T14:04:51.968+0000] {logging_mixin.py:188} INFO - [2024-05-08T14:04:51.968+0000] {dagbag.py:545} INFO - Filling up the DagBag from /home/airflow/.local/lib/python3.12/site-packages/airflow/example_dags/example_latest_only.py
[2024-05-08T14:04:51.975+0000] {processor.py:840} INFO - DAG(s) 'latest_only' retrieved from /home/airflow/.local/lib/python3.12/site-packages/airflow/example_dags/example_latest_only.py
[2024-05-08T14:04:52.002+0000] {logging_mixin.py:188} INFO - [2024-05-08T14:04:52.002+0000] {dag.py:3096} INFO - Sync 1 DAGs
[2024-05-08T14:04:52.034+0000] {logging_mixin.py:188} INFO - [2024-05-08T14:04:52.034+0000] {dag.py:3954} INFO - Setting next_dagrun for latest_only to 2024-05-08 08:00:00+00:00, run_after=2024-05-08 12:00:00+00:00
[2024-05-08T14:04:52.066+0000] {processor.py:183} INFO - Processing /home/airflow/.local/lib/python3.12/site-packages/airflow/example_dags/example_latest_only.py took 0.111 seconds
[2024-05-08T14:05:23.980+0000] {processor.py:161} INFO - Started process (PID=2123) to work on /home/airflow/.local/lib/python3.12/site-packages/airflow/example_dags/example_latest_only.py
[2024-05-08T14:05:23.982+0000] {processor.py:830} INFO - Processing file /home/airflow/.local/lib/python3.12/site-packages/airflow/example_dags/example_latest_only.py for tasks to queue
[2024-05-08T14:05:23.985+0000] {logging_mixin.py:188} INFO - [2024-05-08T14:05:23.985+0000] {dagbag.py:545} INFO - Filling up the DagBag from /home/airflow/.local/lib/python3.12/site-packages/airflow/example_dags/example_latest_only.py
[2024-05-08T14:05:23.992+0000] {processor.py:840} INFO - DAG(s) 'latest_only' retrieved from /home/airflow/.local/lib/python3.12/site-packages/airflow/example_dags/example_latest_only.py
[2024-05-08T14:05:24.027+0000] {logging_mixin.py:188} INFO - [2024-05-08T14:05:24.027+0000] {dag.py:3096} INFO - Sync 1 DAGs
[2024-05-08T14:05:24.058+0000] {logging_mixin.py:188} INFO - [2024-05-08T14:05:24.057+0000] {dag.py:3954} INFO - Setting next_dagrun for latest_only to 2024-05-08 08:00:00+00:00, run_after=2024-05-08 12:00:00+00:00
[2024-05-08T14:05:24.091+0000] {processor.py:183} INFO - Processing /home/airflow/.local/lib/python3.12/site-packages/airflow/example_dags/example_latest_only.py took 0.122 seconds
[2024-05-08T14:05:54.333+0000] {processor.py:161} INFO - Started process (PID=2183) to work on /home/airflow/.local/lib/python3.12/site-packages/airflow/example_dags/example_latest_only.py
[2024-05-08T14:05:54.335+0000] {processor.py:830} INFO - Processing file /home/airflow/.local/lib/python3.12/site-packages/airflow/example_dags/example_latest_only.py for tasks to queue
[2024-05-08T14:05:54.337+0000] {logging_mixin.py:188} INFO - [2024-05-08T14:05:54.337+0000] {dagbag.py:545} INFO - Filling up the DagBag from /home/airflow/.local/lib/python3.12/site-packages/airflow/example_dags/example_latest_only.py
[2024-05-08T14:05:54.342+0000] {processor.py:840} INFO - DAG(s) 'latest_only' retrieved from /home/airflow/.local/lib/python3.12/site-packages/airflow/example_dags/example_latest_only.py
[2024-05-08T14:05:54.371+0000] {logging_mixin.py:188} INFO - [2024-05-08T14:05:54.371+0000] {dag.py:3096} INFO - Sync 1 DAGs
[2024-05-08T14:05:54.399+0000] {logging_mixin.py:188} INFO - [2024-05-08T14:05:54.399+0000] {dag.py:3954} INFO - Setting next_dagrun for latest_only to 2024-05-08 08:00:00+00:00, run_after=2024-05-08 12:00:00+00:00
[2024-05-08T14:05:54.429+0000] {processor.py:183} INFO - Processing /home/airflow/.local/lib/python3.12/site-packages/airflow/example_dags/example_latest_only.py took 0.103 seconds
[2024-05-08T14:06:24.729+0000] {processor.py:161} INFO - Started process (PID=2243) to work on /home/airflow/.local/lib/python3.12/site-packages/airflow/example_dags/example_latest_only.py
[2024-05-08T14:06:24.730+0000] {processor.py:830} INFO - Processing file /home/airflow/.local/lib/python3.12/site-packages/airflow/example_dags/example_latest_only.py for tasks to queue
[2024-05-08T14:06:24.733+0000] {logging_mixin.py:188} INFO - [2024-05-08T14:06:24.732+0000] {dagbag.py:545} INFO - Filling up the DagBag from /home/airflow/.local/lib/python3.12/site-packages/airflow/example_dags/example_latest_only.py
[2024-05-08T14:06:24.740+0000] {processor.py:840} INFO - DAG(s) 'latest_only' retrieved from /home/airflow/.local/lib/python3.12/site-packages/airflow/example_dags/example_latest_only.py
[2024-05-08T14:06:24.774+0000] {logging_mixin.py:188} INFO - [2024-05-08T14:06:24.773+0000] {dag.py:3096} INFO - Sync 1 DAGs
[2024-05-08T14:06:24.803+0000] {logging_mixin.py:188} INFO - [2024-05-08T14:06:24.803+0000] {dag.py:3954} INFO - Setting next_dagrun for latest_only to 2024-05-08 08:00:00+00:00, run_after=2024-05-08 12:00:00+00:00
[2024-05-08T14:06:24.833+0000] {processor.py:183} INFO - Processing /home/airflow/.local/lib/python3.12/site-packages/airflow/example_dags/example_latest_only.py took 0.115 seconds
[2024-05-08T14:06:55.035+0000] {processor.py:161} INFO - Started process (PID=2303) to work on /home/airflow/.local/lib/python3.12/site-packages/airflow/example_dags/example_latest_only.py
[2024-05-08T14:06:55.038+0000] {processor.py:830} INFO - Processing file /home/airflow/.local/lib/python3.12/site-packages/airflow/example_dags/example_latest_only.py for tasks to queue
[2024-05-08T14:06:55.041+0000] {logging_mixin.py:188} INFO - [2024-05-08T14:06:55.041+0000] {dagbag.py:545} INFO - Filling up the DagBag from /home/airflow/.local/lib/python3.12/site-packages/airflow/example_dags/example_latest_only.py
[2024-05-08T14:06:55.047+0000] {processor.py:840} INFO - DAG(s) 'latest_only' retrieved from /home/airflow/.local/lib/python3.12/site-packages/airflow/example_dags/example_latest_only.py
[2024-05-08T14:06:55.145+0000] {logging_mixin.py:188} INFO - [2024-05-08T14:06:55.145+0000] {dag.py:3096} INFO - Sync 1 DAGs
[2024-05-08T14:06:55.245+0000] {logging_mixin.py:188} INFO - [2024-05-08T14:06:55.244+0000] {dag.py:3954} INFO - Setting next_dagrun for latest_only to 2024-05-08 08:00:00+00:00, run_after=2024-05-08 12:00:00+00:00
[2024-05-08T14:06:55.342+0000] {processor.py:183} INFO - Processing /home/airflow/.local/lib/python3.12/site-packages/airflow/example_dags/example_latest_only.py took 0.318 seconds
[2024-05-08T14:07:26.068+0000] {processor.py:161} INFO - Started process (PID=2363) to work on /home/airflow/.local/lib/python3.12/site-packages/airflow/example_dags/example_latest_only.py
[2024-05-08T14:07:26.070+0000] {processor.py:830} INFO - Processing file /home/airflow/.local/lib/python3.12/site-packages/airflow/example_dags/example_latest_only.py for tasks to queue
[2024-05-08T14:07:26.074+0000] {logging_mixin.py:188} INFO - [2024-05-08T14:07:26.074+0000] {dagbag.py:545} INFO - Filling up the DagBag from /home/airflow/.local/lib/python3.12/site-packages/airflow/example_dags/example_latest_only.py
[2024-05-08T14:07:26.082+0000] {processor.py:840} INFO - DAG(s) 'latest_only' retrieved from /home/airflow/.local/lib/python3.12/site-packages/airflow/example_dags/example_latest_only.py
[2024-05-08T14:07:26.109+0000] {logging_mixin.py:188} INFO - [2024-05-08T14:07:26.109+0000] {dag.py:3096} INFO - Sync 1 DAGs
[2024-05-08T14:07:26.145+0000] {logging_mixin.py:188} INFO - [2024-05-08T14:07:26.145+0000] {dag.py:3954} INFO - Setting next_dagrun for latest_only to 2024-05-08 08:00:00+00:00, run_after=2024-05-08 12:00:00+00:00
[2024-05-08T14:07:26.180+0000] {processor.py:183} INFO - Processing /home/airflow/.local/lib/python3.12/site-packages/airflow/example_dags/example_latest_only.py took 0.127 seconds
[2024-05-08T14:07:56.888+0000] {processor.py:161} INFO - Started process (PID=2423) to work on /home/airflow/.local/lib/python3.12/site-packages/airflow/example_dags/example_latest_only.py
[2024-05-08T14:07:56.891+0000] {processor.py:830} INFO - Processing file /home/airflow/.local/lib/python3.12/site-packages/airflow/example_dags/example_latest_only.py for tasks to queue
[2024-05-08T14:07:56.893+0000] {logging_mixin.py:188} INFO - [2024-05-08T14:07:56.893+0000] {dagbag.py:545} INFO - Filling up the DagBag from /home/airflow/.local/lib/python3.12/site-packages/airflow/example_dags/example_latest_only.py
[2024-05-08T14:07:56.900+0000] {processor.py:840} INFO - DAG(s) 'latest_only' retrieved from /home/airflow/.local/lib/python3.12/site-packages/airflow/example_dags/example_latest_only.py
[2024-05-08T14:07:56.929+0000] {logging_mixin.py:188} INFO - [2024-05-08T14:07:56.929+0000] {dag.py:3096} INFO - Sync 1 DAGs
[2024-05-08T14:07:56.955+0000] {logging_mixin.py:188} INFO - [2024-05-08T14:07:56.954+0000] {dag.py:3954} INFO - Setting next_dagrun for latest_only to 2024-05-08 08:00:00+00:00, run_after=2024-05-08 12:00:00+00:00
[2024-05-08T14:07:56.982+0000] {processor.py:183} INFO - Processing /home/airflow/.local/lib/python3.12/site-packages/airflow/example_dags/example_latest_only.py took 0.103 seconds
[2024-05-08T14:08:27.256+0000] {processor.py:161} INFO - Started process (PID=2483) to work on /home/airflow/.local/lib/python3.12/site-packages/airflow/example_dags/example_latest_only.py
[2024-05-08T14:08:27.258+0000] {processor.py:830} INFO - Processing file /home/airflow/.local/lib/python3.12/site-packages/airflow/example_dags/example_latest_only.py for tasks to queue
[2024-05-08T14:08:27.261+0000] {logging_mixin.py:188} INFO - [2024-05-08T14:08:27.261+0000] {dagbag.py:545} INFO - Filling up the DagBag from /home/airflow/.local/lib/python3.12/site-packages/airflow/example_dags/example_latest_only.py
[2024-05-08T14:08:27.267+0000] {processor.py:840} INFO - DAG(s) 'latest_only' retrieved from /home/airflow/.local/lib/python3.12/site-packages/airflow/example_dags/example_latest_only.py
[2024-05-08T14:08:27.299+0000] {logging_mixin.py:188} INFO - [2024-05-08T14:08:27.298+0000] {dag.py:3096} INFO - Sync 1 DAGs
[2024-05-08T14:08:27.333+0000] {logging_mixin.py:188} INFO - [2024-05-08T14:08:27.333+0000] {dag.py:3954} INFO - Setting next_dagrun for latest_only to 2024-05-08 08:00:00+00:00, run_after=2024-05-08 12:00:00+00:00
[2024-05-08T14:08:27.370+0000] {processor.py:183} INFO - Processing /home/airflow/.local/lib/python3.12/site-packages/airflow/example_dags/example_latest_only.py took 0.121 seconds
[2024-05-08T14:08:57.462+0000] {processor.py:161} INFO - Started process (PID=2543) to work on /home/airflow/.local/lib/python3.12/site-packages/airflow/example_dags/example_latest_only.py
[2024-05-08T14:08:57.464+0000] {processor.py:830} INFO - Processing file /home/airflow/.local/lib/python3.12/site-packages/airflow/example_dags/example_latest_only.py for tasks to queue
[2024-05-08T14:08:57.467+0000] {logging_mixin.py:188} INFO - [2024-05-08T14:08:57.467+0000] {dagbag.py:545} INFO - Filling up the DagBag from /home/airflow/.local/lib/python3.12/site-packages/airflow/example_dags/example_latest_only.py
[2024-05-08T14:08:57.476+0000] {processor.py:840} INFO - DAG(s) 'latest_only' retrieved from /home/airflow/.local/lib/python3.12/site-packages/airflow/example_dags/example_latest_only.py
[2024-05-08T14:08:57.511+0000] {logging_mixin.py:188} INFO - [2024-05-08T14:08:57.510+0000] {dag.py:3096} INFO - Sync 1 DAGs
[2024-05-08T14:08:57.546+0000] {logging_mixin.py:188} INFO - [2024-05-08T14:08:57.546+0000] {dag.py:3954} INFO - Setting next_dagrun for latest_only to 2024-05-08 08:00:00+00:00, run_after=2024-05-08 12:00:00+00:00
[2024-05-08T14:08:57.585+0000] {processor.py:183} INFO - Processing /home/airflow/.local/lib/python3.12/site-packages/airflow/example_dags/example_latest_only.py took 0.132 seconds
[2024-05-08T14:09:27.986+0000] {processor.py:161} INFO - Started process (PID=2603) to work on /home/airflow/.local/lib/python3.12/site-packages/airflow/example_dags/example_latest_only.py
[2024-05-08T14:09:27.987+0000] {processor.py:830} INFO - Processing file /home/airflow/.local/lib/python3.12/site-packages/airflow/example_dags/example_latest_only.py for tasks to queue
[2024-05-08T14:09:27.990+0000] {logging_mixin.py:188} INFO - [2024-05-08T14:09:27.989+0000] {dagbag.py:545} INFO - Filling up the DagBag from /home/airflow/.local/lib/python3.12/site-packages/airflow/example_dags/example_latest_only.py
[2024-05-08T14:09:27.996+0000] {processor.py:840} INFO - DAG(s) 'latest_only' retrieved from /home/airflow/.local/lib/python3.12/site-packages/airflow/example_dags/example_latest_only.py
[2024-05-08T14:09:28.038+0000] {logging_mixin.py:188} INFO - [2024-05-08T14:09:28.037+0000] {dag.py:3096} INFO - Sync 1 DAGs
[2024-05-08T14:09:28.069+0000] {logging_mixin.py:188} INFO - [2024-05-08T14:09:28.068+0000] {dag.py:3954} INFO - Setting next_dagrun for latest_only to 2024-05-08 08:00:00+00:00, run_after=2024-05-08 12:00:00+00:00
[2024-05-08T14:09:28.097+0000] {processor.py:183} INFO - Processing /home/airflow/.local/lib/python3.12/site-packages/airflow/example_dags/example_latest_only.py took 0.121 seconds
[2024-05-08T14:09:58.354+0000] {processor.py:161} INFO - Started process (PID=2663) to work on /home/airflow/.local/lib/python3.12/site-packages/airflow/example_dags/example_latest_only.py
[2024-05-08T14:09:58.355+0000] {processor.py:830} INFO - Processing file /home/airflow/.local/lib/python3.12/site-packages/airflow/example_dags/example_latest_only.py for tasks to queue
[2024-05-08T14:09:58.358+0000] {logging_mixin.py:188} INFO - [2024-05-08T14:09:58.358+0000] {dagbag.py:545} INFO - Filling up the DagBag from /home/airflow/.local/lib/python3.12/site-packages/airflow/example_dags/example_latest_only.py
[2024-05-08T14:09:58.365+0000] {processor.py:840} INFO - DAG(s) 'latest_only' retrieved from /home/airflow/.local/lib/python3.12/site-packages/airflow/example_dags/example_latest_only.py
[2024-05-08T14:09:58.393+0000] {logging_mixin.py:188} INFO - [2024-05-08T14:09:58.392+0000] {dag.py:3096} INFO - Sync 1 DAGs
[2024-05-08T14:09:58.419+0000] {logging_mixin.py:188} INFO - [2024-05-08T14:09:58.419+0000] {dag.py:3954} INFO - Setting next_dagrun for latest_only to 2024-05-08 08:00:00+00:00, run_after=2024-05-08 12:00:00+00:00
[2024-05-08T14:09:58.458+0000] {processor.py:183} INFO - Processing /home/airflow/.local/lib/python3.12/site-packages/airflow/example_dags/example_latest_only.py took 0.111 seconds
[2024-05-08T14:10:29.902+0000] {processor.py:161} INFO - Started process (PID=2723) to work on /home/airflow/.local/lib/python3.12/site-packages/airflow/example_dags/example_latest_only.py
[2024-05-08T14:10:29.908+0000] {processor.py:830} INFO - Processing file /home/airflow/.local/lib/python3.12/site-packages/airflow/example_dags/example_latest_only.py for tasks to queue
[2024-05-08T14:10:29.912+0000] {logging_mixin.py:188} INFO - [2024-05-08T14:10:29.911+0000] {dagbag.py:545} INFO - Filling up the DagBag from /home/airflow/.local/lib/python3.12/site-packages/airflow/example_dags/example_latest_only.py
[2024-05-08T14:10:29.920+0000] {processor.py:840} INFO - DAG(s) 'latest_only' retrieved from /home/airflow/.local/lib/python3.12/site-packages/airflow/example_dags/example_latest_only.py
[2024-05-08T14:10:29.955+0000] {logging_mixin.py:188} INFO - [2024-05-08T14:10:29.955+0000] {dag.py:3096} INFO - Sync 1 DAGs
[2024-05-08T14:10:29.993+0000] {logging_mixin.py:188} INFO - [2024-05-08T14:10:29.993+0000] {dag.py:3954} INFO - Setting next_dagrun for latest_only to 2024-05-08 08:00:00+00:00, run_after=2024-05-08 12:00:00+00:00
[2024-05-08T14:10:30.021+0000] {processor.py:183} INFO - Processing /home/airflow/.local/lib/python3.12/site-packages/airflow/example_dags/example_latest_only.py took 0.130 seconds
[2024-05-08T14:11:00.352+0000] {processor.py:161} INFO - Started process (PID=2783) to work on /home/airflow/.local/lib/python3.12/site-packages/airflow/example_dags/example_latest_only.py
[2024-05-08T14:11:00.353+0000] {processor.py:830} INFO - Processing file /home/airflow/.local/lib/python3.12/site-packages/airflow/example_dags/example_latest_only.py for tasks to queue
[2024-05-08T14:11:00.356+0000] {logging_mixin.py:188} INFO - [2024-05-08T14:11:00.355+0000] {dagbag.py:545} INFO - Filling up the DagBag from /home/airflow/.local/lib/python3.12/site-packages/airflow/example_dags/example_latest_only.py
[2024-05-08T14:11:00.362+0000] {processor.py:840} INFO - DAG(s) 'latest_only' retrieved from /home/airflow/.local/lib/python3.12/site-packages/airflow/example_dags/example_latest_only.py
[2024-05-08T14:11:00.394+0000] {logging_mixin.py:188} INFO - [2024-05-08T14:11:00.394+0000] {dag.py:3096} INFO - Sync 1 DAGs
[2024-05-08T14:11:00.431+0000] {logging_mixin.py:188} INFO - [2024-05-08T14:11:00.430+0000] {dag.py:3954} INFO - Setting next_dagrun for latest_only to 2024-05-08 08:00:00+00:00, run_after=2024-05-08 12:00:00+00:00
[2024-05-08T14:11:00.460+0000] {processor.py:183} INFO - Processing /home/airflow/.local/lib/python3.12/site-packages/airflow/example_dags/example_latest_only.py took 0.116 seconds
[2024-05-08T14:11:32.282+0000] {processor.py:161} INFO - Started process (PID=2843) to work on /home/airflow/.local/lib/python3.12/site-packages/airflow/example_dags/example_latest_only.py
[2024-05-08T14:11:32.283+0000] {processor.py:830} INFO - Processing file /home/airflow/.local/lib/python3.12/site-packages/airflow/example_dags/example_latest_only.py for tasks to queue
[2024-05-08T14:11:32.286+0000] {logging_mixin.py:188} INFO - [2024-05-08T14:11:32.286+0000] {dagbag.py:545} INFO - Filling up the DagBag from /home/airflow/.local/lib/python3.12/site-packages/airflow/example_dags/example_latest_only.py
[2024-05-08T14:11:32.292+0000] {processor.py:840} INFO - DAG(s) 'latest_only' retrieved from /home/airflow/.local/lib/python3.12/site-packages/airflow/example_dags/example_latest_only.py
[2024-05-08T14:11:32.323+0000] {logging_mixin.py:188} INFO - [2024-05-08T14:11:32.323+0000] {dag.py:3096} INFO - Sync 1 DAGs
[2024-05-08T14:11:32.353+0000] {logging_mixin.py:188} INFO - [2024-05-08T14:11:32.353+0000] {dag.py:3954} INFO - Setting next_dagrun for latest_only to 2024-05-08 08:00:00+00:00, run_after=2024-05-08 12:00:00+00:00
[2024-05-08T14:11:32.387+0000] {processor.py:183} INFO - Processing /home/airflow/.local/lib/python3.12/site-packages/airflow/example_dags/example_latest_only.py took 0.115 seconds
[2024-05-08T14:12:02.801+0000] {processor.py:161} INFO - Started process (PID=2903) to work on /home/airflow/.local/lib/python3.12/site-packages/airflow/example_dags/example_latest_only.py
[2024-05-08T14:12:02.802+0000] {processor.py:830} INFO - Processing file /home/airflow/.local/lib/python3.12/site-packages/airflow/example_dags/example_latest_only.py for tasks to queue
[2024-05-08T14:12:02.804+0000] {logging_mixin.py:188} INFO - [2024-05-08T14:12:02.804+0000] {dagbag.py:545} INFO - Filling up the DagBag from /home/airflow/.local/lib/python3.12/site-packages/airflow/example_dags/example_latest_only.py
[2024-05-08T14:12:02.814+0000] {processor.py:840} INFO - DAG(s) 'latest_only' retrieved from /home/airflow/.local/lib/python3.12/site-packages/airflow/example_dags/example_latest_only.py
[2024-05-08T14:12:02.961+0000] {logging_mixin.py:188} INFO - [2024-05-08T14:12:02.961+0000] {dag.py:3096} INFO - Sync 1 DAGs
[2024-05-08T14:12:03.023+0000] {logging_mixin.py:188} INFO - [2024-05-08T14:12:03.023+0000] {dag.py:3954} INFO - Setting next_dagrun for latest_only to 2024-05-08 08:00:00+00:00, run_after=2024-05-08 12:00:00+00:00
[2024-05-08T14:12:03.057+0000] {processor.py:183} INFO - Processing /home/airflow/.local/lib/python3.12/site-packages/airflow/example_dags/example_latest_only.py took 0.263 seconds
[2024-05-08T14:12:33.450+0000] {processor.py:161} INFO - Started process (PID=2963) to work on /home/airflow/.local/lib/python3.12/site-packages/airflow/example_dags/example_latest_only.py
[2024-05-08T14:12:33.451+0000] {processor.py:830} INFO - Processing file /home/airflow/.local/lib/python3.12/site-packages/airflow/example_dags/example_latest_only.py for tasks to queue
[2024-05-08T14:12:33.454+0000] {logging_mixin.py:188} INFO - [2024-05-08T14:12:33.453+0000] {dagbag.py:545} INFO - Filling up the DagBag from /home/airflow/.local/lib/python3.12/site-packages/airflow/example_dags/example_latest_only.py
[2024-05-08T14:12:33.459+0000] {processor.py:840} INFO - DAG(s) 'latest_only' retrieved from /home/airflow/.local/lib/python3.12/site-packages/airflow/example_dags/example_latest_only.py
[2024-05-08T14:12:33.484+0000] {logging_mixin.py:188} INFO - [2024-05-08T14:12:33.484+0000] {dag.py:3096} INFO - Sync 1 DAGs
[2024-05-08T14:12:33.510+0000] {logging_mixin.py:188} INFO - [2024-05-08T14:12:33.509+0000] {dag.py:3954} INFO - Setting next_dagrun for latest_only to 2024-05-08 08:00:00+00:00, run_after=2024-05-08 12:00:00+00:00
[2024-05-08T14:12:33.536+0000] {processor.py:183} INFO - Processing /home/airflow/.local/lib/python3.12/site-packages/airflow/example_dags/example_latest_only.py took 0.092 seconds
[2024-05-08T14:13:04.638+0000] {processor.py:161} INFO - Started process (PID=3023) to work on /home/airflow/.local/lib/python3.12/site-packages/airflow/example_dags/example_latest_only.py
[2024-05-08T14:13:04.640+0000] {processor.py:830} INFO - Processing file /home/airflow/.local/lib/python3.12/site-packages/airflow/example_dags/example_latest_only.py for tasks to queue
[2024-05-08T14:13:04.643+0000] {logging_mixin.py:188} INFO - [2024-05-08T14:13:04.642+0000] {dagbag.py:545} INFO - Filling up the DagBag from /home/airflow/.local/lib/python3.12/site-packages/airflow/example_dags/example_latest_only.py
[2024-05-08T14:13:04.649+0000] {processor.py:840} INFO - DAG(s) 'latest_only' retrieved from /home/airflow/.local/lib/python3.12/site-packages/airflow/example_dags/example_latest_only.py
[2024-05-08T14:13:04.677+0000] {logging_mixin.py:188} INFO - [2024-05-08T14:13:04.676+0000] {dag.py:3096} INFO - Sync 1 DAGs
[2024-05-08T14:13:04.706+0000] {logging_mixin.py:188} INFO - [2024-05-08T14:13:04.706+0000] {dag.py:3954} INFO - Setting next_dagrun for latest_only to 2024-05-08 08:00:00+00:00, run_after=2024-05-08 12:00:00+00:00
[2024-05-08T14:13:04.735+0000] {processor.py:183} INFO - Processing /home/airflow/.local/lib/python3.12/site-packages/airflow/example_dags/example_latest_only.py took 0.105 seconds
[2024-05-08T14:13:34.829+0000] {processor.py:161} INFO - Started process (PID=3083) to work on /home/airflow/.local/lib/python3.12/site-packages/airflow/example_dags/example_latest_only.py
[2024-05-08T14:13:34.830+0000] {processor.py:830} INFO - Processing file /home/airflow/.local/lib/python3.12/site-packages/airflow/example_dags/example_latest_only.py for tasks to queue
[2024-05-08T14:13:34.833+0000] {logging_mixin.py:188} INFO - [2024-05-08T14:13:34.832+0000] {dagbag.py:545} INFO - Filling up the DagBag from /home/airflow/.local/lib/python3.12/site-packages/airflow/example_dags/example_latest_only.py
[2024-05-08T14:13:34.838+0000] {processor.py:840} INFO - DAG(s) 'latest_only' retrieved from /home/airflow/.local/lib/python3.12/site-packages/airflow/example_dags/example_latest_only.py
[2024-05-08T14:13:34.864+0000] {logging_mixin.py:188} INFO - [2024-05-08T14:13:34.863+0000] {dag.py:3096} INFO - Sync 1 DAGs
[2024-05-08T14:13:34.888+0000] {logging_mixin.py:188} INFO - [2024-05-08T14:13:34.888+0000] {dag.py:3954} INFO - Setting next_dagrun for latest_only to 2024-05-08 08:00:00+00:00, run_after=2024-05-08 12:00:00+00:00
[2024-05-08T14:13:34.913+0000] {processor.py:183} INFO - Processing /home/airflow/.local/lib/python3.12/site-packages/airflow/example_dags/example_latest_only.py took 0.091 seconds
[2024-05-08T14:14:05.145+0000] {processor.py:161} INFO - Started process (PID=3143) to work on /home/airflow/.local/lib/python3.12/site-packages/airflow/example_dags/example_latest_only.py
[2024-05-08T14:14:05.146+0000] {processor.py:830} INFO - Processing file /home/airflow/.local/lib/python3.12/site-packages/airflow/example_dags/example_latest_only.py for tasks to queue
[2024-05-08T14:14:05.148+0000] {logging_mixin.py:188} INFO - [2024-05-08T14:14:05.148+0000] {dagbag.py:545} INFO - Filling up the DagBag from /home/airflow/.local/lib/python3.12/site-packages/airflow/example_dags/example_latest_only.py
[2024-05-08T14:14:05.154+0000] {processor.py:840} INFO - DAG(s) 'latest_only' retrieved from /home/airflow/.local/lib/python3.12/site-packages/airflow/example_dags/example_latest_only.py
[2024-05-08T14:14:05.183+0000] {logging_mixin.py:188} INFO - [2024-05-08T14:14:05.183+0000] {dag.py:3096} INFO - Sync 1 DAGs
[2024-05-08T14:14:05.210+0000] {logging_mixin.py:188} INFO - [2024-05-08T14:14:05.210+0000] {dag.py:3954} INFO - Setting next_dagrun for latest_only to 2024-05-08 08:00:00+00:00, run_after=2024-05-08 12:00:00+00:00
[2024-05-08T14:14:05.236+0000] {processor.py:183} INFO - Processing /home/airflow/.local/lib/python3.12/site-packages/airflow/example_dags/example_latest_only.py took 0.098 seconds
[2024-05-08T14:14:36.099+0000] {processor.py:161} INFO - Started process (PID=3203) to work on /home/airflow/.local/lib/python3.12/site-packages/airflow/example_dags/example_latest_only.py
[2024-05-08T14:14:36.101+0000] {processor.py:830} INFO - Processing file /home/airflow/.local/lib/python3.12/site-packages/airflow/example_dags/example_latest_only.py for tasks to queue
[2024-05-08T14:14:36.103+0000] {logging_mixin.py:188} INFO - [2024-05-08T14:14:36.103+0000] {dagbag.py:545} INFO - Filling up the DagBag from /home/airflow/.local/lib/python3.12/site-packages/airflow/example_dags/example_latest_only.py
[2024-05-08T14:14:36.109+0000] {processor.py:840} INFO - DAG(s) 'latest_only' retrieved from /home/airflow/.local/lib/python3.12/site-packages/airflow/example_dags/example_latest_only.py
[2024-05-08T14:14:36.140+0000] {logging_mixin.py:188} INFO - [2024-05-08T14:14:36.140+0000] {dag.py:3096} INFO - Sync 1 DAGs
[2024-05-08T14:14:36.168+0000] {logging_mixin.py:188} INFO - [2024-05-08T14:14:36.168+0000] {dag.py:3954} INFO - Setting next_dagrun for latest_only to 2024-05-08 08:00:00+00:00, run_after=2024-05-08 12:00:00+00:00
[2024-05-08T14:14:36.195+0000] {processor.py:183} INFO - Processing /home/airflow/.local/lib/python3.12/site-packages/airflow/example_dags/example_latest_only.py took 0.104 seconds
[2024-05-08T14:15:06.824+0000] {processor.py:161} INFO - Started process (PID=3263) to work on /home/airflow/.local/lib/python3.12/site-packages/airflow/example_dags/example_latest_only.py
[2024-05-08T14:15:06.826+0000] {processor.py:830} INFO - Processing file /home/airflow/.local/lib/python3.12/site-packages/airflow/example_dags/example_latest_only.py for tasks to queue
[2024-05-08T14:15:06.830+0000] {logging_mixin.py:188} INFO - [2024-05-08T14:15:06.829+0000] {dagbag.py:545} INFO - Filling up the DagBag from /home/airflow/.local/lib/python3.12/site-packages/airflow/example_dags/example_latest_only.py
[2024-05-08T14:15:06.838+0000] {processor.py:840} INFO - DAG(s) 'latest_only' retrieved from /home/airflow/.local/lib/python3.12/site-packages/airflow/example_dags/example_latest_only.py
[2024-05-08T14:15:06.873+0000] {logging_mixin.py:188} INFO - [2024-05-08T14:15:06.872+0000] {dag.py:3096} INFO - Sync 1 DAGs
[2024-05-08T14:15:06.920+0000] {logging_mixin.py:188} INFO - [2024-05-08T14:15:06.919+0000] {dag.py:3954} INFO - Setting next_dagrun for latest_only to 2024-05-08 08:00:00+00:00, run_after=2024-05-08 12:00:00+00:00
[2024-05-08T14:15:06.956+0000] {processor.py:183} INFO - Processing /home/airflow/.local/lib/python3.12/site-packages/airflow/example_dags/example_latest_only.py took 0.146 seconds
[2024-05-08T14:15:38.028+0000] {processor.py:161} INFO - Started process (PID=3323) to work on /home/airflow/.local/lib/python3.12/site-packages/airflow/example_dags/example_latest_only.py
[2024-05-08T14:15:38.030+0000] {processor.py:830} INFO - Processing file /home/airflow/.local/lib/python3.12/site-packages/airflow/example_dags/example_latest_only.py for tasks to queue
[2024-05-08T14:15:38.033+0000] {logging_mixin.py:188} INFO - [2024-05-08T14:15:38.032+0000] {dagbag.py:545} INFO - Filling up the DagBag from /home/airflow/.local/lib/python3.12/site-packages/airflow/example_dags/example_latest_only.py
[2024-05-08T14:15:38.039+0000] {processor.py:840} INFO - DAG(s) 'latest_only' retrieved from /home/airflow/.local/lib/python3.12/site-packages/airflow/example_dags/example_latest_only.py
[2024-05-08T14:15:38.076+0000] {logging_mixin.py:188} INFO - [2024-05-08T14:15:38.076+0000] {dag.py:3096} INFO - Sync 1 DAGs
[2024-05-08T14:15:38.123+0000] {logging_mixin.py:188} INFO - [2024-05-08T14:15:38.123+0000] {dag.py:3954} INFO - Setting next_dagrun for latest_only to 2024-05-08 08:00:00+00:00, run_after=2024-05-08 12:00:00+00:00
[2024-05-08T14:15:38.161+0000] {processor.py:183} INFO - Processing /home/airflow/.local/lib/python3.12/site-packages/airflow/example_dags/example_latest_only.py took 0.141 seconds
[2024-05-08T14:16:08.211+0000] {processor.py:161} INFO - Started process (PID=3383) to work on /home/airflow/.local/lib/python3.12/site-packages/airflow/example_dags/example_latest_only.py
[2024-05-08T14:16:08.213+0000] {processor.py:830} INFO - Processing file /home/airflow/.local/lib/python3.12/site-packages/airflow/example_dags/example_latest_only.py for tasks to queue
[2024-05-08T14:16:08.215+0000] {logging_mixin.py:188} INFO - [2024-05-08T14:16:08.215+0000] {dagbag.py:545} INFO - Filling up the DagBag from /home/airflow/.local/lib/python3.12/site-packages/airflow/example_dags/example_latest_only.py
[2024-05-08T14:16:08.221+0000] {processor.py:840} INFO - DAG(s) 'latest_only' retrieved from /home/airflow/.local/lib/python3.12/site-packages/airflow/example_dags/example_latest_only.py
[2024-05-08T14:16:08.250+0000] {logging_mixin.py:188} INFO - [2024-05-08T14:16:08.250+0000] {dag.py:3096} INFO - Sync 1 DAGs
[2024-05-08T14:16:08.275+0000] {logging_mixin.py:188} INFO - [2024-05-08T14:16:08.275+0000] {dag.py:3954} INFO - Setting next_dagrun for latest_only to 2024-05-08 08:00:00+00:00, run_after=2024-05-08 12:00:00+00:00
[2024-05-08T14:16:08.301+0000] {processor.py:183} INFO - Processing /home/airflow/.local/lib/python3.12/site-packages/airflow/example_dags/example_latest_only.py took 0.097 seconds
[2024-05-08T14:16:41.243+0000] {processor.py:161} INFO - Started process (PID=3443) to work on /home/airflow/.local/lib/python3.12/site-packages/airflow/example_dags/example_latest_only.py
[2024-05-08T14:16:41.246+0000] {processor.py:830} INFO - Processing file /home/airflow/.local/lib/python3.12/site-packages/airflow/example_dags/example_latest_only.py for tasks to queue
[2024-05-08T14:16:41.250+0000] {logging_mixin.py:188} INFO - [2024-05-08T14:16:41.249+0000] {dagbag.py:545} INFO - Filling up the DagBag from /home/airflow/.local/lib/python3.12/site-packages/airflow/example_dags/example_latest_only.py
[2024-05-08T14:16:41.255+0000] {processor.py:840} INFO - DAG(s) 'latest_only' retrieved from /home/airflow/.local/lib/python3.12/site-packages/airflow/example_dags/example_latest_only.py
[2024-05-08T14:16:41.281+0000] {logging_mixin.py:188} INFO - [2024-05-08T14:16:41.281+0000] {dag.py:3096} INFO - Sync 1 DAGs
[2024-05-08T14:16:41.322+0000] {logging_mixin.py:188} INFO - [2024-05-08T14:16:41.322+0000] {dag.py:3954} INFO - Setting next_dagrun for latest_only to 2024-05-08 08:00:00+00:00, run_after=2024-05-08 12:00:00+00:00
[2024-05-08T14:16:41.354+0000] {processor.py:183} INFO - Processing /home/airflow/.local/lib/python3.12/site-packages/airflow/example_dags/example_latest_only.py took 0.122 seconds
[2024-05-08T14:17:11.560+0000] {processor.py:161} INFO - Started process (PID=3503) to work on /home/airflow/.local/lib/python3.12/site-packages/airflow/example_dags/example_latest_only.py
[2024-05-08T14:17:11.562+0000] {processor.py:830} INFO - Processing file /home/airflow/.local/lib/python3.12/site-packages/airflow/example_dags/example_latest_only.py for tasks to queue
[2024-05-08T14:17:11.566+0000] {logging_mixin.py:188} INFO - [2024-05-08T14:17:11.564+0000] {dagbag.py:545} INFO - Filling up the DagBag from /home/airflow/.local/lib/python3.12/site-packages/airflow/example_dags/example_latest_only.py
[2024-05-08T14:17:11.573+0000] {processor.py:840} INFO - DAG(s) 'latest_only' retrieved from /home/airflow/.local/lib/python3.12/site-packages/airflow/example_dags/example_latest_only.py
[2024-05-08T14:17:11.610+0000] {logging_mixin.py:188} INFO - [2024-05-08T14:17:11.609+0000] {dag.py:3096} INFO - Sync 1 DAGs
[2024-05-08T14:17:11.657+0000] {logging_mixin.py:188} INFO - [2024-05-08T14:17:11.657+0000] {dag.py:3954} INFO - Setting next_dagrun for latest_only to 2024-05-08 08:00:00+00:00, run_after=2024-05-08 12:00:00+00:00
[2024-05-08T14:17:11.700+0000] {processor.py:183} INFO - Processing /home/airflow/.local/lib/python3.12/site-packages/airflow/example_dags/example_latest_only.py took 0.148 seconds
[2024-05-08T14:17:42.627+0000] {processor.py:161} INFO - Started process (PID=3563) to work on /home/airflow/.local/lib/python3.12/site-packages/airflow/example_dags/example_latest_only.py
[2024-05-08T14:17:42.631+0000] {processor.py:830} INFO - Processing file /home/airflow/.local/lib/python3.12/site-packages/airflow/example_dags/example_latest_only.py for tasks to queue
[2024-05-08T14:17:42.634+0000] {logging_mixin.py:188} INFO - [2024-05-08T14:17:42.634+0000] {dagbag.py:545} INFO - Filling up the DagBag from /home/airflow/.local/lib/python3.12/site-packages/airflow/example_dags/example_latest_only.py
[2024-05-08T14:17:42.640+0000] {processor.py:840} INFO - DAG(s) 'latest_only' retrieved from /home/airflow/.local/lib/python3.12/site-packages/airflow/example_dags/example_latest_only.py
[2024-05-08T14:17:42.665+0000] {logging_mixin.py:188} INFO - [2024-05-08T14:17:42.665+0000] {dag.py:3096} INFO - Sync 1 DAGs
[2024-05-08T14:17:42.694+0000] {logging_mixin.py:188} INFO - [2024-05-08T14:17:42.693+0000] {dag.py:3954} INFO - Setting next_dagrun for latest_only to 2024-05-08 08:00:00+00:00, run_after=2024-05-08 12:00:00+00:00
[2024-05-08T14:17:42.716+0000] {processor.py:183} INFO - Processing /home/airflow/.local/lib/python3.12/site-packages/airflow/example_dags/example_latest_only.py took 0.096 seconds
[2024-05-08T14:18:13.172+0000] {processor.py:161} INFO - Started process (PID=3626) to work on /home/airflow/.local/lib/python3.12/site-packages/airflow/example_dags/example_latest_only.py
[2024-05-08T14:18:13.175+0000] {processor.py:830} INFO - Processing file /home/airflow/.local/lib/python3.12/site-packages/airflow/example_dags/example_latest_only.py for tasks to queue
[2024-05-08T14:18:13.178+0000] {logging_mixin.py:188} INFO - [2024-05-08T14:18:13.178+0000] {dagbag.py:545} INFO - Filling up the DagBag from /home/airflow/.local/lib/python3.12/site-packages/airflow/example_dags/example_latest_only.py
[2024-05-08T14:18:13.187+0000] {processor.py:840} INFO - DAG(s) 'latest_only' retrieved from /home/airflow/.local/lib/python3.12/site-packages/airflow/example_dags/example_latest_only.py
[2024-05-08T14:18:13.217+0000] {logging_mixin.py:188} INFO - [2024-05-08T14:18:13.217+0000] {dag.py:3096} INFO - Sync 1 DAGs
[2024-05-08T14:18:13.254+0000] {logging_mixin.py:188} INFO - [2024-05-08T14:18:13.254+0000] {dag.py:3954} INFO - Setting next_dagrun for latest_only to 2024-05-08 08:00:00+00:00, run_after=2024-05-08 12:00:00+00:00
[2024-05-08T14:18:13.286+0000] {processor.py:183} INFO - Processing /home/airflow/.local/lib/python3.12/site-packages/airflow/example_dags/example_latest_only.py took 0.132 seconds
[2024-05-08T14:18:43.684+0000] {processor.py:161} INFO - Started process (PID=3688) to work on /home/airflow/.local/lib/python3.12/site-packages/airflow/example_dags/example_latest_only.py
[2024-05-08T14:18:43.686+0000] {processor.py:830} INFO - Processing file /home/airflow/.local/lib/python3.12/site-packages/airflow/example_dags/example_latest_only.py for tasks to queue
[2024-05-08T14:18:43.690+0000] {logging_mixin.py:188} INFO - [2024-05-08T14:18:43.689+0000] {dagbag.py:545} INFO - Filling up the DagBag from /home/airflow/.local/lib/python3.12/site-packages/airflow/example_dags/example_latest_only.py
[2024-05-08T14:18:43.699+0000] {processor.py:840} INFO - DAG(s) 'latest_only' retrieved from /home/airflow/.local/lib/python3.12/site-packages/airflow/example_dags/example_latest_only.py
[2024-05-08T14:18:43.725+0000] {logging_mixin.py:188} INFO - [2024-05-08T14:18:43.724+0000] {dag.py:3096} INFO - Sync 1 DAGs
[2024-05-08T14:18:43.758+0000] {logging_mixin.py:188} INFO - [2024-05-08T14:18:43.758+0000] {dag.py:3954} INFO - Setting next_dagrun for latest_only to 2024-05-08 08:00:00+00:00, run_after=2024-05-08 12:00:00+00:00
[2024-05-08T14:18:43.787+0000] {processor.py:183} INFO - Processing /home/airflow/.local/lib/python3.12/site-packages/airflow/example_dags/example_latest_only.py took 0.112 seconds
[2024-05-08T14:19:13.900+0000] {processor.py:161} INFO - Started process (PID=3748) to work on /home/airflow/.local/lib/python3.12/site-packages/airflow/example_dags/example_latest_only.py
[2024-05-08T14:19:13.901+0000] {processor.py:830} INFO - Processing file /home/airflow/.local/lib/python3.12/site-packages/airflow/example_dags/example_latest_only.py for tasks to queue
[2024-05-08T14:19:13.904+0000] {logging_mixin.py:188} INFO - [2024-05-08T14:19:13.903+0000] {dagbag.py:545} INFO - Filling up the DagBag from /home/airflow/.local/lib/python3.12/site-packages/airflow/example_dags/example_latest_only.py
[2024-05-08T14:19:13.910+0000] {processor.py:840} INFO - DAG(s) 'latest_only' retrieved from /home/airflow/.local/lib/python3.12/site-packages/airflow/example_dags/example_latest_only.py
[2024-05-08T14:19:13.940+0000] {logging_mixin.py:188} INFO - [2024-05-08T14:19:13.940+0000] {dag.py:3096} INFO - Sync 1 DAGs
[2024-05-08T14:19:13.971+0000] {logging_mixin.py:188} INFO - [2024-05-08T14:19:13.971+0000] {dag.py:3954} INFO - Setting next_dagrun for latest_only to 2024-05-08 08:00:00+00:00, run_after=2024-05-08 12:00:00+00:00
[2024-05-08T14:19:14.000+0000] {processor.py:183} INFO - Processing /home/airflow/.local/lib/python3.12/site-packages/airflow/example_dags/example_latest_only.py took 0.110 seconds
[2024-05-08T14:19:44.236+0000] {processor.py:161} INFO - Started process (PID=3808) to work on /home/airflow/.local/lib/python3.12/site-packages/airflow/example_dags/example_latest_only.py
[2024-05-08T14:19:44.239+0000] {processor.py:830} INFO - Processing file /home/airflow/.local/lib/python3.12/site-packages/airflow/example_dags/example_latest_only.py for tasks to queue
[2024-05-08T14:19:44.243+0000] {logging_mixin.py:188} INFO - [2024-05-08T14:19:44.242+0000] {dagbag.py:545} INFO - Filling up the DagBag from /home/airflow/.local/lib/python3.12/site-packages/airflow/example_dags/example_latest_only.py
[2024-05-08T14:19:44.250+0000] {processor.py:840} INFO - DAG(s) 'latest_only' retrieved from /home/airflow/.local/lib/python3.12/site-packages/airflow/example_dags/example_latest_only.py
[2024-05-08T14:19:44.273+0000] {logging_mixin.py:188} INFO - [2024-05-08T14:19:44.273+0000] {dag.py:3096} INFO - Sync 1 DAGs
[2024-05-08T14:19:44.300+0000] {logging_mixin.py:188} INFO - [2024-05-08T14:19:44.300+0000] {dag.py:3954} INFO - Setting next_dagrun for latest_only to 2024-05-08 08:00:00+00:00, run_after=2024-05-08 12:00:00+00:00
[2024-05-08T14:19:44.325+0000] {processor.py:183} INFO - Processing /home/airflow/.local/lib/python3.12/site-packages/airflow/example_dags/example_latest_only.py took 0.099 seconds
[2024-05-08T14:20:14.432+0000] {processor.py:161} INFO - Started process (PID=3868) to work on /home/airflow/.local/lib/python3.12/site-packages/airflow/example_dags/example_latest_only.py
[2024-05-08T14:20:14.433+0000] {processor.py:830} INFO - Processing file /home/airflow/.local/lib/python3.12/site-packages/airflow/example_dags/example_latest_only.py for tasks to queue
[2024-05-08T14:20:14.436+0000] {logging_mixin.py:188} INFO - [2024-05-08T14:20:14.435+0000] {dagbag.py:545} INFO - Filling up the DagBag from /home/airflow/.local/lib/python3.12/site-packages/airflow/example_dags/example_latest_only.py
[2024-05-08T14:20:14.442+0000] {processor.py:840} INFO - DAG(s) 'latest_only' retrieved from /home/airflow/.local/lib/python3.12/site-packages/airflow/example_dags/example_latest_only.py
[2024-05-08T14:20:14.467+0000] {logging_mixin.py:188} INFO - [2024-05-08T14:20:14.467+0000] {dag.py:3096} INFO - Sync 1 DAGs
[2024-05-08T14:20:14.492+0000] {logging_mixin.py:188} INFO - [2024-05-08T14:20:14.492+0000] {dag.py:3954} INFO - Setting next_dagrun for latest_only to 2024-05-08 08:00:00+00:00, run_after=2024-05-08 12:00:00+00:00
[2024-05-08T14:20:14.518+0000] {processor.py:183} INFO - Processing /home/airflow/.local/lib/python3.12/site-packages/airflow/example_dags/example_latest_only.py took 0.094 seconds
[2024-05-08T14:20:45.277+0000] {processor.py:161} INFO - Started process (PID=3927) to work on /home/airflow/.local/lib/python3.12/site-packages/airflow/example_dags/example_latest_only.py
[2024-05-08T14:20:45.278+0000] {processor.py:830} INFO - Processing file /home/airflow/.local/lib/python3.12/site-packages/airflow/example_dags/example_latest_only.py for tasks to queue
[2024-05-08T14:20:45.282+0000] {logging_mixin.py:188} INFO - [2024-05-08T14:20:45.281+0000] {dagbag.py:545} INFO - Filling up the DagBag from /home/airflow/.local/lib/python3.12/site-packages/airflow/example_dags/example_latest_only.py
[2024-05-08T14:20:45.289+0000] {processor.py:840} INFO - DAG(s) 'latest_only' retrieved from /home/airflow/.local/lib/python3.12/site-packages/airflow/example_dags/example_latest_only.py
[2024-05-08T14:20:45.315+0000] {logging_mixin.py:188} INFO - [2024-05-08T14:20:45.315+0000] {dag.py:3096} INFO - Sync 1 DAGs
[2024-05-08T14:20:45.341+0000] {logging_mixin.py:188} INFO - [2024-05-08T14:20:45.340+0000] {dag.py:3954} INFO - Setting next_dagrun for latest_only to 2024-05-08 08:00:00+00:00, run_after=2024-05-08 12:00:00+00:00
[2024-05-08T14:20:45.364+0000] {processor.py:183} INFO - Processing /home/airflow/.local/lib/python3.12/site-packages/airflow/example_dags/example_latest_only.py took 0.095 seconds
[2024-05-08T14:21:15.915+0000] {processor.py:161} INFO - Started process (PID=3987) to work on /home/airflow/.local/lib/python3.12/site-packages/airflow/example_dags/example_latest_only.py
[2024-05-08T14:21:15.917+0000] {processor.py:830} INFO - Processing file /home/airflow/.local/lib/python3.12/site-packages/airflow/example_dags/example_latest_only.py for tasks to queue
[2024-05-08T14:21:15.920+0000] {logging_mixin.py:188} INFO - [2024-05-08T14:21:15.920+0000] {dagbag.py:545} INFO - Filling up the DagBag from /home/airflow/.local/lib/python3.12/site-packages/airflow/example_dags/example_latest_only.py
[2024-05-08T14:21:15.926+0000] {processor.py:840} INFO - DAG(s) 'latest_only' retrieved from /home/airflow/.local/lib/python3.12/site-packages/airflow/example_dags/example_latest_only.py
[2024-05-08T14:21:15.952+0000] {logging_mixin.py:188} INFO - [2024-05-08T14:21:15.952+0000] {dag.py:3096} INFO - Sync 1 DAGs
[2024-05-08T14:21:15.985+0000] {logging_mixin.py:188} INFO - [2024-05-08T14:21:15.985+0000] {dag.py:3954} INFO - Setting next_dagrun for latest_only to 2024-05-08 08:00:00+00:00, run_after=2024-05-08 12:00:00+00:00
[2024-05-08T14:21:16.015+0000] {processor.py:183} INFO - Processing /home/airflow/.local/lib/python3.12/site-packages/airflow/example_dags/example_latest_only.py took 0.108 seconds
[2024-05-08T14:21:48.512+0000] {processor.py:161} INFO - Started process (PID=4047) to work on /home/airflow/.local/lib/python3.12/site-packages/airflow/example_dags/example_latest_only.py
[2024-05-08T14:21:48.514+0000] {processor.py:830} INFO - Processing file /home/airflow/.local/lib/python3.12/site-packages/airflow/example_dags/example_latest_only.py for tasks to queue
[2024-05-08T14:21:48.519+0000] {logging_mixin.py:188} INFO - [2024-05-08T14:21:48.519+0000] {dagbag.py:545} INFO - Filling up the DagBag from /home/airflow/.local/lib/python3.12/site-packages/airflow/example_dags/example_latest_only.py
[2024-05-08T14:21:48.529+0000] {processor.py:840} INFO - DAG(s) 'latest_only' retrieved from /home/airflow/.local/lib/python3.12/site-packages/airflow/example_dags/example_latest_only.py
[2024-05-08T14:21:48.566+0000] {logging_mixin.py:188} INFO - [2024-05-08T14:21:48.565+0000] {dag.py:3096} INFO - Sync 1 DAGs
[2024-05-08T14:21:48.607+0000] {logging_mixin.py:188} INFO - [2024-05-08T14:21:48.607+0000] {dag.py:3954} INFO - Setting next_dagrun for latest_only to 2024-05-08 08:00:00+00:00, run_after=2024-05-08 12:00:00+00:00
[2024-05-08T14:21:48.641+0000] {processor.py:183} INFO - Processing /home/airflow/.local/lib/python3.12/site-packages/airflow/example_dags/example_latest_only.py took 0.138 seconds
[2024-05-08T14:22:19.608+0000] {processor.py:161} INFO - Started process (PID=4107) to work on /home/airflow/.local/lib/python3.12/site-packages/airflow/example_dags/example_latest_only.py
[2024-05-08T14:22:19.610+0000] {processor.py:830} INFO - Processing file /home/airflow/.local/lib/python3.12/site-packages/airflow/example_dags/example_latest_only.py for tasks to queue
[2024-05-08T14:22:19.612+0000] {logging_mixin.py:188} INFO - [2024-05-08T14:22:19.612+0000] {dagbag.py:545} INFO - Filling up the DagBag from /home/airflow/.local/lib/python3.12/site-packages/airflow/example_dags/example_latest_only.py
[2024-05-08T14:22:19.618+0000] {processor.py:840} INFO - DAG(s) 'latest_only' retrieved from /home/airflow/.local/lib/python3.12/site-packages/airflow/example_dags/example_latest_only.py
[2024-05-08T14:22:19.646+0000] {logging_mixin.py:188} INFO - [2024-05-08T14:22:19.646+0000] {dag.py:3096} INFO - Sync 1 DAGs
[2024-05-08T14:22:19.672+0000] {logging_mixin.py:188} INFO - [2024-05-08T14:22:19.671+0000] {dag.py:3954} INFO - Setting next_dagrun for latest_only to 2024-05-08 08:00:00+00:00, run_after=2024-05-08 12:00:00+00:00
[2024-05-08T14:22:19.701+0000] {processor.py:183} INFO - Processing /home/airflow/.local/lib/python3.12/site-packages/airflow/example_dags/example_latest_only.py took 0.098 seconds
[2024-05-08T14:22:49.825+0000] {processor.py:161} INFO - Started process (PID=4167) to work on /home/airflow/.local/lib/python3.12/site-packages/airflow/example_dags/example_latest_only.py
[2024-05-08T14:22:49.827+0000] {processor.py:830} INFO - Processing file /home/airflow/.local/lib/python3.12/site-packages/airflow/example_dags/example_latest_only.py for tasks to queue
[2024-05-08T14:22:49.832+0000] {logging_mixin.py:188} INFO - [2024-05-08T14:22:49.832+0000] {dagbag.py:545} INFO - Filling up the DagBag from /home/airflow/.local/lib/python3.12/site-packages/airflow/example_dags/example_latest_only.py
[2024-05-08T14:22:49.847+0000] {processor.py:840} INFO - DAG(s) 'latest_only' retrieved from /home/airflow/.local/lib/python3.12/site-packages/airflow/example_dags/example_latest_only.py
[2024-05-08T14:22:49.901+0000] {logging_mixin.py:188} INFO - [2024-05-08T14:22:49.901+0000] {dag.py:3096} INFO - Sync 1 DAGs
[2024-05-08T14:22:49.945+0000] {logging_mixin.py:188} INFO - [2024-05-08T14:22:49.944+0000] {dag.py:3954} INFO - Setting next_dagrun for latest_only to 2024-05-08 08:00:00+00:00, run_after=2024-05-08 12:00:00+00:00
[2024-05-08T14:22:49.993+0000] {processor.py:183} INFO - Processing /home/airflow/.local/lib/python3.12/site-packages/airflow/example_dags/example_latest_only.py took 0.181 seconds
[2024-05-08T14:23:20.621+0000] {processor.py:161} INFO - Started process (PID=4227) to work on /home/airflow/.local/lib/python3.12/site-packages/airflow/example_dags/example_latest_only.py
[2024-05-08T14:23:20.622+0000] {processor.py:830} INFO - Processing file /home/airflow/.local/lib/python3.12/site-packages/airflow/example_dags/example_latest_only.py for tasks to queue
[2024-05-08T14:23:20.625+0000] {logging_mixin.py:188} INFO - [2024-05-08T14:23:20.624+0000] {dagbag.py:545} INFO - Filling up the DagBag from /home/airflow/.local/lib/python3.12/site-packages/airflow/example_dags/example_latest_only.py
[2024-05-08T14:23:20.630+0000] {processor.py:840} INFO - DAG(s) 'latest_only' retrieved from /home/airflow/.local/lib/python3.12/site-packages/airflow/example_dags/example_latest_only.py
[2024-05-08T14:23:20.657+0000] {logging_mixin.py:188} INFO - [2024-05-08T14:23:20.657+0000] {dag.py:3096} INFO - Sync 1 DAGs
[2024-05-08T14:23:20.683+0000] {logging_mixin.py:188} INFO - [2024-05-08T14:23:20.682+0000] {dag.py:3954} INFO - Setting next_dagrun for latest_only to 2024-05-08 08:00:00+00:00, run_after=2024-05-08 12:00:00+00:00
[2024-05-08T14:23:20.705+0000] {processor.py:183} INFO - Processing /home/airflow/.local/lib/python3.12/site-packages/airflow/example_dags/example_latest_only.py took 0.091 seconds
