[2024-05-08T13:47:48.623+0000] {processor.py:161} INFO - Started process (PID=50) to work on /home/airflow/.local/lib/python3.12/site-packages/airflow/example_dags/example_branch_operator.py
[2024-05-08T13:47:48.628+0000] {processor.py:830} INFO - Processing file /home/airflow/.local/lib/python3.12/site-packages/airflow/example_dags/example_branch_operator.py for tasks to queue
[2024-05-08T13:47:48.637+0000] {logging_mixin.py:188} INFO - [2024-05-08T13:47:48.636+0000] {dagbag.py:545} INFO - Filling up the DagBag from /home/airflow/.local/lib/python3.12/site-packages/airflow/example_dags/example_branch_operator.py
[2024-05-08T13:47:48.694+0000] {processor.py:840} INFO - DAG(s) 'example_branch_operator' retrieved from /home/airflow/.local/lib/python3.12/site-packages/airflow/example_dags/example_branch_operator.py
[2024-05-08T13:47:49.151+0000] {logging_mixin.py:188} INFO - [2024-05-08T13:47:49.151+0000] {dag.py:3096} INFO - Sync 1 DAGs
[2024-05-08T13:47:49.225+0000] {logging_mixin.py:188} INFO - [2024-05-08T13:47:49.223+0000] {dag.py:3954} INFO - Setting next_dagrun for example_branch_operator to 2024-05-07 00:00:00+00:00, run_after=2024-05-08 00:00:00+00:00
[2024-05-08T13:47:49.334+0000] {processor.py:183} INFO - Processing /home/airflow/.local/lib/python3.12/site-packages/airflow/example_dags/example_branch_operator.py took 0.739 seconds
[2024-05-08T13:48:19.838+0000] {processor.py:161} INFO - Started process (PID=116) to work on /home/airflow/.local/lib/python3.12/site-packages/airflow/example_dags/example_branch_operator.py
[2024-05-08T13:48:19.840+0000] {processor.py:830} INFO - Processing file /home/airflow/.local/lib/python3.12/site-packages/airflow/example_dags/example_branch_operator.py for tasks to queue
[2024-05-08T13:48:19.843+0000] {logging_mixin.py:188} INFO - [2024-05-08T13:48:19.842+0000] {dagbag.py:545} INFO - Filling up the DagBag from /home/airflow/.local/lib/python3.12/site-packages/airflow/example_dags/example_branch_operator.py
[2024-05-08T13:48:19.870+0000] {processor.py:840} INFO - DAG(s) 'example_branch_operator' retrieved from /home/airflow/.local/lib/python3.12/site-packages/airflow/example_dags/example_branch_operator.py
[2024-05-08T13:48:19.912+0000] {logging_mixin.py:188} INFO - [2024-05-08T13:48:19.911+0000] {dag.py:3096} INFO - Sync 1 DAGs
[2024-05-08T13:48:19.969+0000] {logging_mixin.py:188} INFO - [2024-05-08T13:48:19.968+0000] {dag.py:3954} INFO - Setting next_dagrun for example_branch_operator to 2024-05-07 00:00:00+00:00, run_after=2024-05-08 00:00:00+00:00
[2024-05-08T13:48:19.999+0000] {processor.py:183} INFO - Processing /home/airflow/.local/lib/python3.12/site-packages/airflow/example_dags/example_branch_operator.py took 0.169 seconds
[2024-05-08T13:48:50.098+0000] {processor.py:161} INFO - Started process (PID=176) to work on /home/airflow/.local/lib/python3.12/site-packages/airflow/example_dags/example_branch_operator.py
[2024-05-08T13:48:50.099+0000] {processor.py:830} INFO - Processing file /home/airflow/.local/lib/python3.12/site-packages/airflow/example_dags/example_branch_operator.py for tasks to queue
[2024-05-08T13:48:50.102+0000] {logging_mixin.py:188} INFO - [2024-05-08T13:48:50.101+0000] {dagbag.py:545} INFO - Filling up the DagBag from /home/airflow/.local/lib/python3.12/site-packages/airflow/example_dags/example_branch_operator.py
[2024-05-08T13:48:50.126+0000] {processor.py:840} INFO - DAG(s) 'example_branch_operator' retrieved from /home/airflow/.local/lib/python3.12/site-packages/airflow/example_dags/example_branch_operator.py
[2024-05-08T13:48:50.163+0000] {logging_mixin.py:188} INFO - [2024-05-08T13:48:50.163+0000] {dag.py:3096} INFO - Sync 1 DAGs
[2024-05-08T13:48:50.198+0000] {logging_mixin.py:188} INFO - [2024-05-08T13:48:50.198+0000] {dag.py:3954} INFO - Setting next_dagrun for example_branch_operator to 2024-05-07 00:00:00+00:00, run_after=2024-05-08 00:00:00+00:00
[2024-05-08T13:48:50.234+0000] {processor.py:183} INFO - Processing /home/airflow/.local/lib/python3.12/site-packages/airflow/example_dags/example_branch_operator.py took 0.143 seconds
[2024-05-08T13:49:20.831+0000] {processor.py:161} INFO - Started process (PID=236) to work on /home/airflow/.local/lib/python3.12/site-packages/airflow/example_dags/example_branch_operator.py
[2024-05-08T13:49:20.833+0000] {processor.py:830} INFO - Processing file /home/airflow/.local/lib/python3.12/site-packages/airflow/example_dags/example_branch_operator.py for tasks to queue
[2024-05-08T13:49:20.837+0000] {logging_mixin.py:188} INFO - [2024-05-08T13:49:20.836+0000] {dagbag.py:545} INFO - Filling up the DagBag from /home/airflow/.local/lib/python3.12/site-packages/airflow/example_dags/example_branch_operator.py
[2024-05-08T13:49:20.861+0000] {processor.py:840} INFO - DAG(s) 'example_branch_operator' retrieved from /home/airflow/.local/lib/python3.12/site-packages/airflow/example_dags/example_branch_operator.py
[2024-05-08T13:49:20.904+0000] {logging_mixin.py:188} INFO - [2024-05-08T13:49:20.903+0000] {dag.py:3096} INFO - Sync 1 DAGs
[2024-05-08T13:49:20.935+0000] {logging_mixin.py:188} INFO - [2024-05-08T13:49:20.934+0000] {dag.py:3954} INFO - Setting next_dagrun for example_branch_operator to 2024-05-07 00:00:00+00:00, run_after=2024-05-08 00:00:00+00:00
[2024-05-08T13:49:20.964+0000] {processor.py:183} INFO - Processing /home/airflow/.local/lib/python3.12/site-packages/airflow/example_dags/example_branch_operator.py took 0.138 seconds
[2024-05-08T13:49:51.454+0000] {processor.py:161} INFO - Started process (PID=296) to work on /home/airflow/.local/lib/python3.12/site-packages/airflow/example_dags/example_branch_operator.py
[2024-05-08T13:49:51.455+0000] {processor.py:830} INFO - Processing file /home/airflow/.local/lib/python3.12/site-packages/airflow/example_dags/example_branch_operator.py for tasks to queue
[2024-05-08T13:49:51.458+0000] {logging_mixin.py:188} INFO - [2024-05-08T13:49:51.458+0000] {dagbag.py:545} INFO - Filling up the DagBag from /home/airflow/.local/lib/python3.12/site-packages/airflow/example_dags/example_branch_operator.py
[2024-05-08T13:49:51.481+0000] {processor.py:840} INFO - DAG(s) 'example_branch_operator' retrieved from /home/airflow/.local/lib/python3.12/site-packages/airflow/example_dags/example_branch_operator.py
[2024-05-08T13:49:51.516+0000] {logging_mixin.py:188} INFO - [2024-05-08T13:49:51.516+0000] {dag.py:3096} INFO - Sync 1 DAGs
[2024-05-08T13:49:51.542+0000] {logging_mixin.py:188} INFO - [2024-05-08T13:49:51.542+0000] {dag.py:3954} INFO - Setting next_dagrun for example_branch_operator to 2024-05-07 00:00:00+00:00, run_after=2024-05-08 00:00:00+00:00
[2024-05-08T13:49:51.568+0000] {processor.py:183} INFO - Processing /home/airflow/.local/lib/python3.12/site-packages/airflow/example_dags/example_branch_operator.py took 0.122 seconds
[2024-05-08T13:50:22.106+0000] {processor.py:161} INFO - Started process (PID=356) to work on /home/airflow/.local/lib/python3.12/site-packages/airflow/example_dags/example_branch_operator.py
[2024-05-08T13:50:22.108+0000] {processor.py:830} INFO - Processing file /home/airflow/.local/lib/python3.12/site-packages/airflow/example_dags/example_branch_operator.py for tasks to queue
[2024-05-08T13:50:22.111+0000] {logging_mixin.py:188} INFO - [2024-05-08T13:50:22.110+0000] {dagbag.py:545} INFO - Filling up the DagBag from /home/airflow/.local/lib/python3.12/site-packages/airflow/example_dags/example_branch_operator.py
[2024-05-08T13:50:22.129+0000] {processor.py:840} INFO - DAG(s) 'example_branch_operator' retrieved from /home/airflow/.local/lib/python3.12/site-packages/airflow/example_dags/example_branch_operator.py
[2024-05-08T13:50:22.160+0000] {logging_mixin.py:188} INFO - [2024-05-08T13:50:22.160+0000] {dag.py:3096} INFO - Sync 1 DAGs
[2024-05-08T13:50:22.186+0000] {logging_mixin.py:188} INFO - [2024-05-08T13:50:22.186+0000] {dag.py:3954} INFO - Setting next_dagrun for example_branch_operator to 2024-05-07 00:00:00+00:00, run_after=2024-05-08 00:00:00+00:00
[2024-05-08T13:50:22.213+0000] {processor.py:183} INFO - Processing /home/airflow/.local/lib/python3.12/site-packages/airflow/example_dags/example_branch_operator.py took 0.115 seconds
[2024-05-08T13:50:52.606+0000] {processor.py:161} INFO - Started process (PID=416) to work on /home/airflow/.local/lib/python3.12/site-packages/airflow/example_dags/example_branch_operator.py
[2024-05-08T13:50:52.608+0000] {processor.py:830} INFO - Processing file /home/airflow/.local/lib/python3.12/site-packages/airflow/example_dags/example_branch_operator.py for tasks to queue
[2024-05-08T13:50:52.615+0000] {logging_mixin.py:188} INFO - [2024-05-08T13:50:52.614+0000] {dagbag.py:545} INFO - Filling up the DagBag from /home/airflow/.local/lib/python3.12/site-packages/airflow/example_dags/example_branch_operator.py
[2024-05-08T13:50:52.639+0000] {processor.py:840} INFO - DAG(s) 'example_branch_operator' retrieved from /home/airflow/.local/lib/python3.12/site-packages/airflow/example_dags/example_branch_operator.py
[2024-05-08T13:50:52.687+0000] {logging_mixin.py:188} INFO - [2024-05-08T13:50:52.687+0000] {dag.py:3096} INFO - Sync 1 DAGs
[2024-05-08T13:50:52.721+0000] {logging_mixin.py:188} INFO - [2024-05-08T13:50:52.720+0000] {dag.py:3954} INFO - Setting next_dagrun for example_branch_operator to 2024-05-07 00:00:00+00:00, run_after=2024-05-08 00:00:00+00:00
[2024-05-08T13:50:52.756+0000] {processor.py:183} INFO - Processing /home/airflow/.local/lib/python3.12/site-packages/airflow/example_dags/example_branch_operator.py took 0.160 seconds
[2024-05-08T13:51:23.056+0000] {processor.py:161} INFO - Started process (PID=476) to work on /home/airflow/.local/lib/python3.12/site-packages/airflow/example_dags/example_branch_operator.py
[2024-05-08T13:51:23.058+0000] {processor.py:830} INFO - Processing file /home/airflow/.local/lib/python3.12/site-packages/airflow/example_dags/example_branch_operator.py for tasks to queue
[2024-05-08T13:51:23.061+0000] {logging_mixin.py:188} INFO - [2024-05-08T13:51:23.060+0000] {dagbag.py:545} INFO - Filling up the DagBag from /home/airflow/.local/lib/python3.12/site-packages/airflow/example_dags/example_branch_operator.py
[2024-05-08T13:51:23.082+0000] {processor.py:840} INFO - DAG(s) 'example_branch_operator' retrieved from /home/airflow/.local/lib/python3.12/site-packages/airflow/example_dags/example_branch_operator.py
[2024-05-08T13:51:23.120+0000] {logging_mixin.py:188} INFO - [2024-05-08T13:51:23.119+0000] {dag.py:3096} INFO - Sync 1 DAGs
[2024-05-08T13:51:23.152+0000] {logging_mixin.py:188} INFO - [2024-05-08T13:51:23.151+0000] {dag.py:3954} INFO - Setting next_dagrun for example_branch_operator to 2024-05-07 00:00:00+00:00, run_after=2024-05-08 00:00:00+00:00
[2024-05-08T13:51:23.179+0000] {processor.py:183} INFO - Processing /home/airflow/.local/lib/python3.12/site-packages/airflow/example_dags/example_branch_operator.py took 0.131 seconds
[2024-05-08T13:51:53.906+0000] {processor.py:161} INFO - Started process (PID=536) to work on /home/airflow/.local/lib/python3.12/site-packages/airflow/example_dags/example_branch_operator.py
[2024-05-08T13:51:53.909+0000] {processor.py:830} INFO - Processing file /home/airflow/.local/lib/python3.12/site-packages/airflow/example_dags/example_branch_operator.py for tasks to queue
[2024-05-08T13:51:53.914+0000] {logging_mixin.py:188} INFO - [2024-05-08T13:51:53.914+0000] {dagbag.py:545} INFO - Filling up the DagBag from /home/airflow/.local/lib/python3.12/site-packages/airflow/example_dags/example_branch_operator.py
[2024-05-08T13:51:53.946+0000] {processor.py:840} INFO - DAG(s) 'example_branch_operator' retrieved from /home/airflow/.local/lib/python3.12/site-packages/airflow/example_dags/example_branch_operator.py
[2024-05-08T13:51:53.995+0000] {logging_mixin.py:188} INFO - [2024-05-08T13:51:53.994+0000] {dag.py:3096} INFO - Sync 1 DAGs
[2024-05-08T13:51:54.029+0000] {logging_mixin.py:188} INFO - [2024-05-08T13:51:54.029+0000] {dag.py:3954} INFO - Setting next_dagrun for example_branch_operator to 2024-05-07 00:00:00+00:00, run_after=2024-05-08 00:00:00+00:00
[2024-05-08T13:51:54.059+0000] {processor.py:183} INFO - Processing /home/airflow/.local/lib/python3.12/site-packages/airflow/example_dags/example_branch_operator.py took 0.163 seconds
[2024-05-08T13:52:24.720+0000] {processor.py:161} INFO - Started process (PID=596) to work on /home/airflow/.local/lib/python3.12/site-packages/airflow/example_dags/example_branch_operator.py
[2024-05-08T13:52:24.721+0000] {processor.py:830} INFO - Processing file /home/airflow/.local/lib/python3.12/site-packages/airflow/example_dags/example_branch_operator.py for tasks to queue
[2024-05-08T13:52:24.724+0000] {logging_mixin.py:188} INFO - [2024-05-08T13:52:24.724+0000] {dagbag.py:545} INFO - Filling up the DagBag from /home/airflow/.local/lib/python3.12/site-packages/airflow/example_dags/example_branch_operator.py
[2024-05-08T13:52:24.743+0000] {processor.py:840} INFO - DAG(s) 'example_branch_operator' retrieved from /home/airflow/.local/lib/python3.12/site-packages/airflow/example_dags/example_branch_operator.py
[2024-05-08T13:52:24.782+0000] {logging_mixin.py:188} INFO - [2024-05-08T13:52:24.781+0000] {dag.py:3096} INFO - Sync 1 DAGs
[2024-05-08T13:52:24.808+0000] {logging_mixin.py:188} INFO - [2024-05-08T13:52:24.808+0000] {dag.py:3954} INFO - Setting next_dagrun for example_branch_operator to 2024-05-07 00:00:00+00:00, run_after=2024-05-08 00:00:00+00:00
[2024-05-08T13:52:24.832+0000] {processor.py:183} INFO - Processing /home/airflow/.local/lib/python3.12/site-packages/airflow/example_dags/example_branch_operator.py took 0.120 seconds
[2024-05-08T13:52:56.196+0000] {processor.py:161} INFO - Started process (PID=656) to work on /home/airflow/.local/lib/python3.12/site-packages/airflow/example_dags/example_branch_operator.py
[2024-05-08T13:52:56.198+0000] {processor.py:830} INFO - Processing file /home/airflow/.local/lib/python3.12/site-packages/airflow/example_dags/example_branch_operator.py for tasks to queue
[2024-05-08T13:52:56.202+0000] {logging_mixin.py:188} INFO - [2024-05-08T13:52:56.201+0000] {dagbag.py:545} INFO - Filling up the DagBag from /home/airflow/.local/lib/python3.12/site-packages/airflow/example_dags/example_branch_operator.py
[2024-05-08T13:52:56.226+0000] {processor.py:840} INFO - DAG(s) 'example_branch_operator' retrieved from /home/airflow/.local/lib/python3.12/site-packages/airflow/example_dags/example_branch_operator.py
[2024-05-08T13:52:56.272+0000] {logging_mixin.py:188} INFO - [2024-05-08T13:52:56.272+0000] {dag.py:3096} INFO - Sync 1 DAGs
[2024-05-08T13:52:56.300+0000] {logging_mixin.py:188} INFO - [2024-05-08T13:52:56.299+0000] {dag.py:3954} INFO - Setting next_dagrun for example_branch_operator to 2024-05-07 00:00:00+00:00, run_after=2024-05-08 00:00:00+00:00
[2024-05-08T13:52:56.327+0000] {processor.py:183} INFO - Processing /home/airflow/.local/lib/python3.12/site-packages/airflow/example_dags/example_branch_operator.py took 0.139 seconds
[2024-05-08T13:53:26.878+0000] {processor.py:161} INFO - Started process (PID=715) to work on /home/airflow/.local/lib/python3.12/site-packages/airflow/example_dags/example_branch_operator.py
[2024-05-08T13:53:26.880+0000] {processor.py:830} INFO - Processing file /home/airflow/.local/lib/python3.12/site-packages/airflow/example_dags/example_branch_operator.py for tasks to queue
[2024-05-08T13:53:26.883+0000] {logging_mixin.py:188} INFO - [2024-05-08T13:53:26.883+0000] {dagbag.py:545} INFO - Filling up the DagBag from /home/airflow/.local/lib/python3.12/site-packages/airflow/example_dags/example_branch_operator.py
[2024-05-08T13:53:26.910+0000] {processor.py:840} INFO - DAG(s) 'example_branch_operator' retrieved from /home/airflow/.local/lib/python3.12/site-packages/airflow/example_dags/example_branch_operator.py
[2024-05-08T13:53:26.954+0000] {logging_mixin.py:188} INFO - [2024-05-08T13:53:26.953+0000] {dag.py:3096} INFO - Sync 1 DAGs
[2024-05-08T13:53:26.983+0000] {logging_mixin.py:188} INFO - [2024-05-08T13:53:26.983+0000] {dag.py:3954} INFO - Setting next_dagrun for example_branch_operator to 2024-05-07 00:00:00+00:00, run_after=2024-05-08 00:00:00+00:00
[2024-05-08T13:53:27.011+0000] {processor.py:183} INFO - Processing /home/airflow/.local/lib/python3.12/site-packages/airflow/example_dags/example_branch_operator.py took 0.139 seconds
[2024-05-08T13:53:58.072+0000] {processor.py:161} INFO - Started process (PID=775) to work on /home/airflow/.local/lib/python3.12/site-packages/airflow/example_dags/example_branch_operator.py
[2024-05-08T13:53:58.074+0000] {processor.py:830} INFO - Processing file /home/airflow/.local/lib/python3.12/site-packages/airflow/example_dags/example_branch_operator.py for tasks to queue
[2024-05-08T13:53:58.077+0000] {logging_mixin.py:188} INFO - [2024-05-08T13:53:58.076+0000] {dagbag.py:545} INFO - Filling up the DagBag from /home/airflow/.local/lib/python3.12/site-packages/airflow/example_dags/example_branch_operator.py
[2024-05-08T13:53:58.104+0000] {processor.py:840} INFO - DAG(s) 'example_branch_operator' retrieved from /home/airflow/.local/lib/python3.12/site-packages/airflow/example_dags/example_branch_operator.py
[2024-05-08T13:53:58.143+0000] {logging_mixin.py:188} INFO - [2024-05-08T13:53:58.143+0000] {dag.py:3096} INFO - Sync 1 DAGs
[2024-05-08T13:53:58.176+0000] {logging_mixin.py:188} INFO - [2024-05-08T13:53:58.176+0000] {dag.py:3954} INFO - Setting next_dagrun for example_branch_operator to 2024-05-07 00:00:00+00:00, run_after=2024-05-08 00:00:00+00:00
[2024-05-08T13:53:58.204+0000] {processor.py:183} INFO - Processing /home/airflow/.local/lib/python3.12/site-packages/airflow/example_dags/example_branch_operator.py took 0.141 seconds
[2024-05-08T13:54:29.060+0000] {processor.py:161} INFO - Started process (PID=835) to work on /home/airflow/.local/lib/python3.12/site-packages/airflow/example_dags/example_branch_operator.py
[2024-05-08T13:54:29.062+0000] {processor.py:830} INFO - Processing file /home/airflow/.local/lib/python3.12/site-packages/airflow/example_dags/example_branch_operator.py for tasks to queue
[2024-05-08T13:54:29.065+0000] {logging_mixin.py:188} INFO - [2024-05-08T13:54:29.065+0000] {dagbag.py:545} INFO - Filling up the DagBag from /home/airflow/.local/lib/python3.12/site-packages/airflow/example_dags/example_branch_operator.py
[2024-05-08T13:54:29.084+0000] {processor.py:840} INFO - DAG(s) 'example_branch_operator' retrieved from /home/airflow/.local/lib/python3.12/site-packages/airflow/example_dags/example_branch_operator.py
[2024-05-08T13:54:29.118+0000] {logging_mixin.py:188} INFO - [2024-05-08T13:54:29.118+0000] {dag.py:3096} INFO - Sync 1 DAGs
[2024-05-08T13:54:29.144+0000] {logging_mixin.py:188} INFO - [2024-05-08T13:54:29.144+0000] {dag.py:3954} INFO - Setting next_dagrun for example_branch_operator to 2024-05-07 00:00:00+00:00, run_after=2024-05-08 00:00:00+00:00
[2024-05-08T13:54:29.169+0000] {processor.py:183} INFO - Processing /home/airflow/.local/lib/python3.12/site-packages/airflow/example_dags/example_branch_operator.py took 0.116 seconds
[2024-05-08T13:55:00.443+0000] {processor.py:161} INFO - Started process (PID=895) to work on /home/airflow/.local/lib/python3.12/site-packages/airflow/example_dags/example_branch_operator.py
[2024-05-08T13:55:00.444+0000] {processor.py:830} INFO - Processing file /home/airflow/.local/lib/python3.12/site-packages/airflow/example_dags/example_branch_operator.py for tasks to queue
[2024-05-08T13:55:00.447+0000] {logging_mixin.py:188} INFO - [2024-05-08T13:55:00.447+0000] {dagbag.py:545} INFO - Filling up the DagBag from /home/airflow/.local/lib/python3.12/site-packages/airflow/example_dags/example_branch_operator.py
[2024-05-08T13:55:00.469+0000] {processor.py:840} INFO - DAG(s) 'example_branch_operator' retrieved from /home/airflow/.local/lib/python3.12/site-packages/airflow/example_dags/example_branch_operator.py
[2024-05-08T13:55:00.506+0000] {logging_mixin.py:188} INFO - [2024-05-08T13:55:00.506+0000] {dag.py:3096} INFO - Sync 1 DAGs
[2024-05-08T13:55:00.532+0000] {logging_mixin.py:188} INFO - [2024-05-08T13:55:00.531+0000] {dag.py:3954} INFO - Setting next_dagrun for example_branch_operator to 2024-05-07 00:00:00+00:00, run_after=2024-05-08 00:00:00+00:00
[2024-05-08T13:55:00.556+0000] {processor.py:183} INFO - Processing /home/airflow/.local/lib/python3.12/site-packages/airflow/example_dags/example_branch_operator.py took 0.122 seconds
[2024-05-08T13:55:31.394+0000] {processor.py:161} INFO - Started process (PID=955) to work on /home/airflow/.local/lib/python3.12/site-packages/airflow/example_dags/example_branch_operator.py
[2024-05-08T13:55:31.400+0000] {processor.py:830} INFO - Processing file /home/airflow/.local/lib/python3.12/site-packages/airflow/example_dags/example_branch_operator.py for tasks to queue
[2024-05-08T13:55:31.403+0000] {logging_mixin.py:188} INFO - [2024-05-08T13:55:31.403+0000] {dagbag.py:545} INFO - Filling up the DagBag from /home/airflow/.local/lib/python3.12/site-packages/airflow/example_dags/example_branch_operator.py
[2024-05-08T13:55:31.436+0000] {processor.py:840} INFO - DAG(s) 'example_branch_operator' retrieved from /home/airflow/.local/lib/python3.12/site-packages/airflow/example_dags/example_branch_operator.py
[2024-05-08T13:55:31.585+0000] {logging_mixin.py:188} INFO - [2024-05-08T13:55:31.584+0000] {dag.py:3096} INFO - Sync 1 DAGs
[2024-05-08T13:55:31.683+0000] {logging_mixin.py:188} INFO - [2024-05-08T13:55:31.682+0000] {dag.py:3954} INFO - Setting next_dagrun for example_branch_operator to 2024-05-07 00:00:00+00:00, run_after=2024-05-08 00:00:00+00:00
[2024-05-08T13:55:31.739+0000] {processor.py:183} INFO - Processing /home/airflow/.local/lib/python3.12/site-packages/airflow/example_dags/example_branch_operator.py took 0.359 seconds
[2024-05-08T13:56:02.325+0000] {processor.py:161} INFO - Started process (PID=1015) to work on /home/airflow/.local/lib/python3.12/site-packages/airflow/example_dags/example_branch_operator.py
[2024-05-08T13:56:02.327+0000] {processor.py:830} INFO - Processing file /home/airflow/.local/lib/python3.12/site-packages/airflow/example_dags/example_branch_operator.py for tasks to queue
[2024-05-08T13:56:02.330+0000] {logging_mixin.py:188} INFO - [2024-05-08T13:56:02.329+0000] {dagbag.py:545} INFO - Filling up the DagBag from /home/airflow/.local/lib/python3.12/site-packages/airflow/example_dags/example_branch_operator.py
[2024-05-08T13:56:02.353+0000] {processor.py:840} INFO - DAG(s) 'example_branch_operator' retrieved from /home/airflow/.local/lib/python3.12/site-packages/airflow/example_dags/example_branch_operator.py
[2024-05-08T13:56:02.403+0000] {logging_mixin.py:188} INFO - [2024-05-08T13:56:02.403+0000] {dag.py:3096} INFO - Sync 1 DAGs
[2024-05-08T13:56:02.441+0000] {logging_mixin.py:188} INFO - [2024-05-08T13:56:02.441+0000] {dag.py:3954} INFO - Setting next_dagrun for example_branch_operator to 2024-05-07 00:00:00+00:00, run_after=2024-05-08 00:00:00+00:00
[2024-05-08T13:56:02.473+0000] {processor.py:183} INFO - Processing /home/airflow/.local/lib/python3.12/site-packages/airflow/example_dags/example_branch_operator.py took 0.156 seconds
[2024-05-08T13:56:32.922+0000] {processor.py:161} INFO - Started process (PID=1076) to work on /home/airflow/.local/lib/python3.12/site-packages/airflow/example_dags/example_branch_operator.py
[2024-05-08T13:56:32.924+0000] {processor.py:830} INFO - Processing file /home/airflow/.local/lib/python3.12/site-packages/airflow/example_dags/example_branch_operator.py for tasks to queue
[2024-05-08T13:56:32.926+0000] {logging_mixin.py:188} INFO - [2024-05-08T13:56:32.926+0000] {dagbag.py:545} INFO - Filling up the DagBag from /home/airflow/.local/lib/python3.12/site-packages/airflow/example_dags/example_branch_operator.py
[2024-05-08T13:56:32.951+0000] {processor.py:840} INFO - DAG(s) 'example_branch_operator' retrieved from /home/airflow/.local/lib/python3.12/site-packages/airflow/example_dags/example_branch_operator.py
[2024-05-08T13:56:32.993+0000] {logging_mixin.py:188} INFO - [2024-05-08T13:56:32.993+0000] {dag.py:3096} INFO - Sync 1 DAGs
[2024-05-08T13:56:33.025+0000] {logging_mixin.py:188} INFO - [2024-05-08T13:56:33.025+0000] {dag.py:3954} INFO - Setting next_dagrun for example_branch_operator to 2024-05-07 00:00:00+00:00, run_after=2024-05-08 00:00:00+00:00
[2024-05-08T13:56:33.050+0000] {processor.py:183} INFO - Processing /home/airflow/.local/lib/python3.12/site-packages/airflow/example_dags/example_branch_operator.py took 0.136 seconds
[2024-05-08T13:57:03.416+0000] {processor.py:161} INFO - Started process (PID=1136) to work on /home/airflow/.local/lib/python3.12/site-packages/airflow/example_dags/example_branch_operator.py
[2024-05-08T13:57:03.418+0000] {processor.py:830} INFO - Processing file /home/airflow/.local/lib/python3.12/site-packages/airflow/example_dags/example_branch_operator.py for tasks to queue
[2024-05-08T13:57:03.421+0000] {logging_mixin.py:188} INFO - [2024-05-08T13:57:03.421+0000] {dagbag.py:545} INFO - Filling up the DagBag from /home/airflow/.local/lib/python3.12/site-packages/airflow/example_dags/example_branch_operator.py
[2024-05-08T13:57:03.440+0000] {processor.py:840} INFO - DAG(s) 'example_branch_operator' retrieved from /home/airflow/.local/lib/python3.12/site-packages/airflow/example_dags/example_branch_operator.py
[2024-05-08T13:57:03.475+0000] {logging_mixin.py:188} INFO - [2024-05-08T13:57:03.475+0000] {dag.py:3096} INFO - Sync 1 DAGs
[2024-05-08T13:57:03.505+0000] {logging_mixin.py:188} INFO - [2024-05-08T13:57:03.505+0000] {dag.py:3954} INFO - Setting next_dagrun for example_branch_operator to 2024-05-07 00:00:00+00:00, run_after=2024-05-08 00:00:00+00:00
[2024-05-08T13:57:03.531+0000] {processor.py:183} INFO - Processing /home/airflow/.local/lib/python3.12/site-packages/airflow/example_dags/example_branch_operator.py took 0.121 seconds
[2024-05-08T13:57:34.739+0000] {processor.py:161} INFO - Started process (PID=1196) to work on /home/airflow/.local/lib/python3.12/site-packages/airflow/example_dags/example_branch_operator.py
[2024-05-08T13:57:34.740+0000] {processor.py:830} INFO - Processing file /home/airflow/.local/lib/python3.12/site-packages/airflow/example_dags/example_branch_operator.py for tasks to queue
[2024-05-08T13:57:34.742+0000] {logging_mixin.py:188} INFO - [2024-05-08T13:57:34.742+0000] {dagbag.py:545} INFO - Filling up the DagBag from /home/airflow/.local/lib/python3.12/site-packages/airflow/example_dags/example_branch_operator.py
[2024-05-08T13:57:34.769+0000] {processor.py:840} INFO - DAG(s) 'example_branch_operator' retrieved from /home/airflow/.local/lib/python3.12/site-packages/airflow/example_dags/example_branch_operator.py
[2024-05-08T13:57:34.810+0000] {logging_mixin.py:188} INFO - [2024-05-08T13:57:34.810+0000] {dag.py:3096} INFO - Sync 1 DAGs
[2024-05-08T13:57:34.840+0000] {logging_mixin.py:188} INFO - [2024-05-08T13:57:34.839+0000] {dag.py:3954} INFO - Setting next_dagrun for example_branch_operator to 2024-05-07 00:00:00+00:00, run_after=2024-05-08 00:00:00+00:00
[2024-05-08T13:57:34.870+0000] {processor.py:183} INFO - Processing /home/airflow/.local/lib/python3.12/site-packages/airflow/example_dags/example_branch_operator.py took 0.140 seconds
[2024-05-08T13:58:05.735+0000] {processor.py:161} INFO - Started process (PID=1256) to work on /home/airflow/.local/lib/python3.12/site-packages/airflow/example_dags/example_branch_operator.py
[2024-05-08T13:58:05.737+0000] {processor.py:830} INFO - Processing file /home/airflow/.local/lib/python3.12/site-packages/airflow/example_dags/example_branch_operator.py for tasks to queue
[2024-05-08T13:58:05.740+0000] {logging_mixin.py:188} INFO - [2024-05-08T13:58:05.739+0000] {dagbag.py:545} INFO - Filling up the DagBag from /home/airflow/.local/lib/python3.12/site-packages/airflow/example_dags/example_branch_operator.py
[2024-05-08T13:58:05.767+0000] {processor.py:840} INFO - DAG(s) 'example_branch_operator' retrieved from /home/airflow/.local/lib/python3.12/site-packages/airflow/example_dags/example_branch_operator.py
[2024-05-08T13:58:05.808+0000] {logging_mixin.py:188} INFO - [2024-05-08T13:58:05.808+0000] {dag.py:3096} INFO - Sync 1 DAGs
[2024-05-08T13:58:05.838+0000] {logging_mixin.py:188} INFO - [2024-05-08T13:58:05.838+0000] {dag.py:3954} INFO - Setting next_dagrun for example_branch_operator to 2024-05-07 00:00:00+00:00, run_after=2024-05-08 00:00:00+00:00
[2024-05-08T13:58:05.868+0000] {processor.py:183} INFO - Processing /home/airflow/.local/lib/python3.12/site-packages/airflow/example_dags/example_branch_operator.py took 0.140 seconds
[2024-05-08T13:58:36.775+0000] {processor.py:161} INFO - Started process (PID=1316) to work on /home/airflow/.local/lib/python3.12/site-packages/airflow/example_dags/example_branch_operator.py
[2024-05-08T13:58:36.777+0000] {processor.py:830} INFO - Processing file /home/airflow/.local/lib/python3.12/site-packages/airflow/example_dags/example_branch_operator.py for tasks to queue
[2024-05-08T13:58:36.780+0000] {logging_mixin.py:188} INFO - [2024-05-08T13:58:36.779+0000] {dagbag.py:545} INFO - Filling up the DagBag from /home/airflow/.local/lib/python3.12/site-packages/airflow/example_dags/example_branch_operator.py
[2024-05-08T13:58:36.800+0000] {processor.py:840} INFO - DAG(s) 'example_branch_operator' retrieved from /home/airflow/.local/lib/python3.12/site-packages/airflow/example_dags/example_branch_operator.py
[2024-05-08T13:58:36.900+0000] {logging_mixin.py:188} INFO - [2024-05-08T13:58:36.899+0000] {dag.py:3096} INFO - Sync 1 DAGs
[2024-05-08T13:58:37.076+0000] {logging_mixin.py:188} INFO - [2024-05-08T13:58:37.076+0000] {dag.py:3954} INFO - Setting next_dagrun for example_branch_operator to 2024-05-07 00:00:00+00:00, run_after=2024-05-08 00:00:00+00:00
[2024-05-08T13:58:37.099+0000] {processor.py:183} INFO - Processing /home/airflow/.local/lib/python3.12/site-packages/airflow/example_dags/example_branch_operator.py took 0.332 seconds
[2024-05-08T13:59:07.809+0000] {processor.py:161} INFO - Started process (PID=1376) to work on /home/airflow/.local/lib/python3.12/site-packages/airflow/example_dags/example_branch_operator.py
[2024-05-08T13:59:07.811+0000] {processor.py:830} INFO - Processing file /home/airflow/.local/lib/python3.12/site-packages/airflow/example_dags/example_branch_operator.py for tasks to queue
[2024-05-08T13:59:07.815+0000] {logging_mixin.py:188} INFO - [2024-05-08T13:59:07.814+0000] {dagbag.py:545} INFO - Filling up the DagBag from /home/airflow/.local/lib/python3.12/site-packages/airflow/example_dags/example_branch_operator.py
[2024-05-08T13:59:07.834+0000] {processor.py:840} INFO - DAG(s) 'example_branch_operator' retrieved from /home/airflow/.local/lib/python3.12/site-packages/airflow/example_dags/example_branch_operator.py
[2024-05-08T13:59:07.870+0000] {logging_mixin.py:188} INFO - [2024-05-08T13:59:07.870+0000] {dag.py:3096} INFO - Sync 1 DAGs
[2024-05-08T13:59:07.897+0000] {logging_mixin.py:188} INFO - [2024-05-08T13:59:07.897+0000] {dag.py:3954} INFO - Setting next_dagrun for example_branch_operator to 2024-05-07 00:00:00+00:00, run_after=2024-05-08 00:00:00+00:00
[2024-05-08T13:59:08.061+0000] {processor.py:183} INFO - Processing /home/airflow/.local/lib/python3.12/site-packages/airflow/example_dags/example_branch_operator.py took 0.261 seconds
[2024-05-08T13:59:39.186+0000] {processor.py:161} INFO - Started process (PID=1437) to work on /home/airflow/.local/lib/python3.12/site-packages/airflow/example_dags/example_branch_operator.py
[2024-05-08T13:59:39.188+0000] {processor.py:830} INFO - Processing file /home/airflow/.local/lib/python3.12/site-packages/airflow/example_dags/example_branch_operator.py for tasks to queue
[2024-05-08T13:59:39.190+0000] {logging_mixin.py:188} INFO - [2024-05-08T13:59:39.190+0000] {dagbag.py:545} INFO - Filling up the DagBag from /home/airflow/.local/lib/python3.12/site-packages/airflow/example_dags/example_branch_operator.py
[2024-05-08T13:59:39.208+0000] {processor.py:840} INFO - DAG(s) 'example_branch_operator' retrieved from /home/airflow/.local/lib/python3.12/site-packages/airflow/example_dags/example_branch_operator.py
[2024-05-08T13:59:39.243+0000] {logging_mixin.py:188} INFO - [2024-05-08T13:59:39.242+0000] {dag.py:3096} INFO - Sync 1 DAGs
[2024-05-08T13:59:39.274+0000] {logging_mixin.py:188} INFO - [2024-05-08T13:59:39.274+0000] {dag.py:3954} INFO - Setting next_dagrun for example_branch_operator to 2024-05-07 00:00:00+00:00, run_after=2024-05-08 00:00:00+00:00
[2024-05-08T13:59:39.297+0000] {processor.py:183} INFO - Processing /home/airflow/.local/lib/python3.12/site-packages/airflow/example_dags/example_branch_operator.py took 0.117 seconds
[2024-05-08T14:00:10.008+0000] {processor.py:161} INFO - Started process (PID=1496) to work on /home/airflow/.local/lib/python3.12/site-packages/airflow/example_dags/example_branch_operator.py
[2024-05-08T14:00:10.010+0000] {processor.py:830} INFO - Processing file /home/airflow/.local/lib/python3.12/site-packages/airflow/example_dags/example_branch_operator.py for tasks to queue
[2024-05-08T14:00:10.014+0000] {logging_mixin.py:188} INFO - [2024-05-08T14:00:10.013+0000] {dagbag.py:545} INFO - Filling up the DagBag from /home/airflow/.local/lib/python3.12/site-packages/airflow/example_dags/example_branch_operator.py
[2024-05-08T14:00:10.040+0000] {processor.py:840} INFO - DAG(s) 'example_branch_operator' retrieved from /home/airflow/.local/lib/python3.12/site-packages/airflow/example_dags/example_branch_operator.py
[2024-05-08T14:00:10.085+0000] {logging_mixin.py:188} INFO - [2024-05-08T14:00:10.084+0000] {dag.py:3096} INFO - Sync 1 DAGs
[2024-05-08T14:00:10.121+0000] {logging_mixin.py:188} INFO - [2024-05-08T14:00:10.120+0000] {dag.py:3954} INFO - Setting next_dagrun for example_branch_operator to 2024-05-07 00:00:00+00:00, run_after=2024-05-08 00:00:00+00:00
[2024-05-08T14:00:10.146+0000] {processor.py:183} INFO - Processing /home/airflow/.local/lib/python3.12/site-packages/airflow/example_dags/example_branch_operator.py took 0.148 seconds
[2024-05-08T14:00:41.481+0000] {processor.py:161} INFO - Started process (PID=1556) to work on /home/airflow/.local/lib/python3.12/site-packages/airflow/example_dags/example_branch_operator.py
[2024-05-08T14:00:41.482+0000] {processor.py:830} INFO - Processing file /home/airflow/.local/lib/python3.12/site-packages/airflow/example_dags/example_branch_operator.py for tasks to queue
[2024-05-08T14:00:41.485+0000] {logging_mixin.py:188} INFO - [2024-05-08T14:00:41.484+0000] {dagbag.py:545} INFO - Filling up the DagBag from /home/airflow/.local/lib/python3.12/site-packages/airflow/example_dags/example_branch_operator.py
[2024-05-08T14:00:41.654+0000] {processor.py:840} INFO - DAG(s) 'example_branch_operator' retrieved from /home/airflow/.local/lib/python3.12/site-packages/airflow/example_dags/example_branch_operator.py
[2024-05-08T14:00:41.711+0000] {logging_mixin.py:188} INFO - [2024-05-08T14:00:41.711+0000] {dag.py:3096} INFO - Sync 1 DAGs
[2024-05-08T14:00:41.777+0000] {logging_mixin.py:188} INFO - [2024-05-08T14:00:41.777+0000] {dag.py:3954} INFO - Setting next_dagrun for example_branch_operator to 2024-05-07 00:00:00+00:00, run_after=2024-05-08 00:00:00+00:00
[2024-05-08T14:00:41.812+0000] {processor.py:183} INFO - Processing /home/airflow/.local/lib/python3.12/site-packages/airflow/example_dags/example_branch_operator.py took 0.339 seconds
[2024-05-08T14:01:12.603+0000] {processor.py:161} INFO - Started process (PID=1615) to work on /home/airflow/.local/lib/python3.12/site-packages/airflow/example_dags/example_branch_operator.py
[2024-05-08T14:01:12.606+0000] {processor.py:830} INFO - Processing file /home/airflow/.local/lib/python3.12/site-packages/airflow/example_dags/example_branch_operator.py for tasks to queue
[2024-05-08T14:01:12.611+0000] {logging_mixin.py:188} INFO - [2024-05-08T14:01:12.610+0000] {dagbag.py:545} INFO - Filling up the DagBag from /home/airflow/.local/lib/python3.12/site-packages/airflow/example_dags/example_branch_operator.py
[2024-05-08T14:01:12.652+0000] {processor.py:840} INFO - DAG(s) 'example_branch_operator' retrieved from /home/airflow/.local/lib/python3.12/site-packages/airflow/example_dags/example_branch_operator.py
[2024-05-08T14:01:12.701+0000] {logging_mixin.py:188} INFO - [2024-05-08T14:01:12.701+0000] {dag.py:3096} INFO - Sync 1 DAGs
[2024-05-08T14:01:12.740+0000] {logging_mixin.py:188} INFO - [2024-05-08T14:01:12.740+0000] {dag.py:3954} INFO - Setting next_dagrun for example_branch_operator to 2024-05-07 00:00:00+00:00, run_after=2024-05-08 00:00:00+00:00
[2024-05-08T14:01:12.774+0000] {processor.py:183} INFO - Processing /home/airflow/.local/lib/python3.12/site-packages/airflow/example_dags/example_branch_operator.py took 0.183 seconds
[2024-05-08T14:01:42.815+0000] {processor.py:161} INFO - Started process (PID=1675) to work on /home/airflow/.local/lib/python3.12/site-packages/airflow/example_dags/example_branch_operator.py
[2024-05-08T14:01:42.818+0000] {processor.py:830} INFO - Processing file /home/airflow/.local/lib/python3.12/site-packages/airflow/example_dags/example_branch_operator.py for tasks to queue
[2024-05-08T14:01:42.822+0000] {logging_mixin.py:188} INFO - [2024-05-08T14:01:42.821+0000] {dagbag.py:545} INFO - Filling up the DagBag from /home/airflow/.local/lib/python3.12/site-packages/airflow/example_dags/example_branch_operator.py
[2024-05-08T14:01:42.879+0000] {processor.py:840} INFO - DAG(s) 'example_branch_operator' retrieved from /home/airflow/.local/lib/python3.12/site-packages/airflow/example_dags/example_branch_operator.py
[2024-05-08T14:01:42.961+0000] {logging_mixin.py:188} INFO - [2024-05-08T14:01:42.960+0000] {dag.py:3096} INFO - Sync 1 DAGs
[2024-05-08T14:01:43.027+0000] {logging_mixin.py:188} INFO - [2024-05-08T14:01:43.026+0000] {dag.py:3954} INFO - Setting next_dagrun for example_branch_operator to 2024-05-07 00:00:00+00:00, run_after=2024-05-08 00:00:00+00:00
[2024-05-08T14:01:43.068+0000] {processor.py:183} INFO - Processing /home/airflow/.local/lib/python3.12/site-packages/airflow/example_dags/example_branch_operator.py took 0.265 seconds
[2024-05-08T14:02:14.080+0000] {processor.py:161} INFO - Started process (PID=1734) to work on /home/airflow/.local/lib/python3.12/site-packages/airflow/example_dags/example_branch_operator.py
[2024-05-08T14:02:14.082+0000] {processor.py:830} INFO - Processing file /home/airflow/.local/lib/python3.12/site-packages/airflow/example_dags/example_branch_operator.py for tasks to queue
[2024-05-08T14:02:14.085+0000] {logging_mixin.py:188} INFO - [2024-05-08T14:02:14.084+0000] {dagbag.py:545} INFO - Filling up the DagBag from /home/airflow/.local/lib/python3.12/site-packages/airflow/example_dags/example_branch_operator.py
[2024-05-08T14:02:14.103+0000] {processor.py:840} INFO - DAG(s) 'example_branch_operator' retrieved from /home/airflow/.local/lib/python3.12/site-packages/airflow/example_dags/example_branch_operator.py
[2024-05-08T14:02:14.137+0000] {logging_mixin.py:188} INFO - [2024-05-08T14:02:14.137+0000] {dag.py:3096} INFO - Sync 1 DAGs
[2024-05-08T14:02:14.164+0000] {logging_mixin.py:188} INFO - [2024-05-08T14:02:14.164+0000] {dag.py:3954} INFO - Setting next_dagrun for example_branch_operator to 2024-05-07 00:00:00+00:00, run_after=2024-05-08 00:00:00+00:00
[2024-05-08T14:02:14.189+0000] {processor.py:183} INFO - Processing /home/airflow/.local/lib/python3.12/site-packages/airflow/example_dags/example_branch_operator.py took 0.119 seconds
[2024-05-08T14:02:44.469+0000] {processor.py:161} INFO - Started process (PID=1794) to work on /home/airflow/.local/lib/python3.12/site-packages/airflow/example_dags/example_branch_operator.py
[2024-05-08T14:02:44.471+0000] {processor.py:830} INFO - Processing file /home/airflow/.local/lib/python3.12/site-packages/airflow/example_dags/example_branch_operator.py for tasks to queue
[2024-05-08T14:02:44.475+0000] {logging_mixin.py:188} INFO - [2024-05-08T14:02:44.475+0000] {dagbag.py:545} INFO - Filling up the DagBag from /home/airflow/.local/lib/python3.12/site-packages/airflow/example_dags/example_branch_operator.py
[2024-05-08T14:02:44.496+0000] {processor.py:840} INFO - DAG(s) 'example_branch_operator' retrieved from /home/airflow/.local/lib/python3.12/site-packages/airflow/example_dags/example_branch_operator.py
[2024-05-08T14:02:44.535+0000] {logging_mixin.py:188} INFO - [2024-05-08T14:02:44.535+0000] {dag.py:3096} INFO - Sync 1 DAGs
[2024-05-08T14:02:44.565+0000] {logging_mixin.py:188} INFO - [2024-05-08T14:02:44.565+0000] {dag.py:3954} INFO - Setting next_dagrun for example_branch_operator to 2024-05-07 00:00:00+00:00, run_after=2024-05-08 00:00:00+00:00
[2024-05-08T14:02:44.597+0000] {processor.py:183} INFO - Processing /home/airflow/.local/lib/python3.12/site-packages/airflow/example_dags/example_branch_operator.py took 0.138 seconds
[2024-05-08T14:03:17.256+0000] {processor.py:161} INFO - Started process (PID=1854) to work on /home/airflow/.local/lib/python3.12/site-packages/airflow/example_dags/example_branch_operator.py
[2024-05-08T14:03:17.258+0000] {processor.py:830} INFO - Processing file /home/airflow/.local/lib/python3.12/site-packages/airflow/example_dags/example_branch_operator.py for tasks to queue
[2024-05-08T14:03:17.262+0000] {logging_mixin.py:188} INFO - [2024-05-08T14:03:17.262+0000] {dagbag.py:545} INFO - Filling up the DagBag from /home/airflow/.local/lib/python3.12/site-packages/airflow/example_dags/example_branch_operator.py
[2024-05-08T14:03:17.307+0000] {processor.py:840} INFO - DAG(s) 'example_branch_operator' retrieved from /home/airflow/.local/lib/python3.12/site-packages/airflow/example_dags/example_branch_operator.py
[2024-05-08T14:03:17.413+0000] {logging_mixin.py:188} INFO - [2024-05-08T14:03:17.413+0000] {dag.py:3096} INFO - Sync 1 DAGs
[2024-05-08T14:03:17.452+0000] {logging_mixin.py:188} INFO - [2024-05-08T14:03:17.452+0000] {dag.py:3954} INFO - Setting next_dagrun for example_branch_operator to 2024-05-07 00:00:00+00:00, run_after=2024-05-08 00:00:00+00:00
[2024-05-08T14:03:17.486+0000] {processor.py:183} INFO - Processing /home/airflow/.local/lib/python3.12/site-packages/airflow/example_dags/example_branch_operator.py took 0.241 seconds
[2024-05-08T14:03:47.975+0000] {processor.py:161} INFO - Started process (PID=1913) to work on /home/airflow/.local/lib/python3.12/site-packages/airflow/example_dags/example_branch_operator.py
[2024-05-08T14:03:47.977+0000] {processor.py:830} INFO - Processing file /home/airflow/.local/lib/python3.12/site-packages/airflow/example_dags/example_branch_operator.py for tasks to queue
[2024-05-08T14:03:47.981+0000] {logging_mixin.py:188} INFO - [2024-05-08T14:03:47.980+0000] {dagbag.py:545} INFO - Filling up the DagBag from /home/airflow/.local/lib/python3.12/site-packages/airflow/example_dags/example_branch_operator.py
[2024-05-08T14:03:48.007+0000] {processor.py:840} INFO - DAG(s) 'example_branch_operator' retrieved from /home/airflow/.local/lib/python3.12/site-packages/airflow/example_dags/example_branch_operator.py
[2024-05-08T14:03:48.050+0000] {logging_mixin.py:188} INFO - [2024-05-08T14:03:48.049+0000] {dag.py:3096} INFO - Sync 1 DAGs
[2024-05-08T14:03:48.084+0000] {logging_mixin.py:188} INFO - [2024-05-08T14:03:48.084+0000] {dag.py:3954} INFO - Setting next_dagrun for example_branch_operator to 2024-05-07 00:00:00+00:00, run_after=2024-05-08 00:00:00+00:00
[2024-05-08T14:03:48.113+0000] {processor.py:183} INFO - Processing /home/airflow/.local/lib/python3.12/site-packages/airflow/example_dags/example_branch_operator.py took 0.150 seconds
[2024-05-08T14:04:18.963+0000] {processor.py:161} INFO - Started process (PID=1973) to work on /home/airflow/.local/lib/python3.12/site-packages/airflow/example_dags/example_branch_operator.py
[2024-05-08T14:04:18.964+0000] {processor.py:830} INFO - Processing file /home/airflow/.local/lib/python3.12/site-packages/airflow/example_dags/example_branch_operator.py for tasks to queue
[2024-05-08T14:04:18.967+0000] {logging_mixin.py:188} INFO - [2024-05-08T14:04:18.967+0000] {dagbag.py:545} INFO - Filling up the DagBag from /home/airflow/.local/lib/python3.12/site-packages/airflow/example_dags/example_branch_operator.py
[2024-05-08T14:04:18.986+0000] {processor.py:840} INFO - DAG(s) 'example_branch_operator' retrieved from /home/airflow/.local/lib/python3.12/site-packages/airflow/example_dags/example_branch_operator.py
[2024-05-08T14:04:19.018+0000] {logging_mixin.py:188} INFO - [2024-05-08T14:04:19.018+0000] {dag.py:3096} INFO - Sync 1 DAGs
[2024-05-08T14:04:19.045+0000] {logging_mixin.py:188} INFO - [2024-05-08T14:04:19.044+0000] {dag.py:3954} INFO - Setting next_dagrun for example_branch_operator to 2024-05-07 00:00:00+00:00, run_after=2024-05-08 00:00:00+00:00
[2024-05-08T14:04:19.073+0000] {processor.py:183} INFO - Processing /home/airflow/.local/lib/python3.12/site-packages/airflow/example_dags/example_branch_operator.py took 0.117 seconds
[2024-05-08T14:04:49.971+0000] {processor.py:161} INFO - Started process (PID=2033) to work on /home/airflow/.local/lib/python3.12/site-packages/airflow/example_dags/example_branch_operator.py
[2024-05-08T14:04:49.973+0000] {processor.py:830} INFO - Processing file /home/airflow/.local/lib/python3.12/site-packages/airflow/example_dags/example_branch_operator.py for tasks to queue
[2024-05-08T14:04:49.975+0000] {logging_mixin.py:188} INFO - [2024-05-08T14:04:49.975+0000] {dagbag.py:545} INFO - Filling up the DagBag from /home/airflow/.local/lib/python3.12/site-packages/airflow/example_dags/example_branch_operator.py
[2024-05-08T14:04:49.995+0000] {processor.py:840} INFO - DAG(s) 'example_branch_operator' retrieved from /home/airflow/.local/lib/python3.12/site-packages/airflow/example_dags/example_branch_operator.py
[2024-05-08T14:04:50.030+0000] {logging_mixin.py:188} INFO - [2024-05-08T14:04:50.029+0000] {dag.py:3096} INFO - Sync 1 DAGs
[2024-05-08T14:04:50.056+0000] {logging_mixin.py:188} INFO - [2024-05-08T14:04:50.055+0000] {dag.py:3954} INFO - Setting next_dagrun for example_branch_operator to 2024-05-07 00:00:00+00:00, run_after=2024-05-08 00:00:00+00:00
[2024-05-08T14:04:50.085+0000] {processor.py:183} INFO - Processing /home/airflow/.local/lib/python3.12/site-packages/airflow/example_dags/example_branch_operator.py took 0.123 seconds
[2024-05-08T14:05:20.631+0000] {processor.py:161} INFO - Started process (PID=2093) to work on /home/airflow/.local/lib/python3.12/site-packages/airflow/example_dags/example_branch_operator.py
[2024-05-08T14:05:20.632+0000] {processor.py:830} INFO - Processing file /home/airflow/.local/lib/python3.12/site-packages/airflow/example_dags/example_branch_operator.py for tasks to queue
[2024-05-08T14:05:20.637+0000] {logging_mixin.py:188} INFO - [2024-05-08T14:05:20.636+0000] {dagbag.py:545} INFO - Filling up the DagBag from /home/airflow/.local/lib/python3.12/site-packages/airflow/example_dags/example_branch_operator.py
[2024-05-08T14:05:20.659+0000] {processor.py:840} INFO - DAG(s) 'example_branch_operator' retrieved from /home/airflow/.local/lib/python3.12/site-packages/airflow/example_dags/example_branch_operator.py
[2024-05-08T14:05:20.721+0000] {logging_mixin.py:188} INFO - [2024-05-08T14:05:20.721+0000] {dag.py:3096} INFO - Sync 1 DAGs
[2024-05-08T14:05:20.819+0000] {logging_mixin.py:188} INFO - [2024-05-08T14:05:20.818+0000] {dag.py:3954} INFO - Setting next_dagrun for example_branch_operator to 2024-05-07 00:00:00+00:00, run_after=2024-05-08 00:00:00+00:00
[2024-05-08T14:05:20.859+0000] {processor.py:183} INFO - Processing /home/airflow/.local/lib/python3.12/site-packages/airflow/example_dags/example_branch_operator.py took 0.239 seconds
[2024-05-08T14:05:51.435+0000] {processor.py:161} INFO - Started process (PID=2152) to work on /home/airflow/.local/lib/python3.12/site-packages/airflow/example_dags/example_branch_operator.py
[2024-05-08T14:05:51.437+0000] {processor.py:830} INFO - Processing file /home/airflow/.local/lib/python3.12/site-packages/airflow/example_dags/example_branch_operator.py for tasks to queue
[2024-05-08T14:05:51.439+0000] {logging_mixin.py:188} INFO - [2024-05-08T14:05:51.439+0000] {dagbag.py:545} INFO - Filling up the DagBag from /home/airflow/.local/lib/python3.12/site-packages/airflow/example_dags/example_branch_operator.py
[2024-05-08T14:05:51.457+0000] {processor.py:840} INFO - DAG(s) 'example_branch_operator' retrieved from /home/airflow/.local/lib/python3.12/site-packages/airflow/example_dags/example_branch_operator.py
[2024-05-08T14:05:51.499+0000] {logging_mixin.py:188} INFO - [2024-05-08T14:05:51.499+0000] {dag.py:3096} INFO - Sync 1 DAGs
[2024-05-08T14:05:51.534+0000] {logging_mixin.py:188} INFO - [2024-05-08T14:05:51.534+0000] {dag.py:3954} INFO - Setting next_dagrun for example_branch_operator to 2024-05-07 00:00:00+00:00, run_after=2024-05-08 00:00:00+00:00
[2024-05-08T14:05:51.561+0000] {processor.py:183} INFO - Processing /home/airflow/.local/lib/python3.12/site-packages/airflow/example_dags/example_branch_operator.py took 0.132 seconds
[2024-05-08T14:06:21.668+0000] {processor.py:161} INFO - Started process (PID=2212) to work on /home/airflow/.local/lib/python3.12/site-packages/airflow/example_dags/example_branch_operator.py
[2024-05-08T14:06:21.670+0000] {processor.py:830} INFO - Processing file /home/airflow/.local/lib/python3.12/site-packages/airflow/example_dags/example_branch_operator.py for tasks to queue
[2024-05-08T14:06:21.674+0000] {logging_mixin.py:188} INFO - [2024-05-08T14:06:21.673+0000] {dagbag.py:545} INFO - Filling up the DagBag from /home/airflow/.local/lib/python3.12/site-packages/airflow/example_dags/example_branch_operator.py
[2024-05-08T14:06:21.692+0000] {processor.py:840} INFO - DAG(s) 'example_branch_operator' retrieved from /home/airflow/.local/lib/python3.12/site-packages/airflow/example_dags/example_branch_operator.py
[2024-05-08T14:06:21.732+0000] {logging_mixin.py:188} INFO - [2024-05-08T14:06:21.732+0000] {dag.py:3096} INFO - Sync 1 DAGs
[2024-05-08T14:06:21.760+0000] {logging_mixin.py:188} INFO - [2024-05-08T14:06:21.759+0000] {dag.py:3954} INFO - Setting next_dagrun for example_branch_operator to 2024-05-07 00:00:00+00:00, run_after=2024-05-08 00:00:00+00:00
[2024-05-08T14:06:21.787+0000] {processor.py:183} INFO - Processing /home/airflow/.local/lib/python3.12/site-packages/airflow/example_dags/example_branch_operator.py took 0.127 seconds
[2024-05-08T14:06:52.047+0000] {processor.py:161} INFO - Started process (PID=2278) to work on /home/airflow/.local/lib/python3.12/site-packages/airflow/example_dags/example_branch_operator.py
[2024-05-08T14:06:52.049+0000] {processor.py:830} INFO - Processing file /home/airflow/.local/lib/python3.12/site-packages/airflow/example_dags/example_branch_operator.py for tasks to queue
[2024-05-08T14:06:52.052+0000] {logging_mixin.py:188} INFO - [2024-05-08T14:06:52.051+0000] {dagbag.py:545} INFO - Filling up the DagBag from /home/airflow/.local/lib/python3.12/site-packages/airflow/example_dags/example_branch_operator.py
[2024-05-08T14:06:52.076+0000] {processor.py:840} INFO - DAG(s) 'example_branch_operator' retrieved from /home/airflow/.local/lib/python3.12/site-packages/airflow/example_dags/example_branch_operator.py
[2024-05-08T14:06:52.111+0000] {logging_mixin.py:188} INFO - [2024-05-08T14:06:52.111+0000] {dag.py:3096} INFO - Sync 1 DAGs
[2024-05-08T14:06:52.145+0000] {logging_mixin.py:188} INFO - [2024-05-08T14:06:52.145+0000] {dag.py:3954} INFO - Setting next_dagrun for example_branch_operator to 2024-05-07 00:00:00+00:00, run_after=2024-05-08 00:00:00+00:00
[2024-05-08T14:06:52.180+0000] {processor.py:183} INFO - Processing /home/airflow/.local/lib/python3.12/site-packages/airflow/example_dags/example_branch_operator.py took 0.140 seconds
[2024-05-08T14:07:23.042+0000] {processor.py:161} INFO - Started process (PID=2338) to work on /home/airflow/.local/lib/python3.12/site-packages/airflow/example_dags/example_branch_operator.py
[2024-05-08T14:07:23.043+0000] {processor.py:830} INFO - Processing file /home/airflow/.local/lib/python3.12/site-packages/airflow/example_dags/example_branch_operator.py for tasks to queue
[2024-05-08T14:07:23.047+0000] {logging_mixin.py:188} INFO - [2024-05-08T14:07:23.046+0000] {dagbag.py:545} INFO - Filling up the DagBag from /home/airflow/.local/lib/python3.12/site-packages/airflow/example_dags/example_branch_operator.py
[2024-05-08T14:07:23.075+0000] {processor.py:840} INFO - DAG(s) 'example_branch_operator' retrieved from /home/airflow/.local/lib/python3.12/site-packages/airflow/example_dags/example_branch_operator.py
[2024-05-08T14:07:23.111+0000] {logging_mixin.py:188} INFO - [2024-05-08T14:07:23.111+0000] {dag.py:3096} INFO - Sync 1 DAGs
[2024-05-08T14:07:23.141+0000] {logging_mixin.py:188} INFO - [2024-05-08T14:07:23.141+0000] {dag.py:3954} INFO - Setting next_dagrun for example_branch_operator to 2024-05-07 00:00:00+00:00, run_after=2024-05-08 00:00:00+00:00
[2024-05-08T14:07:23.166+0000] {processor.py:183} INFO - Processing /home/airflow/.local/lib/python3.12/site-packages/airflow/example_dags/example_branch_operator.py took 0.132 seconds
[2024-05-08T14:07:53.755+0000] {processor.py:161} INFO - Started process (PID=2398) to work on /home/airflow/.local/lib/python3.12/site-packages/airflow/example_dags/example_branch_operator.py
[2024-05-08T14:07:53.757+0000] {processor.py:830} INFO - Processing file /home/airflow/.local/lib/python3.12/site-packages/airflow/example_dags/example_branch_operator.py for tasks to queue
[2024-05-08T14:07:53.759+0000] {logging_mixin.py:188} INFO - [2024-05-08T14:07:53.759+0000] {dagbag.py:545} INFO - Filling up the DagBag from /home/airflow/.local/lib/python3.12/site-packages/airflow/example_dags/example_branch_operator.py
[2024-05-08T14:07:53.785+0000] {processor.py:840} INFO - DAG(s) 'example_branch_operator' retrieved from /home/airflow/.local/lib/python3.12/site-packages/airflow/example_dags/example_branch_operator.py
[2024-05-08T14:07:53.822+0000] {logging_mixin.py:188} INFO - [2024-05-08T14:07:53.822+0000] {dag.py:3096} INFO - Sync 1 DAGs
[2024-05-08T14:07:53.850+0000] {logging_mixin.py:188} INFO - [2024-05-08T14:07:53.849+0000] {dag.py:3954} INFO - Setting next_dagrun for example_branch_operator to 2024-05-07 00:00:00+00:00, run_after=2024-05-08 00:00:00+00:00
[2024-05-08T14:07:53.879+0000] {processor.py:183} INFO - Processing /home/airflow/.local/lib/python3.12/site-packages/airflow/example_dags/example_branch_operator.py took 0.131 seconds
[2024-05-08T14:08:24.087+0000] {processor.py:161} INFO - Started process (PID=2458) to work on /home/airflow/.local/lib/python3.12/site-packages/airflow/example_dags/example_branch_operator.py
[2024-05-08T14:08:24.088+0000] {processor.py:830} INFO - Processing file /home/airflow/.local/lib/python3.12/site-packages/airflow/example_dags/example_branch_operator.py for tasks to queue
[2024-05-08T14:08:24.091+0000] {logging_mixin.py:188} INFO - [2024-05-08T14:08:24.090+0000] {dagbag.py:545} INFO - Filling up the DagBag from /home/airflow/.local/lib/python3.12/site-packages/airflow/example_dags/example_branch_operator.py
[2024-05-08T14:08:24.110+0000] {processor.py:840} INFO - DAG(s) 'example_branch_operator' retrieved from /home/airflow/.local/lib/python3.12/site-packages/airflow/example_dags/example_branch_operator.py
[2024-05-08T14:08:24.174+0000] {logging_mixin.py:188} INFO - [2024-05-08T14:08:24.173+0000] {dag.py:3096} INFO - Sync 1 DAGs
[2024-05-08T14:08:24.213+0000] {logging_mixin.py:188} INFO - [2024-05-08T14:08:24.213+0000] {dag.py:3954} INFO - Setting next_dagrun for example_branch_operator to 2024-05-07 00:00:00+00:00, run_after=2024-05-08 00:00:00+00:00
[2024-05-08T14:08:24.243+0000] {processor.py:183} INFO - Processing /home/airflow/.local/lib/python3.12/site-packages/airflow/example_dags/example_branch_operator.py took 0.164 seconds
[2024-05-08T14:08:54.482+0000] {processor.py:161} INFO - Started process (PID=2518) to work on /home/airflow/.local/lib/python3.12/site-packages/airflow/example_dags/example_branch_operator.py
[2024-05-08T14:08:54.484+0000] {processor.py:830} INFO - Processing file /home/airflow/.local/lib/python3.12/site-packages/airflow/example_dags/example_branch_operator.py for tasks to queue
[2024-05-08T14:08:54.486+0000] {logging_mixin.py:188} INFO - [2024-05-08T14:08:54.486+0000] {dagbag.py:545} INFO - Filling up the DagBag from /home/airflow/.local/lib/python3.12/site-packages/airflow/example_dags/example_branch_operator.py
[2024-05-08T14:08:54.506+0000] {processor.py:840} INFO - DAG(s) 'example_branch_operator' retrieved from /home/airflow/.local/lib/python3.12/site-packages/airflow/example_dags/example_branch_operator.py
[2024-05-08T14:08:54.546+0000] {logging_mixin.py:188} INFO - [2024-05-08T14:08:54.546+0000] {dag.py:3096} INFO - Sync 1 DAGs
[2024-05-08T14:08:54.580+0000] {logging_mixin.py:188} INFO - [2024-05-08T14:08:54.580+0000] {dag.py:3954} INFO - Setting next_dagrun for example_branch_operator to 2024-05-07 00:00:00+00:00, run_after=2024-05-08 00:00:00+00:00
[2024-05-08T14:08:54.612+0000] {processor.py:183} INFO - Processing /home/airflow/.local/lib/python3.12/site-packages/airflow/example_dags/example_branch_operator.py took 0.138 seconds
[2024-05-08T14:09:25.652+0000] {processor.py:161} INFO - Started process (PID=2578) to work on /home/airflow/.local/lib/python3.12/site-packages/airflow/example_dags/example_branch_operator.py
[2024-05-08T14:09:25.654+0000] {processor.py:830} INFO - Processing file /home/airflow/.local/lib/python3.12/site-packages/airflow/example_dags/example_branch_operator.py for tasks to queue
[2024-05-08T14:09:25.657+0000] {logging_mixin.py:188} INFO - [2024-05-08T14:09:25.656+0000] {dagbag.py:545} INFO - Filling up the DagBag from /home/airflow/.local/lib/python3.12/site-packages/airflow/example_dags/example_branch_operator.py
[2024-05-08T14:09:25.694+0000] {processor.py:840} INFO - DAG(s) 'example_branch_operator' retrieved from /home/airflow/.local/lib/python3.12/site-packages/airflow/example_dags/example_branch_operator.py
[2024-05-08T14:09:25.810+0000] {logging_mixin.py:188} INFO - [2024-05-08T14:09:25.810+0000] {dag.py:3096} INFO - Sync 1 DAGs
[2024-05-08T14:09:25.846+0000] {logging_mixin.py:188} INFO - [2024-05-08T14:09:25.846+0000] {dag.py:3954} INFO - Setting next_dagrun for example_branch_operator to 2024-05-07 00:00:00+00:00, run_after=2024-05-08 00:00:00+00:00
[2024-05-08T14:09:25.875+0000] {processor.py:183} INFO - Processing /home/airflow/.local/lib/python3.12/site-packages/airflow/example_dags/example_branch_operator.py took 0.230 seconds
[2024-05-08T14:09:56.539+0000] {processor.py:161} INFO - Started process (PID=2638) to work on /home/airflow/.local/lib/python3.12/site-packages/airflow/example_dags/example_branch_operator.py
[2024-05-08T14:09:56.540+0000] {processor.py:830} INFO - Processing file /home/airflow/.local/lib/python3.12/site-packages/airflow/example_dags/example_branch_operator.py for tasks to queue
[2024-05-08T14:09:56.543+0000] {logging_mixin.py:188} INFO - [2024-05-08T14:09:56.543+0000] {dagbag.py:545} INFO - Filling up the DagBag from /home/airflow/.local/lib/python3.12/site-packages/airflow/example_dags/example_branch_operator.py
[2024-05-08T14:09:56.565+0000] {processor.py:840} INFO - DAG(s) 'example_branch_operator' retrieved from /home/airflow/.local/lib/python3.12/site-packages/airflow/example_dags/example_branch_operator.py
[2024-05-08T14:09:56.608+0000] {logging_mixin.py:188} INFO - [2024-05-08T14:09:56.608+0000] {dag.py:3096} INFO - Sync 1 DAGs
[2024-05-08T14:09:56.643+0000] {logging_mixin.py:188} INFO - [2024-05-08T14:09:56.643+0000] {dag.py:3954} INFO - Setting next_dagrun for example_branch_operator to 2024-05-07 00:00:00+00:00, run_after=2024-05-08 00:00:00+00:00
[2024-05-08T14:09:56.673+0000] {processor.py:183} INFO - Processing /home/airflow/.local/lib/python3.12/site-packages/airflow/example_dags/example_branch_operator.py took 0.141 seconds
[2024-05-08T14:10:27.805+0000] {processor.py:161} INFO - Started process (PID=2698) to work on /home/airflow/.local/lib/python3.12/site-packages/airflow/example_dags/example_branch_operator.py
[2024-05-08T14:10:27.807+0000] {processor.py:830} INFO - Processing file /home/airflow/.local/lib/python3.12/site-packages/airflow/example_dags/example_branch_operator.py for tasks to queue
[2024-05-08T14:10:27.810+0000] {logging_mixin.py:188} INFO - [2024-05-08T14:10:27.809+0000] {dagbag.py:545} INFO - Filling up the DagBag from /home/airflow/.local/lib/python3.12/site-packages/airflow/example_dags/example_branch_operator.py
[2024-05-08T14:10:27.838+0000] {processor.py:840} INFO - DAG(s) 'example_branch_operator' retrieved from /home/airflow/.local/lib/python3.12/site-packages/airflow/example_dags/example_branch_operator.py
[2024-05-08T14:10:27.874+0000] {logging_mixin.py:188} INFO - [2024-05-08T14:10:27.874+0000] {dag.py:3096} INFO - Sync 1 DAGs
[2024-05-08T14:10:27.901+0000] {logging_mixin.py:188} INFO - [2024-05-08T14:10:27.901+0000] {dag.py:3954} INFO - Setting next_dagrun for example_branch_operator to 2024-05-07 00:00:00+00:00, run_after=2024-05-08 00:00:00+00:00
[2024-05-08T14:10:27.932+0000] {processor.py:183} INFO - Processing /home/airflow/.local/lib/python3.12/site-packages/airflow/example_dags/example_branch_operator.py took 0.134 seconds
[2024-05-08T14:10:58.267+0000] {processor.py:161} INFO - Started process (PID=2758) to work on /home/airflow/.local/lib/python3.12/site-packages/airflow/example_dags/example_branch_operator.py
[2024-05-08T14:10:58.270+0000] {processor.py:830} INFO - Processing file /home/airflow/.local/lib/python3.12/site-packages/airflow/example_dags/example_branch_operator.py for tasks to queue
[2024-05-08T14:10:58.275+0000] {logging_mixin.py:188} INFO - [2024-05-08T14:10:58.274+0000] {dagbag.py:545} INFO - Filling up the DagBag from /home/airflow/.local/lib/python3.12/site-packages/airflow/example_dags/example_branch_operator.py
[2024-05-08T14:10:58.300+0000] {processor.py:840} INFO - DAG(s) 'example_branch_operator' retrieved from /home/airflow/.local/lib/python3.12/site-packages/airflow/example_dags/example_branch_operator.py
[2024-05-08T14:10:58.345+0000] {logging_mixin.py:188} INFO - [2024-05-08T14:10:58.345+0000] {dag.py:3096} INFO - Sync 1 DAGs
[2024-05-08T14:10:58.383+0000] {logging_mixin.py:188} INFO - [2024-05-08T14:10:58.383+0000] {dag.py:3954} INFO - Setting next_dagrun for example_branch_operator to 2024-05-07 00:00:00+00:00, run_after=2024-05-08 00:00:00+00:00
[2024-05-08T14:10:58.407+0000] {processor.py:183} INFO - Processing /home/airflow/.local/lib/python3.12/site-packages/airflow/example_dags/example_branch_operator.py took 0.152 seconds
[2024-05-08T14:11:28.829+0000] {processor.py:161} INFO - Started process (PID=2818) to work on /home/airflow/.local/lib/python3.12/site-packages/airflow/example_dags/example_branch_operator.py
[2024-05-08T14:11:28.831+0000] {processor.py:830} INFO - Processing file /home/airflow/.local/lib/python3.12/site-packages/airflow/example_dags/example_branch_operator.py for tasks to queue
[2024-05-08T14:11:28.836+0000] {logging_mixin.py:188} INFO - [2024-05-08T14:11:28.836+0000] {dagbag.py:545} INFO - Filling up the DagBag from /home/airflow/.local/lib/python3.12/site-packages/airflow/example_dags/example_branch_operator.py
[2024-05-08T14:11:28.860+0000] {processor.py:840} INFO - DAG(s) 'example_branch_operator' retrieved from /home/airflow/.local/lib/python3.12/site-packages/airflow/example_dags/example_branch_operator.py
[2024-05-08T14:11:28.905+0000] {logging_mixin.py:188} INFO - [2024-05-08T14:11:28.905+0000] {dag.py:3096} INFO - Sync 1 DAGs
[2024-05-08T14:11:28.944+0000] {logging_mixin.py:188} INFO - [2024-05-08T14:11:28.944+0000] {dag.py:3954} INFO - Setting next_dagrun for example_branch_operator to 2024-05-07 00:00:00+00:00, run_after=2024-05-08 00:00:00+00:00
[2024-05-08T14:11:28.976+0000] {processor.py:183} INFO - Processing /home/airflow/.local/lib/python3.12/site-packages/airflow/example_dags/example_branch_operator.py took 0.159 seconds
[2024-05-08T14:11:59.819+0000] {processor.py:161} INFO - Started process (PID=2878) to work on /home/airflow/.local/lib/python3.12/site-packages/airflow/example_dags/example_branch_operator.py
[2024-05-08T14:11:59.821+0000] {processor.py:830} INFO - Processing file /home/airflow/.local/lib/python3.12/site-packages/airflow/example_dags/example_branch_operator.py for tasks to queue
[2024-05-08T14:11:59.824+0000] {logging_mixin.py:188} INFO - [2024-05-08T14:11:59.824+0000] {dagbag.py:545} INFO - Filling up the DagBag from /home/airflow/.local/lib/python3.12/site-packages/airflow/example_dags/example_branch_operator.py
[2024-05-08T14:11:59.846+0000] {processor.py:840} INFO - DAG(s) 'example_branch_operator' retrieved from /home/airflow/.local/lib/python3.12/site-packages/airflow/example_dags/example_branch_operator.py
[2024-05-08T14:11:59.887+0000] {logging_mixin.py:188} INFO - [2024-05-08T14:11:59.886+0000] {dag.py:3096} INFO - Sync 1 DAGs
[2024-05-08T14:11:59.912+0000] {logging_mixin.py:188} INFO - [2024-05-08T14:11:59.912+0000] {dag.py:3954} INFO - Setting next_dagrun for example_branch_operator to 2024-05-07 00:00:00+00:00, run_after=2024-05-08 00:00:00+00:00
[2024-05-08T14:11:59.944+0000] {processor.py:183} INFO - Processing /home/airflow/.local/lib/python3.12/site-packages/airflow/example_dags/example_branch_operator.py took 0.135 seconds
[2024-05-08T14:12:30.446+0000] {processor.py:161} INFO - Started process (PID=2938) to work on /home/airflow/.local/lib/python3.12/site-packages/airflow/example_dags/example_branch_operator.py
[2024-05-08T14:12:30.448+0000] {processor.py:830} INFO - Processing file /home/airflow/.local/lib/python3.12/site-packages/airflow/example_dags/example_branch_operator.py for tasks to queue
[2024-05-08T14:12:30.451+0000] {logging_mixin.py:188} INFO - [2024-05-08T14:12:30.451+0000] {dagbag.py:545} INFO - Filling up the DagBag from /home/airflow/.local/lib/python3.12/site-packages/airflow/example_dags/example_branch_operator.py
[2024-05-08T14:12:30.471+0000] {processor.py:840} INFO - DAG(s) 'example_branch_operator' retrieved from /home/airflow/.local/lib/python3.12/site-packages/airflow/example_dags/example_branch_operator.py
[2024-05-08T14:12:30.507+0000] {logging_mixin.py:188} INFO - [2024-05-08T14:12:30.507+0000] {dag.py:3096} INFO - Sync 1 DAGs
[2024-05-08T14:12:30.536+0000] {logging_mixin.py:188} INFO - [2024-05-08T14:12:30.536+0000] {dag.py:3954} INFO - Setting next_dagrun for example_branch_operator to 2024-05-07 00:00:00+00:00, run_after=2024-05-08 00:00:00+00:00
[2024-05-08T14:12:30.565+0000] {processor.py:183} INFO - Processing /home/airflow/.local/lib/python3.12/site-packages/airflow/example_dags/example_branch_operator.py took 0.127 seconds
[2024-05-08T14:13:00.701+0000] {processor.py:161} INFO - Started process (PID=2998) to work on /home/airflow/.local/lib/python3.12/site-packages/airflow/example_dags/example_branch_operator.py
[2024-05-08T14:13:00.702+0000] {processor.py:830} INFO - Processing file /home/airflow/.local/lib/python3.12/site-packages/airflow/example_dags/example_branch_operator.py for tasks to queue
[2024-05-08T14:13:00.705+0000] {logging_mixin.py:188} INFO - [2024-05-08T14:13:00.704+0000] {dagbag.py:545} INFO - Filling up the DagBag from /home/airflow/.local/lib/python3.12/site-packages/airflow/example_dags/example_branch_operator.py
[2024-05-08T14:13:00.723+0000] {processor.py:840} INFO - DAG(s) 'example_branch_operator' retrieved from /home/airflow/.local/lib/python3.12/site-packages/airflow/example_dags/example_branch_operator.py
[2024-05-08T14:13:00.773+0000] {logging_mixin.py:188} INFO - [2024-05-08T14:13:00.772+0000] {dag.py:3096} INFO - Sync 1 DAGs
[2024-05-08T14:13:00.801+0000] {logging_mixin.py:188} INFO - [2024-05-08T14:13:00.801+0000] {dag.py:3954} INFO - Setting next_dagrun for example_branch_operator to 2024-05-07 00:00:00+00:00, run_after=2024-05-08 00:00:00+00:00
[2024-05-08T14:13:00.826+0000] {processor.py:183} INFO - Processing /home/airflow/.local/lib/python3.12/site-packages/airflow/example_dags/example_branch_operator.py took 0.132 seconds
[2024-05-08T14:13:30.901+0000] {processor.py:161} INFO - Started process (PID=3057) to work on /home/airflow/.local/lib/python3.12/site-packages/airflow/example_dags/example_branch_operator.py
[2024-05-08T14:13:30.911+0000] {processor.py:830} INFO - Processing file /home/airflow/.local/lib/python3.12/site-packages/airflow/example_dags/example_branch_operator.py for tasks to queue
[2024-05-08T14:13:30.930+0000] {logging_mixin.py:188} INFO - [2024-05-08T14:13:30.930+0000] {dagbag.py:545} INFO - Filling up the DagBag from /home/airflow/.local/lib/python3.12/site-packages/airflow/example_dags/example_branch_operator.py
[2024-05-08T14:13:30.982+0000] {processor.py:840} INFO - DAG(s) 'example_branch_operator' retrieved from /home/airflow/.local/lib/python3.12/site-packages/airflow/example_dags/example_branch_operator.py
[2024-05-08T14:13:31.015+0000] {logging_mixin.py:188} INFO - [2024-05-08T14:13:31.015+0000] {dag.py:3096} INFO - Sync 1 DAGs
[2024-05-08T14:13:31.043+0000] {logging_mixin.py:188} INFO - [2024-05-08T14:13:31.043+0000] {dag.py:3954} INFO - Setting next_dagrun for example_branch_operator to 2024-05-07 00:00:00+00:00, run_after=2024-05-08 00:00:00+00:00
[2024-05-08T14:13:31.071+0000] {processor.py:183} INFO - Processing /home/airflow/.local/lib/python3.12/site-packages/airflow/example_dags/example_branch_operator.py took 0.176 seconds
[2024-05-08T14:14:01.925+0000] {processor.py:161} INFO - Started process (PID=3117) to work on /home/airflow/.local/lib/python3.12/site-packages/airflow/example_dags/example_branch_operator.py
[2024-05-08T14:14:01.926+0000] {processor.py:830} INFO - Processing file /home/airflow/.local/lib/python3.12/site-packages/airflow/example_dags/example_branch_operator.py for tasks to queue
[2024-05-08T14:14:01.929+0000] {logging_mixin.py:188} INFO - [2024-05-08T14:14:01.928+0000] {dagbag.py:545} INFO - Filling up the DagBag from /home/airflow/.local/lib/python3.12/site-packages/airflow/example_dags/example_branch_operator.py
[2024-05-08T14:14:01.949+0000] {processor.py:840} INFO - DAG(s) 'example_branch_operator' retrieved from /home/airflow/.local/lib/python3.12/site-packages/airflow/example_dags/example_branch_operator.py
[2024-05-08T14:14:01.984+0000] {logging_mixin.py:188} INFO - [2024-05-08T14:14:01.984+0000] {dag.py:3096} INFO - Sync 1 DAGs
[2024-05-08T14:14:02.013+0000] {logging_mixin.py:188} INFO - [2024-05-08T14:14:02.013+0000] {dag.py:3954} INFO - Setting next_dagrun for example_branch_operator to 2024-05-07 00:00:00+00:00, run_after=2024-05-08 00:00:00+00:00
[2024-05-08T14:14:02.039+0000] {processor.py:183} INFO - Processing /home/airflow/.local/lib/python3.12/site-packages/airflow/example_dags/example_branch_operator.py took 0.121 seconds
[2024-05-08T14:14:32.144+0000] {processor.py:161} INFO - Started process (PID=3176) to work on /home/airflow/.local/lib/python3.12/site-packages/airflow/example_dags/example_branch_operator.py
[2024-05-08T14:14:32.146+0000] {processor.py:830} INFO - Processing file /home/airflow/.local/lib/python3.12/site-packages/airflow/example_dags/example_branch_operator.py for tasks to queue
[2024-05-08T14:14:32.148+0000] {logging_mixin.py:188} INFO - [2024-05-08T14:14:32.148+0000] {dagbag.py:545} INFO - Filling up the DagBag from /home/airflow/.local/lib/python3.12/site-packages/airflow/example_dags/example_branch_operator.py
[2024-05-08T14:14:32.166+0000] {processor.py:840} INFO - DAG(s) 'example_branch_operator' retrieved from /home/airflow/.local/lib/python3.12/site-packages/airflow/example_dags/example_branch_operator.py
[2024-05-08T14:14:32.200+0000] {logging_mixin.py:188} INFO - [2024-05-08T14:14:32.200+0000] {dag.py:3096} INFO - Sync 1 DAGs
[2024-05-08T14:14:32.226+0000] {logging_mixin.py:188} INFO - [2024-05-08T14:14:32.225+0000] {dag.py:3954} INFO - Setting next_dagrun for example_branch_operator to 2024-05-07 00:00:00+00:00, run_after=2024-05-08 00:00:00+00:00
[2024-05-08T14:14:32.248+0000] {processor.py:183} INFO - Processing /home/airflow/.local/lib/python3.12/site-packages/airflow/example_dags/example_branch_operator.py took 0.110 seconds
[2024-05-08T14:15:02.972+0000] {processor.py:161} INFO - Started process (PID=3236) to work on /home/airflow/.local/lib/python3.12/site-packages/airflow/example_dags/example_branch_operator.py
[2024-05-08T14:15:02.974+0000] {processor.py:830} INFO - Processing file /home/airflow/.local/lib/python3.12/site-packages/airflow/example_dags/example_branch_operator.py for tasks to queue
[2024-05-08T14:15:02.977+0000] {logging_mixin.py:188} INFO - [2024-05-08T14:15:02.977+0000] {dagbag.py:545} INFO - Filling up the DagBag from /home/airflow/.local/lib/python3.12/site-packages/airflow/example_dags/example_branch_operator.py
[2024-05-08T14:15:03.000+0000] {processor.py:840} INFO - DAG(s) 'example_branch_operator' retrieved from /home/airflow/.local/lib/python3.12/site-packages/airflow/example_dags/example_branch_operator.py
[2024-05-08T14:15:03.041+0000] {logging_mixin.py:188} INFO - [2024-05-08T14:15:03.041+0000] {dag.py:3096} INFO - Sync 1 DAGs
[2024-05-08T14:15:03.087+0000] {logging_mixin.py:188} INFO - [2024-05-08T14:15:03.087+0000] {dag.py:3954} INFO - Setting next_dagrun for example_branch_operator to 2024-05-07 00:00:00+00:00, run_after=2024-05-08 00:00:00+00:00
[2024-05-08T14:15:03.133+0000] {processor.py:183} INFO - Processing /home/airflow/.local/lib/python3.12/site-packages/airflow/example_dags/example_branch_operator.py took 0.169 seconds
[2024-05-08T14:15:33.966+0000] {processor.py:161} INFO - Started process (PID=3296) to work on /home/airflow/.local/lib/python3.12/site-packages/airflow/example_dags/example_branch_operator.py
[2024-05-08T14:15:33.968+0000] {processor.py:830} INFO - Processing file /home/airflow/.local/lib/python3.12/site-packages/airflow/example_dags/example_branch_operator.py for tasks to queue
[2024-05-08T14:15:33.972+0000] {logging_mixin.py:188} INFO - [2024-05-08T14:15:33.971+0000] {dagbag.py:545} INFO - Filling up the DagBag from /home/airflow/.local/lib/python3.12/site-packages/airflow/example_dags/example_branch_operator.py
[2024-05-08T14:15:33.993+0000] {processor.py:840} INFO - DAG(s) 'example_branch_operator' retrieved from /home/airflow/.local/lib/python3.12/site-packages/airflow/example_dags/example_branch_operator.py
[2024-05-08T14:15:34.027+0000] {logging_mixin.py:188} INFO - [2024-05-08T14:15:34.027+0000] {dag.py:3096} INFO - Sync 1 DAGs
[2024-05-08T14:15:34.051+0000] {logging_mixin.py:188} INFO - [2024-05-08T14:15:34.051+0000] {dag.py:3954} INFO - Setting next_dagrun for example_branch_operator to 2024-05-07 00:00:00+00:00, run_after=2024-05-08 00:00:00+00:00
[2024-05-08T14:15:34.075+0000] {processor.py:183} INFO - Processing /home/airflow/.local/lib/python3.12/site-packages/airflow/example_dags/example_branch_operator.py took 0.118 seconds
[2024-05-08T14:16:04.696+0000] {processor.py:161} INFO - Started process (PID=3356) to work on /home/airflow/.local/lib/python3.12/site-packages/airflow/example_dags/example_branch_operator.py
[2024-05-08T14:16:04.698+0000] {processor.py:830} INFO - Processing file /home/airflow/.local/lib/python3.12/site-packages/airflow/example_dags/example_branch_operator.py for tasks to queue
[2024-05-08T14:16:04.700+0000] {logging_mixin.py:188} INFO - [2024-05-08T14:16:04.700+0000] {dagbag.py:545} INFO - Filling up the DagBag from /home/airflow/.local/lib/python3.12/site-packages/airflow/example_dags/example_branch_operator.py
[2024-05-08T14:16:04.722+0000] {processor.py:840} INFO - DAG(s) 'example_branch_operator' retrieved from /home/airflow/.local/lib/python3.12/site-packages/airflow/example_dags/example_branch_operator.py
[2024-05-08T14:16:04.763+0000] {logging_mixin.py:188} INFO - [2024-05-08T14:16:04.763+0000] {dag.py:3096} INFO - Sync 1 DAGs
[2024-05-08T14:16:04.807+0000] {logging_mixin.py:188} INFO - [2024-05-08T14:16:04.806+0000] {dag.py:3954} INFO - Setting next_dagrun for example_branch_operator to 2024-05-07 00:00:00+00:00, run_after=2024-05-08 00:00:00+00:00
[2024-05-08T14:16:04.838+0000] {processor.py:183} INFO - Processing /home/airflow/.local/lib/python3.12/site-packages/airflow/example_dags/example_branch_operator.py took 0.150 seconds
[2024-05-08T14:16:35.315+0000] {processor.py:161} INFO - Started process (PID=3416) to work on /home/airflow/.local/lib/python3.12/site-packages/airflow/example_dags/example_branch_operator.py
[2024-05-08T14:16:35.327+0000] {processor.py:830} INFO - Processing file /home/airflow/.local/lib/python3.12/site-packages/airflow/example_dags/example_branch_operator.py for tasks to queue
[2024-05-08T14:16:35.348+0000] {logging_mixin.py:188} INFO - [2024-05-08T14:16:35.347+0000] {dagbag.py:545} INFO - Filling up the DagBag from /home/airflow/.local/lib/python3.12/site-packages/airflow/example_dags/example_branch_operator.py
[2024-05-08T14:16:35.385+0000] {processor.py:840} INFO - DAG(s) 'example_branch_operator' retrieved from /home/airflow/.local/lib/python3.12/site-packages/airflow/example_dags/example_branch_operator.py
[2024-05-08T14:16:35.419+0000] {logging_mixin.py:188} INFO - [2024-05-08T14:16:35.419+0000] {dag.py:3096} INFO - Sync 1 DAGs
[2024-05-08T14:16:35.447+0000] {logging_mixin.py:188} INFO - [2024-05-08T14:16:35.446+0000] {dag.py:3954} INFO - Setting next_dagrun for example_branch_operator to 2024-05-07 00:00:00+00:00, run_after=2024-05-08 00:00:00+00:00
[2024-05-08T14:16:35.470+0000] {processor.py:183} INFO - Processing /home/airflow/.local/lib/python3.12/site-packages/airflow/example_dags/example_branch_operator.py took 0.161 seconds
[2024-05-08T14:17:06.257+0000] {processor.py:161} INFO - Started process (PID=3476) to work on /home/airflow/.local/lib/python3.12/site-packages/airflow/example_dags/example_branch_operator.py
[2024-05-08T14:17:06.259+0000] {processor.py:830} INFO - Processing file /home/airflow/.local/lib/python3.12/site-packages/airflow/example_dags/example_branch_operator.py for tasks to queue
[2024-05-08T14:17:06.264+0000] {logging_mixin.py:188} INFO - [2024-05-08T14:17:06.263+0000] {dagbag.py:545} INFO - Filling up the DagBag from /home/airflow/.local/lib/python3.12/site-packages/airflow/example_dags/example_branch_operator.py
[2024-05-08T14:17:06.284+0000] {processor.py:840} INFO - DAG(s) 'example_branch_operator' retrieved from /home/airflow/.local/lib/python3.12/site-packages/airflow/example_dags/example_branch_operator.py
[2024-05-08T14:17:06.322+0000] {logging_mixin.py:188} INFO - [2024-05-08T14:17:06.321+0000] {dag.py:3096} INFO - Sync 1 DAGs
[2024-05-08T14:17:06.354+0000] {logging_mixin.py:188} INFO - [2024-05-08T14:17:06.354+0000] {dag.py:3954} INFO - Setting next_dagrun for example_branch_operator to 2024-05-07 00:00:00+00:00, run_after=2024-05-08 00:00:00+00:00
[2024-05-08T14:17:06.380+0000] {processor.py:183} INFO - Processing /home/airflow/.local/lib/python3.12/site-packages/airflow/example_dags/example_branch_operator.py took 0.130 seconds
[2024-05-08T14:17:36.521+0000] {processor.py:161} INFO - Started process (PID=3536) to work on /home/airflow/.local/lib/python3.12/site-packages/airflow/example_dags/example_branch_operator.py
[2024-05-08T14:17:36.523+0000] {processor.py:830} INFO - Processing file /home/airflow/.local/lib/python3.12/site-packages/airflow/example_dags/example_branch_operator.py for tasks to queue
[2024-05-08T14:17:36.526+0000] {logging_mixin.py:188} INFO - [2024-05-08T14:17:36.525+0000] {dagbag.py:545} INFO - Filling up the DagBag from /home/airflow/.local/lib/python3.12/site-packages/airflow/example_dags/example_branch_operator.py
[2024-05-08T14:17:36.555+0000] {processor.py:840} INFO - DAG(s) 'example_branch_operator' retrieved from /home/airflow/.local/lib/python3.12/site-packages/airflow/example_dags/example_branch_operator.py
[2024-05-08T14:17:36.587+0000] {logging_mixin.py:188} INFO - [2024-05-08T14:17:36.587+0000] {dag.py:3096} INFO - Sync 1 DAGs
[2024-05-08T14:17:36.614+0000] {logging_mixin.py:188} INFO - [2024-05-08T14:17:36.614+0000] {dag.py:3954} INFO - Setting next_dagrun for example_branch_operator to 2024-05-07 00:00:00+00:00, run_after=2024-05-08 00:00:00+00:00
[2024-05-08T14:17:36.641+0000] {processor.py:183} INFO - Processing /home/airflow/.local/lib/python3.12/site-packages/airflow/example_dags/example_branch_operator.py took 0.128 seconds
[2024-05-08T14:18:07.802+0000] {processor.py:161} INFO - Started process (PID=3596) to work on /home/airflow/.local/lib/python3.12/site-packages/airflow/example_dags/example_branch_operator.py
[2024-05-08T14:18:07.816+0000] {processor.py:830} INFO - Processing file /home/airflow/.local/lib/python3.12/site-packages/airflow/example_dags/example_branch_operator.py for tasks to queue
[2024-05-08T14:18:07.820+0000] {logging_mixin.py:188} INFO - [2024-05-08T14:18:07.820+0000] {dagbag.py:545} INFO - Filling up the DagBag from /home/airflow/.local/lib/python3.12/site-packages/airflow/example_dags/example_branch_operator.py
[2024-05-08T14:18:07.876+0000] {processor.py:840} INFO - DAG(s) 'example_branch_operator' retrieved from /home/airflow/.local/lib/python3.12/site-packages/airflow/example_dags/example_branch_operator.py
[2024-05-08T14:18:07.958+0000] {logging_mixin.py:188} INFO - [2024-05-08T14:18:07.958+0000] {dag.py:3096} INFO - Sync 1 DAGs
[2024-05-08T14:18:08.005+0000] {logging_mixin.py:188} INFO - [2024-05-08T14:18:08.004+0000] {dag.py:3954} INFO - Setting next_dagrun for example_branch_operator to 2024-05-07 00:00:00+00:00, run_after=2024-05-08 00:00:00+00:00
[2024-05-08T14:18:08.048+0000] {processor.py:183} INFO - Processing /home/airflow/.local/lib/python3.12/site-packages/airflow/example_dags/example_branch_operator.py took 0.264 seconds
[2024-05-08T14:18:38.175+0000] {processor.py:161} INFO - Started process (PID=3656) to work on /home/airflow/.local/lib/python3.12/site-packages/airflow/example_dags/example_branch_operator.py
[2024-05-08T14:18:38.176+0000] {processor.py:830} INFO - Processing file /home/airflow/.local/lib/python3.12/site-packages/airflow/example_dags/example_branch_operator.py for tasks to queue
[2024-05-08T14:18:38.179+0000] {logging_mixin.py:188} INFO - [2024-05-08T14:18:38.179+0000] {dagbag.py:545} INFO - Filling up the DagBag from /home/airflow/.local/lib/python3.12/site-packages/airflow/example_dags/example_branch_operator.py
[2024-05-08T14:18:38.198+0000] {processor.py:840} INFO - DAG(s) 'example_branch_operator' retrieved from /home/airflow/.local/lib/python3.12/site-packages/airflow/example_dags/example_branch_operator.py
[2024-05-08T14:18:38.230+0000] {logging_mixin.py:188} INFO - [2024-05-08T14:18:38.230+0000] {dag.py:3096} INFO - Sync 1 DAGs
[2024-05-08T14:18:38.257+0000] {logging_mixin.py:188} INFO - [2024-05-08T14:18:38.257+0000] {dag.py:3954} INFO - Setting next_dagrun for example_branch_operator to 2024-05-07 00:00:00+00:00, run_after=2024-05-08 00:00:00+00:00
[2024-05-08T14:18:38.282+0000] {processor.py:183} INFO - Processing /home/airflow/.local/lib/python3.12/site-packages/airflow/example_dags/example_branch_operator.py took 0.114 seconds
[2024-05-08T14:19:08.463+0000] {processor.py:161} INFO - Started process (PID=3716) to work on /home/airflow/.local/lib/python3.12/site-packages/airflow/example_dags/example_branch_operator.py
[2024-05-08T14:19:08.464+0000] {processor.py:830} INFO - Processing file /home/airflow/.local/lib/python3.12/site-packages/airflow/example_dags/example_branch_operator.py for tasks to queue
[2024-05-08T14:19:08.467+0000] {logging_mixin.py:188} INFO - [2024-05-08T14:19:08.467+0000] {dagbag.py:545} INFO - Filling up the DagBag from /home/airflow/.local/lib/python3.12/site-packages/airflow/example_dags/example_branch_operator.py
[2024-05-08T14:19:08.486+0000] {processor.py:840} INFO - DAG(s) 'example_branch_operator' retrieved from /home/airflow/.local/lib/python3.12/site-packages/airflow/example_dags/example_branch_operator.py
[2024-05-08T14:19:08.523+0000] {logging_mixin.py:188} INFO - [2024-05-08T14:19:08.523+0000] {dag.py:3096} INFO - Sync 1 DAGs
[2024-05-08T14:19:08.550+0000] {logging_mixin.py:188} INFO - [2024-05-08T14:19:08.549+0000] {dag.py:3954} INFO - Setting next_dagrun for example_branch_operator to 2024-05-07 00:00:00+00:00, run_after=2024-05-08 00:00:00+00:00
[2024-05-08T14:19:08.573+0000] {processor.py:183} INFO - Processing /home/airflow/.local/lib/python3.12/site-packages/airflow/example_dags/example_branch_operator.py took 0.117 seconds
[2024-05-08T14:19:38.754+0000] {processor.py:161} INFO - Started process (PID=3776) to work on /home/airflow/.local/lib/python3.12/site-packages/airflow/example_dags/example_branch_operator.py
[2024-05-08T14:19:38.755+0000] {processor.py:830} INFO - Processing file /home/airflow/.local/lib/python3.12/site-packages/airflow/example_dags/example_branch_operator.py for tasks to queue
[2024-05-08T14:19:38.757+0000] {logging_mixin.py:188} INFO - [2024-05-08T14:19:38.757+0000] {dagbag.py:545} INFO - Filling up the DagBag from /home/airflow/.local/lib/python3.12/site-packages/airflow/example_dags/example_branch_operator.py
[2024-05-08T14:19:38.776+0000] {processor.py:840} INFO - DAG(s) 'example_branch_operator' retrieved from /home/airflow/.local/lib/python3.12/site-packages/airflow/example_dags/example_branch_operator.py
[2024-05-08T14:19:38.810+0000] {logging_mixin.py:188} INFO - [2024-05-08T14:19:38.810+0000] {dag.py:3096} INFO - Sync 1 DAGs
[2024-05-08T14:19:38.836+0000] {logging_mixin.py:188} INFO - [2024-05-08T14:19:38.836+0000] {dag.py:3954} INFO - Setting next_dagrun for example_branch_operator to 2024-05-07 00:00:00+00:00, run_after=2024-05-08 00:00:00+00:00
[2024-05-08T14:19:38.864+0000] {processor.py:183} INFO - Processing /home/airflow/.local/lib/python3.12/site-packages/airflow/example_dags/example_branch_operator.py took 0.117 seconds
[2024-05-08T14:20:09.067+0000] {processor.py:161} INFO - Started process (PID=3836) to work on /home/airflow/.local/lib/python3.12/site-packages/airflow/example_dags/example_branch_operator.py
[2024-05-08T14:20:09.069+0000] {processor.py:830} INFO - Processing file /home/airflow/.local/lib/python3.12/site-packages/airflow/example_dags/example_branch_operator.py for tasks to queue
[2024-05-08T14:20:09.071+0000] {logging_mixin.py:188} INFO - [2024-05-08T14:20:09.071+0000] {dagbag.py:545} INFO - Filling up the DagBag from /home/airflow/.local/lib/python3.12/site-packages/airflow/example_dags/example_branch_operator.py
[2024-05-08T14:20:09.091+0000] {processor.py:840} INFO - DAG(s) 'example_branch_operator' retrieved from /home/airflow/.local/lib/python3.12/site-packages/airflow/example_dags/example_branch_operator.py
[2024-05-08T14:20:09.124+0000] {logging_mixin.py:188} INFO - [2024-05-08T14:20:09.124+0000] {dag.py:3096} INFO - Sync 1 DAGs
[2024-05-08T14:20:09.151+0000] {logging_mixin.py:188} INFO - [2024-05-08T14:20:09.150+0000] {dag.py:3954} INFO - Setting next_dagrun for example_branch_operator to 2024-05-07 00:00:00+00:00, run_after=2024-05-08 00:00:00+00:00
[2024-05-08T14:20:09.174+0000] {processor.py:183} INFO - Processing /home/airflow/.local/lib/python3.12/site-packages/airflow/example_dags/example_branch_operator.py took 0.114 seconds
[2024-05-08T14:20:39.979+0000] {processor.py:161} INFO - Started process (PID=3895) to work on /home/airflow/.local/lib/python3.12/site-packages/airflow/example_dags/example_branch_operator.py
[2024-05-08T14:20:39.981+0000] {processor.py:830} INFO - Processing file /home/airflow/.local/lib/python3.12/site-packages/airflow/example_dags/example_branch_operator.py for tasks to queue
[2024-05-08T14:20:39.983+0000] {logging_mixin.py:188} INFO - [2024-05-08T14:20:39.983+0000] {dagbag.py:545} INFO - Filling up the DagBag from /home/airflow/.local/lib/python3.12/site-packages/airflow/example_dags/example_branch_operator.py
[2024-05-08T14:20:40.021+0000] {processor.py:840} INFO - DAG(s) 'example_branch_operator' retrieved from /home/airflow/.local/lib/python3.12/site-packages/airflow/example_dags/example_branch_operator.py
[2024-05-08T14:20:40.073+0000] {logging_mixin.py:188} INFO - [2024-05-08T14:20:40.073+0000] {dag.py:3096} INFO - Sync 1 DAGs
[2024-05-08T14:20:40.103+0000] {logging_mixin.py:188} INFO - [2024-05-08T14:20:40.103+0000] {dag.py:3954} INFO - Setting next_dagrun for example_branch_operator to 2024-05-07 00:00:00+00:00, run_after=2024-05-08 00:00:00+00:00
[2024-05-08T14:20:40.131+0000] {processor.py:183} INFO - Processing /home/airflow/.local/lib/python3.12/site-packages/airflow/example_dags/example_branch_operator.py took 0.163 seconds
[2024-05-08T14:21:10.701+0000] {processor.py:161} INFO - Started process (PID=3955) to work on /home/airflow/.local/lib/python3.12/site-packages/airflow/example_dags/example_branch_operator.py
[2024-05-08T14:21:10.703+0000] {processor.py:830} INFO - Processing file /home/airflow/.local/lib/python3.12/site-packages/airflow/example_dags/example_branch_operator.py for tasks to queue
[2024-05-08T14:21:10.705+0000] {logging_mixin.py:188} INFO - [2024-05-08T14:21:10.705+0000] {dagbag.py:545} INFO - Filling up the DagBag from /home/airflow/.local/lib/python3.12/site-packages/airflow/example_dags/example_branch_operator.py
[2024-05-08T14:21:10.727+0000] {processor.py:840} INFO - DAG(s) 'example_branch_operator' retrieved from /home/airflow/.local/lib/python3.12/site-packages/airflow/example_dags/example_branch_operator.py
[2024-05-08T14:21:10.765+0000] {logging_mixin.py:188} INFO - [2024-05-08T14:21:10.764+0000] {dag.py:3096} INFO - Sync 1 DAGs
[2024-05-08T14:21:10.792+0000] {logging_mixin.py:188} INFO - [2024-05-08T14:21:10.792+0000] {dag.py:3954} INFO - Setting next_dagrun for example_branch_operator to 2024-05-07 00:00:00+00:00, run_after=2024-05-08 00:00:00+00:00
[2024-05-08T14:21:10.820+0000] {processor.py:183} INFO - Processing /home/airflow/.local/lib/python3.12/site-packages/airflow/example_dags/example_branch_operator.py took 0.126 seconds
[2024-05-08T14:21:41.320+0000] {processor.py:161} INFO - Started process (PID=4015) to work on /home/airflow/.local/lib/python3.12/site-packages/airflow/example_dags/example_branch_operator.py
[2024-05-08T14:21:41.322+0000] {processor.py:830} INFO - Processing file /home/airflow/.local/lib/python3.12/site-packages/airflow/example_dags/example_branch_operator.py for tasks to queue
[2024-05-08T14:21:41.324+0000] {logging_mixin.py:188} INFO - [2024-05-08T14:21:41.324+0000] {dagbag.py:545} INFO - Filling up the DagBag from /home/airflow/.local/lib/python3.12/site-packages/airflow/example_dags/example_branch_operator.py
[2024-05-08T14:21:41.343+0000] {processor.py:840} INFO - DAG(s) 'example_branch_operator' retrieved from /home/airflow/.local/lib/python3.12/site-packages/airflow/example_dags/example_branch_operator.py
[2024-05-08T14:21:41.378+0000] {logging_mixin.py:188} INFO - [2024-05-08T14:21:41.378+0000] {dag.py:3096} INFO - Sync 1 DAGs
[2024-05-08T14:21:41.406+0000] {logging_mixin.py:188} INFO - [2024-05-08T14:21:41.406+0000] {dag.py:3954} INFO - Setting next_dagrun for example_branch_operator to 2024-05-07 00:00:00+00:00, run_after=2024-05-08 00:00:00+00:00
[2024-05-08T14:21:41.432+0000] {processor.py:183} INFO - Processing /home/airflow/.local/lib/python3.12/site-packages/airflow/example_dags/example_branch_operator.py took 0.119 seconds
[2024-05-08T14:22:11.581+0000] {processor.py:161} INFO - Started process (PID=4075) to work on /home/airflow/.local/lib/python3.12/site-packages/airflow/example_dags/example_branch_operator.py
[2024-05-08T14:22:11.583+0000] {processor.py:830} INFO - Processing file /home/airflow/.local/lib/python3.12/site-packages/airflow/example_dags/example_branch_operator.py for tasks to queue
[2024-05-08T14:22:11.587+0000] {logging_mixin.py:188} INFO - [2024-05-08T14:22:11.586+0000] {dagbag.py:545} INFO - Filling up the DagBag from /home/airflow/.local/lib/python3.12/site-packages/airflow/example_dags/example_branch_operator.py
[2024-05-08T14:22:11.608+0000] {processor.py:840} INFO - DAG(s) 'example_branch_operator' retrieved from /home/airflow/.local/lib/python3.12/site-packages/airflow/example_dags/example_branch_operator.py
[2024-05-08T14:22:11.651+0000] {logging_mixin.py:188} INFO - [2024-05-08T14:22:11.651+0000] {dag.py:3096} INFO - Sync 1 DAGs
[2024-05-08T14:22:11.685+0000] {logging_mixin.py:188} INFO - [2024-05-08T14:22:11.684+0000] {dag.py:3954} INFO - Setting next_dagrun for example_branch_operator to 2024-05-07 00:00:00+00:00, run_after=2024-05-08 00:00:00+00:00
[2024-05-08T14:22:11.717+0000] {processor.py:183} INFO - Processing /home/airflow/.local/lib/python3.12/site-packages/airflow/example_dags/example_branch_operator.py took 0.146 seconds
[2024-05-08T14:22:42.604+0000] {processor.py:161} INFO - Started process (PID=4135) to work on /home/airflow/.local/lib/python3.12/site-packages/airflow/example_dags/example_branch_operator.py
[2024-05-08T14:22:42.605+0000] {processor.py:830} INFO - Processing file /home/airflow/.local/lib/python3.12/site-packages/airflow/example_dags/example_branch_operator.py for tasks to queue
[2024-05-08T14:22:42.608+0000] {logging_mixin.py:188} INFO - [2024-05-08T14:22:42.608+0000] {dagbag.py:545} INFO - Filling up the DagBag from /home/airflow/.local/lib/python3.12/site-packages/airflow/example_dags/example_branch_operator.py
[2024-05-08T14:22:42.630+0000] {processor.py:840} INFO - DAG(s) 'example_branch_operator' retrieved from /home/airflow/.local/lib/python3.12/site-packages/airflow/example_dags/example_branch_operator.py
[2024-05-08T14:22:42.670+0000] {logging_mixin.py:188} INFO - [2024-05-08T14:22:42.669+0000] {dag.py:3096} INFO - Sync 1 DAGs
[2024-05-08T14:22:42.703+0000] {logging_mixin.py:188} INFO - [2024-05-08T14:22:42.703+0000] {dag.py:3954} INFO - Setting next_dagrun for example_branch_operator to 2024-05-07 00:00:00+00:00, run_after=2024-05-08 00:00:00+00:00
[2024-05-08T14:22:42.730+0000] {processor.py:183} INFO - Processing /home/airflow/.local/lib/python3.12/site-packages/airflow/example_dags/example_branch_operator.py took 0.133 seconds
[2024-05-08T14:23:12.812+0000] {processor.py:161} INFO - Started process (PID=4194) to work on /home/airflow/.local/lib/python3.12/site-packages/airflow/example_dags/example_branch_operator.py
[2024-05-08T14:23:12.814+0000] {processor.py:830} INFO - Processing file /home/airflow/.local/lib/python3.12/site-packages/airflow/example_dags/example_branch_operator.py for tasks to queue
[2024-05-08T14:23:12.817+0000] {logging_mixin.py:188} INFO - [2024-05-08T14:23:12.816+0000] {dagbag.py:545} INFO - Filling up the DagBag from /home/airflow/.local/lib/python3.12/site-packages/airflow/example_dags/example_branch_operator.py
[2024-05-08T14:23:12.835+0000] {processor.py:840} INFO - DAG(s) 'example_branch_operator' retrieved from /home/airflow/.local/lib/python3.12/site-packages/airflow/example_dags/example_branch_operator.py
[2024-05-08T14:23:12.866+0000] {logging_mixin.py:188} INFO - [2024-05-08T14:23:12.866+0000] {dag.py:3096} INFO - Sync 1 DAGs
[2024-05-08T14:23:12.891+0000] {logging_mixin.py:188} INFO - [2024-05-08T14:23:12.890+0000] {dag.py:3954} INFO - Setting next_dagrun for example_branch_operator to 2024-05-07 00:00:00+00:00, run_after=2024-05-08 00:00:00+00:00
[2024-05-08T14:23:12.915+0000] {processor.py:183} INFO - Processing /home/airflow/.local/lib/python3.12/site-packages/airflow/example_dags/example_branch_operator.py took 0.113 seconds
