[2024-05-08T13:47:50.508+0000] {processor.py:161} INFO - Started process (PID=64) to work on /home/airflow/.local/lib/python3.12/site-packages/airflow/example_dags/example_skip_dag.py
[2024-05-08T13:47:50.513+0000] {processor.py:830} INFO - Processing file /home/airflow/.local/lib/python3.12/site-packages/airflow/example_dags/example_skip_dag.py for tasks to queue
[2024-05-08T13:47:50.522+0000] {logging_mixin.py:188} INFO - [2024-05-08T13:47:50.521+0000] {dagbag.py:545} INFO - Filling up the DagBag from /home/airflow/.local/lib/python3.12/site-packages/airflow/example_dags/example_skip_dag.py
[2024-05-08T13:47:50.562+0000] {processor.py:840} INFO - DAG(s) 'example_skip_dag' retrieved from /home/airflow/.local/lib/python3.12/site-packages/airflow/example_dags/example_skip_dag.py
[2024-05-08T13:47:50.645+0000] {logging_mixin.py:188} INFO - [2024-05-08T13:47:50.645+0000] {dag.py:3096} INFO - Sync 1 DAGs
[2024-05-08T13:47:50.709+0000] {logging_mixin.py:188} INFO - [2024-05-08T13:47:50.708+0000] {dag.py:3954} INFO - Setting next_dagrun for example_skip_dag to 2024-05-07 00:00:00+00:00, run_after=2024-05-08 00:00:00+00:00
[2024-05-08T13:47:50.771+0000] {processor.py:183} INFO - Processing /home/airflow/.local/lib/python3.12/site-packages/airflow/example_dags/example_skip_dag.py took 0.290 seconds
[2024-05-08T13:48:21.349+0000] {processor.py:161} INFO - Started process (PID=124) to work on /home/airflow/.local/lib/python3.12/site-packages/airflow/example_dags/example_skip_dag.py
[2024-05-08T13:48:21.351+0000] {processor.py:830} INFO - Processing file /home/airflow/.local/lib/python3.12/site-packages/airflow/example_dags/example_skip_dag.py for tasks to queue
[2024-05-08T13:48:21.354+0000] {logging_mixin.py:188} INFO - [2024-05-08T13:48:21.353+0000] {dagbag.py:545} INFO - Filling up the DagBag from /home/airflow/.local/lib/python3.12/site-packages/airflow/example_dags/example_skip_dag.py
[2024-05-08T13:48:21.363+0000] {processor.py:840} INFO - DAG(s) 'example_skip_dag' retrieved from /home/airflow/.local/lib/python3.12/site-packages/airflow/example_dags/example_skip_dag.py
[2024-05-08T13:48:21.392+0000] {logging_mixin.py:188} INFO - [2024-05-08T13:48:21.391+0000] {dag.py:3096} INFO - Sync 1 DAGs
[2024-05-08T13:48:21.422+0000] {logging_mixin.py:188} INFO - [2024-05-08T13:48:21.422+0000] {dag.py:3954} INFO - Setting next_dagrun for example_skip_dag to 2024-05-07 00:00:00+00:00, run_after=2024-05-08 00:00:00+00:00
[2024-05-08T13:48:21.449+0000] {processor.py:183} INFO - Processing /home/airflow/.local/lib/python3.12/site-packages/airflow/example_dags/example_skip_dag.py took 0.106 seconds
[2024-05-08T13:48:51.591+0000] {processor.py:161} INFO - Started process (PID=184) to work on /home/airflow/.local/lib/python3.12/site-packages/airflow/example_dags/example_skip_dag.py
[2024-05-08T13:48:51.592+0000] {processor.py:830} INFO - Processing file /home/airflow/.local/lib/python3.12/site-packages/airflow/example_dags/example_skip_dag.py for tasks to queue
[2024-05-08T13:48:51.595+0000] {logging_mixin.py:188} INFO - [2024-05-08T13:48:51.594+0000] {dagbag.py:545} INFO - Filling up the DagBag from /home/airflow/.local/lib/python3.12/site-packages/airflow/example_dags/example_skip_dag.py
[2024-05-08T13:48:51.603+0000] {processor.py:840} INFO - DAG(s) 'example_skip_dag' retrieved from /home/airflow/.local/lib/python3.12/site-packages/airflow/example_dags/example_skip_dag.py
[2024-05-08T13:48:51.633+0000] {logging_mixin.py:188} INFO - [2024-05-08T13:48:51.633+0000] {dag.py:3096} INFO - Sync 1 DAGs
[2024-05-08T13:48:51.663+0000] {logging_mixin.py:188} INFO - [2024-05-08T13:48:51.663+0000] {dag.py:3954} INFO - Setting next_dagrun for example_skip_dag to 2024-05-07 00:00:00+00:00, run_after=2024-05-08 00:00:00+00:00
[2024-05-08T13:48:51.691+0000] {processor.py:183} INFO - Processing /home/airflow/.local/lib/python3.12/site-packages/airflow/example_dags/example_skip_dag.py took 0.107 seconds
[2024-05-08T13:49:22.263+0000] {processor.py:161} INFO - Started process (PID=244) to work on /home/airflow/.local/lib/python3.12/site-packages/airflow/example_dags/example_skip_dag.py
[2024-05-08T13:49:22.265+0000] {processor.py:830} INFO - Processing file /home/airflow/.local/lib/python3.12/site-packages/airflow/example_dags/example_skip_dag.py for tasks to queue
[2024-05-08T13:49:22.268+0000] {logging_mixin.py:188} INFO - [2024-05-08T13:49:22.267+0000] {dagbag.py:545} INFO - Filling up the DagBag from /home/airflow/.local/lib/python3.12/site-packages/airflow/example_dags/example_skip_dag.py
[2024-05-08T13:49:22.277+0000] {processor.py:840} INFO - DAG(s) 'example_skip_dag' retrieved from /home/airflow/.local/lib/python3.12/site-packages/airflow/example_dags/example_skip_dag.py
[2024-05-08T13:49:22.301+0000] {logging_mixin.py:188} INFO - [2024-05-08T13:49:22.300+0000] {dag.py:3096} INFO - Sync 1 DAGs
[2024-05-08T13:49:22.333+0000] {logging_mixin.py:188} INFO - [2024-05-08T13:49:22.333+0000] {dag.py:3954} INFO - Setting next_dagrun for example_skip_dag to 2024-05-07 00:00:00+00:00, run_after=2024-05-08 00:00:00+00:00
[2024-05-08T13:49:22.362+0000] {processor.py:183} INFO - Processing /home/airflow/.local/lib/python3.12/site-packages/airflow/example_dags/example_skip_dag.py took 0.108 seconds
[2024-05-08T13:49:52.856+0000] {processor.py:161} INFO - Started process (PID=304) to work on /home/airflow/.local/lib/python3.12/site-packages/airflow/example_dags/example_skip_dag.py
[2024-05-08T13:49:52.857+0000] {processor.py:830} INFO - Processing file /home/airflow/.local/lib/python3.12/site-packages/airflow/example_dags/example_skip_dag.py for tasks to queue
[2024-05-08T13:49:52.860+0000] {logging_mixin.py:188} INFO - [2024-05-08T13:49:52.860+0000] {dagbag.py:545} INFO - Filling up the DagBag from /home/airflow/.local/lib/python3.12/site-packages/airflow/example_dags/example_skip_dag.py
[2024-05-08T13:49:52.868+0000] {processor.py:840} INFO - DAG(s) 'example_skip_dag' retrieved from /home/airflow/.local/lib/python3.12/site-packages/airflow/example_dags/example_skip_dag.py
[2024-05-08T13:49:52.894+0000] {logging_mixin.py:188} INFO - [2024-05-08T13:49:52.894+0000] {dag.py:3096} INFO - Sync 1 DAGs
[2024-05-08T13:49:52.921+0000] {logging_mixin.py:188} INFO - [2024-05-08T13:49:52.921+0000] {dag.py:3954} INFO - Setting next_dagrun for example_skip_dag to 2024-05-07 00:00:00+00:00, run_after=2024-05-08 00:00:00+00:00
[2024-05-08T13:49:52.945+0000] {processor.py:183} INFO - Processing /home/airflow/.local/lib/python3.12/site-packages/airflow/example_dags/example_skip_dag.py took 0.096 seconds
[2024-05-08T13:50:23.548+0000] {processor.py:161} INFO - Started process (PID=364) to work on /home/airflow/.local/lib/python3.12/site-packages/airflow/example_dags/example_skip_dag.py
[2024-05-08T13:50:23.550+0000] {processor.py:830} INFO - Processing file /home/airflow/.local/lib/python3.12/site-packages/airflow/example_dags/example_skip_dag.py for tasks to queue
[2024-05-08T13:50:23.554+0000] {logging_mixin.py:188} INFO - [2024-05-08T13:50:23.553+0000] {dagbag.py:545} INFO - Filling up the DagBag from /home/airflow/.local/lib/python3.12/site-packages/airflow/example_dags/example_skip_dag.py
[2024-05-08T13:50:23.562+0000] {processor.py:840} INFO - DAG(s) 'example_skip_dag' retrieved from /home/airflow/.local/lib/python3.12/site-packages/airflow/example_dags/example_skip_dag.py
[2024-05-08T13:50:23.588+0000] {logging_mixin.py:188} INFO - [2024-05-08T13:50:23.588+0000] {dag.py:3096} INFO - Sync 1 DAGs
[2024-05-08T13:50:23.617+0000] {logging_mixin.py:188} INFO - [2024-05-08T13:50:23.617+0000] {dag.py:3954} INFO - Setting next_dagrun for example_skip_dag to 2024-05-07 00:00:00+00:00, run_after=2024-05-08 00:00:00+00:00
[2024-05-08T13:50:23.641+0000] {processor.py:183} INFO - Processing /home/airflow/.local/lib/python3.12/site-packages/airflow/example_dags/example_skip_dag.py took 0.103 seconds
[2024-05-08T13:50:54.112+0000] {processor.py:161} INFO - Started process (PID=424) to work on /home/airflow/.local/lib/python3.12/site-packages/airflow/example_dags/example_skip_dag.py
[2024-05-08T13:50:54.114+0000] {processor.py:830} INFO - Processing file /home/airflow/.local/lib/python3.12/site-packages/airflow/example_dags/example_skip_dag.py for tasks to queue
[2024-05-08T13:50:54.117+0000] {logging_mixin.py:188} INFO - [2024-05-08T13:50:54.117+0000] {dagbag.py:545} INFO - Filling up the DagBag from /home/airflow/.local/lib/python3.12/site-packages/airflow/example_dags/example_skip_dag.py
[2024-05-08T13:50:54.125+0000] {processor.py:840} INFO - DAG(s) 'example_skip_dag' retrieved from /home/airflow/.local/lib/python3.12/site-packages/airflow/example_dags/example_skip_dag.py
[2024-05-08T13:50:54.159+0000] {logging_mixin.py:188} INFO - [2024-05-08T13:50:54.159+0000] {dag.py:3096} INFO - Sync 1 DAGs
[2024-05-08T13:50:54.188+0000] {logging_mixin.py:188} INFO - [2024-05-08T13:50:54.188+0000] {dag.py:3954} INFO - Setting next_dagrun for example_skip_dag to 2024-05-07 00:00:00+00:00, run_after=2024-05-08 00:00:00+00:00
[2024-05-08T13:50:54.216+0000] {processor.py:183} INFO - Processing /home/airflow/.local/lib/python3.12/site-packages/airflow/example_dags/example_skip_dag.py took 0.114 seconds
[2024-05-08T13:51:24.633+0000] {processor.py:161} INFO - Started process (PID=484) to work on /home/airflow/.local/lib/python3.12/site-packages/airflow/example_dags/example_skip_dag.py
[2024-05-08T13:51:24.634+0000] {processor.py:830} INFO - Processing file /home/airflow/.local/lib/python3.12/site-packages/airflow/example_dags/example_skip_dag.py for tasks to queue
[2024-05-08T13:51:24.637+0000] {logging_mixin.py:188} INFO - [2024-05-08T13:51:24.637+0000] {dagbag.py:545} INFO - Filling up the DagBag from /home/airflow/.local/lib/python3.12/site-packages/airflow/example_dags/example_skip_dag.py
[2024-05-08T13:51:24.649+0000] {processor.py:840} INFO - DAG(s) 'example_skip_dag' retrieved from /home/airflow/.local/lib/python3.12/site-packages/airflow/example_dags/example_skip_dag.py
[2024-05-08T13:51:24.682+0000] {logging_mixin.py:188} INFO - [2024-05-08T13:51:24.681+0000] {dag.py:3096} INFO - Sync 1 DAGs
[2024-05-08T13:51:24.720+0000] {logging_mixin.py:188} INFO - [2024-05-08T13:51:24.720+0000] {dag.py:3954} INFO - Setting next_dagrun for example_skip_dag to 2024-05-07 00:00:00+00:00, run_after=2024-05-08 00:00:00+00:00
[2024-05-08T13:51:24.746+0000] {processor.py:183} INFO - Processing /home/airflow/.local/lib/python3.12/site-packages/airflow/example_dags/example_skip_dag.py took 0.120 seconds
[2024-05-08T13:51:55.434+0000] {processor.py:161} INFO - Started process (PID=544) to work on /home/airflow/.local/lib/python3.12/site-packages/airflow/example_dags/example_skip_dag.py
[2024-05-08T13:51:55.435+0000] {processor.py:830} INFO - Processing file /home/airflow/.local/lib/python3.12/site-packages/airflow/example_dags/example_skip_dag.py for tasks to queue
[2024-05-08T13:51:55.438+0000] {logging_mixin.py:188} INFO - [2024-05-08T13:51:55.438+0000] {dagbag.py:545} INFO - Filling up the DagBag from /home/airflow/.local/lib/python3.12/site-packages/airflow/example_dags/example_skip_dag.py
[2024-05-08T13:51:55.446+0000] {processor.py:840} INFO - DAG(s) 'example_skip_dag' retrieved from /home/airflow/.local/lib/python3.12/site-packages/airflow/example_dags/example_skip_dag.py
[2024-05-08T13:51:55.477+0000] {logging_mixin.py:188} INFO - [2024-05-08T13:51:55.476+0000] {dag.py:3096} INFO - Sync 1 DAGs
[2024-05-08T13:51:55.505+0000] {logging_mixin.py:188} INFO - [2024-05-08T13:51:55.505+0000] {dag.py:3954} INFO - Setting next_dagrun for example_skip_dag to 2024-05-07 00:00:00+00:00, run_after=2024-05-08 00:00:00+00:00
[2024-05-08T13:51:55.533+0000] {processor.py:183} INFO - Processing /home/airflow/.local/lib/python3.12/site-packages/airflow/example_dags/example_skip_dag.py took 0.107 seconds
[2024-05-08T13:52:26.211+0000] {processor.py:161} INFO - Started process (PID=604) to work on /home/airflow/.local/lib/python3.12/site-packages/airflow/example_dags/example_skip_dag.py
[2024-05-08T13:52:26.213+0000] {processor.py:830} INFO - Processing file /home/airflow/.local/lib/python3.12/site-packages/airflow/example_dags/example_skip_dag.py for tasks to queue
[2024-05-08T13:52:26.218+0000] {logging_mixin.py:188} INFO - [2024-05-08T13:52:26.217+0000] {dagbag.py:545} INFO - Filling up the DagBag from /home/airflow/.local/lib/python3.12/site-packages/airflow/example_dags/example_skip_dag.py
[2024-05-08T13:52:26.229+0000] {processor.py:840} INFO - DAG(s) 'example_skip_dag' retrieved from /home/airflow/.local/lib/python3.12/site-packages/airflow/example_dags/example_skip_dag.py
[2024-05-08T13:52:26.259+0000] {logging_mixin.py:188} INFO - [2024-05-08T13:52:26.259+0000] {dag.py:3096} INFO - Sync 1 DAGs
[2024-05-08T13:52:26.291+0000] {logging_mixin.py:188} INFO - [2024-05-08T13:52:26.290+0000] {dag.py:3954} INFO - Setting next_dagrun for example_skip_dag to 2024-05-07 00:00:00+00:00, run_after=2024-05-08 00:00:00+00:00
[2024-05-08T13:52:26.322+0000] {processor.py:183} INFO - Processing /home/airflow/.local/lib/python3.12/site-packages/airflow/example_dags/example_skip_dag.py took 0.122 seconds
[2024-05-08T13:52:56.794+0000] {processor.py:161} INFO - Started process (PID=664) to work on /home/airflow/.local/lib/python3.12/site-packages/airflow/example_dags/example_skip_dag.py
[2024-05-08T13:52:56.796+0000] {processor.py:830} INFO - Processing file /home/airflow/.local/lib/python3.12/site-packages/airflow/example_dags/example_skip_dag.py for tasks to queue
[2024-05-08T13:52:56.799+0000] {logging_mixin.py:188} INFO - [2024-05-08T13:52:56.798+0000] {dagbag.py:545} INFO - Filling up the DagBag from /home/airflow/.local/lib/python3.12/site-packages/airflow/example_dags/example_skip_dag.py
[2024-05-08T13:52:56.809+0000] {processor.py:840} INFO - DAG(s) 'example_skip_dag' retrieved from /home/airflow/.local/lib/python3.12/site-packages/airflow/example_dags/example_skip_dag.py
[2024-05-08T13:52:56.839+0000] {logging_mixin.py:188} INFO - [2024-05-08T13:52:56.839+0000] {dag.py:3096} INFO - Sync 1 DAGs
[2024-05-08T13:52:56.869+0000] {logging_mixin.py:188} INFO - [2024-05-08T13:52:56.869+0000] {dag.py:3954} INFO - Setting next_dagrun for example_skip_dag to 2024-05-07 00:00:00+00:00, run_after=2024-05-08 00:00:00+00:00
[2024-05-08T13:52:56.895+0000] {processor.py:183} INFO - Processing /home/airflow/.local/lib/python3.12/site-packages/airflow/example_dags/example_skip_dag.py took 0.108 seconds
[2024-05-08T13:53:27.452+0000] {processor.py:161} INFO - Started process (PID=723) to work on /home/airflow/.local/lib/python3.12/site-packages/airflow/example_dags/example_skip_dag.py
[2024-05-08T13:53:27.453+0000] {processor.py:830} INFO - Processing file /home/airflow/.local/lib/python3.12/site-packages/airflow/example_dags/example_skip_dag.py for tasks to queue
[2024-05-08T13:53:27.457+0000] {logging_mixin.py:188} INFO - [2024-05-08T13:53:27.457+0000] {dagbag.py:545} INFO - Filling up the DagBag from /home/airflow/.local/lib/python3.12/site-packages/airflow/example_dags/example_skip_dag.py
[2024-05-08T13:53:27.466+0000] {processor.py:840} INFO - DAG(s) 'example_skip_dag' retrieved from /home/airflow/.local/lib/python3.12/site-packages/airflow/example_dags/example_skip_dag.py
[2024-05-08T13:53:27.550+0000] {logging_mixin.py:188} INFO - [2024-05-08T13:53:27.549+0000] {dag.py:3096} INFO - Sync 1 DAGs
[2024-05-08T13:53:27.604+0000] {logging_mixin.py:188} INFO - [2024-05-08T13:53:27.604+0000] {dag.py:3954} INFO - Setting next_dagrun for example_skip_dag to 2024-05-07 00:00:00+00:00, run_after=2024-05-08 00:00:00+00:00
[2024-05-08T13:53:27.632+0000] {processor.py:183} INFO - Processing /home/airflow/.local/lib/python3.12/site-packages/airflow/example_dags/example_skip_dag.py took 0.188 seconds
[2024-05-08T13:53:58.826+0000] {processor.py:161} INFO - Started process (PID=783) to work on /home/airflow/.local/lib/python3.12/site-packages/airflow/example_dags/example_skip_dag.py
[2024-05-08T13:53:58.827+0000] {processor.py:830} INFO - Processing file /home/airflow/.local/lib/python3.12/site-packages/airflow/example_dags/example_skip_dag.py for tasks to queue
[2024-05-08T13:53:58.831+0000] {logging_mixin.py:188} INFO - [2024-05-08T13:53:58.830+0000] {dagbag.py:545} INFO - Filling up the DagBag from /home/airflow/.local/lib/python3.12/site-packages/airflow/example_dags/example_skip_dag.py
[2024-05-08T13:53:58.843+0000] {processor.py:840} INFO - DAG(s) 'example_skip_dag' retrieved from /home/airflow/.local/lib/python3.12/site-packages/airflow/example_dags/example_skip_dag.py
[2024-05-08T13:53:58.884+0000] {logging_mixin.py:188} INFO - [2024-05-08T13:53:58.884+0000] {dag.py:3096} INFO - Sync 1 DAGs
[2024-05-08T13:53:58.923+0000] {logging_mixin.py:188} INFO - [2024-05-08T13:53:58.923+0000] {dag.py:3954} INFO - Setting next_dagrun for example_skip_dag to 2024-05-07 00:00:00+00:00, run_after=2024-05-08 00:00:00+00:00
[2024-05-08T13:53:58.959+0000] {processor.py:183} INFO - Processing /home/airflow/.local/lib/python3.12/site-packages/airflow/example_dags/example_skip_dag.py took 0.141 seconds
[2024-05-08T13:54:29.555+0000] {processor.py:161} INFO - Started process (PID=843) to work on /home/airflow/.local/lib/python3.12/site-packages/airflow/example_dags/example_skip_dag.py
[2024-05-08T13:54:29.556+0000] {processor.py:830} INFO - Processing file /home/airflow/.local/lib/python3.12/site-packages/airflow/example_dags/example_skip_dag.py for tasks to queue
[2024-05-08T13:54:29.559+0000] {logging_mixin.py:188} INFO - [2024-05-08T13:54:29.559+0000] {dagbag.py:545} INFO - Filling up the DagBag from /home/airflow/.local/lib/python3.12/site-packages/airflow/example_dags/example_skip_dag.py
[2024-05-08T13:54:29.568+0000] {processor.py:840} INFO - DAG(s) 'example_skip_dag' retrieved from /home/airflow/.local/lib/python3.12/site-packages/airflow/example_dags/example_skip_dag.py
[2024-05-08T13:54:29.594+0000] {logging_mixin.py:188} INFO - [2024-05-08T13:54:29.594+0000] {dag.py:3096} INFO - Sync 1 DAGs
[2024-05-08T13:54:29.622+0000] {logging_mixin.py:188} INFO - [2024-05-08T13:54:29.621+0000] {dag.py:3954} INFO - Setting next_dagrun for example_skip_dag to 2024-05-07 00:00:00+00:00, run_after=2024-05-08 00:00:00+00:00
[2024-05-08T13:54:29.643+0000] {processor.py:183} INFO - Processing /home/airflow/.local/lib/python3.12/site-packages/airflow/example_dags/example_skip_dag.py took 0.097 seconds
[2024-05-08T13:55:00.950+0000] {processor.py:161} INFO - Started process (PID=903) to work on /home/airflow/.local/lib/python3.12/site-packages/airflow/example_dags/example_skip_dag.py
[2024-05-08T13:55:00.951+0000] {processor.py:830} INFO - Processing file /home/airflow/.local/lib/python3.12/site-packages/airflow/example_dags/example_skip_dag.py for tasks to queue
[2024-05-08T13:55:00.954+0000] {logging_mixin.py:188} INFO - [2024-05-08T13:55:00.954+0000] {dagbag.py:545} INFO - Filling up the DagBag from /home/airflow/.local/lib/python3.12/site-packages/airflow/example_dags/example_skip_dag.py
[2024-05-08T13:55:00.963+0000] {processor.py:840} INFO - DAG(s) 'example_skip_dag' retrieved from /home/airflow/.local/lib/python3.12/site-packages/airflow/example_dags/example_skip_dag.py
[2024-05-08T13:55:00.988+0000] {logging_mixin.py:188} INFO - [2024-05-08T13:55:00.988+0000] {dag.py:3096} INFO - Sync 1 DAGs
[2024-05-08T13:55:01.040+0000] {logging_mixin.py:188} INFO - [2024-05-08T13:55:01.040+0000] {dag.py:3954} INFO - Setting next_dagrun for example_skip_dag to 2024-05-07 00:00:00+00:00, run_after=2024-05-08 00:00:00+00:00
[2024-05-08T13:55:01.068+0000] {processor.py:183} INFO - Processing /home/airflow/.local/lib/python3.12/site-packages/airflow/example_dags/example_skip_dag.py took 0.126 seconds
[2024-05-08T13:55:32.683+0000] {processor.py:161} INFO - Started process (PID=963) to work on /home/airflow/.local/lib/python3.12/site-packages/airflow/example_dags/example_skip_dag.py
[2024-05-08T13:55:32.686+0000] {processor.py:830} INFO - Processing file /home/airflow/.local/lib/python3.12/site-packages/airflow/example_dags/example_skip_dag.py for tasks to queue
[2024-05-08T13:55:32.708+0000] {logging_mixin.py:188} INFO - [2024-05-08T13:55:32.707+0000] {dagbag.py:545} INFO - Filling up the DagBag from /home/airflow/.local/lib/python3.12/site-packages/airflow/example_dags/example_skip_dag.py
[2024-05-08T13:55:32.725+0000] {processor.py:840} INFO - DAG(s) 'example_skip_dag' retrieved from /home/airflow/.local/lib/python3.12/site-packages/airflow/example_dags/example_skip_dag.py
[2024-05-08T13:55:32.805+0000] {logging_mixin.py:188} INFO - [2024-05-08T13:55:32.805+0000] {dag.py:3096} INFO - Sync 1 DAGs
[2024-05-08T13:55:32.881+0000] {logging_mixin.py:188} INFO - [2024-05-08T13:55:32.881+0000] {dag.py:3954} INFO - Setting next_dagrun for example_skip_dag to 2024-05-07 00:00:00+00:00, run_after=2024-05-08 00:00:00+00:00
[2024-05-08T13:55:32.918+0000] {processor.py:183} INFO - Processing /home/airflow/.local/lib/python3.12/site-packages/airflow/example_dags/example_skip_dag.py took 0.248 seconds
[2024-05-08T13:56:03.910+0000] {processor.py:161} INFO - Started process (PID=1023) to work on /home/airflow/.local/lib/python3.12/site-packages/airflow/example_dags/example_skip_dag.py
[2024-05-08T13:56:03.913+0000] {processor.py:830} INFO - Processing file /home/airflow/.local/lib/python3.12/site-packages/airflow/example_dags/example_skip_dag.py for tasks to queue
[2024-05-08T13:56:03.918+0000] {logging_mixin.py:188} INFO - [2024-05-08T13:56:03.918+0000] {dagbag.py:545} INFO - Filling up the DagBag from /home/airflow/.local/lib/python3.12/site-packages/airflow/example_dags/example_skip_dag.py
[2024-05-08T13:56:03.948+0000] {processor.py:840} INFO - DAG(s) 'example_skip_dag' retrieved from /home/airflow/.local/lib/python3.12/site-packages/airflow/example_dags/example_skip_dag.py
[2024-05-08T13:56:03.974+0000] {logging_mixin.py:188} INFO - [2024-05-08T13:56:03.974+0000] {dag.py:3096} INFO - Sync 1 DAGs
[2024-05-08T13:56:04.002+0000] {logging_mixin.py:188} INFO - [2024-05-08T13:56:04.001+0000] {dag.py:3954} INFO - Setting next_dagrun for example_skip_dag to 2024-05-07 00:00:00+00:00, run_after=2024-05-08 00:00:00+00:00
[2024-05-08T13:56:04.029+0000] {processor.py:183} INFO - Processing /home/airflow/.local/lib/python3.12/site-packages/airflow/example_dags/example_skip_dag.py took 0.126 seconds
[2024-05-08T13:56:34.650+0000] {processor.py:161} INFO - Started process (PID=1084) to work on /home/airflow/.local/lib/python3.12/site-packages/airflow/example_dags/example_skip_dag.py
[2024-05-08T13:56:34.652+0000] {processor.py:830} INFO - Processing file /home/airflow/.local/lib/python3.12/site-packages/airflow/example_dags/example_skip_dag.py for tasks to queue
[2024-05-08T13:56:34.655+0000] {logging_mixin.py:188} INFO - [2024-05-08T13:56:34.654+0000] {dagbag.py:545} INFO - Filling up the DagBag from /home/airflow/.local/lib/python3.12/site-packages/airflow/example_dags/example_skip_dag.py
[2024-05-08T13:56:34.667+0000] {processor.py:840} INFO - DAG(s) 'example_skip_dag' retrieved from /home/airflow/.local/lib/python3.12/site-packages/airflow/example_dags/example_skip_dag.py
[2024-05-08T13:56:34.694+0000] {logging_mixin.py:188} INFO - [2024-05-08T13:56:34.694+0000] {dag.py:3096} INFO - Sync 1 DAGs
[2024-05-08T13:56:34.731+0000] {logging_mixin.py:188} INFO - [2024-05-08T13:56:34.730+0000] {dag.py:3954} INFO - Setting next_dagrun for example_skip_dag to 2024-05-07 00:00:00+00:00, run_after=2024-05-08 00:00:00+00:00
[2024-05-08T13:56:34.763+0000] {processor.py:183} INFO - Processing /home/airflow/.local/lib/python3.12/site-packages/airflow/example_dags/example_skip_dag.py took 0.120 seconds
[2024-05-08T13:57:04.994+0000] {processor.py:161} INFO - Started process (PID=1144) to work on /home/airflow/.local/lib/python3.12/site-packages/airflow/example_dags/example_skip_dag.py
[2024-05-08T13:57:04.996+0000] {processor.py:830} INFO - Processing file /home/airflow/.local/lib/python3.12/site-packages/airflow/example_dags/example_skip_dag.py for tasks to queue
[2024-05-08T13:57:04.998+0000] {logging_mixin.py:188} INFO - [2024-05-08T13:57:04.998+0000] {dagbag.py:545} INFO - Filling up the DagBag from /home/airflow/.local/lib/python3.12/site-packages/airflow/example_dags/example_skip_dag.py
[2024-05-08T13:57:05.008+0000] {processor.py:840} INFO - DAG(s) 'example_skip_dag' retrieved from /home/airflow/.local/lib/python3.12/site-packages/airflow/example_dags/example_skip_dag.py
[2024-05-08T13:57:05.034+0000] {logging_mixin.py:188} INFO - [2024-05-08T13:57:05.034+0000] {dag.py:3096} INFO - Sync 1 DAGs
[2024-05-08T13:57:05.058+0000] {logging_mixin.py:188} INFO - [2024-05-08T13:57:05.058+0000] {dag.py:3954} INFO - Setting next_dagrun for example_skip_dag to 2024-05-07 00:00:00+00:00, run_after=2024-05-08 00:00:00+00:00
[2024-05-08T13:57:05.083+0000] {processor.py:183} INFO - Processing /home/airflow/.local/lib/python3.12/site-packages/airflow/example_dags/example_skip_dag.py took 0.095 seconds
[2024-05-08T13:57:35.392+0000] {processor.py:161} INFO - Started process (PID=1204) to work on /home/airflow/.local/lib/python3.12/site-packages/airflow/example_dags/example_skip_dag.py
[2024-05-08T13:57:35.393+0000] {processor.py:830} INFO - Processing file /home/airflow/.local/lib/python3.12/site-packages/airflow/example_dags/example_skip_dag.py for tasks to queue
[2024-05-08T13:57:35.397+0000] {logging_mixin.py:188} INFO - [2024-05-08T13:57:35.396+0000] {dagbag.py:545} INFO - Filling up the DagBag from /home/airflow/.local/lib/python3.12/site-packages/airflow/example_dags/example_skip_dag.py
[2024-05-08T13:57:35.413+0000] {processor.py:840} INFO - DAG(s) 'example_skip_dag' retrieved from /home/airflow/.local/lib/python3.12/site-packages/airflow/example_dags/example_skip_dag.py
[2024-05-08T13:57:35.453+0000] {logging_mixin.py:188} INFO - [2024-05-08T13:57:35.453+0000] {dag.py:3096} INFO - Sync 1 DAGs
[2024-05-08T13:57:35.492+0000] {logging_mixin.py:188} INFO - [2024-05-08T13:57:35.492+0000] {dag.py:3954} INFO - Setting next_dagrun for example_skip_dag to 2024-05-07 00:00:00+00:00, run_after=2024-05-08 00:00:00+00:00
[2024-05-08T13:57:35.525+0000] {processor.py:183} INFO - Processing /home/airflow/.local/lib/python3.12/site-packages/airflow/example_dags/example_skip_dag.py took 0.143 seconds
[2024-05-08T13:58:06.402+0000] {processor.py:161} INFO - Started process (PID=1264) to work on /home/airflow/.local/lib/python3.12/site-packages/airflow/example_dags/example_skip_dag.py
[2024-05-08T13:58:06.404+0000] {processor.py:830} INFO - Processing file /home/airflow/.local/lib/python3.12/site-packages/airflow/example_dags/example_skip_dag.py for tasks to queue
[2024-05-08T13:58:06.409+0000] {logging_mixin.py:188} INFO - [2024-05-08T13:58:06.407+0000] {dagbag.py:545} INFO - Filling up the DagBag from /home/airflow/.local/lib/python3.12/site-packages/airflow/example_dags/example_skip_dag.py
[2024-05-08T13:58:06.419+0000] {processor.py:840} INFO - DAG(s) 'example_skip_dag' retrieved from /home/airflow/.local/lib/python3.12/site-packages/airflow/example_dags/example_skip_dag.py
[2024-05-08T13:58:06.454+0000] {logging_mixin.py:188} INFO - [2024-05-08T13:58:06.454+0000] {dag.py:3096} INFO - Sync 1 DAGs
[2024-05-08T13:58:06.493+0000] {logging_mixin.py:188} INFO - [2024-05-08T13:58:06.493+0000] {dag.py:3954} INFO - Setting next_dagrun for example_skip_dag to 2024-05-07 00:00:00+00:00, run_after=2024-05-08 00:00:00+00:00
[2024-05-08T13:58:06.519+0000] {processor.py:183} INFO - Processing /home/airflow/.local/lib/python3.12/site-packages/airflow/example_dags/example_skip_dag.py took 0.128 seconds
[2024-05-08T13:58:37.938+0000] {processor.py:161} INFO - Started process (PID=1324) to work on /home/airflow/.local/lib/python3.12/site-packages/airflow/example_dags/example_skip_dag.py
[2024-05-08T13:58:37.939+0000] {processor.py:830} INFO - Processing file /home/airflow/.local/lib/python3.12/site-packages/airflow/example_dags/example_skip_dag.py for tasks to queue
[2024-05-08T13:58:37.942+0000] {logging_mixin.py:188} INFO - [2024-05-08T13:58:37.942+0000] {dagbag.py:545} INFO - Filling up the DagBag from /home/airflow/.local/lib/python3.12/site-packages/airflow/example_dags/example_skip_dag.py
[2024-05-08T13:58:37.950+0000] {processor.py:840} INFO - DAG(s) 'example_skip_dag' retrieved from /home/airflow/.local/lib/python3.12/site-packages/airflow/example_dags/example_skip_dag.py
[2024-05-08T13:58:37.978+0000] {logging_mixin.py:188} INFO - [2024-05-08T13:58:37.978+0000] {dag.py:3096} INFO - Sync 1 DAGs
[2024-05-08T13:58:38.197+0000] {logging_mixin.py:188} INFO - [2024-05-08T13:58:38.197+0000] {dag.py:3954} INFO - Setting next_dagrun for example_skip_dag to 2024-05-07 00:00:00+00:00, run_after=2024-05-08 00:00:00+00:00
[2024-05-08T13:58:38.227+0000] {processor.py:183} INFO - Processing /home/airflow/.local/lib/python3.12/site-packages/airflow/example_dags/example_skip_dag.py took 0.296 seconds
[2024-05-08T13:59:08.906+0000] {processor.py:161} INFO - Started process (PID=1384) to work on /home/airflow/.local/lib/python3.12/site-packages/airflow/example_dags/example_skip_dag.py
[2024-05-08T13:59:08.907+0000] {processor.py:830} INFO - Processing file /home/airflow/.local/lib/python3.12/site-packages/airflow/example_dags/example_skip_dag.py for tasks to queue
[2024-05-08T13:59:08.910+0000] {logging_mixin.py:188} INFO - [2024-05-08T13:59:08.909+0000] {dagbag.py:545} INFO - Filling up the DagBag from /home/airflow/.local/lib/python3.12/site-packages/airflow/example_dags/example_skip_dag.py
[2024-05-08T13:59:08.918+0000] {processor.py:840} INFO - DAG(s) 'example_skip_dag' retrieved from /home/airflow/.local/lib/python3.12/site-packages/airflow/example_dags/example_skip_dag.py
[2024-05-08T13:59:08.943+0000] {logging_mixin.py:188} INFO - [2024-05-08T13:59:08.943+0000] {dag.py:3096} INFO - Sync 1 DAGs
[2024-05-08T13:59:08.970+0000] {logging_mixin.py:188} INFO - [2024-05-08T13:59:08.970+0000] {dag.py:3954} INFO - Setting next_dagrun for example_skip_dag to 2024-05-07 00:00:00+00:00, run_after=2024-05-08 00:00:00+00:00
[2024-05-08T13:59:09.132+0000] {processor.py:183} INFO - Processing /home/airflow/.local/lib/python3.12/site-packages/airflow/example_dags/example_skip_dag.py took 0.233 seconds
[2024-05-08T13:59:39.622+0000] {processor.py:161} INFO - Started process (PID=1444) to work on /home/airflow/.local/lib/python3.12/site-packages/airflow/example_dags/example_skip_dag.py
[2024-05-08T13:59:39.630+0000] {processor.py:830} INFO - Processing file /home/airflow/.local/lib/python3.12/site-packages/airflow/example_dags/example_skip_dag.py for tasks to queue
[2024-05-08T13:59:39.651+0000] {logging_mixin.py:188} INFO - [2024-05-08T13:59:39.650+0000] {dagbag.py:545} INFO - Filling up the DagBag from /home/airflow/.local/lib/python3.12/site-packages/airflow/example_dags/example_skip_dag.py
[2024-05-08T13:59:39.677+0000] {processor.py:840} INFO - DAG(s) 'example_skip_dag' retrieved from /home/airflow/.local/lib/python3.12/site-packages/airflow/example_dags/example_skip_dag.py
[2024-05-08T13:59:39.738+0000] {logging_mixin.py:188} INFO - [2024-05-08T13:59:39.738+0000] {dag.py:3096} INFO - Sync 1 DAGs
[2024-05-08T13:59:39.771+0000] {logging_mixin.py:188} INFO - [2024-05-08T13:59:39.771+0000] {dag.py:3954} INFO - Setting next_dagrun for example_skip_dag to 2024-05-07 00:00:00+00:00, run_after=2024-05-08 00:00:00+00:00
[2024-05-08T13:59:39.793+0000] {processor.py:183} INFO - Processing /home/airflow/.local/lib/python3.12/site-packages/airflow/example_dags/example_skip_dag.py took 0.179 seconds
[2024-05-08T14:00:10.704+0000] {processor.py:161} INFO - Started process (PID=1504) to work on /home/airflow/.local/lib/python3.12/site-packages/airflow/example_dags/example_skip_dag.py
[2024-05-08T14:00:10.706+0000] {processor.py:830} INFO - Processing file /home/airflow/.local/lib/python3.12/site-packages/airflow/example_dags/example_skip_dag.py for tasks to queue
[2024-05-08T14:00:10.710+0000] {logging_mixin.py:188} INFO - [2024-05-08T14:00:10.709+0000] {dagbag.py:545} INFO - Filling up the DagBag from /home/airflow/.local/lib/python3.12/site-packages/airflow/example_dags/example_skip_dag.py
[2024-05-08T14:00:10.720+0000] {processor.py:840} INFO - DAG(s) 'example_skip_dag' retrieved from /home/airflow/.local/lib/python3.12/site-packages/airflow/example_dags/example_skip_dag.py
[2024-05-08T14:00:10.748+0000] {logging_mixin.py:188} INFO - [2024-05-08T14:00:10.748+0000] {dag.py:3096} INFO - Sync 1 DAGs
[2024-05-08T14:00:10.782+0000] {logging_mixin.py:188} INFO - [2024-05-08T14:00:10.782+0000] {dag.py:3954} INFO - Setting next_dagrun for example_skip_dag to 2024-05-07 00:00:00+00:00, run_after=2024-05-08 00:00:00+00:00
[2024-05-08T14:00:10.811+0000] {processor.py:183} INFO - Processing /home/airflow/.local/lib/python3.12/site-packages/airflow/example_dags/example_skip_dag.py took 0.117 seconds
[2024-05-08T14:00:42.433+0000] {processor.py:161} INFO - Started process (PID=1564) to work on /home/airflow/.local/lib/python3.12/site-packages/airflow/example_dags/example_skip_dag.py
[2024-05-08T14:00:42.435+0000] {processor.py:830} INFO - Processing file /home/airflow/.local/lib/python3.12/site-packages/airflow/example_dags/example_skip_dag.py for tasks to queue
[2024-05-08T14:00:42.438+0000] {logging_mixin.py:188} INFO - [2024-05-08T14:00:42.438+0000] {dagbag.py:545} INFO - Filling up the DagBag from /home/airflow/.local/lib/python3.12/site-packages/airflow/example_dags/example_skip_dag.py
[2024-05-08T14:00:42.448+0000] {processor.py:840} INFO - DAG(s) 'example_skip_dag' retrieved from /home/airflow/.local/lib/python3.12/site-packages/airflow/example_dags/example_skip_dag.py
[2024-05-08T14:00:42.487+0000] {logging_mixin.py:188} INFO - [2024-05-08T14:00:42.487+0000] {dag.py:3096} INFO - Sync 1 DAGs
[2024-05-08T14:00:42.525+0000] {logging_mixin.py:188} INFO - [2024-05-08T14:00:42.525+0000] {dag.py:3954} INFO - Setting next_dagrun for example_skip_dag to 2024-05-07 00:00:00+00:00, run_after=2024-05-08 00:00:00+00:00
[2024-05-08T14:00:42.555+0000] {processor.py:183} INFO - Processing /home/airflow/.local/lib/python3.12/site-packages/airflow/example_dags/example_skip_dag.py took 0.132 seconds
[2024-05-08T14:01:13.300+0000] {processor.py:161} INFO - Started process (PID=1623) to work on /home/airflow/.local/lib/python3.12/site-packages/airflow/example_dags/example_skip_dag.py
[2024-05-08T14:01:13.301+0000] {processor.py:830} INFO - Processing file /home/airflow/.local/lib/python3.12/site-packages/airflow/example_dags/example_skip_dag.py for tasks to queue
[2024-05-08T14:01:13.305+0000] {logging_mixin.py:188} INFO - [2024-05-08T14:01:13.304+0000] {dagbag.py:545} INFO - Filling up the DagBag from /home/airflow/.local/lib/python3.12/site-packages/airflow/example_dags/example_skip_dag.py
[2024-05-08T14:01:13.314+0000] {processor.py:840} INFO - DAG(s) 'example_skip_dag' retrieved from /home/airflow/.local/lib/python3.12/site-packages/airflow/example_dags/example_skip_dag.py
[2024-05-08T14:01:13.348+0000] {logging_mixin.py:188} INFO - [2024-05-08T14:01:13.348+0000] {dag.py:3096} INFO - Sync 1 DAGs
[2024-05-08T14:01:13.381+0000] {logging_mixin.py:188} INFO - [2024-05-08T14:01:13.381+0000] {dag.py:3954} INFO - Setting next_dagrun for example_skip_dag to 2024-05-07 00:00:00+00:00, run_after=2024-05-08 00:00:00+00:00
[2024-05-08T14:01:13.441+0000] {processor.py:183} INFO - Processing /home/airflow/.local/lib/python3.12/site-packages/airflow/example_dags/example_skip_dag.py took 0.151 seconds
[2024-05-08T14:01:43.988+0000] {processor.py:161} INFO - Started process (PID=1683) to work on /home/airflow/.local/lib/python3.12/site-packages/airflow/example_dags/example_skip_dag.py
[2024-05-08T14:01:43.991+0000] {processor.py:830} INFO - Processing file /home/airflow/.local/lib/python3.12/site-packages/airflow/example_dags/example_skip_dag.py for tasks to queue
[2024-05-08T14:01:43.996+0000] {logging_mixin.py:188} INFO - [2024-05-08T14:01:43.996+0000] {dagbag.py:545} INFO - Filling up the DagBag from /home/airflow/.local/lib/python3.12/site-packages/airflow/example_dags/example_skip_dag.py
[2024-05-08T14:01:44.015+0000] {processor.py:840} INFO - DAG(s) 'example_skip_dag' retrieved from /home/airflow/.local/lib/python3.12/site-packages/airflow/example_dags/example_skip_dag.py
[2024-05-08T14:01:44.058+0000] {logging_mixin.py:188} INFO - [2024-05-08T14:01:44.057+0000] {dag.py:3096} INFO - Sync 1 DAGs
[2024-05-08T14:01:44.150+0000] {logging_mixin.py:188} INFO - [2024-05-08T14:01:44.149+0000] {dag.py:3954} INFO - Setting next_dagrun for example_skip_dag to 2024-05-07 00:00:00+00:00, run_after=2024-05-08 00:00:00+00:00
[2024-05-08T14:01:44.188+0000] {processor.py:183} INFO - Processing /home/airflow/.local/lib/python3.12/site-packages/airflow/example_dags/example_skip_dag.py took 0.208 seconds
[2024-05-08T14:02:14.614+0000] {processor.py:161} INFO - Started process (PID=1742) to work on /home/airflow/.local/lib/python3.12/site-packages/airflow/example_dags/example_skip_dag.py
[2024-05-08T14:02:14.616+0000] {processor.py:830} INFO - Processing file /home/airflow/.local/lib/python3.12/site-packages/airflow/example_dags/example_skip_dag.py for tasks to queue
[2024-05-08T14:02:14.620+0000] {logging_mixin.py:188} INFO - [2024-05-08T14:02:14.619+0000] {dagbag.py:545} INFO - Filling up the DagBag from /home/airflow/.local/lib/python3.12/site-packages/airflow/example_dags/example_skip_dag.py
[2024-05-08T14:02:14.629+0000] {processor.py:840} INFO - DAG(s) 'example_skip_dag' retrieved from /home/airflow/.local/lib/python3.12/site-packages/airflow/example_dags/example_skip_dag.py
[2024-05-08T14:02:14.655+0000] {logging_mixin.py:188} INFO - [2024-05-08T14:02:14.655+0000] {dag.py:3096} INFO - Sync 1 DAGs
[2024-05-08T14:02:14.686+0000] {logging_mixin.py:188} INFO - [2024-05-08T14:02:14.685+0000] {dag.py:3954} INFO - Setting next_dagrun for example_skip_dag to 2024-05-07 00:00:00+00:00, run_after=2024-05-08 00:00:00+00:00
[2024-05-08T14:02:14.710+0000] {processor.py:183} INFO - Processing /home/airflow/.local/lib/python3.12/site-packages/airflow/example_dags/example_skip_dag.py took 0.105 seconds
[2024-05-08T14:02:45.038+0000] {processor.py:161} INFO - Started process (PID=1802) to work on /home/airflow/.local/lib/python3.12/site-packages/airflow/example_dags/example_skip_dag.py
[2024-05-08T14:02:45.040+0000] {processor.py:830} INFO - Processing file /home/airflow/.local/lib/python3.12/site-packages/airflow/example_dags/example_skip_dag.py for tasks to queue
[2024-05-08T14:02:45.042+0000] {logging_mixin.py:188} INFO - [2024-05-08T14:02:45.042+0000] {dagbag.py:545} INFO - Filling up the DagBag from /home/airflow/.local/lib/python3.12/site-packages/airflow/example_dags/example_skip_dag.py
[2024-05-08T14:02:45.050+0000] {processor.py:840} INFO - DAG(s) 'example_skip_dag' retrieved from /home/airflow/.local/lib/python3.12/site-packages/airflow/example_dags/example_skip_dag.py
[2024-05-08T14:02:45.081+0000] {logging_mixin.py:188} INFO - [2024-05-08T14:02:45.080+0000] {dag.py:3096} INFO - Sync 1 DAGs
[2024-05-08T14:02:45.109+0000] {logging_mixin.py:188} INFO - [2024-05-08T14:02:45.108+0000] {dag.py:3954} INFO - Setting next_dagrun for example_skip_dag to 2024-05-07 00:00:00+00:00, run_after=2024-05-08 00:00:00+00:00
[2024-05-08T14:02:45.137+0000] {processor.py:183} INFO - Processing /home/airflow/.local/lib/python3.12/site-packages/airflow/example_dags/example_skip_dag.py took 0.105 seconds
[2024-05-08T14:03:18.088+0000] {processor.py:161} INFO - Started process (PID=1862) to work on /home/airflow/.local/lib/python3.12/site-packages/airflow/example_dags/example_skip_dag.py
[2024-05-08T14:03:18.090+0000] {processor.py:830} INFO - Processing file /home/airflow/.local/lib/python3.12/site-packages/airflow/example_dags/example_skip_dag.py for tasks to queue
[2024-05-08T14:03:18.093+0000] {logging_mixin.py:188} INFO - [2024-05-08T14:03:18.092+0000] {dagbag.py:545} INFO - Filling up the DagBag from /home/airflow/.local/lib/python3.12/site-packages/airflow/example_dags/example_skip_dag.py
[2024-05-08T14:03:18.102+0000] {processor.py:840} INFO - DAG(s) 'example_skip_dag' retrieved from /home/airflow/.local/lib/python3.12/site-packages/airflow/example_dags/example_skip_dag.py
[2024-05-08T14:03:18.136+0000] {logging_mixin.py:188} INFO - [2024-05-08T14:03:18.135+0000] {dag.py:3096} INFO - Sync 1 DAGs
[2024-05-08T14:03:18.169+0000] {logging_mixin.py:188} INFO - [2024-05-08T14:03:18.168+0000] {dag.py:3954} INFO - Setting next_dagrun for example_skip_dag to 2024-05-07 00:00:00+00:00, run_after=2024-05-08 00:00:00+00:00
[2024-05-08T14:03:18.198+0000] {processor.py:183} INFO - Processing /home/airflow/.local/lib/python3.12/site-packages/airflow/example_dags/example_skip_dag.py took 0.118 seconds
[2024-05-08T14:03:48.636+0000] {processor.py:161} INFO - Started process (PID=1921) to work on /home/airflow/.local/lib/python3.12/site-packages/airflow/example_dags/example_skip_dag.py
[2024-05-08T14:03:48.637+0000] {processor.py:830} INFO - Processing file /home/airflow/.local/lib/python3.12/site-packages/airflow/example_dags/example_skip_dag.py for tasks to queue
[2024-05-08T14:03:48.640+0000] {logging_mixin.py:188} INFO - [2024-05-08T14:03:48.639+0000] {dagbag.py:545} INFO - Filling up the DagBag from /home/airflow/.local/lib/python3.12/site-packages/airflow/example_dags/example_skip_dag.py
[2024-05-08T14:03:48.648+0000] {processor.py:840} INFO - DAG(s) 'example_skip_dag' retrieved from /home/airflow/.local/lib/python3.12/site-packages/airflow/example_dags/example_skip_dag.py
[2024-05-08T14:03:48.678+0000] {logging_mixin.py:188} INFO - [2024-05-08T14:03:48.678+0000] {dag.py:3096} INFO - Sync 1 DAGs
[2024-05-08T14:03:48.703+0000] {logging_mixin.py:188} INFO - [2024-05-08T14:03:48.703+0000] {dag.py:3954} INFO - Setting next_dagrun for example_skip_dag to 2024-05-07 00:00:00+00:00, run_after=2024-05-08 00:00:00+00:00
[2024-05-08T14:03:48.730+0000] {processor.py:183} INFO - Processing /home/airflow/.local/lib/python3.12/site-packages/airflow/example_dags/example_skip_dag.py took 0.101 seconds
[2024-05-08T14:04:19.603+0000] {processor.py:161} INFO - Started process (PID=1981) to work on /home/airflow/.local/lib/python3.12/site-packages/airflow/example_dags/example_skip_dag.py
[2024-05-08T14:04:19.604+0000] {processor.py:830} INFO - Processing file /home/airflow/.local/lib/python3.12/site-packages/airflow/example_dags/example_skip_dag.py for tasks to queue
[2024-05-08T14:04:19.607+0000] {logging_mixin.py:188} INFO - [2024-05-08T14:04:19.607+0000] {dagbag.py:545} INFO - Filling up the DagBag from /home/airflow/.local/lib/python3.12/site-packages/airflow/example_dags/example_skip_dag.py
[2024-05-08T14:04:19.618+0000] {processor.py:840} INFO - DAG(s) 'example_skip_dag' retrieved from /home/airflow/.local/lib/python3.12/site-packages/airflow/example_dags/example_skip_dag.py
[2024-05-08T14:04:19.648+0000] {logging_mixin.py:188} INFO - [2024-05-08T14:04:19.647+0000] {dag.py:3096} INFO - Sync 1 DAGs
[2024-05-08T14:04:19.679+0000] {logging_mixin.py:188} INFO - [2024-05-08T14:04:19.679+0000] {dag.py:3954} INFO - Setting next_dagrun for example_skip_dag to 2024-05-07 00:00:00+00:00, run_after=2024-05-08 00:00:00+00:00
[2024-05-08T14:04:19.703+0000] {processor.py:183} INFO - Processing /home/airflow/.local/lib/python3.12/site-packages/airflow/example_dags/example_skip_dag.py took 0.108 seconds
[2024-05-08T14:04:50.602+0000] {processor.py:161} INFO - Started process (PID=2041) to work on /home/airflow/.local/lib/python3.12/site-packages/airflow/example_dags/example_skip_dag.py
[2024-05-08T14:04:50.603+0000] {processor.py:830} INFO - Processing file /home/airflow/.local/lib/python3.12/site-packages/airflow/example_dags/example_skip_dag.py for tasks to queue
[2024-05-08T14:04:50.606+0000] {logging_mixin.py:188} INFO - [2024-05-08T14:04:50.606+0000] {dagbag.py:545} INFO - Filling up the DagBag from /home/airflow/.local/lib/python3.12/site-packages/airflow/example_dags/example_skip_dag.py
[2024-05-08T14:04:50.615+0000] {processor.py:840} INFO - DAG(s) 'example_skip_dag' retrieved from /home/airflow/.local/lib/python3.12/site-packages/airflow/example_dags/example_skip_dag.py
[2024-05-08T14:04:50.644+0000] {logging_mixin.py:188} INFO - [2024-05-08T14:04:50.644+0000] {dag.py:3096} INFO - Sync 1 DAGs
[2024-05-08T14:04:50.672+0000] {logging_mixin.py:188} INFO - [2024-05-08T14:04:50.672+0000] {dag.py:3954} INFO - Setting next_dagrun for example_skip_dag to 2024-05-07 00:00:00+00:00, run_after=2024-05-08 00:00:00+00:00
[2024-05-08T14:04:50.697+0000] {processor.py:183} INFO - Processing /home/airflow/.local/lib/python3.12/site-packages/airflow/example_dags/example_skip_dag.py took 0.103 seconds
[2024-05-08T14:05:21.709+0000] {processor.py:161} INFO - Started process (PID=2101) to work on /home/airflow/.local/lib/python3.12/site-packages/airflow/example_dags/example_skip_dag.py
[2024-05-08T14:05:21.711+0000] {processor.py:830} INFO - Processing file /home/airflow/.local/lib/python3.12/site-packages/airflow/example_dags/example_skip_dag.py for tasks to queue
[2024-05-08T14:05:21.717+0000] {logging_mixin.py:188} INFO - [2024-05-08T14:05:21.717+0000] {dagbag.py:545} INFO - Filling up the DagBag from /home/airflow/.local/lib/python3.12/site-packages/airflow/example_dags/example_skip_dag.py
[2024-05-08T14:05:21.732+0000] {processor.py:840} INFO - DAG(s) 'example_skip_dag' retrieved from /home/airflow/.local/lib/python3.12/site-packages/airflow/example_dags/example_skip_dag.py
[2024-05-08T14:05:21.782+0000] {logging_mixin.py:188} INFO - [2024-05-08T14:05:21.782+0000] {dag.py:3096} INFO - Sync 1 DAGs
[2024-05-08T14:05:21.860+0000] {logging_mixin.py:188} INFO - [2024-05-08T14:05:21.860+0000] {dag.py:3954} INFO - Setting next_dagrun for example_skip_dag to 2024-05-07 00:00:00+00:00, run_after=2024-05-08 00:00:00+00:00
[2024-05-08T14:05:21.938+0000] {processor.py:183} INFO - Processing /home/airflow/.local/lib/python3.12/site-packages/airflow/example_dags/example_skip_dag.py took 0.245 seconds
[2024-05-08T14:05:52.033+0000] {processor.py:161} INFO - Started process (PID=2166) to work on /home/airflow/.local/lib/python3.12/site-packages/airflow/example_dags/example_skip_dag.py
[2024-05-08T14:05:52.034+0000] {processor.py:830} INFO - Processing file /home/airflow/.local/lib/python3.12/site-packages/airflow/example_dags/example_skip_dag.py for tasks to queue
[2024-05-08T14:05:52.036+0000] {logging_mixin.py:188} INFO - [2024-05-08T14:05:52.036+0000] {dagbag.py:545} INFO - Filling up the DagBag from /home/airflow/.local/lib/python3.12/site-packages/airflow/example_dags/example_skip_dag.py
[2024-05-08T14:05:52.044+0000] {processor.py:840} INFO - DAG(s) 'example_skip_dag' retrieved from /home/airflow/.local/lib/python3.12/site-packages/airflow/example_dags/example_skip_dag.py
[2024-05-08T14:05:52.071+0000] {logging_mixin.py:188} INFO - [2024-05-08T14:05:52.071+0000] {dag.py:3096} INFO - Sync 1 DAGs
[2024-05-08T14:05:52.097+0000] {logging_mixin.py:188} INFO - [2024-05-08T14:05:52.096+0000] {dag.py:3954} INFO - Setting next_dagrun for example_skip_dag to 2024-05-07 00:00:00+00:00, run_after=2024-05-08 00:00:00+00:00
[2024-05-08T14:05:52.122+0000] {processor.py:183} INFO - Processing /home/airflow/.local/lib/python3.12/site-packages/airflow/example_dags/example_skip_dag.py took 0.098 seconds
[2024-05-08T14:06:22.188+0000] {processor.py:161} INFO - Started process (PID=2226) to work on /home/airflow/.local/lib/python3.12/site-packages/airflow/example_dags/example_skip_dag.py
[2024-05-08T14:06:22.189+0000] {processor.py:830} INFO - Processing file /home/airflow/.local/lib/python3.12/site-packages/airflow/example_dags/example_skip_dag.py for tasks to queue
[2024-05-08T14:06:22.192+0000] {logging_mixin.py:188} INFO - [2024-05-08T14:06:22.191+0000] {dagbag.py:545} INFO - Filling up the DagBag from /home/airflow/.local/lib/python3.12/site-packages/airflow/example_dags/example_skip_dag.py
[2024-05-08T14:06:22.199+0000] {processor.py:840} INFO - DAG(s) 'example_skip_dag' retrieved from /home/airflow/.local/lib/python3.12/site-packages/airflow/example_dags/example_skip_dag.py
[2024-05-08T14:06:22.227+0000] {logging_mixin.py:188} INFO - [2024-05-08T14:06:22.227+0000] {dag.py:3096} INFO - Sync 1 DAGs
[2024-05-08T14:06:22.250+0000] {logging_mixin.py:188} INFO - [2024-05-08T14:06:22.250+0000] {dag.py:3954} INFO - Setting next_dagrun for example_skip_dag to 2024-05-07 00:00:00+00:00, run_after=2024-05-08 00:00:00+00:00
[2024-05-08T14:06:22.276+0000] {processor.py:183} INFO - Processing /home/airflow/.local/lib/python3.12/site-packages/airflow/example_dags/example_skip_dag.py took 0.095 seconds
[2024-05-08T14:06:52.636+0000] {processor.py:161} INFO - Started process (PID=2286) to work on /home/airflow/.local/lib/python3.12/site-packages/airflow/example_dags/example_skip_dag.py
[2024-05-08T14:06:52.638+0000] {processor.py:830} INFO - Processing file /home/airflow/.local/lib/python3.12/site-packages/airflow/example_dags/example_skip_dag.py for tasks to queue
[2024-05-08T14:06:52.641+0000] {logging_mixin.py:188} INFO - [2024-05-08T14:06:52.641+0000] {dagbag.py:545} INFO - Filling up the DagBag from /home/airflow/.local/lib/python3.12/site-packages/airflow/example_dags/example_skip_dag.py
[2024-05-08T14:06:52.651+0000] {processor.py:840} INFO - DAG(s) 'example_skip_dag' retrieved from /home/airflow/.local/lib/python3.12/site-packages/airflow/example_dags/example_skip_dag.py
[2024-05-08T14:06:52.684+0000] {logging_mixin.py:188} INFO - [2024-05-08T14:06:52.684+0000] {dag.py:3096} INFO - Sync 1 DAGs
[2024-05-08T14:06:52.711+0000] {logging_mixin.py:188} INFO - [2024-05-08T14:06:52.711+0000] {dag.py:3954} INFO - Setting next_dagrun for example_skip_dag to 2024-05-07 00:00:00+00:00, run_after=2024-05-08 00:00:00+00:00
[2024-05-08T14:06:52.738+0000] {processor.py:183} INFO - Processing /home/airflow/.local/lib/python3.12/site-packages/airflow/example_dags/example_skip_dag.py took 0.113 seconds
[2024-05-08T14:07:23.631+0000] {processor.py:161} INFO - Started process (PID=2346) to work on /home/airflow/.local/lib/python3.12/site-packages/airflow/example_dags/example_skip_dag.py
[2024-05-08T14:07:23.633+0000] {processor.py:830} INFO - Processing file /home/airflow/.local/lib/python3.12/site-packages/airflow/example_dags/example_skip_dag.py for tasks to queue
[2024-05-08T14:07:23.636+0000] {logging_mixin.py:188} INFO - [2024-05-08T14:07:23.636+0000] {dagbag.py:545} INFO - Filling up the DagBag from /home/airflow/.local/lib/python3.12/site-packages/airflow/example_dags/example_skip_dag.py
[2024-05-08T14:07:23.644+0000] {processor.py:840} INFO - DAG(s) 'example_skip_dag' retrieved from /home/airflow/.local/lib/python3.12/site-packages/airflow/example_dags/example_skip_dag.py
[2024-05-08T14:07:23.674+0000] {logging_mixin.py:188} INFO - [2024-05-08T14:07:23.673+0000] {dag.py:3096} INFO - Sync 1 DAGs
[2024-05-08T14:07:23.706+0000] {logging_mixin.py:188} INFO - [2024-05-08T14:07:23.705+0000] {dag.py:3954} INFO - Setting next_dagrun for example_skip_dag to 2024-05-07 00:00:00+00:00, run_after=2024-05-08 00:00:00+00:00
[2024-05-08T14:07:23.736+0000] {processor.py:183} INFO - Processing /home/airflow/.local/lib/python3.12/site-packages/airflow/example_dags/example_skip_dag.py took 0.114 seconds
[2024-05-08T14:07:54.377+0000] {processor.py:161} INFO - Started process (PID=2406) to work on /home/airflow/.local/lib/python3.12/site-packages/airflow/example_dags/example_skip_dag.py
[2024-05-08T14:07:54.378+0000] {processor.py:830} INFO - Processing file /home/airflow/.local/lib/python3.12/site-packages/airflow/example_dags/example_skip_dag.py for tasks to queue
[2024-05-08T14:07:54.382+0000] {logging_mixin.py:188} INFO - [2024-05-08T14:07:54.381+0000] {dagbag.py:545} INFO - Filling up the DagBag from /home/airflow/.local/lib/python3.12/site-packages/airflow/example_dags/example_skip_dag.py
[2024-05-08T14:07:54.393+0000] {processor.py:840} INFO - DAG(s) 'example_skip_dag' retrieved from /home/airflow/.local/lib/python3.12/site-packages/airflow/example_dags/example_skip_dag.py
[2024-05-08T14:07:54.432+0000] {logging_mixin.py:188} INFO - [2024-05-08T14:07:54.432+0000] {dag.py:3096} INFO - Sync 1 DAGs
[2024-05-08T14:07:54.476+0000] {logging_mixin.py:188} INFO - [2024-05-08T14:07:54.476+0000] {dag.py:3954} INFO - Setting next_dagrun for example_skip_dag to 2024-05-07 00:00:00+00:00, run_after=2024-05-08 00:00:00+00:00
[2024-05-08T14:07:54.510+0000] {processor.py:183} INFO - Processing /home/airflow/.local/lib/python3.12/site-packages/airflow/example_dags/example_skip_dag.py took 0.146 seconds
[2024-05-08T14:08:24.692+0000] {processor.py:161} INFO - Started process (PID=2466) to work on /home/airflow/.local/lib/python3.12/site-packages/airflow/example_dags/example_skip_dag.py
[2024-05-08T14:08:24.693+0000] {processor.py:830} INFO - Processing file /home/airflow/.local/lib/python3.12/site-packages/airflow/example_dags/example_skip_dag.py for tasks to queue
[2024-05-08T14:08:24.696+0000] {logging_mixin.py:188} INFO - [2024-05-08T14:08:24.695+0000] {dagbag.py:545} INFO - Filling up the DagBag from /home/airflow/.local/lib/python3.12/site-packages/airflow/example_dags/example_skip_dag.py
[2024-05-08T14:08:24.704+0000] {processor.py:840} INFO - DAG(s) 'example_skip_dag' retrieved from /home/airflow/.local/lib/python3.12/site-packages/airflow/example_dags/example_skip_dag.py
[2024-05-08T14:08:24.739+0000] {logging_mixin.py:188} INFO - [2024-05-08T14:08:24.739+0000] {dag.py:3096} INFO - Sync 1 DAGs
[2024-05-08T14:08:24.775+0000] {logging_mixin.py:188} INFO - [2024-05-08T14:08:24.774+0000] {dag.py:3954} INFO - Setting next_dagrun for example_skip_dag to 2024-05-07 00:00:00+00:00, run_after=2024-05-08 00:00:00+00:00
[2024-05-08T14:08:24.799+0000] {processor.py:183} INFO - Processing /home/airflow/.local/lib/python3.12/site-packages/airflow/example_dags/example_skip_dag.py took 0.114 seconds
[2024-05-08T14:08:55.112+0000] {processor.py:161} INFO - Started process (PID=2526) to work on /home/airflow/.local/lib/python3.12/site-packages/airflow/example_dags/example_skip_dag.py
[2024-05-08T14:08:55.114+0000] {processor.py:830} INFO - Processing file /home/airflow/.local/lib/python3.12/site-packages/airflow/example_dags/example_skip_dag.py for tasks to queue
[2024-05-08T14:08:55.118+0000] {logging_mixin.py:188} INFO - [2024-05-08T14:08:55.117+0000] {dagbag.py:545} INFO - Filling up the DagBag from /home/airflow/.local/lib/python3.12/site-packages/airflow/example_dags/example_skip_dag.py
[2024-05-08T14:08:55.129+0000] {processor.py:840} INFO - DAG(s) 'example_skip_dag' retrieved from /home/airflow/.local/lib/python3.12/site-packages/airflow/example_dags/example_skip_dag.py
[2024-05-08T14:08:55.156+0000] {logging_mixin.py:188} INFO - [2024-05-08T14:08:55.156+0000] {dag.py:3096} INFO - Sync 1 DAGs
[2024-05-08T14:08:55.189+0000] {logging_mixin.py:188} INFO - [2024-05-08T14:08:55.189+0000] {dag.py:3954} INFO - Setting next_dagrun for example_skip_dag to 2024-05-07 00:00:00+00:00, run_after=2024-05-08 00:00:00+00:00
[2024-05-08T14:08:55.215+0000] {processor.py:183} INFO - Processing /home/airflow/.local/lib/python3.12/site-packages/airflow/example_dags/example_skip_dag.py took 0.111 seconds
[2024-05-08T14:09:26.411+0000] {processor.py:161} INFO - Started process (PID=2586) to work on /home/airflow/.local/lib/python3.12/site-packages/airflow/example_dags/example_skip_dag.py
[2024-05-08T14:09:26.413+0000] {processor.py:830} INFO - Processing file /home/airflow/.local/lib/python3.12/site-packages/airflow/example_dags/example_skip_dag.py for tasks to queue
[2024-05-08T14:09:26.417+0000] {logging_mixin.py:188} INFO - [2024-05-08T14:09:26.416+0000] {dagbag.py:545} INFO - Filling up the DagBag from /home/airflow/.local/lib/python3.12/site-packages/airflow/example_dags/example_skip_dag.py
[2024-05-08T14:09:26.430+0000] {processor.py:840} INFO - DAG(s) 'example_skip_dag' retrieved from /home/airflow/.local/lib/python3.12/site-packages/airflow/example_dags/example_skip_dag.py
[2024-05-08T14:09:26.462+0000] {logging_mixin.py:188} INFO - [2024-05-08T14:09:26.461+0000] {dag.py:3096} INFO - Sync 1 DAGs
[2024-05-08T14:09:26.504+0000] {logging_mixin.py:188} INFO - [2024-05-08T14:09:26.504+0000] {dag.py:3954} INFO - Setting next_dagrun for example_skip_dag to 2024-05-07 00:00:00+00:00, run_after=2024-05-08 00:00:00+00:00
[2024-05-08T14:09:26.538+0000] {processor.py:183} INFO - Processing /home/airflow/.local/lib/python3.12/site-packages/airflow/example_dags/example_skip_dag.py took 0.135 seconds
[2024-05-08T14:09:57.094+0000] {processor.py:161} INFO - Started process (PID=2646) to work on /home/airflow/.local/lib/python3.12/site-packages/airflow/example_dags/example_skip_dag.py
[2024-05-08T14:09:57.095+0000] {processor.py:830} INFO - Processing file /home/airflow/.local/lib/python3.12/site-packages/airflow/example_dags/example_skip_dag.py for tasks to queue
[2024-05-08T14:09:57.097+0000] {logging_mixin.py:188} INFO - [2024-05-08T14:09:57.097+0000] {dagbag.py:545} INFO - Filling up the DagBag from /home/airflow/.local/lib/python3.12/site-packages/airflow/example_dags/example_skip_dag.py
[2024-05-08T14:09:57.106+0000] {processor.py:840} INFO - DAG(s) 'example_skip_dag' retrieved from /home/airflow/.local/lib/python3.12/site-packages/airflow/example_dags/example_skip_dag.py
[2024-05-08T14:09:57.139+0000] {logging_mixin.py:188} INFO - [2024-05-08T14:09:57.139+0000] {dag.py:3096} INFO - Sync 1 DAGs
[2024-05-08T14:09:57.169+0000] {logging_mixin.py:188} INFO - [2024-05-08T14:09:57.168+0000] {dag.py:3954} INFO - Setting next_dagrun for example_skip_dag to 2024-05-07 00:00:00+00:00, run_after=2024-05-08 00:00:00+00:00
[2024-05-08T14:09:57.195+0000] {processor.py:183} INFO - Processing /home/airflow/.local/lib/python3.12/site-packages/airflow/example_dags/example_skip_dag.py took 0.109 seconds
[2024-05-08T14:10:28.435+0000] {processor.py:161} INFO - Started process (PID=2706) to work on /home/airflow/.local/lib/python3.12/site-packages/airflow/example_dags/example_skip_dag.py
[2024-05-08T14:10:28.436+0000] {processor.py:830} INFO - Processing file /home/airflow/.local/lib/python3.12/site-packages/airflow/example_dags/example_skip_dag.py for tasks to queue
[2024-05-08T14:10:28.439+0000] {logging_mixin.py:188} INFO - [2024-05-08T14:10:28.439+0000] {dagbag.py:545} INFO - Filling up the DagBag from /home/airflow/.local/lib/python3.12/site-packages/airflow/example_dags/example_skip_dag.py
[2024-05-08T14:10:28.448+0000] {processor.py:840} INFO - DAG(s) 'example_skip_dag' retrieved from /home/airflow/.local/lib/python3.12/site-packages/airflow/example_dags/example_skip_dag.py
[2024-05-08T14:10:28.494+0000] {logging_mixin.py:188} INFO - [2024-05-08T14:10:28.494+0000] {dag.py:3096} INFO - Sync 1 DAGs
[2024-05-08T14:10:28.525+0000] {logging_mixin.py:188} INFO - [2024-05-08T14:10:28.525+0000] {dag.py:3954} INFO - Setting next_dagrun for example_skip_dag to 2024-05-07 00:00:00+00:00, run_after=2024-05-08 00:00:00+00:00
[2024-05-08T14:10:28.553+0000] {processor.py:183} INFO - Processing /home/airflow/.local/lib/python3.12/site-packages/airflow/example_dags/example_skip_dag.py took 0.128 seconds
[2024-05-08T14:10:58.910+0000] {processor.py:161} INFO - Started process (PID=2766) to work on /home/airflow/.local/lib/python3.12/site-packages/airflow/example_dags/example_skip_dag.py
[2024-05-08T14:10:58.912+0000] {processor.py:830} INFO - Processing file /home/airflow/.local/lib/python3.12/site-packages/airflow/example_dags/example_skip_dag.py for tasks to queue
[2024-05-08T14:10:58.916+0000] {logging_mixin.py:188} INFO - [2024-05-08T14:10:58.916+0000] {dagbag.py:545} INFO - Filling up the DagBag from /home/airflow/.local/lib/python3.12/site-packages/airflow/example_dags/example_skip_dag.py
[2024-05-08T14:10:58.928+0000] {processor.py:840} INFO - DAG(s) 'example_skip_dag' retrieved from /home/airflow/.local/lib/python3.12/site-packages/airflow/example_dags/example_skip_dag.py
[2024-05-08T14:10:58.961+0000] {logging_mixin.py:188} INFO - [2024-05-08T14:10:58.961+0000] {dag.py:3096} INFO - Sync 1 DAGs
[2024-05-08T14:10:59.003+0000] {logging_mixin.py:188} INFO - [2024-05-08T14:10:59.003+0000] {dag.py:3954} INFO - Setting next_dagrun for example_skip_dag to 2024-05-07 00:00:00+00:00, run_after=2024-05-08 00:00:00+00:00
[2024-05-08T14:10:59.038+0000] {processor.py:183} INFO - Processing /home/airflow/.local/lib/python3.12/site-packages/airflow/example_dags/example_skip_dag.py took 0.137 seconds
[2024-05-08T14:11:29.957+0000] {processor.py:161} INFO - Started process (PID=2826) to work on /home/airflow/.local/lib/python3.12/site-packages/airflow/example_dags/example_skip_dag.py
[2024-05-08T14:11:29.962+0000] {processor.py:830} INFO - Processing file /home/airflow/.local/lib/python3.12/site-packages/airflow/example_dags/example_skip_dag.py for tasks to queue
[2024-05-08T14:11:29.967+0000] {logging_mixin.py:188} INFO - [2024-05-08T14:11:29.966+0000] {dagbag.py:545} INFO - Filling up the DagBag from /home/airflow/.local/lib/python3.12/site-packages/airflow/example_dags/example_skip_dag.py
[2024-05-08T14:11:29.981+0000] {processor.py:840} INFO - DAG(s) 'example_skip_dag' retrieved from /home/airflow/.local/lib/python3.12/site-packages/airflow/example_dags/example_skip_dag.py
[2024-05-08T14:11:30.026+0000] {logging_mixin.py:188} INFO - [2024-05-08T14:11:30.026+0000] {dag.py:3096} INFO - Sync 1 DAGs
[2024-05-08T14:11:30.090+0000] {logging_mixin.py:188} INFO - [2024-05-08T14:11:30.089+0000] {dag.py:3954} INFO - Setting next_dagrun for example_skip_dag to 2024-05-07 00:00:00+00:00, run_after=2024-05-08 00:00:00+00:00
[2024-05-08T14:11:30.139+0000] {processor.py:183} INFO - Processing /home/airflow/.local/lib/python3.12/site-packages/airflow/example_dags/example_skip_dag.py took 0.189 seconds
[2024-05-08T14:12:00.358+0000] {processor.py:161} INFO - Started process (PID=2886) to work on /home/airflow/.local/lib/python3.12/site-packages/airflow/example_dags/example_skip_dag.py
[2024-05-08T14:12:00.360+0000] {processor.py:830} INFO - Processing file /home/airflow/.local/lib/python3.12/site-packages/airflow/example_dags/example_skip_dag.py for tasks to queue
[2024-05-08T14:12:00.362+0000] {logging_mixin.py:188} INFO - [2024-05-08T14:12:00.362+0000] {dagbag.py:545} INFO - Filling up the DagBag from /home/airflow/.local/lib/python3.12/site-packages/airflow/example_dags/example_skip_dag.py
[2024-05-08T14:12:00.373+0000] {processor.py:840} INFO - DAG(s) 'example_skip_dag' retrieved from /home/airflow/.local/lib/python3.12/site-packages/airflow/example_dags/example_skip_dag.py
[2024-05-08T14:12:00.399+0000] {logging_mixin.py:188} INFO - [2024-05-08T14:12:00.399+0000] {dag.py:3096} INFO - Sync 1 DAGs
[2024-05-08T14:12:00.427+0000] {logging_mixin.py:188} INFO - [2024-05-08T14:12:00.427+0000] {dag.py:3954} INFO - Setting next_dagrun for example_skip_dag to 2024-05-07 00:00:00+00:00, run_after=2024-05-08 00:00:00+00:00
[2024-05-08T14:12:00.455+0000] {processor.py:183} INFO - Processing /home/airflow/.local/lib/python3.12/site-packages/airflow/example_dags/example_skip_dag.py took 0.105 seconds
[2024-05-08T14:12:31.325+0000] {processor.py:161} INFO - Started process (PID=2946) to work on /home/airflow/.local/lib/python3.12/site-packages/airflow/example_dags/example_skip_dag.py
[2024-05-08T14:12:31.327+0000] {processor.py:830} INFO - Processing file /home/airflow/.local/lib/python3.12/site-packages/airflow/example_dags/example_skip_dag.py for tasks to queue
[2024-05-08T14:12:31.330+0000] {logging_mixin.py:188} INFO - [2024-05-08T14:12:31.329+0000] {dagbag.py:545} INFO - Filling up the DagBag from /home/airflow/.local/lib/python3.12/site-packages/airflow/example_dags/example_skip_dag.py
[2024-05-08T14:12:31.338+0000] {processor.py:840} INFO - DAG(s) 'example_skip_dag' retrieved from /home/airflow/.local/lib/python3.12/site-packages/airflow/example_dags/example_skip_dag.py
[2024-05-08T14:12:31.366+0000] {logging_mixin.py:188} INFO - [2024-05-08T14:12:31.366+0000] {dag.py:3096} INFO - Sync 1 DAGs
[2024-05-08T14:12:31.401+0000] {logging_mixin.py:188} INFO - [2024-05-08T14:12:31.401+0000] {dag.py:3954} INFO - Setting next_dagrun for example_skip_dag to 2024-05-07 00:00:00+00:00, run_after=2024-05-08 00:00:00+00:00
[2024-05-08T14:12:31.430+0000] {processor.py:183} INFO - Processing /home/airflow/.local/lib/python3.12/site-packages/airflow/example_dags/example_skip_dag.py took 0.112 seconds
[2024-05-08T14:13:02.309+0000] {processor.py:161} INFO - Started process (PID=3006) to work on /home/airflow/.local/lib/python3.12/site-packages/airflow/example_dags/example_skip_dag.py
[2024-05-08T14:13:02.310+0000] {processor.py:830} INFO - Processing file /home/airflow/.local/lib/python3.12/site-packages/airflow/example_dags/example_skip_dag.py for tasks to queue
[2024-05-08T14:13:02.313+0000] {logging_mixin.py:188} INFO - [2024-05-08T14:13:02.313+0000] {dagbag.py:545} INFO - Filling up the DagBag from /home/airflow/.local/lib/python3.12/site-packages/airflow/example_dags/example_skip_dag.py
[2024-05-08T14:13:02.322+0000] {processor.py:840} INFO - DAG(s) 'example_skip_dag' retrieved from /home/airflow/.local/lib/python3.12/site-packages/airflow/example_dags/example_skip_dag.py
[2024-05-08T14:13:02.350+0000] {logging_mixin.py:188} INFO - [2024-05-08T14:13:02.349+0000] {dag.py:3096} INFO - Sync 1 DAGs
[2024-05-08T14:13:02.379+0000] {logging_mixin.py:188} INFO - [2024-05-08T14:13:02.378+0000] {dag.py:3954} INFO - Setting next_dagrun for example_skip_dag to 2024-05-07 00:00:00+00:00, run_after=2024-05-08 00:00:00+00:00
[2024-05-08T14:13:02.404+0000] {processor.py:183} INFO - Processing /home/airflow/.local/lib/python3.12/site-packages/airflow/example_dags/example_skip_dag.py took 0.103 seconds
[2024-05-08T14:13:32.550+0000] {processor.py:161} INFO - Started process (PID=3066) to work on /home/airflow/.local/lib/python3.12/site-packages/airflow/example_dags/example_skip_dag.py
[2024-05-08T14:13:32.552+0000] {processor.py:830} INFO - Processing file /home/airflow/.local/lib/python3.12/site-packages/airflow/example_dags/example_skip_dag.py for tasks to queue
[2024-05-08T14:13:32.554+0000] {logging_mixin.py:188} INFO - [2024-05-08T14:13:32.554+0000] {dagbag.py:545} INFO - Filling up the DagBag from /home/airflow/.local/lib/python3.12/site-packages/airflow/example_dags/example_skip_dag.py
[2024-05-08T14:13:32.562+0000] {processor.py:840} INFO - DAG(s) 'example_skip_dag' retrieved from /home/airflow/.local/lib/python3.12/site-packages/airflow/example_dags/example_skip_dag.py
[2024-05-08T14:13:32.593+0000] {logging_mixin.py:188} INFO - [2024-05-08T14:13:32.593+0000] {dag.py:3096} INFO - Sync 1 DAGs
[2024-05-08T14:13:32.624+0000] {logging_mixin.py:188} INFO - [2024-05-08T14:13:32.624+0000] {dag.py:3954} INFO - Setting next_dagrun for example_skip_dag to 2024-05-07 00:00:00+00:00, run_after=2024-05-08 00:00:00+00:00
[2024-05-08T14:13:32.652+0000] {processor.py:183} INFO - Processing /home/airflow/.local/lib/python3.12/site-packages/airflow/example_dags/example_skip_dag.py took 0.111 seconds
[2024-05-08T14:14:02.745+0000] {processor.py:161} INFO - Started process (PID=3126) to work on /home/airflow/.local/lib/python3.12/site-packages/airflow/example_dags/example_skip_dag.py
[2024-05-08T14:14:02.747+0000] {processor.py:830} INFO - Processing file /home/airflow/.local/lib/python3.12/site-packages/airflow/example_dags/example_skip_dag.py for tasks to queue
[2024-05-08T14:14:02.752+0000] {logging_mixin.py:188} INFO - [2024-05-08T14:14:02.751+0000] {dagbag.py:545} INFO - Filling up the DagBag from /home/airflow/.local/lib/python3.12/site-packages/airflow/example_dags/example_skip_dag.py
[2024-05-08T14:14:02.759+0000] {processor.py:840} INFO - DAG(s) 'example_skip_dag' retrieved from /home/airflow/.local/lib/python3.12/site-packages/airflow/example_dags/example_skip_dag.py
[2024-05-08T14:14:02.785+0000] {logging_mixin.py:188} INFO - [2024-05-08T14:14:02.785+0000] {dag.py:3096} INFO - Sync 1 DAGs
[2024-05-08T14:14:02.811+0000] {logging_mixin.py:188} INFO - [2024-05-08T14:14:02.810+0000] {dag.py:3954} INFO - Setting next_dagrun for example_skip_dag to 2024-05-07 00:00:00+00:00, run_after=2024-05-08 00:00:00+00:00
[2024-05-08T14:14:02.837+0000] {processor.py:183} INFO - Processing /home/airflow/.local/lib/python3.12/site-packages/airflow/example_dags/example_skip_dag.py took 0.099 seconds
[2024-05-08T14:14:33.882+0000] {processor.py:161} INFO - Started process (PID=3186) to work on /home/airflow/.local/lib/python3.12/site-packages/airflow/example_dags/example_skip_dag.py
[2024-05-08T14:14:33.884+0000] {processor.py:830} INFO - Processing file /home/airflow/.local/lib/python3.12/site-packages/airflow/example_dags/example_skip_dag.py for tasks to queue
[2024-05-08T14:14:33.886+0000] {logging_mixin.py:188} INFO - [2024-05-08T14:14:33.886+0000] {dagbag.py:545} INFO - Filling up the DagBag from /home/airflow/.local/lib/python3.12/site-packages/airflow/example_dags/example_skip_dag.py
[2024-05-08T14:14:33.894+0000] {processor.py:840} INFO - DAG(s) 'example_skip_dag' retrieved from /home/airflow/.local/lib/python3.12/site-packages/airflow/example_dags/example_skip_dag.py
[2024-05-08T14:14:33.920+0000] {logging_mixin.py:188} INFO - [2024-05-08T14:14:33.919+0000] {dag.py:3096} INFO - Sync 1 DAGs
[2024-05-08T14:14:33.949+0000] {logging_mixin.py:188} INFO - [2024-05-08T14:14:33.949+0000] {dag.py:3954} INFO - Setting next_dagrun for example_skip_dag to 2024-05-07 00:00:00+00:00, run_after=2024-05-08 00:00:00+00:00
[2024-05-08T14:14:33.974+0000] {processor.py:183} INFO - Processing /home/airflow/.local/lib/python3.12/site-packages/airflow/example_dags/example_skip_dag.py took 0.099 seconds
[2024-05-08T14:15:05.076+0000] {processor.py:161} INFO - Started process (PID=3246) to work on /home/airflow/.local/lib/python3.12/site-packages/airflow/example_dags/example_skip_dag.py
[2024-05-08T14:15:05.078+0000] {processor.py:830} INFO - Processing file /home/airflow/.local/lib/python3.12/site-packages/airflow/example_dags/example_skip_dag.py for tasks to queue
[2024-05-08T14:15:05.082+0000] {logging_mixin.py:188} INFO - [2024-05-08T14:15:05.081+0000] {dagbag.py:545} INFO - Filling up the DagBag from /home/airflow/.local/lib/python3.12/site-packages/airflow/example_dags/example_skip_dag.py
[2024-05-08T14:15:05.093+0000] {processor.py:840} INFO - DAG(s) 'example_skip_dag' retrieved from /home/airflow/.local/lib/python3.12/site-packages/airflow/example_dags/example_skip_dag.py
[2024-05-08T14:15:05.129+0000] {logging_mixin.py:188} INFO - [2024-05-08T14:15:05.128+0000] {dag.py:3096} INFO - Sync 1 DAGs
[2024-05-08T14:15:05.159+0000] {logging_mixin.py:188} INFO - [2024-05-08T14:15:05.159+0000] {dag.py:3954} INFO - Setting next_dagrun for example_skip_dag to 2024-05-07 00:00:00+00:00, run_after=2024-05-08 00:00:00+00:00
[2024-05-08T14:15:05.198+0000] {processor.py:183} INFO - Processing /home/airflow/.local/lib/python3.12/site-packages/airflow/example_dags/example_skip_dag.py took 0.133 seconds
[2024-05-08T14:15:35.675+0000] {processor.py:161} INFO - Started process (PID=3306) to work on /home/airflow/.local/lib/python3.12/site-packages/airflow/example_dags/example_skip_dag.py
[2024-05-08T14:15:35.677+0000] {processor.py:830} INFO - Processing file /home/airflow/.local/lib/python3.12/site-packages/airflow/example_dags/example_skip_dag.py for tasks to queue
[2024-05-08T14:15:35.681+0000] {logging_mixin.py:188} INFO - [2024-05-08T14:15:35.681+0000] {dagbag.py:545} INFO - Filling up the DagBag from /home/airflow/.local/lib/python3.12/site-packages/airflow/example_dags/example_skip_dag.py
[2024-05-08T14:15:35.690+0000] {processor.py:840} INFO - DAG(s) 'example_skip_dag' retrieved from /home/airflow/.local/lib/python3.12/site-packages/airflow/example_dags/example_skip_dag.py
[2024-05-08T14:15:35.718+0000] {logging_mixin.py:188} INFO - [2024-05-08T14:15:35.718+0000] {dag.py:3096} INFO - Sync 1 DAGs
[2024-05-08T14:15:35.744+0000] {logging_mixin.py:188} INFO - [2024-05-08T14:15:35.743+0000] {dag.py:3954} INFO - Setting next_dagrun for example_skip_dag to 2024-05-07 00:00:00+00:00, run_after=2024-05-08 00:00:00+00:00
[2024-05-08T14:15:35.768+0000] {processor.py:183} INFO - Processing /home/airflow/.local/lib/python3.12/site-packages/airflow/example_dags/example_skip_dag.py took 0.100 seconds
[2024-05-08T14:16:06.591+0000] {processor.py:161} INFO - Started process (PID=3366) to work on /home/airflow/.local/lib/python3.12/site-packages/airflow/example_dags/example_skip_dag.py
[2024-05-08T14:16:06.594+0000] {processor.py:830} INFO - Processing file /home/airflow/.local/lib/python3.12/site-packages/airflow/example_dags/example_skip_dag.py for tasks to queue
[2024-05-08T14:16:06.598+0000] {logging_mixin.py:188} INFO - [2024-05-08T14:16:06.597+0000] {dagbag.py:545} INFO - Filling up the DagBag from /home/airflow/.local/lib/python3.12/site-packages/airflow/example_dags/example_skip_dag.py
[2024-05-08T14:16:06.658+0000] {processor.py:840} INFO - DAG(s) 'example_skip_dag' retrieved from /home/airflow/.local/lib/python3.12/site-packages/airflow/example_dags/example_skip_dag.py
[2024-05-08T14:16:06.735+0000] {logging_mixin.py:188} INFO - [2024-05-08T14:16:06.735+0000] {dag.py:3096} INFO - Sync 1 DAGs
[2024-05-08T14:16:06.778+0000] {logging_mixin.py:188} INFO - [2024-05-08T14:16:06.778+0000] {dag.py:3954} INFO - Setting next_dagrun for example_skip_dag to 2024-05-07 00:00:00+00:00, run_after=2024-05-08 00:00:00+00:00
[2024-05-08T14:16:06.834+0000] {processor.py:183} INFO - Processing /home/airflow/.local/lib/python3.12/site-packages/airflow/example_dags/example_skip_dag.py took 0.252 seconds
[2024-05-08T14:16:37.828+0000] {processor.py:161} INFO - Started process (PID=3426) to work on /home/airflow/.local/lib/python3.12/site-packages/airflow/example_dags/example_skip_dag.py
[2024-05-08T14:16:37.832+0000] {processor.py:830} INFO - Processing file /home/airflow/.local/lib/python3.12/site-packages/airflow/example_dags/example_skip_dag.py for tasks to queue
[2024-05-08T14:16:37.837+0000] {logging_mixin.py:188} INFO - [2024-05-08T14:16:37.836+0000] {dagbag.py:545} INFO - Filling up the DagBag from /home/airflow/.local/lib/python3.12/site-packages/airflow/example_dags/example_skip_dag.py
[2024-05-08T14:16:37.851+0000] {processor.py:840} INFO - DAG(s) 'example_skip_dag' retrieved from /home/airflow/.local/lib/python3.12/site-packages/airflow/example_dags/example_skip_dag.py
[2024-05-08T14:16:37.899+0000] {logging_mixin.py:188} INFO - [2024-05-08T14:16:37.898+0000] {dag.py:3096} INFO - Sync 1 DAGs
[2024-05-08T14:16:37.940+0000] {logging_mixin.py:188} INFO - [2024-05-08T14:16:37.939+0000] {dag.py:3954} INFO - Setting next_dagrun for example_skip_dag to 2024-05-07 00:00:00+00:00, run_after=2024-05-08 00:00:00+00:00
[2024-05-08T14:16:38.016+0000] {processor.py:183} INFO - Processing /home/airflow/.local/lib/python3.12/site-packages/airflow/example_dags/example_skip_dag.py took 0.200 seconds
[2024-05-08T14:17:08.215+0000] {processor.py:161} INFO - Started process (PID=3486) to work on /home/airflow/.local/lib/python3.12/site-packages/airflow/example_dags/example_skip_dag.py
[2024-05-08T14:17:08.217+0000] {processor.py:830} INFO - Processing file /home/airflow/.local/lib/python3.12/site-packages/airflow/example_dags/example_skip_dag.py for tasks to queue
[2024-05-08T14:17:08.219+0000] {logging_mixin.py:188} INFO - [2024-05-08T14:17:08.219+0000] {dagbag.py:545} INFO - Filling up the DagBag from /home/airflow/.local/lib/python3.12/site-packages/airflow/example_dags/example_skip_dag.py
[2024-05-08T14:17:08.227+0000] {processor.py:840} INFO - DAG(s) 'example_skip_dag' retrieved from /home/airflow/.local/lib/python3.12/site-packages/airflow/example_dags/example_skip_dag.py
[2024-05-08T14:17:08.256+0000] {logging_mixin.py:188} INFO - [2024-05-08T14:17:08.256+0000] {dag.py:3096} INFO - Sync 1 DAGs
[2024-05-08T14:17:08.282+0000] {logging_mixin.py:188} INFO - [2024-05-08T14:17:08.282+0000] {dag.py:3954} INFO - Setting next_dagrun for example_skip_dag to 2024-05-07 00:00:00+00:00, run_after=2024-05-08 00:00:00+00:00
[2024-05-08T14:17:08.308+0000] {processor.py:183} INFO - Processing /home/airflow/.local/lib/python3.12/site-packages/airflow/example_dags/example_skip_dag.py took 0.099 seconds
[2024-05-08T14:17:39.283+0000] {processor.py:161} INFO - Started process (PID=3546) to work on /home/airflow/.local/lib/python3.12/site-packages/airflow/example_dags/example_skip_dag.py
[2024-05-08T14:17:39.290+0000] {processor.py:830} INFO - Processing file /home/airflow/.local/lib/python3.12/site-packages/airflow/example_dags/example_skip_dag.py for tasks to queue
[2024-05-08T14:17:39.293+0000] {logging_mixin.py:188} INFO - [2024-05-08T14:17:39.293+0000] {dagbag.py:545} INFO - Filling up the DagBag from /home/airflow/.local/lib/python3.12/site-packages/airflow/example_dags/example_skip_dag.py
[2024-05-08T14:17:39.301+0000] {processor.py:840} INFO - DAG(s) 'example_skip_dag' retrieved from /home/airflow/.local/lib/python3.12/site-packages/airflow/example_dags/example_skip_dag.py
[2024-05-08T14:17:39.327+0000] {logging_mixin.py:188} INFO - [2024-05-08T14:17:39.327+0000] {dag.py:3096} INFO - Sync 1 DAGs
[2024-05-08T14:17:39.357+0000] {logging_mixin.py:188} INFO - [2024-05-08T14:17:39.357+0000] {dag.py:3954} INFO - Setting next_dagrun for example_skip_dag to 2024-05-07 00:00:00+00:00, run_after=2024-05-08 00:00:00+00:00
[2024-05-08T14:17:39.381+0000] {processor.py:183} INFO - Processing /home/airflow/.local/lib/python3.12/site-packages/airflow/example_dags/example_skip_dag.py took 0.106 seconds
[2024-05-08T14:18:10.035+0000] {processor.py:161} INFO - Started process (PID=3606) to work on /home/airflow/.local/lib/python3.12/site-packages/airflow/example_dags/example_skip_dag.py
[2024-05-08T14:18:10.037+0000] {processor.py:830} INFO - Processing file /home/airflow/.local/lib/python3.12/site-packages/airflow/example_dags/example_skip_dag.py for tasks to queue
[2024-05-08T14:18:10.040+0000] {logging_mixin.py:188} INFO - [2024-05-08T14:18:10.039+0000] {dagbag.py:545} INFO - Filling up the DagBag from /home/airflow/.local/lib/python3.12/site-packages/airflow/example_dags/example_skip_dag.py
[2024-05-08T14:18:10.050+0000] {processor.py:840} INFO - DAG(s) 'example_skip_dag' retrieved from /home/airflow/.local/lib/python3.12/site-packages/airflow/example_dags/example_skip_dag.py
[2024-05-08T14:18:10.090+0000] {logging_mixin.py:188} INFO - [2024-05-08T14:18:10.089+0000] {dag.py:3096} INFO - Sync 1 DAGs
[2024-05-08T14:18:10.129+0000] {logging_mixin.py:188} INFO - [2024-05-08T14:18:10.129+0000] {dag.py:3954} INFO - Setting next_dagrun for example_skip_dag to 2024-05-07 00:00:00+00:00, run_after=2024-05-08 00:00:00+00:00
[2024-05-08T14:18:10.217+0000] {processor.py:183} INFO - Processing /home/airflow/.local/lib/python3.12/site-packages/airflow/example_dags/example_skip_dag.py took 0.194 seconds
[2024-05-08T14:18:40.909+0000] {processor.py:161} INFO - Started process (PID=3666) to work on /home/airflow/.local/lib/python3.12/site-packages/airflow/example_dags/example_skip_dag.py
[2024-05-08T14:18:40.911+0000] {processor.py:830} INFO - Processing file /home/airflow/.local/lib/python3.12/site-packages/airflow/example_dags/example_skip_dag.py for tasks to queue
[2024-05-08T14:18:40.914+0000] {logging_mixin.py:188} INFO - [2024-05-08T14:18:40.913+0000] {dagbag.py:545} INFO - Filling up the DagBag from /home/airflow/.local/lib/python3.12/site-packages/airflow/example_dags/example_skip_dag.py
[2024-05-08T14:18:40.921+0000] {processor.py:840} INFO - DAG(s) 'example_skip_dag' retrieved from /home/airflow/.local/lib/python3.12/site-packages/airflow/example_dags/example_skip_dag.py
[2024-05-08T14:18:40.951+0000] {logging_mixin.py:188} INFO - [2024-05-08T14:18:40.951+0000] {dag.py:3096} INFO - Sync 1 DAGs
[2024-05-08T14:18:40.979+0000] {logging_mixin.py:188} INFO - [2024-05-08T14:18:40.979+0000] {dag.py:3954} INFO - Setting next_dagrun for example_skip_dag to 2024-05-07 00:00:00+00:00, run_after=2024-05-08 00:00:00+00:00
[2024-05-08T14:18:41.004+0000] {processor.py:183} INFO - Processing /home/airflow/.local/lib/python3.12/site-packages/airflow/example_dags/example_skip_dag.py took 0.103 seconds
[2024-05-08T14:19:11.036+0000] {processor.py:161} INFO - Started process (PID=3725) to work on /home/airflow/.local/lib/python3.12/site-packages/airflow/example_dags/example_skip_dag.py
[2024-05-08T14:19:11.038+0000] {processor.py:830} INFO - Processing file /home/airflow/.local/lib/python3.12/site-packages/airflow/example_dags/example_skip_dag.py for tasks to queue
[2024-05-08T14:19:11.040+0000] {logging_mixin.py:188} INFO - [2024-05-08T14:19:11.040+0000] {dagbag.py:545} INFO - Filling up the DagBag from /home/airflow/.local/lib/python3.12/site-packages/airflow/example_dags/example_skip_dag.py
[2024-05-08T14:19:11.048+0000] {processor.py:840} INFO - DAG(s) 'example_skip_dag' retrieved from /home/airflow/.local/lib/python3.12/site-packages/airflow/example_dags/example_skip_dag.py
[2024-05-08T14:19:11.080+0000] {logging_mixin.py:188} INFO - [2024-05-08T14:19:11.080+0000] {dag.py:3096} INFO - Sync 1 DAGs
[2024-05-08T14:19:11.111+0000] {logging_mixin.py:188} INFO - [2024-05-08T14:19:11.110+0000] {dag.py:3954} INFO - Setting next_dagrun for example_skip_dag to 2024-05-07 00:00:00+00:00, run_after=2024-05-08 00:00:00+00:00
[2024-05-08T14:19:11.138+0000] {processor.py:183} INFO - Processing /home/airflow/.local/lib/python3.12/site-packages/airflow/example_dags/example_skip_dag.py took 0.108 seconds
[2024-05-08T14:19:41.361+0000] {processor.py:161} INFO - Started process (PID=3784) to work on /home/airflow/.local/lib/python3.12/site-packages/airflow/example_dags/example_skip_dag.py
[2024-05-08T14:19:41.362+0000] {processor.py:830} INFO - Processing file /home/airflow/.local/lib/python3.12/site-packages/airflow/example_dags/example_skip_dag.py for tasks to queue
[2024-05-08T14:19:41.365+0000] {logging_mixin.py:188} INFO - [2024-05-08T14:19:41.364+0000] {dagbag.py:545} INFO - Filling up the DagBag from /home/airflow/.local/lib/python3.12/site-packages/airflow/example_dags/example_skip_dag.py
[2024-05-08T14:19:41.372+0000] {processor.py:840} INFO - DAG(s) 'example_skip_dag' retrieved from /home/airflow/.local/lib/python3.12/site-packages/airflow/example_dags/example_skip_dag.py
[2024-05-08T14:19:41.398+0000] {logging_mixin.py:188} INFO - [2024-05-08T14:19:41.397+0000] {dag.py:3096} INFO - Sync 1 DAGs
[2024-05-08T14:19:41.423+0000] {logging_mixin.py:188} INFO - [2024-05-08T14:19:41.422+0000] {dag.py:3954} INFO - Setting next_dagrun for example_skip_dag to 2024-05-07 00:00:00+00:00, run_after=2024-05-08 00:00:00+00:00
[2024-05-08T14:19:41.447+0000] {processor.py:183} INFO - Processing /home/airflow/.local/lib/python3.12/site-packages/airflow/example_dags/example_skip_dag.py took 0.092 seconds
[2024-05-08T14:20:11.552+0000] {processor.py:161} INFO - Started process (PID=3844) to work on /home/airflow/.local/lib/python3.12/site-packages/airflow/example_dags/example_skip_dag.py
[2024-05-08T14:20:11.554+0000] {processor.py:830} INFO - Processing file /home/airflow/.local/lib/python3.12/site-packages/airflow/example_dags/example_skip_dag.py for tasks to queue
[2024-05-08T14:20:11.556+0000] {logging_mixin.py:188} INFO - [2024-05-08T14:20:11.556+0000] {dagbag.py:545} INFO - Filling up the DagBag from /home/airflow/.local/lib/python3.12/site-packages/airflow/example_dags/example_skip_dag.py
[2024-05-08T14:20:11.564+0000] {processor.py:840} INFO - DAG(s) 'example_skip_dag' retrieved from /home/airflow/.local/lib/python3.12/site-packages/airflow/example_dags/example_skip_dag.py
[2024-05-08T14:20:11.589+0000] {logging_mixin.py:188} INFO - [2024-05-08T14:20:11.589+0000] {dag.py:3096} INFO - Sync 1 DAGs
[2024-05-08T14:20:11.616+0000] {logging_mixin.py:188} INFO - [2024-05-08T14:20:11.616+0000] {dag.py:3954} INFO - Setting next_dagrun for example_skip_dag to 2024-05-07 00:00:00+00:00, run_after=2024-05-08 00:00:00+00:00
[2024-05-08T14:20:11.645+0000] {processor.py:183} INFO - Processing /home/airflow/.local/lib/python3.12/site-packages/airflow/example_dags/example_skip_dag.py took 0.099 seconds
[2024-05-08T14:20:42.519+0000] {processor.py:161} INFO - Started process (PID=3903) to work on /home/airflow/.local/lib/python3.12/site-packages/airflow/example_dags/example_skip_dag.py
[2024-05-08T14:20:42.521+0000] {processor.py:830} INFO - Processing file /home/airflow/.local/lib/python3.12/site-packages/airflow/example_dags/example_skip_dag.py for tasks to queue
[2024-05-08T14:20:42.524+0000] {logging_mixin.py:188} INFO - [2024-05-08T14:20:42.523+0000] {dagbag.py:545} INFO - Filling up the DagBag from /home/airflow/.local/lib/python3.12/site-packages/airflow/example_dags/example_skip_dag.py
[2024-05-08T14:20:42.531+0000] {processor.py:840} INFO - DAG(s) 'example_skip_dag' retrieved from /home/airflow/.local/lib/python3.12/site-packages/airflow/example_dags/example_skip_dag.py
[2024-05-08T14:20:42.560+0000] {logging_mixin.py:188} INFO - [2024-05-08T14:20:42.560+0000] {dag.py:3096} INFO - Sync 1 DAGs
[2024-05-08T14:20:42.587+0000] {logging_mixin.py:188} INFO - [2024-05-08T14:20:42.586+0000] {dag.py:3954} INFO - Setting next_dagrun for example_skip_dag to 2024-05-07 00:00:00+00:00, run_after=2024-05-08 00:00:00+00:00
[2024-05-08T14:20:42.611+0000] {processor.py:183} INFO - Processing /home/airflow/.local/lib/python3.12/site-packages/airflow/example_dags/example_skip_dag.py took 0.099 seconds
[2024-05-08T14:21:13.159+0000] {processor.py:161} INFO - Started process (PID=3963) to work on /home/airflow/.local/lib/python3.12/site-packages/airflow/example_dags/example_skip_dag.py
[2024-05-08T14:21:13.161+0000] {processor.py:830} INFO - Processing file /home/airflow/.local/lib/python3.12/site-packages/airflow/example_dags/example_skip_dag.py for tasks to queue
[2024-05-08T14:21:13.164+0000] {logging_mixin.py:188} INFO - [2024-05-08T14:21:13.164+0000] {dagbag.py:545} INFO - Filling up the DagBag from /home/airflow/.local/lib/python3.12/site-packages/airflow/example_dags/example_skip_dag.py
[2024-05-08T14:21:13.173+0000] {processor.py:840} INFO - DAG(s) 'example_skip_dag' retrieved from /home/airflow/.local/lib/python3.12/site-packages/airflow/example_dags/example_skip_dag.py
[2024-05-08T14:21:13.201+0000] {logging_mixin.py:188} INFO - [2024-05-08T14:21:13.201+0000] {dag.py:3096} INFO - Sync 1 DAGs
[2024-05-08T14:21:13.230+0000] {logging_mixin.py:188} INFO - [2024-05-08T14:21:13.229+0000] {dag.py:3954} INFO - Setting next_dagrun for example_skip_dag to 2024-05-07 00:00:00+00:00, run_after=2024-05-08 00:00:00+00:00
[2024-05-08T14:21:13.266+0000] {processor.py:183} INFO - Processing /home/airflow/.local/lib/python3.12/site-packages/airflow/example_dags/example_skip_dag.py took 0.113 seconds
[2024-05-08T14:21:43.908+0000] {processor.py:161} INFO - Started process (PID=4023) to work on /home/airflow/.local/lib/python3.12/site-packages/airflow/example_dags/example_skip_dag.py
[2024-05-08T14:21:43.910+0000] {processor.py:830} INFO - Processing file /home/airflow/.local/lib/python3.12/site-packages/airflow/example_dags/example_skip_dag.py for tasks to queue
[2024-05-08T14:21:43.914+0000] {logging_mixin.py:188} INFO - [2024-05-08T14:21:43.914+0000] {dagbag.py:545} INFO - Filling up the DagBag from /home/airflow/.local/lib/python3.12/site-packages/airflow/example_dags/example_skip_dag.py
[2024-05-08T14:21:43.931+0000] {processor.py:840} INFO - DAG(s) 'example_skip_dag' retrieved from /home/airflow/.local/lib/python3.12/site-packages/airflow/example_dags/example_skip_dag.py
[2024-05-08T14:21:43.971+0000] {logging_mixin.py:188} INFO - [2024-05-08T14:21:43.970+0000] {dag.py:3096} INFO - Sync 1 DAGs
[2024-05-08T14:21:44.007+0000] {logging_mixin.py:188} INFO - [2024-05-08T14:21:44.007+0000] {dag.py:3954} INFO - Setting next_dagrun for example_skip_dag to 2024-05-07 00:00:00+00:00, run_after=2024-05-08 00:00:00+00:00
[2024-05-08T14:21:44.036+0000] {processor.py:183} INFO - Processing /home/airflow/.local/lib/python3.12/site-packages/airflow/example_dags/example_skip_dag.py took 0.164 seconds
[2024-05-08T14:22:14.171+0000] {processor.py:161} INFO - Started process (PID=4083) to work on /home/airflow/.local/lib/python3.12/site-packages/airflow/example_dags/example_skip_dag.py
[2024-05-08T14:22:14.173+0000] {processor.py:830} INFO - Processing file /home/airflow/.local/lib/python3.12/site-packages/airflow/example_dags/example_skip_dag.py for tasks to queue
[2024-05-08T14:22:14.177+0000] {logging_mixin.py:188} INFO - [2024-05-08T14:22:14.176+0000] {dagbag.py:545} INFO - Filling up the DagBag from /home/airflow/.local/lib/python3.12/site-packages/airflow/example_dags/example_skip_dag.py
[2024-05-08T14:22:14.187+0000] {processor.py:840} INFO - DAG(s) 'example_skip_dag' retrieved from /home/airflow/.local/lib/python3.12/site-packages/airflow/example_dags/example_skip_dag.py
[2024-05-08T14:22:14.221+0000] {logging_mixin.py:188} INFO - [2024-05-08T14:22:14.221+0000] {dag.py:3096} INFO - Sync 1 DAGs
[2024-05-08T14:22:14.254+0000] {logging_mixin.py:188} INFO - [2024-05-08T14:22:14.254+0000] {dag.py:3954} INFO - Setting next_dagrun for example_skip_dag to 2024-05-07 00:00:00+00:00, run_after=2024-05-08 00:00:00+00:00
[2024-05-08T14:22:14.292+0000] {processor.py:183} INFO - Processing /home/airflow/.local/lib/python3.12/site-packages/airflow/example_dags/example_skip_dag.py took 0.130 seconds
[2024-05-08T14:22:45.241+0000] {processor.py:161} INFO - Started process (PID=4143) to work on /home/airflow/.local/lib/python3.12/site-packages/airflow/example_dags/example_skip_dag.py
[2024-05-08T14:22:45.243+0000] {processor.py:830} INFO - Processing file /home/airflow/.local/lib/python3.12/site-packages/airflow/example_dags/example_skip_dag.py for tasks to queue
[2024-05-08T14:22:45.246+0000] {logging_mixin.py:188} INFO - [2024-05-08T14:22:45.245+0000] {dagbag.py:545} INFO - Filling up the DagBag from /home/airflow/.local/lib/python3.12/site-packages/airflow/example_dags/example_skip_dag.py
[2024-05-08T14:22:45.254+0000] {processor.py:840} INFO - DAG(s) 'example_skip_dag' retrieved from /home/airflow/.local/lib/python3.12/site-packages/airflow/example_dags/example_skip_dag.py
[2024-05-08T14:22:45.279+0000] {logging_mixin.py:188} INFO - [2024-05-08T14:22:45.279+0000] {dag.py:3096} INFO - Sync 1 DAGs
[2024-05-08T14:22:45.309+0000] {logging_mixin.py:188} INFO - [2024-05-08T14:22:45.309+0000] {dag.py:3954} INFO - Setting next_dagrun for example_skip_dag to 2024-05-07 00:00:00+00:00, run_after=2024-05-08 00:00:00+00:00
[2024-05-08T14:22:45.337+0000] {processor.py:183} INFO - Processing /home/airflow/.local/lib/python3.12/site-packages/airflow/example_dags/example_skip_dag.py took 0.104 seconds
[2024-05-08T14:23:15.467+0000] {processor.py:161} INFO - Started process (PID=4203) to work on /home/airflow/.local/lib/python3.12/site-packages/airflow/example_dags/example_skip_dag.py
[2024-05-08T14:23:15.469+0000] {processor.py:830} INFO - Processing file /home/airflow/.local/lib/python3.12/site-packages/airflow/example_dags/example_skip_dag.py for tasks to queue
[2024-05-08T14:23:15.471+0000] {logging_mixin.py:188} INFO - [2024-05-08T14:23:15.471+0000] {dagbag.py:545} INFO - Filling up the DagBag from /home/airflow/.local/lib/python3.12/site-packages/airflow/example_dags/example_skip_dag.py
[2024-05-08T14:23:15.480+0000] {processor.py:840} INFO - DAG(s) 'example_skip_dag' retrieved from /home/airflow/.local/lib/python3.12/site-packages/airflow/example_dags/example_skip_dag.py
[2024-05-08T14:23:15.509+0000] {logging_mixin.py:188} INFO - [2024-05-08T14:23:15.508+0000] {dag.py:3096} INFO - Sync 1 DAGs
[2024-05-08T14:23:15.535+0000] {logging_mixin.py:188} INFO - [2024-05-08T14:23:15.534+0000] {dag.py:3954} INFO - Setting next_dagrun for example_skip_dag to 2024-05-07 00:00:00+00:00, run_after=2024-05-08 00:00:00+00:00
[2024-05-08T14:23:15.560+0000] {processor.py:183} INFO - Processing /home/airflow/.local/lib/python3.12/site-packages/airflow/example_dags/example_skip_dag.py took 0.102 seconds
