[2024-05-08T13:47:50.033+0000] {processor.py:161} INFO - Started process (PID=61) to work on /home/airflow/.local/lib/python3.12/site-packages/airflow/example_dags/example_latest_only_with_trigger.py
[2024-05-08T13:47:50.038+0000] {processor.py:830} INFO - Processing file /home/airflow/.local/lib/python3.12/site-packages/airflow/example_dags/example_latest_only_with_trigger.py for tasks to queue
[2024-05-08T13:47:50.048+0000] {logging_mixin.py:188} INFO - [2024-05-08T13:47:50.047+0000] {dagbag.py:545} INFO - Filling up the DagBag from /home/airflow/.local/lib/python3.12/site-packages/airflow/example_dags/example_latest_only_with_trigger.py
[2024-05-08T13:47:50.086+0000] {processor.py:840} INFO - DAG(s) 'latest_only_with_trigger' retrieved from /home/airflow/.local/lib/python3.12/site-packages/airflow/example_dags/example_latest_only_with_trigger.py
[2024-05-08T13:47:50.172+0000] {logging_mixin.py:188} INFO - [2024-05-08T13:47:50.171+0000] {dag.py:3096} INFO - Sync 1 DAGs
[2024-05-08T13:47:50.255+0000] {logging_mixin.py:188} INFO - [2024-05-08T13:47:50.254+0000] {dag.py:3954} INFO - Setting next_dagrun for latest_only_with_trigger to 2024-05-08 08:00:00+00:00, run_after=2024-05-08 12:00:00+00:00
[2024-05-08T13:47:50.311+0000] {processor.py:183} INFO - Processing /home/airflow/.local/lib/python3.12/site-packages/airflow/example_dags/example_latest_only_with_trigger.py took 0.307 seconds
[2024-05-08T13:48:21.209+0000] {processor.py:161} INFO - Started process (PID=121) to work on /home/airflow/.local/lib/python3.12/site-packages/airflow/example_dags/example_latest_only_with_trigger.py
[2024-05-08T13:48:21.211+0000] {processor.py:830} INFO - Processing file /home/airflow/.local/lib/python3.12/site-packages/airflow/example_dags/example_latest_only_with_trigger.py for tasks to queue
[2024-05-08T13:48:21.214+0000] {logging_mixin.py:188} INFO - [2024-05-08T13:48:21.213+0000] {dagbag.py:545} INFO - Filling up the DagBag from /home/airflow/.local/lib/python3.12/site-packages/airflow/example_dags/example_latest_only_with_trigger.py
[2024-05-08T13:48:21.221+0000] {processor.py:840} INFO - DAG(s) 'latest_only_with_trigger' retrieved from /home/airflow/.local/lib/python3.12/site-packages/airflow/example_dags/example_latest_only_with_trigger.py
[2024-05-08T13:48:21.250+0000] {logging_mixin.py:188} INFO - [2024-05-08T13:48:21.250+0000] {dag.py:3096} INFO - Sync 1 DAGs
[2024-05-08T13:48:21.279+0000] {logging_mixin.py:188} INFO - [2024-05-08T13:48:21.279+0000] {dag.py:3954} INFO - Setting next_dagrun for latest_only_with_trigger to 2024-05-08 08:00:00+00:00, run_after=2024-05-08 12:00:00+00:00
[2024-05-08T13:48:21.307+0000] {processor.py:183} INFO - Processing /home/airflow/.local/lib/python3.12/site-packages/airflow/example_dags/example_latest_only_with_trigger.py took 0.107 seconds
[2024-05-08T13:48:51.452+0000] {processor.py:161} INFO - Started process (PID=181) to work on /home/airflow/.local/lib/python3.12/site-packages/airflow/example_dags/example_latest_only_with_trigger.py
[2024-05-08T13:48:51.454+0000] {processor.py:830} INFO - Processing file /home/airflow/.local/lib/python3.12/site-packages/airflow/example_dags/example_latest_only_with_trigger.py for tasks to queue
[2024-05-08T13:48:51.458+0000] {logging_mixin.py:188} INFO - [2024-05-08T13:48:51.457+0000] {dagbag.py:545} INFO - Filling up the DagBag from /home/airflow/.local/lib/python3.12/site-packages/airflow/example_dags/example_latest_only_with_trigger.py
[2024-05-08T13:48:51.465+0000] {processor.py:840} INFO - DAG(s) 'latest_only_with_trigger' retrieved from /home/airflow/.local/lib/python3.12/site-packages/airflow/example_dags/example_latest_only_with_trigger.py
[2024-05-08T13:48:51.494+0000] {logging_mixin.py:188} INFO - [2024-05-08T13:48:51.493+0000] {dag.py:3096} INFO - Sync 1 DAGs
[2024-05-08T13:48:51.521+0000] {logging_mixin.py:188} INFO - [2024-05-08T13:48:51.521+0000] {dag.py:3954} INFO - Setting next_dagrun for latest_only_with_trigger to 2024-05-08 08:00:00+00:00, run_after=2024-05-08 12:00:00+00:00
[2024-05-08T13:48:51.546+0000] {processor.py:183} INFO - Processing /home/airflow/.local/lib/python3.12/site-packages/airflow/example_dags/example_latest_only_with_trigger.py took 0.103 seconds
[2024-05-08T13:49:22.139+0000] {processor.py:161} INFO - Started process (PID=241) to work on /home/airflow/.local/lib/python3.12/site-packages/airflow/example_dags/example_latest_only_with_trigger.py
[2024-05-08T13:49:22.141+0000] {processor.py:830} INFO - Processing file /home/airflow/.local/lib/python3.12/site-packages/airflow/example_dags/example_latest_only_with_trigger.py for tasks to queue
[2024-05-08T13:49:22.144+0000] {logging_mixin.py:188} INFO - [2024-05-08T13:49:22.144+0000] {dagbag.py:545} INFO - Filling up the DagBag from /home/airflow/.local/lib/python3.12/site-packages/airflow/example_dags/example_latest_only_with_trigger.py
[2024-05-08T13:49:22.151+0000] {processor.py:840} INFO - DAG(s) 'latest_only_with_trigger' retrieved from /home/airflow/.local/lib/python3.12/site-packages/airflow/example_dags/example_latest_only_with_trigger.py
[2024-05-08T13:49:22.177+0000] {logging_mixin.py:188} INFO - [2024-05-08T13:49:22.176+0000] {dag.py:3096} INFO - Sync 1 DAGs
[2024-05-08T13:49:22.201+0000] {logging_mixin.py:188} INFO - [2024-05-08T13:49:22.200+0000] {dag.py:3954} INFO - Setting next_dagrun for latest_only_with_trigger to 2024-05-08 08:00:00+00:00, run_after=2024-05-08 12:00:00+00:00
[2024-05-08T13:49:22.224+0000] {processor.py:183} INFO - Processing /home/airflow/.local/lib/python3.12/site-packages/airflow/example_dags/example_latest_only_with_trigger.py took 0.094 seconds
[2024-05-08T13:49:52.736+0000] {processor.py:161} INFO - Started process (PID=301) to work on /home/airflow/.local/lib/python3.12/site-packages/airflow/example_dags/example_latest_only_with_trigger.py
[2024-05-08T13:49:52.738+0000] {processor.py:830} INFO - Processing file /home/airflow/.local/lib/python3.12/site-packages/airflow/example_dags/example_latest_only_with_trigger.py for tasks to queue
[2024-05-08T13:49:52.741+0000] {logging_mixin.py:188} INFO - [2024-05-08T13:49:52.741+0000] {dagbag.py:545} INFO - Filling up the DagBag from /home/airflow/.local/lib/python3.12/site-packages/airflow/example_dags/example_latest_only_with_trigger.py
[2024-05-08T13:49:52.748+0000] {processor.py:840} INFO - DAG(s) 'latest_only_with_trigger' retrieved from /home/airflow/.local/lib/python3.12/site-packages/airflow/example_dags/example_latest_only_with_trigger.py
[2024-05-08T13:49:52.772+0000] {logging_mixin.py:188} INFO - [2024-05-08T13:49:52.772+0000] {dag.py:3096} INFO - Sync 1 DAGs
[2024-05-08T13:49:52.796+0000] {logging_mixin.py:188} INFO - [2024-05-08T13:49:52.796+0000] {dag.py:3954} INFO - Setting next_dagrun for latest_only_with_trigger to 2024-05-08 08:00:00+00:00, run_after=2024-05-08 12:00:00+00:00
[2024-05-08T13:49:52.819+0000] {processor.py:183} INFO - Processing /home/airflow/.local/lib/python3.12/site-packages/airflow/example_dags/example_latest_only_with_trigger.py took 0.091 seconds
[2024-05-08T13:50:23.407+0000] {processor.py:161} INFO - Started process (PID=361) to work on /home/airflow/.local/lib/python3.12/site-packages/airflow/example_dags/example_latest_only_with_trigger.py
[2024-05-08T13:50:23.409+0000] {processor.py:830} INFO - Processing file /home/airflow/.local/lib/python3.12/site-packages/airflow/example_dags/example_latest_only_with_trigger.py for tasks to queue
[2024-05-08T13:50:23.412+0000] {logging_mixin.py:188} INFO - [2024-05-08T13:50:23.411+0000] {dagbag.py:545} INFO - Filling up the DagBag from /home/airflow/.local/lib/python3.12/site-packages/airflow/example_dags/example_latest_only_with_trigger.py
[2024-05-08T13:50:23.419+0000] {processor.py:840} INFO - DAG(s) 'latest_only_with_trigger' retrieved from /home/airflow/.local/lib/python3.12/site-packages/airflow/example_dags/example_latest_only_with_trigger.py
[2024-05-08T13:50:23.445+0000] {logging_mixin.py:188} INFO - [2024-05-08T13:50:23.445+0000] {dag.py:3096} INFO - Sync 1 DAGs
[2024-05-08T13:50:23.473+0000] {logging_mixin.py:188} INFO - [2024-05-08T13:50:23.473+0000] {dag.py:3954} INFO - Setting next_dagrun for latest_only_with_trigger to 2024-05-08 08:00:00+00:00, run_after=2024-05-08 12:00:00+00:00
[2024-05-08T13:50:23.501+0000] {processor.py:183} INFO - Processing /home/airflow/.local/lib/python3.12/site-packages/airflow/example_dags/example_latest_only_with_trigger.py took 0.102 seconds
[2024-05-08T13:50:53.964+0000] {processor.py:161} INFO - Started process (PID=421) to work on /home/airflow/.local/lib/python3.12/site-packages/airflow/example_dags/example_latest_only_with_trigger.py
[2024-05-08T13:50:53.966+0000] {processor.py:830} INFO - Processing file /home/airflow/.local/lib/python3.12/site-packages/airflow/example_dags/example_latest_only_with_trigger.py for tasks to queue
[2024-05-08T13:50:53.968+0000] {logging_mixin.py:188} INFO - [2024-05-08T13:50:53.968+0000] {dagbag.py:545} INFO - Filling up the DagBag from /home/airflow/.local/lib/python3.12/site-packages/airflow/example_dags/example_latest_only_with_trigger.py
[2024-05-08T13:50:53.976+0000] {processor.py:840} INFO - DAG(s) 'latest_only_with_trigger' retrieved from /home/airflow/.local/lib/python3.12/site-packages/airflow/example_dags/example_latest_only_with_trigger.py
[2024-05-08T13:50:54.004+0000] {logging_mixin.py:188} INFO - [2024-05-08T13:50:54.004+0000] {dag.py:3096} INFO - Sync 1 DAGs
[2024-05-08T13:50:54.033+0000] {logging_mixin.py:188} INFO - [2024-05-08T13:50:54.032+0000] {dag.py:3954} INFO - Setting next_dagrun for latest_only_with_trigger to 2024-05-08 08:00:00+00:00, run_after=2024-05-08 12:00:00+00:00
[2024-05-08T13:50:54.060+0000] {processor.py:183} INFO - Processing /home/airflow/.local/lib/python3.12/site-packages/airflow/example_dags/example_latest_only_with_trigger.py took 0.105 seconds
[2024-05-08T13:51:24.502+0000] {processor.py:161} INFO - Started process (PID=481) to work on /home/airflow/.local/lib/python3.12/site-packages/airflow/example_dags/example_latest_only_with_trigger.py
[2024-05-08T13:51:24.503+0000] {processor.py:830} INFO - Processing file /home/airflow/.local/lib/python3.12/site-packages/airflow/example_dags/example_latest_only_with_trigger.py for tasks to queue
[2024-05-08T13:51:24.506+0000] {logging_mixin.py:188} INFO - [2024-05-08T13:51:24.506+0000] {dagbag.py:545} INFO - Filling up the DagBag from /home/airflow/.local/lib/python3.12/site-packages/airflow/example_dags/example_latest_only_with_trigger.py
[2024-05-08T13:51:24.513+0000] {processor.py:840} INFO - DAG(s) 'latest_only_with_trigger' retrieved from /home/airflow/.local/lib/python3.12/site-packages/airflow/example_dags/example_latest_only_with_trigger.py
[2024-05-08T13:51:24.541+0000] {logging_mixin.py:188} INFO - [2024-05-08T13:51:24.540+0000] {dag.py:3096} INFO - Sync 1 DAGs
[2024-05-08T13:51:24.566+0000] {logging_mixin.py:188} INFO - [2024-05-08T13:51:24.566+0000] {dag.py:3954} INFO - Setting next_dagrun for latest_only_with_trigger to 2024-05-08 08:00:00+00:00, run_after=2024-05-08 12:00:00+00:00
[2024-05-08T13:51:24.591+0000] {processor.py:183} INFO - Processing /home/airflow/.local/lib/python3.12/site-packages/airflow/example_dags/example_latest_only_with_trigger.py took 0.097 seconds
[2024-05-08T13:51:55.291+0000] {processor.py:161} INFO - Started process (PID=541) to work on /home/airflow/.local/lib/python3.12/site-packages/airflow/example_dags/example_latest_only_with_trigger.py
[2024-05-08T13:51:55.293+0000] {processor.py:830} INFO - Processing file /home/airflow/.local/lib/python3.12/site-packages/airflow/example_dags/example_latest_only_with_trigger.py for tasks to queue
[2024-05-08T13:51:55.296+0000] {logging_mixin.py:188} INFO - [2024-05-08T13:51:55.296+0000] {dagbag.py:545} INFO - Filling up the DagBag from /home/airflow/.local/lib/python3.12/site-packages/airflow/example_dags/example_latest_only_with_trigger.py
[2024-05-08T13:51:55.304+0000] {processor.py:840} INFO - DAG(s) 'latest_only_with_trigger' retrieved from /home/airflow/.local/lib/python3.12/site-packages/airflow/example_dags/example_latest_only_with_trigger.py
[2024-05-08T13:51:55.330+0000] {logging_mixin.py:188} INFO - [2024-05-08T13:51:55.330+0000] {dag.py:3096} INFO - Sync 1 DAGs
[2024-05-08T13:51:55.358+0000] {logging_mixin.py:188} INFO - [2024-05-08T13:51:55.358+0000] {dag.py:3954} INFO - Setting next_dagrun for latest_only_with_trigger to 2024-05-08 08:00:00+00:00, run_after=2024-05-08 12:00:00+00:00
[2024-05-08T13:51:55.384+0000] {processor.py:183} INFO - Processing /home/airflow/.local/lib/python3.12/site-packages/airflow/example_dags/example_latest_only_with_trigger.py took 0.106 seconds
[2024-05-08T13:52:26.036+0000] {processor.py:161} INFO - Started process (PID=601) to work on /home/airflow/.local/lib/python3.12/site-packages/airflow/example_dags/example_latest_only_with_trigger.py
[2024-05-08T13:52:26.039+0000] {processor.py:830} INFO - Processing file /home/airflow/.local/lib/python3.12/site-packages/airflow/example_dags/example_latest_only_with_trigger.py for tasks to queue
[2024-05-08T13:52:26.042+0000] {logging_mixin.py:188} INFO - [2024-05-08T13:52:26.042+0000] {dagbag.py:545} INFO - Filling up the DagBag from /home/airflow/.local/lib/python3.12/site-packages/airflow/example_dags/example_latest_only_with_trigger.py
[2024-05-08T13:52:26.049+0000] {processor.py:840} INFO - DAG(s) 'latest_only_with_trigger' retrieved from /home/airflow/.local/lib/python3.12/site-packages/airflow/example_dags/example_latest_only_with_trigger.py
[2024-05-08T13:52:26.085+0000] {logging_mixin.py:188} INFO - [2024-05-08T13:52:26.085+0000] {dag.py:3096} INFO - Sync 1 DAGs
[2024-05-08T13:52:26.126+0000] {logging_mixin.py:188} INFO - [2024-05-08T13:52:26.126+0000] {dag.py:3954} INFO - Setting next_dagrun for latest_only_with_trigger to 2024-05-08 08:00:00+00:00, run_after=2024-05-08 12:00:00+00:00
[2024-05-08T13:52:26.158+0000] {processor.py:183} INFO - Processing /home/airflow/.local/lib/python3.12/site-packages/airflow/example_dags/example_latest_only_with_trigger.py took 0.130 seconds
[2024-05-08T13:52:56.574+0000] {processor.py:161} INFO - Started process (PID=661) to work on /home/airflow/.local/lib/python3.12/site-packages/airflow/example_dags/example_latest_only_with_trigger.py
[2024-05-08T13:52:56.576+0000] {processor.py:830} INFO - Processing file /home/airflow/.local/lib/python3.12/site-packages/airflow/example_dags/example_latest_only_with_trigger.py for tasks to queue
[2024-05-08T13:52:56.578+0000] {logging_mixin.py:188} INFO - [2024-05-08T13:52:56.578+0000] {dagbag.py:545} INFO - Filling up the DagBag from /home/airflow/.local/lib/python3.12/site-packages/airflow/example_dags/example_latest_only_with_trigger.py
[2024-05-08T13:52:56.584+0000] {processor.py:840} INFO - DAG(s) 'latest_only_with_trigger' retrieved from /home/airflow/.local/lib/python3.12/site-packages/airflow/example_dags/example_latest_only_with_trigger.py
[2024-05-08T13:52:56.612+0000] {logging_mixin.py:188} INFO - [2024-05-08T13:52:56.612+0000] {dag.py:3096} INFO - Sync 1 DAGs
[2024-05-08T13:52:56.639+0000] {logging_mixin.py:188} INFO - [2024-05-08T13:52:56.639+0000] {dag.py:3954} INFO - Setting next_dagrun for latest_only_with_trigger to 2024-05-08 08:00:00+00:00, run_after=2024-05-08 12:00:00+00:00
[2024-05-08T13:52:56.666+0000] {processor.py:183} INFO - Processing /home/airflow/.local/lib/python3.12/site-packages/airflow/example_dags/example_latest_only_with_trigger.py took 0.099 seconds
[2024-05-08T13:53:27.223+0000] {processor.py:161} INFO - Started process (PID=720) to work on /home/airflow/.local/lib/python3.12/site-packages/airflow/example_dags/example_latest_only_with_trigger.py
[2024-05-08T13:53:27.224+0000] {processor.py:830} INFO - Processing file /home/airflow/.local/lib/python3.12/site-packages/airflow/example_dags/example_latest_only_with_trigger.py for tasks to queue
[2024-05-08T13:53:27.227+0000] {logging_mixin.py:188} INFO - [2024-05-08T13:53:27.226+0000] {dagbag.py:545} INFO - Filling up the DagBag from /home/airflow/.local/lib/python3.12/site-packages/airflow/example_dags/example_latest_only_with_trigger.py
[2024-05-08T13:53:27.233+0000] {processor.py:840} INFO - DAG(s) 'latest_only_with_trigger' retrieved from /home/airflow/.local/lib/python3.12/site-packages/airflow/example_dags/example_latest_only_with_trigger.py
[2024-05-08T13:53:27.264+0000] {logging_mixin.py:188} INFO - [2024-05-08T13:53:27.263+0000] {dag.py:3096} INFO - Sync 1 DAGs
[2024-05-08T13:53:27.297+0000] {logging_mixin.py:188} INFO - [2024-05-08T13:53:27.297+0000] {dag.py:3954} INFO - Setting next_dagrun for latest_only_with_trigger to 2024-05-08 08:00:00+00:00, run_after=2024-05-08 12:00:00+00:00
[2024-05-08T13:53:27.326+0000] {processor.py:183} INFO - Processing /home/airflow/.local/lib/python3.12/site-packages/airflow/example_dags/example_latest_only_with_trigger.py took 0.110 seconds
[2024-05-08T13:53:58.598+0000] {processor.py:161} INFO - Started process (PID=780) to work on /home/airflow/.local/lib/python3.12/site-packages/airflow/example_dags/example_latest_only_with_trigger.py
[2024-05-08T13:53:58.600+0000] {processor.py:830} INFO - Processing file /home/airflow/.local/lib/python3.12/site-packages/airflow/example_dags/example_latest_only_with_trigger.py for tasks to queue
[2024-05-08T13:53:58.603+0000] {logging_mixin.py:188} INFO - [2024-05-08T13:53:58.602+0000] {dagbag.py:545} INFO - Filling up the DagBag from /home/airflow/.local/lib/python3.12/site-packages/airflow/example_dags/example_latest_only_with_trigger.py
[2024-05-08T13:53:58.612+0000] {processor.py:840} INFO - DAG(s) 'latest_only_with_trigger' retrieved from /home/airflow/.local/lib/python3.12/site-packages/airflow/example_dags/example_latest_only_with_trigger.py
[2024-05-08T13:53:58.643+0000] {logging_mixin.py:188} INFO - [2024-05-08T13:53:58.642+0000] {dag.py:3096} INFO - Sync 1 DAGs
[2024-05-08T13:53:58.676+0000] {logging_mixin.py:188} INFO - [2024-05-08T13:53:58.676+0000] {dag.py:3954} INFO - Setting next_dagrun for latest_only_with_trigger to 2024-05-08 08:00:00+00:00, run_after=2024-05-08 12:00:00+00:00
[2024-05-08T13:53:58.704+0000] {processor.py:183} INFO - Processing /home/airflow/.local/lib/python3.12/site-packages/airflow/example_dags/example_latest_only_with_trigger.py took 0.116 seconds
[2024-05-08T13:54:29.357+0000] {processor.py:161} INFO - Started process (PID=840) to work on /home/airflow/.local/lib/python3.12/site-packages/airflow/example_dags/example_latest_only_with_trigger.py
[2024-05-08T13:54:29.362+0000] {processor.py:830} INFO - Processing file /home/airflow/.local/lib/python3.12/site-packages/airflow/example_dags/example_latest_only_with_trigger.py for tasks to queue
[2024-05-08T13:54:29.365+0000] {logging_mixin.py:188} INFO - [2024-05-08T13:54:29.364+0000] {dagbag.py:545} INFO - Filling up the DagBag from /home/airflow/.local/lib/python3.12/site-packages/airflow/example_dags/example_latest_only_with_trigger.py
[2024-05-08T13:54:29.373+0000] {processor.py:840} INFO - DAG(s) 'latest_only_with_trigger' retrieved from /home/airflow/.local/lib/python3.12/site-packages/airflow/example_dags/example_latest_only_with_trigger.py
[2024-05-08T13:54:29.399+0000] {logging_mixin.py:188} INFO - [2024-05-08T13:54:29.399+0000] {dag.py:3096} INFO - Sync 1 DAGs
[2024-05-08T13:54:29.429+0000] {logging_mixin.py:188} INFO - [2024-05-08T13:54:29.429+0000] {dag.py:3954} INFO - Setting next_dagrun for latest_only_with_trigger to 2024-05-08 08:00:00+00:00, run_after=2024-05-08 12:00:00+00:00
[2024-05-08T13:54:29.454+0000] {processor.py:183} INFO - Processing /home/airflow/.local/lib/python3.12/site-packages/airflow/example_dags/example_latest_only_with_trigger.py took 0.105 seconds
[2024-05-08T13:55:00.752+0000] {processor.py:161} INFO - Started process (PID=900) to work on /home/airflow/.local/lib/python3.12/site-packages/airflow/example_dags/example_latest_only_with_trigger.py
[2024-05-08T13:55:00.754+0000] {processor.py:830} INFO - Processing file /home/airflow/.local/lib/python3.12/site-packages/airflow/example_dags/example_latest_only_with_trigger.py for tasks to queue
[2024-05-08T13:55:00.757+0000] {logging_mixin.py:188} INFO - [2024-05-08T13:55:00.757+0000] {dagbag.py:545} INFO - Filling up the DagBag from /home/airflow/.local/lib/python3.12/site-packages/airflow/example_dags/example_latest_only_with_trigger.py
[2024-05-08T13:55:00.764+0000] {processor.py:840} INFO - DAG(s) 'latest_only_with_trigger' retrieved from /home/airflow/.local/lib/python3.12/site-packages/airflow/example_dags/example_latest_only_with_trigger.py
[2024-05-08T13:55:00.790+0000] {logging_mixin.py:188} INFO - [2024-05-08T13:55:00.789+0000] {dag.py:3096} INFO - Sync 1 DAGs
[2024-05-08T13:55:00.817+0000] {logging_mixin.py:188} INFO - [2024-05-08T13:55:00.817+0000] {dag.py:3954} INFO - Setting next_dagrun for latest_only_with_trigger to 2024-05-08 08:00:00+00:00, run_after=2024-05-08 12:00:00+00:00
[2024-05-08T13:55:00.843+0000] {processor.py:183} INFO - Processing /home/airflow/.local/lib/python3.12/site-packages/airflow/example_dags/example_latest_only_with_trigger.py took 0.098 seconds
[2024-05-08T13:55:32.262+0000] {processor.py:161} INFO - Started process (PID=960) to work on /home/airflow/.local/lib/python3.12/site-packages/airflow/example_dags/example_latest_only_with_trigger.py
[2024-05-08T13:55:32.266+0000] {processor.py:830} INFO - Processing file /home/airflow/.local/lib/python3.12/site-packages/airflow/example_dags/example_latest_only_with_trigger.py for tasks to queue
[2024-05-08T13:55:32.272+0000] {logging_mixin.py:188} INFO - [2024-05-08T13:55:32.271+0000] {dagbag.py:545} INFO - Filling up the DagBag from /home/airflow/.local/lib/python3.12/site-packages/airflow/example_dags/example_latest_only_with_trigger.py
[2024-05-08T13:55:32.279+0000] {processor.py:840} INFO - DAG(s) 'latest_only_with_trigger' retrieved from /home/airflow/.local/lib/python3.12/site-packages/airflow/example_dags/example_latest_only_with_trigger.py
[2024-05-08T13:55:32.312+0000] {logging_mixin.py:188} INFO - [2024-05-08T13:55:32.312+0000] {dag.py:3096} INFO - Sync 1 DAGs
[2024-05-08T13:55:32.369+0000] {logging_mixin.py:188} INFO - [2024-05-08T13:55:32.369+0000] {dag.py:3954} INFO - Setting next_dagrun for latest_only_with_trigger to 2024-05-08 08:00:00+00:00, run_after=2024-05-08 12:00:00+00:00
[2024-05-08T13:55:32.408+0000] {processor.py:183} INFO - Processing /home/airflow/.local/lib/python3.12/site-packages/airflow/example_dags/example_latest_only_with_trigger.py took 0.166 seconds
[2024-05-08T13:56:02.699+0000] {processor.py:161} INFO - Started process (PID=1020) to work on /home/airflow/.local/lib/python3.12/site-packages/airflow/example_dags/example_latest_only_with_trigger.py
[2024-05-08T13:56:02.700+0000] {processor.py:830} INFO - Processing file /home/airflow/.local/lib/python3.12/site-packages/airflow/example_dags/example_latest_only_with_trigger.py for tasks to queue
[2024-05-08T13:56:02.704+0000] {logging_mixin.py:188} INFO - [2024-05-08T13:56:02.703+0000] {dagbag.py:545} INFO - Filling up the DagBag from /home/airflow/.local/lib/python3.12/site-packages/airflow/example_dags/example_latest_only_with_trigger.py
[2024-05-08T13:56:02.712+0000] {processor.py:840} INFO - DAG(s) 'latest_only_with_trigger' retrieved from /home/airflow/.local/lib/python3.12/site-packages/airflow/example_dags/example_latest_only_with_trigger.py
[2024-05-08T13:56:02.738+0000] {logging_mixin.py:188} INFO - [2024-05-08T13:56:02.737+0000] {dag.py:3096} INFO - Sync 1 DAGs
[2024-05-08T13:56:02.767+0000] {logging_mixin.py:188} INFO - [2024-05-08T13:56:02.767+0000] {dag.py:3954} INFO - Setting next_dagrun for latest_only_with_trigger to 2024-05-08 08:00:00+00:00, run_after=2024-05-08 12:00:00+00:00
[2024-05-08T13:56:02.791+0000] {processor.py:183} INFO - Processing /home/airflow/.local/lib/python3.12/site-packages/airflow/example_dags/example_latest_only_with_trigger.py took 0.099 seconds
[2024-05-08T13:56:33.382+0000] {processor.py:161} INFO - Started process (PID=1081) to work on /home/airflow/.local/lib/python3.12/site-packages/airflow/example_dags/example_latest_only_with_trigger.py
[2024-05-08T13:56:33.383+0000] {processor.py:830} INFO - Processing file /home/airflow/.local/lib/python3.12/site-packages/airflow/example_dags/example_latest_only_with_trigger.py for tasks to queue
[2024-05-08T13:56:33.386+0000] {logging_mixin.py:188} INFO - [2024-05-08T13:56:33.385+0000] {dagbag.py:545} INFO - Filling up the DagBag from /home/airflow/.local/lib/python3.12/site-packages/airflow/example_dags/example_latest_only_with_trigger.py
[2024-05-08T13:56:33.392+0000] {processor.py:840} INFO - DAG(s) 'latest_only_with_trigger' retrieved from /home/airflow/.local/lib/python3.12/site-packages/airflow/example_dags/example_latest_only_with_trigger.py
[2024-05-08T13:56:33.425+0000] {logging_mixin.py:188} INFO - [2024-05-08T13:56:33.425+0000] {dag.py:3096} INFO - Sync 1 DAGs
[2024-05-08T13:56:33.455+0000] {logging_mixin.py:188} INFO - [2024-05-08T13:56:33.455+0000] {dag.py:3954} INFO - Setting next_dagrun for latest_only_with_trigger to 2024-05-08 08:00:00+00:00, run_after=2024-05-08 12:00:00+00:00
[2024-05-08T13:56:33.486+0000] {processor.py:183} INFO - Processing /home/airflow/.local/lib/python3.12/site-packages/airflow/example_dags/example_latest_only_with_trigger.py took 0.112 seconds
[2024-05-08T13:57:03.840+0000] {processor.py:161} INFO - Started process (PID=1141) to work on /home/airflow/.local/lib/python3.12/site-packages/airflow/example_dags/example_latest_only_with_trigger.py
[2024-05-08T13:57:03.841+0000] {processor.py:830} INFO - Processing file /home/airflow/.local/lib/python3.12/site-packages/airflow/example_dags/example_latest_only_with_trigger.py for tasks to queue
[2024-05-08T13:57:03.844+0000] {logging_mixin.py:188} INFO - [2024-05-08T13:57:03.844+0000] {dagbag.py:545} INFO - Filling up the DagBag from /home/airflow/.local/lib/python3.12/site-packages/airflow/example_dags/example_latest_only_with_trigger.py
[2024-05-08T13:57:03.851+0000] {processor.py:840} INFO - DAG(s) 'latest_only_with_trigger' retrieved from /home/airflow/.local/lib/python3.12/site-packages/airflow/example_dags/example_latest_only_with_trigger.py
[2024-05-08T13:57:03.883+0000] {logging_mixin.py:188} INFO - [2024-05-08T13:57:03.882+0000] {dag.py:3096} INFO - Sync 1 DAGs
[2024-05-08T13:57:03.921+0000] {logging_mixin.py:188} INFO - [2024-05-08T13:57:03.921+0000] {dag.py:3954} INFO - Setting next_dagrun for latest_only_with_trigger to 2024-05-08 08:00:00+00:00, run_after=2024-05-08 12:00:00+00:00
[2024-05-08T13:57:03.943+0000] {processor.py:183} INFO - Processing /home/airflow/.local/lib/python3.12/site-packages/airflow/example_dags/example_latest_only_with_trigger.py took 0.110 seconds
[2024-05-08T13:57:35.119+0000] {processor.py:161} INFO - Started process (PID=1201) to work on /home/airflow/.local/lib/python3.12/site-packages/airflow/example_dags/example_latest_only_with_trigger.py
[2024-05-08T13:57:35.121+0000] {processor.py:830} INFO - Processing file /home/airflow/.local/lib/python3.12/site-packages/airflow/example_dags/example_latest_only_with_trigger.py for tasks to queue
[2024-05-08T13:57:35.124+0000] {logging_mixin.py:188} INFO - [2024-05-08T13:57:35.124+0000] {dagbag.py:545} INFO - Filling up the DagBag from /home/airflow/.local/lib/python3.12/site-packages/airflow/example_dags/example_latest_only_with_trigger.py
[2024-05-08T13:57:35.130+0000] {processor.py:840} INFO - DAG(s) 'latest_only_with_trigger' retrieved from /home/airflow/.local/lib/python3.12/site-packages/airflow/example_dags/example_latest_only_with_trigger.py
[2024-05-08T13:57:35.172+0000] {logging_mixin.py:188} INFO - [2024-05-08T13:57:35.172+0000] {dag.py:3096} INFO - Sync 1 DAGs
[2024-05-08T13:57:35.211+0000] {logging_mixin.py:188} INFO - [2024-05-08T13:57:35.211+0000] {dag.py:3954} INFO - Setting next_dagrun for latest_only_with_trigger to 2024-05-08 08:00:00+00:00, run_after=2024-05-08 12:00:00+00:00
[2024-05-08T13:57:35.246+0000] {processor.py:183} INFO - Processing /home/airflow/.local/lib/python3.12/site-packages/airflow/example_dags/example_latest_only_with_trigger.py took 0.138 seconds
[2024-05-08T13:58:06.204+0000] {processor.py:161} INFO - Started process (PID=1261) to work on /home/airflow/.local/lib/python3.12/site-packages/airflow/example_dags/example_latest_only_with_trigger.py
[2024-05-08T13:58:06.206+0000] {processor.py:830} INFO - Processing file /home/airflow/.local/lib/python3.12/site-packages/airflow/example_dags/example_latest_only_with_trigger.py for tasks to queue
[2024-05-08T13:58:06.211+0000] {logging_mixin.py:188} INFO - [2024-05-08T13:58:06.210+0000] {dagbag.py:545} INFO - Filling up the DagBag from /home/airflow/.local/lib/python3.12/site-packages/airflow/example_dags/example_latest_only_with_trigger.py
[2024-05-08T13:58:06.219+0000] {processor.py:840} INFO - DAG(s) 'latest_only_with_trigger' retrieved from /home/airflow/.local/lib/python3.12/site-packages/airflow/example_dags/example_latest_only_with_trigger.py
[2024-05-08T13:58:06.252+0000] {logging_mixin.py:188} INFO - [2024-05-08T13:58:06.252+0000] {dag.py:3096} INFO - Sync 1 DAGs
[2024-05-08T13:58:06.292+0000] {logging_mixin.py:188} INFO - [2024-05-08T13:58:06.292+0000] {dag.py:3954} INFO - Setting next_dagrun for latest_only_with_trigger to 2024-05-08 08:00:00+00:00, run_after=2024-05-08 12:00:00+00:00
[2024-05-08T13:58:06.325+0000] {processor.py:183} INFO - Processing /home/airflow/.local/lib/python3.12/site-packages/airflow/example_dags/example_latest_only_with_trigger.py took 0.129 seconds
[2024-05-08T13:58:37.598+0000] {processor.py:161} INFO - Started process (PID=1321) to work on /home/airflow/.local/lib/python3.12/site-packages/airflow/example_dags/example_latest_only_with_trigger.py
[2024-05-08T13:58:37.600+0000] {processor.py:830} INFO - Processing file /home/airflow/.local/lib/python3.12/site-packages/airflow/example_dags/example_latest_only_with_trigger.py for tasks to queue
[2024-05-08T13:58:37.603+0000] {logging_mixin.py:188} INFO - [2024-05-08T13:58:37.603+0000] {dagbag.py:545} INFO - Filling up the DagBag from /home/airflow/.local/lib/python3.12/site-packages/airflow/example_dags/example_latest_only_with_trigger.py
[2024-05-08T13:58:37.611+0000] {processor.py:840} INFO - DAG(s) 'latest_only_with_trigger' retrieved from /home/airflow/.local/lib/python3.12/site-packages/airflow/example_dags/example_latest_only_with_trigger.py
[2024-05-08T13:58:37.640+0000] {logging_mixin.py:188} INFO - [2024-05-08T13:58:37.639+0000] {dag.py:3096} INFO - Sync 1 DAGs
[2024-05-08T13:58:37.813+0000] {logging_mixin.py:188} INFO - [2024-05-08T13:58:37.813+0000] {dag.py:3954} INFO - Setting next_dagrun for latest_only_with_trigger to 2024-05-08 08:00:00+00:00, run_after=2024-05-08 12:00:00+00:00
[2024-05-08T13:58:37.837+0000] {processor.py:183} INFO - Processing /home/airflow/.local/lib/python3.12/site-packages/airflow/example_dags/example_latest_only_with_trigger.py took 0.247 seconds
[2024-05-08T13:59:08.357+0000] {processor.py:161} INFO - Started process (PID=1381) to work on /home/airflow/.local/lib/python3.12/site-packages/airflow/example_dags/example_latest_only_with_trigger.py
[2024-05-08T13:59:08.359+0000] {processor.py:830} INFO - Processing file /home/airflow/.local/lib/python3.12/site-packages/airflow/example_dags/example_latest_only_with_trigger.py for tasks to queue
[2024-05-08T13:59:08.362+0000] {logging_mixin.py:188} INFO - [2024-05-08T13:59:08.361+0000] {dagbag.py:545} INFO - Filling up the DagBag from /home/airflow/.local/lib/python3.12/site-packages/airflow/example_dags/example_latest_only_with_trigger.py
[2024-05-08T13:59:08.371+0000] {processor.py:840} INFO - DAG(s) 'latest_only_with_trigger' retrieved from /home/airflow/.local/lib/python3.12/site-packages/airflow/example_dags/example_latest_only_with_trigger.py
[2024-05-08T13:59:08.405+0000] {logging_mixin.py:188} INFO - [2024-05-08T13:59:08.405+0000] {dag.py:3096} INFO - Sync 1 DAGs
[2024-05-08T13:59:08.442+0000] {logging_mixin.py:188} INFO - [2024-05-08T13:59:08.441+0000] {dag.py:3954} INFO - Setting next_dagrun for latest_only_with_trigger to 2024-05-08 08:00:00+00:00, run_after=2024-05-08 12:00:00+00:00
[2024-05-08T13:59:08.607+0000] {processor.py:183} INFO - Processing /home/airflow/.local/lib/python3.12/site-packages/airflow/example_dags/example_latest_only_with_trigger.py took 0.259 seconds
[2024-05-08T13:59:39.475+0000] {processor.py:161} INFO - Started process (PID=1441) to work on /home/airflow/.local/lib/python3.12/site-packages/airflow/example_dags/example_latest_only_with_trigger.py
[2024-05-08T13:59:39.476+0000] {processor.py:830} INFO - Processing file /home/airflow/.local/lib/python3.12/site-packages/airflow/example_dags/example_latest_only_with_trigger.py for tasks to queue
[2024-05-08T13:59:39.479+0000] {logging_mixin.py:188} INFO - [2024-05-08T13:59:39.478+0000] {dagbag.py:545} INFO - Filling up the DagBag from /home/airflow/.local/lib/python3.12/site-packages/airflow/example_dags/example_latest_only_with_trigger.py
[2024-05-08T13:59:39.486+0000] {processor.py:840} INFO - DAG(s) 'latest_only_with_trigger' retrieved from /home/airflow/.local/lib/python3.12/site-packages/airflow/example_dags/example_latest_only_with_trigger.py
[2024-05-08T13:59:39.516+0000] {logging_mixin.py:188} INFO - [2024-05-08T13:59:39.516+0000] {dag.py:3096} INFO - Sync 1 DAGs
[2024-05-08T13:59:39.542+0000] {logging_mixin.py:188} INFO - [2024-05-08T13:59:39.542+0000] {dag.py:3954} INFO - Setting next_dagrun for latest_only_with_trigger to 2024-05-08 08:00:00+00:00, run_after=2024-05-08 12:00:00+00:00
[2024-05-08T13:59:39.570+0000] {processor.py:183} INFO - Processing /home/airflow/.local/lib/python3.12/site-packages/airflow/example_dags/example_latest_only_with_trigger.py took 0.104 seconds
[2024-05-08T14:00:10.370+0000] {processor.py:161} INFO - Started process (PID=1501) to work on /home/airflow/.local/lib/python3.12/site-packages/airflow/example_dags/example_latest_only_with_trigger.py
[2024-05-08T14:00:10.372+0000] {processor.py:830} INFO - Processing file /home/airflow/.local/lib/python3.12/site-packages/airflow/example_dags/example_latest_only_with_trigger.py for tasks to queue
[2024-05-08T14:00:10.376+0000] {logging_mixin.py:188} INFO - [2024-05-08T14:00:10.375+0000] {dagbag.py:545} INFO - Filling up the DagBag from /home/airflow/.local/lib/python3.12/site-packages/airflow/example_dags/example_latest_only_with_trigger.py
[2024-05-08T14:00:10.386+0000] {processor.py:840} INFO - DAG(s) 'latest_only_with_trigger' retrieved from /home/airflow/.local/lib/python3.12/site-packages/airflow/example_dags/example_latest_only_with_trigger.py
[2024-05-08T14:00:10.441+0000] {logging_mixin.py:188} INFO - [2024-05-08T14:00:10.440+0000] {dag.py:3096} INFO - Sync 1 DAGs
[2024-05-08T14:00:10.516+0000] {logging_mixin.py:188} INFO - [2024-05-08T14:00:10.515+0000] {dag.py:3954} INFO - Setting next_dagrun for latest_only_with_trigger to 2024-05-08 08:00:00+00:00, run_after=2024-05-08 12:00:00+00:00
[2024-05-08T14:00:10.551+0000] {processor.py:183} INFO - Processing /home/airflow/.local/lib/python3.12/site-packages/airflow/example_dags/example_latest_only_with_trigger.py took 0.192 seconds
[2024-05-08T14:00:42.218+0000] {processor.py:161} INFO - Started process (PID=1561) to work on /home/airflow/.local/lib/python3.12/site-packages/airflow/example_dags/example_latest_only_with_trigger.py
[2024-05-08T14:00:42.230+0000] {processor.py:830} INFO - Processing file /home/airflow/.local/lib/python3.12/site-packages/airflow/example_dags/example_latest_only_with_trigger.py for tasks to queue
[2024-05-08T14:00:42.233+0000] {logging_mixin.py:188} INFO - [2024-05-08T14:00:42.232+0000] {dagbag.py:545} INFO - Filling up the DagBag from /home/airflow/.local/lib/python3.12/site-packages/airflow/example_dags/example_latest_only_with_trigger.py
[2024-05-08T14:00:42.240+0000] {processor.py:840} INFO - DAG(s) 'latest_only_with_trigger' retrieved from /home/airflow/.local/lib/python3.12/site-packages/airflow/example_dags/example_latest_only_with_trigger.py
[2024-05-08T14:00:42.274+0000] {logging_mixin.py:188} INFO - [2024-05-08T14:00:42.274+0000] {dag.py:3096} INFO - Sync 1 DAGs
[2024-05-08T14:00:42.308+0000] {logging_mixin.py:188} INFO - [2024-05-08T14:00:42.307+0000] {dag.py:3954} INFO - Setting next_dagrun for latest_only_with_trigger to 2024-05-08 08:00:00+00:00, run_after=2024-05-08 12:00:00+00:00
[2024-05-08T14:00:42.339+0000] {processor.py:183} INFO - Processing /home/airflow/.local/lib/python3.12/site-packages/airflow/example_dags/example_latest_only_with_trigger.py took 0.131 seconds
[2024-05-08T14:01:13.128+0000] {processor.py:161} INFO - Started process (PID=1620) to work on /home/airflow/.local/lib/python3.12/site-packages/airflow/example_dags/example_latest_only_with_trigger.py
[2024-05-08T14:01:13.129+0000] {processor.py:830} INFO - Processing file /home/airflow/.local/lib/python3.12/site-packages/airflow/example_dags/example_latest_only_with_trigger.py for tasks to queue
[2024-05-08T14:01:13.132+0000] {logging_mixin.py:188} INFO - [2024-05-08T14:01:13.132+0000] {dagbag.py:545} INFO - Filling up the DagBag from /home/airflow/.local/lib/python3.12/site-packages/airflow/example_dags/example_latest_only_with_trigger.py
[2024-05-08T14:01:13.139+0000] {processor.py:840} INFO - DAG(s) 'latest_only_with_trigger' retrieved from /home/airflow/.local/lib/python3.12/site-packages/airflow/example_dags/example_latest_only_with_trigger.py
[2024-05-08T14:01:13.167+0000] {logging_mixin.py:188} INFO - [2024-05-08T14:01:13.167+0000] {dag.py:3096} INFO - Sync 1 DAGs
[2024-05-08T14:01:13.195+0000] {logging_mixin.py:188} INFO - [2024-05-08T14:01:13.195+0000] {dag.py:3954} INFO - Setting next_dagrun for latest_only_with_trigger to 2024-05-08 08:00:00+00:00, run_after=2024-05-08 12:00:00+00:00
[2024-05-08T14:01:13.225+0000] {processor.py:183} INFO - Processing /home/airflow/.local/lib/python3.12/site-packages/airflow/example_dags/example_latest_only_with_trigger.py took 0.104 seconds
[2024-05-08T14:01:43.469+0000] {processor.py:161} INFO - Started process (PID=1680) to work on /home/airflow/.local/lib/python3.12/site-packages/airflow/example_dags/example_latest_only_with_trigger.py
[2024-05-08T14:01:43.471+0000] {processor.py:830} INFO - Processing file /home/airflow/.local/lib/python3.12/site-packages/airflow/example_dags/example_latest_only_with_trigger.py for tasks to queue
[2024-05-08T14:01:43.475+0000] {logging_mixin.py:188} INFO - [2024-05-08T14:01:43.474+0000] {dagbag.py:545} INFO - Filling up the DagBag from /home/airflow/.local/lib/python3.12/site-packages/airflow/example_dags/example_latest_only_with_trigger.py
[2024-05-08T14:01:43.484+0000] {processor.py:840} INFO - DAG(s) 'latest_only_with_trigger' retrieved from /home/airflow/.local/lib/python3.12/site-packages/airflow/example_dags/example_latest_only_with_trigger.py
[2024-05-08T14:01:43.535+0000] {logging_mixin.py:188} INFO - [2024-05-08T14:01:43.534+0000] {dag.py:3096} INFO - Sync 1 DAGs
[2024-05-08T14:01:43.590+0000] {logging_mixin.py:188} INFO - [2024-05-08T14:01:43.589+0000] {dag.py:3954} INFO - Setting next_dagrun for latest_only_with_trigger to 2024-05-08 08:00:00+00:00, run_after=2024-05-08 12:00:00+00:00
[2024-05-08T14:01:43.679+0000] {processor.py:183} INFO - Processing /home/airflow/.local/lib/python3.12/site-packages/airflow/example_dags/example_latest_only_with_trigger.py took 0.223 seconds
[2024-05-08T14:02:14.379+0000] {processor.py:161} INFO - Started process (PID=1739) to work on /home/airflow/.local/lib/python3.12/site-packages/airflow/example_dags/example_latest_only_with_trigger.py
[2024-05-08T14:02:14.381+0000] {processor.py:830} INFO - Processing file /home/airflow/.local/lib/python3.12/site-packages/airflow/example_dags/example_latest_only_with_trigger.py for tasks to queue
[2024-05-08T14:02:14.385+0000] {logging_mixin.py:188} INFO - [2024-05-08T14:02:14.384+0000] {dagbag.py:545} INFO - Filling up the DagBag from /home/airflow/.local/lib/python3.12/site-packages/airflow/example_dags/example_latest_only_with_trigger.py
[2024-05-08T14:02:14.396+0000] {processor.py:840} INFO - DAG(s) 'latest_only_with_trigger' retrieved from /home/airflow/.local/lib/python3.12/site-packages/airflow/example_dags/example_latest_only_with_trigger.py
[2024-05-08T14:02:14.435+0000] {logging_mixin.py:188} INFO - [2024-05-08T14:02:14.435+0000] {dag.py:3096} INFO - Sync 1 DAGs
[2024-05-08T14:02:14.467+0000] {logging_mixin.py:188} INFO - [2024-05-08T14:02:14.467+0000] {dag.py:3954} INFO - Setting next_dagrun for latest_only_with_trigger to 2024-05-08 08:00:00+00:00, run_after=2024-05-08 12:00:00+00:00
[2024-05-08T14:02:14.494+0000] {processor.py:183} INFO - Processing /home/airflow/.local/lib/python3.12/site-packages/airflow/example_dags/example_latest_only_with_trigger.py took 0.127 seconds
[2024-05-08T14:02:44.794+0000] {processor.py:161} INFO - Started process (PID=1799) to work on /home/airflow/.local/lib/python3.12/site-packages/airflow/example_dags/example_latest_only_with_trigger.py
[2024-05-08T14:02:44.796+0000] {processor.py:830} INFO - Processing file /home/airflow/.local/lib/python3.12/site-packages/airflow/example_dags/example_latest_only_with_trigger.py for tasks to queue
[2024-05-08T14:02:44.798+0000] {logging_mixin.py:188} INFO - [2024-05-08T14:02:44.798+0000] {dagbag.py:545} INFO - Filling up the DagBag from /home/airflow/.local/lib/python3.12/site-packages/airflow/example_dags/example_latest_only_with_trigger.py
[2024-05-08T14:02:44.805+0000] {processor.py:840} INFO - DAG(s) 'latest_only_with_trigger' retrieved from /home/airflow/.local/lib/python3.12/site-packages/airflow/example_dags/example_latest_only_with_trigger.py
[2024-05-08T14:02:44.834+0000] {logging_mixin.py:188} INFO - [2024-05-08T14:02:44.834+0000] {dag.py:3096} INFO - Sync 1 DAGs
[2024-05-08T14:02:44.863+0000] {logging_mixin.py:188} INFO - [2024-05-08T14:02:44.863+0000] {dag.py:3954} INFO - Setting next_dagrun for latest_only_with_trigger to 2024-05-08 08:00:00+00:00, run_after=2024-05-08 12:00:00+00:00
[2024-05-08T14:02:44.889+0000] {processor.py:183} INFO - Processing /home/airflow/.local/lib/python3.12/site-packages/airflow/example_dags/example_latest_only_with_trigger.py took 0.102 seconds
[2024-05-08T14:03:17.800+0000] {processor.py:161} INFO - Started process (PID=1859) to work on /home/airflow/.local/lib/python3.12/site-packages/airflow/example_dags/example_latest_only_with_trigger.py
[2024-05-08T14:03:17.802+0000] {processor.py:830} INFO - Processing file /home/airflow/.local/lib/python3.12/site-packages/airflow/example_dags/example_latest_only_with_trigger.py for tasks to queue
[2024-05-08T14:03:17.805+0000] {logging_mixin.py:188} INFO - [2024-05-08T14:03:17.804+0000] {dagbag.py:545} INFO - Filling up the DagBag from /home/airflow/.local/lib/python3.12/site-packages/airflow/example_dags/example_latest_only_with_trigger.py
[2024-05-08T14:03:17.815+0000] {processor.py:840} INFO - DAG(s) 'latest_only_with_trigger' retrieved from /home/airflow/.local/lib/python3.12/site-packages/airflow/example_dags/example_latest_only_with_trigger.py
[2024-05-08T14:03:17.861+0000] {logging_mixin.py:188} INFO - [2024-05-08T14:03:17.861+0000] {dag.py:3096} INFO - Sync 1 DAGs
[2024-05-08T14:03:17.895+0000] {logging_mixin.py:188} INFO - [2024-05-08T14:03:17.894+0000] {dag.py:3954} INFO - Setting next_dagrun for latest_only_with_trigger to 2024-05-08 08:00:00+00:00, run_after=2024-05-08 12:00:00+00:00
[2024-05-08T14:03:17.927+0000] {processor.py:183} INFO - Processing /home/airflow/.local/lib/python3.12/site-packages/airflow/example_dags/example_latest_only_with_trigger.py took 0.135 seconds
[2024-05-08T14:03:48.387+0000] {processor.py:161} INFO - Started process (PID=1918) to work on /home/airflow/.local/lib/python3.12/site-packages/airflow/example_dags/example_latest_only_with_trigger.py
[2024-05-08T14:03:48.388+0000] {processor.py:830} INFO - Processing file /home/airflow/.local/lib/python3.12/site-packages/airflow/example_dags/example_latest_only_with_trigger.py for tasks to queue
[2024-05-08T14:03:48.391+0000] {logging_mixin.py:188} INFO - [2024-05-08T14:03:48.391+0000] {dagbag.py:545} INFO - Filling up the DagBag from /home/airflow/.local/lib/python3.12/site-packages/airflow/example_dags/example_latest_only_with_trigger.py
[2024-05-08T14:03:48.397+0000] {processor.py:840} INFO - DAG(s) 'latest_only_with_trigger' retrieved from /home/airflow/.local/lib/python3.12/site-packages/airflow/example_dags/example_latest_only_with_trigger.py
[2024-05-08T14:03:48.422+0000] {logging_mixin.py:188} INFO - [2024-05-08T14:03:48.422+0000] {dag.py:3096} INFO - Sync 1 DAGs
[2024-05-08T14:03:48.449+0000] {logging_mixin.py:188} INFO - [2024-05-08T14:03:48.449+0000] {dag.py:3954} INFO - Setting next_dagrun for latest_only_with_trigger to 2024-05-08 08:00:00+00:00, run_after=2024-05-08 12:00:00+00:00
[2024-05-08T14:03:48.474+0000] {processor.py:183} INFO - Processing /home/airflow/.local/lib/python3.12/site-packages/airflow/example_dags/example_latest_only_with_trigger.py took 0.094 seconds
[2024-05-08T14:04:19.374+0000] {processor.py:161} INFO - Started process (PID=1978) to work on /home/airflow/.local/lib/python3.12/site-packages/airflow/example_dags/example_latest_only_with_trigger.py
[2024-05-08T14:04:19.376+0000] {processor.py:830} INFO - Processing file /home/airflow/.local/lib/python3.12/site-packages/airflow/example_dags/example_latest_only_with_trigger.py for tasks to queue
[2024-05-08T14:04:19.378+0000] {logging_mixin.py:188} INFO - [2024-05-08T14:04:19.378+0000] {dagbag.py:545} INFO - Filling up the DagBag from /home/airflow/.local/lib/python3.12/site-packages/airflow/example_dags/example_latest_only_with_trigger.py
[2024-05-08T14:04:19.385+0000] {processor.py:840} INFO - DAG(s) 'latest_only_with_trigger' retrieved from /home/airflow/.local/lib/python3.12/site-packages/airflow/example_dags/example_latest_only_with_trigger.py
[2024-05-08T14:04:19.409+0000] {logging_mixin.py:188} INFO - [2024-05-08T14:04:19.409+0000] {dag.py:3096} INFO - Sync 1 DAGs
[2024-05-08T14:04:19.435+0000] {logging_mixin.py:188} INFO - [2024-05-08T14:04:19.435+0000] {dag.py:3954} INFO - Setting next_dagrun for latest_only_with_trigger to 2024-05-08 08:00:00+00:00, run_after=2024-05-08 12:00:00+00:00
[2024-05-08T14:04:19.460+0000] {processor.py:183} INFO - Processing /home/airflow/.local/lib/python3.12/site-packages/airflow/example_dags/example_latest_only_with_trigger.py took 0.093 seconds
[2024-05-08T14:04:50.372+0000] {processor.py:161} INFO - Started process (PID=2038) to work on /home/airflow/.local/lib/python3.12/site-packages/airflow/example_dags/example_latest_only_with_trigger.py
[2024-05-08T14:04:50.373+0000] {processor.py:830} INFO - Processing file /home/airflow/.local/lib/python3.12/site-packages/airflow/example_dags/example_latest_only_with_trigger.py for tasks to queue
[2024-05-08T14:04:50.376+0000] {logging_mixin.py:188} INFO - [2024-05-08T14:04:50.375+0000] {dagbag.py:545} INFO - Filling up the DagBag from /home/airflow/.local/lib/python3.12/site-packages/airflow/example_dags/example_latest_only_with_trigger.py
[2024-05-08T14:04:50.382+0000] {processor.py:840} INFO - DAG(s) 'latest_only_with_trigger' retrieved from /home/airflow/.local/lib/python3.12/site-packages/airflow/example_dags/example_latest_only_with_trigger.py
[2024-05-08T14:04:50.407+0000] {logging_mixin.py:188} INFO - [2024-05-08T14:04:50.407+0000] {dag.py:3096} INFO - Sync 1 DAGs
[2024-05-08T14:04:50.432+0000] {logging_mixin.py:188} INFO - [2024-05-08T14:04:50.432+0000] {dag.py:3954} INFO - Setting next_dagrun for latest_only_with_trigger to 2024-05-08 08:00:00+00:00, run_after=2024-05-08 12:00:00+00:00
[2024-05-08T14:04:50.457+0000] {processor.py:183} INFO - Processing /home/airflow/.local/lib/python3.12/site-packages/airflow/example_dags/example_latest_only_with_trigger.py took 0.092 seconds
[2024-05-08T14:05:21.339+0000] {processor.py:161} INFO - Started process (PID=2098) to work on /home/airflow/.local/lib/python3.12/site-packages/airflow/example_dags/example_latest_only_with_trigger.py
[2024-05-08T14:05:21.341+0000] {processor.py:830} INFO - Processing file /home/airflow/.local/lib/python3.12/site-packages/airflow/example_dags/example_latest_only_with_trigger.py for tasks to queue
[2024-05-08T14:05:21.344+0000] {logging_mixin.py:188} INFO - [2024-05-08T14:05:21.343+0000] {dagbag.py:545} INFO - Filling up the DagBag from /home/airflow/.local/lib/python3.12/site-packages/airflow/example_dags/example_latest_only_with_trigger.py
[2024-05-08T14:05:21.353+0000] {processor.py:840} INFO - DAG(s) 'latest_only_with_trigger' retrieved from /home/airflow/.local/lib/python3.12/site-packages/airflow/example_dags/example_latest_only_with_trigger.py
[2024-05-08T14:05:21.421+0000] {logging_mixin.py:188} INFO - [2024-05-08T14:05:21.421+0000] {dag.py:3096} INFO - Sync 1 DAGs
[2024-05-08T14:05:21.473+0000] {logging_mixin.py:188} INFO - [2024-05-08T14:05:21.473+0000] {dag.py:3954} INFO - Setting next_dagrun for latest_only_with_trigger to 2024-05-08 08:00:00+00:00, run_after=2024-05-08 12:00:00+00:00
[2024-05-08T14:05:21.539+0000] {processor.py:183} INFO - Processing /home/airflow/.local/lib/python3.12/site-packages/airflow/example_dags/example_latest_only_with_trigger.py took 0.207 seconds
[2024-05-08T14:05:51.807+0000] {processor.py:161} INFO - Started process (PID=2157) to work on /home/airflow/.local/lib/python3.12/site-packages/airflow/example_dags/example_latest_only_with_trigger.py
[2024-05-08T14:05:51.809+0000] {processor.py:830} INFO - Processing file /home/airflow/.local/lib/python3.12/site-packages/airflow/example_dags/example_latest_only_with_trigger.py for tasks to queue
[2024-05-08T14:05:51.814+0000] {logging_mixin.py:188} INFO - [2024-05-08T14:05:51.813+0000] {dagbag.py:545} INFO - Filling up the DagBag from /home/airflow/.local/lib/python3.12/site-packages/airflow/example_dags/example_latest_only_with_trigger.py
[2024-05-08T14:05:51.825+0000] {processor.py:840} INFO - DAG(s) 'latest_only_with_trigger' retrieved from /home/airflow/.local/lib/python3.12/site-packages/airflow/example_dags/example_latest_only_with_trigger.py
[2024-05-08T14:05:51.860+0000] {logging_mixin.py:188} INFO - [2024-05-08T14:05:51.859+0000] {dag.py:3096} INFO - Sync 1 DAGs
[2024-05-08T14:05:51.893+0000] {logging_mixin.py:188} INFO - [2024-05-08T14:05:51.893+0000] {dag.py:3954} INFO - Setting next_dagrun for latest_only_with_trigger to 2024-05-08 08:00:00+00:00, run_after=2024-05-08 12:00:00+00:00
[2024-05-08T14:05:51.919+0000] {processor.py:183} INFO - Processing /home/airflow/.local/lib/python3.12/site-packages/airflow/example_dags/example_latest_only_with_trigger.py took 0.122 seconds
[2024-05-08T14:06:21.987+0000] {processor.py:161} INFO - Started process (PID=2223) to work on /home/airflow/.local/lib/python3.12/site-packages/airflow/example_dags/example_latest_only_with_trigger.py
[2024-05-08T14:06:21.989+0000] {processor.py:830} INFO - Processing file /home/airflow/.local/lib/python3.12/site-packages/airflow/example_dags/example_latest_only_with_trigger.py for tasks to queue
[2024-05-08T14:06:21.991+0000] {logging_mixin.py:188} INFO - [2024-05-08T14:06:21.991+0000] {dagbag.py:545} INFO - Filling up the DagBag from /home/airflow/.local/lib/python3.12/site-packages/airflow/example_dags/example_latest_only_with_trigger.py
[2024-05-08T14:06:21.997+0000] {processor.py:840} INFO - DAG(s) 'latest_only_with_trigger' retrieved from /home/airflow/.local/lib/python3.12/site-packages/airflow/example_dags/example_latest_only_with_trigger.py
[2024-05-08T14:06:22.027+0000] {logging_mixin.py:188} INFO - [2024-05-08T14:06:22.027+0000] {dag.py:3096} INFO - Sync 1 DAGs
[2024-05-08T14:06:22.054+0000] {logging_mixin.py:188} INFO - [2024-05-08T14:06:22.054+0000] {dag.py:3954} INFO - Setting next_dagrun for latest_only_with_trigger to 2024-05-08 08:00:00+00:00, run_after=2024-05-08 12:00:00+00:00
[2024-05-08T14:06:22.082+0000] {processor.py:183} INFO - Processing /home/airflow/.local/lib/python3.12/site-packages/airflow/example_dags/example_latest_only_with_trigger.py took 0.101 seconds
[2024-05-08T14:06:52.389+0000] {processor.py:161} INFO - Started process (PID=2283) to work on /home/airflow/.local/lib/python3.12/site-packages/airflow/example_dags/example_latest_only_with_trigger.py
[2024-05-08T14:06:52.391+0000] {processor.py:830} INFO - Processing file /home/airflow/.local/lib/python3.12/site-packages/airflow/example_dags/example_latest_only_with_trigger.py for tasks to queue
[2024-05-08T14:06:52.394+0000] {logging_mixin.py:188} INFO - [2024-05-08T14:06:52.394+0000] {dagbag.py:545} INFO - Filling up the DagBag from /home/airflow/.local/lib/python3.12/site-packages/airflow/example_dags/example_latest_only_with_trigger.py
[2024-05-08T14:06:52.400+0000] {processor.py:840} INFO - DAG(s) 'latest_only_with_trigger' retrieved from /home/airflow/.local/lib/python3.12/site-packages/airflow/example_dags/example_latest_only_with_trigger.py
[2024-05-08T14:06:52.432+0000] {logging_mixin.py:188} INFO - [2024-05-08T14:06:52.431+0000] {dag.py:3096} INFO - Sync 1 DAGs
[2024-05-08T14:06:52.460+0000] {logging_mixin.py:188} INFO - [2024-05-08T14:06:52.460+0000] {dag.py:3954} INFO - Setting next_dagrun for latest_only_with_trigger to 2024-05-08 08:00:00+00:00, run_after=2024-05-08 12:00:00+00:00
[2024-05-08T14:06:52.492+0000] {processor.py:183} INFO - Processing /home/airflow/.local/lib/python3.12/site-packages/airflow/example_dags/example_latest_only_with_trigger.py took 0.111 seconds
[2024-05-08T14:07:23.458+0000] {processor.py:161} INFO - Started process (PID=2343) to work on /home/airflow/.local/lib/python3.12/site-packages/airflow/example_dags/example_latest_only_with_trigger.py
[2024-05-08T14:07:23.459+0000] {processor.py:830} INFO - Processing file /home/airflow/.local/lib/python3.12/site-packages/airflow/example_dags/example_latest_only_with_trigger.py for tasks to queue
[2024-05-08T14:07:23.462+0000] {logging_mixin.py:188} INFO - [2024-05-08T14:07:23.461+0000] {dagbag.py:545} INFO - Filling up the DagBag from /home/airflow/.local/lib/python3.12/site-packages/airflow/example_dags/example_latest_only_with_trigger.py
[2024-05-08T14:07:23.472+0000] {processor.py:840} INFO - DAG(s) 'latest_only_with_trigger' retrieved from /home/airflow/.local/lib/python3.12/site-packages/airflow/example_dags/example_latest_only_with_trigger.py
[2024-05-08T14:07:23.500+0000] {logging_mixin.py:188} INFO - [2024-05-08T14:07:23.499+0000] {dag.py:3096} INFO - Sync 1 DAGs
[2024-05-08T14:07:23.531+0000] {logging_mixin.py:188} INFO - [2024-05-08T14:07:23.530+0000] {dag.py:3954} INFO - Setting next_dagrun for latest_only_with_trigger to 2024-05-08 08:00:00+00:00, run_after=2024-05-08 12:00:00+00:00
[2024-05-08T14:07:23.558+0000] {processor.py:183} INFO - Processing /home/airflow/.local/lib/python3.12/site-packages/airflow/example_dags/example_latest_only_with_trigger.py took 0.107 seconds
[2024-05-08T14:07:54.194+0000] {processor.py:161} INFO - Started process (PID=2403) to work on /home/airflow/.local/lib/python3.12/site-packages/airflow/example_dags/example_latest_only_with_trigger.py
[2024-05-08T14:07:54.196+0000] {processor.py:830} INFO - Processing file /home/airflow/.local/lib/python3.12/site-packages/airflow/example_dags/example_latest_only_with_trigger.py for tasks to queue
[2024-05-08T14:07:54.199+0000] {logging_mixin.py:188} INFO - [2024-05-08T14:07:54.199+0000] {dagbag.py:545} INFO - Filling up the DagBag from /home/airflow/.local/lib/python3.12/site-packages/airflow/example_dags/example_latest_only_with_trigger.py
[2024-05-08T14:07:54.206+0000] {processor.py:840} INFO - DAG(s) 'latest_only_with_trigger' retrieved from /home/airflow/.local/lib/python3.12/site-packages/airflow/example_dags/example_latest_only_with_trigger.py
[2024-05-08T14:07:54.241+0000] {logging_mixin.py:188} INFO - [2024-05-08T14:07:54.241+0000] {dag.py:3096} INFO - Sync 1 DAGs
[2024-05-08T14:07:54.274+0000] {logging_mixin.py:188} INFO - [2024-05-08T14:07:54.273+0000] {dag.py:3954} INFO - Setting next_dagrun for latest_only_with_trigger to 2024-05-08 08:00:00+00:00, run_after=2024-05-08 12:00:00+00:00
[2024-05-08T14:07:54.301+0000] {processor.py:183} INFO - Processing /home/airflow/.local/lib/python3.12/site-packages/airflow/example_dags/example_latest_only_with_trigger.py took 0.114 seconds
[2024-05-08T14:08:24.489+0000] {processor.py:161} INFO - Started process (PID=2463) to work on /home/airflow/.local/lib/python3.12/site-packages/airflow/example_dags/example_latest_only_with_trigger.py
[2024-05-08T14:08:24.490+0000] {processor.py:830} INFO - Processing file /home/airflow/.local/lib/python3.12/site-packages/airflow/example_dags/example_latest_only_with_trigger.py for tasks to queue
[2024-05-08T14:08:24.493+0000] {logging_mixin.py:188} INFO - [2024-05-08T14:08:24.493+0000] {dagbag.py:545} INFO - Filling up the DagBag from /home/airflow/.local/lib/python3.12/site-packages/airflow/example_dags/example_latest_only_with_trigger.py
[2024-05-08T14:08:24.499+0000] {processor.py:840} INFO - DAG(s) 'latest_only_with_trigger' retrieved from /home/airflow/.local/lib/python3.12/site-packages/airflow/example_dags/example_latest_only_with_trigger.py
[2024-05-08T14:08:24.531+0000] {logging_mixin.py:188} INFO - [2024-05-08T14:08:24.530+0000] {dag.py:3096} INFO - Sync 1 DAGs
[2024-05-08T14:08:24.558+0000] {logging_mixin.py:188} INFO - [2024-05-08T14:08:24.558+0000] {dag.py:3954} INFO - Setting next_dagrun for latest_only_with_trigger to 2024-05-08 08:00:00+00:00, run_after=2024-05-08 12:00:00+00:00
[2024-05-08T14:08:24.594+0000] {processor.py:183} INFO - Processing /home/airflow/.local/lib/python3.12/site-packages/airflow/example_dags/example_latest_only_with_trigger.py took 0.112 seconds
[2024-05-08T14:08:54.938+0000] {processor.py:161} INFO - Started process (PID=2523) to work on /home/airflow/.local/lib/python3.12/site-packages/airflow/example_dags/example_latest_only_with_trigger.py
[2024-05-08T14:08:54.939+0000] {processor.py:830} INFO - Processing file /home/airflow/.local/lib/python3.12/site-packages/airflow/example_dags/example_latest_only_with_trigger.py for tasks to queue
[2024-05-08T14:08:54.942+0000] {logging_mixin.py:188} INFO - [2024-05-08T14:08:54.941+0000] {dagbag.py:545} INFO - Filling up the DagBag from /home/airflow/.local/lib/python3.12/site-packages/airflow/example_dags/example_latest_only_with_trigger.py
[2024-05-08T14:08:54.949+0000] {processor.py:840} INFO - DAG(s) 'latest_only_with_trigger' retrieved from /home/airflow/.local/lib/python3.12/site-packages/airflow/example_dags/example_latest_only_with_trigger.py
[2024-05-08T14:08:54.986+0000] {logging_mixin.py:188} INFO - [2024-05-08T14:08:54.986+0000] {dag.py:3096} INFO - Sync 1 DAGs
[2024-05-08T14:08:55.017+0000] {logging_mixin.py:188} INFO - [2024-05-08T14:08:55.016+0000] {dag.py:3954} INFO - Setting next_dagrun for latest_only_with_trigger to 2024-05-08 08:00:00+00:00, run_after=2024-05-08 12:00:00+00:00
[2024-05-08T14:08:55.052+0000] {processor.py:183} INFO - Processing /home/airflow/.local/lib/python3.12/site-packages/airflow/example_dags/example_latest_only_with_trigger.py took 0.123 seconds
[2024-05-08T14:09:26.143+0000] {processor.py:161} INFO - Started process (PID=2583) to work on /home/airflow/.local/lib/python3.12/site-packages/airflow/example_dags/example_latest_only_with_trigger.py
[2024-05-08T14:09:26.144+0000] {processor.py:830} INFO - Processing file /home/airflow/.local/lib/python3.12/site-packages/airflow/example_dags/example_latest_only_with_trigger.py for tasks to queue
[2024-05-08T14:09:26.147+0000] {logging_mixin.py:188} INFO - [2024-05-08T14:09:26.147+0000] {dagbag.py:545} INFO - Filling up the DagBag from /home/airflow/.local/lib/python3.12/site-packages/airflow/example_dags/example_latest_only_with_trigger.py
[2024-05-08T14:09:26.154+0000] {processor.py:840} INFO - DAG(s) 'latest_only_with_trigger' retrieved from /home/airflow/.local/lib/python3.12/site-packages/airflow/example_dags/example_latest_only_with_trigger.py
[2024-05-08T14:09:26.190+0000] {logging_mixin.py:188} INFO - [2024-05-08T14:09:26.190+0000] {dag.py:3096} INFO - Sync 1 DAGs
[2024-05-08T14:09:26.227+0000] {logging_mixin.py:188} INFO - [2024-05-08T14:09:26.227+0000] {dag.py:3954} INFO - Setting next_dagrun for latest_only_with_trigger to 2024-05-08 08:00:00+00:00, run_after=2024-05-08 12:00:00+00:00
[2024-05-08T14:09:26.255+0000] {processor.py:183} INFO - Processing /home/airflow/.local/lib/python3.12/site-packages/airflow/example_dags/example_latest_only_with_trigger.py took 0.120 seconds
[2024-05-08T14:09:56.884+0000] {processor.py:161} INFO - Started process (PID=2643) to work on /home/airflow/.local/lib/python3.12/site-packages/airflow/example_dags/example_latest_only_with_trigger.py
[2024-05-08T14:09:56.886+0000] {processor.py:830} INFO - Processing file /home/airflow/.local/lib/python3.12/site-packages/airflow/example_dags/example_latest_only_with_trigger.py for tasks to queue
[2024-05-08T14:09:56.888+0000] {logging_mixin.py:188} INFO - [2024-05-08T14:09:56.888+0000] {dagbag.py:545} INFO - Filling up the DagBag from /home/airflow/.local/lib/python3.12/site-packages/airflow/example_dags/example_latest_only_with_trigger.py
[2024-05-08T14:09:56.895+0000] {processor.py:840} INFO - DAG(s) 'latest_only_with_trigger' retrieved from /home/airflow/.local/lib/python3.12/site-packages/airflow/example_dags/example_latest_only_with_trigger.py
[2024-05-08T14:09:56.922+0000] {logging_mixin.py:188} INFO - [2024-05-08T14:09:56.922+0000] {dag.py:3096} INFO - Sync 1 DAGs
[2024-05-08T14:09:56.953+0000] {logging_mixin.py:188} INFO - [2024-05-08T14:09:56.953+0000] {dag.py:3954} INFO - Setting next_dagrun for latest_only_with_trigger to 2024-05-08 08:00:00+00:00, run_after=2024-05-08 12:00:00+00:00
[2024-05-08T14:09:56.983+0000] {processor.py:183} INFO - Processing /home/airflow/.local/lib/python3.12/site-packages/airflow/example_dags/example_latest_only_with_trigger.py took 0.106 seconds
[2024-05-08T14:10:28.202+0000] {processor.py:161} INFO - Started process (PID=2703) to work on /home/airflow/.local/lib/python3.12/site-packages/airflow/example_dags/example_latest_only_with_trigger.py
[2024-05-08T14:10:28.204+0000] {processor.py:830} INFO - Processing file /home/airflow/.local/lib/python3.12/site-packages/airflow/example_dags/example_latest_only_with_trigger.py for tasks to queue
[2024-05-08T14:10:28.207+0000] {logging_mixin.py:188} INFO - [2024-05-08T14:10:28.206+0000] {dagbag.py:545} INFO - Filling up the DagBag from /home/airflow/.local/lib/python3.12/site-packages/airflow/example_dags/example_latest_only_with_trigger.py
[2024-05-08T14:10:28.216+0000] {processor.py:840} INFO - DAG(s) 'latest_only_with_trigger' retrieved from /home/airflow/.local/lib/python3.12/site-packages/airflow/example_dags/example_latest_only_with_trigger.py
[2024-05-08T14:10:28.249+0000] {logging_mixin.py:188} INFO - [2024-05-08T14:10:28.249+0000] {dag.py:3096} INFO - Sync 1 DAGs
[2024-05-08T14:10:28.286+0000] {logging_mixin.py:188} INFO - [2024-05-08T14:10:28.285+0000] {dag.py:3954} INFO - Setting next_dagrun for latest_only_with_trigger to 2024-05-08 08:00:00+00:00, run_after=2024-05-08 12:00:00+00:00
[2024-05-08T14:10:28.309+0000] {processor.py:183} INFO - Processing /home/airflow/.local/lib/python3.12/site-packages/airflow/example_dags/example_latest_only_with_trigger.py took 0.114 seconds
[2024-05-08T14:10:58.686+0000] {processor.py:161} INFO - Started process (PID=2763) to work on /home/airflow/.local/lib/python3.12/site-packages/airflow/example_dags/example_latest_only_with_trigger.py
[2024-05-08T14:10:58.688+0000] {processor.py:830} INFO - Processing file /home/airflow/.local/lib/python3.12/site-packages/airflow/example_dags/example_latest_only_with_trigger.py for tasks to queue
[2024-05-08T14:10:58.691+0000] {logging_mixin.py:188} INFO - [2024-05-08T14:10:58.690+0000] {dagbag.py:545} INFO - Filling up the DagBag from /home/airflow/.local/lib/python3.12/site-packages/airflow/example_dags/example_latest_only_with_trigger.py
[2024-05-08T14:10:58.698+0000] {processor.py:840} INFO - DAG(s) 'latest_only_with_trigger' retrieved from /home/airflow/.local/lib/python3.12/site-packages/airflow/example_dags/example_latest_only_with_trigger.py
[2024-05-08T14:10:58.739+0000] {logging_mixin.py:188} INFO - [2024-05-08T14:10:58.739+0000] {dag.py:3096} INFO - Sync 1 DAGs
[2024-05-08T14:10:58.778+0000] {logging_mixin.py:188} INFO - [2024-05-08T14:10:58.777+0000] {dag.py:3954} INFO - Setting next_dagrun for latest_only_with_trigger to 2024-05-08 08:00:00+00:00, run_after=2024-05-08 12:00:00+00:00
[2024-05-08T14:10:58.812+0000] {processor.py:183} INFO - Processing /home/airflow/.local/lib/python3.12/site-packages/airflow/example_dags/example_latest_only_with_trigger.py took 0.135 seconds
[2024-05-08T14:11:29.425+0000] {processor.py:161} INFO - Started process (PID=2823) to work on /home/airflow/.local/lib/python3.12/site-packages/airflow/example_dags/example_latest_only_with_trigger.py
[2024-05-08T14:11:29.428+0000] {processor.py:830} INFO - Processing file /home/airflow/.local/lib/python3.12/site-packages/airflow/example_dags/example_latest_only_with_trigger.py for tasks to queue
[2024-05-08T14:11:29.433+0000] {logging_mixin.py:188} INFO - [2024-05-08T14:11:29.432+0000] {dagbag.py:545} INFO - Filling up the DagBag from /home/airflow/.local/lib/python3.12/site-packages/airflow/example_dags/example_latest_only_with_trigger.py
[2024-05-08T14:11:29.571+0000] {processor.py:840} INFO - DAG(s) 'latest_only_with_trigger' retrieved from /home/airflow/.local/lib/python3.12/site-packages/airflow/example_dags/example_latest_only_with_trigger.py
[2024-05-08T14:11:29.628+0000] {logging_mixin.py:188} INFO - [2024-05-08T14:11:29.628+0000] {dag.py:3096} INFO - Sync 1 DAGs
[2024-05-08T14:11:29.683+0000] {logging_mixin.py:188} INFO - [2024-05-08T14:11:29.683+0000] {dag.py:3954} INFO - Setting next_dagrun for latest_only_with_trigger to 2024-05-08 08:00:00+00:00, run_after=2024-05-08 12:00:00+00:00
[2024-05-08T14:11:29.736+0000] {processor.py:183} INFO - Processing /home/airflow/.local/lib/python3.12/site-packages/airflow/example_dags/example_latest_only_with_trigger.py took 0.321 seconds
[2024-05-08T14:12:00.149+0000] {processor.py:161} INFO - Started process (PID=2883) to work on /home/airflow/.local/lib/python3.12/site-packages/airflow/example_dags/example_latest_only_with_trigger.py
[2024-05-08T14:12:00.151+0000] {processor.py:830} INFO - Processing file /home/airflow/.local/lib/python3.12/site-packages/airflow/example_dags/example_latest_only_with_trigger.py for tasks to queue
[2024-05-08T14:12:00.153+0000] {logging_mixin.py:188} INFO - [2024-05-08T14:12:00.153+0000] {dagbag.py:545} INFO - Filling up the DagBag from /home/airflow/.local/lib/python3.12/site-packages/airflow/example_dags/example_latest_only_with_trigger.py
[2024-05-08T14:12:00.160+0000] {processor.py:840} INFO - DAG(s) 'latest_only_with_trigger' retrieved from /home/airflow/.local/lib/python3.12/site-packages/airflow/example_dags/example_latest_only_with_trigger.py
[2024-05-08T14:12:00.191+0000] {logging_mixin.py:188} INFO - [2024-05-08T14:12:00.190+0000] {dag.py:3096} INFO - Sync 1 DAGs
[2024-05-08T14:12:00.216+0000] {logging_mixin.py:188} INFO - [2024-05-08T14:12:00.216+0000] {dag.py:3954} INFO - Setting next_dagrun for latest_only_with_trigger to 2024-05-08 08:00:00+00:00, run_after=2024-05-08 12:00:00+00:00
[2024-05-08T14:12:00.242+0000] {processor.py:183} INFO - Processing /home/airflow/.local/lib/python3.12/site-packages/airflow/example_dags/example_latest_only_with_trigger.py took 0.099 seconds
[2024-05-08T14:12:31.133+0000] {processor.py:161} INFO - Started process (PID=2943) to work on /home/airflow/.local/lib/python3.12/site-packages/airflow/example_dags/example_latest_only_with_trigger.py
[2024-05-08T14:12:31.135+0000] {processor.py:830} INFO - Processing file /home/airflow/.local/lib/python3.12/site-packages/airflow/example_dags/example_latest_only_with_trigger.py for tasks to queue
[2024-05-08T14:12:31.137+0000] {logging_mixin.py:188} INFO - [2024-05-08T14:12:31.137+0000] {dagbag.py:545} INFO - Filling up the DagBag from /home/airflow/.local/lib/python3.12/site-packages/airflow/example_dags/example_latest_only_with_trigger.py
[2024-05-08T14:12:31.144+0000] {processor.py:840} INFO - DAG(s) 'latest_only_with_trigger' retrieved from /home/airflow/.local/lib/python3.12/site-packages/airflow/example_dags/example_latest_only_with_trigger.py
[2024-05-08T14:12:31.182+0000] {logging_mixin.py:188} INFO - [2024-05-08T14:12:31.181+0000] {dag.py:3096} INFO - Sync 1 DAGs
[2024-05-08T14:12:31.211+0000] {logging_mixin.py:188} INFO - [2024-05-08T14:12:31.210+0000] {dag.py:3954} INFO - Setting next_dagrun for latest_only_with_trigger to 2024-05-08 08:00:00+00:00, run_after=2024-05-08 12:00:00+00:00
[2024-05-08T14:12:31.242+0000] {processor.py:183} INFO - Processing /home/airflow/.local/lib/python3.12/site-packages/airflow/example_dags/example_latest_only_with_trigger.py took 0.119 seconds
[2024-05-08T14:13:02.152+0000] {processor.py:161} INFO - Started process (PID=3003) to work on /home/airflow/.local/lib/python3.12/site-packages/airflow/example_dags/example_latest_only_with_trigger.py
[2024-05-08T14:13:02.153+0000] {processor.py:830} INFO - Processing file /home/airflow/.local/lib/python3.12/site-packages/airflow/example_dags/example_latest_only_with_trigger.py for tasks to queue
[2024-05-08T14:13:02.156+0000] {logging_mixin.py:188} INFO - [2024-05-08T14:13:02.155+0000] {dagbag.py:545} INFO - Filling up the DagBag from /home/airflow/.local/lib/python3.12/site-packages/airflow/example_dags/example_latest_only_with_trigger.py
[2024-05-08T14:13:02.163+0000] {processor.py:840} INFO - DAG(s) 'latest_only_with_trigger' retrieved from /home/airflow/.local/lib/python3.12/site-packages/airflow/example_dags/example_latest_only_with_trigger.py
[2024-05-08T14:13:02.194+0000] {logging_mixin.py:188} INFO - [2024-05-08T14:13:02.194+0000] {dag.py:3096} INFO - Sync 1 DAGs
[2024-05-08T14:13:02.223+0000] {logging_mixin.py:188} INFO - [2024-05-08T14:13:02.222+0000] {dag.py:3954} INFO - Setting next_dagrun for latest_only_with_trigger to 2024-05-08 08:00:00+00:00, run_after=2024-05-08 12:00:00+00:00
[2024-05-08T14:13:02.251+0000] {processor.py:183} INFO - Processing /home/airflow/.local/lib/python3.12/site-packages/airflow/example_dags/example_latest_only_with_trigger.py took 0.107 seconds
[2024-05-08T14:13:32.406+0000] {processor.py:161} INFO - Started process (PID=3063) to work on /home/airflow/.local/lib/python3.12/site-packages/airflow/example_dags/example_latest_only_with_trigger.py
[2024-05-08T14:13:32.408+0000] {processor.py:830} INFO - Processing file /home/airflow/.local/lib/python3.12/site-packages/airflow/example_dags/example_latest_only_with_trigger.py for tasks to queue
[2024-05-08T14:13:32.411+0000] {logging_mixin.py:188} INFO - [2024-05-08T14:13:32.410+0000] {dagbag.py:545} INFO - Filling up the DagBag from /home/airflow/.local/lib/python3.12/site-packages/airflow/example_dags/example_latest_only_with_trigger.py
[2024-05-08T14:13:32.417+0000] {processor.py:840} INFO - DAG(s) 'latest_only_with_trigger' retrieved from /home/airflow/.local/lib/python3.12/site-packages/airflow/example_dags/example_latest_only_with_trigger.py
[2024-05-08T14:13:32.441+0000] {logging_mixin.py:188} INFO - [2024-05-08T14:13:32.441+0000] {dag.py:3096} INFO - Sync 1 DAGs
[2024-05-08T14:13:32.470+0000] {logging_mixin.py:188} INFO - [2024-05-08T14:13:32.469+0000] {dag.py:3954} INFO - Setting next_dagrun for latest_only_with_trigger to 2024-05-08 08:00:00+00:00, run_after=2024-05-08 12:00:00+00:00
[2024-05-08T14:13:32.493+0000] {processor.py:183} INFO - Processing /home/airflow/.local/lib/python3.12/site-packages/airflow/example_dags/example_latest_only_with_trigger.py took 0.094 seconds
[2024-05-08T14:14:02.593+0000] {processor.py:161} INFO - Started process (PID=3123) to work on /home/airflow/.local/lib/python3.12/site-packages/airflow/example_dags/example_latest_only_with_trigger.py
[2024-05-08T14:14:02.596+0000] {processor.py:830} INFO - Processing file /home/airflow/.local/lib/python3.12/site-packages/airflow/example_dags/example_latest_only_with_trigger.py for tasks to queue
[2024-05-08T14:14:02.599+0000] {logging_mixin.py:188} INFO - [2024-05-08T14:14:02.598+0000] {dagbag.py:545} INFO - Filling up the DagBag from /home/airflow/.local/lib/python3.12/site-packages/airflow/example_dags/example_latest_only_with_trigger.py
[2024-05-08T14:14:02.605+0000] {processor.py:840} INFO - DAG(s) 'latest_only_with_trigger' retrieved from /home/airflow/.local/lib/python3.12/site-packages/airflow/example_dags/example_latest_only_with_trigger.py
[2024-05-08T14:14:02.630+0000] {logging_mixin.py:188} INFO - [2024-05-08T14:14:02.630+0000] {dag.py:3096} INFO - Sync 1 DAGs
[2024-05-08T14:14:02.659+0000] {logging_mixin.py:188} INFO - [2024-05-08T14:14:02.659+0000] {dag.py:3954} INFO - Setting next_dagrun for latest_only_with_trigger to 2024-05-08 08:00:00+00:00, run_after=2024-05-08 12:00:00+00:00
[2024-05-08T14:14:02.688+0000] {processor.py:183} INFO - Processing /home/airflow/.local/lib/python3.12/site-packages/airflow/example_dags/example_latest_only_with_trigger.py took 0.103 seconds
[2024-05-08T14:14:33.691+0000] {processor.py:161} INFO - Started process (PID=3183) to work on /home/airflow/.local/lib/python3.12/site-packages/airflow/example_dags/example_latest_only_with_trigger.py
[2024-05-08T14:14:33.692+0000] {processor.py:830} INFO - Processing file /home/airflow/.local/lib/python3.12/site-packages/airflow/example_dags/example_latest_only_with_trigger.py for tasks to queue
[2024-05-08T14:14:33.695+0000] {logging_mixin.py:188} INFO - [2024-05-08T14:14:33.694+0000] {dagbag.py:545} INFO - Filling up the DagBag from /home/airflow/.local/lib/python3.12/site-packages/airflow/example_dags/example_latest_only_with_trigger.py
[2024-05-08T14:14:33.701+0000] {processor.py:840} INFO - DAG(s) 'latest_only_with_trigger' retrieved from /home/airflow/.local/lib/python3.12/site-packages/airflow/example_dags/example_latest_only_with_trigger.py
[2024-05-08T14:14:33.726+0000] {logging_mixin.py:188} INFO - [2024-05-08T14:14:33.725+0000] {dag.py:3096} INFO - Sync 1 DAGs
[2024-05-08T14:14:33.751+0000] {logging_mixin.py:188} INFO - [2024-05-08T14:14:33.751+0000] {dag.py:3954} INFO - Setting next_dagrun for latest_only_with_trigger to 2024-05-08 08:00:00+00:00, run_after=2024-05-08 12:00:00+00:00
[2024-05-08T14:14:33.775+0000] {processor.py:183} INFO - Processing /home/airflow/.local/lib/python3.12/site-packages/airflow/example_dags/example_latest_only_with_trigger.py took 0.091 seconds
[2024-05-08T14:15:04.651+0000] {processor.py:161} INFO - Started process (PID=3243) to work on /home/airflow/.local/lib/python3.12/site-packages/airflow/example_dags/example_latest_only_with_trigger.py
[2024-05-08T14:15:04.653+0000] {processor.py:830} INFO - Processing file /home/airflow/.local/lib/python3.12/site-packages/airflow/example_dags/example_latest_only_with_trigger.py for tasks to queue
[2024-05-08T14:15:04.658+0000] {logging_mixin.py:188} INFO - [2024-05-08T14:15:04.657+0000] {dagbag.py:545} INFO - Filling up the DagBag from /home/airflow/.local/lib/python3.12/site-packages/airflow/example_dags/example_latest_only_with_trigger.py
[2024-05-08T14:15:04.672+0000] {processor.py:840} INFO - DAG(s) 'latest_only_with_trigger' retrieved from /home/airflow/.local/lib/python3.12/site-packages/airflow/example_dags/example_latest_only_with_trigger.py
[2024-05-08T14:15:04.712+0000] {logging_mixin.py:188} INFO - [2024-05-08T14:15:04.712+0000] {dag.py:3096} INFO - Sync 1 DAGs
[2024-05-08T14:15:04.754+0000] {logging_mixin.py:188} INFO - [2024-05-08T14:15:04.754+0000] {dag.py:3954} INFO - Setting next_dagrun for latest_only_with_trigger to 2024-05-08 08:00:00+00:00, run_after=2024-05-08 12:00:00+00:00
[2024-05-08T14:15:04.789+0000] {processor.py:183} INFO - Processing /home/airflow/.local/lib/python3.12/site-packages/airflow/example_dags/example_latest_only_with_trigger.py took 0.148 seconds
[2024-05-08T14:15:35.457+0000] {processor.py:161} INFO - Started process (PID=3303) to work on /home/airflow/.local/lib/python3.12/site-packages/airflow/example_dags/example_latest_only_with_trigger.py
[2024-05-08T14:15:35.458+0000] {processor.py:830} INFO - Processing file /home/airflow/.local/lib/python3.12/site-packages/airflow/example_dags/example_latest_only_with_trigger.py for tasks to queue
[2024-05-08T14:15:35.461+0000] {logging_mixin.py:188} INFO - [2024-05-08T14:15:35.460+0000] {dagbag.py:545} INFO - Filling up the DagBag from /home/airflow/.local/lib/python3.12/site-packages/airflow/example_dags/example_latest_only_with_trigger.py
[2024-05-08T14:15:35.467+0000] {processor.py:840} INFO - DAG(s) 'latest_only_with_trigger' retrieved from /home/airflow/.local/lib/python3.12/site-packages/airflow/example_dags/example_latest_only_with_trigger.py
[2024-05-08T14:15:35.493+0000] {logging_mixin.py:188} INFO - [2024-05-08T14:15:35.492+0000] {dag.py:3096} INFO - Sync 1 DAGs
[2024-05-08T14:15:35.523+0000] {logging_mixin.py:188} INFO - [2024-05-08T14:15:35.523+0000] {dag.py:3954} INFO - Setting next_dagrun for latest_only_with_trigger to 2024-05-08 08:00:00+00:00, run_after=2024-05-08 12:00:00+00:00
[2024-05-08T14:15:35.553+0000] {processor.py:183} INFO - Processing /home/airflow/.local/lib/python3.12/site-packages/airflow/example_dags/example_latest_only_with_trigger.py took 0.103 seconds
[2024-05-08T14:16:06.314+0000] {processor.py:161} INFO - Started process (PID=3363) to work on /home/airflow/.local/lib/python3.12/site-packages/airflow/example_dags/example_latest_only_with_trigger.py
[2024-05-08T14:16:06.316+0000] {processor.py:830} INFO - Processing file /home/airflow/.local/lib/python3.12/site-packages/airflow/example_dags/example_latest_only_with_trigger.py for tasks to queue
[2024-05-08T14:16:06.318+0000] {logging_mixin.py:188} INFO - [2024-05-08T14:16:06.318+0000] {dagbag.py:545} INFO - Filling up the DagBag from /home/airflow/.local/lib/python3.12/site-packages/airflow/example_dags/example_latest_only_with_trigger.py
[2024-05-08T14:16:06.326+0000] {processor.py:840} INFO - DAG(s) 'latest_only_with_trigger' retrieved from /home/airflow/.local/lib/python3.12/site-packages/airflow/example_dags/example_latest_only_with_trigger.py
[2024-05-08T14:16:06.356+0000] {logging_mixin.py:188} INFO - [2024-05-08T14:16:06.356+0000] {dag.py:3096} INFO - Sync 1 DAGs
[2024-05-08T14:16:06.387+0000] {logging_mixin.py:188} INFO - [2024-05-08T14:16:06.387+0000] {dag.py:3954} INFO - Setting next_dagrun for latest_only_with_trigger to 2024-05-08 08:00:00+00:00, run_after=2024-05-08 12:00:00+00:00
[2024-05-08T14:16:06.414+0000] {processor.py:183} INFO - Processing /home/airflow/.local/lib/python3.12/site-packages/airflow/example_dags/example_latest_only_with_trigger.py took 0.108 seconds
[2024-05-08T14:16:37.475+0000] {processor.py:161} INFO - Started process (PID=3423) to work on /home/airflow/.local/lib/python3.12/site-packages/airflow/example_dags/example_latest_only_with_trigger.py
[2024-05-08T14:16:37.477+0000] {processor.py:830} INFO - Processing file /home/airflow/.local/lib/python3.12/site-packages/airflow/example_dags/example_latest_only_with_trigger.py for tasks to queue
[2024-05-08T14:16:37.480+0000] {logging_mixin.py:188} INFO - [2024-05-08T14:16:37.480+0000] {dagbag.py:545} INFO - Filling up the DagBag from /home/airflow/.local/lib/python3.12/site-packages/airflow/example_dags/example_latest_only_with_trigger.py
[2024-05-08T14:16:37.490+0000] {processor.py:840} INFO - DAG(s) 'latest_only_with_trigger' retrieved from /home/airflow/.local/lib/python3.12/site-packages/airflow/example_dags/example_latest_only_with_trigger.py
[2024-05-08T14:16:37.563+0000] {logging_mixin.py:188} INFO - [2024-05-08T14:16:37.562+0000] {dag.py:3096} INFO - Sync 1 DAGs
[2024-05-08T14:16:37.646+0000] {logging_mixin.py:188} INFO - [2024-05-08T14:16:37.645+0000] {dag.py:3954} INFO - Setting next_dagrun for latest_only_with_trigger to 2024-05-08 08:00:00+00:00, run_after=2024-05-08 12:00:00+00:00
[2024-05-08T14:16:37.687+0000] {processor.py:183} INFO - Processing /home/airflow/.local/lib/python3.12/site-packages/airflow/example_dags/example_latest_only_with_trigger.py took 0.226 seconds
[2024-05-08T14:17:07.849+0000] {processor.py:161} INFO - Started process (PID=3483) to work on /home/airflow/.local/lib/python3.12/site-packages/airflow/example_dags/example_latest_only_with_trigger.py
[2024-05-08T14:17:07.851+0000] {processor.py:830} INFO - Processing file /home/airflow/.local/lib/python3.12/site-packages/airflow/example_dags/example_latest_only_with_trigger.py for tasks to queue
[2024-05-08T14:17:07.855+0000] {logging_mixin.py:188} INFO - [2024-05-08T14:17:07.855+0000] {dagbag.py:545} INFO - Filling up the DagBag from /home/airflow/.local/lib/python3.12/site-packages/airflow/example_dags/example_latest_only_with_trigger.py
[2024-05-08T14:17:07.863+0000] {processor.py:840} INFO - DAG(s) 'latest_only_with_trigger' retrieved from /home/airflow/.local/lib/python3.12/site-packages/airflow/example_dags/example_latest_only_with_trigger.py
[2024-05-08T14:17:07.901+0000] {logging_mixin.py:188} INFO - [2024-05-08T14:17:07.900+0000] {dag.py:3096} INFO - Sync 1 DAGs
[2024-05-08T14:17:07.941+0000] {logging_mixin.py:188} INFO - [2024-05-08T14:17:07.941+0000] {dag.py:3954} INFO - Setting next_dagrun for latest_only_with_trigger to 2024-05-08 08:00:00+00:00, run_after=2024-05-08 12:00:00+00:00
[2024-05-08T14:17:08.033+0000] {processor.py:183} INFO - Processing /home/airflow/.local/lib/python3.12/site-packages/airflow/example_dags/example_latest_only_with_trigger.py took 0.192 seconds
[2024-05-08T14:17:38.897+0000] {processor.py:161} INFO - Started process (PID=3542) to work on /home/airflow/.local/lib/python3.12/site-packages/airflow/example_dags/example_latest_only_with_trigger.py
[2024-05-08T14:17:38.898+0000] {processor.py:830} INFO - Processing file /home/airflow/.local/lib/python3.12/site-packages/airflow/example_dags/example_latest_only_with_trigger.py for tasks to queue
[2024-05-08T14:17:38.901+0000] {logging_mixin.py:188} INFO - [2024-05-08T14:17:38.900+0000] {dagbag.py:545} INFO - Filling up the DagBag from /home/airflow/.local/lib/python3.12/site-packages/airflow/example_dags/example_latest_only_with_trigger.py
[2024-05-08T14:17:38.907+0000] {processor.py:840} INFO - DAG(s) 'latest_only_with_trigger' retrieved from /home/airflow/.local/lib/python3.12/site-packages/airflow/example_dags/example_latest_only_with_trigger.py
[2024-05-08T14:17:38.932+0000] {logging_mixin.py:188} INFO - [2024-05-08T14:17:38.932+0000] {dag.py:3096} INFO - Sync 1 DAGs
[2024-05-08T14:17:38.958+0000] {logging_mixin.py:188} INFO - [2024-05-08T14:17:38.958+0000] {dag.py:3954} INFO - Setting next_dagrun for latest_only_with_trigger to 2024-05-08 08:00:00+00:00, run_after=2024-05-08 12:00:00+00:00
[2024-05-08T14:17:38.982+0000] {processor.py:183} INFO - Processing /home/airflow/.local/lib/python3.12/site-packages/airflow/example_dags/example_latest_only_with_trigger.py took 0.094 seconds
[2024-05-08T14:18:09.497+0000] {processor.py:161} INFO - Started process (PID=3602) to work on /home/airflow/.local/lib/python3.12/site-packages/airflow/example_dags/example_latest_only_with_trigger.py
[2024-05-08T14:18:09.501+0000] {processor.py:830} INFO - Processing file /home/airflow/.local/lib/python3.12/site-packages/airflow/example_dags/example_latest_only_with_trigger.py for tasks to queue
[2024-05-08T14:18:09.503+0000] {logging_mixin.py:188} INFO - [2024-05-08T14:18:09.503+0000] {dagbag.py:545} INFO - Filling up the DagBag from /home/airflow/.local/lib/python3.12/site-packages/airflow/example_dags/example_latest_only_with_trigger.py
[2024-05-08T14:18:09.511+0000] {processor.py:840} INFO - DAG(s) 'latest_only_with_trigger' retrieved from /home/airflow/.local/lib/python3.12/site-packages/airflow/example_dags/example_latest_only_with_trigger.py
[2024-05-08T14:18:09.541+0000] {logging_mixin.py:188} INFO - [2024-05-08T14:18:09.541+0000] {dag.py:3096} INFO - Sync 1 DAGs
[2024-05-08T14:18:09.570+0000] {logging_mixin.py:188} INFO - [2024-05-08T14:18:09.570+0000] {dag.py:3954} INFO - Setting next_dagrun for latest_only_with_trigger to 2024-05-08 08:00:00+00:00, run_after=2024-05-08 12:00:00+00:00
[2024-05-08T14:18:09.635+0000] {processor.py:183} INFO - Processing /home/airflow/.local/lib/python3.12/site-packages/airflow/example_dags/example_latest_only_with_trigger.py took 0.148 seconds
[2024-05-08T14:18:40.494+0000] {processor.py:161} INFO - Started process (PID=3662) to work on /home/airflow/.local/lib/python3.12/site-packages/airflow/example_dags/example_latest_only_with_trigger.py
[2024-05-08T14:18:40.497+0000] {processor.py:830} INFO - Processing file /home/airflow/.local/lib/python3.12/site-packages/airflow/example_dags/example_latest_only_with_trigger.py for tasks to queue
[2024-05-08T14:18:40.505+0000] {logging_mixin.py:188} INFO - [2024-05-08T14:18:40.503+0000] {dagbag.py:545} INFO - Filling up the DagBag from /home/airflow/.local/lib/python3.12/site-packages/airflow/example_dags/example_latest_only_with_trigger.py
[2024-05-08T14:18:40.514+0000] {processor.py:840} INFO - DAG(s) 'latest_only_with_trigger' retrieved from /home/airflow/.local/lib/python3.12/site-packages/airflow/example_dags/example_latest_only_with_trigger.py
[2024-05-08T14:18:40.553+0000] {logging_mixin.py:188} INFO - [2024-05-08T14:18:40.553+0000] {dag.py:3096} INFO - Sync 1 DAGs
[2024-05-08T14:18:40.583+0000] {logging_mixin.py:188} INFO - [2024-05-08T14:18:40.582+0000] {dag.py:3954} INFO - Setting next_dagrun for latest_only_with_trigger to 2024-05-08 08:00:00+00:00, run_after=2024-05-08 12:00:00+00:00
[2024-05-08T14:18:40.609+0000] {processor.py:183} INFO - Processing /home/airflow/.local/lib/python3.12/site-packages/airflow/example_dags/example_latest_only_with_trigger.py took 0.125 seconds
[2024-05-08T14:19:10.811+0000] {processor.py:161} INFO - Started process (PID=3721) to work on /home/airflow/.local/lib/python3.12/site-packages/airflow/example_dags/example_latest_only_with_trigger.py
[2024-05-08T14:19:10.813+0000] {processor.py:830} INFO - Processing file /home/airflow/.local/lib/python3.12/site-packages/airflow/example_dags/example_latest_only_with_trigger.py for tasks to queue
[2024-05-08T14:19:10.819+0000] {logging_mixin.py:188} INFO - [2024-05-08T14:19:10.818+0000] {dagbag.py:545} INFO - Filling up the DagBag from /home/airflow/.local/lib/python3.12/site-packages/airflow/example_dags/example_latest_only_with_trigger.py
[2024-05-08T14:19:10.825+0000] {processor.py:840} INFO - DAG(s) 'latest_only_with_trigger' retrieved from /home/airflow/.local/lib/python3.12/site-packages/airflow/example_dags/example_latest_only_with_trigger.py
[2024-05-08T14:19:10.850+0000] {logging_mixin.py:188} INFO - [2024-05-08T14:19:10.850+0000] {dag.py:3096} INFO - Sync 1 DAGs
[2024-05-08T14:19:10.876+0000] {logging_mixin.py:188} INFO - [2024-05-08T14:19:10.876+0000] {dag.py:3954} INFO - Setting next_dagrun for latest_only_with_trigger to 2024-05-08 08:00:00+00:00, run_after=2024-05-08 12:00:00+00:00
[2024-05-08T14:19:10.903+0000] {processor.py:183} INFO - Processing /home/airflow/.local/lib/python3.12/site-packages/airflow/example_dags/example_latest_only_with_trigger.py took 0.101 seconds
[2024-05-08T14:19:41.144+0000] {processor.py:161} INFO - Started process (PID=3781) to work on /home/airflow/.local/lib/python3.12/site-packages/airflow/example_dags/example_latest_only_with_trigger.py
[2024-05-08T14:19:41.146+0000] {processor.py:830} INFO - Processing file /home/airflow/.local/lib/python3.12/site-packages/airflow/example_dags/example_latest_only_with_trigger.py for tasks to queue
[2024-05-08T14:19:41.149+0000] {logging_mixin.py:188} INFO - [2024-05-08T14:19:41.148+0000] {dagbag.py:545} INFO - Filling up the DagBag from /home/airflow/.local/lib/python3.12/site-packages/airflow/example_dags/example_latest_only_with_trigger.py
[2024-05-08T14:19:41.156+0000] {processor.py:840} INFO - DAG(s) 'latest_only_with_trigger' retrieved from /home/airflow/.local/lib/python3.12/site-packages/airflow/example_dags/example_latest_only_with_trigger.py
[2024-05-08T14:19:41.181+0000] {logging_mixin.py:188} INFO - [2024-05-08T14:19:41.181+0000] {dag.py:3096} INFO - Sync 1 DAGs
[2024-05-08T14:19:41.207+0000] {logging_mixin.py:188} INFO - [2024-05-08T14:19:41.207+0000] {dag.py:3954} INFO - Setting next_dagrun for latest_only_with_trigger to 2024-05-08 08:00:00+00:00, run_after=2024-05-08 12:00:00+00:00
[2024-05-08T14:19:41.230+0000] {processor.py:183} INFO - Processing /home/airflow/.local/lib/python3.12/site-packages/airflow/example_dags/example_latest_only_with_trigger.py took 0.096 seconds
[2024-05-08T14:20:11.412+0000] {processor.py:161} INFO - Started process (PID=3841) to work on /home/airflow/.local/lib/python3.12/site-packages/airflow/example_dags/example_latest_only_with_trigger.py
[2024-05-08T14:20:11.414+0000] {processor.py:830} INFO - Processing file /home/airflow/.local/lib/python3.12/site-packages/airflow/example_dags/example_latest_only_with_trigger.py for tasks to queue
[2024-05-08T14:20:11.417+0000] {logging_mixin.py:188} INFO - [2024-05-08T14:20:11.416+0000] {dagbag.py:545} INFO - Filling up the DagBag from /home/airflow/.local/lib/python3.12/site-packages/airflow/example_dags/example_latest_only_with_trigger.py
[2024-05-08T14:20:11.424+0000] {processor.py:840} INFO - DAG(s) 'latest_only_with_trigger' retrieved from /home/airflow/.local/lib/python3.12/site-packages/airflow/example_dags/example_latest_only_with_trigger.py
[2024-05-08T14:20:11.455+0000] {logging_mixin.py:188} INFO - [2024-05-08T14:20:11.455+0000] {dag.py:3096} INFO - Sync 1 DAGs
[2024-05-08T14:20:11.481+0000] {logging_mixin.py:188} INFO - [2024-05-08T14:20:11.481+0000] {dag.py:3954} INFO - Setting next_dagrun for latest_only_with_trigger to 2024-05-08 08:00:00+00:00, run_after=2024-05-08 12:00:00+00:00
[2024-05-08T14:20:11.507+0000] {processor.py:183} INFO - Processing /home/airflow/.local/lib/python3.12/site-packages/airflow/example_dags/example_latest_only_with_trigger.py took 0.106 seconds
[2024-05-08T14:20:42.379+0000] {processor.py:161} INFO - Started process (PID=3900) to work on /home/airflow/.local/lib/python3.12/site-packages/airflow/example_dags/example_latest_only_with_trigger.py
[2024-05-08T14:20:42.381+0000] {processor.py:830} INFO - Processing file /home/airflow/.local/lib/python3.12/site-packages/airflow/example_dags/example_latest_only_with_trigger.py for tasks to queue
[2024-05-08T14:20:42.384+0000] {logging_mixin.py:188} INFO - [2024-05-08T14:20:42.384+0000] {dagbag.py:545} INFO - Filling up the DagBag from /home/airflow/.local/lib/python3.12/site-packages/airflow/example_dags/example_latest_only_with_trigger.py
[2024-05-08T14:20:42.391+0000] {processor.py:840} INFO - DAG(s) 'latest_only_with_trigger' retrieved from /home/airflow/.local/lib/python3.12/site-packages/airflow/example_dags/example_latest_only_with_trigger.py
[2024-05-08T14:20:42.418+0000] {logging_mixin.py:188} INFO - [2024-05-08T14:20:42.418+0000] {dag.py:3096} INFO - Sync 1 DAGs
[2024-05-08T14:20:42.447+0000] {logging_mixin.py:188} INFO - [2024-05-08T14:20:42.446+0000] {dag.py:3954} INFO - Setting next_dagrun for latest_only_with_trigger to 2024-05-08 08:00:00+00:00, run_after=2024-05-08 12:00:00+00:00
[2024-05-08T14:20:42.474+0000] {processor.py:183} INFO - Processing /home/airflow/.local/lib/python3.12/site-packages/airflow/example_dags/example_latest_only_with_trigger.py took 0.105 seconds
[2024-05-08T14:21:13.029+0000] {processor.py:161} INFO - Started process (PID=3960) to work on /home/airflow/.local/lib/python3.12/site-packages/airflow/example_dags/example_latest_only_with_trigger.py
[2024-05-08T14:21:13.030+0000] {processor.py:830} INFO - Processing file /home/airflow/.local/lib/python3.12/site-packages/airflow/example_dags/example_latest_only_with_trigger.py for tasks to queue
[2024-05-08T14:21:13.033+0000] {logging_mixin.py:188} INFO - [2024-05-08T14:21:13.033+0000] {dagbag.py:545} INFO - Filling up the DagBag from /home/airflow/.local/lib/python3.12/site-packages/airflow/example_dags/example_latest_only_with_trigger.py
[2024-05-08T14:21:13.040+0000] {processor.py:840} INFO - DAG(s) 'latest_only_with_trigger' retrieved from /home/airflow/.local/lib/python3.12/site-packages/airflow/example_dags/example_latest_only_with_trigger.py
[2024-05-08T14:21:13.068+0000] {logging_mixin.py:188} INFO - [2024-05-08T14:21:13.067+0000] {dag.py:3096} INFO - Sync 1 DAGs
[2024-05-08T14:21:13.095+0000] {logging_mixin.py:188} INFO - [2024-05-08T14:21:13.094+0000] {dag.py:3954} INFO - Setting next_dagrun for latest_only_with_trigger to 2024-05-08 08:00:00+00:00, run_after=2024-05-08 12:00:00+00:00
[2024-05-08T14:21:13.120+0000] {processor.py:183} INFO - Processing /home/airflow/.local/lib/python3.12/site-packages/airflow/example_dags/example_latest_only_with_trigger.py took 0.098 seconds
[2024-05-08T14:21:43.642+0000] {processor.py:161} INFO - Started process (PID=4020) to work on /home/airflow/.local/lib/python3.12/site-packages/airflow/example_dags/example_latest_only_with_trigger.py
[2024-05-08T14:21:43.644+0000] {processor.py:830} INFO - Processing file /home/airflow/.local/lib/python3.12/site-packages/airflow/example_dags/example_latest_only_with_trigger.py for tasks to queue
[2024-05-08T14:21:43.647+0000] {logging_mixin.py:188} INFO - [2024-05-08T14:21:43.647+0000] {dagbag.py:545} INFO - Filling up the DagBag from /home/airflow/.local/lib/python3.12/site-packages/airflow/example_dags/example_latest_only_with_trigger.py
[2024-05-08T14:21:43.657+0000] {processor.py:840} INFO - DAG(s) 'latest_only_with_trigger' retrieved from /home/airflow/.local/lib/python3.12/site-packages/airflow/example_dags/example_latest_only_with_trigger.py
[2024-05-08T14:21:43.690+0000] {logging_mixin.py:188} INFO - [2024-05-08T14:21:43.690+0000] {dag.py:3096} INFO - Sync 1 DAGs
[2024-05-08T14:21:43.728+0000] {logging_mixin.py:188} INFO - [2024-05-08T14:21:43.727+0000] {dag.py:3954} INFO - Setting next_dagrun for latest_only_with_trigger to 2024-05-08 08:00:00+00:00, run_after=2024-05-08 12:00:00+00:00
[2024-05-08T14:21:43.764+0000] {processor.py:183} INFO - Processing /home/airflow/.local/lib/python3.12/site-packages/airflow/example_dags/example_latest_only_with_trigger.py took 0.131 seconds
[2024-05-08T14:22:14.030+0000] {processor.py:161} INFO - Started process (PID=4080) to work on /home/airflow/.local/lib/python3.12/site-packages/airflow/example_dags/example_latest_only_with_trigger.py
[2024-05-08T14:22:14.032+0000] {processor.py:830} INFO - Processing file /home/airflow/.local/lib/python3.12/site-packages/airflow/example_dags/example_latest_only_with_trigger.py for tasks to queue
[2024-05-08T14:22:14.036+0000] {logging_mixin.py:188} INFO - [2024-05-08T14:22:14.036+0000] {dagbag.py:545} INFO - Filling up the DagBag from /home/airflow/.local/lib/python3.12/site-packages/airflow/example_dags/example_latest_only_with_trigger.py
[2024-05-08T14:22:14.043+0000] {processor.py:840} INFO - DAG(s) 'latest_only_with_trigger' retrieved from /home/airflow/.local/lib/python3.12/site-packages/airflow/example_dags/example_latest_only_with_trigger.py
[2024-05-08T14:22:14.072+0000] {logging_mixin.py:188} INFO - [2024-05-08T14:22:14.071+0000] {dag.py:3096} INFO - Sync 1 DAGs
[2024-05-08T14:22:14.105+0000] {logging_mixin.py:188} INFO - [2024-05-08T14:22:14.104+0000] {dag.py:3954} INFO - Setting next_dagrun for latest_only_with_trigger to 2024-05-08 08:00:00+00:00, run_after=2024-05-08 12:00:00+00:00
[2024-05-08T14:22:14.130+0000] {processor.py:183} INFO - Processing /home/airflow/.local/lib/python3.12/site-packages/airflow/example_dags/example_latest_only_with_trigger.py took 0.107 seconds
[2024-05-08T14:22:45.117+0000] {processor.py:161} INFO - Started process (PID=4140) to work on /home/airflow/.local/lib/python3.12/site-packages/airflow/example_dags/example_latest_only_with_trigger.py
[2024-05-08T14:22:45.119+0000] {processor.py:830} INFO - Processing file /home/airflow/.local/lib/python3.12/site-packages/airflow/example_dags/example_latest_only_with_trigger.py for tasks to queue
[2024-05-08T14:22:45.122+0000] {logging_mixin.py:188} INFO - [2024-05-08T14:22:45.121+0000] {dagbag.py:545} INFO - Filling up the DagBag from /home/airflow/.local/lib/python3.12/site-packages/airflow/example_dags/example_latest_only_with_trigger.py
[2024-05-08T14:22:45.129+0000] {processor.py:840} INFO - DAG(s) 'latest_only_with_trigger' retrieved from /home/airflow/.local/lib/python3.12/site-packages/airflow/example_dags/example_latest_only_with_trigger.py
[2024-05-08T14:22:45.154+0000] {logging_mixin.py:188} INFO - [2024-05-08T14:22:45.154+0000] {dag.py:3096} INFO - Sync 1 DAGs
[2024-05-08T14:22:45.180+0000] {logging_mixin.py:188} INFO - [2024-05-08T14:22:45.180+0000] {dag.py:3954} INFO - Setting next_dagrun for latest_only_with_trigger to 2024-05-08 08:00:00+00:00, run_after=2024-05-08 12:00:00+00:00
[2024-05-08T14:22:45.203+0000] {processor.py:183} INFO - Processing /home/airflow/.local/lib/python3.12/site-packages/airflow/example_dags/example_latest_only_with_trigger.py took 0.096 seconds
[2024-05-08T14:23:15.299+0000] {processor.py:161} INFO - Started process (PID=4200) to work on /home/airflow/.local/lib/python3.12/site-packages/airflow/example_dags/example_latest_only_with_trigger.py
[2024-05-08T14:23:15.301+0000] {processor.py:830} INFO - Processing file /home/airflow/.local/lib/python3.12/site-packages/airflow/example_dags/example_latest_only_with_trigger.py for tasks to queue
[2024-05-08T14:23:15.304+0000] {logging_mixin.py:188} INFO - [2024-05-08T14:23:15.303+0000] {dagbag.py:545} INFO - Filling up the DagBag from /home/airflow/.local/lib/python3.12/site-packages/airflow/example_dags/example_latest_only_with_trigger.py
[2024-05-08T14:23:15.312+0000] {processor.py:840} INFO - DAG(s) 'latest_only_with_trigger' retrieved from /home/airflow/.local/lib/python3.12/site-packages/airflow/example_dags/example_latest_only_with_trigger.py
[2024-05-08T14:23:15.342+0000] {logging_mixin.py:188} INFO - [2024-05-08T14:23:15.341+0000] {dag.py:3096} INFO - Sync 1 DAGs
[2024-05-08T14:23:15.376+0000] {logging_mixin.py:188} INFO - [2024-05-08T14:23:15.375+0000] {dag.py:3954} INFO - Setting next_dagrun for latest_only_with_trigger to 2024-05-08 08:00:00+00:00, run_after=2024-05-08 12:00:00+00:00
[2024-05-08T14:23:15.410+0000] {processor.py:183} INFO - Processing /home/airflow/.local/lib/python3.12/site-packages/airflow/example_dags/example_latest_only_with_trigger.py took 0.118 seconds
