[2024-05-08T13:47:52.596+0000] {processor.py:161} INFO - Started process (PID=75) to work on /home/airflow/.local/lib/python3.12/site-packages/airflow/example_dags/example_display_name.py
[2024-05-08T13:47:52.599+0000] {processor.py:830} INFO - Processing file /home/airflow/.local/lib/python3.12/site-packages/airflow/example_dags/example_display_name.py for tasks to queue
[2024-05-08T13:47:52.603+0000] {logging_mixin.py:188} INFO - [2024-05-08T13:47:52.603+0000] {dagbag.py:545} INFO - Filling up the DagBag from /home/airflow/.local/lib/python3.12/site-packages/airflow/example_dags/example_display_name.py
[2024-05-08T13:47:52.618+0000] {processor.py:840} INFO - DAG(s) 'example_display_name' retrieved from /home/airflow/.local/lib/python3.12/site-packages/airflow/example_dags/example_display_name.py
[2024-05-08T13:47:52.666+0000] {logging_mixin.py:188} INFO - [2024-05-08T13:47:52.666+0000] {dag.py:3096} INFO - Sync 1 DAGs
[2024-05-08T13:47:52.705+0000] {logging_mixin.py:188} INFO - [2024-05-08T13:47:52.704+0000] {dag.py:3954} INFO - Setting next_dagrun for example_display_name to None, run_after=None
[2024-05-08T13:47:52.776+0000] {processor.py:183} INFO - Processing /home/airflow/.local/lib/python3.12/site-packages/airflow/example_dags/example_display_name.py took 0.193 seconds
[2024-05-08T13:48:23.216+0000] {processor.py:161} INFO - Started process (PID=135) to work on /home/airflow/.local/lib/python3.12/site-packages/airflow/example_dags/example_display_name.py
[2024-05-08T13:48:23.218+0000] {processor.py:830} INFO - Processing file /home/airflow/.local/lib/python3.12/site-packages/airflow/example_dags/example_display_name.py for tasks to queue
[2024-05-08T13:48:23.221+0000] {logging_mixin.py:188} INFO - [2024-05-08T13:48:23.221+0000] {dagbag.py:545} INFO - Filling up the DagBag from /home/airflow/.local/lib/python3.12/site-packages/airflow/example_dags/example_display_name.py
[2024-05-08T13:48:23.230+0000] {processor.py:840} INFO - DAG(s) 'example_display_name' retrieved from /home/airflow/.local/lib/python3.12/site-packages/airflow/example_dags/example_display_name.py
[2024-05-08T13:48:23.255+0000] {logging_mixin.py:188} INFO - [2024-05-08T13:48:23.255+0000] {dag.py:3096} INFO - Sync 1 DAGs
[2024-05-08T13:48:23.272+0000] {logging_mixin.py:188} INFO - [2024-05-08T13:48:23.272+0000] {dag.py:3954} INFO - Setting next_dagrun for example_display_name to None, run_after=None
[2024-05-08T13:48:23.298+0000] {processor.py:183} INFO - Processing /home/airflow/.local/lib/python3.12/site-packages/airflow/example_dags/example_display_name.py took 0.091 seconds
[2024-05-08T13:48:53.424+0000] {processor.py:161} INFO - Started process (PID=195) to work on /home/airflow/.local/lib/python3.12/site-packages/airflow/example_dags/example_display_name.py
[2024-05-08T13:48:53.425+0000] {processor.py:830} INFO - Processing file /home/airflow/.local/lib/python3.12/site-packages/airflow/example_dags/example_display_name.py for tasks to queue
[2024-05-08T13:48:53.428+0000] {logging_mixin.py:188} INFO - [2024-05-08T13:48:53.427+0000] {dagbag.py:545} INFO - Filling up the DagBag from /home/airflow/.local/lib/python3.12/site-packages/airflow/example_dags/example_display_name.py
[2024-05-08T13:48:53.435+0000] {processor.py:840} INFO - DAG(s) 'example_display_name' retrieved from /home/airflow/.local/lib/python3.12/site-packages/airflow/example_dags/example_display_name.py
[2024-05-08T13:48:53.462+0000] {logging_mixin.py:188} INFO - [2024-05-08T13:48:53.461+0000] {dag.py:3096} INFO - Sync 1 DAGs
[2024-05-08T13:48:53.480+0000] {logging_mixin.py:188} INFO - [2024-05-08T13:48:53.480+0000] {dag.py:3954} INFO - Setting next_dagrun for example_display_name to None, run_after=None
[2024-05-08T13:48:53.505+0000] {processor.py:183} INFO - Processing /home/airflow/.local/lib/python3.12/site-packages/airflow/example_dags/example_display_name.py took 0.089 seconds
[2024-05-08T13:49:24.074+0000] {processor.py:161} INFO - Started process (PID=255) to work on /home/airflow/.local/lib/python3.12/site-packages/airflow/example_dags/example_display_name.py
[2024-05-08T13:49:24.075+0000] {processor.py:830} INFO - Processing file /home/airflow/.local/lib/python3.12/site-packages/airflow/example_dags/example_display_name.py for tasks to queue
[2024-05-08T13:49:24.078+0000] {logging_mixin.py:188} INFO - [2024-05-08T13:49:24.078+0000] {dagbag.py:545} INFO - Filling up the DagBag from /home/airflow/.local/lib/python3.12/site-packages/airflow/example_dags/example_display_name.py
[2024-05-08T13:49:24.085+0000] {processor.py:840} INFO - DAG(s) 'example_display_name' retrieved from /home/airflow/.local/lib/python3.12/site-packages/airflow/example_dags/example_display_name.py
[2024-05-08T13:49:24.108+0000] {logging_mixin.py:188} INFO - [2024-05-08T13:49:24.108+0000] {dag.py:3096} INFO - Sync 1 DAGs
[2024-05-08T13:49:24.122+0000] {logging_mixin.py:188} INFO - [2024-05-08T13:49:24.122+0000] {dag.py:3954} INFO - Setting next_dagrun for example_display_name to None, run_after=None
[2024-05-08T13:49:24.144+0000] {processor.py:183} INFO - Processing /home/airflow/.local/lib/python3.12/site-packages/airflow/example_dags/example_display_name.py took 0.077 seconds
[2024-05-08T13:49:54.636+0000] {processor.py:161} INFO - Started process (PID=315) to work on /home/airflow/.local/lib/python3.12/site-packages/airflow/example_dags/example_display_name.py
[2024-05-08T13:49:54.638+0000] {processor.py:830} INFO - Processing file /home/airflow/.local/lib/python3.12/site-packages/airflow/example_dags/example_display_name.py for tasks to queue
[2024-05-08T13:49:54.640+0000] {logging_mixin.py:188} INFO - [2024-05-08T13:49:54.640+0000] {dagbag.py:545} INFO - Filling up the DagBag from /home/airflow/.local/lib/python3.12/site-packages/airflow/example_dags/example_display_name.py
[2024-05-08T13:49:54.646+0000] {processor.py:840} INFO - DAG(s) 'example_display_name' retrieved from /home/airflow/.local/lib/python3.12/site-packages/airflow/example_dags/example_display_name.py
[2024-05-08T13:49:54.668+0000] {logging_mixin.py:188} INFO - [2024-05-08T13:49:54.668+0000] {dag.py:3096} INFO - Sync 1 DAGs
[2024-05-08T13:49:54.682+0000] {logging_mixin.py:188} INFO - [2024-05-08T13:49:54.682+0000] {dag.py:3954} INFO - Setting next_dagrun for example_display_name to None, run_after=None
[2024-05-08T13:49:54.704+0000] {processor.py:183} INFO - Processing /home/airflow/.local/lib/python3.12/site-packages/airflow/example_dags/example_display_name.py took 0.074 seconds
[2024-05-08T13:50:25.426+0000] {processor.py:161} INFO - Started process (PID=375) to work on /home/airflow/.local/lib/python3.12/site-packages/airflow/example_dags/example_display_name.py
[2024-05-08T13:50:25.428+0000] {processor.py:830} INFO - Processing file /home/airflow/.local/lib/python3.12/site-packages/airflow/example_dags/example_display_name.py for tasks to queue
[2024-05-08T13:50:25.430+0000] {logging_mixin.py:188} INFO - [2024-05-08T13:50:25.430+0000] {dagbag.py:545} INFO - Filling up the DagBag from /home/airflow/.local/lib/python3.12/site-packages/airflow/example_dags/example_display_name.py
[2024-05-08T13:50:25.437+0000] {processor.py:840} INFO - DAG(s) 'example_display_name' retrieved from /home/airflow/.local/lib/python3.12/site-packages/airflow/example_dags/example_display_name.py
[2024-05-08T13:50:25.463+0000] {logging_mixin.py:188} INFO - [2024-05-08T13:50:25.462+0000] {dag.py:3096} INFO - Sync 1 DAGs
[2024-05-08T13:50:25.480+0000] {logging_mixin.py:188} INFO - [2024-05-08T13:50:25.480+0000] {dag.py:3954} INFO - Setting next_dagrun for example_display_name to None, run_after=None
[2024-05-08T13:50:25.544+0000] {processor.py:183} INFO - Processing /home/airflow/.local/lib/python3.12/site-packages/airflow/example_dags/example_display_name.py took 0.124 seconds
[2024-05-08T13:50:56.004+0000] {processor.py:161} INFO - Started process (PID=435) to work on /home/airflow/.local/lib/python3.12/site-packages/airflow/example_dags/example_display_name.py
[2024-05-08T13:50:56.005+0000] {processor.py:830} INFO - Processing file /home/airflow/.local/lib/python3.12/site-packages/airflow/example_dags/example_display_name.py for tasks to queue
[2024-05-08T13:50:56.008+0000] {logging_mixin.py:188} INFO - [2024-05-08T13:50:56.008+0000] {dagbag.py:545} INFO - Filling up the DagBag from /home/airflow/.local/lib/python3.12/site-packages/airflow/example_dags/example_display_name.py
[2024-05-08T13:50:56.016+0000] {processor.py:840} INFO - DAG(s) 'example_display_name' retrieved from /home/airflow/.local/lib/python3.12/site-packages/airflow/example_dags/example_display_name.py
[2024-05-08T13:50:56.041+0000] {logging_mixin.py:188} INFO - [2024-05-08T13:50:56.041+0000] {dag.py:3096} INFO - Sync 1 DAGs
[2024-05-08T13:50:56.057+0000] {logging_mixin.py:188} INFO - [2024-05-08T13:50:56.056+0000] {dag.py:3954} INFO - Setting next_dagrun for example_display_name to None, run_after=None
[2024-05-08T13:50:56.082+0000] {processor.py:183} INFO - Processing /home/airflow/.local/lib/python3.12/site-packages/airflow/example_dags/example_display_name.py took 0.084 seconds
[2024-05-08T13:51:26.532+0000] {processor.py:161} INFO - Started process (PID=495) to work on /home/airflow/.local/lib/python3.12/site-packages/airflow/example_dags/example_display_name.py
[2024-05-08T13:51:26.534+0000] {processor.py:830} INFO - Processing file /home/airflow/.local/lib/python3.12/site-packages/airflow/example_dags/example_display_name.py for tasks to queue
[2024-05-08T13:51:26.537+0000] {logging_mixin.py:188} INFO - [2024-05-08T13:51:26.536+0000] {dagbag.py:545} INFO - Filling up the DagBag from /home/airflow/.local/lib/python3.12/site-packages/airflow/example_dags/example_display_name.py
[2024-05-08T13:51:26.543+0000] {processor.py:840} INFO - DAG(s) 'example_display_name' retrieved from /home/airflow/.local/lib/python3.12/site-packages/airflow/example_dags/example_display_name.py
[2024-05-08T13:51:26.565+0000] {logging_mixin.py:188} INFO - [2024-05-08T13:51:26.565+0000] {dag.py:3096} INFO - Sync 1 DAGs
[2024-05-08T13:51:26.580+0000] {logging_mixin.py:188} INFO - [2024-05-08T13:51:26.580+0000] {dag.py:3954} INFO - Setting next_dagrun for example_display_name to None, run_after=None
[2024-05-08T13:51:26.607+0000] {processor.py:183} INFO - Processing /home/airflow/.local/lib/python3.12/site-packages/airflow/example_dags/example_display_name.py took 0.081 seconds
[2024-05-08T13:51:57.284+0000] {processor.py:161} INFO - Started process (PID=555) to work on /home/airflow/.local/lib/python3.12/site-packages/airflow/example_dags/example_display_name.py
[2024-05-08T13:51:57.286+0000] {processor.py:830} INFO - Processing file /home/airflow/.local/lib/python3.12/site-packages/airflow/example_dags/example_display_name.py for tasks to queue
[2024-05-08T13:51:57.291+0000] {logging_mixin.py:188} INFO - [2024-05-08T13:51:57.290+0000] {dagbag.py:545} INFO - Filling up the DagBag from /home/airflow/.local/lib/python3.12/site-packages/airflow/example_dags/example_display_name.py
[2024-05-08T13:51:57.304+0000] {processor.py:840} INFO - DAG(s) 'example_display_name' retrieved from /home/airflow/.local/lib/python3.12/site-packages/airflow/example_dags/example_display_name.py
[2024-05-08T13:51:57.340+0000] {logging_mixin.py:188} INFO - [2024-05-08T13:51:57.340+0000] {dag.py:3096} INFO - Sync 1 DAGs
[2024-05-08T13:51:57.363+0000] {logging_mixin.py:188} INFO - [2024-05-08T13:51:57.363+0000] {dag.py:3954} INFO - Setting next_dagrun for example_display_name to None, run_after=None
[2024-05-08T13:51:57.393+0000] {processor.py:183} INFO - Processing /home/airflow/.local/lib/python3.12/site-packages/airflow/example_dags/example_display_name.py took 0.118 seconds
[2024-05-08T13:52:28.042+0000] {processor.py:161} INFO - Started process (PID=615) to work on /home/airflow/.local/lib/python3.12/site-packages/airflow/example_dags/example_display_name.py
[2024-05-08T13:52:28.043+0000] {processor.py:830} INFO - Processing file /home/airflow/.local/lib/python3.12/site-packages/airflow/example_dags/example_display_name.py for tasks to queue
[2024-05-08T13:52:28.046+0000] {logging_mixin.py:188} INFO - [2024-05-08T13:52:28.045+0000] {dagbag.py:545} INFO - Filling up the DagBag from /home/airflow/.local/lib/python3.12/site-packages/airflow/example_dags/example_display_name.py
[2024-05-08T13:52:28.053+0000] {processor.py:840} INFO - DAG(s) 'example_display_name' retrieved from /home/airflow/.local/lib/python3.12/site-packages/airflow/example_dags/example_display_name.py
[2024-05-08T13:52:28.076+0000] {logging_mixin.py:188} INFO - [2024-05-08T13:52:28.076+0000] {dag.py:3096} INFO - Sync 1 DAGs
[2024-05-08T13:52:28.091+0000] {logging_mixin.py:188} INFO - [2024-05-08T13:52:28.090+0000] {dag.py:3954} INFO - Setting next_dagrun for example_display_name to None, run_after=None
[2024-05-08T13:52:28.116+0000] {processor.py:183} INFO - Processing /home/airflow/.local/lib/python3.12/site-packages/airflow/example_dags/example_display_name.py took 0.081 seconds
[2024-05-08T13:52:58.661+0000] {processor.py:161} INFO - Started process (PID=675) to work on /home/airflow/.local/lib/python3.12/site-packages/airflow/example_dags/example_display_name.py
[2024-05-08T13:52:58.662+0000] {processor.py:830} INFO - Processing file /home/airflow/.local/lib/python3.12/site-packages/airflow/example_dags/example_display_name.py for tasks to queue
[2024-05-08T13:52:58.665+0000] {logging_mixin.py:188} INFO - [2024-05-08T13:52:58.664+0000] {dagbag.py:545} INFO - Filling up the DagBag from /home/airflow/.local/lib/python3.12/site-packages/airflow/example_dags/example_display_name.py
[2024-05-08T13:52:58.671+0000] {processor.py:840} INFO - DAG(s) 'example_display_name' retrieved from /home/airflow/.local/lib/python3.12/site-packages/airflow/example_dags/example_display_name.py
[2024-05-08T13:52:58.696+0000] {logging_mixin.py:188} INFO - [2024-05-08T13:52:58.695+0000] {dag.py:3096} INFO - Sync 1 DAGs
[2024-05-08T13:52:58.711+0000] {logging_mixin.py:188} INFO - [2024-05-08T13:52:58.711+0000] {dag.py:3954} INFO - Setting next_dagrun for example_display_name to None, run_after=None
[2024-05-08T13:52:58.741+0000] {processor.py:183} INFO - Processing /home/airflow/.local/lib/python3.12/site-packages/airflow/example_dags/example_display_name.py took 0.087 seconds
[2024-05-08T13:53:29.345+0000] {processor.py:161} INFO - Started process (PID=734) to work on /home/airflow/.local/lib/python3.12/site-packages/airflow/example_dags/example_display_name.py
[2024-05-08T13:53:29.346+0000] {processor.py:830} INFO - Processing file /home/airflow/.local/lib/python3.12/site-packages/airflow/example_dags/example_display_name.py for tasks to queue
[2024-05-08T13:53:29.349+0000] {logging_mixin.py:188} INFO - [2024-05-08T13:53:29.348+0000] {dagbag.py:545} INFO - Filling up the DagBag from /home/airflow/.local/lib/python3.12/site-packages/airflow/example_dags/example_display_name.py
[2024-05-08T13:53:29.355+0000] {processor.py:840} INFO - DAG(s) 'example_display_name' retrieved from /home/airflow/.local/lib/python3.12/site-packages/airflow/example_dags/example_display_name.py
[2024-05-08T13:53:29.379+0000] {logging_mixin.py:188} INFO - [2024-05-08T13:53:29.379+0000] {dag.py:3096} INFO - Sync 1 DAGs
[2024-05-08T13:53:29.394+0000] {logging_mixin.py:188} INFO - [2024-05-08T13:53:29.393+0000] {dag.py:3954} INFO - Setting next_dagrun for example_display_name to None, run_after=None
[2024-05-08T13:53:29.418+0000] {processor.py:183} INFO - Processing /home/airflow/.local/lib/python3.12/site-packages/airflow/example_dags/example_display_name.py took 0.080 seconds
[2024-05-08T13:54:01.236+0000] {processor.py:161} INFO - Started process (PID=794) to work on /home/airflow/.local/lib/python3.12/site-packages/airflow/example_dags/example_display_name.py
[2024-05-08T13:54:01.238+0000] {processor.py:830} INFO - Processing file /home/airflow/.local/lib/python3.12/site-packages/airflow/example_dags/example_display_name.py for tasks to queue
[2024-05-08T13:54:01.242+0000] {logging_mixin.py:188} INFO - [2024-05-08T13:54:01.241+0000] {dagbag.py:545} INFO - Filling up the DagBag from /home/airflow/.local/lib/python3.12/site-packages/airflow/example_dags/example_display_name.py
[2024-05-08T13:54:01.258+0000] {processor.py:840} INFO - DAG(s) 'example_display_name' retrieved from /home/airflow/.local/lib/python3.12/site-packages/airflow/example_dags/example_display_name.py
[2024-05-08T13:54:01.322+0000] {logging_mixin.py:188} INFO - [2024-05-08T13:54:01.322+0000] {dag.py:3096} INFO - Sync 1 DAGs
[2024-05-08T13:54:01.426+0000] {logging_mixin.py:188} INFO - [2024-05-08T13:54:01.425+0000] {dag.py:3954} INFO - Setting next_dagrun for example_display_name to None, run_after=None
[2024-05-08T13:54:01.611+0000] {processor.py:183} INFO - Processing /home/airflow/.local/lib/python3.12/site-packages/airflow/example_dags/example_display_name.py took 0.384 seconds
[2024-05-08T13:54:32.257+0000] {processor.py:161} INFO - Started process (PID=854) to work on /home/airflow/.local/lib/python3.12/site-packages/airflow/example_dags/example_display_name.py
[2024-05-08T13:54:32.259+0000] {processor.py:830} INFO - Processing file /home/airflow/.local/lib/python3.12/site-packages/airflow/example_dags/example_display_name.py for tasks to queue
[2024-05-08T13:54:32.262+0000] {logging_mixin.py:188} INFO - [2024-05-08T13:54:32.261+0000] {dagbag.py:545} INFO - Filling up the DagBag from /home/airflow/.local/lib/python3.12/site-packages/airflow/example_dags/example_display_name.py
[2024-05-08T13:54:32.269+0000] {processor.py:840} INFO - DAG(s) 'example_display_name' retrieved from /home/airflow/.local/lib/python3.12/site-packages/airflow/example_dags/example_display_name.py
[2024-05-08T13:54:32.293+0000] {logging_mixin.py:188} INFO - [2024-05-08T13:54:32.293+0000] {dag.py:3096} INFO - Sync 1 DAGs
[2024-05-08T13:54:32.310+0000] {logging_mixin.py:188} INFO - [2024-05-08T13:54:32.309+0000] {dag.py:3954} INFO - Setting next_dagrun for example_display_name to None, run_after=None
[2024-05-08T13:54:32.335+0000] {processor.py:183} INFO - Processing /home/airflow/.local/lib/python3.12/site-packages/airflow/example_dags/example_display_name.py took 0.086 seconds
[2024-05-08T13:55:02.690+0000] {processor.py:161} INFO - Started process (PID=914) to work on /home/airflow/.local/lib/python3.12/site-packages/airflow/example_dags/example_display_name.py
[2024-05-08T13:55:02.692+0000] {processor.py:830} INFO - Processing file /home/airflow/.local/lib/python3.12/site-packages/airflow/example_dags/example_display_name.py for tasks to queue
[2024-05-08T13:55:02.694+0000] {logging_mixin.py:188} INFO - [2024-05-08T13:55:02.694+0000] {dagbag.py:545} INFO - Filling up the DagBag from /home/airflow/.local/lib/python3.12/site-packages/airflow/example_dags/example_display_name.py
[2024-05-08T13:55:02.703+0000] {processor.py:840} INFO - DAG(s) 'example_display_name' retrieved from /home/airflow/.local/lib/python3.12/site-packages/airflow/example_dags/example_display_name.py
[2024-05-08T13:55:02.731+0000] {logging_mixin.py:188} INFO - [2024-05-08T13:55:02.731+0000] {dag.py:3096} INFO - Sync 1 DAGs
[2024-05-08T13:55:02.749+0000] {logging_mixin.py:188} INFO - [2024-05-08T13:55:02.749+0000] {dag.py:3954} INFO - Setting next_dagrun for example_display_name to None, run_after=None
[2024-05-08T13:55:02.779+0000] {processor.py:183} INFO - Processing /home/airflow/.local/lib/python3.12/site-packages/airflow/example_dags/example_display_name.py took 0.098 seconds
[2024-05-08T13:55:34.238+0000] {processor.py:161} INFO - Started process (PID=974) to work on /home/airflow/.local/lib/python3.12/site-packages/airflow/example_dags/example_display_name.py
[2024-05-08T13:55:34.239+0000] {processor.py:830} INFO - Processing file /home/airflow/.local/lib/python3.12/site-packages/airflow/example_dags/example_display_name.py for tasks to queue
[2024-05-08T13:55:34.242+0000] {logging_mixin.py:188} INFO - [2024-05-08T13:55:34.241+0000] {dagbag.py:545} INFO - Filling up the DagBag from /home/airflow/.local/lib/python3.12/site-packages/airflow/example_dags/example_display_name.py
[2024-05-08T13:55:34.250+0000] {processor.py:840} INFO - DAG(s) 'example_display_name' retrieved from /home/airflow/.local/lib/python3.12/site-packages/airflow/example_dags/example_display_name.py
[2024-05-08T13:55:34.292+0000] {logging_mixin.py:188} INFO - [2024-05-08T13:55:34.291+0000] {dag.py:3096} INFO - Sync 1 DAGs
[2024-05-08T13:55:34.334+0000] {logging_mixin.py:188} INFO - [2024-05-08T13:55:34.333+0000] {dag.py:3954} INFO - Setting next_dagrun for example_display_name to None, run_after=None
[2024-05-08T13:55:34.368+0000] {processor.py:183} INFO - Processing /home/airflow/.local/lib/python3.12/site-packages/airflow/example_dags/example_display_name.py took 0.138 seconds
[2024-05-08T13:56:04.830+0000] {processor.py:161} INFO - Started process (PID=1034) to work on /home/airflow/.local/lib/python3.12/site-packages/airflow/example_dags/example_display_name.py
[2024-05-08T13:56:04.832+0000] {processor.py:830} INFO - Processing file /home/airflow/.local/lib/python3.12/site-packages/airflow/example_dags/example_display_name.py for tasks to queue
[2024-05-08T13:56:04.834+0000] {logging_mixin.py:188} INFO - [2024-05-08T13:56:04.834+0000] {dagbag.py:545} INFO - Filling up the DagBag from /home/airflow/.local/lib/python3.12/site-packages/airflow/example_dags/example_display_name.py
[2024-05-08T13:56:04.841+0000] {processor.py:840} INFO - DAG(s) 'example_display_name' retrieved from /home/airflow/.local/lib/python3.12/site-packages/airflow/example_dags/example_display_name.py
[2024-05-08T13:56:04.865+0000] {logging_mixin.py:188} INFO - [2024-05-08T13:56:04.865+0000] {dag.py:3096} INFO - Sync 1 DAGs
[2024-05-08T13:56:04.881+0000] {logging_mixin.py:188} INFO - [2024-05-08T13:56:04.880+0000] {dag.py:3954} INFO - Setting next_dagrun for example_display_name to None, run_after=None
[2024-05-08T13:56:04.905+0000] {processor.py:183} INFO - Processing /home/airflow/.local/lib/python3.12/site-packages/airflow/example_dags/example_display_name.py took 0.082 seconds
[2024-05-08T13:56:35.669+0000] {processor.py:161} INFO - Started process (PID=1095) to work on /home/airflow/.local/lib/python3.12/site-packages/airflow/example_dags/example_display_name.py
[2024-05-08T13:56:35.671+0000] {processor.py:830} INFO - Processing file /home/airflow/.local/lib/python3.12/site-packages/airflow/example_dags/example_display_name.py for tasks to queue
[2024-05-08T13:56:35.674+0000] {logging_mixin.py:188} INFO - [2024-05-08T13:56:35.673+0000] {dagbag.py:545} INFO - Filling up the DagBag from /home/airflow/.local/lib/python3.12/site-packages/airflow/example_dags/example_display_name.py
[2024-05-08T13:56:35.682+0000] {processor.py:840} INFO - DAG(s) 'example_display_name' retrieved from /home/airflow/.local/lib/python3.12/site-packages/airflow/example_dags/example_display_name.py
[2024-05-08T13:56:35.714+0000] {logging_mixin.py:188} INFO - [2024-05-08T13:56:35.714+0000] {dag.py:3096} INFO - Sync 1 DAGs
[2024-05-08T13:56:35.732+0000] {logging_mixin.py:188} INFO - [2024-05-08T13:56:35.732+0000] {dag.py:3954} INFO - Setting next_dagrun for example_display_name to None, run_after=None
[2024-05-08T13:56:35.761+0000] {processor.py:183} INFO - Processing /home/airflow/.local/lib/python3.12/site-packages/airflow/example_dags/example_display_name.py took 0.105 seconds
[2024-05-08T13:57:06.773+0000] {processor.py:161} INFO - Started process (PID=1155) to work on /home/airflow/.local/lib/python3.12/site-packages/airflow/example_dags/example_display_name.py
[2024-05-08T13:57:06.775+0000] {processor.py:830} INFO - Processing file /home/airflow/.local/lib/python3.12/site-packages/airflow/example_dags/example_display_name.py for tasks to queue
[2024-05-08T13:57:06.779+0000] {logging_mixin.py:188} INFO - [2024-05-08T13:57:06.779+0000] {dagbag.py:545} INFO - Filling up the DagBag from /home/airflow/.local/lib/python3.12/site-packages/airflow/example_dags/example_display_name.py
[2024-05-08T13:57:06.789+0000] {processor.py:840} INFO - DAG(s) 'example_display_name' retrieved from /home/airflow/.local/lib/python3.12/site-packages/airflow/example_dags/example_display_name.py
[2024-05-08T13:57:06.823+0000] {logging_mixin.py:188} INFO - [2024-05-08T13:57:06.822+0000] {dag.py:3096} INFO - Sync 1 DAGs
[2024-05-08T13:57:06.844+0000] {logging_mixin.py:188} INFO - [2024-05-08T13:57:06.844+0000] {dag.py:3954} INFO - Setting next_dagrun for example_display_name to None, run_after=None
[2024-05-08T13:57:06.921+0000] {processor.py:183} INFO - Processing /home/airflow/.local/lib/python3.12/site-packages/airflow/example_dags/example_display_name.py took 0.160 seconds
[2024-05-08T13:57:37.200+0000] {processor.py:161} INFO - Started process (PID=1215) to work on /home/airflow/.local/lib/python3.12/site-packages/airflow/example_dags/example_display_name.py
[2024-05-08T13:57:37.202+0000] {processor.py:830} INFO - Processing file /home/airflow/.local/lib/python3.12/site-packages/airflow/example_dags/example_display_name.py for tasks to queue
[2024-05-08T13:57:37.205+0000] {logging_mixin.py:188} INFO - [2024-05-08T13:57:37.204+0000] {dagbag.py:545} INFO - Filling up the DagBag from /home/airflow/.local/lib/python3.12/site-packages/airflow/example_dags/example_display_name.py
[2024-05-08T13:57:37.212+0000] {processor.py:840} INFO - DAG(s) 'example_display_name' retrieved from /home/airflow/.local/lib/python3.12/site-packages/airflow/example_dags/example_display_name.py
[2024-05-08T13:57:37.241+0000] {logging_mixin.py:188} INFO - [2024-05-08T13:57:37.240+0000] {dag.py:3096} INFO - Sync 1 DAGs
[2024-05-08T13:57:37.258+0000] {logging_mixin.py:188} INFO - [2024-05-08T13:57:37.258+0000] {dag.py:3954} INFO - Setting next_dagrun for example_display_name to None, run_after=None
[2024-05-08T13:57:37.288+0000] {processor.py:183} INFO - Processing /home/airflow/.local/lib/python3.12/site-packages/airflow/example_dags/example_display_name.py took 0.096 seconds
[2024-05-08T13:58:08.228+0000] {processor.py:161} INFO - Started process (PID=1275) to work on /home/airflow/.local/lib/python3.12/site-packages/airflow/example_dags/example_display_name.py
[2024-05-08T13:58:08.229+0000] {processor.py:830} INFO - Processing file /home/airflow/.local/lib/python3.12/site-packages/airflow/example_dags/example_display_name.py for tasks to queue
[2024-05-08T13:58:08.232+0000] {logging_mixin.py:188} INFO - [2024-05-08T13:58:08.231+0000] {dagbag.py:545} INFO - Filling up the DagBag from /home/airflow/.local/lib/python3.12/site-packages/airflow/example_dags/example_display_name.py
[2024-05-08T13:58:08.238+0000] {processor.py:840} INFO - DAG(s) 'example_display_name' retrieved from /home/airflow/.local/lib/python3.12/site-packages/airflow/example_dags/example_display_name.py
[2024-05-08T13:58:08.265+0000] {logging_mixin.py:188} INFO - [2024-05-08T13:58:08.265+0000] {dag.py:3096} INFO - Sync 1 DAGs
[2024-05-08T13:58:08.287+0000] {logging_mixin.py:188} INFO - [2024-05-08T13:58:08.287+0000] {dag.py:3954} INFO - Setting next_dagrun for example_display_name to None, run_after=None
[2024-05-08T13:58:08.315+0000] {processor.py:183} INFO - Processing /home/airflow/.local/lib/python3.12/site-packages/airflow/example_dags/example_display_name.py took 0.095 seconds
[2024-05-08T13:58:39.011+0000] {processor.py:161} INFO - Started process (PID=1335) to work on /home/airflow/.local/lib/python3.12/site-packages/airflow/example_dags/example_display_name.py
[2024-05-08T13:58:39.013+0000] {processor.py:830} INFO - Processing file /home/airflow/.local/lib/python3.12/site-packages/airflow/example_dags/example_display_name.py for tasks to queue
[2024-05-08T13:58:39.017+0000] {logging_mixin.py:188} INFO - [2024-05-08T13:58:39.016+0000] {dagbag.py:545} INFO - Filling up the DagBag from /home/airflow/.local/lib/python3.12/site-packages/airflow/example_dags/example_display_name.py
[2024-05-08T13:58:39.024+0000] {processor.py:840} INFO - DAG(s) 'example_display_name' retrieved from /home/airflow/.local/lib/python3.12/site-packages/airflow/example_dags/example_display_name.py
[2024-05-08T13:58:39.049+0000] {logging_mixin.py:188} INFO - [2024-05-08T13:58:39.049+0000] {dag.py:3096} INFO - Sync 1 DAGs
[2024-05-08T13:58:39.067+0000] {logging_mixin.py:188} INFO - [2024-05-08T13:58:39.067+0000] {dag.py:3954} INFO - Setting next_dagrun for example_display_name to None, run_after=None
[2024-05-08T13:58:39.093+0000] {processor.py:183} INFO - Processing /home/airflow/.local/lib/python3.12/site-packages/airflow/example_dags/example_display_name.py took 0.090 seconds
[2024-05-08T13:59:10.579+0000] {processor.py:161} INFO - Started process (PID=1395) to work on /home/airflow/.local/lib/python3.12/site-packages/airflow/example_dags/example_display_name.py
[2024-05-08T13:59:10.581+0000] {processor.py:830} INFO - Processing file /home/airflow/.local/lib/python3.12/site-packages/airflow/example_dags/example_display_name.py for tasks to queue
[2024-05-08T13:59:10.583+0000] {logging_mixin.py:188} INFO - [2024-05-08T13:59:10.583+0000] {dagbag.py:545} INFO - Filling up the DagBag from /home/airflow/.local/lib/python3.12/site-packages/airflow/example_dags/example_display_name.py
[2024-05-08T13:59:10.592+0000] {processor.py:840} INFO - DAG(s) 'example_display_name' retrieved from /home/airflow/.local/lib/python3.12/site-packages/airflow/example_dags/example_display_name.py
[2024-05-08T13:59:10.620+0000] {logging_mixin.py:188} INFO - [2024-05-08T13:59:10.620+0000] {dag.py:3096} INFO - Sync 1 DAGs
[2024-05-08T13:59:10.662+0000] {logging_mixin.py:188} INFO - [2024-05-08T13:59:10.661+0000] {dag.py:3954} INFO - Setting next_dagrun for example_display_name to None, run_after=None
[2024-05-08T13:59:10.882+0000] {processor.py:183} INFO - Processing /home/airflow/.local/lib/python3.12/site-packages/airflow/example_dags/example_display_name.py took 0.310 seconds
[2024-05-08T13:59:41.072+0000] {processor.py:161} INFO - Started process (PID=1455) to work on /home/airflow/.local/lib/python3.12/site-packages/airflow/example_dags/example_display_name.py
[2024-05-08T13:59:41.074+0000] {processor.py:830} INFO - Processing file /home/airflow/.local/lib/python3.12/site-packages/airflow/example_dags/example_display_name.py for tasks to queue
[2024-05-08T13:59:41.078+0000] {logging_mixin.py:188} INFO - [2024-05-08T13:59:41.077+0000] {dagbag.py:545} INFO - Filling up the DagBag from /home/airflow/.local/lib/python3.12/site-packages/airflow/example_dags/example_display_name.py
[2024-05-08T13:59:41.086+0000] {processor.py:840} INFO - DAG(s) 'example_display_name' retrieved from /home/airflow/.local/lib/python3.12/site-packages/airflow/example_dags/example_display_name.py
[2024-05-08T13:59:41.113+0000] {logging_mixin.py:188} INFO - [2024-05-08T13:59:41.112+0000] {dag.py:3096} INFO - Sync 1 DAGs
[2024-05-08T13:59:41.129+0000] {logging_mixin.py:188} INFO - [2024-05-08T13:59:41.128+0000] {dag.py:3954} INFO - Setting next_dagrun for example_display_name to None, run_after=None
[2024-05-08T13:59:41.152+0000] {processor.py:183} INFO - Processing /home/airflow/.local/lib/python3.12/site-packages/airflow/example_dags/example_display_name.py took 0.092 seconds
[2024-05-08T14:00:11.680+0000] {processor.py:161} INFO - Started process (PID=1515) to work on /home/airflow/.local/lib/python3.12/site-packages/airflow/example_dags/example_display_name.py
[2024-05-08T14:00:11.681+0000] {processor.py:830} INFO - Processing file /home/airflow/.local/lib/python3.12/site-packages/airflow/example_dags/example_display_name.py for tasks to queue
[2024-05-08T14:00:11.684+0000] {logging_mixin.py:188} INFO - [2024-05-08T14:00:11.684+0000] {dagbag.py:545} INFO - Filling up the DagBag from /home/airflow/.local/lib/python3.12/site-packages/airflow/example_dags/example_display_name.py
[2024-05-08T14:00:11.691+0000] {processor.py:840} INFO - DAG(s) 'example_display_name' retrieved from /home/airflow/.local/lib/python3.12/site-packages/airflow/example_dags/example_display_name.py
[2024-05-08T14:00:11.719+0000] {logging_mixin.py:188} INFO - [2024-05-08T14:00:11.718+0000] {dag.py:3096} INFO - Sync 1 DAGs
[2024-05-08T14:00:11.735+0000] {logging_mixin.py:188} INFO - [2024-05-08T14:00:11.735+0000] {dag.py:3954} INFO - Setting next_dagrun for example_display_name to None, run_after=None
[2024-05-08T14:00:11.765+0000] {processor.py:183} INFO - Processing /home/airflow/.local/lib/python3.12/site-packages/airflow/example_dags/example_display_name.py took 0.093 seconds
[2024-05-08T14:00:43.429+0000] {processor.py:161} INFO - Started process (PID=1575) to work on /home/airflow/.local/lib/python3.12/site-packages/airflow/example_dags/example_display_name.py
[2024-05-08T14:00:43.431+0000] {processor.py:830} INFO - Processing file /home/airflow/.local/lib/python3.12/site-packages/airflow/example_dags/example_display_name.py for tasks to queue
[2024-05-08T14:00:43.434+0000] {logging_mixin.py:188} INFO - [2024-05-08T14:00:43.433+0000] {dagbag.py:545} INFO - Filling up the DagBag from /home/airflow/.local/lib/python3.12/site-packages/airflow/example_dags/example_display_name.py
[2024-05-08T14:00:43.440+0000] {processor.py:840} INFO - DAG(s) 'example_display_name' retrieved from /home/airflow/.local/lib/python3.12/site-packages/airflow/example_dags/example_display_name.py
[2024-05-08T14:00:43.466+0000] {logging_mixin.py:188} INFO - [2024-05-08T14:00:43.466+0000] {dag.py:3096} INFO - Sync 1 DAGs
[2024-05-08T14:00:43.501+0000] {logging_mixin.py:188} INFO - [2024-05-08T14:00:43.500+0000] {dag.py:3954} INFO - Setting next_dagrun for example_display_name to None, run_after=None
[2024-05-08T14:00:43.551+0000] {processor.py:183} INFO - Processing /home/airflow/.local/lib/python3.12/site-packages/airflow/example_dags/example_display_name.py took 0.130 seconds
[2024-05-08T14:01:14.253+0000] {processor.py:161} INFO - Started process (PID=1634) to work on /home/airflow/.local/lib/python3.12/site-packages/airflow/example_dags/example_display_name.py
[2024-05-08T14:01:14.255+0000] {processor.py:830} INFO - Processing file /home/airflow/.local/lib/python3.12/site-packages/airflow/example_dags/example_display_name.py for tasks to queue
[2024-05-08T14:01:14.260+0000] {logging_mixin.py:188} INFO - [2024-05-08T14:01:14.259+0000] {dagbag.py:545} INFO - Filling up the DagBag from /home/airflow/.local/lib/python3.12/site-packages/airflow/example_dags/example_display_name.py
[2024-05-08T14:01:14.269+0000] {processor.py:840} INFO - DAG(s) 'example_display_name' retrieved from /home/airflow/.local/lib/python3.12/site-packages/airflow/example_dags/example_display_name.py
[2024-05-08T14:01:14.293+0000] {logging_mixin.py:188} INFO - [2024-05-08T14:01:14.293+0000] {dag.py:3096} INFO - Sync 1 DAGs
[2024-05-08T14:01:14.310+0000] {logging_mixin.py:188} INFO - [2024-05-08T14:01:14.310+0000] {dag.py:3954} INFO - Setting next_dagrun for example_display_name to None, run_after=None
[2024-05-08T14:01:14.335+0000] {processor.py:183} INFO - Processing /home/airflow/.local/lib/python3.12/site-packages/airflow/example_dags/example_display_name.py took 0.093 seconds
[2024-05-08T14:01:45.373+0000] {processor.py:161} INFO - Started process (PID=1694) to work on /home/airflow/.local/lib/python3.12/site-packages/airflow/example_dags/example_display_name.py
[2024-05-08T14:01:45.375+0000] {processor.py:830} INFO - Processing file /home/airflow/.local/lib/python3.12/site-packages/airflow/example_dags/example_display_name.py for tasks to queue
[2024-05-08T14:01:45.379+0000] {logging_mixin.py:188} INFO - [2024-05-08T14:01:45.378+0000] {dagbag.py:545} INFO - Filling up the DagBag from /home/airflow/.local/lib/python3.12/site-packages/airflow/example_dags/example_display_name.py
[2024-05-08T14:01:45.387+0000] {processor.py:840} INFO - DAG(s) 'example_display_name' retrieved from /home/airflow/.local/lib/python3.12/site-packages/airflow/example_dags/example_display_name.py
[2024-05-08T14:01:45.434+0000] {logging_mixin.py:188} INFO - [2024-05-08T14:01:45.434+0000] {dag.py:3096} INFO - Sync 1 DAGs
[2024-05-08T14:01:45.491+0000] {logging_mixin.py:188} INFO - [2024-05-08T14:01:45.490+0000] {dag.py:3954} INFO - Setting next_dagrun for example_display_name to None, run_after=None
[2024-05-08T14:01:45.619+0000] {processor.py:183} INFO - Processing /home/airflow/.local/lib/python3.12/site-packages/airflow/example_dags/example_display_name.py took 0.258 seconds
[2024-05-08T14:02:16.324+0000] {processor.py:161} INFO - Started process (PID=1753) to work on /home/airflow/.local/lib/python3.12/site-packages/airflow/example_dags/example_display_name.py
[2024-05-08T14:02:16.326+0000] {processor.py:830} INFO - Processing file /home/airflow/.local/lib/python3.12/site-packages/airflow/example_dags/example_display_name.py for tasks to queue
[2024-05-08T14:02:16.328+0000] {logging_mixin.py:188} INFO - [2024-05-08T14:02:16.328+0000] {dagbag.py:545} INFO - Filling up the DagBag from /home/airflow/.local/lib/python3.12/site-packages/airflow/example_dags/example_display_name.py
[2024-05-08T14:02:16.335+0000] {processor.py:840} INFO - DAG(s) 'example_display_name' retrieved from /home/airflow/.local/lib/python3.12/site-packages/airflow/example_dags/example_display_name.py
[2024-05-08T14:02:16.358+0000] {logging_mixin.py:188} INFO - [2024-05-08T14:02:16.358+0000] {dag.py:3096} INFO - Sync 1 DAGs
[2024-05-08T14:02:16.373+0000] {logging_mixin.py:188} INFO - [2024-05-08T14:02:16.373+0000] {dag.py:3954} INFO - Setting next_dagrun for example_display_name to None, run_after=None
[2024-05-08T14:02:16.398+0000] {processor.py:183} INFO - Processing /home/airflow/.local/lib/python3.12/site-packages/airflow/example_dags/example_display_name.py took 0.081 seconds
[2024-05-08T14:02:46.814+0000] {processor.py:161} INFO - Started process (PID=1813) to work on /home/airflow/.local/lib/python3.12/site-packages/airflow/example_dags/example_display_name.py
[2024-05-08T14:02:46.817+0000] {processor.py:830} INFO - Processing file /home/airflow/.local/lib/python3.12/site-packages/airflow/example_dags/example_display_name.py for tasks to queue
[2024-05-08T14:02:46.820+0000] {logging_mixin.py:188} INFO - [2024-05-08T14:02:46.820+0000] {dagbag.py:545} INFO - Filling up the DagBag from /home/airflow/.local/lib/python3.12/site-packages/airflow/example_dags/example_display_name.py
[2024-05-08T14:02:46.828+0000] {processor.py:840} INFO - DAG(s) 'example_display_name' retrieved from /home/airflow/.local/lib/python3.12/site-packages/airflow/example_dags/example_display_name.py
[2024-05-08T14:02:46.852+0000] {logging_mixin.py:188} INFO - [2024-05-08T14:02:46.851+0000] {dag.py:3096} INFO - Sync 1 DAGs
[2024-05-08T14:02:46.869+0000] {logging_mixin.py:188} INFO - [2024-05-08T14:02:46.869+0000] {dag.py:3954} INFO - Setting next_dagrun for example_display_name to None, run_after=None
[2024-05-08T14:02:46.896+0000] {processor.py:183} INFO - Processing /home/airflow/.local/lib/python3.12/site-packages/airflow/example_dags/example_display_name.py took 0.091 seconds
[2024-05-08T14:03:19.283+0000] {processor.py:161} INFO - Started process (PID=1873) to work on /home/airflow/.local/lib/python3.12/site-packages/airflow/example_dags/example_display_name.py
[2024-05-08T14:03:19.284+0000] {processor.py:830} INFO - Processing file /home/airflow/.local/lib/python3.12/site-packages/airflow/example_dags/example_display_name.py for tasks to queue
[2024-05-08T14:03:19.289+0000] {logging_mixin.py:188} INFO - [2024-05-08T14:03:19.287+0000] {dagbag.py:545} INFO - Filling up the DagBag from /home/airflow/.local/lib/python3.12/site-packages/airflow/example_dags/example_display_name.py
[2024-05-08T14:03:19.308+0000] {processor.py:840} INFO - DAG(s) 'example_display_name' retrieved from /home/airflow/.local/lib/python3.12/site-packages/airflow/example_dags/example_display_name.py
[2024-05-08T14:03:19.373+0000] {logging_mixin.py:188} INFO - [2024-05-08T14:03:19.373+0000] {dag.py:3096} INFO - Sync 1 DAGs
[2024-05-08T14:03:19.418+0000] {logging_mixin.py:188} INFO - [2024-05-08T14:03:19.417+0000] {dag.py:3954} INFO - Setting next_dagrun for example_display_name to None, run_after=None
[2024-05-08T14:03:19.462+0000] {processor.py:183} INFO - Processing /home/airflow/.local/lib/python3.12/site-packages/airflow/example_dags/example_display_name.py took 0.190 seconds
[2024-05-08T14:03:49.532+0000] {processor.py:161} INFO - Started process (PID=1932) to work on /home/airflow/.local/lib/python3.12/site-packages/airflow/example_dags/example_display_name.py
[2024-05-08T14:03:49.533+0000] {processor.py:830} INFO - Processing file /home/airflow/.local/lib/python3.12/site-packages/airflow/example_dags/example_display_name.py for tasks to queue
[2024-05-08T14:03:49.536+0000] {logging_mixin.py:188} INFO - [2024-05-08T14:03:49.535+0000] {dagbag.py:545} INFO - Filling up the DagBag from /home/airflow/.local/lib/python3.12/site-packages/airflow/example_dags/example_display_name.py
[2024-05-08T14:03:49.543+0000] {processor.py:840} INFO - DAG(s) 'example_display_name' retrieved from /home/airflow/.local/lib/python3.12/site-packages/airflow/example_dags/example_display_name.py
[2024-05-08T14:03:49.567+0000] {logging_mixin.py:188} INFO - [2024-05-08T14:03:49.566+0000] {dag.py:3096} INFO - Sync 1 DAGs
[2024-05-08T14:03:49.584+0000] {logging_mixin.py:188} INFO - [2024-05-08T14:03:49.583+0000] {dag.py:3954} INFO - Setting next_dagrun for example_display_name to None, run_after=None
[2024-05-08T14:03:49.606+0000] {processor.py:183} INFO - Processing /home/airflow/.local/lib/python3.12/site-packages/airflow/example_dags/example_display_name.py took 0.081 seconds
[2024-05-08T14:04:20.383+0000] {processor.py:161} INFO - Started process (PID=1992) to work on /home/airflow/.local/lib/python3.12/site-packages/airflow/example_dags/example_display_name.py
[2024-05-08T14:04:20.384+0000] {processor.py:830} INFO - Processing file /home/airflow/.local/lib/python3.12/site-packages/airflow/example_dags/example_display_name.py for tasks to queue
[2024-05-08T14:04:20.387+0000] {logging_mixin.py:188} INFO - [2024-05-08T14:04:20.386+0000] {dagbag.py:545} INFO - Filling up the DagBag from /home/airflow/.local/lib/python3.12/site-packages/airflow/example_dags/example_display_name.py
[2024-05-08T14:04:20.395+0000] {processor.py:840} INFO - DAG(s) 'example_display_name' retrieved from /home/airflow/.local/lib/python3.12/site-packages/airflow/example_dags/example_display_name.py
[2024-05-08T14:04:20.420+0000] {logging_mixin.py:188} INFO - [2024-05-08T14:04:20.420+0000] {dag.py:3096} INFO - Sync 1 DAGs
[2024-05-08T14:04:20.434+0000] {logging_mixin.py:188} INFO - [2024-05-08T14:04:20.434+0000] {dag.py:3954} INFO - Setting next_dagrun for example_display_name to None, run_after=None
[2024-05-08T14:04:20.461+0000] {processor.py:183} INFO - Processing /home/airflow/.local/lib/python3.12/site-packages/airflow/example_dags/example_display_name.py took 0.085 seconds
[2024-05-08T14:04:51.544+0000] {processor.py:161} INFO - Started process (PID=2052) to work on /home/airflow/.local/lib/python3.12/site-packages/airflow/example_dags/example_display_name.py
[2024-05-08T14:04:51.546+0000] {processor.py:830} INFO - Processing file /home/airflow/.local/lib/python3.12/site-packages/airflow/example_dags/example_display_name.py for tasks to queue
[2024-05-08T14:04:51.550+0000] {logging_mixin.py:188} INFO - [2024-05-08T14:04:51.549+0000] {dagbag.py:545} INFO - Filling up the DagBag from /home/airflow/.local/lib/python3.12/site-packages/airflow/example_dags/example_display_name.py
[2024-05-08T14:04:51.563+0000] {processor.py:840} INFO - DAG(s) 'example_display_name' retrieved from /home/airflow/.local/lib/python3.12/site-packages/airflow/example_dags/example_display_name.py
[2024-05-08T14:04:51.605+0000] {logging_mixin.py:188} INFO - [2024-05-08T14:04:51.605+0000] {dag.py:3096} INFO - Sync 1 DAGs
[2024-05-08T14:04:51.631+0000] {logging_mixin.py:188} INFO - [2024-05-08T14:04:51.630+0000] {dag.py:3954} INFO - Setting next_dagrun for example_display_name to None, run_after=None
[2024-05-08T14:04:51.670+0000] {processor.py:183} INFO - Processing /home/airflow/.local/lib/python3.12/site-packages/airflow/example_dags/example_display_name.py took 0.136 seconds
[2024-05-08T14:05:23.425+0000] {processor.py:161} INFO - Started process (PID=2117) to work on /home/airflow/.local/lib/python3.12/site-packages/airflow/example_dags/example_display_name.py
[2024-05-08T14:05:23.427+0000] {processor.py:830} INFO - Processing file /home/airflow/.local/lib/python3.12/site-packages/airflow/example_dags/example_display_name.py for tasks to queue
[2024-05-08T14:05:23.431+0000] {logging_mixin.py:188} INFO - [2024-05-08T14:05:23.430+0000] {dagbag.py:545} INFO - Filling up the DagBag from /home/airflow/.local/lib/python3.12/site-packages/airflow/example_dags/example_display_name.py
[2024-05-08T14:05:23.440+0000] {processor.py:840} INFO - DAG(s) 'example_display_name' retrieved from /home/airflow/.local/lib/python3.12/site-packages/airflow/example_dags/example_display_name.py
[2024-05-08T14:05:23.472+0000] {logging_mixin.py:188} INFO - [2024-05-08T14:05:23.472+0000] {dag.py:3096} INFO - Sync 1 DAGs
[2024-05-08T14:05:23.493+0000] {logging_mixin.py:188} INFO - [2024-05-08T14:05:23.493+0000] {dag.py:3954} INFO - Setting next_dagrun for example_display_name to None, run_after=None
[2024-05-08T14:05:23.530+0000] {processor.py:183} INFO - Processing /home/airflow/.local/lib/python3.12/site-packages/airflow/example_dags/example_display_name.py took 0.117 seconds
[2024-05-08T14:05:53.857+0000] {processor.py:161} INFO - Started process (PID=2177) to work on /home/airflow/.local/lib/python3.12/site-packages/airflow/example_dags/example_display_name.py
[2024-05-08T14:05:53.858+0000] {processor.py:830} INFO - Processing file /home/airflow/.local/lib/python3.12/site-packages/airflow/example_dags/example_display_name.py for tasks to queue
[2024-05-08T14:05:53.861+0000] {logging_mixin.py:188} INFO - [2024-05-08T14:05:53.860+0000] {dagbag.py:545} INFO - Filling up the DagBag from /home/airflow/.local/lib/python3.12/site-packages/airflow/example_dags/example_display_name.py
[2024-05-08T14:05:53.871+0000] {processor.py:840} INFO - DAG(s) 'example_display_name' retrieved from /home/airflow/.local/lib/python3.12/site-packages/airflow/example_dags/example_display_name.py
[2024-05-08T14:05:53.897+0000] {logging_mixin.py:188} INFO - [2024-05-08T14:05:53.897+0000] {dag.py:3096} INFO - Sync 1 DAGs
[2024-05-08T14:05:53.912+0000] {logging_mixin.py:188} INFO - [2024-05-08T14:05:53.912+0000] {dag.py:3954} INFO - Setting next_dagrun for example_display_name to None, run_after=None
[2024-05-08T14:05:53.943+0000] {processor.py:183} INFO - Processing /home/airflow/.local/lib/python3.12/site-packages/airflow/example_dags/example_display_name.py took 0.093 seconds
[2024-05-08T14:06:24.202+0000] {processor.py:161} INFO - Started process (PID=2237) to work on /home/airflow/.local/lib/python3.12/site-packages/airflow/example_dags/example_display_name.py
[2024-05-08T14:06:24.203+0000] {processor.py:830} INFO - Processing file /home/airflow/.local/lib/python3.12/site-packages/airflow/example_dags/example_display_name.py for tasks to queue
[2024-05-08T14:06:24.206+0000] {logging_mixin.py:188} INFO - [2024-05-08T14:06:24.206+0000] {dagbag.py:545} INFO - Filling up the DagBag from /home/airflow/.local/lib/python3.12/site-packages/airflow/example_dags/example_display_name.py
[2024-05-08T14:06:24.214+0000] {processor.py:840} INFO - DAG(s) 'example_display_name' retrieved from /home/airflow/.local/lib/python3.12/site-packages/airflow/example_dags/example_display_name.py
[2024-05-08T14:06:24.243+0000] {logging_mixin.py:188} INFO - [2024-05-08T14:06:24.243+0000] {dag.py:3096} INFO - Sync 1 DAGs
[2024-05-08T14:06:24.259+0000] {logging_mixin.py:188} INFO - [2024-05-08T14:06:24.259+0000] {dag.py:3954} INFO - Setting next_dagrun for example_display_name to None, run_after=None
[2024-05-08T14:06:24.287+0000] {processor.py:183} INFO - Processing /home/airflow/.local/lib/python3.12/site-packages/airflow/example_dags/example_display_name.py took 0.093 seconds
[2024-05-08T14:06:54.379+0000] {processor.py:161} INFO - Started process (PID=2296) to work on /home/airflow/.local/lib/python3.12/site-packages/airflow/example_dags/example_display_name.py
[2024-05-08T14:06:54.381+0000] {processor.py:830} INFO - Processing file /home/airflow/.local/lib/python3.12/site-packages/airflow/example_dags/example_display_name.py for tasks to queue
[2024-05-08T14:06:54.383+0000] {logging_mixin.py:188} INFO - [2024-05-08T14:06:54.383+0000] {dagbag.py:545} INFO - Filling up the DagBag from /home/airflow/.local/lib/python3.12/site-packages/airflow/example_dags/example_display_name.py
[2024-05-08T14:06:54.390+0000] {processor.py:840} INFO - DAG(s) 'example_display_name' retrieved from /home/airflow/.local/lib/python3.12/site-packages/airflow/example_dags/example_display_name.py
[2024-05-08T14:06:54.413+0000] {logging_mixin.py:188} INFO - [2024-05-08T14:06:54.412+0000] {dag.py:3096} INFO - Sync 1 DAGs
[2024-05-08T14:06:54.430+0000] {logging_mixin.py:188} INFO - [2024-05-08T14:06:54.430+0000] {dag.py:3954} INFO - Setting next_dagrun for example_display_name to None, run_after=None
[2024-05-08T14:06:54.454+0000] {processor.py:183} INFO - Processing /home/airflow/.local/lib/python3.12/site-packages/airflow/example_dags/example_display_name.py took 0.083 seconds
[2024-05-08T14:07:25.481+0000] {processor.py:161} INFO - Started process (PID=2357) to work on /home/airflow/.local/lib/python3.12/site-packages/airflow/example_dags/example_display_name.py
[2024-05-08T14:07:25.483+0000] {processor.py:830} INFO - Processing file /home/airflow/.local/lib/python3.12/site-packages/airflow/example_dags/example_display_name.py for tasks to queue
[2024-05-08T14:07:25.485+0000] {logging_mixin.py:188} INFO - [2024-05-08T14:07:25.485+0000] {dagbag.py:545} INFO - Filling up the DagBag from /home/airflow/.local/lib/python3.12/site-packages/airflow/example_dags/example_display_name.py
[2024-05-08T14:07:25.496+0000] {processor.py:840} INFO - DAG(s) 'example_display_name' retrieved from /home/airflow/.local/lib/python3.12/site-packages/airflow/example_dags/example_display_name.py
[2024-05-08T14:07:25.523+0000] {logging_mixin.py:188} INFO - [2024-05-08T14:07:25.522+0000] {dag.py:3096} INFO - Sync 1 DAGs
[2024-05-08T14:07:25.541+0000] {logging_mixin.py:188} INFO - [2024-05-08T14:07:25.540+0000] {dag.py:3954} INFO - Setting next_dagrun for example_display_name to None, run_after=None
[2024-05-08T14:07:25.571+0000] {processor.py:183} INFO - Processing /home/airflow/.local/lib/python3.12/site-packages/airflow/example_dags/example_display_name.py took 0.098 seconds
[2024-05-08T14:07:56.327+0000] {processor.py:161} INFO - Started process (PID=2417) to work on /home/airflow/.local/lib/python3.12/site-packages/airflow/example_dags/example_display_name.py
[2024-05-08T14:07:56.328+0000] {processor.py:830} INFO - Processing file /home/airflow/.local/lib/python3.12/site-packages/airflow/example_dags/example_display_name.py for tasks to queue
[2024-05-08T14:07:56.331+0000] {logging_mixin.py:188} INFO - [2024-05-08T14:07:56.331+0000] {dagbag.py:545} INFO - Filling up the DagBag from /home/airflow/.local/lib/python3.12/site-packages/airflow/example_dags/example_display_name.py
[2024-05-08T14:07:56.339+0000] {processor.py:840} INFO - DAG(s) 'example_display_name' retrieved from /home/airflow/.local/lib/python3.12/site-packages/airflow/example_dags/example_display_name.py
[2024-05-08T14:07:56.370+0000] {logging_mixin.py:188} INFO - [2024-05-08T14:07:56.370+0000] {dag.py:3096} INFO - Sync 1 DAGs
[2024-05-08T14:07:56.390+0000] {logging_mixin.py:188} INFO - [2024-05-08T14:07:56.389+0000] {dag.py:3954} INFO - Setting next_dagrun for example_display_name to None, run_after=None
[2024-05-08T14:07:56.416+0000] {processor.py:183} INFO - Processing /home/airflow/.local/lib/python3.12/site-packages/airflow/example_dags/example_display_name.py took 0.098 seconds
[2024-05-08T14:08:26.600+0000] {processor.py:161} INFO - Started process (PID=2477) to work on /home/airflow/.local/lib/python3.12/site-packages/airflow/example_dags/example_display_name.py
[2024-05-08T14:08:26.601+0000] {processor.py:830} INFO - Processing file /home/airflow/.local/lib/python3.12/site-packages/airflow/example_dags/example_display_name.py for tasks to queue
[2024-05-08T14:08:26.605+0000] {logging_mixin.py:188} INFO - [2024-05-08T14:08:26.605+0000] {dagbag.py:545} INFO - Filling up the DagBag from /home/airflow/.local/lib/python3.12/site-packages/airflow/example_dags/example_display_name.py
[2024-05-08T14:08:26.613+0000] {processor.py:840} INFO - DAG(s) 'example_display_name' retrieved from /home/airflow/.local/lib/python3.12/site-packages/airflow/example_dags/example_display_name.py
[2024-05-08T14:08:26.647+0000] {logging_mixin.py:188} INFO - [2024-05-08T14:08:26.647+0000] {dag.py:3096} INFO - Sync 1 DAGs
[2024-05-08T14:08:26.666+0000] {logging_mixin.py:188} INFO - [2024-05-08T14:08:26.666+0000] {dag.py:3954} INFO - Setting next_dagrun for example_display_name to None, run_after=None
[2024-05-08T14:08:26.697+0000] {processor.py:183} INFO - Processing /home/airflow/.local/lib/python3.12/site-packages/airflow/example_dags/example_display_name.py took 0.105 seconds
[2024-05-08T14:08:56.983+0000] {processor.py:161} INFO - Started process (PID=2537) to work on /home/airflow/.local/lib/python3.12/site-packages/airflow/example_dags/example_display_name.py
[2024-05-08T14:08:56.985+0000] {processor.py:830} INFO - Processing file /home/airflow/.local/lib/python3.12/site-packages/airflow/example_dags/example_display_name.py for tasks to queue
[2024-05-08T14:08:56.988+0000] {logging_mixin.py:188} INFO - [2024-05-08T14:08:56.987+0000] {dagbag.py:545} INFO - Filling up the DagBag from /home/airflow/.local/lib/python3.12/site-packages/airflow/example_dags/example_display_name.py
[2024-05-08T14:08:56.996+0000] {processor.py:840} INFO - DAG(s) 'example_display_name' retrieved from /home/airflow/.local/lib/python3.12/site-packages/airflow/example_dags/example_display_name.py
[2024-05-08T14:08:57.024+0000] {logging_mixin.py:188} INFO - [2024-05-08T14:08:57.023+0000] {dag.py:3096} INFO - Sync 1 DAGs
[2024-05-08T14:08:57.042+0000] {logging_mixin.py:188} INFO - [2024-05-08T14:08:57.042+0000] {dag.py:3954} INFO - Setting next_dagrun for example_display_name to None, run_after=None
[2024-05-08T14:08:57.070+0000] {processor.py:183} INFO - Processing /home/airflow/.local/lib/python3.12/site-packages/airflow/example_dags/example_display_name.py took 0.097 seconds
[2024-05-08T14:09:27.248+0000] {processor.py:161} INFO - Started process (PID=2596) to work on /home/airflow/.local/lib/python3.12/site-packages/airflow/example_dags/example_display_name.py
[2024-05-08T14:09:27.250+0000] {processor.py:830} INFO - Processing file /home/airflow/.local/lib/python3.12/site-packages/airflow/example_dags/example_display_name.py for tasks to queue
[2024-05-08T14:09:27.253+0000] {logging_mixin.py:188} INFO - [2024-05-08T14:09:27.253+0000] {dagbag.py:545} INFO - Filling up the DagBag from /home/airflow/.local/lib/python3.12/site-packages/airflow/example_dags/example_display_name.py
[2024-05-08T14:09:27.262+0000] {processor.py:840} INFO - DAG(s) 'example_display_name' retrieved from /home/airflow/.local/lib/python3.12/site-packages/airflow/example_dags/example_display_name.py
[2024-05-08T14:09:27.308+0000] {logging_mixin.py:188} INFO - [2024-05-08T14:09:27.308+0000] {dag.py:3096} INFO - Sync 1 DAGs
[2024-05-08T14:09:27.330+0000] {logging_mixin.py:188} INFO - [2024-05-08T14:09:27.330+0000] {dag.py:3954} INFO - Setting next_dagrun for example_display_name to None, run_after=None
[2024-05-08T14:09:27.358+0000] {processor.py:183} INFO - Processing /home/airflow/.local/lib/python3.12/site-packages/airflow/example_dags/example_display_name.py took 0.120 seconds
[2024-05-08T14:09:57.899+0000] {processor.py:161} INFO - Started process (PID=2657) to work on /home/airflow/.local/lib/python3.12/site-packages/airflow/example_dags/example_display_name.py
[2024-05-08T14:09:57.901+0000] {processor.py:830} INFO - Processing file /home/airflow/.local/lib/python3.12/site-packages/airflow/example_dags/example_display_name.py for tasks to queue
[2024-05-08T14:09:57.904+0000] {logging_mixin.py:188} INFO - [2024-05-08T14:09:57.904+0000] {dagbag.py:545} INFO - Filling up the DagBag from /home/airflow/.local/lib/python3.12/site-packages/airflow/example_dags/example_display_name.py
[2024-05-08T14:09:57.917+0000] {processor.py:840} INFO - DAG(s) 'example_display_name' retrieved from /home/airflow/.local/lib/python3.12/site-packages/airflow/example_dags/example_display_name.py
[2024-05-08T14:09:57.949+0000] {logging_mixin.py:188} INFO - [2024-05-08T14:09:57.948+0000] {dag.py:3096} INFO - Sync 1 DAGs
[2024-05-08T14:09:57.971+0000] {logging_mixin.py:188} INFO - [2024-05-08T14:09:57.970+0000] {dag.py:3954} INFO - Setting next_dagrun for example_display_name to None, run_after=None
[2024-05-08T14:09:57.998+0000] {processor.py:183} INFO - Processing /home/airflow/.local/lib/python3.12/site-packages/airflow/example_dags/example_display_name.py took 0.106 seconds
[2024-05-08T14:10:29.465+0000] {processor.py:161} INFO - Started process (PID=2717) to work on /home/airflow/.local/lib/python3.12/site-packages/airflow/example_dags/example_display_name.py
[2024-05-08T14:10:29.467+0000] {processor.py:830} INFO - Processing file /home/airflow/.local/lib/python3.12/site-packages/airflow/example_dags/example_display_name.py for tasks to queue
[2024-05-08T14:10:29.471+0000] {logging_mixin.py:188} INFO - [2024-05-08T14:10:29.471+0000] {dagbag.py:545} INFO - Filling up the DagBag from /home/airflow/.local/lib/python3.12/site-packages/airflow/example_dags/example_display_name.py
[2024-05-08T14:10:29.481+0000] {processor.py:840} INFO - DAG(s) 'example_display_name' retrieved from /home/airflow/.local/lib/python3.12/site-packages/airflow/example_dags/example_display_name.py
[2024-05-08T14:10:29.508+0000] {logging_mixin.py:188} INFO - [2024-05-08T14:10:29.507+0000] {dag.py:3096} INFO - Sync 1 DAGs
[2024-05-08T14:10:29.529+0000] {logging_mixin.py:188} INFO - [2024-05-08T14:10:29.528+0000] {dag.py:3954} INFO - Setting next_dagrun for example_display_name to None, run_after=None
[2024-05-08T14:10:29.556+0000] {processor.py:183} INFO - Processing /home/airflow/.local/lib/python3.12/site-packages/airflow/example_dags/example_display_name.py took 0.102 seconds
[2024-05-08T14:10:59.859+0000] {processor.py:161} INFO - Started process (PID=2777) to work on /home/airflow/.local/lib/python3.12/site-packages/airflow/example_dags/example_display_name.py
[2024-05-08T14:10:59.860+0000] {processor.py:830} INFO - Processing file /home/airflow/.local/lib/python3.12/site-packages/airflow/example_dags/example_display_name.py for tasks to queue
[2024-05-08T14:10:59.864+0000] {logging_mixin.py:188} INFO - [2024-05-08T14:10:59.863+0000] {dagbag.py:545} INFO - Filling up the DagBag from /home/airflow/.local/lib/python3.12/site-packages/airflow/example_dags/example_display_name.py
[2024-05-08T14:10:59.873+0000] {processor.py:840} INFO - DAG(s) 'example_display_name' retrieved from /home/airflow/.local/lib/python3.12/site-packages/airflow/example_dags/example_display_name.py
[2024-05-08T14:10:59.899+0000] {logging_mixin.py:188} INFO - [2024-05-08T14:10:59.898+0000] {dag.py:3096} INFO - Sync 1 DAGs
[2024-05-08T14:10:59.913+0000] {logging_mixin.py:188} INFO - [2024-05-08T14:10:59.913+0000] {dag.py:3954} INFO - Setting next_dagrun for example_display_name to None, run_after=None
[2024-05-08T14:10:59.941+0000] {processor.py:183} INFO - Processing /home/airflow/.local/lib/python3.12/site-packages/airflow/example_dags/example_display_name.py took 0.090 seconds
[2024-05-08T14:11:31.806+0000] {processor.py:161} INFO - Started process (PID=2837) to work on /home/airflow/.local/lib/python3.12/site-packages/airflow/example_dags/example_display_name.py
[2024-05-08T14:11:31.807+0000] {processor.py:830} INFO - Processing file /home/airflow/.local/lib/python3.12/site-packages/airflow/example_dags/example_display_name.py for tasks to queue
[2024-05-08T14:11:31.810+0000] {logging_mixin.py:188} INFO - [2024-05-08T14:11:31.810+0000] {dagbag.py:545} INFO - Filling up the DagBag from /home/airflow/.local/lib/python3.12/site-packages/airflow/example_dags/example_display_name.py
[2024-05-08T14:11:31.820+0000] {processor.py:840} INFO - DAG(s) 'example_display_name' retrieved from /home/airflow/.local/lib/python3.12/site-packages/airflow/example_dags/example_display_name.py
[2024-05-08T14:11:31.849+0000] {logging_mixin.py:188} INFO - [2024-05-08T14:11:31.849+0000] {dag.py:3096} INFO - Sync 1 DAGs
[2024-05-08T14:11:31.867+0000] {logging_mixin.py:188} INFO - [2024-05-08T14:11:31.866+0000] {dag.py:3954} INFO - Setting next_dagrun for example_display_name to None, run_after=None
[2024-05-08T14:11:31.896+0000] {processor.py:183} INFO - Processing /home/airflow/.local/lib/python3.12/site-packages/airflow/example_dags/example_display_name.py took 0.097 seconds
[2024-05-08T14:12:02.337+0000] {processor.py:161} INFO - Started process (PID=2897) to work on /home/airflow/.local/lib/python3.12/site-packages/airflow/example_dags/example_display_name.py
[2024-05-08T14:12:02.339+0000] {processor.py:830} INFO - Processing file /home/airflow/.local/lib/python3.12/site-packages/airflow/example_dags/example_display_name.py for tasks to queue
[2024-05-08T14:12:02.342+0000] {logging_mixin.py:188} INFO - [2024-05-08T14:12:02.341+0000] {dagbag.py:545} INFO - Filling up the DagBag from /home/airflow/.local/lib/python3.12/site-packages/airflow/example_dags/example_display_name.py
[2024-05-08T14:12:02.349+0000] {processor.py:840} INFO - DAG(s) 'example_display_name' retrieved from /home/airflow/.local/lib/python3.12/site-packages/airflow/example_dags/example_display_name.py
[2024-05-08T14:12:02.380+0000] {logging_mixin.py:188} INFO - [2024-05-08T14:12:02.379+0000] {dag.py:3096} INFO - Sync 1 DAGs
[2024-05-08T14:12:02.399+0000] {logging_mixin.py:188} INFO - [2024-05-08T14:12:02.399+0000] {dag.py:3954} INFO - Setting next_dagrun for example_display_name to None, run_after=None
[2024-05-08T14:12:02.453+0000] {processor.py:183} INFO - Processing /home/airflow/.local/lib/python3.12/site-packages/airflow/example_dags/example_display_name.py took 0.123 seconds
[2024-05-08T14:12:33.101+0000] {processor.py:161} INFO - Started process (PID=2957) to work on /home/airflow/.local/lib/python3.12/site-packages/airflow/example_dags/example_display_name.py
[2024-05-08T14:12:33.103+0000] {processor.py:830} INFO - Processing file /home/airflow/.local/lib/python3.12/site-packages/airflow/example_dags/example_display_name.py for tasks to queue
[2024-05-08T14:12:33.105+0000] {logging_mixin.py:188} INFO - [2024-05-08T14:12:33.105+0000] {dagbag.py:545} INFO - Filling up the DagBag from /home/airflow/.local/lib/python3.12/site-packages/airflow/example_dags/example_display_name.py
[2024-05-08T14:12:33.112+0000] {processor.py:840} INFO - DAG(s) 'example_display_name' retrieved from /home/airflow/.local/lib/python3.12/site-packages/airflow/example_dags/example_display_name.py
[2024-05-08T14:12:33.135+0000] {logging_mixin.py:188} INFO - [2024-05-08T14:12:33.135+0000] {dag.py:3096} INFO - Sync 1 DAGs
[2024-05-08T14:12:33.150+0000] {logging_mixin.py:188} INFO - [2024-05-08T14:12:33.150+0000] {dag.py:3954} INFO - Setting next_dagrun for example_display_name to None, run_after=None
[2024-05-08T14:12:33.174+0000] {processor.py:183} INFO - Processing /home/airflow/.local/lib/python3.12/site-packages/airflow/example_dags/example_display_name.py took 0.080 seconds
[2024-05-08T14:13:04.148+0000] {processor.py:161} INFO - Started process (PID=3017) to work on /home/airflow/.local/lib/python3.12/site-packages/airflow/example_dags/example_display_name.py
[2024-05-08T14:13:04.150+0000] {processor.py:830} INFO - Processing file /home/airflow/.local/lib/python3.12/site-packages/airflow/example_dags/example_display_name.py for tasks to queue
[2024-05-08T14:13:04.152+0000] {logging_mixin.py:188} INFO - [2024-05-08T14:13:04.152+0000] {dagbag.py:545} INFO - Filling up the DagBag from /home/airflow/.local/lib/python3.12/site-packages/airflow/example_dags/example_display_name.py
[2024-05-08T14:13:04.159+0000] {processor.py:840} INFO - DAG(s) 'example_display_name' retrieved from /home/airflow/.local/lib/python3.12/site-packages/airflow/example_dags/example_display_name.py
[2024-05-08T14:13:04.185+0000] {logging_mixin.py:188} INFO - [2024-05-08T14:13:04.184+0000] {dag.py:3096} INFO - Sync 1 DAGs
[2024-05-08T14:13:04.203+0000] {logging_mixin.py:188} INFO - [2024-05-08T14:13:04.203+0000] {dag.py:3954} INFO - Setting next_dagrun for example_display_name to None, run_after=None
[2024-05-08T14:13:04.232+0000] {processor.py:183} INFO - Processing /home/airflow/.local/lib/python3.12/site-packages/airflow/example_dags/example_display_name.py took 0.093 seconds
[2024-05-08T14:13:34.482+0000] {processor.py:161} INFO - Started process (PID=3077) to work on /home/airflow/.local/lib/python3.12/site-packages/airflow/example_dags/example_display_name.py
[2024-05-08T14:13:34.484+0000] {processor.py:830} INFO - Processing file /home/airflow/.local/lib/python3.12/site-packages/airflow/example_dags/example_display_name.py for tasks to queue
[2024-05-08T14:13:34.488+0000] {logging_mixin.py:188} INFO - [2024-05-08T14:13:34.487+0000] {dagbag.py:545} INFO - Filling up the DagBag from /home/airflow/.local/lib/python3.12/site-packages/airflow/example_dags/example_display_name.py
[2024-05-08T14:13:34.497+0000] {processor.py:840} INFO - DAG(s) 'example_display_name' retrieved from /home/airflow/.local/lib/python3.12/site-packages/airflow/example_dags/example_display_name.py
[2024-05-08T14:13:34.526+0000] {logging_mixin.py:188} INFO - [2024-05-08T14:13:34.525+0000] {dag.py:3096} INFO - Sync 1 DAGs
[2024-05-08T14:13:34.543+0000] {logging_mixin.py:188} INFO - [2024-05-08T14:13:34.543+0000] {dag.py:3954} INFO - Setting next_dagrun for example_display_name to None, run_after=None
[2024-05-08T14:13:34.572+0000] {processor.py:183} INFO - Processing /home/airflow/.local/lib/python3.12/site-packages/airflow/example_dags/example_display_name.py took 0.098 seconds
[2024-05-08T14:14:04.693+0000] {processor.py:161} INFO - Started process (PID=3137) to work on /home/airflow/.local/lib/python3.12/site-packages/airflow/example_dags/example_display_name.py
[2024-05-08T14:14:04.694+0000] {processor.py:830} INFO - Processing file /home/airflow/.local/lib/python3.12/site-packages/airflow/example_dags/example_display_name.py for tasks to queue
[2024-05-08T14:14:04.696+0000] {logging_mixin.py:188} INFO - [2024-05-08T14:14:04.696+0000] {dagbag.py:545} INFO - Filling up the DagBag from /home/airflow/.local/lib/python3.12/site-packages/airflow/example_dags/example_display_name.py
[2024-05-08T14:14:04.703+0000] {processor.py:840} INFO - DAG(s) 'example_display_name' retrieved from /home/airflow/.local/lib/python3.12/site-packages/airflow/example_dags/example_display_name.py
[2024-05-08T14:14:04.726+0000] {logging_mixin.py:188} INFO - [2024-05-08T14:14:04.726+0000] {dag.py:3096} INFO - Sync 1 DAGs
[2024-05-08T14:14:04.741+0000] {logging_mixin.py:188} INFO - [2024-05-08T14:14:04.741+0000] {dag.py:3954} INFO - Setting next_dagrun for example_display_name to None, run_after=None
[2024-05-08T14:14:04.772+0000] {processor.py:183} INFO - Processing /home/airflow/.local/lib/python3.12/site-packages/airflow/example_dags/example_display_name.py took 0.086 seconds
[2024-05-08T14:14:35.580+0000] {processor.py:161} INFO - Started process (PID=3197) to work on /home/airflow/.local/lib/python3.12/site-packages/airflow/example_dags/example_display_name.py
[2024-05-08T14:14:35.582+0000] {processor.py:830} INFO - Processing file /home/airflow/.local/lib/python3.12/site-packages/airflow/example_dags/example_display_name.py for tasks to queue
[2024-05-08T14:14:35.585+0000] {logging_mixin.py:188} INFO - [2024-05-08T14:14:35.585+0000] {dagbag.py:545} INFO - Filling up the DagBag from /home/airflow/.local/lib/python3.12/site-packages/airflow/example_dags/example_display_name.py
[2024-05-08T14:14:35.594+0000] {processor.py:840} INFO - DAG(s) 'example_display_name' retrieved from /home/airflow/.local/lib/python3.12/site-packages/airflow/example_dags/example_display_name.py
[2024-05-08T14:14:35.621+0000] {logging_mixin.py:188} INFO - [2024-05-08T14:14:35.620+0000] {dag.py:3096} INFO - Sync 1 DAGs
[2024-05-08T14:14:35.637+0000] {logging_mixin.py:188} INFO - [2024-05-08T14:14:35.637+0000] {dag.py:3954} INFO - Setting next_dagrun for example_display_name to None, run_after=None
[2024-05-08T14:14:35.669+0000] {processor.py:183} INFO - Processing /home/airflow/.local/lib/python3.12/site-packages/airflow/example_dags/example_display_name.py took 0.097 seconds
[2024-05-08T14:15:06.210+0000] {processor.py:161} INFO - Started process (PID=3257) to work on /home/airflow/.local/lib/python3.12/site-packages/airflow/example_dags/example_display_name.py
[2024-05-08T14:15:06.212+0000] {processor.py:830} INFO - Processing file /home/airflow/.local/lib/python3.12/site-packages/airflow/example_dags/example_display_name.py for tasks to queue
[2024-05-08T14:15:06.215+0000] {logging_mixin.py:188} INFO - [2024-05-08T14:15:06.215+0000] {dagbag.py:545} INFO - Filling up the DagBag from /home/airflow/.local/lib/python3.12/site-packages/airflow/example_dags/example_display_name.py
[2024-05-08T14:15:06.224+0000] {processor.py:840} INFO - DAG(s) 'example_display_name' retrieved from /home/airflow/.local/lib/python3.12/site-packages/airflow/example_dags/example_display_name.py
[2024-05-08T14:15:06.253+0000] {logging_mixin.py:188} INFO - [2024-05-08T14:15:06.252+0000] {dag.py:3096} INFO - Sync 1 DAGs
[2024-05-08T14:15:06.273+0000] {logging_mixin.py:188} INFO - [2024-05-08T14:15:06.273+0000] {dag.py:3954} INFO - Setting next_dagrun for example_display_name to None, run_after=None
[2024-05-08T14:15:06.307+0000] {processor.py:183} INFO - Processing /home/airflow/.local/lib/python3.12/site-packages/airflow/example_dags/example_display_name.py took 0.105 seconds
[2024-05-08T14:15:36.472+0000] {processor.py:161} INFO - Started process (PID=3317) to work on /home/airflow/.local/lib/python3.12/site-packages/airflow/example_dags/example_display_name.py
[2024-05-08T14:15:36.475+0000] {processor.py:830} INFO - Processing file /home/airflow/.local/lib/python3.12/site-packages/airflow/example_dags/example_display_name.py for tasks to queue
[2024-05-08T14:15:36.481+0000] {logging_mixin.py:188} INFO - [2024-05-08T14:15:36.480+0000] {dagbag.py:545} INFO - Filling up the DagBag from /home/airflow/.local/lib/python3.12/site-packages/airflow/example_dags/example_display_name.py
[2024-05-08T14:15:36.490+0000] {processor.py:840} INFO - DAG(s) 'example_display_name' retrieved from /home/airflow/.local/lib/python3.12/site-packages/airflow/example_dags/example_display_name.py
[2024-05-08T14:15:36.517+0000] {logging_mixin.py:188} INFO - [2024-05-08T14:15:36.516+0000] {dag.py:3096} INFO - Sync 1 DAGs
[2024-05-08T14:15:36.538+0000] {logging_mixin.py:188} INFO - [2024-05-08T14:15:36.538+0000] {dag.py:3954} INFO - Setting next_dagrun for example_display_name to None, run_after=None
[2024-05-08T14:15:36.571+0000] {processor.py:183} INFO - Processing /home/airflow/.local/lib/python3.12/site-packages/airflow/example_dags/example_display_name.py took 0.110 seconds
[2024-05-08T14:16:07.711+0000] {processor.py:161} INFO - Started process (PID=3377) to work on /home/airflow/.local/lib/python3.12/site-packages/airflow/example_dags/example_display_name.py
[2024-05-08T14:16:07.712+0000] {processor.py:830} INFO - Processing file /home/airflow/.local/lib/python3.12/site-packages/airflow/example_dags/example_display_name.py for tasks to queue
[2024-05-08T14:16:07.715+0000] {logging_mixin.py:188} INFO - [2024-05-08T14:16:07.715+0000] {dagbag.py:545} INFO - Filling up the DagBag from /home/airflow/.local/lib/python3.12/site-packages/airflow/example_dags/example_display_name.py
[2024-05-08T14:16:07.722+0000] {processor.py:840} INFO - DAG(s) 'example_display_name' retrieved from /home/airflow/.local/lib/python3.12/site-packages/airflow/example_dags/example_display_name.py
[2024-05-08T14:16:07.756+0000] {logging_mixin.py:188} INFO - [2024-05-08T14:16:07.755+0000] {dag.py:3096} INFO - Sync 1 DAGs
[2024-05-08T14:16:07.775+0000] {logging_mixin.py:188} INFO - [2024-05-08T14:16:07.774+0000] {dag.py:3954} INFO - Setting next_dagrun for example_display_name to None, run_after=None
[2024-05-08T14:16:07.811+0000] {processor.py:183} INFO - Processing /home/airflow/.local/lib/python3.12/site-packages/airflow/example_dags/example_display_name.py took 0.110 seconds
[2024-05-08T14:16:40.432+0000] {processor.py:161} INFO - Started process (PID=3437) to work on /home/airflow/.local/lib/python3.12/site-packages/airflow/example_dags/example_display_name.py
[2024-05-08T14:16:40.435+0000] {processor.py:830} INFO - Processing file /home/airflow/.local/lib/python3.12/site-packages/airflow/example_dags/example_display_name.py for tasks to queue
[2024-05-08T14:16:40.440+0000] {logging_mixin.py:188} INFO - [2024-05-08T14:16:40.439+0000] {dagbag.py:545} INFO - Filling up the DagBag from /home/airflow/.local/lib/python3.12/site-packages/airflow/example_dags/example_display_name.py
[2024-05-08T14:16:40.451+0000] {processor.py:840} INFO - DAG(s) 'example_display_name' retrieved from /home/airflow/.local/lib/python3.12/site-packages/airflow/example_dags/example_display_name.py
[2024-05-08T14:16:40.642+0000] {logging_mixin.py:188} INFO - [2024-05-08T14:16:40.642+0000] {dag.py:3096} INFO - Sync 1 DAGs
[2024-05-08T14:16:40.663+0000] {logging_mixin.py:188} INFO - [2024-05-08T14:16:40.663+0000] {dag.py:3954} INFO - Setting next_dagrun for example_display_name to None, run_after=None
[2024-05-08T14:16:40.700+0000] {processor.py:183} INFO - Processing /home/airflow/.local/lib/python3.12/site-packages/airflow/example_dags/example_display_name.py took 0.279 seconds
[2024-05-08T14:17:11.109+0000] {processor.py:161} INFO - Started process (PID=3497) to work on /home/airflow/.local/lib/python3.12/site-packages/airflow/example_dags/example_display_name.py
[2024-05-08T14:17:11.110+0000] {processor.py:830} INFO - Processing file /home/airflow/.local/lib/python3.12/site-packages/airflow/example_dags/example_display_name.py for tasks to queue
[2024-05-08T14:17:11.113+0000] {logging_mixin.py:188} INFO - [2024-05-08T14:17:11.113+0000] {dagbag.py:545} INFO - Filling up the DagBag from /home/airflow/.local/lib/python3.12/site-packages/airflow/example_dags/example_display_name.py
[2024-05-08T14:17:11.120+0000] {processor.py:840} INFO - DAG(s) 'example_display_name' retrieved from /home/airflow/.local/lib/python3.12/site-packages/airflow/example_dags/example_display_name.py
[2024-05-08T14:17:11.146+0000] {logging_mixin.py:188} INFO - [2024-05-08T14:17:11.146+0000] {dag.py:3096} INFO - Sync 1 DAGs
[2024-05-08T14:17:11.161+0000] {logging_mixin.py:188} INFO - [2024-05-08T14:17:11.160+0000] {dag.py:3954} INFO - Setting next_dagrun for example_display_name to None, run_after=None
[2024-05-08T14:17:11.187+0000] {processor.py:183} INFO - Processing /home/airflow/.local/lib/python3.12/site-packages/airflow/example_dags/example_display_name.py took 0.085 seconds
[2024-05-08T14:17:42.155+0000] {processor.py:161} INFO - Started process (PID=3557) to work on /home/airflow/.local/lib/python3.12/site-packages/airflow/example_dags/example_display_name.py
[2024-05-08T14:17:42.156+0000] {processor.py:830} INFO - Processing file /home/airflow/.local/lib/python3.12/site-packages/airflow/example_dags/example_display_name.py for tasks to queue
[2024-05-08T14:17:42.159+0000] {logging_mixin.py:188} INFO - [2024-05-08T14:17:42.159+0000] {dagbag.py:545} INFO - Filling up the DagBag from /home/airflow/.local/lib/python3.12/site-packages/airflow/example_dags/example_display_name.py
[2024-05-08T14:17:42.167+0000] {processor.py:840} INFO - DAG(s) 'example_display_name' retrieved from /home/airflow/.local/lib/python3.12/site-packages/airflow/example_dags/example_display_name.py
[2024-05-08T14:17:42.191+0000] {logging_mixin.py:188} INFO - [2024-05-08T14:17:42.190+0000] {dag.py:3096} INFO - Sync 1 DAGs
[2024-05-08T14:17:42.206+0000] {logging_mixin.py:188} INFO - [2024-05-08T14:17:42.206+0000] {dag.py:3954} INFO - Setting next_dagrun for example_display_name to None, run_after=None
[2024-05-08T14:17:42.231+0000] {processor.py:183} INFO - Processing /home/airflow/.local/lib/python3.12/site-packages/airflow/example_dags/example_display_name.py took 0.083 seconds
[2024-05-08T14:18:12.438+0000] {processor.py:161} INFO - Started process (PID=3617) to work on /home/airflow/.local/lib/python3.12/site-packages/airflow/example_dags/example_display_name.py
[2024-05-08T14:18:12.440+0000] {processor.py:830} INFO - Processing file /home/airflow/.local/lib/python3.12/site-packages/airflow/example_dags/example_display_name.py for tasks to queue
[2024-05-08T14:18:12.444+0000] {logging_mixin.py:188} INFO - [2024-05-08T14:18:12.443+0000] {dagbag.py:545} INFO - Filling up the DagBag from /home/airflow/.local/lib/python3.12/site-packages/airflow/example_dags/example_display_name.py
[2024-05-08T14:18:12.451+0000] {processor.py:840} INFO - DAG(s) 'example_display_name' retrieved from /home/airflow/.local/lib/python3.12/site-packages/airflow/example_dags/example_display_name.py
[2024-05-08T14:18:12.478+0000] {logging_mixin.py:188} INFO - [2024-05-08T14:18:12.477+0000] {dag.py:3096} INFO - Sync 1 DAGs
[2024-05-08T14:18:12.496+0000] {logging_mixin.py:188} INFO - [2024-05-08T14:18:12.496+0000] {dag.py:3954} INFO - Setting next_dagrun for example_display_name to None, run_after=None
[2024-05-08T14:18:12.524+0000] {processor.py:183} INFO - Processing /home/airflow/.local/lib/python3.12/site-packages/airflow/example_dags/example_display_name.py took 0.096 seconds
[2024-05-08T14:18:42.818+0000] {processor.py:161} INFO - Started process (PID=3677) to work on /home/airflow/.local/lib/python3.12/site-packages/airflow/example_dags/example_display_name.py
[2024-05-08T14:18:42.820+0000] {processor.py:830} INFO - Processing file /home/airflow/.local/lib/python3.12/site-packages/airflow/example_dags/example_display_name.py for tasks to queue
[2024-05-08T14:18:42.824+0000] {logging_mixin.py:188} INFO - [2024-05-08T14:18:42.823+0000] {dagbag.py:545} INFO - Filling up the DagBag from /home/airflow/.local/lib/python3.12/site-packages/airflow/example_dags/example_display_name.py
[2024-05-08T14:18:42.831+0000] {processor.py:840} INFO - DAG(s) 'example_display_name' retrieved from /home/airflow/.local/lib/python3.12/site-packages/airflow/example_dags/example_display_name.py
[2024-05-08T14:18:42.856+0000] {logging_mixin.py:188} INFO - [2024-05-08T14:18:42.855+0000] {dag.py:3096} INFO - Sync 1 DAGs
[2024-05-08T14:18:42.873+0000] {logging_mixin.py:188} INFO - [2024-05-08T14:18:42.872+0000] {dag.py:3954} INFO - Setting next_dagrun for example_display_name to None, run_after=None
[2024-05-08T14:18:42.898+0000] {processor.py:183} INFO - Processing /home/airflow/.local/lib/python3.12/site-packages/airflow/example_dags/example_display_name.py took 0.086 seconds
[2024-05-08T14:19:12.953+0000] {processor.py:161} INFO - Started process (PID=3736) to work on /home/airflow/.local/lib/python3.12/site-packages/airflow/example_dags/example_display_name.py
[2024-05-08T14:19:12.954+0000] {processor.py:830} INFO - Processing file /home/airflow/.local/lib/python3.12/site-packages/airflow/example_dags/example_display_name.py for tasks to queue
[2024-05-08T14:19:12.957+0000] {logging_mixin.py:188} INFO - [2024-05-08T14:19:12.957+0000] {dagbag.py:545} INFO - Filling up the DagBag from /home/airflow/.local/lib/python3.12/site-packages/airflow/example_dags/example_display_name.py
[2024-05-08T14:19:12.963+0000] {processor.py:840} INFO - DAG(s) 'example_display_name' retrieved from /home/airflow/.local/lib/python3.12/site-packages/airflow/example_dags/example_display_name.py
[2024-05-08T14:19:12.990+0000] {logging_mixin.py:188} INFO - [2024-05-08T14:19:12.990+0000] {dag.py:3096} INFO - Sync 1 DAGs
[2024-05-08T14:19:13.005+0000] {logging_mixin.py:188} INFO - [2024-05-08T14:19:13.005+0000] {dag.py:3954} INFO - Setting next_dagrun for example_display_name to None, run_after=None
[2024-05-08T14:19:13.031+0000] {processor.py:183} INFO - Processing /home/airflow/.local/lib/python3.12/site-packages/airflow/example_dags/example_display_name.py took 0.085 seconds
[2024-05-08T14:19:43.419+0000] {processor.py:161} INFO - Started process (PID=3796) to work on /home/airflow/.local/lib/python3.12/site-packages/airflow/example_dags/example_display_name.py
[2024-05-08T14:19:43.420+0000] {processor.py:830} INFO - Processing file /home/airflow/.local/lib/python3.12/site-packages/airflow/example_dags/example_display_name.py for tasks to queue
[2024-05-08T14:19:43.423+0000] {logging_mixin.py:188} INFO - [2024-05-08T14:19:43.422+0000] {dagbag.py:545} INFO - Filling up the DagBag from /home/airflow/.local/lib/python3.12/site-packages/airflow/example_dags/example_display_name.py
[2024-05-08T14:19:43.430+0000] {processor.py:840} INFO - DAG(s) 'example_display_name' retrieved from /home/airflow/.local/lib/python3.12/site-packages/airflow/example_dags/example_display_name.py
[2024-05-08T14:19:43.458+0000] {logging_mixin.py:188} INFO - [2024-05-08T14:19:43.458+0000] {dag.py:3096} INFO - Sync 1 DAGs
[2024-05-08T14:19:43.473+0000] {logging_mixin.py:188} INFO - [2024-05-08T14:19:43.473+0000] {dag.py:3954} INFO - Setting next_dagrun for example_display_name to None, run_after=None
[2024-05-08T14:19:43.505+0000] {processor.py:183} INFO - Processing /home/airflow/.local/lib/python3.12/site-packages/airflow/example_dags/example_display_name.py took 0.092 seconds
[2024-05-08T14:20:13.583+0000] {processor.py:161} INFO - Started process (PID=3856) to work on /home/airflow/.local/lib/python3.12/site-packages/airflow/example_dags/example_display_name.py
[2024-05-08T14:20:13.584+0000] {processor.py:830} INFO - Processing file /home/airflow/.local/lib/python3.12/site-packages/airflow/example_dags/example_display_name.py for tasks to queue
[2024-05-08T14:20:13.587+0000] {logging_mixin.py:188} INFO - [2024-05-08T14:20:13.586+0000] {dagbag.py:545} INFO - Filling up the DagBag from /home/airflow/.local/lib/python3.12/site-packages/airflow/example_dags/example_display_name.py
[2024-05-08T14:20:13.594+0000] {processor.py:840} INFO - DAG(s) 'example_display_name' retrieved from /home/airflow/.local/lib/python3.12/site-packages/airflow/example_dags/example_display_name.py
[2024-05-08T14:20:13.617+0000] {logging_mixin.py:188} INFO - [2024-05-08T14:20:13.617+0000] {dag.py:3096} INFO - Sync 1 DAGs
[2024-05-08T14:20:13.634+0000] {logging_mixin.py:188} INFO - [2024-05-08T14:20:13.634+0000] {dag.py:3954} INFO - Setting next_dagrun for example_display_name to None, run_after=None
[2024-05-08T14:20:13.658+0000] {processor.py:183} INFO - Processing /home/airflow/.local/lib/python3.12/site-packages/airflow/example_dags/example_display_name.py took 0.082 seconds
[2024-05-08T14:20:44.754+0000] {processor.py:161} INFO - Started process (PID=3920) to work on /home/airflow/.local/lib/python3.12/site-packages/airflow/example_dags/example_display_name.py
[2024-05-08T14:20:44.756+0000] {processor.py:830} INFO - Processing file /home/airflow/.local/lib/python3.12/site-packages/airflow/example_dags/example_display_name.py for tasks to queue
[2024-05-08T14:20:44.758+0000] {logging_mixin.py:188} INFO - [2024-05-08T14:20:44.758+0000] {dagbag.py:545} INFO - Filling up the DagBag from /home/airflow/.local/lib/python3.12/site-packages/airflow/example_dags/example_display_name.py
[2024-05-08T14:20:44.765+0000] {processor.py:840} INFO - DAG(s) 'example_display_name' retrieved from /home/airflow/.local/lib/python3.12/site-packages/airflow/example_dags/example_display_name.py
[2024-05-08T14:20:44.792+0000] {logging_mixin.py:188} INFO - [2024-05-08T14:20:44.791+0000] {dag.py:3096} INFO - Sync 1 DAGs
[2024-05-08T14:20:44.809+0000] {logging_mixin.py:188} INFO - [2024-05-08T14:20:44.809+0000] {dag.py:3954} INFO - Setting next_dagrun for example_display_name to None, run_after=None
[2024-05-08T14:20:44.836+0000] {processor.py:183} INFO - Processing /home/airflow/.local/lib/python3.12/site-packages/airflow/example_dags/example_display_name.py took 0.089 seconds
[2024-05-08T14:21:15.386+0000] {processor.py:161} INFO - Started process (PID=3980) to work on /home/airflow/.local/lib/python3.12/site-packages/airflow/example_dags/example_display_name.py
[2024-05-08T14:21:15.387+0000] {processor.py:830} INFO - Processing file /home/airflow/.local/lib/python3.12/site-packages/airflow/example_dags/example_display_name.py for tasks to queue
[2024-05-08T14:21:15.390+0000] {logging_mixin.py:188} INFO - [2024-05-08T14:21:15.390+0000] {dagbag.py:545} INFO - Filling up the DagBag from /home/airflow/.local/lib/python3.12/site-packages/airflow/example_dags/example_display_name.py
[2024-05-08T14:21:15.398+0000] {processor.py:840} INFO - DAG(s) 'example_display_name' retrieved from /home/airflow/.local/lib/python3.12/site-packages/airflow/example_dags/example_display_name.py
[2024-05-08T14:21:15.427+0000] {logging_mixin.py:188} INFO - [2024-05-08T14:21:15.426+0000] {dag.py:3096} INFO - Sync 1 DAGs
[2024-05-08T14:21:15.446+0000] {logging_mixin.py:188} INFO - [2024-05-08T14:21:15.446+0000] {dag.py:3954} INFO - Setting next_dagrun for example_display_name to None, run_after=None
[2024-05-08T14:21:15.470+0000] {processor.py:183} INFO - Processing /home/airflow/.local/lib/python3.12/site-packages/airflow/example_dags/example_display_name.py took 0.094 seconds
[2024-05-08T14:21:47.779+0000] {processor.py:161} INFO - Started process (PID=4041) to work on /home/airflow/.local/lib/python3.12/site-packages/airflow/example_dags/example_display_name.py
[2024-05-08T14:21:47.781+0000] {processor.py:830} INFO - Processing file /home/airflow/.local/lib/python3.12/site-packages/airflow/example_dags/example_display_name.py for tasks to queue
[2024-05-08T14:21:47.785+0000] {logging_mixin.py:188} INFO - [2024-05-08T14:21:47.785+0000] {dagbag.py:545} INFO - Filling up the DagBag from /home/airflow/.local/lib/python3.12/site-packages/airflow/example_dags/example_display_name.py
[2024-05-08T14:21:47.798+0000] {processor.py:840} INFO - DAG(s) 'example_display_name' retrieved from /home/airflow/.local/lib/python3.12/site-packages/airflow/example_dags/example_display_name.py
[2024-05-08T14:21:47.854+0000] {logging_mixin.py:188} INFO - [2024-05-08T14:21:47.853+0000] {dag.py:3096} INFO - Sync 1 DAGs
[2024-05-08T14:21:47.887+0000] {logging_mixin.py:188} INFO - [2024-05-08T14:21:47.887+0000] {dag.py:3954} INFO - Setting next_dagrun for example_display_name to None, run_after=None
[2024-05-08T14:21:47.946+0000] {processor.py:183} INFO - Processing /home/airflow/.local/lib/python3.12/site-packages/airflow/example_dags/example_display_name.py took 0.180 seconds
[2024-05-08T14:22:18.214+0000] {processor.py:161} INFO - Started process (PID=4101) to work on /home/airflow/.local/lib/python3.12/site-packages/airflow/example_dags/example_display_name.py
[2024-05-08T14:22:18.216+0000] {processor.py:830} INFO - Processing file /home/airflow/.local/lib/python3.12/site-packages/airflow/example_dags/example_display_name.py for tasks to queue
[2024-05-08T14:22:18.219+0000] {logging_mixin.py:188} INFO - [2024-05-08T14:22:18.218+0000] {dagbag.py:545} INFO - Filling up the DagBag from /home/airflow/.local/lib/python3.12/site-packages/airflow/example_dags/example_display_name.py
[2024-05-08T14:22:18.227+0000] {processor.py:840} INFO - DAG(s) 'example_display_name' retrieved from /home/airflow/.local/lib/python3.12/site-packages/airflow/example_dags/example_display_name.py
[2024-05-08T14:22:18.260+0000] {logging_mixin.py:188} INFO - [2024-05-08T14:22:18.259+0000] {dag.py:3096} INFO - Sync 1 DAGs
[2024-05-08T14:22:18.276+0000] {logging_mixin.py:188} INFO - [2024-05-08T14:22:18.276+0000] {dag.py:3954} INFO - Setting next_dagrun for example_display_name to None, run_after=None
[2024-05-08T14:22:18.309+0000] {processor.py:183} INFO - Processing /home/airflow/.local/lib/python3.12/site-packages/airflow/example_dags/example_display_name.py took 0.103 seconds
[2024-05-08T14:22:48.497+0000] {processor.py:161} INFO - Started process (PID=4161) to work on /home/airflow/.local/lib/python3.12/site-packages/airflow/example_dags/example_display_name.py
[2024-05-08T14:22:48.499+0000] {processor.py:830} INFO - Processing file /home/airflow/.local/lib/python3.12/site-packages/airflow/example_dags/example_display_name.py for tasks to queue
[2024-05-08T14:22:48.502+0000] {logging_mixin.py:188} INFO - [2024-05-08T14:22:48.501+0000] {dagbag.py:545} INFO - Filling up the DagBag from /home/airflow/.local/lib/python3.12/site-packages/airflow/example_dags/example_display_name.py
[2024-05-08T14:22:48.509+0000] {processor.py:840} INFO - DAG(s) 'example_display_name' retrieved from /home/airflow/.local/lib/python3.12/site-packages/airflow/example_dags/example_display_name.py
[2024-05-08T14:22:48.536+0000] {logging_mixin.py:188} INFO - [2024-05-08T14:22:48.535+0000] {dag.py:3096} INFO - Sync 1 DAGs
[2024-05-08T14:22:48.556+0000] {logging_mixin.py:188} INFO - [2024-05-08T14:22:48.555+0000] {dag.py:3954} INFO - Setting next_dagrun for example_display_name to None, run_after=None
[2024-05-08T14:22:48.582+0000] {processor.py:183} INFO - Processing /home/airflow/.local/lib/python3.12/site-packages/airflow/example_dags/example_display_name.py took 0.094 seconds
[2024-05-08T14:23:19.351+0000] {processor.py:161} INFO - Started process (PID=4221) to work on /home/airflow/.local/lib/python3.12/site-packages/airflow/example_dags/example_display_name.py
[2024-05-08T14:23:19.352+0000] {processor.py:830} INFO - Processing file /home/airflow/.local/lib/python3.12/site-packages/airflow/example_dags/example_display_name.py for tasks to queue
[2024-05-08T14:23:19.355+0000] {logging_mixin.py:188} INFO - [2024-05-08T14:23:19.354+0000] {dagbag.py:545} INFO - Filling up the DagBag from /home/airflow/.local/lib/python3.12/site-packages/airflow/example_dags/example_display_name.py
[2024-05-08T14:23:19.361+0000] {processor.py:840} INFO - DAG(s) 'example_display_name' retrieved from /home/airflow/.local/lib/python3.12/site-packages/airflow/example_dags/example_display_name.py
[2024-05-08T14:23:19.386+0000] {logging_mixin.py:188} INFO - [2024-05-08T14:23:19.386+0000] {dag.py:3096} INFO - Sync 1 DAGs
[2024-05-08T14:23:19.408+0000] {logging_mixin.py:188} INFO - [2024-05-08T14:23:19.408+0000] {dag.py:3954} INFO - Setting next_dagrun for example_display_name to None, run_after=None
[2024-05-08T14:23:19.456+0000] {processor.py:183} INFO - Processing /home/airflow/.local/lib/python3.12/site-packages/airflow/example_dags/example_display_name.py took 0.113 seconds
