[2024-05-08T13:47:44.058+0000] {processor.py:161} INFO - Started process (PID=30) to work on /opt/airflow/dags/readWeather_dag.py
[2024-05-08T13:47:44.061+0000] {processor.py:830} INFO - Processing file /opt/airflow/dags/readWeather_dag.py for tasks to queue
[2024-05-08T13:47:44.067+0000] {logging_mixin.py:188} INFO - [2024-05-08T13:47:44.066+0000] {dagbag.py:545} INFO - Filling up the DagBag from /opt/airflow/dags/readWeather_dag.py
[2024-05-08T13:47:46.100+0000] {processor.py:840} INFO - DAG(s) 'weather_dag' retrieved from /opt/airflow/dags/readWeather_dag.py
[2024-05-08T13:47:46.148+0000] {logging_mixin.py:188} INFO - [2024-05-08T13:47:46.147+0000] {dag.py:3096} INFO - Sync 1 DAGs
[2024-05-08T13:47:46.214+0000] {logging_mixin.py:188} INFO - [2024-05-08T13:47:46.214+0000] {dag.py:3954} INFO - Setting next_dagrun for weather_dag to 2024-05-08 00:00:00+00:00, run_after=2024-05-09 00:00:00+00:00
[2024-05-08T13:47:46.265+0000] {processor.py:183} INFO - Processing /opt/airflow/dags/readWeather_dag.py took 2.224 seconds
[2024-05-08T13:48:16.423+0000] {processor.py:161} INFO - Started process (PID=92) to work on /opt/airflow/dags/readWeather_dag.py
[2024-05-08T13:48:16.425+0000] {processor.py:830} INFO - Processing file /opt/airflow/dags/readWeather_dag.py for tasks to queue
[2024-05-08T13:48:16.428+0000] {logging_mixin.py:188} INFO - [2024-05-08T13:48:16.427+0000] {dagbag.py:545} INFO - Filling up the DagBag from /opt/airflow/dags/readWeather_dag.py
[2024-05-08T13:48:16.901+0000] {processor.py:840} INFO - DAG(s) 'weather_dag' retrieved from /opt/airflow/dags/readWeather_dag.py
[2024-05-08T13:48:16.924+0000] {logging_mixin.py:188} INFO - [2024-05-08T13:48:16.923+0000] {dag.py:3096} INFO - Sync 1 DAGs
[2024-05-08T13:48:16.944+0000] {logging_mixin.py:188} INFO - [2024-05-08T13:48:16.944+0000] {dag.py:3954} INFO - Setting next_dagrun for weather_dag to 2024-05-08 00:00:00+00:00, run_after=2024-05-09 00:00:00+00:00
[2024-05-08T13:48:16.967+0000] {processor.py:183} INFO - Processing /opt/airflow/dags/readWeather_dag.py took 0.555 seconds
[2024-05-08T13:48:47.101+0000] {processor.py:161} INFO - Started process (PID=156) to work on /opt/airflow/dags/readWeather_dag.py
[2024-05-08T13:48:47.103+0000] {processor.py:830} INFO - Processing file /opt/airflow/dags/readWeather_dag.py for tasks to queue
[2024-05-08T13:48:47.106+0000] {logging_mixin.py:188} INFO - [2024-05-08T13:48:47.106+0000] {dagbag.py:545} INFO - Filling up the DagBag from /opt/airflow/dags/readWeather_dag.py
[2024-05-08T13:48:47.576+0000] {processor.py:840} INFO - DAG(s) 'weather_dag' retrieved from /opt/airflow/dags/readWeather_dag.py
[2024-05-08T13:48:47.598+0000] {logging_mixin.py:188} INFO - [2024-05-08T13:48:47.597+0000] {dag.py:3096} INFO - Sync 1 DAGs
[2024-05-08T13:48:47.621+0000] {logging_mixin.py:188} INFO - [2024-05-08T13:48:47.620+0000] {dag.py:3954} INFO - Setting next_dagrun for weather_dag to 2024-05-08 00:00:00+00:00, run_after=2024-05-09 00:00:00+00:00
[2024-05-08T13:48:47.661+0000] {processor.py:183} INFO - Processing /opt/airflow/dags/readWeather_dag.py took 0.568 seconds
[2024-05-08T13:49:17.822+0000] {processor.py:161} INFO - Started process (PID=212) to work on /opt/airflow/dags/readWeather_dag.py
[2024-05-08T13:49:17.824+0000] {processor.py:830} INFO - Processing file /opt/airflow/dags/readWeather_dag.py for tasks to queue
[2024-05-08T13:49:17.828+0000] {logging_mixin.py:188} INFO - [2024-05-08T13:49:17.827+0000] {dagbag.py:545} INFO - Filling up the DagBag from /opt/airflow/dags/readWeather_dag.py
[2024-05-08T13:49:18.807+0000] {processor.py:840} INFO - DAG(s) 'weather_dag' retrieved from /opt/airflow/dags/readWeather_dag.py
[2024-05-08T13:49:18.842+0000] {logging_mixin.py:188} INFO - [2024-05-08T13:49:18.841+0000] {dag.py:3096} INFO - Sync 1 DAGs
[2024-05-08T13:49:18.872+0000] {logging_mixin.py:188} INFO - [2024-05-08T13:49:18.872+0000] {dag.py:3954} INFO - Setting next_dagrun for weather_dag to 2024-05-08 00:00:00+00:00, run_after=2024-05-09 00:00:00+00:00
[2024-05-08T13:49:18.899+0000] {processor.py:183} INFO - Processing /opt/airflow/dags/readWeather_dag.py took 1.088 seconds
[2024-05-08T13:49:49.183+0000] {processor.py:161} INFO - Started process (PID=273) to work on /opt/airflow/dags/readWeather_dag.py
[2024-05-08T13:49:49.186+0000] {processor.py:830} INFO - Processing file /opt/airflow/dags/readWeather_dag.py for tasks to queue
[2024-05-08T13:49:49.189+0000] {logging_mixin.py:188} INFO - [2024-05-08T13:49:49.188+0000] {dagbag.py:545} INFO - Filling up the DagBag from /opt/airflow/dags/readWeather_dag.py
[2024-05-08T13:49:49.714+0000] {processor.py:840} INFO - DAG(s) 'weather_dag' retrieved from /opt/airflow/dags/readWeather_dag.py
[2024-05-08T13:49:49.738+0000] {logging_mixin.py:188} INFO - [2024-05-08T13:49:49.737+0000] {dag.py:3096} INFO - Sync 1 DAGs
[2024-05-08T13:49:49.760+0000] {logging_mixin.py:188} INFO - [2024-05-08T13:49:49.759+0000] {dag.py:3954} INFO - Setting next_dagrun for weather_dag to 2024-05-08 00:00:00+00:00, run_after=2024-05-09 00:00:00+00:00
[2024-05-08T13:49:49.782+0000] {processor.py:183} INFO - Processing /opt/airflow/dags/readWeather_dag.py took 0.606 seconds
[2024-05-08T13:50:19.885+0000] {processor.py:161} INFO - Started process (PID=342) to work on /opt/airflow/dags/readWeather_dag.py
[2024-05-08T13:50:19.886+0000] {processor.py:830} INFO - Processing file /opt/airflow/dags/readWeather_dag.py for tasks to queue
[2024-05-08T13:50:19.889+0000] {logging_mixin.py:188} INFO - [2024-05-08T13:50:19.888+0000] {dagbag.py:545} INFO - Filling up the DagBag from /opt/airflow/dags/readWeather_dag.py
[2024-05-08T13:50:20.346+0000] {processor.py:840} INFO - DAG(s) 'weather_dag' retrieved from /opt/airflow/dags/readWeather_dag.py
[2024-05-08T13:50:20.365+0000] {logging_mixin.py:188} INFO - [2024-05-08T13:50:20.365+0000] {dag.py:3096} INFO - Sync 1 DAGs
[2024-05-08T13:50:20.387+0000] {logging_mixin.py:188} INFO - [2024-05-08T13:50:20.387+0000] {dag.py:3954} INFO - Setting next_dagrun for weather_dag to 2024-05-08 00:00:00+00:00, run_after=2024-05-09 00:00:00+00:00
[2024-05-08T13:50:20.407+0000] {processor.py:183} INFO - Processing /opt/airflow/dags/readWeather_dag.py took 0.530 seconds
[2024-05-08T13:50:51.195+0000] {processor.py:161} INFO - Started process (PID=403) to work on /opt/airflow/dags/readWeather_dag.py
[2024-05-08T13:50:51.197+0000] {processor.py:830} INFO - Processing file /opt/airflow/dags/readWeather_dag.py for tasks to queue
[2024-05-08T13:50:51.200+0000] {logging_mixin.py:188} INFO - [2024-05-08T13:50:51.199+0000] {dagbag.py:545} INFO - Filling up the DagBag from /opt/airflow/dags/readWeather_dag.py
[2024-05-08T13:50:51.786+0000] {processor.py:840} INFO - DAG(s) 'weather_dag' retrieved from /opt/airflow/dags/readWeather_dag.py
[2024-05-08T13:50:51.807+0000] {logging_mixin.py:188} INFO - [2024-05-08T13:50:51.806+0000] {dag.py:3096} INFO - Sync 1 DAGs
[2024-05-08T13:50:51.829+0000] {logging_mixin.py:188} INFO - [2024-05-08T13:50:51.828+0000] {dag.py:3954} INFO - Setting next_dagrun for weather_dag to 2024-05-08 00:00:00+00:00, run_after=2024-05-09 00:00:00+00:00
[2024-05-08T13:50:51.853+0000] {processor.py:183} INFO - Processing /opt/airflow/dags/readWeather_dag.py took 0.669 seconds
[2024-05-08T13:51:21.929+0000] {processor.py:161} INFO - Started process (PID=463) to work on /opt/airflow/dags/readWeather_dag.py
[2024-05-08T13:51:21.930+0000] {processor.py:830} INFO - Processing file /opt/airflow/dags/readWeather_dag.py for tasks to queue
[2024-05-08T13:51:21.933+0000] {logging_mixin.py:188} INFO - [2024-05-08T13:51:21.933+0000] {dagbag.py:545} INFO - Filling up the DagBag from /opt/airflow/dags/readWeather_dag.py
[2024-05-08T13:51:22.392+0000] {processor.py:840} INFO - DAG(s) 'weather_dag' retrieved from /opt/airflow/dags/readWeather_dag.py
[2024-05-08T13:51:22.412+0000] {logging_mixin.py:188} INFO - [2024-05-08T13:51:22.411+0000] {dag.py:3096} INFO - Sync 1 DAGs
[2024-05-08T13:51:22.433+0000] {logging_mixin.py:188} INFO - [2024-05-08T13:51:22.433+0000] {dag.py:3954} INFO - Setting next_dagrun for weather_dag to 2024-05-08 00:00:00+00:00, run_after=2024-05-09 00:00:00+00:00
[2024-05-08T13:51:22.455+0000] {processor.py:183} INFO - Processing /opt/airflow/dags/readWeather_dag.py took 0.535 seconds
[2024-05-08T13:51:52.638+0000] {processor.py:161} INFO - Started process (PID=525) to work on /opt/airflow/dags/readWeather_dag.py
[2024-05-08T13:51:52.642+0000] {processor.py:830} INFO - Processing file /opt/airflow/dags/readWeather_dag.py for tasks to queue
[2024-05-08T13:51:52.646+0000] {logging_mixin.py:188} INFO - [2024-05-08T13:51:52.645+0000] {dagbag.py:545} INFO - Filling up the DagBag from /opt/airflow/dags/readWeather_dag.py
[2024-05-08T13:51:53.214+0000] {processor.py:840} INFO - DAG(s) 'weather_dag' retrieved from /opt/airflow/dags/readWeather_dag.py
[2024-05-08T13:51:53.233+0000] {logging_mixin.py:188} INFO - [2024-05-08T13:51:53.233+0000] {dag.py:3096} INFO - Sync 1 DAGs
[2024-05-08T13:51:53.255+0000] {logging_mixin.py:188} INFO - [2024-05-08T13:51:53.255+0000] {dag.py:3954} INFO - Setting next_dagrun for weather_dag to 2024-05-08 00:00:00+00:00, run_after=2024-05-09 00:00:00+00:00
[2024-05-08T13:51:53.279+0000] {processor.py:183} INFO - Processing /opt/airflow/dags/readWeather_dag.py took 0.649 seconds
[2024-05-08T13:52:23.602+0000] {processor.py:161} INFO - Started process (PID=583) to work on /opt/airflow/dags/readWeather_dag.py
[2024-05-08T13:52:23.604+0000] {processor.py:830} INFO - Processing file /opt/airflow/dags/readWeather_dag.py for tasks to queue
[2024-05-08T13:52:23.608+0000] {logging_mixin.py:188} INFO - [2024-05-08T13:52:23.607+0000] {dagbag.py:545} INFO - Filling up the DagBag from /opt/airflow/dags/readWeather_dag.py
[2024-05-08T13:52:24.084+0000] {processor.py:840} INFO - DAG(s) 'weather_dag' retrieved from /opt/airflow/dags/readWeather_dag.py
[2024-05-08T13:52:24.105+0000] {logging_mixin.py:188} INFO - [2024-05-08T13:52:24.103+0000] {dag.py:3096} INFO - Sync 1 DAGs
[2024-05-08T13:52:24.126+0000] {logging_mixin.py:188} INFO - [2024-05-08T13:52:24.126+0000] {dag.py:3954} INFO - Setting next_dagrun for weather_dag to 2024-05-08 00:00:00+00:00, run_after=2024-05-09 00:00:00+00:00
[2024-05-08T13:52:24.146+0000] {processor.py:183} INFO - Processing /opt/airflow/dags/readWeather_dag.py took 0.554 seconds
[2024-05-08T13:52:54.996+0000] {processor.py:161} INFO - Started process (PID=643) to work on /opt/airflow/dags/readWeather_dag.py
[2024-05-08T13:52:54.998+0000] {processor.py:830} INFO - Processing file /opt/airflow/dags/readWeather_dag.py for tasks to queue
[2024-05-08T13:52:55.002+0000] {logging_mixin.py:188} INFO - [2024-05-08T13:52:55.001+0000] {dagbag.py:545} INFO - Filling up the DagBag from /opt/airflow/dags/readWeather_dag.py
[2024-05-08T13:52:55.464+0000] {processor.py:840} INFO - DAG(s) 'weather_dag' retrieved from /opt/airflow/dags/readWeather_dag.py
[2024-05-08T13:52:55.490+0000] {logging_mixin.py:188} INFO - [2024-05-08T13:52:55.490+0000] {dag.py:3096} INFO - Sync 1 DAGs
[2024-05-08T13:52:55.525+0000] {logging_mixin.py:188} INFO - [2024-05-08T13:52:55.524+0000] {dag.py:3954} INFO - Setting next_dagrun for weather_dag to 2024-05-08 00:00:00+00:00, run_after=2024-05-09 00:00:00+00:00
[2024-05-08T13:52:55.567+0000] {processor.py:183} INFO - Processing /opt/airflow/dags/readWeather_dag.py took 0.577 seconds
[2024-05-08T13:53:25.666+0000] {processor.py:161} INFO - Started process (PID=702) to work on /opt/airflow/dags/readWeather_dag.py
[2024-05-08T13:53:25.667+0000] {processor.py:830} INFO - Processing file /opt/airflow/dags/readWeather_dag.py for tasks to queue
[2024-05-08T13:53:25.670+0000] {logging_mixin.py:188} INFO - [2024-05-08T13:53:25.670+0000] {dagbag.py:545} INFO - Filling up the DagBag from /opt/airflow/dags/readWeather_dag.py
[2024-05-08T13:53:26.162+0000] {processor.py:840} INFO - DAG(s) 'weather_dag' retrieved from /opt/airflow/dags/readWeather_dag.py
[2024-05-08T13:53:26.182+0000] {logging_mixin.py:188} INFO - [2024-05-08T13:53:26.181+0000] {dag.py:3096} INFO - Sync 1 DAGs
[2024-05-08T13:53:26.204+0000] {logging_mixin.py:188} INFO - [2024-05-08T13:53:26.203+0000] {dag.py:3954} INFO - Setting next_dagrun for weather_dag to 2024-05-08 00:00:00+00:00, run_after=2024-05-09 00:00:00+00:00
[2024-05-08T13:53:26.226+0000] {processor.py:183} INFO - Processing /opt/airflow/dags/readWeather_dag.py took 0.568 seconds
[2024-05-08T13:53:56.915+0000] {processor.py:161} INFO - Started process (PID=762) to work on /opt/airflow/dags/readWeather_dag.py
[2024-05-08T13:53:56.917+0000] {processor.py:830} INFO - Processing file /opt/airflow/dags/readWeather_dag.py for tasks to queue
[2024-05-08T13:53:56.920+0000] {logging_mixin.py:188} INFO - [2024-05-08T13:53:56.919+0000] {dagbag.py:545} INFO - Filling up the DagBag from /opt/airflow/dags/readWeather_dag.py
[2024-05-08T13:53:57.368+0000] {processor.py:840} INFO - DAG(s) 'weather_dag' retrieved from /opt/airflow/dags/readWeather_dag.py
[2024-05-08T13:53:57.389+0000] {logging_mixin.py:188} INFO - [2024-05-08T13:53:57.389+0000] {dag.py:3096} INFO - Sync 1 DAGs
[2024-05-08T13:53:57.412+0000] {logging_mixin.py:188} INFO - [2024-05-08T13:53:57.411+0000] {dag.py:3954} INFO - Setting next_dagrun for weather_dag to 2024-05-08 00:00:00+00:00, run_after=2024-05-09 00:00:00+00:00
[2024-05-08T13:53:57.435+0000] {processor.py:183} INFO - Processing /opt/airflow/dags/readWeather_dag.py took 0.526 seconds
[2024-05-08T13:54:27.998+0000] {processor.py:161} INFO - Started process (PID=822) to work on /opt/airflow/dags/readWeather_dag.py
[2024-05-08T13:54:28.000+0000] {processor.py:830} INFO - Processing file /opt/airflow/dags/readWeather_dag.py for tasks to queue
[2024-05-08T13:54:28.002+0000] {logging_mixin.py:188} INFO - [2024-05-08T13:54:28.002+0000] {dagbag.py:545} INFO - Filling up the DagBag from /opt/airflow/dags/readWeather_dag.py
[2024-05-08T13:54:28.419+0000] {processor.py:840} INFO - DAG(s) 'weather_dag' retrieved from /opt/airflow/dags/readWeather_dag.py
[2024-05-08T13:54:28.447+0000] {logging_mixin.py:188} INFO - [2024-05-08T13:54:28.447+0000] {dag.py:3096} INFO - Sync 1 DAGs
[2024-05-08T13:54:28.469+0000] {logging_mixin.py:188} INFO - [2024-05-08T13:54:28.468+0000] {dag.py:3954} INFO - Setting next_dagrun for weather_dag to 2024-05-08 00:00:00+00:00, run_after=2024-05-09 00:00:00+00:00
[2024-05-08T13:54:28.492+0000] {processor.py:183} INFO - Processing /opt/airflow/dags/readWeather_dag.py took 0.503 seconds
[2024-05-08T13:54:59.298+0000] {processor.py:161} INFO - Started process (PID=882) to work on /opt/airflow/dags/readWeather_dag.py
[2024-05-08T13:54:59.299+0000] {processor.py:830} INFO - Processing file /opt/airflow/dags/readWeather_dag.py for tasks to queue
[2024-05-08T13:54:59.302+0000] {logging_mixin.py:188} INFO - [2024-05-08T13:54:59.301+0000] {dagbag.py:545} INFO - Filling up the DagBag from /opt/airflow/dags/readWeather_dag.py
[2024-05-08T13:54:59.778+0000] {processor.py:840} INFO - DAG(s) 'weather_dag' retrieved from /opt/airflow/dags/readWeather_dag.py
[2024-05-08T13:54:59.798+0000] {logging_mixin.py:188} INFO - [2024-05-08T13:54:59.798+0000] {dag.py:3096} INFO - Sync 1 DAGs
[2024-05-08T13:54:59.818+0000] {logging_mixin.py:188} INFO - [2024-05-08T13:54:59.818+0000] {dag.py:3954} INFO - Setting next_dagrun for weather_dag to 2024-05-08 00:00:00+00:00, run_after=2024-05-09 00:00:00+00:00
[2024-05-08T13:54:59.838+0000] {processor.py:183} INFO - Processing /opt/airflow/dags/readWeather_dag.py took 0.550 seconds
[2024-05-08T13:55:30.183+0000] {processor.py:161} INFO - Started process (PID=943) to work on /opt/airflow/dags/readWeather_dag.py
[2024-05-08T13:55:30.184+0000] {processor.py:830} INFO - Processing file /opt/airflow/dags/readWeather_dag.py for tasks to queue
[2024-05-08T13:55:30.186+0000] {logging_mixin.py:188} INFO - [2024-05-08T13:55:30.186+0000] {dagbag.py:545} INFO - Filling up the DagBag from /opt/airflow/dags/readWeather_dag.py
[2024-05-08T13:55:30.755+0000] {processor.py:840} INFO - DAG(s) 'weather_dag' retrieved from /opt/airflow/dags/readWeather_dag.py
[2024-05-08T13:55:30.776+0000] {logging_mixin.py:188} INFO - [2024-05-08T13:55:30.775+0000] {dag.py:3096} INFO - Sync 1 DAGs
[2024-05-08T13:55:30.796+0000] {logging_mixin.py:188} INFO - [2024-05-08T13:55:30.796+0000] {dag.py:3954} INFO - Setting next_dagrun for weather_dag to 2024-05-08 00:00:00+00:00, run_after=2024-05-09 00:00:00+00:00
[2024-05-08T13:55:30.818+0000] {processor.py:183} INFO - Processing /opt/airflow/dags/readWeather_dag.py took 0.642 seconds
[2024-05-08T13:56:01.035+0000] {processor.py:161} INFO - Started process (PID=1002) to work on /opt/airflow/dags/readWeather_dag.py
[2024-05-08T13:56:01.036+0000] {processor.py:830} INFO - Processing file /opt/airflow/dags/readWeather_dag.py for tasks to queue
[2024-05-08T13:56:01.039+0000] {logging_mixin.py:188} INFO - [2024-05-08T13:56:01.038+0000] {dagbag.py:545} INFO - Filling up the DagBag from /opt/airflow/dags/readWeather_dag.py
[2024-05-08T13:56:01.533+0000] {processor.py:840} INFO - DAG(s) 'weather_dag' retrieved from /opt/airflow/dags/readWeather_dag.py
[2024-05-08T13:56:01.558+0000] {logging_mixin.py:188} INFO - [2024-05-08T13:56:01.557+0000] {dag.py:3096} INFO - Sync 1 DAGs
[2024-05-08T13:56:01.583+0000] {logging_mixin.py:188} INFO - [2024-05-08T13:56:01.583+0000] {dag.py:3954} INFO - Setting next_dagrun for weather_dag to 2024-05-08 00:00:00+00:00, run_after=2024-05-09 00:00:00+00:00
[2024-05-08T13:56:01.607+0000] {processor.py:183} INFO - Processing /opt/airflow/dags/readWeather_dag.py took 0.583 seconds
[2024-05-08T13:56:32.053+0000] {processor.py:161} INFO - Started process (PID=1064) to work on /opt/airflow/dags/readWeather_dag.py
[2024-05-08T13:56:32.054+0000] {processor.py:830} INFO - Processing file /opt/airflow/dags/readWeather_dag.py for tasks to queue
[2024-05-08T13:56:32.057+0000] {logging_mixin.py:188} INFO - [2024-05-08T13:56:32.056+0000] {dagbag.py:545} INFO - Filling up the DagBag from /opt/airflow/dags/readWeather_dag.py
[2024-05-08T13:56:32.542+0000] {processor.py:840} INFO - DAG(s) 'weather_dag' retrieved from /opt/airflow/dags/readWeather_dag.py
[2024-05-08T13:56:32.563+0000] {logging_mixin.py:188} INFO - [2024-05-08T13:56:32.563+0000] {dag.py:3096} INFO - Sync 1 DAGs
[2024-05-08T13:56:32.584+0000] {logging_mixin.py:188} INFO - [2024-05-08T13:56:32.584+0000] {dag.py:3954} INFO - Setting next_dagrun for weather_dag to 2024-05-08 00:00:00+00:00, run_after=2024-05-09 00:00:00+00:00
[2024-05-08T13:56:32.606+0000] {processor.py:183} INFO - Processing /opt/airflow/dags/readWeather_dag.py took 0.559 seconds
[2024-05-08T13:57:02.689+0000] {processor.py:161} INFO - Started process (PID=1127) to work on /opt/airflow/dags/readWeather_dag.py
[2024-05-08T13:57:02.690+0000] {processor.py:830} INFO - Processing file /opt/airflow/dags/readWeather_dag.py for tasks to queue
[2024-05-08T13:57:02.692+0000] {logging_mixin.py:188} INFO - [2024-05-08T13:57:02.692+0000] {dagbag.py:545} INFO - Filling up the DagBag from /opt/airflow/dags/readWeather_dag.py
[2024-05-08T13:57:03.201+0000] {processor.py:840} INFO - DAG(s) 'weather_dag' retrieved from /opt/airflow/dags/readWeather_dag.py
[2024-05-08T13:57:03.226+0000] {logging_mixin.py:188} INFO - [2024-05-08T13:57:03.225+0000] {dag.py:3096} INFO - Sync 1 DAGs
[2024-05-08T13:57:03.252+0000] {logging_mixin.py:188} INFO - [2024-05-08T13:57:03.252+0000] {dag.py:3954} INFO - Setting next_dagrun for weather_dag to 2024-05-08 00:00:00+00:00, run_after=2024-05-09 00:00:00+00:00
[2024-05-08T13:57:03.274+0000] {processor.py:183} INFO - Processing /opt/airflow/dags/readWeather_dag.py took 0.591 seconds
[2024-05-08T13:57:33.388+0000] {processor.py:161} INFO - Started process (PID=1183) to work on /opt/airflow/dags/readWeather_dag.py
[2024-05-08T13:57:33.389+0000] {processor.py:830} INFO - Processing file /opt/airflow/dags/readWeather_dag.py for tasks to queue
[2024-05-08T13:57:33.392+0000] {logging_mixin.py:188} INFO - [2024-05-08T13:57:33.392+0000] {dagbag.py:545} INFO - Filling up the DagBag from /opt/airflow/dags/readWeather_dag.py
[2024-05-08T13:57:33.875+0000] {processor.py:840} INFO - DAG(s) 'weather_dag' retrieved from /opt/airflow/dags/readWeather_dag.py
[2024-05-08T13:57:33.904+0000] {logging_mixin.py:188} INFO - [2024-05-08T13:57:33.902+0000] {dag.py:3096} INFO - Sync 1 DAGs
[2024-05-08T13:57:33.938+0000] {logging_mixin.py:188} INFO - [2024-05-08T13:57:33.937+0000] {dag.py:3954} INFO - Setting next_dagrun for weather_dag to 2024-05-08 00:00:00+00:00, run_after=2024-05-09 00:00:00+00:00
[2024-05-08T13:57:33.972+0000] {processor.py:183} INFO - Processing /opt/airflow/dags/readWeather_dag.py took 0.593 seconds
[2024-05-08T13:58:04.103+0000] {processor.py:161} INFO - Started process (PID=1243) to work on /opt/airflow/dags/readWeather_dag.py
[2024-05-08T13:58:04.104+0000] {processor.py:830} INFO - Processing file /opt/airflow/dags/readWeather_dag.py for tasks to queue
[2024-05-08T13:58:04.107+0000] {logging_mixin.py:188} INFO - [2024-05-08T13:58:04.107+0000] {dagbag.py:545} INFO - Filling up the DagBag from /opt/airflow/dags/readWeather_dag.py
[2024-05-08T13:58:04.578+0000] {processor.py:840} INFO - DAG(s) 'weather_dag' retrieved from /opt/airflow/dags/readWeather_dag.py
[2024-05-08T13:58:04.596+0000] {logging_mixin.py:188} INFO - [2024-05-08T13:58:04.596+0000] {dag.py:3096} INFO - Sync 1 DAGs
[2024-05-08T13:58:04.617+0000] {logging_mixin.py:188} INFO - [2024-05-08T13:58:04.617+0000] {dag.py:3954} INFO - Setting next_dagrun for weather_dag to 2024-05-08 00:00:00+00:00, run_after=2024-05-09 00:00:00+00:00
[2024-05-08T13:58:04.637+0000] {processor.py:183} INFO - Processing /opt/airflow/dags/readWeather_dag.py took 0.543 seconds
[2024-05-08T13:58:35.397+0000] {processor.py:161} INFO - Started process (PID=1303) to work on /opt/airflow/dags/readWeather_dag.py
[2024-05-08T13:58:35.399+0000] {processor.py:830} INFO - Processing file /opt/airflow/dags/readWeather_dag.py for tasks to queue
[2024-05-08T13:58:35.401+0000] {logging_mixin.py:188} INFO - [2024-05-08T13:58:35.401+0000] {dagbag.py:545} INFO - Filling up the DagBag from /opt/airflow/dags/readWeather_dag.py
[2024-05-08T13:58:35.840+0000] {processor.py:840} INFO - DAG(s) 'weather_dag' retrieved from /opt/airflow/dags/readWeather_dag.py
[2024-05-08T13:58:35.858+0000] {logging_mixin.py:188} INFO - [2024-05-08T13:58:35.858+0000] {dag.py:3096} INFO - Sync 1 DAGs
[2024-05-08T13:58:35.878+0000] {logging_mixin.py:188} INFO - [2024-05-08T13:58:35.878+0000] {dag.py:3954} INFO - Setting next_dagrun for weather_dag to 2024-05-08 00:00:00+00:00, run_after=2024-05-09 00:00:00+00:00
[2024-05-08T13:58:35.899+0000] {processor.py:183} INFO - Processing /opt/airflow/dags/readWeather_dag.py took 0.511 seconds
[2024-05-08T13:59:06.547+0000] {processor.py:161} INFO - Started process (PID=1363) to work on /opt/airflow/dags/readWeather_dag.py
[2024-05-08T13:59:06.549+0000] {processor.py:830} INFO - Processing file /opt/airflow/dags/readWeather_dag.py for tasks to queue
[2024-05-08T13:59:06.557+0000] {logging_mixin.py:188} INFO - [2024-05-08T13:59:06.556+0000] {dagbag.py:545} INFO - Filling up the DagBag from /opt/airflow/dags/readWeather_dag.py
[2024-05-08T13:59:07.148+0000] {processor.py:840} INFO - DAG(s) 'weather_dag' retrieved from /opt/airflow/dags/readWeather_dag.py
[2024-05-08T13:59:07.168+0000] {logging_mixin.py:188} INFO - [2024-05-08T13:59:07.168+0000] {dag.py:3096} INFO - Sync 1 DAGs
[2024-05-08T13:59:07.189+0000] {logging_mixin.py:188} INFO - [2024-05-08T13:59:07.189+0000] {dag.py:3954} INFO - Setting next_dagrun for weather_dag to 2024-05-08 00:00:00+00:00, run_after=2024-05-09 00:00:00+00:00
[2024-05-08T13:59:07.210+0000] {processor.py:183} INFO - Processing /opt/airflow/dags/readWeather_dag.py took 0.678 seconds
[2024-05-08T13:59:38.092+0000] {processor.py:161} INFO - Started process (PID=1423) to work on /opt/airflow/dags/readWeather_dag.py
[2024-05-08T13:59:38.094+0000] {processor.py:830} INFO - Processing file /opt/airflow/dags/readWeather_dag.py for tasks to queue
[2024-05-08T13:59:38.097+0000] {logging_mixin.py:188} INFO - [2024-05-08T13:59:38.096+0000] {dagbag.py:545} INFO - Filling up the DagBag from /opt/airflow/dags/readWeather_dag.py
[2024-05-08T13:59:38.521+0000] {processor.py:840} INFO - DAG(s) 'weather_dag' retrieved from /opt/airflow/dags/readWeather_dag.py
[2024-05-08T13:59:38.539+0000] {logging_mixin.py:188} INFO - [2024-05-08T13:59:38.539+0000] {dag.py:3096} INFO - Sync 1 DAGs
[2024-05-08T13:59:38.560+0000] {logging_mixin.py:188} INFO - [2024-05-08T13:59:38.560+0000] {dag.py:3954} INFO - Setting next_dagrun for weather_dag to 2024-05-08 00:00:00+00:00, run_after=2024-05-09 00:00:00+00:00
[2024-05-08T13:59:38.580+0000] {processor.py:183} INFO - Processing /opt/airflow/dags/readWeather_dag.py took 0.497 seconds
[2024-05-08T14:00:08.786+0000] {processor.py:161} INFO - Started process (PID=1483) to work on /opt/airflow/dags/readWeather_dag.py
[2024-05-08T14:00:08.788+0000] {processor.py:830} INFO - Processing file /opt/airflow/dags/readWeather_dag.py for tasks to queue
[2024-05-08T14:00:08.791+0000] {logging_mixin.py:188} INFO - [2024-05-08T14:00:08.790+0000] {dagbag.py:545} INFO - Filling up the DagBag from /opt/airflow/dags/readWeather_dag.py
[2024-05-08T14:00:09.292+0000] {processor.py:840} INFO - DAG(s) 'weather_dag' retrieved from /opt/airflow/dags/readWeather_dag.py
[2024-05-08T14:00:09.315+0000] {logging_mixin.py:188} INFO - [2024-05-08T14:00:09.314+0000] {dag.py:3096} INFO - Sync 1 DAGs
[2024-05-08T14:00:09.338+0000] {logging_mixin.py:188} INFO - [2024-05-08T14:00:09.338+0000] {dag.py:3954} INFO - Setting next_dagrun for weather_dag to 2024-05-08 00:00:00+00:00, run_after=2024-05-09 00:00:00+00:00
[2024-05-08T14:00:09.362+0000] {processor.py:183} INFO - Processing /opt/airflow/dags/readWeather_dag.py took 0.583 seconds
[2024-05-08T14:00:39.709+0000] {processor.py:161} INFO - Started process (PID=1544) to work on /opt/airflow/dags/readWeather_dag.py
[2024-05-08T14:00:39.710+0000] {processor.py:830} INFO - Processing file /opt/airflow/dags/readWeather_dag.py for tasks to queue
[2024-05-08T14:00:39.713+0000] {logging_mixin.py:188} INFO - [2024-05-08T14:00:39.713+0000] {dagbag.py:545} INFO - Filling up the DagBag from /opt/airflow/dags/readWeather_dag.py
[2024-05-08T14:00:40.316+0000] {processor.py:840} INFO - DAG(s) 'weather_dag' retrieved from /opt/airflow/dags/readWeather_dag.py
[2024-05-08T14:00:40.341+0000] {logging_mixin.py:188} INFO - [2024-05-08T14:00:40.340+0000] {dag.py:3096} INFO - Sync 1 DAGs
[2024-05-08T14:00:40.365+0000] {logging_mixin.py:188} INFO - [2024-05-08T14:00:40.365+0000] {dag.py:3954} INFO - Setting next_dagrun for weather_dag to 2024-05-08 00:00:00+00:00, run_after=2024-05-09 00:00:00+00:00
[2024-05-08T14:00:40.389+0000] {processor.py:183} INFO - Processing /opt/airflow/dags/readWeather_dag.py took 0.688 seconds
[2024-05-08T14:01:10.445+0000] {processor.py:161} INFO - Started process (PID=1604) to work on /opt/airflow/dags/readWeather_dag.py
[2024-05-08T14:01:10.446+0000] {processor.py:830} INFO - Processing file /opt/airflow/dags/readWeather_dag.py for tasks to queue
[2024-05-08T14:01:10.449+0000] {logging_mixin.py:188} INFO - [2024-05-08T14:01:10.448+0000] {dagbag.py:545} INFO - Filling up the DagBag from /opt/airflow/dags/readWeather_dag.py
[2024-05-08T14:01:10.788+0000] {processor.py:840} INFO - DAG(s) 'weather_dag' retrieved from /opt/airflow/dags/readWeather_dag.py
[2024-05-08T14:01:10.814+0000] {logging_mixin.py:188} INFO - [2024-05-08T14:01:10.813+0000] {dag.py:3096} INFO - Sync 1 DAGs
[2024-05-08T14:01:10.837+0000] {logging_mixin.py:188} INFO - [2024-05-08T14:01:10.837+0000] {dag.py:3954} INFO - Setting next_dagrun for weather_dag to 2024-05-08 00:00:00+00:00, run_after=2024-05-09 00:00:00+00:00
[2024-05-08T14:01:10.859+0000] {processor.py:183} INFO - Processing /opt/airflow/dags/readWeather_dag.py took 0.421 seconds
[2024-05-08T14:01:41.187+0000] {processor.py:161} INFO - Started process (PID=1662) to work on /opt/airflow/dags/readWeather_dag.py
[2024-05-08T14:01:41.189+0000] {processor.py:830} INFO - Processing file /opt/airflow/dags/readWeather_dag.py for tasks to queue
[2024-05-08T14:01:41.192+0000] {logging_mixin.py:188} INFO - [2024-05-08T14:01:41.191+0000] {dagbag.py:545} INFO - Filling up the DagBag from /opt/airflow/dags/readWeather_dag.py
[2024-05-08T14:01:41.611+0000] {processor.py:840} INFO - DAG(s) 'weather_dag' retrieved from /opt/airflow/dags/readWeather_dag.py
[2024-05-08T14:01:41.658+0000] {logging_mixin.py:188} INFO - [2024-05-08T14:01:41.657+0000] {dag.py:3096} INFO - Sync 1 DAGs
[2024-05-08T14:01:41.698+0000] {logging_mixin.py:188} INFO - [2024-05-08T14:01:41.698+0000] {dag.py:3954} INFO - Setting next_dagrun for weather_dag to 2024-05-08 00:00:00+00:00, run_after=2024-05-09 00:00:00+00:00
[2024-05-08T14:01:41.727+0000] {processor.py:183} INFO - Processing /opt/airflow/dags/readWeather_dag.py took 0.549 seconds
[2024-05-08T14:02:12.043+0000] {processor.py:161} INFO - Started process (PID=1721) to work on /opt/airflow/dags/readWeather_dag.py
[2024-05-08T14:02:12.047+0000] {processor.py:830} INFO - Processing file /opt/airflow/dags/readWeather_dag.py for tasks to queue
[2024-05-08T14:02:12.051+0000] {logging_mixin.py:188} INFO - [2024-05-08T14:02:12.051+0000] {dagbag.py:545} INFO - Filling up the DagBag from /opt/airflow/dags/readWeather_dag.py
[2024-05-08T14:02:12.365+0000] {processor.py:840} INFO - DAG(s) 'weather_dag' retrieved from /opt/airflow/dags/readWeather_dag.py
[2024-05-08T14:02:12.389+0000] {logging_mixin.py:188} INFO - [2024-05-08T14:02:12.387+0000] {dag.py:3096} INFO - Sync 1 DAGs
[2024-05-08T14:02:12.414+0000] {logging_mixin.py:188} INFO - [2024-05-08T14:02:12.414+0000] {dag.py:3954} INFO - Setting next_dagrun for weather_dag to 2024-05-08 00:00:00+00:00, run_after=2024-05-09 00:00:00+00:00
[2024-05-08T14:02:12.438+0000] {processor.py:183} INFO - Processing /opt/airflow/dags/readWeather_dag.py took 0.402 seconds
[2024-05-08T14:02:43.298+0000] {processor.py:161} INFO - Started process (PID=1781) to work on /opt/airflow/dags/readWeather_dag.py
[2024-05-08T14:02:43.300+0000] {processor.py:830} INFO - Processing file /opt/airflow/dags/readWeather_dag.py for tasks to queue
[2024-05-08T14:02:43.303+0000] {logging_mixin.py:188} INFO - [2024-05-08T14:02:43.303+0000] {dagbag.py:545} INFO - Filling up the DagBag from /opt/airflow/dags/readWeather_dag.py
[2024-05-08T14:02:43.628+0000] {processor.py:840} INFO - DAG(s) 'weather_dag' retrieved from /opt/airflow/dags/readWeather_dag.py
[2024-05-08T14:02:43.651+0000] {logging_mixin.py:188} INFO - [2024-05-08T14:02:43.650+0000] {dag.py:3096} INFO - Sync 1 DAGs
[2024-05-08T14:02:43.677+0000] {logging_mixin.py:188} INFO - [2024-05-08T14:02:43.677+0000] {dag.py:3954} INFO - Setting next_dagrun for weather_dag to 2024-05-08 00:00:00+00:00, run_after=2024-05-09 00:00:00+00:00
[2024-05-08T14:02:43.700+0000] {processor.py:183} INFO - Processing /opt/airflow/dags/readWeather_dag.py took 0.415 seconds
[2024-05-08T14:03:14.567+0000] {processor.py:161} INFO - Started process (PID=1841) to work on /opt/airflow/dags/readWeather_dag.py
[2024-05-08T14:03:14.569+0000] {processor.py:830} INFO - Processing file /opt/airflow/dags/readWeather_dag.py for tasks to queue
[2024-05-08T14:03:14.571+0000] {logging_mixin.py:188} INFO - [2024-05-08T14:03:14.571+0000] {dagbag.py:545} INFO - Filling up the DagBag from /opt/airflow/dags/readWeather_dag.py
[2024-05-08T14:03:15.416+0000] {processor.py:840} INFO - DAG(s) 'weather_dag' retrieved from /opt/airflow/dags/readWeather_dag.py
[2024-05-08T14:03:15.454+0000] {logging_mixin.py:188} INFO - [2024-05-08T14:03:15.452+0000] {dag.py:3096} INFO - Sync 1 DAGs
[2024-05-08T14:03:15.491+0000] {logging_mixin.py:188} INFO - [2024-05-08T14:03:15.490+0000] {dag.py:3954} INFO - Setting next_dagrun for weather_dag to 2024-05-08 00:00:00+00:00, run_after=2024-05-09 00:00:00+00:00
[2024-05-08T14:03:15.543+0000] {processor.py:183} INFO - Processing /opt/airflow/dags/readWeather_dag.py took 0.988 seconds
[2024-05-08T14:03:45.734+0000] {processor.py:161} INFO - Started process (PID=1900) to work on /opt/airflow/dags/readWeather_dag.py
[2024-05-08T14:03:45.736+0000] {processor.py:830} INFO - Processing file /opt/airflow/dags/readWeather_dag.py for tasks to queue
[2024-05-08T14:03:45.738+0000] {logging_mixin.py:188} INFO - [2024-05-08T14:03:45.738+0000] {dagbag.py:545} INFO - Filling up the DagBag from /opt/airflow/dags/readWeather_dag.py
[2024-05-08T14:03:46.193+0000] {processor.py:840} INFO - DAG(s) 'weather_dag' retrieved from /opt/airflow/dags/readWeather_dag.py
[2024-05-08T14:03:46.215+0000] {logging_mixin.py:188} INFO - [2024-05-08T14:03:46.214+0000] {dag.py:3096} INFO - Sync 1 DAGs
[2024-05-08T14:03:46.239+0000] {logging_mixin.py:188} INFO - [2024-05-08T14:03:46.239+0000] {dag.py:3954} INFO - Setting next_dagrun for weather_dag to 2024-05-08 00:00:00+00:00, run_after=2024-05-09 00:00:00+00:00
[2024-05-08T14:03:46.261+0000] {processor.py:183} INFO - Processing /opt/airflow/dags/readWeather_dag.py took 0.537 seconds
[2024-05-08T14:04:17.004+0000] {processor.py:161} INFO - Started process (PID=1960) to work on /opt/airflow/dags/readWeather_dag.py
[2024-05-08T14:04:17.005+0000] {processor.py:830} INFO - Processing file /opt/airflow/dags/readWeather_dag.py for tasks to queue
[2024-05-08T14:04:17.008+0000] {logging_mixin.py:188} INFO - [2024-05-08T14:04:17.007+0000] {dagbag.py:545} INFO - Filling up the DagBag from /opt/airflow/dags/readWeather_dag.py
[2024-05-08T14:04:17.320+0000] {processor.py:840} INFO - DAG(s) 'weather_dag' retrieved from /opt/airflow/dags/readWeather_dag.py
[2024-05-08T14:04:17.343+0000] {logging_mixin.py:188} INFO - [2024-05-08T14:04:17.342+0000] {dag.py:3096} INFO - Sync 1 DAGs
[2024-05-08T14:04:17.367+0000] {logging_mixin.py:188} INFO - [2024-05-08T14:04:17.367+0000] {dag.py:3954} INFO - Setting next_dagrun for weather_dag to 2024-05-08 00:00:00+00:00, run_after=2024-05-09 00:00:00+00:00
[2024-05-08T14:04:17.391+0000] {processor.py:183} INFO - Processing /opt/airflow/dags/readWeather_dag.py took 0.396 seconds
[2024-05-08T14:04:48.102+0000] {processor.py:161} INFO - Started process (PID=2020) to work on /opt/airflow/dags/readWeather_dag.py
[2024-05-08T14:04:48.104+0000] {processor.py:830} INFO - Processing file /opt/airflow/dags/readWeather_dag.py for tasks to queue
[2024-05-08T14:04:48.107+0000] {logging_mixin.py:188} INFO - [2024-05-08T14:04:48.106+0000] {dagbag.py:545} INFO - Filling up the DagBag from /opt/airflow/dags/readWeather_dag.py
[2024-05-08T14:04:48.410+0000] {processor.py:840} INFO - DAG(s) 'weather_dag' retrieved from /opt/airflow/dags/readWeather_dag.py
[2024-05-08T14:04:48.432+0000] {logging_mixin.py:188} INFO - [2024-05-08T14:04:48.432+0000] {dag.py:3096} INFO - Sync 1 DAGs
[2024-05-08T14:04:48.456+0000] {logging_mixin.py:188} INFO - [2024-05-08T14:04:48.455+0000] {dag.py:3954} INFO - Setting next_dagrun for weather_dag to 2024-05-08 00:00:00+00:00, run_after=2024-05-09 00:00:00+00:00
[2024-05-08T14:04:48.481+0000] {processor.py:183} INFO - Processing /opt/airflow/dags/readWeather_dag.py took 0.389 seconds
[2024-05-08T14:05:18.559+0000] {processor.py:161} INFO - Started process (PID=2080) to work on /opt/airflow/dags/readWeather_dag.py
[2024-05-08T14:05:18.571+0000] {processor.py:830} INFO - Processing file /opt/airflow/dags/readWeather_dag.py for tasks to queue
[2024-05-08T14:05:18.574+0000] {logging_mixin.py:188} INFO - [2024-05-08T14:05:18.573+0000] {dagbag.py:545} INFO - Filling up the DagBag from /opt/airflow/dags/readWeather_dag.py
[2024-05-08T14:05:19.045+0000] {processor.py:840} INFO - DAG(s) 'weather_dag' retrieved from /opt/airflow/dags/readWeather_dag.py
[2024-05-08T14:05:19.082+0000] {logging_mixin.py:188} INFO - [2024-05-08T14:05:19.080+0000] {dag.py:3096} INFO - Sync 1 DAGs
[2024-05-08T14:05:19.230+0000] {logging_mixin.py:188} INFO - [2024-05-08T14:05:19.230+0000] {dag.py:3954} INFO - Setting next_dagrun for weather_dag to 2024-05-08 00:00:00+00:00, run_after=2024-05-09 00:00:00+00:00
[2024-05-08T14:05:19.259+0000] {processor.py:183} INFO - Processing /opt/airflow/dags/readWeather_dag.py took 0.716 seconds
[2024-05-08T14:05:49.406+0000] {processor.py:161} INFO - Started process (PID=2140) to work on /opt/airflow/dags/readWeather_dag.py
[2024-05-08T14:05:49.407+0000] {processor.py:830} INFO - Processing file /opt/airflow/dags/readWeather_dag.py for tasks to queue
[2024-05-08T14:05:49.411+0000] {logging_mixin.py:188} INFO - [2024-05-08T14:05:49.410+0000] {dagbag.py:545} INFO - Filling up the DagBag from /opt/airflow/dags/readWeather_dag.py
[2024-05-08T14:05:49.763+0000] {processor.py:840} INFO - DAG(s) 'weather_dag' retrieved from /opt/airflow/dags/readWeather_dag.py
[2024-05-08T14:05:49.788+0000] {logging_mixin.py:188} INFO - [2024-05-08T14:05:49.788+0000] {dag.py:3096} INFO - Sync 1 DAGs
[2024-05-08T14:05:49.813+0000] {logging_mixin.py:188} INFO - [2024-05-08T14:05:49.813+0000] {dag.py:3954} INFO - Setting next_dagrun for weather_dag to 2024-05-08 00:00:00+00:00, run_after=2024-05-09 00:00:00+00:00
[2024-05-08T14:05:49.840+0000] {processor.py:183} INFO - Processing /opt/airflow/dags/readWeather_dag.py took 0.441 seconds
[2024-05-08T14:06:19.932+0000] {processor.py:161} INFO - Started process (PID=2202) to work on /opt/airflow/dags/readWeather_dag.py
[2024-05-08T14:06:19.933+0000] {processor.py:830} INFO - Processing file /opt/airflow/dags/readWeather_dag.py for tasks to queue
[2024-05-08T14:06:19.936+0000] {logging_mixin.py:188} INFO - [2024-05-08T14:06:19.935+0000] {dagbag.py:545} INFO - Filling up the DagBag from /opt/airflow/dags/readWeather_dag.py
[2024-05-08T14:06:20.247+0000] {processor.py:840} INFO - DAG(s) 'weather_dag' retrieved from /opt/airflow/dags/readWeather_dag.py
[2024-05-08T14:06:20.285+0000] {logging_mixin.py:188} INFO - [2024-05-08T14:06:20.285+0000] {dag.py:3096} INFO - Sync 1 DAGs
[2024-05-08T14:06:20.308+0000] {logging_mixin.py:188} INFO - [2024-05-08T14:06:20.308+0000] {dag.py:3954} INFO - Setting next_dagrun for weather_dag to 2024-05-08 00:00:00+00:00, run_after=2024-05-09 00:00:00+00:00
[2024-05-08T14:06:20.332+0000] {processor.py:183} INFO - Processing /opt/airflow/dags/readWeather_dag.py took 0.406 seconds
[2024-05-08T14:06:50.838+0000] {processor.py:161} INFO - Started process (PID=2260) to work on /opt/airflow/dags/readWeather_dag.py
[2024-05-08T14:06:50.841+0000] {processor.py:830} INFO - Processing file /opt/airflow/dags/readWeather_dag.py for tasks to queue
[2024-05-08T14:06:50.845+0000] {logging_mixin.py:188} INFO - [2024-05-08T14:06:50.844+0000] {dagbag.py:545} INFO - Filling up the DagBag from /opt/airflow/dags/readWeather_dag.py
[2024-05-08T14:06:51.409+0000] {processor.py:840} INFO - DAG(s) 'weather_dag' retrieved from /opt/airflow/dags/readWeather_dag.py
[2024-05-08T14:06:51.435+0000] {logging_mixin.py:188} INFO - [2024-05-08T14:06:51.435+0000] {dag.py:3096} INFO - Sync 1 DAGs
[2024-05-08T14:06:51.460+0000] {logging_mixin.py:188} INFO - [2024-05-08T14:06:51.460+0000] {dag.py:3954} INFO - Setting next_dagrun for weather_dag to 2024-05-08 00:00:00+00:00, run_after=2024-05-09 00:00:00+00:00
[2024-05-08T14:06:51.492+0000] {processor.py:183} INFO - Processing /opt/airflow/dags/readWeather_dag.py took 0.665 seconds
[2024-05-08T14:07:21.748+0000] {processor.py:161} INFO - Started process (PID=2319) to work on /opt/airflow/dags/readWeather_dag.py
[2024-05-08T14:07:21.750+0000] {processor.py:830} INFO - Processing file /opt/airflow/dags/readWeather_dag.py for tasks to queue
[2024-05-08T14:07:21.753+0000] {logging_mixin.py:188} INFO - [2024-05-08T14:07:21.752+0000] {dagbag.py:545} INFO - Filling up the DagBag from /opt/airflow/dags/readWeather_dag.py
[2024-05-08T14:07:22.134+0000] {processor.py:840} INFO - DAG(s) 'weather_dag' retrieved from /opt/airflow/dags/readWeather_dag.py
[2024-05-08T14:07:22.156+0000] {logging_mixin.py:188} INFO - [2024-05-08T14:07:22.156+0000] {dag.py:3096} INFO - Sync 1 DAGs
[2024-05-08T14:07:22.182+0000] {logging_mixin.py:188} INFO - [2024-05-08T14:07:22.182+0000] {dag.py:3954} INFO - Setting next_dagrun for weather_dag to 2024-05-08 00:00:00+00:00, run_after=2024-05-09 00:00:00+00:00
[2024-05-08T14:07:22.204+0000] {processor.py:183} INFO - Processing /opt/airflow/dags/readWeather_dag.py took 0.464 seconds
[2024-05-08T14:07:52.403+0000] {processor.py:161} INFO - Started process (PID=2385) to work on /opt/airflow/dags/readWeather_dag.py
[2024-05-08T14:07:52.404+0000] {processor.py:830} INFO - Processing file /opt/airflow/dags/readWeather_dag.py for tasks to queue
[2024-05-08T14:07:52.407+0000] {logging_mixin.py:188} INFO - [2024-05-08T14:07:52.406+0000] {dagbag.py:545} INFO - Filling up the DagBag from /opt/airflow/dags/readWeather_dag.py
[2024-05-08T14:07:52.812+0000] {processor.py:840} INFO - DAG(s) 'weather_dag' retrieved from /opt/airflow/dags/readWeather_dag.py
[2024-05-08T14:07:52.848+0000] {logging_mixin.py:188} INFO - [2024-05-08T14:07:52.847+0000] {dag.py:3096} INFO - Sync 1 DAGs
[2024-05-08T14:07:52.891+0000] {logging_mixin.py:188} INFO - [2024-05-08T14:07:52.891+0000] {dag.py:3954} INFO - Setting next_dagrun for weather_dag to 2024-05-08 00:00:00+00:00, run_after=2024-05-09 00:00:00+00:00
[2024-05-08T14:07:52.916+0000] {processor.py:183} INFO - Processing /opt/airflow/dags/readWeather_dag.py took 0.520 seconds
[2024-05-08T14:08:23.173+0000] {processor.py:161} INFO - Started process (PID=2446) to work on /opt/airflow/dags/readWeather_dag.py
[2024-05-08T14:08:23.176+0000] {processor.py:830} INFO - Processing file /opt/airflow/dags/readWeather_dag.py for tasks to queue
[2024-05-08T14:08:23.179+0000] {logging_mixin.py:188} INFO - [2024-05-08T14:08:23.179+0000] {dagbag.py:545} INFO - Filling up the DagBag from /opt/airflow/dags/readWeather_dag.py
[2024-05-08T14:08:23.518+0000] {processor.py:840} INFO - DAG(s) 'weather_dag' retrieved from /opt/airflow/dags/readWeather_dag.py
[2024-05-08T14:08:23.543+0000] {logging_mixin.py:188} INFO - [2024-05-08T14:08:23.543+0000] {dag.py:3096} INFO - Sync 1 DAGs
[2024-05-08T14:08:23.571+0000] {logging_mixin.py:188} INFO - [2024-05-08T14:08:23.570+0000] {dag.py:3954} INFO - Setting next_dagrun for weather_dag to 2024-05-08 00:00:00+00:00, run_after=2024-05-09 00:00:00+00:00
[2024-05-08T14:08:23.595+0000] {processor.py:183} INFO - Processing /opt/airflow/dags/readWeather_dag.py took 0.431 seconds
[2024-05-08T14:08:53.728+0000] {processor.py:161} INFO - Started process (PID=2509) to work on /opt/airflow/dags/readWeather_dag.py
[2024-05-08T14:08:53.730+0000] {processor.py:830} INFO - Processing file /opt/airflow/dags/readWeather_dag.py for tasks to queue
[2024-05-08T14:08:53.734+0000] {logging_mixin.py:188} INFO - [2024-05-08T14:08:53.733+0000] {dagbag.py:545} INFO - Filling up the DagBag from /opt/airflow/dags/readWeather_dag.py
[2024-05-08T14:08:54.114+0000] {processor.py:840} INFO - DAG(s) 'weather_dag' retrieved from /opt/airflow/dags/readWeather_dag.py
[2024-05-08T14:08:54.144+0000] {logging_mixin.py:188} INFO - [2024-05-08T14:08:54.143+0000] {dag.py:3096} INFO - Sync 1 DAGs
[2024-05-08T14:08:54.176+0000] {logging_mixin.py:188} INFO - [2024-05-08T14:08:54.175+0000] {dag.py:3954} INFO - Setting next_dagrun for weather_dag to 2024-05-08 00:00:00+00:00, run_after=2024-05-09 00:00:00+00:00
[2024-05-08T14:08:54.200+0000] {processor.py:183} INFO - Processing /opt/airflow/dags/readWeather_dag.py took 0.483 seconds
[2024-05-08T14:09:24.574+0000] {processor.py:161} INFO - Started process (PID=2565) to work on /opt/airflow/dags/readWeather_dag.py
[2024-05-08T14:09:24.576+0000] {processor.py:830} INFO - Processing file /opt/airflow/dags/readWeather_dag.py for tasks to queue
[2024-05-08T14:09:24.579+0000] {logging_mixin.py:188} INFO - [2024-05-08T14:09:24.578+0000] {dagbag.py:545} INFO - Filling up the DagBag from /opt/airflow/dags/readWeather_dag.py
[2024-05-08T14:09:24.891+0000] {processor.py:840} INFO - DAG(s) 'weather_dag' retrieved from /opt/airflow/dags/readWeather_dag.py
[2024-05-08T14:09:24.914+0000] {logging_mixin.py:188} INFO - [2024-05-08T14:09:24.912+0000] {dag.py:3096} INFO - Sync 1 DAGs
[2024-05-08T14:09:24.938+0000] {logging_mixin.py:188} INFO - [2024-05-08T14:09:24.938+0000] {dag.py:3954} INFO - Setting next_dagrun for weather_dag to 2024-05-08 00:00:00+00:00, run_after=2024-05-09 00:00:00+00:00
[2024-05-08T14:09:24.962+0000] {processor.py:183} INFO - Processing /opt/airflow/dags/readWeather_dag.py took 0.397 seconds
[2024-05-08T14:09:55.414+0000] {processor.py:161} INFO - Started process (PID=2625) to work on /opt/airflow/dags/readWeather_dag.py
[2024-05-08T14:09:55.416+0000] {processor.py:830} INFO - Processing file /opt/airflow/dags/readWeather_dag.py for tasks to queue
[2024-05-08T14:09:55.420+0000] {logging_mixin.py:188} INFO - [2024-05-08T14:09:55.419+0000] {dagbag.py:545} INFO - Filling up the DagBag from /opt/airflow/dags/readWeather_dag.py
[2024-05-08T14:09:55.747+0000] {processor.py:840} INFO - DAG(s) 'weather_dag' retrieved from /opt/airflow/dags/readWeather_dag.py
[2024-05-08T14:09:55.774+0000] {logging_mixin.py:188} INFO - [2024-05-08T14:09:55.773+0000] {dag.py:3096} INFO - Sync 1 DAGs
[2024-05-08T14:09:55.800+0000] {logging_mixin.py:188} INFO - [2024-05-08T14:09:55.800+0000] {dag.py:3954} INFO - Setting next_dagrun for weather_dag to 2024-05-08 00:00:00+00:00, run_after=2024-05-09 00:00:00+00:00
[2024-05-08T14:09:55.825+0000] {processor.py:183} INFO - Processing /opt/airflow/dags/readWeather_dag.py took 0.420 seconds
[2024-05-08T14:10:26.552+0000] {processor.py:161} INFO - Started process (PID=2685) to work on /opt/airflow/dags/readWeather_dag.py
[2024-05-08T14:10:26.554+0000] {processor.py:830} INFO - Processing file /opt/airflow/dags/readWeather_dag.py for tasks to queue
[2024-05-08T14:10:26.556+0000] {logging_mixin.py:188} INFO - [2024-05-08T14:10:26.556+0000] {dagbag.py:545} INFO - Filling up the DagBag from /opt/airflow/dags/readWeather_dag.py
[2024-05-08T14:10:27.014+0000] {processor.py:840} INFO - DAG(s) 'weather_dag' retrieved from /opt/airflow/dags/readWeather_dag.py
[2024-05-08T14:10:27.040+0000] {logging_mixin.py:188} INFO - [2024-05-08T14:10:27.039+0000] {dag.py:3096} INFO - Sync 1 DAGs
[2024-05-08T14:10:27.065+0000] {logging_mixin.py:188} INFO - [2024-05-08T14:10:27.065+0000] {dag.py:3954} INFO - Setting next_dagrun for weather_dag to 2024-05-08 00:00:00+00:00, run_after=2024-05-09 00:00:00+00:00
[2024-05-08T14:10:27.092+0000] {processor.py:183} INFO - Processing /opt/airflow/dags/readWeather_dag.py took 0.549 seconds
[2024-05-08T14:10:57.329+0000] {processor.py:161} INFO - Started process (PID=2746) to work on /opt/airflow/dags/readWeather_dag.py
[2024-05-08T14:10:57.330+0000] {processor.py:830} INFO - Processing file /opt/airflow/dags/readWeather_dag.py for tasks to queue
[2024-05-08T14:10:57.333+0000] {logging_mixin.py:188} INFO - [2024-05-08T14:10:57.332+0000] {dagbag.py:545} INFO - Filling up the DagBag from /opt/airflow/dags/readWeather_dag.py
[2024-05-08T14:10:57.766+0000] {processor.py:840} INFO - DAG(s) 'weather_dag' retrieved from /opt/airflow/dags/readWeather_dag.py
[2024-05-08T14:10:57.792+0000] {logging_mixin.py:188} INFO - [2024-05-08T14:10:57.791+0000] {dag.py:3096} INFO - Sync 1 DAGs
[2024-05-08T14:10:57.821+0000] {logging_mixin.py:188} INFO - [2024-05-08T14:10:57.821+0000] {dag.py:3954} INFO - Setting next_dagrun for weather_dag to 2024-05-08 00:00:00+00:00, run_after=2024-05-09 00:00:00+00:00
[2024-05-08T14:10:57.843+0000] {processor.py:183} INFO - Processing /opt/airflow/dags/readWeather_dag.py took 0.525 seconds
[2024-05-08T14:11:27.901+0000] {processor.py:161} INFO - Started process (PID=2808) to work on /opt/airflow/dags/readWeather_dag.py
[2024-05-08T14:11:27.902+0000] {processor.py:830} INFO - Processing file /opt/airflow/dags/readWeather_dag.py for tasks to queue
[2024-05-08T14:11:27.905+0000] {logging_mixin.py:188} INFO - [2024-05-08T14:11:27.904+0000] {dagbag.py:545} INFO - Filling up the DagBag from /opt/airflow/dags/readWeather_dag.py
[2024-05-08T14:11:28.344+0000] {processor.py:840} INFO - DAG(s) 'weather_dag' retrieved from /opt/airflow/dags/readWeather_dag.py
[2024-05-08T14:11:28.380+0000] {logging_mixin.py:188} INFO - [2024-05-08T14:11:28.379+0000] {dag.py:3096} INFO - Sync 1 DAGs
[2024-05-08T14:11:28.404+0000] {logging_mixin.py:188} INFO - [2024-05-08T14:11:28.404+0000] {dag.py:3954} INFO - Setting next_dagrun for weather_dag to 2024-05-08 00:00:00+00:00, run_after=2024-05-09 00:00:00+00:00
[2024-05-08T14:11:28.433+0000] {processor.py:183} INFO - Processing /opt/airflow/dags/readWeather_dag.py took 0.540 seconds
[2024-05-08T14:11:58.523+0000] {processor.py:161} INFO - Started process (PID=2870) to work on /opt/airflow/dags/readWeather_dag.py
[2024-05-08T14:11:58.525+0000] {processor.py:830} INFO - Processing file /opt/airflow/dags/readWeather_dag.py for tasks to queue
[2024-05-08T14:11:58.529+0000] {logging_mixin.py:188} INFO - [2024-05-08T14:11:58.528+0000] {dagbag.py:545} INFO - Filling up the DagBag from /opt/airflow/dags/readWeather_dag.py
[2024-05-08T14:11:59.299+0000] {processor.py:840} INFO - DAG(s) 'weather_dag' retrieved from /opt/airflow/dags/readWeather_dag.py
[2024-05-08T14:11:59.333+0000] {logging_mixin.py:188} INFO - [2024-05-08T14:11:59.332+0000] {dag.py:3096} INFO - Sync 1 DAGs
[2024-05-08T14:11:59.364+0000] {logging_mixin.py:188} INFO - [2024-05-08T14:11:59.363+0000] {dag.py:3954} INFO - Setting next_dagrun for weather_dag to 2024-05-08 00:00:00+00:00, run_after=2024-05-09 00:00:00+00:00
[2024-05-08T14:11:59.392+0000] {processor.py:183} INFO - Processing /opt/airflow/dags/readWeather_dag.py took 0.877 seconds
[2024-05-08T14:12:29.955+0000] {processor.py:161} INFO - Started process (PID=2931) to work on /opt/airflow/dags/readWeather_dag.py
[2024-05-08T14:12:29.956+0000] {processor.py:830} INFO - Processing file /opt/airflow/dags/readWeather_dag.py for tasks to queue
[2024-05-08T14:12:29.959+0000] {logging_mixin.py:188} INFO - [2024-05-08T14:12:29.958+0000] {dagbag.py:545} INFO - Filling up the DagBag from /opt/airflow/dags/readWeather_dag.py
[2024-05-08T14:12:30.321+0000] {processor.py:840} INFO - DAG(s) 'weather_dag' retrieved from /opt/airflow/dags/readWeather_dag.py
[2024-05-08T14:12:30.346+0000] {logging_mixin.py:188} INFO - [2024-05-08T14:12:30.344+0000] {dag.py:3096} INFO - Sync 1 DAGs
[2024-05-08T14:12:30.370+0000] {logging_mixin.py:188} INFO - [2024-05-08T14:12:30.370+0000] {dag.py:3954} INFO - Setting next_dagrun for weather_dag to 2024-05-08 00:00:00+00:00, run_after=2024-05-09 00:00:00+00:00
[2024-05-08T14:12:30.393+0000] {processor.py:183} INFO - Processing /opt/airflow/dags/readWeather_dag.py took 0.446 seconds
[2024-05-08T14:13:00.471+0000] {processor.py:161} INFO - Started process (PID=2994) to work on /opt/airflow/dags/readWeather_dag.py
[2024-05-08T14:13:00.473+0000] {processor.py:830} INFO - Processing file /opt/airflow/dags/readWeather_dag.py for tasks to queue
[2024-05-08T14:13:00.476+0000] {logging_mixin.py:188} INFO - [2024-05-08T14:13:00.475+0000] {dagbag.py:545} INFO - Filling up the DagBag from /opt/airflow/dags/readWeather_dag.py
[2024-05-08T14:13:00.790+0000] {processor.py:840} INFO - DAG(s) 'weather_dag' retrieved from /opt/airflow/dags/readWeather_dag.py
[2024-05-08T14:13:00.814+0000] {logging_mixin.py:188} INFO - [2024-05-08T14:13:00.813+0000] {dag.py:3096} INFO - Sync 1 DAGs
[2024-05-08T14:13:00.840+0000] {logging_mixin.py:188} INFO - [2024-05-08T14:13:00.839+0000] {dag.py:3954} INFO - Setting next_dagrun for weather_dag to 2024-05-08 00:00:00+00:00, run_after=2024-05-09 00:00:00+00:00
[2024-05-08T14:13:00.859+0000] {processor.py:183} INFO - Processing /opt/airflow/dags/readWeather_dag.py took 0.396 seconds
[2024-05-08T14:13:30.896+0000] {processor.py:161} INFO - Started process (PID=3056) to work on /opt/airflow/dags/readWeather_dag.py
[2024-05-08T14:13:30.910+0000] {processor.py:830} INFO - Processing file /opt/airflow/dags/readWeather_dag.py for tasks to queue
[2024-05-08T14:13:30.930+0000] {logging_mixin.py:188} INFO - [2024-05-08T14:13:30.929+0000] {dagbag.py:545} INFO - Filling up the DagBag from /opt/airflow/dags/readWeather_dag.py
[2024-05-08T14:13:31.273+0000] {processor.py:840} INFO - DAG(s) 'weather_dag' retrieved from /opt/airflow/dags/readWeather_dag.py
[2024-05-08T14:13:31.295+0000] {logging_mixin.py:188} INFO - [2024-05-08T14:13:31.295+0000] {dag.py:3096} INFO - Sync 1 DAGs
[2024-05-08T14:13:31.317+0000] {logging_mixin.py:188} INFO - [2024-05-08T14:13:31.317+0000] {dag.py:3954} INFO - Setting next_dagrun for weather_dag to 2024-05-08 00:00:00+00:00, run_after=2024-05-09 00:00:00+00:00
[2024-05-08T14:13:31.337+0000] {processor.py:183} INFO - Processing /opt/airflow/dags/readWeather_dag.py took 0.449 seconds
[2024-05-08T14:14:01.919+0000] {processor.py:161} INFO - Started process (PID=3116) to work on /opt/airflow/dags/readWeather_dag.py
[2024-05-08T14:14:01.920+0000] {processor.py:830} INFO - Processing file /opt/airflow/dags/readWeather_dag.py for tasks to queue
[2024-05-08T14:14:01.922+0000] {logging_mixin.py:188} INFO - [2024-05-08T14:14:01.922+0000] {dagbag.py:545} INFO - Filling up the DagBag from /opt/airflow/dags/readWeather_dag.py
[2024-05-08T14:14:02.250+0000] {processor.py:840} INFO - DAG(s) 'weather_dag' retrieved from /opt/airflow/dags/readWeather_dag.py
[2024-05-08T14:14:02.271+0000] {logging_mixin.py:188} INFO - [2024-05-08T14:14:02.271+0000] {dag.py:3096} INFO - Sync 1 DAGs
[2024-05-08T14:14:02.295+0000] {logging_mixin.py:188} INFO - [2024-05-08T14:14:02.295+0000] {dag.py:3954} INFO - Setting next_dagrun for weather_dag to 2024-05-08 00:00:00+00:00, run_after=2024-05-09 00:00:00+00:00
[2024-05-08T14:14:02.318+0000] {processor.py:183} INFO - Processing /opt/airflow/dags/readWeather_dag.py took 0.408 seconds
[2024-05-08T14:14:33.276+0000] {processor.py:161} INFO - Started process (PID=3177) to work on /opt/airflow/dags/readWeather_dag.py
[2024-05-08T14:14:33.278+0000] {processor.py:830} INFO - Processing file /opt/airflow/dags/readWeather_dag.py for tasks to queue
[2024-05-08T14:14:33.280+0000] {logging_mixin.py:188} INFO - [2024-05-08T14:14:33.280+0000] {dagbag.py:545} INFO - Filling up the DagBag from /opt/airflow/dags/readWeather_dag.py
[2024-05-08T14:14:33.593+0000] {processor.py:840} INFO - DAG(s) 'weather_dag' retrieved from /opt/airflow/dags/readWeather_dag.py
[2024-05-08T14:14:33.616+0000] {logging_mixin.py:188} INFO - [2024-05-08T14:14:33.615+0000] {dag.py:3096} INFO - Sync 1 DAGs
[2024-05-08T14:14:33.641+0000] {logging_mixin.py:188} INFO - [2024-05-08T14:14:33.640+0000] {dag.py:3954} INFO - Setting next_dagrun for weather_dag to 2024-05-08 00:00:00+00:00, run_after=2024-05-09 00:00:00+00:00
[2024-05-08T14:14:33.663+0000] {processor.py:183} INFO - Processing /opt/airflow/dags/readWeather_dag.py took 0.396 seconds
[2024-05-08T14:15:04.104+0000] {processor.py:161} INFO - Started process (PID=3237) to work on /opt/airflow/dags/readWeather_dag.py
[2024-05-08T14:15:04.106+0000] {processor.py:830} INFO - Processing file /opt/airflow/dags/readWeather_dag.py for tasks to queue
[2024-05-08T14:15:04.109+0000] {logging_mixin.py:188} INFO - [2024-05-08T14:15:04.108+0000] {dagbag.py:545} INFO - Filling up the DagBag from /opt/airflow/dags/readWeather_dag.py
[2024-05-08T14:15:04.496+0000] {processor.py:840} INFO - DAG(s) 'weather_dag' retrieved from /opt/airflow/dags/readWeather_dag.py
[2024-05-08T14:15:04.529+0000] {logging_mixin.py:188} INFO - [2024-05-08T14:15:04.529+0000] {dag.py:3096} INFO - Sync 1 DAGs
[2024-05-08T14:15:04.567+0000] {logging_mixin.py:188} INFO - [2024-05-08T14:15:04.567+0000] {dag.py:3954} INFO - Setting next_dagrun for weather_dag to 2024-05-08 00:00:00+00:00, run_after=2024-05-09 00:00:00+00:00
[2024-05-08T14:15:04.604+0000] {processor.py:183} INFO - Processing /opt/airflow/dags/readWeather_dag.py took 0.508 seconds
[2024-05-08T14:15:35.035+0000] {processor.py:161} INFO - Started process (PID=3297) to work on /opt/airflow/dags/readWeather_dag.py
[2024-05-08T14:15:35.036+0000] {processor.py:830} INFO - Processing file /opt/airflow/dags/readWeather_dag.py for tasks to queue
[2024-05-08T14:15:35.039+0000] {logging_mixin.py:188} INFO - [2024-05-08T14:15:35.039+0000] {dagbag.py:545} INFO - Filling up the DagBag from /opt/airflow/dags/readWeather_dag.py
[2024-05-08T14:15:35.349+0000] {processor.py:840} INFO - DAG(s) 'weather_dag' retrieved from /opt/airflow/dags/readWeather_dag.py
[2024-05-08T14:15:35.372+0000] {logging_mixin.py:188} INFO - [2024-05-08T14:15:35.371+0000] {dag.py:3096} INFO - Sync 1 DAGs
[2024-05-08T14:15:35.398+0000] {logging_mixin.py:188} INFO - [2024-05-08T14:15:35.397+0000] {dag.py:3954} INFO - Setting next_dagrun for weather_dag to 2024-05-08 00:00:00+00:00, run_after=2024-05-09 00:00:00+00:00
[2024-05-08T14:15:35.422+0000] {processor.py:183} INFO - Processing /opt/airflow/dags/readWeather_dag.py took 0.394 seconds
[2024-05-08T14:16:05.826+0000] {processor.py:161} INFO - Started process (PID=3357) to work on /opt/airflow/dags/readWeather_dag.py
[2024-05-08T14:16:05.828+0000] {processor.py:830} INFO - Processing file /opt/airflow/dags/readWeather_dag.py for tasks to queue
[2024-05-08T14:16:05.831+0000] {logging_mixin.py:188} INFO - [2024-05-08T14:16:05.831+0000] {dagbag.py:545} INFO - Filling up the DagBag from /opt/airflow/dags/readWeather_dag.py
[2024-05-08T14:16:06.195+0000] {processor.py:840} INFO - DAG(s) 'weather_dag' retrieved from /opt/airflow/dags/readWeather_dag.py
[2024-05-08T14:16:06.221+0000] {logging_mixin.py:188} INFO - [2024-05-08T14:16:06.220+0000] {dag.py:3096} INFO - Sync 1 DAGs
[2024-05-08T14:16:06.252+0000] {logging_mixin.py:188} INFO - [2024-05-08T14:16:06.252+0000] {dag.py:3954} INFO - Setting next_dagrun for weather_dag to 2024-05-08 00:00:00+00:00, run_after=2024-05-09 00:00:00+00:00
[2024-05-08T14:16:06.279+0000] {processor.py:183} INFO - Processing /opt/airflow/dags/readWeather_dag.py took 0.464 seconds
[2024-05-08T14:16:36.430+0000] {processor.py:161} INFO - Started process (PID=3417) to work on /opt/airflow/dags/readWeather_dag.py
[2024-05-08T14:16:36.445+0000] {processor.py:830} INFO - Processing file /opt/airflow/dags/readWeather_dag.py for tasks to queue
[2024-05-08T14:16:36.451+0000] {logging_mixin.py:188} INFO - [2024-05-08T14:16:36.450+0000] {dagbag.py:545} INFO - Filling up the DagBag from /opt/airflow/dags/readWeather_dag.py
[2024-05-08T14:16:37.085+0000] {processor.py:840} INFO - DAG(s) 'weather_dag' retrieved from /opt/airflow/dags/readWeather_dag.py
[2024-05-08T14:16:37.156+0000] {logging_mixin.py:188} INFO - [2024-05-08T14:16:37.155+0000] {dag.py:3096} INFO - Sync 1 DAGs
[2024-05-08T14:16:37.194+0000] {logging_mixin.py:188} INFO - [2024-05-08T14:16:37.194+0000] {dag.py:3954} INFO - Setting next_dagrun for weather_dag to 2024-05-08 00:00:00+00:00, run_after=2024-05-09 00:00:00+00:00
[2024-05-08T14:16:37.227+0000] {processor.py:183} INFO - Processing /opt/airflow/dags/readWeather_dag.py took 0.816 seconds
[2024-05-08T14:17:07.567+0000] {processor.py:161} INFO - Started process (PID=3480) to work on /opt/airflow/dags/readWeather_dag.py
[2024-05-08T14:17:07.569+0000] {processor.py:830} INFO - Processing file /opt/airflow/dags/readWeather_dag.py for tasks to queue
[2024-05-08T14:17:07.572+0000] {logging_mixin.py:188} INFO - [2024-05-08T14:17:07.571+0000] {dagbag.py:545} INFO - Filling up the DagBag from /opt/airflow/dags/readWeather_dag.py
[2024-05-08T14:17:07.960+0000] {processor.py:840} INFO - DAG(s) 'weather_dag' retrieved from /opt/airflow/dags/readWeather_dag.py
[2024-05-08T14:17:08.065+0000] {logging_mixin.py:188} INFO - [2024-05-08T14:17:08.064+0000] {dag.py:3096} INFO - Sync 1 DAGs
[2024-05-08T14:17:08.105+0000] {logging_mixin.py:188} INFO - [2024-05-08T14:17:08.104+0000] {dag.py:3954} INFO - Setting next_dagrun for weather_dag to 2024-05-08 00:00:00+00:00, run_after=2024-05-09 00:00:00+00:00
[2024-05-08T14:17:08.128+0000] {processor.py:183} INFO - Processing /opt/airflow/dags/readWeather_dag.py took 0.569 seconds
[2024-05-08T14:17:38.892+0000] {processor.py:161} INFO - Started process (PID=3541) to work on /opt/airflow/dags/readWeather_dag.py
[2024-05-08T14:17:38.893+0000] {processor.py:830} INFO - Processing file /opt/airflow/dags/readWeather_dag.py for tasks to queue
[2024-05-08T14:17:38.897+0000] {logging_mixin.py:188} INFO - [2024-05-08T14:17:38.896+0000] {dagbag.py:545} INFO - Filling up the DagBag from /opt/airflow/dags/readWeather_dag.py
[2024-05-08T14:17:39.227+0000] {processor.py:840} INFO - DAG(s) 'weather_dag' retrieved from /opt/airflow/dags/readWeather_dag.py
[2024-05-08T14:17:39.267+0000] {logging_mixin.py:188} INFO - [2024-05-08T14:17:39.266+0000] {dag.py:3096} INFO - Sync 1 DAGs
[2024-05-08T14:17:39.296+0000] {logging_mixin.py:188} INFO - [2024-05-08T14:17:39.296+0000] {dag.py:3954} INFO - Setting next_dagrun for weather_dag to 2024-05-08 00:00:00+00:00, run_after=2024-05-09 00:00:00+00:00
[2024-05-08T14:17:39.318+0000] {processor.py:183} INFO - Processing /opt/airflow/dags/readWeather_dag.py took 0.436 seconds
[2024-05-08T14:18:09.491+0000] {processor.py:161} INFO - Started process (PID=3601) to work on /opt/airflow/dags/readWeather_dag.py
[2024-05-08T14:18:09.493+0000] {processor.py:830} INFO - Processing file /opt/airflow/dags/readWeather_dag.py for tasks to queue
[2024-05-08T14:18:09.496+0000] {logging_mixin.py:188} INFO - [2024-05-08T14:18:09.496+0000] {dagbag.py:545} INFO - Filling up the DagBag from /opt/airflow/dags/readWeather_dag.py
[2024-05-08T14:18:09.978+0000] {processor.py:840} INFO - DAG(s) 'weather_dag' retrieved from /opt/airflow/dags/readWeather_dag.py
[2024-05-08T14:18:10.037+0000] {logging_mixin.py:188} INFO - [2024-05-08T14:18:10.036+0000] {dag.py:3096} INFO - Sync 1 DAGs
[2024-05-08T14:18:10.074+0000] {logging_mixin.py:188} INFO - [2024-05-08T14:18:10.074+0000] {dag.py:3954} INFO - Setting next_dagrun for weather_dag to 2024-05-08 00:00:00+00:00, run_after=2024-05-09 00:00:00+00:00
[2024-05-08T14:18:10.378+0000] {processor.py:183} INFO - Processing /opt/airflow/dags/readWeather_dag.py took 0.897 seconds
[2024-05-08T14:18:40.492+0000] {processor.py:161} INFO - Started process (PID=3661) to work on /opt/airflow/dags/readWeather_dag.py
[2024-05-08T14:18:40.494+0000] {processor.py:830} INFO - Processing file /opt/airflow/dags/readWeather_dag.py for tasks to queue
[2024-05-08T14:18:40.498+0000] {logging_mixin.py:188} INFO - [2024-05-08T14:18:40.498+0000] {dagbag.py:545} INFO - Filling up the DagBag from /opt/airflow/dags/readWeather_dag.py
[2024-05-08T14:18:40.904+0000] {processor.py:840} INFO - DAG(s) 'weather_dag' retrieved from /opt/airflow/dags/readWeather_dag.py
[2024-05-08T14:18:40.928+0000] {logging_mixin.py:188} INFO - [2024-05-08T14:18:40.927+0000] {dag.py:3096} INFO - Sync 1 DAGs
[2024-05-08T14:18:40.956+0000] {logging_mixin.py:188} INFO - [2024-05-08T14:18:40.956+0000] {dag.py:3954} INFO - Setting next_dagrun for weather_dag to 2024-05-08 00:00:00+00:00, run_after=2024-05-09 00:00:00+00:00
[2024-05-08T14:18:40.978+0000] {processor.py:183} INFO - Processing /opt/airflow/dags/readWeather_dag.py took 0.497 seconds
[2024-05-08T14:19:11.031+0000] {processor.py:161} INFO - Started process (PID=3724) to work on /opt/airflow/dags/readWeather_dag.py
[2024-05-08T14:19:11.032+0000] {processor.py:830} INFO - Processing file /opt/airflow/dags/readWeather_dag.py for tasks to queue
[2024-05-08T14:19:11.035+0000] {logging_mixin.py:188} INFO - [2024-05-08T14:19:11.035+0000] {dagbag.py:545} INFO - Filling up the DagBag from /opt/airflow/dags/readWeather_dag.py
[2024-05-08T14:19:11.362+0000] {processor.py:840} INFO - DAG(s) 'weather_dag' retrieved from /opt/airflow/dags/readWeather_dag.py
[2024-05-08T14:19:11.384+0000] {logging_mixin.py:188} INFO - [2024-05-08T14:19:11.384+0000] {dag.py:3096} INFO - Sync 1 DAGs
[2024-05-08T14:19:11.408+0000] {logging_mixin.py:188} INFO - [2024-05-08T14:19:11.408+0000] {dag.py:3954} INFO - Setting next_dagrun for weather_dag to 2024-05-08 00:00:00+00:00, run_after=2024-05-09 00:00:00+00:00
[2024-05-08T14:19:11.435+0000] {processor.py:183} INFO - Processing /opt/airflow/dags/readWeather_dag.py took 0.411 seconds
[2024-05-08T14:19:41.474+0000] {processor.py:161} INFO - Started process (PID=3786) to work on /opt/airflow/dags/readWeather_dag.py
[2024-05-08T14:19:41.476+0000] {processor.py:830} INFO - Processing file /opt/airflow/dags/readWeather_dag.py for tasks to queue
[2024-05-08T14:19:41.478+0000] {logging_mixin.py:188} INFO - [2024-05-08T14:19:41.478+0000] {dagbag.py:545} INFO - Filling up the DagBag from /opt/airflow/dags/readWeather_dag.py
[2024-05-08T14:19:41.752+0000] {processor.py:840} INFO - DAG(s) 'weather_dag' retrieved from /opt/airflow/dags/readWeather_dag.py
[2024-05-08T14:19:41.777+0000] {logging_mixin.py:188} INFO - [2024-05-08T14:19:41.776+0000] {dag.py:3096} INFO - Sync 1 DAGs
[2024-05-08T14:19:41.799+0000] {logging_mixin.py:188} INFO - [2024-05-08T14:19:41.799+0000] {dag.py:3954} INFO - Setting next_dagrun for weather_dag to 2024-05-08 00:00:00+00:00, run_after=2024-05-09 00:00:00+00:00
[2024-05-08T14:19:41.819+0000] {processor.py:183} INFO - Processing /opt/airflow/dags/readWeather_dag.py took 0.351 seconds
[2024-05-08T14:20:12.698+0000] {processor.py:161} INFO - Started process (PID=3846) to work on /opt/airflow/dags/readWeather_dag.py
[2024-05-08T14:20:12.700+0000] {processor.py:830} INFO - Processing file /opt/airflow/dags/readWeather_dag.py for tasks to queue
[2024-05-08T14:20:12.705+0000] {logging_mixin.py:188} INFO - [2024-05-08T14:20:12.704+0000] {dagbag.py:545} INFO - Filling up the DagBag from /opt/airflow/dags/readWeather_dag.py
[2024-05-08T14:20:13.075+0000] {processor.py:840} INFO - DAG(s) 'weather_dag' retrieved from /opt/airflow/dags/readWeather_dag.py
[2024-05-08T14:20:13.097+0000] {logging_mixin.py:188} INFO - [2024-05-08T14:20:13.096+0000] {dag.py:3096} INFO - Sync 1 DAGs
[2024-05-08T14:20:13.281+0000] {logging_mixin.py:188} INFO - [2024-05-08T14:20:13.281+0000] {dag.py:3954} INFO - Setting next_dagrun for weather_dag to 2024-05-08 00:00:00+00:00, run_after=2024-05-09 00:00:00+00:00
[2024-05-08T14:20:13.307+0000] {processor.py:183} INFO - Processing /opt/airflow/dags/readWeather_dag.py took 0.623 seconds
[2024-05-08T14:20:43.666+0000] {processor.py:161} INFO - Started process (PID=3905) to work on /opt/airflow/dags/readWeather_dag.py
[2024-05-08T14:20:43.668+0000] {processor.py:830} INFO - Processing file /opt/airflow/dags/readWeather_dag.py for tasks to queue
[2024-05-08T14:20:43.671+0000] {logging_mixin.py:188} INFO - [2024-05-08T14:20:43.670+0000] {dagbag.py:545} INFO - Filling up the DagBag from /opt/airflow/dags/readWeather_dag.py
[2024-05-08T14:20:44.015+0000] {processor.py:840} INFO - DAG(s) 'weather_dag' retrieved from /opt/airflow/dags/readWeather_dag.py
[2024-05-08T14:20:44.040+0000] {logging_mixin.py:188} INFO - [2024-05-08T14:20:44.039+0000] {dag.py:3096} INFO - Sync 1 DAGs
[2024-05-08T14:20:44.065+0000] {logging_mixin.py:188} INFO - [2024-05-08T14:20:44.065+0000] {dag.py:3954} INFO - Setting next_dagrun for weather_dag to 2024-05-08 00:00:00+00:00, run_after=2024-05-09 00:00:00+00:00
[2024-05-08T14:20:44.224+0000] {processor.py:183} INFO - Processing /opt/airflow/dags/readWeather_dag.py took 0.568 seconds
[2024-05-08T14:21:14.311+0000] {processor.py:161} INFO - Started process (PID=3965) to work on /opt/airflow/dags/readWeather_dag.py
[2024-05-08T14:21:14.313+0000] {processor.py:830} INFO - Processing file /opt/airflow/dags/readWeather_dag.py for tasks to queue
[2024-05-08T14:21:14.315+0000] {logging_mixin.py:188} INFO - [2024-05-08T14:21:14.315+0000] {dagbag.py:545} INFO - Filling up the DagBag from /opt/airflow/dags/readWeather_dag.py
[2024-05-08T14:21:14.643+0000] {processor.py:840} INFO - DAG(s) 'weather_dag' retrieved from /opt/airflow/dags/readWeather_dag.py
[2024-05-08T14:21:14.665+0000] {logging_mixin.py:188} INFO - [2024-05-08T14:21:14.664+0000] {dag.py:3096} INFO - Sync 1 DAGs
[2024-05-08T14:21:14.690+0000] {logging_mixin.py:188} INFO - [2024-05-08T14:21:14.689+0000] {dag.py:3954} INFO - Setting next_dagrun for weather_dag to 2024-05-08 00:00:00+00:00, run_after=2024-05-09 00:00:00+00:00
[2024-05-08T14:21:14.712+0000] {processor.py:183} INFO - Processing /opt/airflow/dags/readWeather_dag.py took 0.407 seconds
[2024-05-08T14:21:45.077+0000] {processor.py:161} INFO - Started process (PID=4025) to work on /opt/airflow/dags/readWeather_dag.py
[2024-05-08T14:21:45.079+0000] {processor.py:830} INFO - Processing file /opt/airflow/dags/readWeather_dag.py for tasks to queue
[2024-05-08T14:21:45.083+0000] {logging_mixin.py:188} INFO - [2024-05-08T14:21:45.082+0000] {dagbag.py:545} INFO - Filling up the DagBag from /opt/airflow/dags/readWeather_dag.py
[2024-05-08T14:21:45.649+0000] {processor.py:840} INFO - DAG(s) 'weather_dag' retrieved from /opt/airflow/dags/readWeather_dag.py
[2024-05-08T14:21:45.674+0000] {logging_mixin.py:188} INFO - [2024-05-08T14:21:45.673+0000] {dag.py:3096} INFO - Sync 1 DAGs
[2024-05-08T14:21:45.702+0000] {logging_mixin.py:188} INFO - [2024-05-08T14:21:45.702+0000] {dag.py:3954} INFO - Setting next_dagrun for weather_dag to 2024-05-08 00:00:00+00:00, run_after=2024-05-09 00:00:00+00:00
[2024-05-08T14:21:45.744+0000] {processor.py:183} INFO - Processing /opt/airflow/dags/readWeather_dag.py took 0.677 seconds
[2024-05-08T14:22:16.546+0000] {processor.py:161} INFO - Started process (PID=4088) to work on /opt/airflow/dags/readWeather_dag.py
[2024-05-08T14:22:16.548+0000] {processor.py:830} INFO - Processing file /opt/airflow/dags/readWeather_dag.py for tasks to queue
[2024-05-08T14:22:16.550+0000] {logging_mixin.py:188} INFO - [2024-05-08T14:22:16.550+0000] {dagbag.py:545} INFO - Filling up the DagBag from /opt/airflow/dags/readWeather_dag.py
[2024-05-08T14:22:16.986+0000] {processor.py:840} INFO - DAG(s) 'weather_dag' retrieved from /opt/airflow/dags/readWeather_dag.py
[2024-05-08T14:22:17.184+0000] {logging_mixin.py:188} INFO - [2024-05-08T14:22:17.016+0000] {dag.py:3096} INFO - Sync 1 DAGs
[2024-05-08T14:22:17.210+0000] {logging_mixin.py:188} INFO - [2024-05-08T14:22:17.210+0000] {dag.py:3954} INFO - Setting next_dagrun for weather_dag to 2024-05-08 00:00:00+00:00, run_after=2024-05-09 00:00:00+00:00
[2024-05-08T14:22:17.236+0000] {processor.py:183} INFO - Processing /opt/airflow/dags/readWeather_dag.py took 0.689 seconds
[2024-05-08T14:22:47.293+0000] {processor.py:161} INFO - Started process (PID=4151) to work on /opt/airflow/dags/readWeather_dag.py
[2024-05-08T14:22:47.295+0000] {processor.py:830} INFO - Processing file /opt/airflow/dags/readWeather_dag.py for tasks to queue
[2024-05-08T14:22:47.297+0000] {logging_mixin.py:188} INFO - [2024-05-08T14:22:47.297+0000] {dagbag.py:545} INFO - Filling up the DagBag from /opt/airflow/dags/readWeather_dag.py
[2024-05-08T14:22:47.719+0000] {processor.py:840} INFO - DAG(s) 'weather_dag' retrieved from /opt/airflow/dags/readWeather_dag.py
[2024-05-08T14:22:47.751+0000] {logging_mixin.py:188} INFO - [2024-05-08T14:22:47.749+0000] {dag.py:3096} INFO - Sync 1 DAGs
[2024-05-08T14:22:47.939+0000] {logging_mixin.py:188} INFO - [2024-05-08T14:22:47.939+0000] {dag.py:3954} INFO - Setting next_dagrun for weather_dag to 2024-05-08 00:00:00+00:00, run_after=2024-05-09 00:00:00+00:00
[2024-05-08T14:22:47.963+0000] {processor.py:183} INFO - Processing /opt/airflow/dags/readWeather_dag.py took 0.678 seconds
[2024-05-08T14:23:18.625+0000] {processor.py:161} INFO - Started process (PID=4213) to work on /opt/airflow/dags/readWeather_dag.py
[2024-05-08T14:23:18.627+0000] {processor.py:830} INFO - Processing file /opt/airflow/dags/readWeather_dag.py for tasks to queue
[2024-05-08T14:23:18.629+0000] {logging_mixin.py:188} INFO - [2024-05-08T14:23:18.629+0000] {dagbag.py:545} INFO - Filling up the DagBag from /opt/airflow/dags/readWeather_dag.py
[2024-05-08T14:23:19.115+0000] {processor.py:840} INFO - DAG(s) 'weather_dag' retrieved from /opt/airflow/dags/readWeather_dag.py
[2024-05-08T14:23:19.133+0000] {logging_mixin.py:188} INFO - [2024-05-08T14:23:19.133+0000] {dag.py:3096} INFO - Sync 1 DAGs
[2024-05-08T14:23:19.155+0000] {logging_mixin.py:188} INFO - [2024-05-08T14:23:19.155+0000] {dag.py:3954} INFO - Setting next_dagrun for weather_dag to 2024-05-08 00:00:00+00:00, run_after=2024-05-09 00:00:00+00:00
[2024-05-08T14:23:19.177+0000] {processor.py:183} INFO - Processing /opt/airflow/dags/readWeather_dag.py took 0.560 seconds
